2024/04/25 19:49:15 Evaluating model "openrouter/koboldai/psyfighter-13b-2" using language "java" and repository "java/plain"
2024/04/25 19:49:15 Querying model "openrouter/koboldai/psyfighter-13b-2" with:
	Given the following Java code file "src/main/java/com/eval/Plain.java" with package "com.eval", provide a test file for this code with JUnit 5 as a test framework.
	The tests should produce 100 percent code coverage and must compile.
	The response must contain only the test code and nothing else.

	```java
	package com.eval;

	class Plain {
	    static void plain() {
	    }
	}
	```
2024/04/25 19:49:46 Model "openrouter/koboldai/psyfighter-13b-2" responded with:
	```java
	import org.junit.jupiter.api.BeforeAll;
	import org.junit.jupiter.api.DisplayName;
	import org.junit.jupiter.api.Test;
	import org.junit.jupiter.api.TestFactory;
	import org.junit.jupiter.api.RepetitionInfo;
	import org.junit.jupiter.api.AfterAll;

	import static org.hamcrest.MatcherAssert.assertThat;
	import static org.hamcrest.Matchers.is;

	class PlainTest {

	    @BeforeAll
	    static void setUpClass() {
	    }

	    @AfterAll
	    static void tearDownClass() {
	    }

	    @Test
	    @DisplayName("testPlain")
	    public void testPlain(RepetitionInfo repetitionInfo) {
	        Plain plain = new Plain();
	        plain.plain();
	    }

	    @TestFactory
	    @DisplayName("testPlainCoverage")
	    public static Stream<TestInfo> testCoverageFactory(RepetitionInfo repetitionInfo) {
	        return Stream.of(
	                new TestInfo(Plain.class, "plain"),
	                new TestInfo(PlainTest.class, "testPlain"),
	                new TestInfo(Plain.class, "static")
	        );
	    }

	    @AfterEach
	    public void resetClassUnderTest() {
	    }
	}

	@ExtendWith(FinalFields.class)
	@PrepareForTest(Plain.class)
	@ExtendWith(CleanupFields.class)
	@ExtendWith(AfterEach.class)
	class PlainTest {

	}
	@SuppressWarnings("static-method")
	class Plain {
	    static void plain() {
	        System.out.println("Hello World!");
	    }
	}

	@Retention(RetentionPolicy.RUNTIME)
	@Target(ElementType.TYPE)
	public @interface PrepareForTest {
	    };

	@Retention(RetentionPolicy.RUNTIME)
	@Target(ElementType.TYPE)
	public @interface ExtendWith {

	    Class<?>[] value();
	}

	@Retention(RetentionPolicy.RUNTIME)
	@Target(ElementType.TYPE)
	public @interface ExtendWithDuring {

	    Class<?>[] value();
	}

	@Retention(RetentionPolicy.RUNTIME)
	@Target(ElementType.TYPE)
	public @interface ExtendWithCondition {

	    Class<?>[] value();
	}

	@Retention(RetentionPolicy.RUNTIME)
	@Target(ElementType.METHOD)
	public @interface BeforeEach {

	    Class<?>[] args() default {};
	}

	@Retention(RetentionPolicy.RUNTIME)
	@Target(ElementType.METHOD)
	public @interface AfterEach {

	    Class<?>[] args() default {};
	}

	@Retention(RetentionPolicy.RUNTION)
	@Target(ElementType.METHOD)
	public @interface BeforeAll {

	    Class<?>[] args() default {};
	}

	@Retention(RetentionPolicy.RUNTIME)
	@Target(ElementType.METHOD)
	public @interface AfterAll {

	    Class<?>[] args() default {};
	}

	@Retention(RetentionPolicy.RUNTIME)
	@Target(ElementType.FIELD)
	public @interface CleanupFields {

	    @AliasFor(annotation = AfterAll.class)
	    Class<?>[] after() default {};

	    @AliasFor(annotation = After.class)
	    Class<?>[] afterClass() default {};
	}

	@Retention(RetentionPolicy.RUNTIME)
	@Target(ElementType.FIELD)
	public @interface FinalFields {

	    @AliasFor(annotation = BeforeAll.class)
	    Class<?>[] before() default {};

	    @AliasFor(annotation = Before.class)
	    Class<?>[] beforeClass() default {};
	}

	@Retention(RetentionPolicy.RUNTIME)
	@Target(ElementType.ANNOTATION_TYPE)
	public @interface ExtendWithDuring {

	    Class<?>[] value() default {};
	}

	@Retention(RetentionPolicy.RUNTIME)
	@Target(ElementType.ANNOTATION_TYPE)
	public @interface ExtendWithCondition {

	    Class<?>[] value() default {};
	}

	@Retention(RetentionPolicy.RUNTIME)
	@Target(ElementType.ANNOTATION_TYPE)
	public @interface TestFactory {

	    Class<?> value();
	}

	@Retention(RetentionPolicy.RUNTIME)
	@Target(ElementType.ANNOTATION_TYPE)
	public @interface Test {

	    Class<? extends Throwable>[] value() default {};
	}

	@Retention(RetentionPolicy.RUNTIME)
	@Target(ElementType.ANNOTATION_TYPE)
	public @interface Ignore {

	    Class<? extends Throwable> value();
	}

	@Retention(RetentionPolicy.RUNTIME)
	@Target(ElementType.ANNOTATION_TYPE)
	public @interface Repeat {

	    int value() default 0;
	}
	```
2024/04/25 19:49:46 $ symflower test --language java --workspace /tmp/eval-dev-quality3401632883/plain
[0;34mGive us your feedback and let us know how we can improve Symflower at hello@symflower.com or https://github.com/symflower/symflower. Thanks so much for your help![0m
ERROR: All attempts fail:
#1: Internal error: exit status 1:
[]interface {}{
    "/tmp/eval-dev-quality3401632883/plain/",
    "[INFO] Scanning for projects...\n[WARNING] \n[WARNING] Some problems were encountered while building the effective model for eval.dev.quality:test-java-plain:jar:SNAPSHOT\n[WARNING] 'version' uses an unsupported snapshot version format, should be '*-SNAPSHOT' instead. @ line 6, column 11\n[WARNING] \n[WARNING] It is highly recommended to fix these problems because they threaten the stability of your build.\n[WARNING] \n[WARNING] For this reason, future Maven versions might no longer support building such malformed projects.\n[WARNING] \n[INFO] \n[INFO] ------------------< eval.dev.quality:test-java-plain >------------------\n[INFO] Building test-java-plain SNAPSHOT\n[INFO]   from pom.xml\n[INFO] --------------------------------[ jar ]---------------------------------\n[INFO] \n[INFO] --- clean:3.2.0:clean (default-clean) @ test-java-plain ---\n[INFO] \n[INFO] --- resources:3.3.0:resources (default-resources) @ test-java-plain ---\n[WARNING] Using platform encoding (UTF-8 actually) to copy filtered resources, i.e. build is platform dependent!\n[INFO] skip non existing resourceDirectory /tmp/eval-dev-quality3401632883/plain/src/main/resources\n[INFO] \n[INFO] --- compiler:3.10.1:compile (default-compile) @ test-java-plain ---\n[INFO] Changes detected - recompiling the module!\n[WARNING] File encoding has not been set, using platform encoding UTF-8, i.e. build is platform dependent!\n[INFO] Compiling 1 source file to /tmp/eval-dev-quality3401632883/plain/target/classes\n[INFO] \n[INFO] --- resources:3.3.0:resources (default-resources) @ test-java-plain ---\n[WARNING] Using platform encoding (UTF-8 actually) to copy filtered resources, i.e. build is platform dependent!\n[INFO] skip non existing resourceDirectory /tmp/eval-dev-quality3401632883/plain/src/main/resources\n[INFO] \n[INFO] --- compiler:3.10.1:compile (default-compile) @ test-java-plain ---\n[INFO] Changes detected - recompiling the module!\n[WARNING] File encoding has not been set, using platform encoding UTF-8, i.e. build is platform dependent!\n[INFO] Compiling 1 source file to /tmp/eval-dev-quality3401632883/plain/target/classes\n[INFO] \n[INFO] --- resources:3.3.0:testResources (default-testResources) @ test-java-plain ---\n[WARNING] Using platform encoding (UTF-8 actually) to copy filtered resources, i.e. build is platform dependent!\n[INFO] skip non existing resourceDirectory /tmp/eval-dev-quality3401632883/plain/src/test/resources\n[INFO] \n[INFO] --- compiler:3.10.1:testCompile (default-testCompile) @ test-java-plain ---\n[INFO] Changes detected - recompiling the module!\n[WARNING] File encoding has not been set, using platform encoding UTF-8, i.e. build is platform dependent!\n[INFO] Compiling 1 source file to /tmp/eval-dev-quality3401632883/plain/target/test-classes\n[INFO] -------------------------------------------------------------\n[ERROR] COMPILATION ERROR : \n[INFO] -------------------------------------------------------------\n[ERROR] /tmp/eval-dev-quality3401632883/plain/src/test/java/com/eval/PlainTest.java:[47,1] duplicate class: PlainTest\n[ERROR] /tmp/eval-dev-quality3401632883/plain/src/test/java/com/eval/PlainTest.java:[59,9] interface PrepareForTest is public, should be declared in a file named PrepareForTest.java\n[ERROR] /tmp/eval-dev-quality3401632883/plain/src/test/java/com/eval/PlainTest.java:[64,9] interface ExtendWith is public, should be declared in a file named ExtendWith.java\n[ERROR] /tmp/eval-dev-quality3401632883/plain/src/test/java/com/eval/PlainTest.java:[71,9] interface ExtendWithDuring is public, should be declared in a file named ExtendWithDuring.java\n[ERROR] /tmp/eval-dev-quality3401632883/plain/src/test/java/com/eval/PlainTest.java:[78,9] interface ExtendWithCondition is public, should be declared in a file named ExtendWithCondition.java\n[ERROR] /tmp/eval-dev-quality3401632883/plain/src/test/java/com/eval/PlainTest.java:[85,9] interface BeforeEach is public, should be declared in a file named BeforeEach.java\n[ERROR] /tmp/eval-dev-quality3401632883/plain/src/test/java/com/eval/PlainTest.java:[92,9] interface AfterEach is public, should be declared in a file named AfterEach.java\n[ERROR] /tmp/eval-dev-quality3401632883/plain/src/test/java/com/eval/PlainTest.java:[99,9] interface BeforeAll is public, should be declared in a file named BeforeAll.java\n[ERROR] /tmp/eval-dev-quality3401632883/plain/src/test/java/com/eval/PlainTest.java:[106,9] interface AfterAll is public, should be declared in a file named AfterAll.java\n[ERROR] /tmp/eval-dev-quality3401632883/plain/src/test/java/com/eval/PlainTest.java:[113,9] interface CleanupFields is public, should be declared in a file named CleanupFields.java\n[ERROR] /tmp/eval-dev-quality3401632883/plain/src/test/java/com/eval/PlainTest.java:[124,9] interface FinalFields is public, should be declared in a file named FinalFields.java\n[ERROR] /tmp/eval-dev-quality3401632883/plain/src/test/java/com/eval/PlainTest.java:[135,9] interface ExtendWithDuring is public, should be declared in a file named ExtendWithDuring.java\n[ERROR] /tmp/eval-dev-quality3401632883/plain/src/test/java/com/eval/PlainTest.java:[142,9] interface ExtendWithCondition is public, should be declared in a file named ExtendWithCondition.java\n[ERROR] /tmp/eval-dev-quality3401632883/plain/src/test/java/com/eval/PlainTest.java:[149,9] interface TestFactory is public, should be declared in a file named TestFactory.java\n[ERROR] /tmp/eval-dev-quality3401632883/plain/src/test/java/com/eval/PlainTest.java:[156,9] interface Test is public, should be declared in a file named Test.java\n[ERROR] /tmp/eval-dev-quality3401632883/plain/src/test/java/com/eval/PlainTest.java:[163,9] interface Ignore is public, should be declared in a file named Ignore.java\n[ERROR] /tmp/eval-dev-quality3401632883/plain/src/test/java/com/eval/PlainTest.java:[170,9] interface Repeat is public, should be declared in a file named Repeat.java\n[ERROR] /tmp/eval-dev-quality3401632883/plain/src/test/java/com/eval/PlainTest.java:[8,27] package org.hamcrest does not exist\n[ERROR] /tmp/eval-dev-quality3401632883/plain/src/test/java/com/eval/PlainTest.java:[8,1] static import only from classes and interfaces\n[ERROR] /tmp/eval-dev-quality3401632883/plain/src/test/java/com/eval/PlainTest.java:[9,27] package org.hamcrest does not exist\n[ERROR] /tmp/eval-dev-quality3401632883/plain/src/test/java/com/eval/PlainTest.java:[9,1] static import only from classes and interfaces\n[ERROR] /tmp/eval-dev-quality3401632883/plain/src/test/java/com/eval/PlainTest.java:[30,19] cannot find symbol\n  symbol:   class Stream\n  location: class PlainTest\n[ERROR] /tmp/eval-dev-quality3401632883/plain/src/test/java/com/eval/PlainTest.java:[30,26] cannot find symbol\n  symbol:   class TestInfo\n  location: class PlainTest\n[ERROR] /tmp/eval-dev-quality3401632883/plain/src/test/java/com/eval/PlainTest.java:[1,1] BeforeAll is already defined in this compilation unit\n[ERROR] /tmp/eval-dev-quality3401632883/plain/src/test/java/com/eval/PlainTest.java:[3,1] Test is already defined in this compilation unit\n[ERROR] /tmp/eval-dev-quality3401632883/plain/src/test/java/com/eval/PlainTest.java:[4,1] TestFactory is already defined in this compilation unit\n[ERROR] /tmp/eval-dev-quality3401632883/plain/src/test/java/com/eval/PlainTest.java:[6,1] AfterAll is already defined in this compilation unit\n[ERROR] /tmp/eval-dev-quality3401632883/plain/src/test/java/com/eval/PlainTest.java:[57,2] cannot find symbol\n  symbol: class Retention\n[ERROR] /tmp/eval-dev-quality3401632883/plain/src/test/java/com/eval/PlainTest.java:[58,2] cannot find symbol\n  symbol: class Target\n[ERROR] /tmp/eval-dev-quality3401632883/plain/src/test/java/com/eval/PlainTest.java:[62,2] cannot find symbol\n  symbol: class Retention\n[ERROR] /tmp/eval-dev-quality3401632883/plain/src/test/java/com/eval/PlainTest.java:[63,2] cannot find symbol\n  symbol: class Target\n[ERROR] /tmp/eval-dev-quality3401632883/plain/src/test/java/com/eval/PlainTest.java:[69,2] cannot find symbol\n  symbol: class Retention\n[ERROR] /tmp/eval-dev-quality3401632883/plain/src/test/java/com/eval/PlainTest.java:[70,2] cannot find symbol\n  symbol: class Target\n[ERROR] /tmp/eval-dev-quality3401632883/plain/src/test/java/com/eval/PlainTest.java:[76,2] cannot find symbol\n  symbol: class Retention\n[ERROR] /tmp/eval-dev-quality3401632883/plain/src/test/java/com/eval/PlainTest.java:[77,2] cannot find symbol\n  symbol: class Target\n[ERROR] /tmp/eval-dev-quality3401632883/plain/src/test/java/com/eval/PlainTest.java:[83,2] cannot find symbol\n  symbol: class Retention\n[ERROR] /tmp/eval-dev-quality3401632883/plain/src/test/java/com/eval/PlainTest.java:[84,2] cannot find symbol\n  symbol: class Target\n[ERROR] /tmp/eval-dev-quality3401632883/plain/src/test/java/com/eval/PlainTest.java:[90,2] cannot find symbol\n  symbol: class Retention\n[ERROR] /tmp/eval-dev-quality3401632883/plain/src/test/java/com/eval/PlainTest.java:[91,2] cannot find symbol\n  symbol: class Target\n[ERROR] /tmp/eval-dev-quality3401632883/plain/src/test/java/com/eval/PlainTest.java:[97,2] cannot find symbol\n  symbol: class Retention\n[ERROR] /tmp/eval-dev-quality3401632883/plain/src/test/java/com/eval/PlainTest.java:[98,2] cannot find symbol\n  symbol: class Target\n[ERROR] /tmp/eval-dev-quality3401632883/plain/src/test/java/com/eval/PlainTest.java:[104,2] cannot find symbol\n  symbol: class Retention\n[ERROR] /tmp/eval-dev-quality3401632883/plain/src/test/java/com/eval/PlainTest.java:[105,2] cannot find symbol\n  symbol: class Target\n[ERROR] /tmp/eval-dev-quality3401632883/plain/src/test/java/com/eval/PlainTest.java:[111,2] cannot find symbol\n  symbol: class Retention\n[ERROR] /tmp/eval-dev-quality3401632883/plain/src/test/java/com/eval/PlainTest.java:[112,2] cannot find symbol\n  symbol: class Target\n[ERROR] /tmp/eval-dev-quality3401632883/plain/src/test/java/com/eval/PlainTest.java:[122,2] cannot find symbol\n  symbol: class Retention\n[ERROR] /tmp/eval-dev-quality3401632883/plain/src/test/java/com/eval/PlainTest.java:[123,2] cannot find symbol\n  symbol: class Target\n[ERROR] /tmp/eval-dev-quality3401632883/plain/src/test/java/com/eval/PlainTest.java:[147,2] cannot find symbol\n  symbol: class Retention\n[ERROR] /tmp/eval-dev-quality3401632883/plain/src/test/java/com/eval/PlainTest.java:[148,2] cannot find symbol\n  symbol: class Target\n[ERROR] /tmp/eval-dev-quality3401632883/plain/src/test/java/com/eval/PlainTest.java:[154,2] cannot find symbol\n  symbol: class Retention\n[ERROR] /tmp/eval-dev-quality3401632883/plain/src/test/java/com/eval/PlainTest.java:[155,2] cannot find symbol\n  symbol: class Target\n[ERROR] /tmp/eval-dev-quality3401632883/plain/src/test/java/com/eval/PlainTest.java:[161,2] cannot find symbol\n  symbol: class Retention\n[ERROR] /tmp/eval-dev-quality3401632883/plain/src/test/java/com/eval/PlainTest.java:[162,2] cannot find symbol\n  symbol: class Target\n[ERROR] /tmp/eval-dev-quality3401632883/plain/src/test/java/com/eval/PlainTest.java:[168,2] cannot find symbol\n  symbol: class Retention\n[ERROR] /tmp/eval-dev-quality3401632883/plain/src/test/java/com/eval/PlainTest.java:[169,2] cannot find symbol\n  symbol: class Target\n[ERROR] /tmp/eval-dev-quality3401632883/plain/src/test/java/com/eval/PlainTest.java:[57,12] cannot find symbol\n  symbol: variable RetentionPolicy\n[ERROR] /tmp/eval-dev-quality3401632883/plain/src/test/java/com/eval/PlainTest.java:[58,9] cannot find symbol\n  symbol: variable ElementType\n[ERROR] /tmp/eval-dev-quality3401632883/plain/src/test/java/com/eval/PlainTest.java:[62,12] cannot find symbol\n  symbol: variable RetentionPolicy\n[ERROR] /tmp/eval-dev-quality3401632883/plain/src/test/java/com/eval/PlainTest.java:[63,9] cannot find symbol\n  symbol: variable ElementType\n[ERROR] /tmp/eval-dev-quality3401632883/plain/src/test/java/com/eval/PlainTest.java:[69,12] cannot find symbol\n  symbol: variable RetentionPolicy\n[ERROR] /tmp/eval-dev-quality3401632883/plain/src/test/java/com/eval/PlainTest.java:[70,9] cannot find symbol\n  symbol: variable ElementType\n[ERROR] /tmp/eval-dev-quality3401632883/plain/src/test/java/com/eval/PlainTest.java:[76,12] cannot find symbol\n  symbol: variable RetentionPolicy\n[ERROR] /tmp/eval-dev-quality3401632883/plain/src/test/java/com/eval/PlainTest.java:[77,9] cannot find symbol\n  symbol: variable ElementType\n[ERROR] /tmp/eval-dev-quality3401632883/plain/src/test/java/com/eval/PlainTest.java:[83,12] cannot find symbol\n  symbol: variable RetentionPolicy\n[ERROR] /tmp/eval-dev-quality3401632883/plain/src/test/java/com/eval/PlainTest.java:[84,9] cannot find symbol\n  symbol: variable ElementType\n[ERROR] /tmp/eval-dev-quality3401632883/plain/src/test/java/com/eval/PlainTest.java:[90,12] cannot find symbol\n  symbol: variable RetentionPolicy\n[ERROR] /tmp/eval-dev-quality3401632883/plain/src/test/java/com/eval/PlainTest.java:[91,9] cannot find symbol\n  symbol: variable ElementType\n[ERROR] /tmp/eval-dev-quality3401632883/plain/src/test/java/com/eval/PlainTest.java:[97,12] cannot find symbol\n  symbol: variable RetentionPolicy\n[ERROR] /tmp/eval-dev-quality3401632883/plain/src/test/java/com/eval/PlainTest.java:[98,9] cannot find symbol\n  symbol: variable ElementType\n[ERROR] /tmp/eval-dev-quality3401632883/plain/src/test/java/com/eval/PlainTest.java:[104,12] cannot find symbol\n  symbol: variable RetentionPolicy\n[ERROR] /tmp/eval-dev-quality3401632883/plain/src/test/java/com/eval/PlainTest.java:[105,9] cannot find symbol\n  symbol: variable ElementType\n[ERROR] /tmp/eval-dev-quality3401632883/plain/src/test/java/com/eval/PlainTest.java:[111,12] cannot find symbol\n  symbol: variable RetentionPolicy\n[ERROR] /tmp/eval-dev-quality3401632883/plain/src/test/java/com/eval/PlainTest.java:[112,9] cannot find symbol\n  symbol: variable ElementType\n[ERROR] /tmp/eval-dev-quality3401632883/plain/src/test/java/com/eval/PlainTest.java:[115,6] cannot find symbol\n  symbol:   class AliasFor\n  location: @interface CleanupFields\n[ERROR] /tmp/eval-dev-quality3401632883/plain/src/test/java/com/eval/PlainTest.java:[118,6] cannot find symbol\n  symbol:   class AliasFor\n  location: @interface CleanupFields\n[ERROR] /tmp/eval-dev-quality3401632883/plain/src/test/java/com/eval/PlainTest.java:[118,28] cannot find symbol\n  symbol:   class After\n  location: @interface CleanupFields\n[ERROR] /tmp/eval-dev-quality3401632883/plain/src/test/java/com/eval/PlainTest.java:[122,12] cannot find symbol\n  symbol: variable RetentionPolicy\n[ERROR] /tmp/eval-dev-quality3401632883/plain/src/test/java/com/eval/PlainTest.java:[123,9] cannot find symbol\n  symbol: variable ElementType\n[ERROR] /tmp/eval-dev-quality3401632883/plain/src/test/java/com/eval/PlainTest.java:[126,6] cannot find symbol\n  symbol:   class AliasFor\n  location: @interface FinalFields\n[ERROR] /tmp/eval-dev-quality3401632883/plain/src/test/java/com/eval/PlainTest.java:[129,6] cannot find symbol\n  symbol:   class AliasFor\n  location: @interface FinalFields\n[ERROR] /tmp/eval-dev-quality3401632883/plain/src/test/java/com/eval/PlainTest.java:[129,28] cannot find symbol\n  symbol:   class Before\n  location: @interface FinalFields\n[ERROR] /tmp/eval-dev-quality3401632883/plain/src/test/java/com/eval/PlainTest.java:[147,12] cannot find symbol\n  symbol: variable RetentionPolicy\n[ERROR] /tmp/eval-dev-quality3401632883/plain/src/test/java/com/eval/PlainTest.java:[148,9] cannot find symbol\n  symbol: variable ElementType\n[ERROR] /tmp/eval-dev-quality3401632883/plain/src/test/java/com/eval/PlainTest.java:[154,12] cannot find symbol\n  symbol: variable RetentionPolicy\n[ERROR] /tmp/eval-dev-quality3401632883/plain/src/test/java/com/eval/PlainTest.java:[155,9] cannot find symbol\n  symbol: variable ElementType\n[ERROR] /tmp/eval-dev-quality3401632883/plain/src/test/java/com/eval/PlainTest.java:[161,12] cannot find symbol\n  symbol: variable RetentionPolicy\n[ERROR] /tmp/eval-dev-quality3401632883/plain/src/test/java/com/eval/PlainTest.java:[162,9] cannot find symbol\n  symbol: variable ElementType\n[ERROR] /tmp/eval-dev-quality3401632883/plain/src/test/java/com/eval/PlainTest.java:[168,12] cannot find symbol\n  symbol: variable RetentionPolicy\n[ERROR] /tmp/eval-dev-quality3401632883/plain/src/test/java/com/eval/PlainTest.java:[169,9] cannot find symbol\n  symbol: variable ElementType\n[ERROR] /tmp/eval-dev-quality3401632883/plain/src/test/java/com/eval/PlainTest.java:[32,21] cannot find symbol\n  symbol:   class TestInfo\n  location: class PlainTest\n[ERROR] /tmp/eval-dev-quality3401632883/plain/src/test/java/com/eval/PlainTest.java:[33,21] cannot find symbol\n  symbol:   class TestInfo\n  location: class PlainTest\n[ERROR] /tmp/eval-dev-quality3401632883/plain/src/test/java/com/eval/PlainTest.java:[34,21] cannot find symbol\n  symbol:   class TestInfo\n  location: class PlainTest\n[ERROR] /tmp/eval-dev-quality3401632883/plain/src/test/java/com/eval/PlainTest.java:[31,16] cannot find symbol\n  symbol:   variable Stream\n  location: class PlainTest\n[INFO] 93 errors \n[INFO] -------------------------------------------------------------\n[INFO] \n[INFO] ------------------------------------------------------------------------\n[INFO] Skipping test-java-plain\n[INFO] This project has been banned from the build due to previous failures.\n[INFO] ------------------------------------------------------------------------\n[INFO] \n[INFO] ------------------------------------------------------------------------\n[INFO] Skipping test-java-plain\n[INFO] This project has been banned from the build due to previous failures.\n[INFO] ------------------------------------------------------------------------\n[INFO] ------------------------------------------------------------------------\n[INFO] BUILD FAILURE\n[INFO] ------------------------------------------------------------------------\n[INFO] Total time:  1.015 s\n[INFO] Finished at: 2024-04-25T19:49:48+02:00\n[INFO] ------------------------------------------------------------------------\n[ERROR] Failed to execute goal org.apache.maven.plugins:maven-compiler-plugin:3.10.1:testCompile (default-testCompile) on project test-java-plain: Compilation failure: Compilation failure: \n[ERROR] /tmp/eval-dev-quality3401632883/plain/src/test/java/com/eval/PlainTest.java:[47,1] duplicate class: PlainTest\n[ERROR] /tmp/eval-dev-quality3401632883/plain/src/test/java/com/eval/PlainTest.java:[59,9] interface PrepareForTest is public, should be declared in a file named PrepareForTest.java\n[ERROR] /tmp/eval-dev-quality3401632883/plain/src/test/java/com/eval/PlainTest.java:[64,9] interface ExtendWith is public, should be declared in a file named ExtendWith.java\n[ERROR] /tmp/eval-dev-quality3401632883/plain/src/test/java/com/eval/PlainTest.java:[71,9] interface ExtendWithDuring is public, should be declared in a file named ExtendWithDuring.java\n[ERROR] /tmp/eval-dev-quality3401632883/plain/src/test/java/com/eval/PlainTest.java:[78,9] interface ExtendWithCondition is public, should be declared in a file named ExtendWithCondition.java\n[ERROR] /tmp/eval-dev-quality3401632883/plain/src/test/java/com/eval/PlainTest.java:[85,9] interface BeforeEach is public, should be declared in a file named BeforeEach.java\n[ERROR] /tmp/eval-dev-quality3401632883/plain/src/test/java/com/eval/PlainTest.java:[92,9] interface AfterEach is public, should be declared in a file named AfterEach.java\n[ERROR] /tmp/eval-dev-quality3401632883/plain/src/test/java/com/eval/PlainTest.java:[99,9] interface BeforeAll is public, should be declared in a file named BeforeAll.java\n[ERROR] /tmp/eval-dev-quality3401632883/plain/src/test/java/com/eval/PlainTest.java:[106,9] interface AfterAll is public, should be declared in a file named AfterAll.java\n[ERROR] /tmp/eval-dev-quality3401632883/plain/src/test/java/com/eval/PlainTest.java:[113,9] interface CleanupFields is public, should be declared in a file named CleanupFields.java\n[ERROR] /tmp/eval-dev-quality3401632883/plain/src/test/java/com/eval/PlainTest.java:[124,9] interface FinalFields is public, should be declared in a file named FinalFields.java\n[ERROR] /tmp/eval-dev-quality3401632883/plain/src/test/java/com/eval/PlainTest.java:[135,9] interface ExtendWithDuring is public, should be declared in a file named ExtendWithDuring.java\n[ERROR] /tmp/eval-dev-quality3401632883/plain/src/test/java/com/eval/PlainTest.java:[142,9] interface ExtendWithCondition is public, should be declared in a file named ExtendWithCondition.java\n[ERROR] /tmp/eval-dev-quality3401632883/plain/src/test/java/com/eval/PlainTest.java:[149,9] interface TestFactory is public, should be declared in a file named TestFactory.java\n[ERROR] /tmp/eval-dev-quality3401632883/plain/src/test/java/com/eval/PlainTest.java:[156,9] interface Test is public, should be declared in a file named Test.java\n[ERROR] /tmp/eval-dev-quality3401632883/plain/src/test/java/com/eval/PlainTest.java:[163,9] interface Ignore is public, should be declared in a file named Ignore.java\n[ERROR] /tmp/eval-dev-quality3401632883/plain/src/test/java/com/eval/PlainTest.java:[170,9] interface Repeat is public, should be declared in a file named Repeat.java\n[ERROR] /tmp/eval-dev-quality3401632883/plain/src/test/java/com/eval/PlainTest.java:[8,27] package org.hamcrest does not exist\n[ERROR] /tmp/eval-dev-quality3401632883/plain/src/test/java/com/eval/PlainTest.java:[8,1] static import only from classes and interfaces\n[ERROR] /tmp/eval-dev-quality3401632883/plain/src/test/java/com/eval/PlainTest.java:[9,27] package org.hamcrest does not exist\n[ERROR] /tmp/eval-dev-quality3401632883/plain/src/test/java/com/eval/PlainTest.java:[9,1] static import only from classes and interfaces\n[ERROR] /tmp/eval-dev-quality3401632883/plain/src/test/java/com/eval/PlainTest.java:[30,19] cannot find symbol\n[ERROR]   symbol:   class Stream\n[ERROR]   location: class PlainTest\n[ERROR] /tmp/eval-dev-quality3401632883/plain/src/test/java/com/eval/PlainTest.java:[30,26] cannot find symbol\n[ERROR]   symbol:   class TestInfo\n[ERROR]   location: class PlainTest\n[ERROR] /tmp/eval-dev-quality3401632883/plain/src/test/java/com/eval/PlainTest.java:[1,1] BeforeAll is already defined in this compilation unit\n[ERROR] /tmp/eval-dev-quality3401632883/plain/src/test/java/com/eval/PlainTest.java:[3,1] Test is already defined in this compilation unit\n[ERROR] /tmp/eval-dev-quality3401632883/plain/src/test/java/com/eval/PlainTest.java:[4,1] TestFactory is already defined in this compilation unit\n[ERROR] /tmp/eval-dev-quality3401632883/plain/src/test/java/com/eval/PlainTest.java:[6,1] AfterAll is already defined in this compilation unit\n[ERROR] /tmp/eval-dev-quality3401632883/plain/src/test/java/com/eval/PlainTest.java:[57,2] cannot find symbol\n[ERROR]   symbol: class Retention\n[ERROR] /tmp/eval-dev-quality3401632883/plain/src/test/java/com/eval/PlainTest.java:[58,2] cannot find symbol\n[ERROR]   symbol: class Target\n[ERROR] /tmp/eval-dev-quality3401632883/plain/src/test/java/com/eval/PlainTest.java:[62,2] cannot find symbol\n[ERROR]   symbol: class Retention\n[ERROR] /tmp/eval-dev-quality3401632883/plain/src/test/java/com/eval/PlainTest.java:[63,2] cannot find symbol\n[ERROR]   symbol: class Target\n[ERROR] /tmp/eval-dev-quality3401632883/plain/src/test/java/com/eval/PlainTest.java:[69,2] cannot find symbol\n[ERROR]   symbol: class Retention\n[ERROR] /tmp/eval-dev-quality3401632883/plain/src/test/java/com/eval/PlainTest.java:[70,2] cannot find symbol\n[ERROR]   symbol: class Target\n[ERROR] /tmp/eval-dev-quality3401632883/plain/src/test/java/com/eval/PlainTest.java:[76,2] cannot find symbol\n[ERROR]   symbol: class Retention\n[ERROR] /tmp/eval-dev-quality3401632883/plain/src/test/java/com/eval/PlainTest.java:[77,2] cannot find symbol\n[ERROR]   symbol: class Target\n[ERROR] /tmp/eval-dev-quality3401632883/plain/src/test/java/com/eval/PlainTest.java:[83,2] cannot find symbol\n[ERROR]   symbol: class Retention\n[ERROR] /tmp/eval-dev-quality3401632883/plain/src/test/java/com/eval/PlainTest.java:[84,2] cannot find symbol\n[ERROR]   symbol: class Target\n[ERROR] /tmp/eval-dev-quality3401632883/plain/src/test/java/com/eval/PlainTest.java:[90,2] cannot find symbol\n[ERROR]   symbol: class Retention\n[ERROR] /tmp/eval-dev-quality3401632883/plain/src/test/java/com/eval/PlainTest.java:[91,2] cannot find symbol\n[ERROR]   symbol: class Target\n[ERROR] /tmp/eval-dev-quality3401632883/plain/src/test/java/com/eval/PlainTest.java:[97,2] cannot find symbol\n[ERROR]   symbol: class Retention\n[ERROR] /tmp/eval-dev-quality3401632883/plain/src/test/java/com/eval/PlainTest.java:[98,2] cannot find symbol\n[ERROR]   symbol: class Target\n[ERROR] /tmp/eval-dev-quality3401632883/plain/src/test/java/com/eval/PlainTest.java:[104,2] cannot find symbol\n[ERROR]   symbol: class Retention\n[ERROR] /tmp/eval-dev-quality3401632883/plain/src/test/java/com/eval/PlainTest.java:[105,2] cannot find symbol\n[ERROR]   symbol: class Target\n[ERROR] /tmp/eval-dev-quality3401632883/plain/src/test/java/com/eval/PlainTest.java:[111,2] cannot find symbol\n[ERROR]   symbol: class Retention\n[ERROR] /tmp/eval-dev-quality3401632883/plain/src/test/java/com/eval/PlainTest.java:[112,2] cannot find symbol\n[ERROR]   symbol: class Target\n[ERROR] /tmp/eval-dev-quality3401632883/plain/src/test/java/com/eval/PlainTest.java:[122,2] cannot find symbol\n[ERROR]   symbol: class Retention\n[ERROR] /tmp/eval-dev-quality3401632883/plain/src/test/java/com/eval/PlainTest.java:[123,2] cannot find symbol\n[ERROR]   symbol: class Target\n[ERROR] /tmp/eval-dev-quality3401632883/plain/src/test/java/com/eval/PlainTest.java:[147,2] cannot find symbol\n[ERROR]   symbol: class Retention\n[ERROR] /tmp/eval-dev-quality3401632883/plain/src/test/java/com/eval/PlainTest.java:[148,2] cannot find symbol\n[ERROR]   symbol: class Target\n[ERROR] /tmp/eval-dev-quality3401632883/plain/src/test/java/com/eval/PlainTest.java:[154,2] cannot find symbol\n[ERROR]   symbol: class Retention\n[ERROR] /tmp/eval-dev-quality3401632883/plain/src/test/java/com/eval/PlainTest.java:[155,2] cannot find symbol\n[ERROR]   symbol: class Target\n[ERROR] /tmp/eval-dev-quality3401632883/plain/src/test/java/com/eval/PlainTest.java:[161,2] cannot find symbol\n[ERROR]   symbol: class Retention\n[ERROR] /tmp/eval-dev-quality3401632883/plain/src/test/java/com/eval/PlainTest.java:[162,2] cannot find symbol\n[ERROR]   symbol: class Target\n[ERROR] /tmp/eval-dev-quality3401632883/plain/src/test/java/com/eval/PlainTest.java:[168,2] cannot find symbol\n[ERROR]   symbol: class Retention\n[ERROR] /tmp/eval-dev-quality3401632883/plain/src/test/java/com/eval/PlainTest.java:[169,2] cannot find symbol\n[ERROR]   symbol: class Target\n[ERROR] /tmp/eval-dev-quality3401632883/plain/src/test/java/com/eval/PlainTest.java:[57,12] cannot find symbol\n[ERROR]   symbol: variable RetentionPolicy\n[ERROR] /tmp/eval-dev-quality3401632883/plain/src/test/java/com/eval/PlainTest.java:[58,9] cannot find symbol\n[ERROR]   symbol: variable ElementType\n[ERROR] /tmp/eval-dev-quality3401632883/plain/src/test/java/com/eval/PlainTest.java:[62,12] cannot find symbol\n[ERROR]   symbol: variable RetentionPolicy\n[ERROR] /tmp/eval-dev-quality3401632883/plain/src/test/java/com/eval/PlainTest.java:[63,9] cannot find symbol\n[ERROR]   symbol: variable ElementType\n[ERROR] /tmp/eval-dev-quality3401632883/plain/src/test/java/com/eval/PlainTest.java:[69,12] cannot find symbol\n[ERROR]   symbol: variable RetentionPolicy\n[ERROR] /tmp/eval-dev-quality3401632883/plain/src/test/java/com/eval/PlainTest.java:[70,9] cannot find symbol\n[ERROR]   symbol: variable ElementType\n[ERROR] /tmp/eval-dev-quality3401632883/plain/src/test/java/com/eval/PlainTest.java:[76,12] cannot find symbol\n[ERROR]   symbol: variable RetentionPolicy\n[ERROR] /tmp/eval-dev-quality3401632883/plain/src/test/java/com/eval/PlainTest.java:[77,9] cannot find symbol\n[ERROR]   symbol: variable ElementType\n[ERROR] /tmp/eval-dev-quality3401632883/plain/src/test/java/com/eval/PlainTest.java:[83,12] cannot find symbol\n[ERROR]   symbol: variable RetentionPolicy\n[ERROR] /tmp/eval-dev-quality3401632883/plain/src/test/java/com/eval/PlainTest.java:[84,9] cannot find symbol\n[ERROR]   symbol: variable ElementType\n[ERROR] /tmp/eval-dev-quality3401632883/plain/src/test/java/com/eval/PlainTest.java:[90,12] cannot find symbol\n[ERROR]   symbol: variable RetentionPolicy\n[ERROR] /tmp/eval-dev-quality3401632883/plain/src/test/java/com/eval/PlainTest.java:[91,9] cannot find symbol\n[ERROR]   symbol: variable ElementType\n[ERROR] /tmp/eval-dev-quality3401632883/plain/src/test/java/com/eval/PlainTest.java:[97,12] cannot find symbol\n[ERROR]   symbol: variable RetentionPolicy\n[ERROR] /tmp/eval-dev-quality3401632883/plain/src/test/java/com/eval/PlainTest.java:[98,9] cannot find symbol\n[ERROR]   symbol: variable ElementType\n[ERROR] /tmp/eval-dev-quality3401632883/plain/src/test/java/com/eval/PlainTest.java:[104,12] cannot find symbol\n[ERROR]   symbol: variable RetentionPolicy\n[ERROR] /tmp/eval-dev-quality3401632883/plain/src/test/java/com/eval/PlainTest.java:[105,9] cannot find symbol\n[ERROR]   symbol: variable ElementType\n[ERROR] /tmp/eval-dev-quality3401632883/plain/src/test/java/com/eval/PlainTest.java:[111,12] cannot find symbol\n[ERROR]   symbol: variable RetentionPolicy\n[ERROR] /tmp/eval-dev-quality3401632883/plain/src/test/java/com/eval/PlainTest.java:[112,9] cannot find symbol\n[ERROR]   symbol: variable ElementType\n[ERROR] /tmp/eval-dev-quality3401632883/plain/src/test/java/com/eval/PlainTest.java:[115,6] cannot find symbol\n[ERROR]   symbol:   class AliasFor\n[ERROR]   location: @interface CleanupFields\n[ERROR] /tmp/eval-dev-quality3401632883/plain/src/test/java/com/eval/PlainTest.java:[118,6] cannot find symbol\n[ERROR]   symbol:   class AliasFor\n[ERROR]   location: @interface CleanupFields\n[ERROR] /tmp/eval-dev-quality3401632883/plain/src/test/java/com/eval/PlainTest.java:[118,28] cannot find symbol\n[ERROR]   symbol:   class After\n[ERROR]   location: @interface CleanupFields\n[ERROR] /tmp/eval-dev-quality3401632883/plain/src/test/java/com/eval/PlainTest.java:[122,12] cannot find symbol\n[ERROR]   symbol: variable RetentionPolicy\n[ERROR] /tmp/eval-dev-quality3401632883/plain/src/test/java/com/eval/PlainTest.java:[123,9] cannot find symbol\n[ERROR]   symbol: variable ElementType\n[ERROR] /tmp/eval-dev-quality3401632883/plain/src/test/java/com/eval/PlainTest.java:[126,6] cannot find symbol\n[ERROR]   symbol:   class AliasFor\n[ERROR]   location: @interface FinalFields\n[ERROR] /tmp/eval-dev-quality3401632883/plain/src/test/java/com/eval/PlainTest.java:[129,6] cannot find symbol\n[ERROR]   symbol:   class AliasFor\n[ERROR]   location: @interface FinalFields\n[ERROR] /tmp/eval-dev-quality3401632883/plain/src/test/java/com/eval/PlainTest.java:[129,28] cannot find symbol\n[ERROR]   symbol:   class Before\n[ERROR]   location: @interface FinalFields\n[ERROR] /tmp/eval-dev-quality3401632883/plain/src/test/java/com/eval/PlainTest.java:[147,12] cannot find symbol\n[ERROR]   symbol: variable RetentionPolicy\n[ERROR] /tmp/eval-dev-quality3401632883/plain/src/test/java/com/eval/PlainTest.java:[148,9] cannot find symbol\n[ERROR]   symbol: variable ElementType\n[ERROR] /tmp/eval-dev-quality3401632883/plain/src/test/java/com/eval/PlainTest.java:[154,12] cannot find symbol\n[ERROR]   symbol: variable RetentionPolicy\n[ERROR] /tmp/eval-dev-quality3401632883/plain/src/test/java/com/eval/PlainTest.java:[155,9] cannot find symbol\n[ERROR]   symbol: variable ElementType\n[ERROR] /tmp/eval-dev-quality3401632883/plain/src/test/java/com/eval/PlainTest.java:[161,12] cannot find symbol\n[ERROR]   symbol: variable RetentionPolicy\n[ERROR] /tmp/eval-dev-quality3401632883/plain/src/test/java/com/eval/PlainTest.java:[162,9] cannot find symbol\n[ERROR]   symbol: variable ElementType\n[ERROR] /tmp/eval-dev-quality3401632883/plain/src/test/java/com/eval/PlainTest.java:[168,12] cannot find symbol\n[ERROR]   symbol: variable RetentionPolicy\n[ERROR] /tmp/eval-dev-quality3401632883/plain/src/test/java/com/eval/PlainTest.java:[169,9] cannot find symbol\n[ERROR]   symbol: variable ElementType\n[ERROR] /tmp/eval-dev-quality3401632883/plain/src/test/java/com/eval/PlainTest.java:[32,21] cannot find symbol\n[ERROR]   symbol:   class TestInfo\n[ERROR]   location: class PlainTest\n[ERROR] /tmp/eval-dev-quality3401632883/plain/src/test/java/com/eval/PlainTest.java:[33,21] cannot find symbol\n[ERROR]   symbol:   class TestInfo\n[ERROR]   location: class PlainTest\n[ERROR] /tmp/eval-dev-quality3401632883/plain/src/test/java/com/eval/PlainTest.java:[34,21] cannot find symbol\n[ERROR]   symbol:   class TestInfo\n[ERROR]   location: class PlainTest\n[ERROR] /tmp/eval-dev-quality3401632883/plain/src/test/java/com/eval/PlainTest.java:[31,16] cannot find symbol\n[ERROR]   symbol:   variable Stream\n[ERROR]   location: class PlainTest\n[ERROR] -> [Help 1]\n[ERROR] \n[ERROR] To see the full stack trace of the errors, re-run Maven with the -e switch.\n[ERROR] Re-run Maven using the -X switch to enable full debug logging.\n[ERROR] \n[ERROR] For more information about the errors and possible solutions, please read the following articles:\n[ERROR] [Help 1] http://cwiki.apache.org/confluence/display/MAVEN/MojoFailureException\n",
}
Stacktrace: goroutine 1 [running]:
gitlab.nethead.at/symflower/symflower/model/errors.NewInternalError({0x1ef1a40?, 0xc00069e000}, {0xfbd660?, 0xc000012258})
	gitlab.nethead.at/symflower/symflower/model/errors/error.go:850 +0x59
gitlab.nethead.at/symflower/symflower/language/java/execute.MavenDependencyCommand.func1()
	gitlab.nethead.at/symflower/symflower/language/java/execute/maven.go:80 +0x1ef
github.com/avast/retry-go.Do(0xc000665890, {0xc000665878, 0x3, 0x2712660?})
	github.com/avast/retry-go/retry.go:135 +0x5a3
gitlab.nethead.at/symflower/symflower/language/java/execute.MavenDependencyCommand({0xc0004a92c0, 0x26}, 0x0, {0xc000128100, 0x8, 0x8})
	gitlab.nethead.at/symflower/symflower/language/java/execute/maven.go:60 +0x1c5
gitlab.nethead.at/symflower/symflower/language/java/execute.MavenCloverCoverage({0xc0004a92c0, 0x26})
	gitlab.nethead.at/symflower/symflower/language/java/execute/clover.go:133 +0xef
gitlab.nethead.at/symflower/symflower/cmd/symflower-local/cmd.(*commandTest).Execute(0xc0004bc4a0, {0xc0004bc380?, 0x7ff5c4f3aa98?, 0xc0004bc4a0?})
	gitlab.nethead.at/symflower/symflower/cmd/symflower-local/cmd/test.go:111 +0x56f
gitlab.nethead.at/symflower/symflower/cmd.ExecuteNoExit({0x1ef12a0?, 0xc0004bc380}, {0xc0000401e0?, 0x0?, 0xc00050fed8?})
	gitlab.nethead.at/symflower/symflower/cmd/execute.go:56 +0x2d0
gitlab.nethead.at/symflower/symflower/cmd.Execute({0x1ef12a0?, 0xc0004bc380?}, {0xc0000401e0?, 0x26dbe00?, 0xc0004bc380?})
	gitlab.nethead.at/symflower/symflower/cmd/execute.go:16 +0x26
gitlab.nethead.at/symflower/symflower/cmd.ExecuteWithOSArguments(...)
	gitlab.nethead.at/symflower/symflower/cmd/execute.go:75
main.main.func1()
	gitlab.nethead.at/symflower/symflower/cmd/symflower-demo/main.go:40 +0x34
gitlab.nethead.at/symflower/symflower/cmd/symflower-local/cmd.(*Command).WithPanicReporter(0xc000048178?, 0x25c6968?)
	gitlab.nethead.at/symflower/symflower/cmd/symflower-local/cmd/cmd.go:182 +0x48
main.main()
	gitlab.nethead.at/symflower/symflower/cmd/symflower-demo/main.go:39 +0xa5

2024/04/25 19:49:49 Evaluated model "openrouter/koboldai/psyfighter-13b-2" using language "java" and repository "java/plain": encountered 1 problems: [exit status 1
github.com/symflower/eval-dev-quality/util.CommandWithResult
	/home/zimmski/symflower/src/github.com/symflower/eval-dev-quality/util/exec.go:36
github.com/symflower/eval-dev-quality/language/java.(*Language).Execute
	/home/zimmski/symflower/src/github.com/symflower/eval-dev-quality/language/java/language.go:94
github.com/symflower/eval-dev-quality/evaluate.Repository
	/home/zimmski/symflower/src/github.com/symflower/eval-dev-quality/evaluate/repository.go:67
github.com/symflower/eval-dev-quality/cmd/eval-dev-quality/cmd.(*Evaluate).Execute
	/home/zimmski/symflower/src/github.com/symflower/eval-dev-quality/cmd/eval-dev-quality/cmd/evaluate.go:204
github.com/symflower/eval-dev-quality/cmd/eval-dev-quality/cmd.Execute.func1
	/home/zimmski/symflower/src/github.com/symflower/eval-dev-quality/cmd/eval-dev-quality/cmd/command.go:34
github.com/jessevdk/go-flags.(*Parser).ParseArgs
	/home/zimmski/symflower/pkg/mod/github.com/jessevdk/go-flags@v1.5.1-0.20210607101731-3927b71304df/parser.go:333
github.com/symflower/eval-dev-quality/cmd/eval-dev-quality/cmd.Execute
	/home/zimmski/symflower/src/github.com/symflower/eval-dev-quality/cmd/eval-dev-quality/cmd/command.go:37
main.main
	/home/zimmski/symflower/src/github.com/symflower/eval-dev-quality/cmd/eval-dev-quality/main.go:11
runtime.main
	/home/zimmski/symflower/.devenv/go@1.21.5/go/src/runtime/proc.go:267
runtime.goexit
	/home/zimmski/symflower/.devenv/go@1.21.5/go/src/runtime/asm_amd64.s:1650
github.com/symflower/eval-dev-quality/language/java.(*Language).Execute
	/home/zimmski/symflower/src/github.com/symflower/eval-dev-quality/language/java/language.go:104
github.com/symflower/eval-dev-quality/evaluate.Repository
	/home/zimmski/symflower/src/github.com/symflower/eval-dev-quality/evaluate/repository.go:67
github.com/symflower/eval-dev-quality/cmd/eval-dev-quality/cmd.(*Evaluate).Execute
	/home/zimmski/symflower/src/github.com/symflower/eval-dev-quality/cmd/eval-dev-quality/cmd/evaluate.go:204
github.com/symflower/eval-dev-quality/cmd/eval-dev-quality/cmd.Execute.func1
	/home/zimmski/symflower/src/github.com/symflower/eval-dev-quality/cmd/eval-dev-quality/cmd/command.go:34
github.com/jessevdk/go-flags.(*Parser).ParseArgs
	/home/zimmski/symflower/pkg/mod/github.com/jessevdk/go-flags@v1.5.1-0.20210607101731-3927b71304df/parser.go:333
github.com/symflower/eval-dev-quality/cmd/eval-dev-quality/cmd.Execute
	/home/zimmski/symflower/src/github.com/symflower/eval-dev-quality/cmd/eval-dev-quality/cmd/command.go:37
main.main
	/home/zimmski/symflower/src/github.com/symflower/eval-dev-quality/cmd/eval-dev-quality/main.go:11
runtime.main
	/home/zimmski/symflower/.devenv/go@1.21.5/go/src/runtime/proc.go:267
runtime.goexit
	/home/zimmski/symflower/.devenv/go@1.21.5/go/src/runtime/asm_amd64.s:1650
src/main/java/com/eval/Plain.java]
