2024/04/25 19:48:33 Evaluating model "openrouter/intel/neural-chat-7b" using language "java" and repository "java/plain"
2024/04/25 19:48:33 Querying model "openrouter/intel/neural-chat-7b" with:
	Given the following Java code file "src/main/java/com/eval/Plain.java" with package "com.eval", provide a test file for this code with JUnit 5 as a test framework.
	The tests should produce 100 percent code coverage and must compile.
	The response must contain only the test code and nothing else.

	```java
	package com.eval;

	class Plain {
	    static void plain() {
	    }
	}
	```
2024/04/25 19:49:05 Model "openrouter/intel/neural-chat-7b" responded with:
	 package evaluation;

	import com.eval.Plain;
	import org.junit.jupiter.api.Test;
	import org.junit.platform.commons.AssertionResult;

	import static org.junit.jupiter.api.Assertions.assertEquals;
	import static org.junit.jupiter.api.Assertions.assertTrue;
	import static org.junit.platform.commons.assertion.Bool.converting;

	class EvaluationTest {
	    @Test
	    void testPlainMethodEmptyBody() {
	        Plain.plain();
	    }

	    @Test
	    void testPlainMethodCall() {
	        Plain.plain();
	        assertNotNull(new Plain());
	    }

	    @Test
	    void testPlainMethodHasOnlyBody() {
	        Plain.plain();
	        assertEquals(1, 1);
	        assertEquals(2, 2);
	        assertTrue(corresponds("string", "string", converting));
	    }

	    @Test
	    void testPlainMethodInvocation() {
	        EvaluationTest.testPlainMethodCall();
	    }

	    private Predicate<String> corresponding() {
	        return s -> s.equals("string");
	    }

	    private Predicate<String> corresponds(String key, String value, Predicate<Boolean> converter) {
	        return converter.test(corresponding().apply(key, value));
	    }
	}
2024/04/25 19:49:05 $ symflower test --language java --workspace /tmp/eval-dev-quality3158866957/plain
[0;34mGive us your feedback and let us know how we can improve Symflower at hello@symflower.com or https://github.com/symflower/symflower. Thanks so much for your help![0m
ERROR: All attempts fail:
#1: Internal error: exit status 1:
[]interface {}{
    "/tmp/eval-dev-quality3158866957/plain/",
    "[INFO] Scanning for projects...\n[WARNING] \n[WARNING] Some problems were encountered while building the effective model for eval.dev.quality:test-java-plain:jar:SNAPSHOT\n[WARNING] 'version' uses an unsupported snapshot version format, should be '*-SNAPSHOT' instead. @ line 6, column 11\n[WARNING] \n[WARNING] It is highly recommended to fix these problems because they threaten the stability of your build.\n[WARNING] \n[WARNING] For this reason, future Maven versions might no longer support building such malformed projects.\n[WARNING] \n[INFO] \n[INFO] ------------------< eval.dev.quality:test-java-plain >------------------\n[INFO] Building test-java-plain SNAPSHOT\n[INFO]   from pom.xml\n[INFO] --------------------------------[ jar ]---------------------------------\n[INFO] \n[INFO] --- clean:3.2.0:clean (default-clean) @ test-java-plain ---\n[INFO] \n[INFO] --- resources:3.3.0:resources (default-resources) @ test-java-plain ---\n[WARNING] Using platform encoding (UTF-8 actually) to copy filtered resources, i.e. build is platform dependent!\n[INFO] skip non existing resourceDirectory /tmp/eval-dev-quality3158866957/plain/src/main/resources\n[INFO] \n[INFO] --- compiler:3.10.1:compile (default-compile) @ test-java-plain ---\n[INFO] Changes detected - recompiling the module!\n[WARNING] File encoding has not been set, using platform encoding UTF-8, i.e. build is platform dependent!\n[INFO] Compiling 1 source file to /tmp/eval-dev-quality3158866957/plain/target/classes\n[INFO] \n[INFO] --- resources:3.3.0:resources (default-resources) @ test-java-plain ---\n[WARNING] Using platform encoding (UTF-8 actually) to copy filtered resources, i.e. build is platform dependent!\n[INFO] skip non existing resourceDirectory /tmp/eval-dev-quality3158866957/plain/src/main/resources\n[INFO] \n[INFO] --- compiler:3.10.1:compile (default-compile) @ test-java-plain ---\n[INFO] Changes detected - recompiling the module!\n[WARNING] File encoding has not been set, using platform encoding UTF-8, i.e. build is platform dependent!\n[INFO] Compiling 1 source file to /tmp/eval-dev-quality3158866957/plain/target/classes\n[INFO] \n[INFO] --- resources:3.3.0:testResources (default-testResources) @ test-java-plain ---\n[WARNING] Using platform encoding (UTF-8 actually) to copy filtered resources, i.e. build is platform dependent!\n[INFO] skip non existing resourceDirectory /tmp/eval-dev-quality3158866957/plain/src/test/resources\n[INFO] \n[INFO] --- compiler:3.10.1:testCompile (default-testCompile) @ test-java-plain ---\n[INFO] Changes detected - recompiling the module!\n[WARNING] File encoding has not been set, using platform encoding UTF-8, i.e. build is platform dependent!\n[INFO] Compiling 1 source file to /tmp/eval-dev-quality3158866957/plain/target/test-classes\n[INFO] -------------------------------------------------------------\n[ERROR] COMPILATION ERROR : \n[INFO] -------------------------------------------------------------\n[ERROR] /tmp/eval-dev-quality3158866957/plain/src/test/java/com/eval/PlainTest.java:[3,16] com.eval.Plain is not public in com.eval; cannot be accessed from outside package\n[ERROR] /tmp/eval-dev-quality3158866957/plain/src/test/java/com/eval/PlainTest.java:[5,34] cannot find symbol\n  symbol:   class AssertionResult\n  location: package org.junit.platform.commons\n[ERROR] /tmp/eval-dev-quality3158866957/plain/src/test/java/com/eval/PlainTest.java:[9,51] package org.junit.platform.commons.assertion does not exist\n[ERROR] /tmp/eval-dev-quality3158866957/plain/src/test/java/com/eval/PlainTest.java:[9,1] static import only from classes and interfaces\n[ERROR] /tmp/eval-dev-quality3158866957/plain/src/test/java/com/eval/PlainTest.java:[36,13] cannot find symbol\n  symbol:   class Predicate\n  location: class evaluation.EvaluationTest\n[ERROR] /tmp/eval-dev-quality3158866957/plain/src/test/java/com/eval/PlainTest.java:[40,69] cannot find symbol\n  symbol:   class Predicate\n  location: class evaluation.EvaluationTest\n[ERROR] /tmp/eval-dev-quality3158866957/plain/src/test/java/com/eval/PlainTest.java:[40,13] cannot find symbol\n  symbol:   class Predicate\n  location: class evaluation.EvaluationTest\n[ERROR] /tmp/eval-dev-quality3158866957/plain/src/test/java/com/eval/PlainTest.java:[14,9] com.eval.Plain is not public in com.eval; cannot be accessed from outside package\n[ERROR] /tmp/eval-dev-quality3158866957/plain/src/test/java/com/eval/PlainTest.java:[19,9] com.eval.Plain is not public in com.eval; cannot be accessed from outside package\n[ERROR] /tmp/eval-dev-quality3158866957/plain/src/test/java/com/eval/PlainTest.java:[20,27] com.eval.Plain is not public in com.eval; cannot be accessed from outside package\n[ERROR] /tmp/eval-dev-quality3158866957/plain/src/test/java/com/eval/PlainTest.java:[25,9] com.eval.Plain is not public in com.eval; cannot be accessed from outside package\n[ERROR] /tmp/eval-dev-quality3158866957/plain/src/test/java/com/eval/PlainTest.java:[28,52] cannot find symbol\n  symbol:   variable converting\n  location: class evaluation.EvaluationTest\n[ERROR] /tmp/eval-dev-quality3158866957/plain/src/test/java/com/eval/PlainTest.java:[33,23] non-static method testPlainMethodCall() cannot be referenced from a static context\n[INFO] 13 errors \n[INFO] -------------------------------------------------------------\n[INFO] \n[INFO] ------------------------------------------------------------------------\n[INFO] Skipping test-java-plain\n[INFO] This project has been banned from the build due to previous failures.\n[INFO] ------------------------------------------------------------------------\n[INFO] \n[INFO] ------------------------------------------------------------------------\n[INFO] Skipping test-java-plain\n[INFO] This project has been banned from the build due to previous failures.\n[INFO] ------------------------------------------------------------------------\n[INFO] ------------------------------------------------------------------------\n[INFO] BUILD FAILURE\n[INFO] ------------------------------------------------------------------------\n[INFO] Total time:  1.028 s\n[INFO] Finished at: 2024-04-25T19:49:08+02:00\n[INFO] ------------------------------------------------------------------------\n[ERROR] Failed to execute goal org.apache.maven.plugins:maven-compiler-plugin:3.10.1:testCompile (default-testCompile) on project test-java-plain: Compilation failure: Compilation failure: \n[ERROR] /tmp/eval-dev-quality3158866957/plain/src/test/java/com/eval/PlainTest.java:[3,16] com.eval.Plain is not public in com.eval; cannot be accessed from outside package\n[ERROR] /tmp/eval-dev-quality3158866957/plain/src/test/java/com/eval/PlainTest.java:[5,34] cannot find symbol\n[ERROR]   symbol:   class AssertionResult\n[ERROR]   location: package org.junit.platform.commons\n[ERROR] /tmp/eval-dev-quality3158866957/plain/src/test/java/com/eval/PlainTest.java:[9,51] package org.junit.platform.commons.assertion does not exist\n[ERROR] /tmp/eval-dev-quality3158866957/plain/src/test/java/com/eval/PlainTest.java:[9,1] static import only from classes and interfaces\n[ERROR] /tmp/eval-dev-quality3158866957/plain/src/test/java/com/eval/PlainTest.java:[36,13] cannot find symbol\n[ERROR]   symbol:   class Predicate\n[ERROR]   location: class evaluation.EvaluationTest\n[ERROR] /tmp/eval-dev-quality3158866957/plain/src/test/java/com/eval/PlainTest.java:[40,69] cannot find symbol\n[ERROR]   symbol:   class Predicate\n[ERROR]   location: class evaluation.EvaluationTest\n[ERROR] /tmp/eval-dev-quality3158866957/plain/src/test/java/com/eval/PlainTest.java:[40,13] cannot find symbol\n[ERROR]   symbol:   class Predicate\n[ERROR]   location: class evaluation.EvaluationTest\n[ERROR] /tmp/eval-dev-quality3158866957/plain/src/test/java/com/eval/PlainTest.java:[14,9] com.eval.Plain is not public in com.eval; cannot be accessed from outside package\n[ERROR] /tmp/eval-dev-quality3158866957/plain/src/test/java/com/eval/PlainTest.java:[19,9] com.eval.Plain is not public in com.eval; cannot be accessed from outside package\n[ERROR] /tmp/eval-dev-quality3158866957/plain/src/test/java/com/eval/PlainTest.java:[20,27] com.eval.Plain is not public in com.eval; cannot be accessed from outside package\n[ERROR] /tmp/eval-dev-quality3158866957/plain/src/test/java/com/eval/PlainTest.java:[25,9] com.eval.Plain is not public in com.eval; cannot be accessed from outside package\n[ERROR] /tmp/eval-dev-quality3158866957/plain/src/test/java/com/eval/PlainTest.java:[28,52] cannot find symbol\n[ERROR]   symbol:   variable converting\n[ERROR]   location: class evaluation.EvaluationTest\n[ERROR] /tmp/eval-dev-quality3158866957/plain/src/test/java/com/eval/PlainTest.java:[33,23] non-static method testPlainMethodCall() cannot be referenced from a static context\n[ERROR] -> [Help 1]\n[ERROR] \n[ERROR] To see the full stack trace of the errors, re-run Maven with the -e switch.\n[ERROR] Re-run Maven using the -X switch to enable full debug logging.\n[ERROR] \n[ERROR] For more information about the errors and possible solutions, please read the following articles:\n[ERROR] [Help 1] http://cwiki.apache.org/confluence/display/MAVEN/MojoFailureException\n",
}
Stacktrace: goroutine 1 [running]:
gitlab.nethead.at/symflower/symflower/model/errors.NewInternalError({0x1ef1a40?, 0xc000886120}, {0xfbd660?, 0xc000812138})
	gitlab.nethead.at/symflower/symflower/model/errors/error.go:850 +0x59
gitlab.nethead.at/symflower/symflower/language/java/execute.MavenDependencyCommand.func1()
	gitlab.nethead.at/symflower/symflower/language/java/execute/maven.go:80 +0x1ef
github.com/avast/retry-go.Do(0xc000675890, {0xc000675878, 0x3, 0x2712660?})
	github.com/avast/retry-go/retry.go:135 +0x5a3
gitlab.nethead.at/symflower/symflower/language/java/execute.MavenDependencyCommand({0xc0006b6030, 0x26}, 0x0, {0xc000696000, 0x8, 0x8})
	gitlab.nethead.at/symflower/symflower/language/java/execute/maven.go:60 +0x1c5
gitlab.nethead.at/symflower/symflower/language/java/execute.MavenCloverCoverage({0xc0006b6030, 0x26})
	gitlab.nethead.at/symflower/symflower/language/java/execute/clover.go:133 +0xef
gitlab.nethead.at/symflower/symflower/cmd/symflower-local/cmd.(*commandTest).Execute(0xc00068e120, {0xc00068e000?, 0x7f8231293c18?, 0xc00068e120?})
	gitlab.nethead.at/symflower/symflower/cmd/symflower-local/cmd/test.go:111 +0x56f
gitlab.nethead.at/symflower/symflower/cmd.ExecuteNoExit({0x1ef12a0?, 0xc00068e000}, {0xc000196120?, 0x3e?, 0xc0000ffed8?})
	gitlab.nethead.at/symflower/symflower/cmd/execute.go:56 +0x2d0
gitlab.nethead.at/symflower/symflower/cmd.Execute({0x1ef12a0?, 0xc00068e000?}, {0xc000196120?, 0xc000580000?, 0xc00068e000?})
	gitlab.nethead.at/symflower/symflower/cmd/execute.go:16 +0x26
gitlab.nethead.at/symflower/symflower/cmd.ExecuteWithOSArguments(...)
	gitlab.nethead.at/symflower/symflower/cmd/execute.go:75
main.main.func1()
	gitlab.nethead.at/symflower/symflower/cmd/symflower-demo/main.go:40 +0x34
gitlab.nethead.at/symflower/symflower/cmd/symflower-local/cmd.(*Command).WithPanicReporter(0xc000048178?, 0x25c6968?)
	gitlab.nethead.at/symflower/symflower/cmd/symflower-local/cmd/cmd.go:182 +0x48
main.main()
	gitlab.nethead.at/symflower/symflower/cmd/symflower-demo/main.go:39 +0xa5

2024/04/25 19:49:08 Evaluated model "openrouter/intel/neural-chat-7b" using language "java" and repository "java/plain": encountered 1 problems: [exit status 1
github.com/symflower/eval-dev-quality/util.CommandWithResult
	/home/zimmski/symflower/src/github.com/symflower/eval-dev-quality/util/exec.go:36
github.com/symflower/eval-dev-quality/language/java.(*Language).Execute
	/home/zimmski/symflower/src/github.com/symflower/eval-dev-quality/language/java/language.go:94
github.com/symflower/eval-dev-quality/evaluate.Repository
	/home/zimmski/symflower/src/github.com/symflower/eval-dev-quality/evaluate/repository.go:67
github.com/symflower/eval-dev-quality/cmd/eval-dev-quality/cmd.(*Evaluate).Execute
	/home/zimmski/symflower/src/github.com/symflower/eval-dev-quality/cmd/eval-dev-quality/cmd/evaluate.go:204
github.com/symflower/eval-dev-quality/cmd/eval-dev-quality/cmd.Execute.func1
	/home/zimmski/symflower/src/github.com/symflower/eval-dev-quality/cmd/eval-dev-quality/cmd/command.go:34
github.com/jessevdk/go-flags.(*Parser).ParseArgs
	/home/zimmski/symflower/pkg/mod/github.com/jessevdk/go-flags@v1.5.1-0.20210607101731-3927b71304df/parser.go:333
github.com/symflower/eval-dev-quality/cmd/eval-dev-quality/cmd.Execute
	/home/zimmski/symflower/src/github.com/symflower/eval-dev-quality/cmd/eval-dev-quality/cmd/command.go:37
main.main
	/home/zimmski/symflower/src/github.com/symflower/eval-dev-quality/cmd/eval-dev-quality/main.go:11
runtime.main
	/home/zimmski/symflower/.devenv/go@1.21.5/go/src/runtime/proc.go:267
runtime.goexit
	/home/zimmski/symflower/.devenv/go@1.21.5/go/src/runtime/asm_amd64.s:1650
github.com/symflower/eval-dev-quality/language/java.(*Language).Execute
	/home/zimmski/symflower/src/github.com/symflower/eval-dev-quality/language/java/language.go:104
github.com/symflower/eval-dev-quality/evaluate.Repository
	/home/zimmski/symflower/src/github.com/symflower/eval-dev-quality/evaluate/repository.go:67
github.com/symflower/eval-dev-quality/cmd/eval-dev-quality/cmd.(*Evaluate).Execute
	/home/zimmski/symflower/src/github.com/symflower/eval-dev-quality/cmd/eval-dev-quality/cmd/evaluate.go:204
github.com/symflower/eval-dev-quality/cmd/eval-dev-quality/cmd.Execute.func1
	/home/zimmski/symflower/src/github.com/symflower/eval-dev-quality/cmd/eval-dev-quality/cmd/command.go:34
github.com/jessevdk/go-flags.(*Parser).ParseArgs
	/home/zimmski/symflower/pkg/mod/github.com/jessevdk/go-flags@v1.5.1-0.20210607101731-3927b71304df/parser.go:333
github.com/symflower/eval-dev-quality/cmd/eval-dev-quality/cmd.Execute
	/home/zimmski/symflower/src/github.com/symflower/eval-dev-quality/cmd/eval-dev-quality/cmd/command.go:37
main.main
	/home/zimmski/symflower/src/github.com/symflower/eval-dev-quality/cmd/eval-dev-quality/main.go:11
runtime.main
	/home/zimmski/symflower/.devenv/go@1.21.5/go/src/runtime/proc.go:267
runtime.goexit
	/home/zimmski/symflower/.devenv/go@1.21.5/go/src/runtime/asm_amd64.s:1650
src/main/java/com/eval/Plain.java]
