2024/04/25 14:29:55 Evaluating model "openrouter/rwkv/rwkv-5-world-3b" using language "java" and repository "java/plain"
2024/04/25 14:29:55 Querying model "openrouter/rwkv/rwkv-5-world-3b" with:
	Given the following Java code file "src/main/java/com/eval/Plain.java" with package "com.eval", provide a test file for this code with JUnit 5 as a test framework.
	The tests should produce 100 percent code coverage and must compile.
	The response must contain only the test code and nothing else.

	```java
	package com.eval;

	class Plain {
	    static void plain() {
	    }
	}
	```
2024/04/25 14:30:02 Model "openrouter/rwkv/rwkv-5-world-3b" responded with:
	 ```java
	package com.eval;

	import org.junit.jupiter.api.Test;
	import static org.junit.jupiter.api.Assertions.*;
	import java.util.*;

	public class PlainTest {
	    @Test
	    void testPlain() {
	        assertEquals(100, new Plain().plain());
	    }
	}
	```
2024/04/25 14:30:02 $ symflower test --language java --workspace /tmp/eval-dev-quality2919545516/plain
[0;34mGive us your feedback and let us know how we can improve Symflower at hello@symflower.com or https://github.com/symflower/symflower. Thanks so much for your help![0m
ERROR: All attempts fail:
#1: Internal error: exit status 1:
[]interface {}{
    "/tmp/eval-dev-quality2919545516/plain/",
    "[INFO] Scanning for projects...\n[WARNING] \n[WARNING] Some problems were encountered while building the effective model for eval.dev.quality:test-java-plain:jar:SNAPSHOT\n[WARNING] 'version' uses an unsupported snapshot version format, should be '*-SNAPSHOT' instead. @ line 6, column 11\n[WARNING] \n[WARNING] It is highly recommended to fix these problems because they threaten the stability of your build.\n[WARNING] \n[WARNING] For this reason, future Maven versions might no longer support building such malformed projects.\n[WARNING] \n[INFO] \n[INFO] ------------------< eval.dev.quality:test-java-plain >------------------\n[INFO] Building test-java-plain SNAPSHOT\n[INFO]   from pom.xml\n[INFO] --------------------------------[ jar ]---------------------------------\n[INFO] \n[INFO] --- clean:3.2.0:clean (default-clean) @ test-java-plain ---\n[INFO] \n[INFO] --- resources:3.3.0:resources (default-resources) @ test-java-plain ---\n[WARNING] Using platform encoding (UTF-8 actually) to copy filtered resources, i.e. build is platform dependent!\n[INFO] skip non existing resourceDirectory /tmp/eval-dev-quality2919545516/plain/src/main/resources\n[INFO] \n[INFO] --- compiler:3.10.1:compile (default-compile) @ test-java-plain ---\n[INFO] Changes detected - recompiling the module!\n[WARNING] File encoding has not been set, using platform encoding UTF-8, i.e. build is platform dependent!\n[INFO] Compiling 1 source file to /tmp/eval-dev-quality2919545516/plain/target/classes\n[INFO] \n[INFO] --- resources:3.3.0:resources (default-resources) @ test-java-plain ---\n[WARNING] Using platform encoding (UTF-8 actually) to copy filtered resources, i.e. build is platform dependent!\n[INFO] skip non existing resourceDirectory /tmp/eval-dev-quality2919545516/plain/src/main/resources\n[INFO] \n[INFO] --- compiler:3.10.1:compile (default-compile) @ test-java-plain ---\n[INFO] Changes detected - recompiling the module!\n[WARNING] File encoding has not been set, using platform encoding UTF-8, i.e. build is platform dependent!\n[INFO] Compiling 1 source file to /tmp/eval-dev-quality2919545516/plain/target/classes\n[INFO] \n[INFO] --- resources:3.3.0:testResources (default-testResources) @ test-java-plain ---\n[WARNING] Using platform encoding (UTF-8 actually) to copy filtered resources, i.e. build is platform dependent!\n[INFO] skip non existing resourceDirectory /tmp/eval-dev-quality2919545516/plain/src/test/resources\n[INFO] \n[INFO] --- compiler:3.10.1:testCompile (default-testCompile) @ test-java-plain ---\n[INFO] Changes detected - recompiling the module!\n[WARNING] File encoding has not been set, using platform encoding UTF-8, i.e. build is platform dependent!\n[INFO] Compiling 1 source file to /tmp/eval-dev-quality2919545516/plain/target/test-classes\n[INFO] -------------------------------------------------------------\n[ERROR] COMPILATION ERROR : \n[INFO] -------------------------------------------------------------\n[ERROR] /tmp/eval-dev-quality2919545516/plain/src/test/java/com/eval/PlainTest.java:[10,44] 'void' type not allowed here\n[INFO] 1 error\n[INFO] -------------------------------------------------------------\n[INFO] \n[INFO] ------------------------------------------------------------------------\n[INFO] Skipping test-java-plain\n[INFO] This project has been banned from the build due to previous failures.\n[INFO] ------------------------------------------------------------------------\n[INFO] \n[INFO] ------------------------------------------------------------------------\n[INFO] Skipping test-java-plain\n[INFO] This project has been banned from the build due to previous failures.\n[INFO] ------------------------------------------------------------------------\n[INFO] ------------------------------------------------------------------------\n[INFO] BUILD FAILURE\n[INFO] ------------------------------------------------------------------------\n[INFO] Total time:  1.004 s\n[INFO] Finished at: 2024-04-25T14:30:04+02:00\n[INFO] ------------------------------------------------------------------------\n[ERROR] Failed to execute goal org.apache.maven.plugins:maven-compiler-plugin:3.10.1:testCompile (default-testCompile) on project test-java-plain: Compilation failure\n[ERROR] /tmp/eval-dev-quality2919545516/plain/src/test/java/com/eval/PlainTest.java:[10,44] 'void' type not allowed here\n[ERROR] \n[ERROR] -> [Help 1]\n[ERROR] \n[ERROR] To see the full stack trace of the errors, re-run Maven with the -e switch.\n[ERROR] Re-run Maven using the -X switch to enable full debug logging.\n[ERROR] \n[ERROR] For more information about the errors and possible solutions, please read the following articles:\n[ERROR] [Help 1] http://cwiki.apache.org/confluence/display/MAVEN/MojoFailureException\n",
}
Stacktrace: goroutine 1 [running]:
gitlab.nethead.at/symflower/symflower/model/errors.NewInternalError({0x1ef1a40?, 0xc000486100}, {0xfbd660?, 0xc0001821e0})
	gitlab.nethead.at/symflower/symflower/model/errors/error.go:850 +0x59
gitlab.nethead.at/symflower/symflower/language/java/execute.MavenDependencyCommand.func1()
	gitlab.nethead.at/symflower/symflower/language/java/execute/maven.go:80 +0x1ef
github.com/avast/retry-go.Do(0xc00040b890, {0xc00040b878, 0x3, 0x2712660?})
	github.com/avast/retry-go/retry.go:135 +0x5a3
gitlab.nethead.at/symflower/symflower/language/java/execute.MavenDependencyCommand({0xc0001a0390, 0x26}, 0x0, {0xc0001ee000, 0x8, 0x8})
	gitlab.nethead.at/symflower/symflower/language/java/execute/maven.go:60 +0x1c5
gitlab.nethead.at/symflower/symflower/language/java/execute.MavenCloverCoverage({0xc0001a0390, 0x26})
	gitlab.nethead.at/symflower/symflower/language/java/execute/clover.go:133 +0xef
gitlab.nethead.at/symflower/symflower/cmd/symflower-local/cmd.(*commandTest).Execute(0xc000353d20, {0xc000353c00?, 0x7f6fab0ab0c8?, 0xc000353d20?})
	gitlab.nethead.at/symflower/symflower/cmd/symflower-local/cmd/test.go:111 +0x56f
gitlab.nethead.at/symflower/symflower/cmd.ExecuteNoExit({0x1ef12a0?, 0xc000353c00}, {0xc000196120?, 0x0?, 0xc00041fed8?})
	gitlab.nethead.at/symflower/symflower/cmd/execute.go:56 +0x2d0
gitlab.nethead.at/symflower/symflower/cmd.Execute({0x1ef12a0?, 0xc000353c00?}, {0xc000196120?, 0x26dbe00?, 0xc000353c00?})
	gitlab.nethead.at/symflower/symflower/cmd/execute.go:16 +0x26
gitlab.nethead.at/symflower/symflower/cmd.ExecuteWithOSArguments(...)
	gitlab.nethead.at/symflower/symflower/cmd/execute.go:75
main.main.func1()
	gitlab.nethead.at/symflower/symflower/cmd/symflower-demo/main.go:40 +0x34
gitlab.nethead.at/symflower/symflower/cmd/symflower-local/cmd.(*Command).WithPanicReporter(0xc000048178?, 0x25c6968?)
	gitlab.nethead.at/symflower/symflower/cmd/symflower-local/cmd/cmd.go:182 +0x48
main.main()
	gitlab.nethead.at/symflower/symflower/cmd/symflower-demo/main.go:39 +0xa5

2024/04/25 14:30:04 Evaluated model "openrouter/rwkv/rwkv-5-world-3b" using language "java" and repository "java/plain": encountered 1 problems: [exit status 1
github.com/symflower/eval-dev-quality/util.CommandWithResult
	src/github.com/symflower/eval-dev-quality/util/exec.go:36
github.com/symflower/eval-dev-quality/language/java.(*Language).Execute
	src/github.com/symflower/eval-dev-quality/language/java/language.go:94
github.com/symflower/eval-dev-quality/evaluate.Repository
	src/github.com/symflower/eval-dev-quality/evaluate/repository.go:67
github.com/symflower/eval-dev-quality/cmd/eval-dev-quality/cmd.(*Evaluate).Execute
	src/github.com/symflower/eval-dev-quality/cmd/eval-dev-quality/cmd/evaluate.go:205
github.com/symflower/eval-dev-quality/cmd/eval-dev-quality/cmd.Execute.func1
	src/github.com/symflower/eval-dev-quality/cmd/eval-dev-quality/cmd/command.go:34
github.com/jessevdk/go-flags.(*Parser).ParseArgs
	pkg/mod/github.com/jessevdk/go-flags@v1.5.1-0.20210607101731-3927b71304df/parser.go:333
github.com/symflower/eval-dev-quality/cmd/eval-dev-quality/cmd.Execute
	src/github.com/symflower/eval-dev-quality/cmd/eval-dev-quality/cmd/command.go:37
main.main
	src/github.com/symflower/eval-dev-quality/cmd/eval-dev-quality/main.go:11
runtime.main
	.devenv/go@1.21.5/go/src/runtime/proc.go:267
runtime.goexit
	.devenv/go@1.21.5/go/src/runtime/asm_amd64.s:1650
github.com/symflower/eval-dev-quality/language/java.(*Language).Execute
	src/github.com/symflower/eval-dev-quality/language/java/language.go:104
github.com/symflower/eval-dev-quality/evaluate.Repository
	src/github.com/symflower/eval-dev-quality/evaluate/repository.go:67
github.com/symflower/eval-dev-quality/cmd/eval-dev-quality/cmd.(*Evaluate).Execute
	src/github.com/symflower/eval-dev-quality/cmd/eval-dev-quality/cmd/evaluate.go:205
github.com/symflower/eval-dev-quality/cmd/eval-dev-quality/cmd.Execute.func1
	src/github.com/symflower/eval-dev-quality/cmd/eval-dev-quality/cmd/command.go:34
github.com/jessevdk/go-flags.(*Parser).ParseArgs
	pkg/mod/github.com/jessevdk/go-flags@v1.5.1-0.20210607101731-3927b71304df/parser.go:333
github.com/symflower/eval-dev-quality/cmd/eval-dev-quality/cmd.Execute
	src/github.com/symflower/eval-dev-quality/cmd/eval-dev-quality/cmd/command.go:37
main.main
	src/github.com/symflower/eval-dev-quality/cmd/eval-dev-quality/main.go:11
runtime.main
	.devenv/go@1.21.5/go/src/runtime/proc.go:267
runtime.goexit
	.devenv/go@1.21.5/go/src/runtime/asm_amd64.s:1650
src/main/java/com/eval/Plain.java]
