2024/06/19 10:47:38 Evaluating model "openrouter/nousresearch/nous-capybara-7b" on task "write-tests" using language "java" and repository "java/plain"
2024/06/19 10:47:38 Querying model "openrouter/nousresearch/nous-capybara-7b" with:
	Given the following Java code file "src/main/java/com/eval/Plain.java" with package "com.eval", provide a test file for this code with JUnit 5 as a test framework.
	The tests should produce 100 percent code coverage and must compile.
	The response must contain only the test code and nothing else.

	```java
	package com.eval;

	class Plain {
	    static void plain() {
	    }
	}
	```
2024/06/19 10:47:40 Model "openrouter/nousresearch/nous-capybara-7b" responded (2150 ms) with:
	 ```java
	import org.junit.jupiter.api.Test;
	import static org.junit.jupiter.api.Assertions.*;

	public class PlainTest {
	    @Test
	    void testPlain() {
	        Plain.plain();
	    }
	}
	```
2024/06/19 10:47:40 $ symflower test --language java --workspace /tmp/eval-dev-quality1400846753/plain --coverage-file /tmp/eval-dev-quality1400846753/plain/coverage.json
[0;34mGive us your feedback and let us know how we can improve Symflower at hello@symflower.com or https://github.com/symflower/symflower. Thanks so much for your help![0m
ERROR: All attempts fail:
#1: Internal error: exit status 1:
[]interface {}{
    "/tmp/eval-dev-quality1400846753/plain/",
    "[INFO] Scanning for projects...\n[WARNING] \n[WARNING] Some problems were encountered while building the effective model for eval.dev.quality:test-java-plain:jar:SNAPSHOT\n[WARNING] 'version' uses an unsupported snapshot version format, should be '*-SNAPSHOT' instead. @ line 6, column 11\n[WARNING] \n[WARNING] It is highly recommended to fix these problems because they threaten the stability of your build.\n[WARNING] \n[WARNING] For this reason, future Maven versions might no longer support building such malformed projects.\n[WARNING] \nDownloading from central: https://repo.maven.apache.org/maven2/org/openclover/clover-maven-plugin/4.5.2/clover-maven-plugin-4.5.2.pom\nProgress (1): 1.4/16 kB\rProgress (1): 2.8/16 kB\rProgress (1): 4.1/16 kB\rProgress (1): 5.5/16 kB\rProgress (1): 6.9/16 kB\rProgress (1): 8.3/16 kB\rProgress (1): 9.7/16 kB\rProgress (1): 11/16 kB \rProgress (1): 12/16 kB\rProgress (1): 14/16 kB\rProgress (1): 15/16 kB\rProgress (1): 16 kB   \r                   \rDownloaded from central: https://repo.maven.apache.org/maven2/org/openclover/clover-maven-plugin/4.5.2/clover-maven-plugin-4.5.2.pom (16 kB at 73 kB/s)\nDownloading from central: https://repo.maven.apache.org/maven2/org/openclover/clover-maven-plugin/4.5.2/clover-maven-plugin-4.5.2.jar\nProgress (1): 1.4/148 kB\rProgress (1): 2.8/148 kB\rProgress (1): 4.1/148 kB\rProgress (1): 5.5/148 kB\rProgress (1): 6.9/148 kB\rProgress (1): 8.3/148 kB\rProgress (1): 9.7/148 kB\rProgress (1): 11/148 kB \rProgress (1): 12/148 kB\rProgress (1): 14/148 kB\rProgress (1): 15/148 kB\rProgress (1): 17/148 kB\rProgress (1): 18/148 kB\rProgress (1): 19/148 kB\rProgress (1): 21/148 kB\rProgress (1): 22/148 kB\rProgress (1): 23/148 kB\rProgress (1): 25/148 kB\rProgress (1): 26/148 kB\rProgress (1): 28/148 kB\rProgress (1): 29/148 kB\rProgress (1): 30/148 kB\rProgress (1): 32/148 kB\rProgress (1): 33/148 kB\rProgress (1): 33/148 kB\rProgress (1): 50/148 kB\rProgress (1): 66/148 kB\rProgress (1): 83/148 kB\rProgress (1): 99/148 kB\rProgress (1): 115/148 kB\rProgress (1): 132/148 kB\rProgress (1): 148 kB    \r                    \rDownloaded from central: https://repo.maven.apache.org/maven2/org/openclover/clover-maven-plugin/4.5.2/clover-maven-plugin-4.5.2.jar (148 kB at 5.1 MB/s)\n[INFO] \n[INFO] ------------------< eval.dev.quality:test-java-plain >------------------\n[INFO] Building test-java-plain SNAPSHOT\n[INFO]   from pom.xml\n[INFO] --------------------------------[ jar ]---------------------------------\nDownloading from central: https://repo.maven.apache.org/maven2/org/apache/maven/plugins/maven-clean-plugin/3.2.0/maven-clean-plugin-3.2.0.pom\nProgress (1): 5.3 kB\r                    \rDownloaded from central: https://repo.maven.apache.org/maven2/org/apache/maven/plugins/maven-clean-plugin/3.2.0/maven-clean-plugin-3.2.0.pom (5.3 kB at 442 kB/s)\nDownloading from central: https://repo.maven.apache.org/maven2/org/apache/maven/plugins/maven-plugins/35/maven-plugins-35.pom\nProgress (1): 9.9 kB\r                    \rDownloaded from central: https://repo.maven.apache.org/maven2/org/apache/maven/plugins/maven-plugins/35/maven-plugins-35.pom (9.9 kB at 1.1 MB/s)\nDownloading from central: https://repo.maven.apache.org/maven2/org/apache/maven/maven-parent/35/maven-parent-35.pom\nProgress (1): 16/45 kB\rProgress (1): 32/45 kB\rProgress (1): 45 kB   \r                   \rDownloaded from central: https://repo.maven.apache.org/maven2/org/apache/maven/maven-parent/35/maven-parent-35.pom (45 kB at 3.2 MB/s)\nDownloading from central: https://repo.maven.apache.org/maven2/org/apache/apache/25/apache-25.pom\nProgress (1): 16/21 kB\rProgress (1): 21 kB   \r                   \rDownloaded from central: https://repo.maven.apache.org/maven2/org/apache/apache/25/apache-25.pom (21 kB at 2.1 MB/s)\nDownloading from central: https://repo.maven.apache.org/maven2/org/apache/maven/plugins/maven-clean-plugin/3.2.0/maven-clean-plugin-3.2.0.jar\nProgress (1): 16/36 kB\rProgress (1): 33/36 kB\rProgress (1): 36 kB   \r                   \rDownloaded from central: https://repo.maven.apache.org/maven2/org/apache/maven/plugins/maven-clean-plugin/3.2.0/maven-clean-plugin-3.2.0.jar (36 kB at 3.0 MB/s)\nDownloading from central: https://repo.maven.apache.org/maven2/org/apache/maven/plugins/maven-resources-plugin/3.3.0/maven-resources-plugin-3.3.0.pom\nProgress (1): 8.5 kB\r                    \rDownloaded from central: https://repo.maven.apache.org/maven2/org/apache/maven/plugins/maven-resources-plugin/3.3.0/maven-resources-plugin-3.3.0.pom (8.5 kB at 708 kB/s)\nDownloading from central: https://repo.maven.apache.org/maven2/org/apache/maven/plugins/maven-plugins/36/maven-plugins-36.pom\nProgress (1): 9.9 kB\r                    \rDownloaded from central: https://repo.maven.apache.org/maven2/org/apache/maven/plugins/maven-plugins/36/maven-plugins-36.pom (9.9 kB at 990 kB/s)\nDownloading from central: https://repo.maven.apache.org/maven2/org/apache/maven/maven-parent/36/maven-parent-36.pom\nProgress (1): 16/45 kB\rProgress (1): 32/45 kB\rProgress (1): 45 kB   \r                   \rDownloaded from central: https://repo.maven.apache.org/maven2/org/apache/maven/maven-parent/36/maven-parent-36.pom (45 kB at 4.1 MB/s)\nDownloading from central: https://repo.maven.apache.org/maven2/org/apache/apache/26/apache-26.pom\nProgress (1): 16/21 kB\rProgress (1): 21 kB   \r                   \rDownloaded from central: https://repo.maven.apache.org/maven2/org/apache/apache/26/apache-26.pom (21 kB at 2.3 MB/s)\nDownloading from central: https://repo.maven.apache.org/maven2/org/apache/maven/plugins/maven-resources-plugin/3.3.0/maven-resources-plugin-3.3.0.jar\nProgress (1): 16/32 kB\rProgress (1): 32 kB   \r                   \rDownloaded from central: https://repo.maven.apache.org/maven2/org/apache/maven/plugins/maven-resources-plugin/3.3.0/maven-resources-plugin-3.3.0.jar (32 kB at 3.2 MB/s)\nDownloading from central: https://repo.maven.apache.org/maven2/org/apache/maven/plugins/maven-compiler-plugin/3.10.1/maven-compiler-plugin-3.10.1.pom\nProgress (1): 13 kB\r                   \rDownloaded from central: https://repo.maven.apache.org/maven2/org/apache/maven/plugins/maven-compiler-plugin/3.10.1/maven-compiler-plugin-3.10.1.pom (13 kB at 1.4 MB/s)\nDownloading from central: https://repo.maven.apache.org/maven2/org/apache/maven/plugins/maven-plugins/34/maven-plugins-34.pom\nProgress (1): 11 kB\r                   \rDownloaded from central: https://repo.maven.apache.org/maven2/org/apache/maven/plugins/maven-plugins/34/maven-plugins-34.pom (11 kB at 1.2 MB/s)\nDownloading from central: https://repo.maven.apache.org/maven2/org/apache/maven/maven-parent/34/maven-parent-34.pom\nProgress (1): 16/43 kB\rProgress (1): 33/43 kB\rProgress (1): 43 kB   \r                   \rDownloaded from central: https://repo.maven.apache.org/maven2/org/apache/maven/maven-parent/34/maven-parent-34.pom (43 kB at 4.3 MB/s)\nDownloading from central: https://repo.maven.apache.org/maven2/org/apache/apache/23/apache-23.pom\nProgress (1): 16/18 kB\rProgress (1): 18 kB   \r                   \rDownloaded from central: https://repo.maven.apache.org/maven2/org/apache/apache/23/apache-23.pom (18 kB at 2.0 MB/s)\nDownloading from central: https://repo.maven.apache.org/maven2/org/apache/maven/plugins/maven-compiler-plugin/3.10.1/maven-compiler-plugin-3.10.1.jar\nProgress (1): 16/62 kB\rProgress (1): 32/62 kB\rProgress (1): 49/62 kB\rProgress (1): 62 kB   \r                   \rDownloaded from central: https://repo.maven.apache.org/maven2/org/apache/maven/plugins/maven-compiler-plugin/3.10.1/maven-compiler-plugin-3.10.1.jar (62 kB at 5.6 MB/s)\nDownloading from central: https://repo.maven.apache.org/maven2/org/apache/maven/plugins/maven-surefire-plugin/3.2.5/maven-surefire-plugin-3.2.5.pom\nProgress (1): 5.3 kB\r                    \rDownloaded from central: https://repo.maven.apache.org/maven2/org/apache/maven/plugins/maven-surefire-plugin/3.2.5/maven-surefire-plugin-3.2.5.pom (5.3 kB at 484 kB/s)\nDownloading from central: https://repo.maven.apache.org/maven2/org/apache/maven/surefire/surefire/3.2.5/surefire-3.2.5.pom\nProgress (1): 16/22 kB\rProgress (1): 22 kB   \r                   \rDownloaded from central: https://repo.maven.apache.org/maven2/org/apache/maven/surefire/surefire/3.2.5/surefire-3.2.5.pom (22 kB at 2.0 MB/s)\nDownloading from central: https://repo.maven.apache.org/maven2/org/apache/maven/maven-parent/41/maven-parent-41.pom\nProgress (1): 16/50 kB\rProgress (1): 32/50 kB\rProgress (1): 49/50 kB\rProgress (1): 50 kB   \r                   \rDownloaded from central: https://repo.maven.apache.org/maven2/org/apache/maven/maven-parent/41/maven-parent-41.pom (50 kB at 4.2 MB/s)\nDownloading from central: https://repo.maven.apache.org/maven2/org/apache/apache/31/apache-31.pom\nProgress (1): 16/24 kB\rProgress (1): 24 kB   \r                   \rDownloaded from central: https://repo.maven.apache.org/maven2/org/apache/apache/31/apache-31.pom (24 kB at 2.0 MB/s)\nDownloading from central: https://repo.maven.apache.org/maven2/org/junit/junit-bom/5.9.3/junit-bom-5.9.3.pom\nProgress (1): 5.6 kB\r                    \rDownloaded from central: https://repo.maven.apache.org/maven2/org/junit/junit-bom/5.9.3/junit-bom-5.9.3.pom (5.6 kB at 469 kB/s)\nDownloading from central: https://repo.maven.apache.org/maven2/org/apache/maven/plugins/maven-surefire-plugin/3.2.5/maven-surefire-plugin-3.2.5.jar\nProgress (1): 16/45 kB\rProgress (1): 33/45 kB\rProgress (1): 45 kB   \r                   \rDownloaded from central: https://repo.maven.apache.org/maven2/org/apache/maven/plugins/maven-surefire-plugin/3.2.5/maven-surefire-plugin-3.2.5.jar (45 kB at 3.7 MB/s)\nDownloading from central: https://repo.maven.apache.org/maven2/org/junit/jupiter/junit-jupiter/5.8.2/junit-jupiter-5.8.2.pom\nProgress (1): 3.2 kB\r                    \rDownloaded from central: https://repo.maven.apache.org/maven2/org/junit/jupiter/junit-jupiter/5.8.2/junit-jupiter-5.8.2.pom (3.2 kB at 291 kB/s)\nDownloading from central: https://repo.maven.apache.org/maven2/org/junit/junit-bom/5.8.2/junit-bom-5.8.2.pom\nProgress (1): 5.6 kB\r                    \rDownloaded from central: https://repo.maven.apache.org/maven2/org/junit/junit-bom/5.8.2/junit-bom-5.8.2.pom (5.6 kB at 512 kB/s)\nDownloading from central: https://repo.maven.apache.org/maven2/org/junit/jupiter/junit-jupiter-api/5.8.2/junit-jupiter-api-5.8.2.pom\nProgress (1): 3.2 kB\r                    \rDownloaded from central: https://repo.maven.apache.org/maven2/org/junit/jupiter/junit-jupiter-api/5.8.2/junit-jupiter-api-5.8.2.pom (3.2 kB at 289 kB/s)\nDownloading from central: https://repo.maven.apache.org/maven2/org/opentest4j/opentest4j/1.2.0/opentest4j-1.2.0.pom\nProgress (1): 1.7 kB\r                    \rDownloaded from central: https://repo.maven.apache.org/maven2/org/opentest4j/opentest4j/1.2.0/opentest4j-1.2.0.pom (1.7 kB at 140 kB/s)\nDownloading from central: https://repo.maven.apache.org/maven2/org/junit/platform/junit-platform-commons/1.8.2/junit-platform-commons-1.8.2.pom\nProgress (1): 2.8 kB\r                    \rDownloaded from central: https://repo.maven.apache.org/maven2/org/junit/platform/junit-platform-commons/1.8.2/junit-platform-commons-1.8.2.pom (2.8 kB at 257 kB/s)\nDownloading from central: https://repo.maven.apache.org/maven2/org/apiguardian/apiguardian-api/1.1.2/apiguardian-api-1.1.2.pom\nProgress (1): 1.5 kB\r                    \rDownloaded from central: https://repo.maven.apache.org/maven2/org/apiguardian/apiguardian-api/1.1.2/apiguardian-api-1.1.2.pom (1.5 kB at 153 kB/s)\nDownloading from central: https://repo.maven.apache.org/maven2/org/junit/jupiter/junit-jupiter-params/5.8.2/junit-jupiter-params-5.8.2.pom\nProgress (1): 3.0 kB\r                    \rDownloaded from central: https://repo.maven.apache.org/maven2/org/junit/jupiter/junit-jupiter-params/5.8.2/junit-jupiter-params-5.8.2.pom (3.0 kB at 273 kB/s)\nDownloading from central: https://repo.maven.apache.org/maven2/org/junit/jupiter/junit-jupiter-engine/5.8.2/junit-jupiter-engine-5.8.2.pom\nProgress (1): 3.2 kB\r                    \rDownloaded from central: https://repo.maven.apache.org/maven2/org/junit/jupiter/junit-jupiter-engine/5.8.2/junit-jupiter-engine-5.8.2.pom (3.2 kB at 320 kB/s)\nDownloading from central: https://repo.maven.apache.org/maven2/org/junit/platform/junit-platform-engine/1.8.2/junit-platform-engine-1.8.2.pom\nProgress (1): 3.2 kB\r                    \rDownloaded from central: https://repo.maven.apache.org/maven2/org/junit/platform/junit-platform-engine/1.8.2/junit-platform-engine-1.8.2.pom (3.2 kB at 356 kB/s)\nDownloading from central: https://repo.maven.apache.org/maven2/org/junit/jupiter/junit-jupiter/5.8.2/junit-jupiter-5.8.2.jar\nProgress (1): 6.4 kB\r                    \rDownloaded from central: https://repo.maven.apache.org/maven2/org/junit/jupiter/junit-jupiter/5.8.2/junit-jupiter-5.8.2.jar (6.4 kB at 578 kB/s)\nDownloading from central: https://repo.maven.apache.org/maven2/org/junit/jupiter/junit-jupiter-api/5.8.2/junit-jupiter-api-5.8.2.jar\nDownloading from central: https://repo.maven.apache.org/maven2/org/junit/platform/junit-platform-commons/1.8.2/junit-platform-commons-1.8.2.jar\nDownloading from central: https://repo.maven.apache.org/maven2/org/opentest4j/opentest4j/1.2.0/opentest4j-1.2.0.jar\nDownloading from central: https://repo.maven.apache.org/maven2/org/apiguardian/apiguardian-api/1.1.2/apiguardian-api-1.1.2.jar\nDownloading from central: https://repo.maven.apache.org/maven2/org/junit/jupiter/junit-jupiter-params/5.8.2/junit-jupiter-params-5.8.2.jar\nProgress (1): 16/100 kB\rProgress (1): 33/100 kB\rProgress (1): 49/100 kB\rProgress (1): 66/100 kB\rProgress (1): 82/100 kB\rProgress (1): 98/100 kB\rProgress (1): 100 kB   \r                    \rDownloaded from central: https://repo.maven.apache.org/maven2/org/junit/platform/junit-platform-commons/1.8.2/junit-platform-commons-1.8.2.jar (100 kB at 4.2 MB/s)\nDownloading from central: https://repo.maven.apache.org/maven2/org/junit/jupiter/junit-jupiter-engine/5.8.2/junit-jupiter-engine-5.8.2.jar\nProgress (1): 16/230 kB\rProgress (1): 33/230 kB\rProgress (1): 49/230 kB\rProgress (1): 66/230 kB\rProgress (1): 82/230 kB\rProgress (1): 98/230 kB\rProgress (1): 115/230 kB\rProgress (1): 131/230 kB\rProgress (1): 147/230 kB\rProgress (1): 164/230 kB\rProgress (1): 180/230 kB\rProgress (1): 197/230 kB\rProgress (2): 197/230 kB | 1.4/6.8 kB\rProgress (2): 213/230 kB | 1.4/6.8 kB\rProgress (2): 213/230 kB | 2.8/6.8 kB\rProgress (2): 229/230 kB | 2.8/6.8 kB\rProgress (2): 229/230 kB | 4.1/6.8 kB\rProgress (2): 230 kB | 4.1/6.8 kB    \rProgress (2): 230 kB | 5.5/6.8 kB\rProgress (2): 230 kB | 6.8 kB    \r                             \rDownloaded from central: https://repo.maven.apache.org/maven2/org/junit/jupiter/junit-jupiter-engine/5.8.2/junit-jupiter-engine-5.8.2.jar (230 kB at 4.9 MB/s)\nDownloading from central: https://repo.maven.apache.org/maven2/org/junit/platform/junit-platform-engine/1.8.2/junit-platform-engine-1.8.2.jar\nDownloaded from central: https://repo.maven.apache.org/maven2/org/apiguardian/apiguardian-api/1.1.2/apiguardian-api-1.1.2.jar (6.8 kB at 139 kB/s)\nProgress (1): 1.4/186 kB\rProgress (1): 2.8/186 kB\rProgress (1): 4.1/186 kB\rProgress (1): 5.5/186 kB\rProgress (1): 6.9/186 kB\rProgress (1): 8.3/186 kB\rProgress (1): 9.7/186 kB\rProgress (1): 11/186 kB \rProgress (1): 12/186 kB\rProgress (1): 14/186 kB\rProgress (1): 15/186 kB\rProgress (1): 17/186 kB\rProgress (1): 18/186 kB\rProgress (1): 19/186 kB\rProgress (1): 21/186 kB\rProgress (1): 22/186 kB\rProgress (1): 23/186 kB\rProgress (1): 25/186 kB\rProgress (1): 26/186 kB\rProgress (1): 28/186 kB\rProgress (1): 29/186 kB\rProgress (1): 30/186 kB\rProgress (1): 32/186 kB\rProgress (1): 33/186 kB\rProgress (1): 34/186 kB\rProgress (1): 50/186 kB\rProgress (1): 62/186 kB\rProgress (1): 79/186 kB\rProgress (1): 95/186 kB\rProgress (1): 112/186 kB\rProgress (1): 128/186 kB\rProgress (1): 144/186 kB\rProgress (1): 161/186 kB\rProgress (1): 177/186 kB\rProgress (1): 186 kB    \r                    \rDownloaded from central: https://repo.maven.apache.org/maven2/org/junit/platform/junit-platform-engine/1.8.2/junit-platform-engine-1.8.2.jar (186 kB at 2.5 MB/s)\nProgress (1): 1.4/7.7 kB\rProgress (2): 1.4/7.7 kB | 1.4/577 kB\rProgress (3): 1.4/7.7 kB | 1.4/577 kB | 1.4/194 kB\rProgress (3): 2.8/7.7 kB | 1.4/577 kB | 1.4/194 kB\rProgress (3): 2.8/7.7 kB | 2.8/577 kB | 1.4/194 kB\rProgress (3): 2.8/7.7 kB | 2.8/577 kB | 2.8/194 kB\rProgress (3): 2.8/7.7 kB | 4.1/577 kB | 2.8/194 kB\rProgress (3): 2.8/7.7 kB | 4.1/577 kB | 4.1/194 kB\rProgress (3): 2.8/7.7 kB | 5.5/577 kB | 4.1/194 kB\rProgress (3): 4.1/7.7 kB | 5.5/577 kB | 4.1/194 kB\rProgress (3): 4.1/7.7 kB | 5.5/577 kB | 5.5/194 kB\rProgress (3): 5.5/7.7 kB | 5.5/577 kB | 5.5/194 kB\rProgress (3): 5.5/7.7 kB | 6.9/577 kB | 5.5/194 kB\rProgress (3): 5.5/7.7 kB | 6.9/577 kB | 6.9/194 kB\rProgress (3): 6.9/7.7 kB | 6.9/577 kB | 6.9/194 kB\rProgress (3): 6.9/7.7 kB | 8.3/577 kB | 6.9/194 kB\rProgress (3): 7.7 kB | 8.3/577 kB | 6.9/194 kB    \rProgress (3): 7.7 kB | 8.3/577 kB | 8.3/194 kB\rProgress (3): 7.7 kB | 9.7/577 kB | 8.3/194 kB\rProgress (3): 7.7 kB | 9.7/577 kB | 9.7/194 kB\rProgress (3): 7.7 kB | 11/577 kB | 9.7/194 kB \rProgress (3): 7.7 kB | 11/577 kB | 11/194 kB \rProgress (3): 7.7 kB | 12/577 kB | 11/194 kB\rProgress (3): 7.7 kB | 12/577 kB | 12/194 kB\r                                            \rDownloaded from central: https://repo.maven.apache.org/maven2/org/opentest4j/opentest4j/1.2.0/opentest4j-1.2.0.jar (7.7 kB at 76 kB/s)\nProgress (2): 14/577 kB | 12/194 kB\rProgress (2): 14/577 kB | 14/194 kB\rProgress (2): 15/577 kB | 14/194 kB\rProgress (2): 15/577 kB | 15/194 kB\rProgress (2): 16/577 kB | 15/194 kB\rProgress (2): 16/577 kB | 16/194 kB\rProgress (2): 16/577 kB | 32/194 kB\rProgress (2): 32/577 kB | 32/194 kB\rProgress (2): 32/577 kB | 49/194 kB\rProgress (2): 49/577 kB | 49/194 kB\rProgress (2): 49/577 kB | 65/194 kB\rProgress (2): 65/577 kB | 65/194 kB\rProgress (2): 65/577 kB | 81/194 kB\rProgress (2): 77/577 kB | 81/194 kB\rProgress (2): 94/577 kB | 81/194 kB\rProgress (2): 94/577 kB | 97/194 kB\rProgress (2): 110/577 kB | 97/194 kB\rProgress (2): 127/577 kB | 97/194 kB\rProgress (2): 143/577 kB | 97/194 kB\rProgress (2): 143/577 kB | 114/194 kB\rProgress (2): 159/577 kB | 114/194 kB\rProgress (2): 159/577 kB | 130/194 kB\rProgress (2): 176/577 kB | 130/194 kB\rProgress (2): 192/577 kB | 130/194 kB\rProgress (2): 209/577 kB | 130/194 kB\rProgress (2): 225/577 kB | 130/194 kB\rProgress (2): 241/577 kB | 130/194 kB\rProgress (2): 241/577 kB | 147/194 kB\rProgress (2): 258/577 kB | 147/194 kB\rProgress (2): 274/577 kB | 147/194 kB\rProgress (2): 278/577 kB | 147/194 kB\rProgress (2): 295/577 kB | 147/194 kB\rProgress (2): 311/577 kB | 147/194 kB\rProgress (2): 311/577 kB | 163/194 kB\rProgress (2): 327/577 kB | 163/194 kB\rProgress (2): 344/577 kB | 163/194 kB\rProgress (2): 344/577 kB | 179/194 kB\rProgress (2): 360/577 kB | 179/194 kB\rProgress (2): 376/577 kB | 179/194 kB\rProgress (2): 393/577 kB | 179/194 kB\rProgress (2): 393/577 kB | 194 kB    \rProgress (2): 409/577 kB | 194 kB\rProgress (2): 426/577 kB | 194 kB\rProgress (2): 442/577 kB | 194 kB\r                                 \rDownloaded from central: https://repo.maven.apache.org/maven2/org/junit/jupiter/junit-jupiter-api/5.8.2/junit-jupiter-api-5.8.2.jar (194 kB at 1.6 MB/s)\nProgress (1): 458/577 kB\rProgress (1): 475/577 kB\rProgress (1): 491/577 kB\rProgress (1): 508/577 kB\rProgress (1): 524/577 kB\rProgress (1): 540/577 kB\rProgress (1): 557/577 kB\rProgress (1): 573/577 kB\rProgress (1): 577 kB    \r                    \rDownloaded from central: https://repo.maven.apache.org/maven2/org/junit/jupiter/junit-jupiter-params/5.8.2/junit-jupiter-params-5.8.2.jar (577 kB at 4.7 MB/s)\n[INFO] \n[INFO] --- clean:3.2.0:clean (default-clean) @ test-java-plain ---\nDownloading from central: https://repo.maven.apache.org/maven2/org/apache/maven/shared/maven-shared-utils/3.3.4/maven-shared-utils-3.3.4.pom\nProgress (1): 5.8 kB\r                    \rDownloaded from central: https://repo.maven.apache.org/maven2/org/apache/maven/shared/maven-shared-utils/3.3.4/maven-shared-utils-3.3.4.pom (5.8 kB at 486 kB/s)\nDownloading from central: https://repo.maven.apache.org/maven2/org/apache/maven/shared/maven-shared-components/34/maven-shared-components-34.pom\nProgress (1): 5.1 kB\r                    \rDownloaded from central: https://repo.maven.apache.org/maven2/org/apache/maven/shared/maven-shared-components/34/maven-shared-components-34.pom (5.1 kB at 566 kB/s)\nDownloading from central: https://repo.maven.apache.org/maven2/commons-io/commons-io/2.6/commons-io-2.6.pom\nProgress (1): 14 kB\r                   \rDownloaded from central: https://repo.maven.apache.org/maven2/commons-io/commons-io/2.6/commons-io-2.6.pom (14 kB at 1.3 MB/s)\nDownloading from central: https://repo.maven.apache.org/maven2/org/apache/commons/commons-parent/42/commons-parent-42.pom\nProgress (1): 16/68 kB\rProgress (1): 33/68 kB\rProgress (1): 49/68 kB\rProgress (1): 64/68 kB\rProgress (1): 68 kB   \r                   \rDownloaded from central: https://repo.maven.apache.org/maven2/org/apache/commons/commons-parent/42/commons-parent-42.pom (68 kB at 5.2 MB/s)\nDownloading from central: https://repo.maven.apache.org/maven2/org/apache/apache/18/apache-18.pom\nProgress (1): 16 kB\r                   \rDownloaded from central: https://repo.maven.apache.org/maven2/org/apache/apache/18/apache-18.pom (16 kB at 1.3 MB/s)\nDownloading from central: https://repo.maven.apache.org/maven2/org/apache/maven/shared/maven-shared-utils/3.3.4/maven-shared-utils-3.3.4.jar\nProgress (1): 16/153 kB\rProgress (1): 33/153 kB\rProgress (1): 49/153 kB\rProgress (1): 66/153 kB\rProgress (1): 82/153 kB\rProgress (1): 98/153 kB\rProgress (1): 115/153 kB\rProgress (1): 131/153 kB\rProgress (1): 147/153 kB\rProgress (1): 153 kB    \r                    \rDownloaded from central: https://repo.maven.apache.org/maven2/org/apache/maven/shared/maven-shared-utils/3.3.4/maven-shared-utils-3.3.4.jar (153 kB at 13 MB/s)\nDownloading from central: https://repo.maven.apache.org/maven2/commons-io/commons-io/2.6/commons-io-2.6.jar\nProgress (1): 16/215 kB\rProgress (1): 33/215 kB\rProgress (1): 49/215 kB\rProgress (1): 64/215 kB\rProgress (1): 80/215 kB\rProgress (1): 97/215 kB\rProgress (1): 113/215 kB\rProgress (1): 130/215 kB\rProgress (1): 146/215 kB\rProgress (1): 162/215 kB\rProgress (1): 179/215 kB\rProgress (1): 195/215 kB\rProgress (1): 211/215 kB\rProgress (1): 215 kB    \r                    \rDownloaded from central: https://repo.maven.apache.org/maven2/commons-io/commons-io/2.6/commons-io-2.6.jar (215 kB at 14 MB/s)\n[INFO] \n[INFO] --- resources:3.3.0:resources (default-resources) @ test-java-plain ---\nDownloading from central: https://repo.maven.apache.org/maven2/org/codehaus/plexus/plexus-interpolation/1.26/plexus-interpolation-1.26.pom\nProgress (1): 2.7 kB\r                    \rDownloaded from central: https://repo.maven.apache.org/maven2/org/codehaus/plexus/plexus-interpolation/1.26/plexus-interpolation-1.26.pom (2.7 kB at 295 kB/s)\nDownloading from central: https://repo.maven.apache.org/maven2/org/codehaus/plexus/plexus/5.1/plexus-5.1.pom\nProgress (1): 16/23 kB\rProgress (1): 23 kB   \r                   \rDownloaded from central: https://repo.maven.apache.org/maven2/org/codehaus/plexus/plexus/5.1/plexus-5.1.pom (23 kB at 2.5 MB/s)\nDownloading from central: https://repo.maven.apache.org/maven2/org/apache/maven/shared/maven-filtering/3.3.0/maven-filtering-3.3.0.pom\nProgress (1): 6.9 kB\r                    \rDownloaded from central: https://repo.maven.apache.org/maven2/org/apache/maven/shared/maven-filtering/3.3.0/maven-filtering-3.3.0.pom (6.9 kB at 867 kB/s)\nDownloading from central: https://repo.maven.apache.org/maven2/org/apache/maven/shared/maven-shared-components/36/maven-shared-components-36.pom\nProgress (1): 4.9 kB\r                    \rDownloaded from central: https://repo.maven.apache.org/maven2/org/apache/maven/shared/maven-shared-components/36/maven-shared-components-36.pom (4.9 kB at 544 kB/s)\nDownloading from central: https://repo.maven.apache.org/maven2/javax/inject/javax.inject/1/javax.inject-1.pom\nProgress (1): 612 B\r                   \rDownloaded from central: https://repo.maven.apache.org/maven2/javax/inject/javax.inject/1/javax.inject-1.pom (612 B at 76 kB/s)\nDownloading from central: https://repo.maven.apache.org/maven2/org/slf4j/slf4j-api/1.7.36/slf4j-api-1.7.36.pom\nProgress (1): 2.7 kB\r                    \rDownloaded from central: https://repo.maven.apache.org/maven2/org/slf4j/slf4j-api/1.7.36/slf4j-api-1.7.36.pom (2.7 kB at 392 kB/s)\nDownloading from central: https://repo.maven.apache.org/maven2/org/slf4j/slf4j-parent/1.7.36/slf4j-parent-1.7.36.pom\nProgress (1): 14 kB\r                   \rDownloaded from central: https://repo.maven.apache.org/maven2/org/slf4j/slf4j-parent/1.7.36/slf4j-parent-1.7.36.pom (14 kB at 1.8 MB/s)\nDownloading from central: https://repo.maven.apache.org/maven2/org/sonatype/plexus/plexus-build-api/0.0.7/plexus-build-api-0.0.7.pom\nProgress (1): 3.2 kB\r                    \rDownloaded from central: https://repo.maven.apache.org/maven2/org/sonatype/plexus/plexus-build-api/0.0.7/plexus-build-api-0.0.7.pom (3.2 kB at 400 kB/s)\nDownloading from central: https://repo.maven.apache.org/maven2/org/sonatype/spice/spice-parent/15/spice-parent-15.pom\nProgress (1): 8.4 kB\r                    \rDownloaded from central: https://repo.maven.apache.org/maven2/org/sonatype/spice/spice-parent/15/spice-parent-15.pom (8.4 kB at 1.0 MB/s)\nDownloading from central: https://repo.maven.apache.org/maven2/org/sonatype/forge/forge-parent/5/forge-parent-5.pom\nProgress (1): 8.4 kB\r                    \rDownloaded from central: https://repo.maven.apache.org/maven2/org/sonatype/forge/forge-parent/5/forge-parent-5.pom (8.4 kB at 1.0 MB/s)\nDownloading from central: https://repo.maven.apache.org/maven2/org/codehaus/plexus/plexus-utils/3.3.0/plexus-utils-3.3.0.pom\nProgress (1): 5.2 kB\r                    \rDownloaded from central: https://repo.maven.apache.org/maven2/org/codehaus/plexus/plexus-utils/3.3.0/plexus-utils-3.3.0.pom (5.2 kB at 576 kB/s)\nDownloading from central: https://repo.maven.apache.org/maven2/commons-io/commons-io/2.11.0/commons-io-2.11.0.pom\nProgress (1): 16/20 kB\rProgress (1): 20 kB   \r                   \rDownloaded from central: https://repo.maven.apache.org/maven2/commons-io/commons-io/2.11.0/commons-io-2.11.0.pom (20 kB at 2.0 MB/s)\nDownloading from central: https://repo.maven.apache.org/maven2/org/apache/commons/commons-parent/52/commons-parent-52.pom\nProgress (1): 16/79 kB\rProgress (1): 33/79 kB\rProgress (1): 49/79 kB\rProgress (1): 62/79 kB\rProgress (1): 79/79 kB\rProgress (1): 79 kB   \r                   \rDownloaded from central: https://repo.maven.apache.org/maven2/org/apache/commons/commons-parent/52/commons-parent-52.pom (79 kB at 7.9 MB/s)\nDownloading from central: https://repo.maven.apache.org/maven2/org/junit/junit-bom/5.7.2/junit-bom-5.7.2.pom\nProgress (1): 5.1 kB\r                    \rDownloaded from central: https://repo.maven.apache.org/maven2/org/junit/junit-bom/5.7.2/junit-bom-5.7.2.pom (5.1 kB at 566 kB/s)\nDownloading from central: https://repo.maven.apache.org/maven2/org/apache/commons/commons-lang3/3.12.0/commons-lang3-3.12.0.pom\nProgress (1): 16/31 kB\rProgress (1): 31 kB   \r                   \rDownloaded from central: https://repo.maven.apache.org/maven2/org/apache/commons/commons-lang3/3.12.0/commons-lang3-3.12.0.pom (31 kB at 3.4 MB/s)\nDownloading from central: https://repo.maven.apache.org/maven2/org/junit/junit-bom/5.7.1/junit-bom-5.7.1.pom\nProgress (1): 5.1 kB\r                    \rDownloaded from central: https://repo.maven.apache.org/maven2/org/junit/junit-bom/5.7.1/junit-bom-5.7.1.pom (5.1 kB at 637 kB/s)\nDownloading from central: https://repo.maven.apache.org/maven2/org/codehaus/plexus/plexus-interpolation/1.26/plexus-interpolation-1.26.jar\nProgress (1): 16/85 kB\rProgress (1): 33/85 kB\rProgress (1): 49/85 kB\rProgress (1): 63/85 kB\rProgress (1): 79/85 kB\rProgress (1): 85 kB   \r                   \rDownloaded from central: https://repo.maven.apache.org/maven2/org/codehaus/plexus/plexus-interpolation/1.26/plexus-interpolation-1.26.jar (85 kB at 9.5 MB/s)\nDownloading from central: https://repo.maven.apache.org/maven2/org/apache/maven/shared/maven-filtering/3.3.0/maven-filtering-3.3.0.jar\nDownloading from central: https://repo.maven.apache.org/maven2/javax/inject/javax.inject/1/javax.inject-1.jar\nDownloading from central: https://repo.maven.apache.org/maven2/org/slf4j/slf4j-api/1.7.36/slf4j-api-1.7.36.jar\nDownloading from central: https://repo.maven.apache.org/maven2/org/sonatype/plexus/plexus-build-api/0.0.7/plexus-build-api-0.0.7.jar\nDownloading from central: https://repo.maven.apache.org/maven2/org/codehaus/plexus/plexus-utils/3.3.0/plexus-utils-3.3.0.jar\nProgress (1): 2.5 kB\rProgress (2): 2.5 kB | 1.4/41 kB\rProgress (2): 2.5 kB | 2.8/41 kB\rProgress (2): 2.5 kB | 4.1/41 kB\rProgress (2): 2.5 kB | 5.5/41 kB\rProgress (2): 2.5 kB | 6.9/41 kB\r                                \rDownloaded from central: https://repo.maven.apache.org/maven2/javax/inject/javax.inject/1/javax.inject-1.jar (2.5 kB at 227 kB/s)\nProgress (2): 6.9/41 kB | 8.5 kB\rProgress (2): 8.3/41 kB | 8.5 kB\r                                \rDownloading from central: https://repo.maven.apache.org/maven2/commons-io/commons-io/2.11.0/commons-io-2.11.0.jar\nProgress (3): 8.3/41 kB | 8.5 kB | 16/55 kB\rProgress (3): 9.7/41 kB | 8.5 kB | 16/55 kB\rProgress (3): 11/41 kB | 8.5 kB | 16/55 kB \rProgress (3): 12/41 kB | 8.5 kB | 16/55 kB\r                                          \rDownloaded from central: https://repo.maven.apache.org/maven2/org/sonatype/plexus/plexus-build-api/0.0.7/plexus-build-api-0.0.7.jar (8.5 kB at 771 kB/s)\nProgress (2): 12/41 kB | 32/55 kB\rProgress (2): 14/41 kB | 32/55 kB\r                                 \rDownloading from central: https://repo.maven.apache.org/maven2/org/apache/commons/commons-lang3/3.12.0/commons-lang3-3.12.0.jar\nProgress (2): 15/41 kB | 32/55 kB\rProgress (2): 17/41 kB | 32/55 kB\rProgress (2): 18/41 kB | 32/55 kB\rProgress (2): 18/41 kB | 49/55 kB\rProgress (2): 19/41 kB | 49/55 kB\rProgress (2): 21/41 kB | 49/55 kB\rProgress (2): 21/41 kB | 55 kB   \rProgress (2): 22/41 kB | 55 kB\rProgress (2): 23/41 kB | 55 kB\rProgress (2): 25/41 kB | 55 kB\rProgress (2): 26/41 kB | 55 kB\rProgress (2): 28/41 kB | 55 kB\r                              \rDownloaded from central: https://repo.maven.apache.org/maven2/org/apache/maven/shared/maven-filtering/3.3.0/maven-filtering-3.3.0.jar (55 kB at 3.9 MB/s)\nProgress (2): 28/41 kB | 16/263 kB\rProgress (2): 28/41 kB | 32/263 kB\rProgress (2): 29/41 kB | 32/263 kB\rProgress (2): 30/41 kB | 32/263 kB\rProgress (2): 30/41 kB | 49/263 kB\rProgress (2): 32/41 kB | 49/263 kB\rProgress (2): 33/41 kB | 49/263 kB\rProgress (2): 34/41 kB | 49/263 kB\rProgress (2): 36/41 kB | 49/263 kB\rProgress (2): 36/41 kB | 65/263 kB\rProgress (2): 37/41 kB | 65/263 kB\rProgress (2): 39/41 kB | 65/263 kB\rProgress (2): 40/41 kB | 65/263 kB\rProgress (2): 41 kB | 65/263 kB   \rProgress (2): 41 kB | 81/263 kB\rProgress (2): 41 kB | 98/263 kB\r                               \rDownloaded from central: https://repo.maven.apache.org/maven2/org/slf4j/slf4j-api/1.7.36/slf4j-api-1.7.36.jar (41 kB at 2.6 MB/s)\nProgress (1): 114/263 kB\rProgress (1): 130/263 kB\rProgress (1): 147/263 kB\rProgress (2): 147/263 kB | 16/327 kB\rProgress (2): 163/263 kB | 16/327 kB\rProgress (2): 180/263 kB | 16/327 kB\rProgress (2): 180/263 kB | 33/327 kB\rProgress (2): 196/263 kB | 33/327 kB\rProgress (2): 212/263 kB | 33/327 kB\rProgress (3): 212/263 kB | 33/327 kB | 16/587 kB\rProgress (3): 212/263 kB | 49/327 kB | 16/587 kB\rProgress (3): 229/263 kB | 49/327 kB | 16/587 kB\rProgress (3): 229/263 kB | 49/327 kB | 33/587 kB\rProgress (3): 245/263 kB | 49/327 kB | 33/587 kB\rProgress (3): 262/263 kB | 49/327 kB | 33/587 kB\rProgress (3): 263 kB | 49/327 kB | 33/587 kB    \rProgress (3): 263 kB | 64/327 kB | 33/587 kB\r                                            \rDownloaded from central: https://repo.maven.apache.org/maven2/org/codehaus/plexus/plexus-utils/3.3.0/plexus-utils-3.3.0.jar (263 kB at 13 MB/s)\nProgress (2): 64/327 kB | 49/587 kB\rProgress (2): 81/327 kB | 49/587 kB\rProgress (2): 81/327 kB | 66/587 kB\rProgress (2): 81/327 kB | 82/587 kB\rProgress (2): 97/327 kB | 82/587 kB\rProgress (2): 113/327 kB | 82/587 kB\rProgress (2): 113/327 kB | 98/587 kB\rProgress (2): 113/327 kB | 115/587 kB\rProgress (2): 130/327 kB | 115/587 kB\rProgress (2): 130/327 kB | 131/587 kB\rProgress (2): 146/327 kB | 131/587 kB\rProgress (2): 146/327 kB | 147/587 kB\rProgress (2): 163/327 kB | 147/587 kB\rProgress (2): 163/327 kB | 164/587 kB\rProgress (2): 163/327 kB | 180/587 kB\rProgress (2): 179/327 kB | 180/587 kB\rProgress (2): 195/327 kB | 180/587 kB\rProgress (2): 195/327 kB | 197/587 kB\rProgress (2): 212/327 kB | 197/587 kB\rProgress (2): 212/327 kB | 213/587 kB\rProgress (2): 228/327 kB | 213/587 kB\rProgress (2): 228/327 kB | 229/587 kB\rProgress (2): 244/327 kB | 229/587 kB\rProgress (2): 244/327 kB | 246/587 kB\rProgress (2): 244/327 kB | 256/587 kB\rProgress (2): 244/327 kB | 272/587 kB\rProgress (2): 244/327 kB | 289/587 kB\rProgress (2): 261/327 kB | 289/587 kB\rProgress (2): 277/327 kB | 289/587 kB\rProgress (2): 294/327 kB | 289/587 kB\rProgress (2): 310/327 kB | 289/587 kB\rProgress (2): 310/327 kB | 305/587 kB\rProgress (2): 326/327 kB | 305/587 kB\rProgress (2): 327 kB | 305/587 kB    \rProgress (2): 327 kB | 321/587 kB\rProgress (2): 327 kB | 338/587 kB\r                                 \rDownloaded from central: https://repo.maven.apache.org/maven2/commons-io/commons-io/2.11.0/commons-io-2.11.0.jar (327 kB at 9.3 MB/s)\nProgress (1): 354/587 kB\rProgress (1): 370/587 kB\rProgress (1): 387/587 kB\rProgress (1): 403/587 kB\rProgress (1): 420/587 kB\rProgress (1): 436/587 kB\rProgress (1): 452/587 kB\rProgress (1): 469/587 kB\rProgress (1): 485/587 kB\rProgress (1): 502/587 kB\rProgress (1): 518/587 kB\rProgress (1): 534/587 kB\rProgress (1): 551/587 kB\rProgress (1): 567/587 kB\rProgress (1): 583/587 kB\rProgress (1): 587 kB    \r                    \rDownloaded from central: https://repo.maven.apache.org/maven2/org/apache/commons/commons-lang3/3.12.0/commons-lang3-3.12.0.jar (587 kB at 12 MB/s)\n[WARNING] Using platform encoding (ANSI_X3.4-1968 actually) to copy filtered resources, i.e. build is platform dependent!\n[INFO] skip non existing resourceDirectory /tmp/eval-dev-quality1400846753/plain/src/main/resources\n[INFO] \n[INFO] --- compiler:3.10.1:compile (default-compile) @ test-java-plain ---\nDownloading from central: https://repo.maven.apache.org/maven2/org/apache/maven/shared/maven-shared-incremental/1.1/maven-shared-incremental-1.1.pom\nProgress (1): 4.7 kB\r                    \rDownloaded from central: https://repo.maven.apache.org/maven2/org/apache/maven/shared/maven-shared-incremental/1.1/maven-shared-incremental-1.1.pom (4.7 kB at 431 kB/s)\nDownloading from central: https://repo.maven.apache.org/maven2/org/apache/maven/shared/maven-shared-components/19/maven-shared-components-19.pom\nProgress (1): 6.4 kB\r                    \rDownloaded from central: https://repo.maven.apache.org/maven2/org/apache/maven/shared/maven-shared-components/19/maven-shared-components-19.pom (6.4 kB at 636 kB/s)\nDownloading from central: https://repo.maven.apache.org/maven2/org/apache/maven/maven-parent/23/maven-parent-23.pom\nProgress (1): 16/33 kB\rProgress (1): 32/33 kB\rProgress (1): 33 kB   \r                   \rDownloaded from central: https://repo.maven.apache.org/maven2/org/apache/maven/maven-parent/23/maven-parent-23.pom (33 kB at 3.0 MB/s)\nDownloading from central: https://repo.maven.apache.org/maven2/org/apache/apache/13/apache-13.pom\nProgress (1): 14 kB\r                   \rDownloaded from central: https://repo.maven.apache.org/maven2/org/apache/apache/13/apache-13.pom (14 kB at 1.6 MB/s)\nDownloading from central: https://repo.maven.apache.org/maven2/org/codehaus/plexus/plexus-component-annotations/2.0.0/plexus-component-annotations-2.0.0.pom\nProgress (1): 750 B\r                   \rDownloaded from central: https://repo.maven.apache.org/maven2/org/codehaus/plexus/plexus-component-annotations/2.0.0/plexus-component-annotations-2.0.0.pom (750 B at 94 kB/s)\nDownloading from central: https://repo.maven.apache.org/maven2/org/codehaus/plexus/plexus-containers/2.0.0/plexus-containers-2.0.0.pom\nProgress (1): 4.8 kB\r                    \rDownloaded from central: https://repo.maven.apache.org/maven2/org/codehaus/plexus/plexus-containers/2.0.0/plexus-containers-2.0.0.pom (4.8 kB at 601 kB/s)\nDownloading from central: https://repo.maven.apache.org/maven2/org/codehaus/plexus/plexus-java/1.1.1/plexus-java-1.1.1.pom\nProgress (1): 5.0 kB\r                    \rDownloaded from central: https://repo.maven.apache.org/maven2/org/codehaus/plexus/plexus-java/1.1.1/plexus-java-1.1.1.pom (5.0 kB at 710 kB/s)\nDownloading from central: https://repo.maven.apache.org/maven2/org/codehaus/plexus/plexus-languages/1.1.1/plexus-languages-1.1.1.pom\nProgress (1): 4.6 kB\r                    \rDownloaded from central: https://repo.maven.apache.org/maven2/org/codehaus/plexus/plexus-languages/1.1.1/plexus-languages-1.1.1.pom (4.6 kB at 577 kB/s)\nDownloading from central: https://repo.maven.apache.org/maven2/org/codehaus/plexus/plexus/8/plexus-8.pom\nProgress (1): 16/25 kB\rProgress (1): 25 kB   \r                   \rDownloaded from central: https://repo.maven.apache.org/maven2/org/codehaus/plexus/plexus/8/plexus-8.pom (25 kB at 2.8 MB/s)\nDownloading from central: https://repo.maven.apache.org/maven2/org/ow2/asm/asm/9.2/asm-9.2.pom\nProgress (1): 2.4 kB\r                    \rDownloaded from central: https://repo.maven.apache.org/maven2/org/ow2/asm/asm/9.2/asm-9.2.pom (2.4 kB at 296 kB/s)\nDownloading from central: https://repo.maven.apache.org/maven2/org/ow2/ow2/1.5/ow2-1.5.pom\nProgress (1): 11 kB\r                   \rDownloaded from central: https://repo.maven.apache.org/maven2/org/ow2/ow2/1.5/ow2-1.5.pom (11 kB at 1.6 MB/s)\nDownloading from central: https://repo.maven.apache.org/maven2/com/thoughtworks/qdox/qdox/2.0.1/qdox-2.0.1.pom\nProgress (1): 16 kB\r                   \rDownloaded from central: https://repo.maven.apache.org/maven2/com/thoughtworks/qdox/qdox/2.0.1/qdox-2.0.1.pom (16 kB at 2.3 MB/s)\nDownloading from central: https://repo.maven.apache.org/maven2/org/sonatype/oss/oss-parent/9/oss-parent-9.pom\nProgress (1): 6.6 kB\r                    \rDownloaded from central: https://repo.maven.apache.org/maven2/org/sonatype/oss/oss-parent/9/oss-parent-9.pom (6.6 kB at 821 kB/s)\nDownloading from central: https://repo.maven.apache.org/maven2/org/codehaus/plexus/plexus-compiler-api/2.11.1/plexus-compiler-api-2.11.1.pom\nProgress (1): 1.1 kB\r                    \rDownloaded from central: https://repo.maven.apache.org/maven2/org/codehaus/plexus/plexus-compiler-api/2.11.1/plexus-compiler-api-2.11.1.pom (1.1 kB at 151 kB/s)\nDownloading from central: https://repo.maven.apache.org/maven2/org/codehaus/plexus/plexus-compiler/2.11.1/plexus-compiler-2.11.1.pom\nProgress (1): 8.1 kB\r                    \rDownloaded from central: https://repo.maven.apache.org/maven2/org/codehaus/plexus/plexus-compiler/2.11.1/plexus-compiler-2.11.1.pom (8.1 kB at 1.0 MB/s)\nDownloading from central: https://repo.maven.apache.org/maven2/org/codehaus/plexus/plexus-components/6.6/plexus-components-6.6.pom\nProgress (1): 2.7 kB\r                    \rDownloaded from central: https://repo.maven.apache.org/maven2/org/codehaus/plexus/plexus-components/6.6/plexus-components-6.6.pom (2.7 kB at 334 kB/s)\nDownloading from central: https://repo.maven.apache.org/maven2/org/codehaus/plexus/plexus-utils/3.4.1/plexus-utils-3.4.1.pom\nProgress (1): 8.0 kB\r                    \rDownloaded from central: https://repo.maven.apache.org/maven2/org/codehaus/plexus/plexus-utils/3.4.1/plexus-utils-3.4.1.pom (8.0 kB at 1.1 MB/s)\nDownloading from central: https://repo.maven.apache.org/maven2/org/codehaus/plexus/plexus-compiler-manager/2.11.1/plexus-compiler-manager-2.11.1.pom\nProgress (1): 1.1 kB\r                    \rDownloaded from central: https://repo.maven.apache.org/maven2/org/codehaus/plexus/plexus-compiler-manager/2.11.1/plexus-compiler-manager-2.11.1.pom (1.1 kB at 163 kB/s)\nDownloading from central: https://repo.maven.apache.org/maven2/org/codehaus/plexus/plexus-compiler-javac/2.11.1/plexus-compiler-javac-2.11.1.pom\nProgress (1): 1.2 kB\r                    \rDownloaded from central: https://repo.maven.apache.org/maven2/org/codehaus/plexus/plexus-compiler-javac/2.11.1/plexus-compiler-javac-2.11.1.pom (1.2 kB at 150 kB/s)\nDownloading from central: https://repo.maven.apache.org/maven2/org/codehaus/plexus/plexus-compilers/2.11.1/plexus-compilers-2.11.1.pom\nProgress (1): 1.3 kB\r                    \rDownloaded from central: https://repo.maven.apache.org/maven2/org/codehaus/plexus/plexus-compilers/2.11.1/plexus-compilers-2.11.1.pom (1.3 kB at 189 kB/s)\nDownloading from central: https://repo.maven.apache.org/maven2/org/apache/maven/shared/maven-shared-incremental/1.1/maven-shared-incremental-1.1.jar\nProgress (1): 14 kB\r                   \rDownloaded from central: https://repo.maven.apache.org/maven2/org/apache/maven/shared/maven-shared-incremental/1.1/maven-shared-incremental-1.1.jar (14 kB at 1.7 MB/s)\nDownloading from central: https://repo.maven.apache.org/maven2/org/codehaus/plexus/plexus-component-annotations/2.0.0/plexus-component-annotations-2.0.0.jar\nDownloading from central: https://repo.maven.apache.org/maven2/org/codehaus/plexus/plexus-java/1.1.1/plexus-java-1.1.1.jar\nDownloading from central: https://repo.maven.apache.org/maven2/org/ow2/asm/asm/9.2/asm-9.2.jar\nDownloading from central: https://repo.maven.apache.org/maven2/com/thoughtworks/qdox/qdox/2.0.1/qdox-2.0.1.jar\nDownloading from central: https://repo.maven.apache.org/maven2/org/codehaus/plexus/plexus-compiler-api/2.11.1/plexus-compiler-api-2.11.1.jar\nProgress (1): 16/122 kB\rProgress (2): 16/122 kB | 4.2 kB\rProgress (2): 33/122 kB | 4.2 kB\rProgress (3): 33/122 kB | 4.2 kB | 16/54 kB\r                                           \rDownloaded from central: https://repo.maven.apache.org/maven2/org/codehaus/plexus/plexus-component-annotations/2.0.0/plexus-component-annotations-2.0.0.jar (4.2 kB at 423 kB/s)\nDownloading from central: https://repo.maven.apache.org/maven2/org/codehaus/plexus/plexus-utils/3.4.1/plexus-utils-3.4.1.jar\nProgress (2): 33/122 kB | 33/54 kB\rProgress (2): 49/122 kB | 33/54 kB\rProgress (3): 49/122 kB | 33/54 kB | 16/27 kB\rProgress (3): 66/122 kB | 33/54 kB | 16/27 kB\rProgress (3): 66/122 kB | 33/54 kB | 27 kB   \rProgress (3): 66/122 kB | 49/54 kB | 27 kB\rProgress (3): 66/122 kB | 54 kB | 27 kB   \r                                       \rDownloaded from central: https://repo.maven.apache.org/maven2/org/codehaus/plexus/plexus-compiler-api/2.11.1/plexus-compiler-api-2.11.1.jar (27 kB at 2.7 MB/s)\nDownloading from central: https://repo.maven.apache.org/maven2/org/codehaus/plexus/plexus-compiler-manager/2.11.1/plexus-compiler-manager-2.11.1.jar\nProgress (3): 66/122 kB | 54 kB | 16/334 kB\rProgress (3): 82/122 kB | 54 kB | 16/334 kB\r                                           \rDownloaded from central: https://repo.maven.apache.org/maven2/org/codehaus/plexus/plexus-java/1.1.1/plexus-java-1.1.1.jar (54 kB at 4.1 MB/s)\nDownloading from central: https://repo.maven.apache.org/maven2/org/codehaus/plexus/plexus-compiler-javac/2.11.1/plexus-compiler-javac-2.11.1.jar\nProgress (2): 82/122 kB | 32/334 kB\rProgress (2): 82/122 kB | 49/334 kB\rProgress (2): 82/122 kB | 65/334 kB\rProgress (2): 82/122 kB | 81/334 kB\rProgress (2): 82/122 kB | 98/334 kB\rProgress (2): 98/122 kB | 98/334 kB\rProgress (2): 98/122 kB | 114/334 kB\rProgress (2): 115/122 kB | 114/334 kB\rProgress (2): 115/122 kB | 130/334 kB\rProgress (2): 122 kB | 130/334 kB    \rProgress (2): 122 kB | 147/334 kB\rProgress (2): 122 kB | 163/334 kB\r                                 \rDownloaded from central: https://repo.maven.apache.org/maven2/org/ow2/asm/asm/9.2/asm-9.2.jar (122 kB at 7.6 MB/s)\nProgress (1): 180/334 kB\rProgress (1): 196/334 kB\rProgress (1): 212/334 kB\rProgress (1): 229/334 kB\rProgress (2): 229/334 kB | 4.7 kB\rProgress (2): 245/334 kB | 4.7 kB\rProgress (3): 245/334 kB | 4.7 kB | 16/264 kB\r                                             \rDownloaded from central: https://repo.maven.apache.org/maven2/org/codehaus/plexus/plexus-compiler-manager/2.11.1/plexus-compiler-manager-2.11.1.jar (4.7 kB at 274 kB/s)\nProgress (2): 262/334 kB | 16/264 kB\rProgress (3): 262/334 kB | 16/264 kB | 16/23 kB\rProgress (3): 262/334 kB | 32/264 kB | 16/23 kB\rProgress (3): 278/334 kB | 32/264 kB | 16/23 kB\rProgress (3): 278/334 kB | 49/264 kB | 16/23 kB\rProgress (3): 294/334 kB | 49/264 kB | 16/23 kB\rProgress (3): 294/334 kB | 49/264 kB | 23 kB   \rProgress (3): 311/334 kB | 49/264 kB | 23 kB\rProgress (3): 311/334 kB | 65/264 kB | 23 kB\r                                            \rDownloaded from central: https://repo.maven.apache.org/maven2/org/codehaus/plexus/plexus-compiler-javac/2.11.1/plexus-compiler-javac-2.11.1.jar (23 kB at 1.2 MB/s)\nProgress (2): 327/334 kB | 65/264 kB\rProgress (2): 327/334 kB | 81/264 kB\rProgress (2): 334 kB | 81/264 kB    \r                                \rDownloaded from central: https://repo.maven.apache.org/maven2/com/thoughtworks/qdox/qdox/2.0.1/qdox-2.0.1.jar (334 kB at 16 MB/s)\nProgress (1): 98/264 kB\rProgress (1): 114/264 kB\rProgress (1): 130/264 kB\rProgress (1): 147/264 kB\rProgress (1): 163/264 kB\rProgress (1): 180/264 kB\rProgress (1): 196/264 kB\rProgress (1): 212/264 kB\rProgress (1): 229/264 kB\rProgress (1): 245/264 kB\rProgress (1): 262/264 kB\rProgress (1): 264 kB    \r                    \rDownloaded from central: https://repo.maven.apache.org/maven2/org/codehaus/plexus/plexus-utils/3.4.1/plexus-utils-3.4.1.jar (264 kB at 9.8 MB/s)\n[INFO] Changes detected - recompiling the module!\n[WARNING] File encoding has not been set, using platform encoding ANSI_X3.4-1968, i.e. build is platform dependent!\n[INFO] Compiling 1 source file to /tmp/eval-dev-quality1400846753/plain/target/classes\n[INFO] \n[INFO] --- resources:3.3.0:resources (default-resources) @ test-java-plain ---\n[WARNING] Using platform encoding (ANSI_X3.4-1968 actually) to copy filtered resources, i.e. build is platform dependent!\n[INFO] skip non existing resourceDirectory /tmp/eval-dev-quality1400846753/plain/src/main/resources\n[INFO] \n[INFO] --- compiler:3.10.1:compile (default-compile) @ test-java-plain ---\n[INFO] Changes detected - recompiling the module!\n[WARNING] File encoding has not been set, using platform encoding ANSI_X3.4-1968, i.e. build is platform dependent!\n[INFO] Compiling 1 source file to /tmp/eval-dev-quality1400846753/plain/target/classes\n[INFO] \n[INFO] --- resources:3.3.0:testResources (default-testResources) @ test-java-plain ---\n[WARNING] Using platform encoding (ANSI_X3.4-1968 actually) to copy filtered resources, i.e. build is platform dependent!\n[INFO] skip non existing resourceDirectory /tmp/eval-dev-quality1400846753/plain/src/test/resources\n[INFO] \n[INFO] --- compiler:3.10.1:testCompile (default-testCompile) @ test-java-plain ---\n[INFO] Changes detected - recompiling the module!\n[WARNING] File encoding has not been set, using platform encoding ANSI_X3.4-1968, i.e. build is platform dependent!\n[INFO] Compiling 1 source file to /tmp/eval-dev-quality1400846753/plain/target/test-classes\n[INFO] -------------------------------------------------------------\n[ERROR] COMPILATION ERROR : \n[INFO] -------------------------------------------------------------\n[ERROR] /tmp/eval-dev-quality1400846753/plain/src/test/java/com/eval/PlainTest.java:[7,9] cannot find symbol\n  symbol:   variable Plain\n  location: class PlainTest\n[INFO] 1 error\n[INFO] -------------------------------------------------------------\n[INFO] ------------------------------------------------------------------------\n[INFO] BUILD FAILURE\n[INFO] ------------------------------------------------------------------------\n[INFO] Total time:  2.785 s\n[INFO] Finished at: 2024-06-19T10:47:45Z\n[INFO] ------------------------------------------------------------------------\n[ERROR] Failed to execute goal org.apache.maven.plugins:maven-compiler-plugin:3.10.1:testCompile (default-testCompile) on project test-java-plain: Compilation failure\n[ERROR] /tmp/eval-dev-quality1400846753/plain/src/test/java/com/eval/PlainTest.java:[7,9] cannot find symbol\n[ERROR]   symbol:   variable Plain\n[ERROR]   location: class PlainTest\n[ERROR] \n[ERROR] -> [Help 1]\n[ERROR] \n[ERROR] To see the full stack trace of the errors, re-run Maven with the -e switch.\n[ERROR] Re-run Maven using the -X switch to enable full debug logging.\n[ERROR] \n[ERROR] For more information about the errors and possible solutions, please read the following articles:\n[ERROR] [Help 1] http://cwiki.apache.org/confluence/display/MAVEN/MojoFailureException\n",
}
Stacktrace: goroutine 1 [running]:
gitlab.nethead.at/symflower/symflower/model/errors.NewInternalError({0x1f42da0?, 0xc00067f420}, {0xffa8c0?, 0xc0006f7db8})
	gitlab.nethead.at/symflower/symflower/model/errors/error.go:850 +0x59
gitlab.nethead.at/symflower/symflower/language/java/execute.MavenDependencyCommand.func1()
	gitlab.nethead.at/symflower/symflower/language/java/execute/maven.go:80 +0x1ef
github.com/avast/retry-go.Do(0xc0007078b8, {0xc0007078a0, 0x3, 0x418c94?})
	github.com/avast/retry-go/retry.go:135 +0x5a3
gitlab.nethead.at/symflower/symflower/language/java/execute.MavenDependencyCommand({0xc0008142a0, 0x26}, 0x0, {0xc00080dec0, 0x6, 0x6})
	gitlab.nethead.at/symflower/symflower/language/java/execute/maven.go:60 +0x1c5
gitlab.nethead.at/symflower/symflower/language/java/execute.MavenCloverCoverage({0xc0008142a0, 0x26})
	gitlab.nethead.at/symflower/symflower/language/java/execute/clover.go:131 +0xc9
gitlab.nethead.at/symflower/symflower/cmd/symflower-local/cmd.(*commandTest).Execute(0xc0000fd578, {0xc0000fd400?, 0x7f8ff95981d8?, 0xc0000fd578?})
	gitlab.nethead.at/symflower/symflower/cmd/symflower-local/cmd/test.go:143 +0x54f
gitlab.nethead.at/symflower/symflower/cmd.ExecuteNoExit({0x1f425e0?, 0xc0000fd400}, {0xc000234000?, 0x2782d80?, 0xc000143ed8?})
	gitlab.nethead.at/symflower/symflower/cmd/execute.go:56 +0x2d0
gitlab.nethead.at/symflower/symflower/cmd.Execute({0x1f425e0?, 0xc0000fd400?}, {0xc000234000?, 0x274c500?, 0xc0000fd400?})
	gitlab.nethead.at/symflower/symflower/cmd/execute.go:16 +0x26
gitlab.nethead.at/symflower/symflower/cmd.ExecuteWithOSArguments(...)
	gitlab.nethead.at/symflower/symflower/cmd/execute.go:75
main.main.func1()
	gitlab.nethead.at/symflower/symflower/cmd/symflower-demo/main.go:40 +0x34
gitlab.nethead.at/symflower/symflower/cmd/symflower-local/cmd.(*Command).WithPanicReporter(0xc000200058?, 0x2636b18?)
	gitlab.nethead.at/symflower/symflower/cmd/symflower-local/cmd/cmd.go:184 +0x48
main.main()
	gitlab.nethead.at/symflower/symflower/cmd/symflower-demo/main.go:39 +0xa5

2024/06/19 10:47:45 Evaluated model "openrouter/nousresearch/nous-capybara-7b" on task "write-tests" using language "java" and repository "java/plain": encountered 1 problems: [exit status 1
[0;34mGive us your feedback and let us know how we can improve Symflower at hello@symflower.com or https://github.com/symflower/symflower. Thanks so much for your help![0m
ERROR: All attempts fail:
#1: Internal error: exit status 1:
[]interface {}{
    "/tmp/eval-dev-quality1400846753/plain/",
    "[INFO] Scanning for projects...\n[WARNING] \n[WARNING] Some problems were encountered while building the effective model for eval.dev.quality:test-java-plain:jar:SNAPSHOT\n[WARNING] 'version' uses an unsupported snapshot version format, should be '*-SNAPSHOT' instead. @ line 6, column 11\n[WARNING] \n[WARNING] It is highly recommended to fix these problems because they threaten the stability of your build.\n[WARNING] \n[WARNING] For this reason, future Maven versions might no longer support building such malformed projects.\n[WARNING] \nDownloading from central: https://repo.maven.apache.org/maven2/org/openclover/clover-maven-plugin/4.5.2/clover-maven-plugin-4.5.2.pom\nProgress (1): 1.4/16 kB\rProgress (1): 2.8/16 kB\rProgress (1): 4.1/16 kB\rProgress (1): 5.5/16 kB\rProgress (1): 6.9/16 kB\rProgress (1): 8.3/16 kB\rProgress (1): 9.7/16 kB\rProgress (1): 11/16 kB \rProgress (1): 12/16 kB\rProgress (1): 14/16 kB\rProgress (1): 15/16 kB\rProgress (1): 16 kB   \r                   \rDownloaded from central: https://repo.maven.apache.org/maven2/org/openclover/clover-maven-plugin/4.5.2/clover-maven-plugin-4.5.2.pom (16 kB at 73 kB/s)\nDownloading from central: https://repo.maven.apache.org/maven2/org/openclover/clover-maven-plugin/4.5.2/clover-maven-plugin-4.5.2.jar\nProgress (1): 1.4/148 kB\rProgress (1): 2.8/148 kB\rProgress (1): 4.1/148 kB\rProgress (1): 5.5/148 kB\rProgress (1): 6.9/148 kB\rProgress (1): 8.3/148 kB\rProgress (1): 9.7/148 kB\rProgress (1): 11/148 kB \rProgress (1): 12/148 kB\rProgress (1): 14/148 kB\rProgress (1): 15/148 kB\rProgress (1): 17/148 kB\rProgress (1): 18/148 kB\rProgress (1): 19/148 kB\rProgress (1): 21/148 kB\rProgress (1): 22/148 kB\rProgress (1): 23/148 kB\rProgress (1): 25/148 kB\rProgress (1): 26/148 kB\rProgress (1): 28/148 kB\rProgress (1): 29/148 kB\rProgress (1): 30/148 kB\rProgress (1): 32/148 kB\rProgress (1): 33/148 kB\rProgress (1): 33/148 kB\rProgress (1): 50/148 kB\rProgress (1): 66/148 kB\rProgress (1): 83/148 kB\rProgress (1): 99/148 kB\rProgress (1): 115/148 kB\rProgress (1): 132/148 kB\rProgress (1): 148 kB    \r                    \rDownloaded from central: https://repo.maven.apache.org/maven2/org/openclover/clover-maven-plugin/4.5.2/clover-maven-plugin-4.5.2.jar (148 kB at 5.1 MB/s)\n[INFO] \n[INFO] ------------------< eval.dev.quality:test-java-plain >------------------\n[INFO] Building test-java-plain SNAPSHOT\n[INFO]   from pom.xml\n[INFO] --------------------------------[ jar ]---------------------------------\nDownloading from central: https://repo.maven.apache.org/maven2/org/apache/maven/plugins/maven-clean-plugin/3.2.0/maven-clean-plugin-3.2.0.pom\nProgress (1): 5.3 kB\r                    \rDownloaded from central: https://repo.maven.apache.org/maven2/org/apache/maven/plugins/maven-clean-plugin/3.2.0/maven-clean-plugin-3.2.0.pom (5.3 kB at 442 kB/s)\nDownloading from central: https://repo.maven.apache.org/maven2/org/apache/maven/plugins/maven-plugins/35/maven-plugins-35.pom\nProgress (1): 9.9 kB\r                    \rDownloaded from central: https://repo.maven.apache.org/maven2/org/apache/maven/plugins/maven-plugins/35/maven-plugins-35.pom (9.9 kB at 1.1 MB/s)\nDownloading from central: https://repo.maven.apache.org/maven2/org/apache/maven/maven-parent/35/maven-parent-35.pom\nProgress (1): 16/45 kB\rProgress (1): 32/45 kB\rProgress (1): 45 kB   \r                   \rDownloaded from central: https://repo.maven.apache.org/maven2/org/apache/maven/maven-parent/35/maven-parent-35.pom (45 kB at 3.2 MB/s)\nDownloading from central: https://repo.maven.apache.org/maven2/org/apache/apache/25/apache-25.pom\nProgress (1): 16/21 kB\rProgress (1): 21 kB   \r                   \rDownloaded from central: https://repo.maven.apache.org/maven2/org/apache/apache/25/apache-25.pom (21 kB at 2.1 MB/s)\nDownloading from central: https://repo.maven.apache.org/maven2/org/apache/maven/plugins/maven-clean-plugin/3.2.0/maven-clean-plugin-3.2.0.jar\nProgress (1): 16/36 kB\rProgress (1): 33/36 kB\rProgress (1): 36 kB   \r                   \rDownloaded from central: https://repo.maven.apache.org/maven2/org/apache/maven/plugins/maven-clean-plugin/3.2.0/maven-clean-plugin-3.2.0.jar (36 kB at 3.0 MB/s)\nDownloading from central: https://repo.maven.apache.org/maven2/org/apache/maven/plugins/maven-resources-plugin/3.3.0/maven-resources-plugin-3.3.0.pom\nProgress (1): 8.5 kB\r                    \rDownloaded from central: https://repo.maven.apache.org/maven2/org/apache/maven/plugins/maven-resources-plugin/3.3.0/maven-resources-plugin-3.3.0.pom (8.5 kB at 708 kB/s)\nDownloading from central: https://repo.maven.apache.org/maven2/org/apache/maven/plugins/maven-plugins/36/maven-plugins-36.pom\nProgress (1): 9.9 kB\r                    \rDownloaded from central: https://repo.maven.apache.org/maven2/org/apache/maven/plugins/maven-plugins/36/maven-plugins-36.pom (9.9 kB at 990 kB/s)\nDownloading from central: https://repo.maven.apache.org/maven2/org/apache/maven/maven-parent/36/maven-parent-36.pom\nProgress (1): 16/45 kB\rProgress (1): 32/45 kB\rProgress (1): 45 kB   \r                   \rDownloaded from central: https://repo.maven.apache.org/maven2/org/apache/maven/maven-parent/36/maven-parent-36.pom (45 kB at 4.1 MB/s)\nDownloading from central: https://repo.maven.apache.org/maven2/org/apache/apache/26/apache-26.pom\nProgress (1): 16/21 kB\rProgress (1): 21 kB   \r                   \rDownloaded from central: https://repo.maven.apache.org/maven2/org/apache/apache/26/apache-26.pom (21 kB at 2.3 MB/s)\nDownloading from central: https://repo.maven.apache.org/maven2/org/apache/maven/plugins/maven-resources-plugin/3.3.0/maven-resources-plugin-3.3.0.jar\nProgress (1): 16/32 kB\rProgress (1): 32 kB   \r                   \rDownloaded from central: https://repo.maven.apache.org/maven2/org/apache/maven/plugins/maven-resources-plugin/3.3.0/maven-resources-plugin-3.3.0.jar (32 kB at 3.2 MB/s)\nDownloading from central: https://repo.maven.apache.org/maven2/org/apache/maven/plugins/maven-compiler-plugin/3.10.1/maven-compiler-plugin-3.10.1.pom\nProgress (1): 13 kB\r                   \rDownloaded from central: https://repo.maven.apache.org/maven2/org/apache/maven/plugins/maven-compiler-plugin/3.10.1/maven-compiler-plugin-3.10.1.pom (13 kB at 1.4 MB/s)\nDownloading from central: https://repo.maven.apache.org/maven2/org/apache/maven/plugins/maven-plugins/34/maven-plugins-34.pom\nProgress (1): 11 kB\r                   \rDownloaded from central: https://repo.maven.apache.org/maven2/org/apache/maven/plugins/maven-plugins/34/maven-plugins-34.pom (11 kB at 1.2 MB/s)\nDownloading from central: https://repo.maven.apache.org/maven2/org/apache/maven/maven-parent/34/maven-parent-34.pom\nProgress (1): 16/43 kB\rProgress (1): 33/43 kB\rProgress (1): 43 kB   \r                   \rDownloaded from central: https://repo.maven.apache.org/maven2/org/apache/maven/maven-parent/34/maven-parent-34.pom (43 kB at 4.3 MB/s)\nDownloading from central: https://repo.maven.apache.org/maven2/org/apache/apache/23/apache-23.pom\nProgress (1): 16/18 kB\rProgress (1): 18 kB   \r                   \rDownloaded from central: https://repo.maven.apache.org/maven2/org/apache/apache/23/apache-23.pom (18 kB at 2.0 MB/s)\nDownloading from central: https://repo.maven.apache.org/maven2/org/apache/maven/plugins/maven-compiler-plugin/3.10.1/maven-compiler-plugin-3.10.1.jar\nProgress (1): 16/62 kB\rProgress (1): 32/62 kB\rProgress (1): 49/62 kB\rProgress (1): 62 kB   \r                   \rDownloaded from central: https://repo.maven.apache.org/maven2/org/apache/maven/plugins/maven-compiler-plugin/3.10.1/maven-compiler-plugin-3.10.1.jar (62 kB at 5.6 MB/s)\nDownloading from central: https://repo.maven.apache.org/maven2/org/apache/maven/plugins/maven-surefire-plugin/3.2.5/maven-surefire-plugin-3.2.5.pom\nProgress (1): 5.3 kB\r                    \rDownloaded from central: https://repo.maven.apache.org/maven2/org/apache/maven/plugins/maven-surefire-plugin/3.2.5/maven-surefire-plugin-3.2.5.pom (5.3 kB at 484 kB/s)\nDownloading from central: https://repo.maven.apache.org/maven2/org/apache/maven/surefire/surefire/3.2.5/surefire-3.2.5.pom\nProgress (1): 16/22 kB\rProgress (1): 22 kB   \r                   \rDownloaded from central: https://repo.maven.apache.org/maven2/org/apache/maven/surefire/surefire/3.2.5/surefire-3.2.5.pom (22 kB at 2.0 MB/s)\nDownloading from central: https://repo.maven.apache.org/maven2/org/apache/maven/maven-parent/41/maven-parent-41.pom\nProgress (1): 16/50 kB\rProgress (1): 32/50 kB\rProgress (1): 49/50 kB\rProgress (1): 50 kB   \r                   \rDownloaded from central: https://repo.maven.apache.org/maven2/org/apache/maven/maven-parent/41/maven-parent-41.pom (50 kB at 4.2 MB/s)\nDownloading from central: https://repo.maven.apache.org/maven2/org/apache/apache/31/apache-31.pom\nProgress (1): 16/24 kB\rProgress (1): 24 kB   \r                   \rDownloaded from central: https://repo.maven.apache.org/maven2/org/apache/apache/31/apache-31.pom (24 kB at 2.0 MB/s)\nDownloading from central: https://repo.maven.apache.org/maven2/org/junit/junit-bom/5.9.3/junit-bom-5.9.3.pom\nProgress (1): 5.6 kB\r                    \rDownloaded from central: https://repo.maven.apache.org/maven2/org/junit/junit-bom/5.9.3/junit-bom-5.9.3.pom (5.6 kB at 469 kB/s)\nDownloading from central: https://repo.maven.apache.org/maven2/org/apache/maven/plugins/maven-surefire-plugin/3.2.5/maven-surefire-plugin-3.2.5.jar\nProgress (1): 16/45 kB\rProgress (1): 33/45 kB\rProgress (1): 45 kB   \r                   \rDownloaded from central: https://repo.maven.apache.org/maven2/org/apache/maven/plugins/maven-surefire-plugin/3.2.5/maven-surefire-plugin-3.2.5.jar (45 kB at 3.7 MB/s)\nDownloading from central: https://repo.maven.apache.org/maven2/org/junit/jupiter/junit-jupiter/5.8.2/junit-jupiter-5.8.2.pom\nProgress (1): 3.2 kB\r                    \rDownloaded from central: https://repo.maven.apache.org/maven2/org/junit/jupiter/junit-jupiter/5.8.2/junit-jupiter-5.8.2.pom (3.2 kB at 291 kB/s)\nDownloading from central: https://repo.maven.apache.org/maven2/org/junit/junit-bom/5.8.2/junit-bom-5.8.2.pom\nProgress (1): 5.6 kB\r                    \rDownloaded from central: https://repo.maven.apache.org/maven2/org/junit/junit-bom/5.8.2/junit-bom-5.8.2.pom (5.6 kB at 512 kB/s)\nDownloading from central: https://repo.maven.apache.org/maven2/org/junit/jupiter/junit-jupiter-api/5.8.2/junit-jupiter-api-5.8.2.pom\nProgress (1): 3.2 kB\r                    \rDownloaded from central: https://repo.maven.apache.org/maven2/org/junit/jupiter/junit-jupiter-api/5.8.2/junit-jupiter-api-5.8.2.pom (3.2 kB at 289 kB/s)\nDownloading from central: https://repo.maven.apache.org/maven2/org/opentest4j/opentest4j/1.2.0/opentest4j-1.2.0.pom\nProgress (1): 1.7 kB\r                    \rDownloaded from central: https://repo.maven.apache.org/maven2/org/opentest4j/opentest4j/1.2.0/opentest4j-1.2.0.pom (1.7 kB at 140 kB/s)\nDownloading from central: https://repo.maven.apache.org/maven2/org/junit/platform/junit-platform-commons/1.8.2/junit-platform-commons-1.8.2.pom\nProgress (1): 2.8 kB\r                    \rDownloaded from central: https://repo.maven.apache.org/maven2/org/junit/platform/junit-platform-commons/1.8.2/junit-platform-commons-1.8.2.pom (2.8 kB at 257 kB/s)\nDownloading from central: https://repo.maven.apache.org/maven2/org/apiguardian/apiguardian-api/1.1.2/apiguardian-api-1.1.2.pom\nProgress (1): 1.5 kB\r                    \rDownloaded from central: https://repo.maven.apache.org/maven2/org/apiguardian/apiguardian-api/1.1.2/apiguardian-api-1.1.2.pom (1.5 kB at 153 kB/s)\nDownloading from central: https://repo.maven.apache.org/maven2/org/junit/jupiter/junit-jupiter-params/5.8.2/junit-jupiter-params-5.8.2.pom\nProgress (1): 3.0 kB\r                    \rDownloaded from central: https://repo.maven.apache.org/maven2/org/junit/jupiter/junit-jupiter-params/5.8.2/junit-jupiter-params-5.8.2.pom (3.0 kB at 273 kB/s)\nDownloading from central: https://repo.maven.apache.org/maven2/org/junit/jupiter/junit-jupiter-engine/5.8.2/junit-jupiter-engine-5.8.2.pom\nProgress (1): 3.2 kB\r                    \rDownloaded from central: https://repo.maven.apache.org/maven2/org/junit/jupiter/junit-jupiter-engine/5.8.2/junit-jupiter-engine-5.8.2.pom (3.2 kB at 320 kB/s)\nDownloading from central: https://repo.maven.apache.org/maven2/org/junit/platform/junit-platform-engine/1.8.2/junit-platform-engine-1.8.2.pom\nProgress (1): 3.2 kB\r                    \rDownloaded from central: https://repo.maven.apache.org/maven2/org/junit/platform/junit-platform-engine/1.8.2/junit-platform-engine-1.8.2.pom (3.2 kB at 356 kB/s)\nDownloading from central: https://repo.maven.apache.org/maven2/org/junit/jupiter/junit-jupiter/5.8.2/junit-jupiter-5.8.2.jar\nProgress (1): 6.4 kB\r                    \rDownloaded from central: https://repo.maven.apache.org/maven2/org/junit/jupiter/junit-jupiter/5.8.2/junit-jupiter-5.8.2.jar (6.4 kB at 578 kB/s)\nDownloading from central: https://repo.maven.apache.org/maven2/org/junit/jupiter/junit-jupiter-api/5.8.2/junit-jupiter-api-5.8.2.jar\nDownloading from central: https://repo.maven.apache.org/maven2/org/junit/platform/junit-platform-commons/1.8.2/junit-platform-commons-1.8.2.jar\nDownloading from central: https://repo.maven.apache.org/maven2/org/opentest4j/opentest4j/1.2.0/opentest4j-1.2.0.jar\nDownloading from central: https://repo.maven.apache.org/maven2/org/apiguardian/apiguardian-api/1.1.2/apiguardian-api-1.1.2.jar\nDownloading from central: https://repo.maven.apache.org/maven2/org/junit/jupiter/junit-jupiter-params/5.8.2/junit-jupiter-params-5.8.2.jar\nProgress (1): 16/100 kB\rProgress (1): 33/100 kB\rProgress (1): 49/100 kB\rProgress (1): 66/100 kB\rProgress (1): 82/100 kB\rProgress (1): 98/100 kB\rProgress (1): 100 kB   \r                    \rDownloaded from central: https://repo.maven.apache.org/maven2/org/junit/platform/junit-platform-commons/1.8.2/junit-platform-commons-1.8.2.jar (100 kB at 4.2 MB/s)\nDownloading from central: https://repo.maven.apache.org/maven2/org/junit/jupiter/junit-jupiter-engine/5.8.2/junit-jupiter-engine-5.8.2.jar\nProgress (1): 16/230 kB\rProgress (1): 33/230 kB\rProgress (1): 49/230 kB\rProgress (1): 66/230 kB\rProgress (1): 82/230 kB\rProgress (1): 98/230 kB\rProgress (1): 115/230 kB\rProgress (1): 131/230 kB\rProgress (1): 147/230 kB\rProgress (1): 164/230 kB\rProgress (1): 180/230 kB\rProgress (1): 197/230 kB\rProgress (2): 197/230 kB | 1.4/6.8 kB\rProgress (2): 213/230 kB | 1.4/6.8 kB\rProgress (2): 213/230 kB | 2.8/6.8 kB\rProgress (2): 229/230 kB | 2.8/6.8 kB\rProgress (2): 229/230 kB | 4.1/6.8 kB\rProgress (2): 230 kB | 4.1/6.8 kB    \rProgress (2): 230 kB | 5.5/6.8 kB\rProgress (2): 230 kB | 6.8 kB    \r                             \rDownloaded from central: https://repo.maven.apache.org/maven2/org/junit/jupiter/junit-jupiter-engine/5.8.2/junit-jupiter-engine-5.8.2.jar (230 kB at 4.9 MB/s)\nDownloading from central: https://repo.maven.apache.org/maven2/org/junit/platform/junit-platform-engine/1.8.2/junit-platform-engine-1.8.2.jar\nDownloaded from central: https://repo.maven.apache.org/maven2/org/apiguardian/apiguardian-api/1.1.2/apiguardian-api-1.1.2.jar (6.8 kB at 139 kB/s)\nProgress (1): 1.4/186 kB\rProgress (1): 2.8/186 kB\rProgress (1): 4.1/186 kB\rProgress (1): 5.5/186 kB\rProgress (1): 6.9/186 kB\rProgress (1): 8.3/186 kB\rProgress (1): 9.7/186 kB\rProgress (1): 11/186 kB \rProgress (1): 12/186 kB\rProgress (1): 14/186 kB\rProgress (1): 15/186 kB\rProgress (1): 17/186 kB\rProgress (1): 18/186 kB\rProgress (1): 19/186 kB\rProgress (1): 21/186 kB\rProgress (1): 22/186 kB\rProgress (1): 23/186 kB\rProgress (1): 25/186 kB\rProgress (1): 26/186 kB\rProgress (1): 28/186 kB\rProgress (1): 29/186 kB\rProgress (1): 30/186 kB\rProgress (1): 32/186 kB\rProgress (1): 33/186 kB\rProgress (1): 34/186 kB\rProgress (1): 50/186 kB\rProgress (1): 62/186 kB\rProgress (1): 79/186 kB\rProgress (1): 95/186 kB\rProgress (1): 112/186 kB\rProgress (1): 128/186 kB\rProgress (1): 144/186 kB\rProgress (1): 161/186 kB\rProgress (1): 177/186 kB\rProgress (1): 186 kB    \r                    \rDownloaded from central: https://repo.maven.apache.org/maven2/org/junit/platform/junit-platform-engine/1.8.2/junit-platform-engine-1.8.2.jar (186 kB at 2.5 MB/s)\nProgress (1): 1.4/7.7 kB\rProgress (2): 1.4/7.7 kB | 1.4/577 kB\rProgress (3): 1.4/7.7 kB | 1.4/577 kB | 1.4/194 kB\rProgress (3): 2.8/7.7 kB | 1.4/577 kB | 1.4/194 kB\rProgress (3): 2.8/7.7 kB | 2.8/577 kB | 1.4/194 kB\rProgress (3): 2.8/7.7 kB | 2.8/577 kB | 2.8/194 kB\rProgress (3): 2.8/7.7 kB | 4.1/577 kB | 2.8/194 kB\rProgress (3): 2.8/7.7 kB | 4.1/577 kB | 4.1/194 kB\rProgress (3): 2.8/7.7 kB | 5.5/577 kB | 4.1/194 kB\rProgress (3): 4.1/7.7 kB | 5.5/577 kB | 4.1/194 kB\rProgress (3): 4.1/7.7 kB | 5.5/577 kB | 5.5/194 kB\rProgress (3): 5.5/7.7 kB | 5.5/577 kB | 5.5/194 kB\rProgress (3): 5.5/7.7 kB | 6.9/577 kB | 5.5/194 kB\rProgress (3): 5.5/7.7 kB | 6.9/577 kB | 6.9/194 kB\rProgress (3): 6.9/7.7 kB | 6.9/577 kB | 6.9/194 kB\rProgress (3): 6.9/7.7 kB | 8.3/577 kB | 6.9/194 kB\rProgress (3): 7.7 kB | 8.3/577 kB | 6.9/194 kB    \rProgress (3): 7.7 kB | 8.3/577 kB | 8.3/194 kB\rProgress (3): 7.7 kB | 9.7/577 kB | 8.3/194 kB\rProgress (3): 7.7 kB | 9.7/577 kB | 9.7/194 kB\rProgress (3): 7.7 kB | 11/577 kB | 9.7/194 kB \rProgress (3): 7.7 kB | 11/577 kB | 11/194 kB \rProgress (3): 7.7 kB | 12/577 kB | 11/194 kB\rProgress (3): 7.7 kB | 12/577 kB | 12/194 kB\r                                            \rDownloaded from central: https://repo.maven.apache.org/maven2/org/opentest4j/opentest4j/1.2.0/opentest4j-1.2.0.jar (7.7 kB at 76 kB/s)\nProgress (2): 14/577 kB | 12/194 kB\rProgress (2): 14/577 kB | 14/194 kB\rProgress (2): 15/577 kB | 14/194 kB\rProgress (2): 15/577 kB | 15/194 kB\rProgress (2): 16/577 kB | 15/194 kB\rProgress (2): 16/577 kB | 16/194 kB\rProgress (2): 16/577 kB | 32/194 kB\rProgress (2): 32/577 kB | 32/194 kB\rProgress (2): 32/577 kB | 49/194 kB\rProgress (2): 49/577 kB | 49/194 kB\rProgress (2): 49/577 kB | 65/194 kB\rProgress (2): 65/577 kB | 65/194 kB\rProgress (2): 65/577 kB | 81/194 kB\rProgress (2): 77/577 kB | 81/194 kB\rProgress (2): 94/577 kB | 81/194 kB\rProgress (2): 94/577 kB | 97/194 kB\rProgress (2): 110/577 kB | 97/194 kB\rProgress (2): 127/577 kB | 97/194 kB\rProgress (2): 143/577 kB | 97/194 kB\rProgress (2): 143/577 kB | 114/194 kB\rProgress (2): 159/577 kB | 114/194 kB\rProgress (2): 159/577 kB | 130/194 kB\rProgress (2): 176/577 kB | 130/194 kB\rProgress (2): 192/577 kB | 130/194 kB\rProgress (2): 209/577 kB | 130/194 kB\rProgress (2): 225/577 kB | 130/194 kB\rProgress (2): 241/577 kB | 130/194 kB\rProgress (2): 241/577 kB | 147/194 kB\rProgress (2): 258/577 kB | 147/194 kB\rProgress (2): 274/577 kB | 147/194 kB\rProgress (2): 278/577 kB | 147/194 kB\rProgress (2): 295/577 kB | 147/194 kB\rProgress (2): 311/577 kB | 147/194 kB\rProgress (2): 311/577 kB | 163/194 kB\rProgress (2): 327/577 kB | 163/194 kB\rProgress (2): 344/577 kB | 163/194 kB\rProgress (2): 344/577 kB | 179/194 kB\rProgress (2): 360/577 kB | 179/194 kB\rProgress (2): 376/577 kB | 179/194 kB\rProgress (2): 393/577 kB | 179/194 kB\rProgress (2): 393/577 kB | 194 kB    \rProgress (2): 409/577 kB | 194 kB\rProgress (2): 426/577 kB | 194 kB\rProgress (2): 442/577 kB | 194 kB\r                                 \rDownloaded from central: https://repo.maven.apache.org/maven2/org/junit/jupiter/junit-jupiter-api/5.8.2/junit-jupiter-api-5.8.2.jar (194 kB at 1.6 MB/s)\nProgress (1): 458/577 kB\rProgress (1): 475/577 kB\rProgress (1): 491/577 kB\rProgress (1): 508/577 kB\rProgress (1): 524/577 kB\rProgress (1): 540/577 kB\rProgress (1): 557/577 kB\rProgress (1): 573/577 kB\rProgress (1): 577 kB    \r                    \rDownloaded from central: https://repo.maven.apache.org/maven2/org/junit/jupiter/junit-jupiter-params/5.8.2/junit-jupiter-params-5.8.2.jar (577 kB at 4.7 MB/s)\n[INFO] \n[INFO] --- clean:3.2.0:clean (default-clean) @ test-java-plain ---\nDownloading from central: https://repo.maven.apache.org/maven2/org/apache/maven/shared/maven-shared-utils/3.3.4/maven-shared-utils-3.3.4.pom\nProgress (1): 5.8 kB\r                    \rDownloaded from central: https://repo.maven.apache.org/maven2/org/apache/maven/shared/maven-shared-utils/3.3.4/maven-shared-utils-3.3.4.pom (5.8 kB at 486 kB/s)\nDownloading from central: https://repo.maven.apache.org/maven2/org/apache/maven/shared/maven-shared-components/34/maven-shared-components-34.pom\nProgress (1): 5.1 kB\r                    \rDownloaded from central: https://repo.maven.apache.org/maven2/org/apache/maven/shared/maven-shared-components/34/maven-shared-components-34.pom (5.1 kB at 566 kB/s)\nDownloading from central: https://repo.maven.apache.org/maven2/commons-io/commons-io/2.6/commons-io-2.6.pom\nProgress (1): 14 kB\r                   \rDownloaded from central: https://repo.maven.apache.org/maven2/commons-io/commons-io/2.6/commons-io-2.6.pom (14 kB at 1.3 MB/s)\nDownloading from central: https://repo.maven.apache.org/maven2/org/apache/commons/commons-parent/42/commons-parent-42.pom\nProgress (1): 16/68 kB\rProgress (1): 33/68 kB\rProgress (1): 49/68 kB\rProgress (1): 64/68 kB\rProgress (1): 68 kB   \r                   \rDownloaded from central: https://repo.maven.apache.org/maven2/org/apache/commons/commons-parent/42/commons-parent-42.pom (68 kB at 5.2 MB/s)\nDownloading from central: https://repo.maven.apache.org/maven2/org/apache/apache/18/apache-18.pom\nProgress (1): 16 kB\r                   \rDownloaded from central: https://repo.maven.apache.org/maven2/org/apache/apache/18/apache-18.pom (16 kB at 1.3 MB/s)\nDownloading from central: https://repo.maven.apache.org/maven2/org/apache/maven/shared/maven-shared-utils/3.3.4/maven-shared-utils-3.3.4.jar\nProgress (1): 16/153 kB\rProgress (1): 33/153 kB\rProgress (1): 49/153 kB\rProgress (1): 66/153 kB\rProgress (1): 82/153 kB\rProgress (1): 98/153 kB\rProgress (1): 115/153 kB\rProgress (1): 131/153 kB\rProgress (1): 147/153 kB\rProgress (1): 153 kB    \r                    \rDownloaded from central: https://repo.maven.apache.org/maven2/org/apache/maven/shared/maven-shared-utils/3.3.4/maven-shared-utils-3.3.4.jar (153 kB at 13 MB/s)\nDownloading from central: https://repo.maven.apache.org/maven2/commons-io/commons-io/2.6/commons-io-2.6.jar\nProgress (1): 16/215 kB\rProgress (1): 33/215 kB\rProgress (1): 49/215 kB\rProgress (1): 64/215 kB\rProgress (1): 80/215 kB\rProgress (1): 97/215 kB\rProgress (1): 113/215 kB\rProgress (1): 130/215 kB\rProgress (1): 146/215 kB\rProgress (1): 162/215 kB\rProgress (1): 179/215 kB\rProgress (1): 195/215 kB\rProgress (1): 211/215 kB\rProgress (1): 215 kB    \r                    \rDownloaded from central: https://repo.maven.apache.org/maven2/commons-io/commons-io/2.6/commons-io-2.6.jar (215 kB at 14 MB/s)\n[INFO] \n[INFO] --- resources:3.3.0:resources (default-resources) @ test-java-plain ---\nDownloading from central: https://repo.maven.apache.org/maven2/org/codehaus/plexus/plexus-interpolation/1.26/plexus-interpolation-1.26.pom\nProgress (1): 2.7 kB\r                    \rDownloaded from central: https://repo.maven.apache.org/maven2/org/codehaus/plexus/plexus-interpolation/1.26/plexus-interpolation-1.26.pom (2.7 kB at 295 kB/s)\nDownloading from central: https://repo.maven.apache.org/maven2/org/codehaus/plexus/plexus/5.1/plexus-5.1.pom\nProgress (1): 16/23 kB\rProgress (1): 23 kB   \r                   \rDownloaded from central: https://repo.maven.apache.org/maven2/org/codehaus/plexus/plexus/5.1/plexus-5.1.pom (23 kB at 2.5 MB/s)\nDownloading from central: https://repo.maven.apache.org/maven2/org/apache/maven/shared/maven-filtering/3.3.0/maven-filtering-3.3.0.pom\nProgress (1): 6.9 kB\r                    \rDownloaded from central: https://repo.maven.apache.org/maven2/org/apache/maven/shared/maven-filtering/3.3.0/maven-filtering-3.3.0.pom (6.9 kB at 867 kB/s)\nDownloading from central: https://repo.maven.apache.org/maven2/org/apache/maven/shared/maven-shared-components/36/maven-shared-components-36.pom\nProgress (1): 4.9 kB\r                    \rDownloaded from central: https://repo.maven.apache.org/maven2/org/apache/maven/shared/maven-shared-components/36/maven-shared-components-36.pom (4.9 kB at 544 kB/s)\nDownloading from central: https://repo.maven.apache.org/maven2/javax/inject/javax.inject/1/javax.inject-1.pom\nProgress (1): 612 B\r                   \rDownloaded from central: https://repo.maven.apache.org/maven2/javax/inject/javax.inject/1/javax.inject-1.pom (612 B at 76 kB/s)\nDownloading from central: https://repo.maven.apache.org/maven2/org/slf4j/slf4j-api/1.7.36/slf4j-api-1.7.36.pom\nProgress (1): 2.7 kB\r                    \rDownloaded from central: https://repo.maven.apache.org/maven2/org/slf4j/slf4j-api/1.7.36/slf4j-api-1.7.36.pom (2.7 kB at 392 kB/s)\nDownloading from central: https://repo.maven.apache.org/maven2/org/slf4j/slf4j-parent/1.7.36/slf4j-parent-1.7.36.pom\nProgress (1): 14 kB\r                   \rDownloaded from central: https://repo.maven.apache.org/maven2/org/slf4j/slf4j-parent/1.7.36/slf4j-parent-1.7.36.pom (14 kB at 1.8 MB/s)\nDownloading from central: https://repo.maven.apache.org/maven2/org/sonatype/plexus/plexus-build-api/0.0.7/plexus-build-api-0.0.7.pom\nProgress (1): 3.2 kB\r                    \rDownloaded from central: https://repo.maven.apache.org/maven2/org/sonatype/plexus/plexus-build-api/0.0.7/plexus-build-api-0.0.7.pom (3.2 kB at 400 kB/s)\nDownloading from central: https://repo.maven.apache.org/maven2/org/sonatype/spice/spice-parent/15/spice-parent-15.pom\nProgress (1): 8.4 kB\r                    \rDownloaded from central: https://repo.maven.apache.org/maven2/org/sonatype/spice/spice-parent/15/spice-parent-15.pom (8.4 kB at 1.0 MB/s)\nDownloading from central: https://repo.maven.apache.org/maven2/org/sonatype/forge/forge-parent/5/forge-parent-5.pom\nProgress (1): 8.4 kB\r                    \rDownloaded from central: https://repo.maven.apache.org/maven2/org/sonatype/forge/forge-parent/5/forge-parent-5.pom (8.4 kB at 1.0 MB/s)\nDownloading from central: https://repo.maven.apache.org/maven2/org/codehaus/plexus/plexus-utils/3.3.0/plexus-utils-3.3.0.pom\nProgress (1): 5.2 kB\r                    \rDownloaded from central: https://repo.maven.apache.org/maven2/org/codehaus/plexus/plexus-utils/3.3.0/plexus-utils-3.3.0.pom (5.2 kB at 576 kB/s)\nDownloading from central: https://repo.maven.apache.org/maven2/commons-io/commons-io/2.11.0/commons-io-2.11.0.pom\nProgress (1): 16/20 kB\rProgress (1): 20 kB   \r                   \rDownloaded from central: https://repo.maven.apache.org/maven2/commons-io/commons-io/2.11.0/commons-io-2.11.0.pom (20 kB at 2.0 MB/s)\nDownloading from central: https://repo.maven.apache.org/maven2/org/apache/commons/commons-parent/52/commons-parent-52.pom\nProgress (1): 16/79 kB\rProgress (1): 33/79 kB\rProgress (1): 49/79 kB\rProgress (1): 62/79 kB\rProgress (1): 79/79 kB\rProgress (1): 79 kB   \r                   \rDownloaded from central: https://repo.maven.apache.org/maven2/org/apache/commons/commons-parent/52/commons-parent-52.pom (79 kB at 7.9 MB/s)\nDownloading from central: https://repo.maven.apache.org/maven2/org/junit/junit-bom/5.7.2/junit-bom-5.7.2.pom\nProgress (1): 5.1 kB\r                    \rDownloaded from central: https://repo.maven.apache.org/maven2/org/junit/junit-bom/5.7.2/junit-bom-5.7.2.pom (5.1 kB at 566 kB/s)\nDownloading from central: https://repo.maven.apache.org/maven2/org/apache/commons/commons-lang3/3.12.0/commons-lang3-3.12.0.pom\nProgress (1): 16/31 kB\rProgress (1): 31 kB   \r                   \rDownloaded from central: https://repo.maven.apache.org/maven2/org/apache/commons/commons-lang3/3.12.0/commons-lang3-3.12.0.pom (31 kB at 3.4 MB/s)\nDownloading from central: https://repo.maven.apache.org/maven2/org/junit/junit-bom/5.7.1/junit-bom-5.7.1.pom\nProgress (1): 5.1 kB\r                    \rDownloaded from central: https://repo.maven.apache.org/maven2/org/junit/junit-bom/5.7.1/junit-bom-5.7.1.pom (5.1 kB at 637 kB/s)\nDownloading from central: https://repo.maven.apache.org/maven2/org/codehaus/plexus/plexus-interpolation/1.26/plexus-interpolation-1.26.jar\nProgress (1): 16/85 kB\rProgress (1): 33/85 kB\rProgress (1): 49/85 kB\rProgress (1): 63/85 kB\rProgress (1): 79/85 kB\rProgress (1): 85 kB   \r                   \rDownloaded from central: https://repo.maven.apache.org/maven2/org/codehaus/plexus/plexus-interpolation/1.26/plexus-interpolation-1.26.jar (85 kB at 9.5 MB/s)\nDownloading from central: https://repo.maven.apache.org/maven2/org/apache/maven/shared/maven-filtering/3.3.0/maven-filtering-3.3.0.jar\nDownloading from central: https://repo.maven.apache.org/maven2/javax/inject/javax.inject/1/javax.inject-1.jar\nDownloading from central: https://repo.maven.apache.org/maven2/org/slf4j/slf4j-api/1.7.36/slf4j-api-1.7.36.jar\nDownloading from central: https://repo.maven.apache.org/maven2/org/sonatype/plexus/plexus-build-api/0.0.7/plexus-build-api-0.0.7.jar\nDownloading from central: https://repo.maven.apache.org/maven2/org/codehaus/plexus/plexus-utils/3.3.0/plexus-utils-3.3.0.jar\nProgress (1): 2.5 kB\rProgress (2): 2.5 kB | 1.4/41 kB\rProgress (2): 2.5 kB | 2.8/41 kB\rProgress (2): 2.5 kB | 4.1/41 kB\rProgress (2): 2.5 kB | 5.5/41 kB\rProgress (2): 2.5 kB | 6.9/41 kB\r                                \rDownloaded from central: https://repo.maven.apache.org/maven2/javax/inject/javax.inject/1/javax.inject-1.jar (2.5 kB at 227 kB/s)\nProgress (2): 6.9/41 kB | 8.5 kB\rProgress (2): 8.3/41 kB | 8.5 kB\r                                \rDownloading from central: https://repo.maven.apache.org/maven2/commons-io/commons-io/2.11.0/commons-io-2.11.0.jar\nProgress (3): 8.3/41 kB | 8.5 kB | 16/55 kB\rProgress (3): 9.7/41 kB | 8.5 kB | 16/55 kB\rProgress (3): 11/41 kB | 8.5 kB | 16/55 kB \rProgress (3): 12/41 kB | 8.5 kB | 16/55 kB\r                                          \rDownloaded from central: https://repo.maven.apache.org/maven2/org/sonatype/plexus/plexus-build-api/0.0.7/plexus-build-api-0.0.7.jar (8.5 kB at 771 kB/s)\nProgress (2): 12/41 kB | 32/55 kB\rProgress (2): 14/41 kB | 32/55 kB\r                                 \rDownloading from central: https://repo.maven.apache.org/maven2/org/apache/commons/commons-lang3/3.12.0/commons-lang3-3.12.0.jar\nProgress (2): 15/41 kB | 32/55 kB\rProgress (2): 17/41 kB | 32/55 kB\rProgress (2): 18/41 kB | 32/55 kB\rProgress (2): 18/41 kB | 49/55 kB\rProgress (2): 19/41 kB | 49/55 kB\rProgress (2): 21/41 kB | 49/55 kB\rProgress (2): 21/41 kB | 55 kB   \rProgress (2): 22/41 kB | 55 kB\rProgress (2): 23/41 kB | 55 kB\rProgress (2): 25/41 kB | 55 kB\rProgress (2): 26/41 kB | 55 kB\rProgress (2): 28/41 kB | 55 kB\r                              \rDownloaded from central: https://repo.maven.apache.org/maven2/org/apache/maven/shared/maven-filtering/3.3.0/maven-filtering-3.3.0.jar (55 kB at 3.9 MB/s)\nProgress (2): 28/41 kB | 16/263 kB\rProgress (2): 28/41 kB | 32/263 kB\rProgress (2): 29/41 kB | 32/263 kB\rProgress (2): 30/41 kB | 32/263 kB\rProgress (2): 30/41 kB | 49/263 kB\rProgress (2): 32/41 kB | 49/263 kB\rProgress (2): 33/41 kB | 49/263 kB\rProgress (2): 34/41 kB | 49/263 kB\rProgress (2): 36/41 kB | 49/263 kB\rProgress (2): 36/41 kB | 65/263 kB\rProgress (2): 37/41 kB | 65/263 kB\rProgress (2): 39/41 kB | 65/263 kB\rProgress (2): 40/41 kB | 65/263 kB\rProgress (2): 41 kB | 65/263 kB   \rProgress (2): 41 kB | 81/263 kB\rProgress (2): 41 kB | 98/263 kB\r                               \rDownloaded from central: https://repo.maven.apache.org/maven2/org/slf4j/slf4j-api/1.7.36/slf4j-api-1.7.36.jar (41 kB at 2.6 MB/s)\nProgress (1): 114/263 kB\rProgress (1): 130/263 kB\rProgress (1): 147/263 kB\rProgress (2): 147/263 kB | 16/327 kB\rProgress (2): 163/263 kB | 16/327 kB\rProgress (2): 180/263 kB | 16/327 kB\rProgress (2): 180/263 kB | 33/327 kB\rProgress (2): 196/263 kB | 33/327 kB\rProgress (2): 212/263 kB | 33/327 kB\rProgress (3): 212/263 kB | 33/327 kB | 16/587 kB\rProgress (3): 212/263 kB | 49/327 kB | 16/587 kB\rProgress (3): 229/263 kB | 49/327 kB | 16/587 kB\rProgress (3): 229/263 kB | 49/327 kB | 33/587 kB\rProgress (3): 245/263 kB | 49/327 kB | 33/587 kB\rProgress (3): 262/263 kB | 49/327 kB | 33/587 kB\rProgress (3): 263 kB | 49/327 kB | 33/587 kB    \rProgress (3): 263 kB | 64/327 kB | 33/587 kB\r                                            \rDownloaded from central: https://repo.maven.apache.org/maven2/org/codehaus/plexus/plexus-utils/3.3.0/plexus-utils-3.3.0.jar (263 kB at 13 MB/s)\nProgress (2): 64/327 kB | 49/587 kB\rProgress (2): 81/327 kB | 49/587 kB\rProgress (2): 81/327 kB | 66/587 kB\rProgress (2): 81/327 kB | 82/587 kB\rProgress (2): 97/327 kB | 82/587 kB\rProgress (2): 113/327 kB | 82/587 kB\rProgress (2): 113/327 kB | 98/587 kB\rProgress (2): 113/327 kB | 115/587 kB\rProgress (2): 130/327 kB | 115/587 kB\rProgress (2): 130/327 kB | 131/587 kB\rProgress (2): 146/327 kB | 131/587 kB\rProgress (2): 146/327 kB | 147/587 kB\rProgress (2): 163/327 kB | 147/587 kB\rProgress (2): 163/327 kB | 164/587 kB\rProgress (2): 163/327 kB | 180/587 kB\rProgress (2): 179/327 kB | 180/587 kB\rProgress (2): 195/327 kB | 180/587 kB\rProgress (2): 195/327 kB | 197/587 kB\rProgress (2): 212/327 kB | 197/587 kB\rProgress (2): 212/327 kB | 213/587 kB\rProgress (2): 228/327 kB | 213/587 kB\rProgress (2): 228/327 kB | 229/587 kB\rProgress (2): 244/327 kB | 229/587 kB\rProgress (2): 244/327 kB | 246/587 kB\rProgress (2): 244/327 kB | 256/587 kB\rProgress (2): 244/327 kB | 272/587 kB\rProgress (2): 244/327 kB | 289/587 kB\rProgress (2): 261/327 kB | 289/587 kB\rProgress (2): 277/327 kB | 289/587 kB\rProgress (2): 294/327 kB | 289/587 kB\rProgress (2): 310/327 kB | 289/587 kB\rProgress (2): 310/327 kB | 305/587 kB\rProgress (2): 326/327 kB | 305/587 kB\rProgress (2): 327 kB | 305/587 kB    \rProgress (2): 327 kB | 321/587 kB\rProgress (2): 327 kB | 338/587 kB\r                                 \rDownloaded from central: https://repo.maven.apache.org/maven2/commons-io/commons-io/2.11.0/commons-io-2.11.0.jar (327 kB at 9.3 MB/s)\nProgress (1): 354/587 kB\rProgress (1): 370/587 kB\rProgress (1): 387/587 kB\rProgress (1): 403/587 kB\rProgress (1): 420/587 kB\rProgress (1): 436/587 kB\rProgress (1): 452/587 kB\rProgress (1): 469/587 kB\rProgress (1): 485/587 kB\rProgress (1): 502/587 kB\rProgress (1): 518/587 kB\rProgress (1): 534/587 kB\rProgress (1): 551/587 kB\rProgress (1): 567/587 kB\rProgress (1): 583/587 kB\rProgress (1): 587 kB    \r                    \rDownloaded from central: https://repo.maven.apache.org/maven2/org/apache/commons/commons-lang3/3.12.0/commons-lang3-3.12.0.jar (587 kB at 12 MB/s)\n[WARNING] Using platform encoding (ANSI_X3.4-1968 actually) to copy filtered resources, i.e. build is platform dependent!\n[INFO] skip non existing resourceDirectory /tmp/eval-dev-quality1400846753/plain/src/main/resources\n[INFO] \n[INFO] --- compiler:3.10.1:compile (default-compile) @ test-java-plain ---\nDownloading from central: https://repo.maven.apache.org/maven2/org/apache/maven/shared/maven-shared-incremental/1.1/maven-shared-incremental-1.1.pom\nProgress (1): 4.7 kB\r                    \rDownloaded from central: https://repo.maven.apache.org/maven2/org/apache/maven/shared/maven-shared-incremental/1.1/maven-shared-incremental-1.1.pom (4.7 kB at 431 kB/s)\nDownloading from central: https://repo.maven.apache.org/maven2/org/apache/maven/shared/maven-shared-components/19/maven-shared-components-19.pom\nProgress (1): 6.4 kB\r                    \rDownloaded from central: https://repo.maven.apache.org/maven2/org/apache/maven/shared/maven-shared-components/19/maven-shared-components-19.pom (6.4 kB at 636 kB/s)\nDownloading from central: https://repo.maven.apache.org/maven2/org/apache/maven/maven-parent/23/maven-parent-23.pom\nProgress (1): 16/33 kB\rProgress (1): 32/33 kB\rProgress (1): 33 kB   \r                   \rDownloaded from central: https://repo.maven.apache.org/maven2/org/apache/maven/maven-parent/23/maven-parent-23.pom (33 kB at 3.0 MB/s)\nDownloading from central: https://repo.maven.apache.org/maven2/org/apache/apache/13/apache-13.pom\nProgress (1): 14 kB\r                   \rDownloaded from central: https://repo.maven.apache.org/maven2/org/apache/apache/13/apache-13.pom (14 kB at 1.6 MB/s)\nDownloading from central: https://repo.maven.apache.org/maven2/org/codehaus/plexus/plexus-component-annotations/2.0.0/plexus-component-annotations-2.0.0.pom\nProgress (1): 750 B\r                   \rDownloaded from central: https://repo.maven.apache.org/maven2/org/codehaus/plexus/plexus-component-annotations/2.0.0/plexus-component-annotations-2.0.0.pom (750 B at 94 kB/s)\nDownloading from central: https://repo.maven.apache.org/maven2/org/codehaus/plexus/plexus-containers/2.0.0/plexus-containers-2.0.0.pom\nProgress (1): 4.8 kB\r                    \rDownloaded from central: https://repo.maven.apache.org/maven2/org/codehaus/plexus/plexus-containers/2.0.0/plexus-containers-2.0.0.pom (4.8 kB at 601 kB/s)\nDownloading from central: https://repo.maven.apache.org/maven2/org/codehaus/plexus/plexus-java/1.1.1/plexus-java-1.1.1.pom\nProgress (1): 5.0 kB\r                    \rDownloaded from central: https://repo.maven.apache.org/maven2/org/codehaus/plexus/plexus-java/1.1.1/plexus-java-1.1.1.pom (5.0 kB at 710 kB/s)\nDownloading from central: https://repo.maven.apache.org/maven2/org/codehaus/plexus/plexus-languages/1.1.1/plexus-languages-1.1.1.pom\nProgress (1): 4.6 kB\r                    \rDownloaded from central: https://repo.maven.apache.org/maven2/org/codehaus/plexus/plexus-languages/1.1.1/plexus-languages-1.1.1.pom (4.6 kB at 577 kB/s)\nDownloading from central: https://repo.maven.apache.org/maven2/org/codehaus/plexus/plexus/8/plexus-8.pom\nProgress (1): 16/25 kB\rProgress (1): 25 kB   \r                   \rDownloaded from central: https://repo.maven.apache.org/maven2/org/codehaus/plexus/plexus/8/plexus-8.pom (25 kB at 2.8 MB/s)\nDownloading from central: https://repo.maven.apache.org/maven2/org/ow2/asm/asm/9.2/asm-9.2.pom\nProgress (1): 2.4 kB\r                    \rDownloaded from central: https://repo.maven.apache.org/maven2/org/ow2/asm/asm/9.2/asm-9.2.pom (2.4 kB at 296 kB/s)\nDownloading from central: https://repo.maven.apache.org/maven2/org/ow2/ow2/1.5/ow2-1.5.pom\nProgress (1): 11 kB\r                   \rDownloaded from central: https://repo.maven.apache.org/maven2/org/ow2/ow2/1.5/ow2-1.5.pom (11 kB at 1.6 MB/s)\nDownloading from central: https://repo.maven.apache.org/maven2/com/thoughtworks/qdox/qdox/2.0.1/qdox-2.0.1.pom\nProgress (1): 16 kB\r                   \rDownloaded from central: https://repo.maven.apache.org/maven2/com/thoughtworks/qdox/qdox/2.0.1/qdox-2.0.1.pom (16 kB at 2.3 MB/s)\nDownloading from central: https://repo.maven.apache.org/maven2/org/sonatype/oss/oss-parent/9/oss-parent-9.pom\nProgress (1): 6.6 kB\r                    \rDownloaded from central: https://repo.maven.apache.org/maven2/org/sonatype/oss/oss-parent/9/oss-parent-9.pom (6.6 kB at 821 kB/s)\nDownloading from central: https://repo.maven.apache.org/maven2/org/codehaus/plexus/plexus-compiler-api/2.11.1/plexus-compiler-api-2.11.1.pom\nProgress (1): 1.1 kB\r                    \rDownloaded from central: https://repo.maven.apache.org/maven2/org/codehaus/plexus/plexus-compiler-api/2.11.1/plexus-compiler-api-2.11.1.pom (1.1 kB at 151 kB/s)\nDownloading from central: https://repo.maven.apache.org/maven2/org/codehaus/plexus/plexus-compiler/2.11.1/plexus-compiler-2.11.1.pom\nProgress (1): 8.1 kB\r                    \rDownloaded from central: https://repo.maven.apache.org/maven2/org/codehaus/plexus/plexus-compiler/2.11.1/plexus-compiler-2.11.1.pom (8.1 kB at 1.0 MB/s)\nDownloading from central: https://repo.maven.apache.org/maven2/org/codehaus/plexus/plexus-components/6.6/plexus-components-6.6.pom\nProgress (1): 2.7 kB\r                    \rDownloaded from central: https://repo.maven.apache.org/maven2/org/codehaus/plexus/plexus-components/6.6/plexus-components-6.6.pom (2.7 kB at 334 kB/s)\nDownloading from central: https://repo.maven.apache.org/maven2/org/codehaus/plexus/plexus-utils/3.4.1/plexus-utils-3.4.1.pom\nProgress (1): 8.0 kB\r                    \rDownloaded from central: https://repo.maven.apache.org/maven2/org/codehaus/plexus/plexus-utils/3.4.1/plexus-utils-3.4.1.pom (8.0 kB at 1.1 MB/s)\nDownloading from central: https://repo.maven.apache.org/maven2/org/codehaus/plexus/plexus-compiler-manager/2.11.1/plexus-compiler-manager-2.11.1.pom\nProgress (1): 1.1 kB\r                    \rDownloaded from central: https://repo.maven.apache.org/maven2/org/codehaus/plexus/plexus-compiler-manager/2.11.1/plexus-compiler-manager-2.11.1.pom (1.1 kB at 163 kB/s)\nDownloading from central: https://repo.maven.apache.org/maven2/org/codehaus/plexus/plexus-compiler-javac/2.11.1/plexus-compiler-javac-2.11.1.pom\nProgress (1): 1.2 kB\r                    \rDownloaded from central: https://repo.maven.apache.org/maven2/org/codehaus/plexus/plexus-compiler-javac/2.11.1/plexus-compiler-javac-2.11.1.pom (1.2 kB at 150 kB/s)\nDownloading from central: https://repo.maven.apache.org/maven2/org/codehaus/plexus/plexus-compilers/2.11.1/plexus-compilers-2.11.1.pom\nProgress (1): 1.3 kB\r                    \rDownloaded from central: https://repo.maven.apache.org/maven2/org/codehaus/plexus/plexus-compilers/2.11.1/plexus-compilers-2.11.1.pom (1.3 kB at 189 kB/s)\nDownloading from central: https://repo.maven.apache.org/maven2/org/apache/maven/shared/maven-shared-incremental/1.1/maven-shared-incremental-1.1.jar\nProgress (1): 14 kB\r                   \rDownloaded from central: https://repo.maven.apache.org/maven2/org/apache/maven/shared/maven-shared-incremental/1.1/maven-shared-incremental-1.1.jar (14 kB at 1.7 MB/s)\nDownloading from central: https://repo.maven.apache.org/maven2/org/codehaus/plexus/plexus-component-annotations/2.0.0/plexus-component-annotations-2.0.0.jar\nDownloading from central: https://repo.maven.apache.org/maven2/org/codehaus/plexus/plexus-java/1.1.1/plexus-java-1.1.1.jar\nDownloading from central: https://repo.maven.apache.org/maven2/org/ow2/asm/asm/9.2/asm-9.2.jar\nDownloading from central: https://repo.maven.apache.org/maven2/com/thoughtworks/qdox/qdox/2.0.1/qdox-2.0.1.jar\nDownloading from central: https://repo.maven.apache.org/maven2/org/codehaus/plexus/plexus-compiler-api/2.11.1/plexus-compiler-api-2.11.1.jar\nProgress (1): 16/122 kB\rProgress (2): 16/122 kB | 4.2 kB\rProgress (2): 33/122 kB | 4.2 kB\rProgress (3): 33/122 kB | 4.2 kB | 16/54 kB\r                                           \rDownloaded from central: https://repo.maven.apache.org/maven2/org/codehaus/plexus/plexus-component-annotations/2.0.0/plexus-component-annotations-2.0.0.jar (4.2 kB at 423 kB/s)\nDownloading from central: https://repo.maven.apache.org/maven2/org/codehaus/plexus/plexus-utils/3.4.1/plexus-utils-3.4.1.jar\nProgress (2): 33/122 kB | 33/54 kB\rProgress (2): 49/122 kB | 33/54 kB\rProgress (3): 49/122 kB | 33/54 kB | 16/27 kB\rProgress (3): 66/122 kB | 33/54 kB | 16/27 kB\rProgress (3): 66/122 kB | 33/54 kB | 27 kB   \rProgress (3): 66/122 kB | 49/54 kB | 27 kB\rProgress (3): 66/122 kB | 54 kB | 27 kB   \r                                       \rDownloaded from central: https://repo.maven.apache.org/maven2/org/codehaus/plexus/plexus-compiler-api/2.11.1/plexus-compiler-api-2.11.1.jar (27 kB at 2.7 MB/s)\nDownloading from central: https://repo.maven.apache.org/maven2/org/codehaus/plexus/plexus-compiler-manager/2.11.1/plexus-compiler-manager-2.11.1.jar\nProgress (3): 66/122 kB | 54 kB | 16/334 kB\rProgress (3): 82/122 kB | 54 kB | 16/334 kB\r                                           \rDownloaded from central: https://repo.maven.apache.org/maven2/org/codehaus/plexus/plexus-java/1.1.1/plexus-java-1.1.1.jar (54 kB at 4.1 MB/s)\nDownloading from central: https://repo.maven.apache.org/maven2/org/codehaus/plexus/plexus-compiler-javac/2.11.1/plexus-compiler-javac-2.11.1.jar\nProgress (2): 82/122 kB | 32/334 kB\rProgress (2): 82/122 kB | 49/334 kB\rProgress (2): 82/122 kB | 65/334 kB\rProgress (2): 82/122 kB | 81/334 kB\rProgress (2): 82/122 kB | 98/334 kB\rProgress (2): 98/122 kB | 98/334 kB\rProgress (2): 98/122 kB | 114/334 kB\rProgress (2): 115/122 kB | 114/334 kB\rProgress (2): 115/122 kB | 130/334 kB\rProgress (2): 122 kB | 130/334 kB    \rProgress (2): 122 kB | 147/334 kB\rProgress (2): 122 kB | 163/334 kB\r                                 \rDownloaded from central: https://repo.maven.apache.org/maven2/org/ow2/asm/asm/9.2/asm-9.2.jar (122 kB at 7.6 MB/s)\nProgress (1): 180/334 kB\rProgress (1): 196/334 kB\rProgress (1): 212/334 kB\rProgress (1): 229/334 kB\rProgress (2): 229/334 kB | 4.7 kB\rProgress (2): 245/334 kB | 4.7 kB\rProgress (3): 245/334 kB | 4.7 kB | 16/264 kB\r                                             \rDownloaded from central: https://repo.maven.apache.org/maven2/org/codehaus/plexus/plexus-compiler-manager/2.11.1/plexus-compiler-manager-2.11.1.jar (4.7 kB at 274 kB/s)\nProgress (2): 262/334 kB | 16/264 kB\rProgress (3): 262/334 kB | 16/264 kB | 16/23 kB\rProgress (3): 262/334 kB | 32/264 kB | 16/23 kB\rProgress (3): 278/334 kB | 32/264 kB | 16/23 kB\rProgress (3): 278/334 kB | 49/264 kB | 16/23 kB\rProgress (3): 294/334 kB | 49/264 kB | 16/23 kB\rProgress (3): 294/334 kB | 49/264 kB | 23 kB   \rProgress (3): 311/334 kB | 49/264 kB | 23 kB\rProgress (3): 311/334 kB | 65/264 kB | 23 kB\r                                            \rDownloaded from central: https://repo.maven.apache.org/maven2/org/codehaus/plexus/plexus-compiler-javac/2.11.1/plexus-compiler-javac-2.11.1.jar (23 kB at 1.2 MB/s)\nProgress (2): 327/334 kB | 65/264 kB\rProgress (2): 327/334 kB | 81/264 kB\rProgress (2): 334 kB | 81/264 kB    \r                                \rDownloaded from central: https://repo.maven.apache.org/maven2/com/thoughtworks/qdox/qdox/2.0.1/qdox-2.0.1.jar (334 kB at 16 MB/s)\nProgress (1): 98/264 kB\rProgress (1): 114/264 kB\rProgress (1): 130/264 kB\rProgress (1): 147/264 kB\rProgress (1): 163/264 kB\rProgress (1): 180/264 kB\rProgress (1): 196/264 kB\rProgress (1): 212/264 kB\rProgress (1): 229/264 kB\rProgress (1): 245/264 kB\rProgress (1): 262/264 kB\rProgress (1): 264 kB    \r                    \rDownloaded from central: https://repo.maven.apache.org/maven2/org/codehaus/plexus/plexus-utils/3.4.1/plexus-utils-3.4.1.jar (264 kB at 9.8 MB/s)\n[INFO] Changes detected - recompiling the module!\n[WARNING] File encoding has not been set, using platform encoding ANSI_X3.4-1968, i.e. build is platform dependent!\n[INFO] Compiling 1 source file to /tmp/eval-dev-quality1400846753/plain/target/classes\n[INFO] \n[INFO] --- resources:3.3.0:resources (default-resources) @ test-java-plain ---\n[WARNING] Using platform encoding (ANSI_X3.4-1968 actually) to copy filtered resources, i.e. build is platform dependent!\n[INFO] skip non existing resourceDirectory /tmp/eval-dev-quality1400846753/plain/src/main/resources\n[INFO] \n[INFO] --- compiler:3.10.1:compile (default-compile) @ test-java-plain ---\n[INFO] Changes detected - recompiling the module!\n[WARNING] File encoding has not been set, using platform encoding ANSI_X3.4-1968, i.e. build is platform dependent!\n[INFO] Compiling 1 source file to /tmp/eval-dev-quality1400846753/plain/target/classes\n[INFO] \n[INFO] --- resources:3.3.0:testResources (default-testResources) @ test-java-plain ---\n[WARNING] Using platform encoding (ANSI_X3.4-1968 actually) to copy filtered resources, i.e. build is platform dependent!\n[INFO] skip non existing resourceDirectory /tmp/eval-dev-quality1400846753/plain/src/test/resources\n[INFO] \n[INFO] --- compiler:3.10.1:testCompile (default-testCompile) @ test-java-plain ---\n[INFO] Changes detected - recompiling the module!\n[WARNING] File encoding has not been set, using platform encoding ANSI_X3.4-1968, i.e. build is platform dependent!\n[INFO] Compiling 1 source file to /tmp/eval-dev-quality1400846753/plain/target/test-classes\n[INFO] -------------------------------------------------------------\n[ERROR] COMPILATION ERROR : \n[INFO] -------------------------------------------------------------\n[ERROR] /tmp/eval-dev-quality1400846753/plain/src/test/java/com/eval/PlainTest.java:[7,9] cannot find symbol\n  symbol:   variable Plain\n  location: class PlainTest\n[INFO] 1 error\n[INFO] -------------------------------------------------------------\n[INFO] ------------------------------------------------------------------------\n[INFO] BUILD FAILURE\n[INFO] ------------------------------------------------------------------------\n[INFO] Total time:  2.785 s\n[INFO] Finished at: 2024-06-19T10:47:45Z\n[INFO] ------------------------------------------------------------------------\n[ERROR] Failed to execute goal org.apache.maven.plugins:maven-compiler-plugin:3.10.1:testCompile (default-testCompile) on project test-java-plain: Compilation failure\n[ERROR] /tmp/eval-dev-quality1400846753/plain/src/test/java/com/eval/PlainTest.java:[7,9] cannot find symbol\n[ERROR]   symbol:   variable Plain\n[ERROR]   location: class PlainTest\n[ERROR] \n[ERROR] -> [Help 1]\n[ERROR] \n[ERROR] To see the full stack trace of the errors, re-run Maven with the -e switch.\n[ERROR] Re-run Maven using the -X switch to enable full debug logging.\n[ERROR] \n[ERROR] For more information about the errors and possible solutions, please read the following articles:\n[ERROR] [Help 1] http://cwiki.apache.org/confluence/display/MAVEN/MojoFailureException\n",
}
Stacktrace: goroutine 1 [running]:
gitlab.nethead.at/symflower/symflower/model/errors.NewInternalError({0x1f42da0?, 0xc00067f420}, {0xffa8c0?, 0xc0006f7db8})
	gitlab.nethead.at/symflower/symflower/model/errors/error.go:850 +0x59
gitlab.nethead.at/symflower/symflower/language/java/execute.MavenDependencyCommand.func1()
	gitlab.nethead.at/symflower/symflower/language/java/execute/maven.go:80 +0x1ef
github.com/avast/retry-go.Do(0xc0007078b8, {0xc0007078a0, 0x3, 0x418c94?})
	github.com/avast/retry-go/retry.go:135 +0x5a3
gitlab.nethead.at/symflower/symflower/language/java/execute.MavenDependencyCommand({0xc0008142a0, 0x26}, 0x0, {0xc00080dec0, 0x6, 0x6})
	gitlab.nethead.at/symflower/symflower/language/java/execute/maven.go:60 +0x1c5
gitlab.nethead.at/symflower/symflower/language/java/execute.MavenCloverCoverage({0xc0008142a0, 0x26})
	gitlab.nethead.at/symflower/symflower/language/java/execute/clover.go:131 +0xc9
gitlab.nethead.at/symflower/symflower/cmd/symflower-local/cmd.(*commandTest).Execute(0xc0000fd578, {0xc0000fd400?, 0x7f8ff95981d8?, 0xc0000fd578?})
	gitlab.nethead.at/symflower/symflower/cmd/symflower-local/cmd/test.go:143 +0x54f
gitlab.nethead.at/symflower/symflower/cmd.ExecuteNoExit({0x1f425e0?, 0xc0000fd400}, {0xc000234000?, 0x2782d80?, 0xc000143ed8?})
	gitlab.nethead.at/symflower/symflower/cmd/execute.go:56 +0x2d0
gitlab.nethead.at/symflower/symflower/cmd.Execute({0x1f425e0?, 0xc0000fd400?}, {0xc000234000?, 0x274c500?, 0xc0000fd400?})
	gitlab.nethead.at/symflower/symflower/cmd/execute.go:16 +0x26
gitlab.nethead.at/symflower/symflower/cmd.ExecuteWithOSArguments(...)
	gitlab.nethead.at/symflower/symflower/cmd/execute.go:75
main.main.func1()
	gitlab.nethead.at/symflower/symflower/cmd/symflower-demo/main.go:40 +0x34
gitlab.nethead.at/symflower/symflower/cmd/symflower-local/cmd.(*Command).WithPanicReporter(0xc000200058?, 0x2636b18?)
	gitlab.nethead.at/symflower/symflower/cmd/symflower-local/cmd/cmd.go:184 +0x48
main.main()
	gitlab.nethead.at/symflower/symflower/cmd/symflower-demo/main.go:39 +0xa5


github.com/symflower/eval-dev-quality/util.CommandWithResult
	/home/ubuntu/eval-dev-quality/util/exec.go:52
github.com/symflower/eval-dev-quality/language/java.(*Language).Execute
	/home/ubuntu/eval-dev-quality/language/java/language.go:108
github.com/symflower/eval-dev-quality/evaluate/task.(*TaskWriteTests).Run
	/home/ubuntu/eval-dev-quality/evaluate/task/task-write-test.go:91
github.com/symflower/eval-dev-quality/evaluate.Evaluate.func1
	/home/ubuntu/eval-dev-quality/evaluate/evaluate.go:128
github.com/symflower/eval-dev-quality/evaluate.withLoadedModel
	/home/ubuntu/eval-dev-quality/evaluate/evaluate.go:273
github.com/symflower/eval-dev-quality/evaluate.Evaluate
	/home/ubuntu/eval-dev-quality/evaluate/evaluate.go:118
github.com/symflower/eval-dev-quality/cmd/eval-dev-quality/cmd.(*Evaluate).Execute
	/home/ubuntu/eval-dev-quality/cmd/eval-dev-quality/cmd/evaluate.go:363
github.com/symflower/eval-dev-quality/cmd/eval-dev-quality/cmd.Execute.func1
	/home/ubuntu/eval-dev-quality/cmd/eval-dev-quality/cmd/command.go:34
github.com/jessevdk/go-flags.(*Parser).ParseArgs
	/home/ubuntu/go/pkg/mod/github.com/jessevdk/go-flags@v1.5.1-0.20210607101731-3927b71304df/parser.go:333
github.com/symflower/eval-dev-quality/cmd/eval-dev-quality/cmd.Execute
	/home/ubuntu/eval-dev-quality/cmd/eval-dev-quality/cmd/command.go:37
main.main
	/home/ubuntu/eval-dev-quality/cmd/eval-dev-quality/main.go:11
runtime.main
	/home/ubuntu/.eval-dev-quality/go/src/runtime/proc.go:267
runtime.goexit
	/home/ubuntu/.eval-dev-quality/go/src/runtime/asm_amd64.s:1650
github.com/symflower/eval-dev-quality/language/java.(*Language).Execute
	/home/ubuntu/eval-dev-quality/language/java/language.go:119
github.com/symflower/eval-dev-quality/evaluate/task.(*TaskWriteTests).Run
	/home/ubuntu/eval-dev-quality/evaluate/task/task-write-test.go:91
github.com/symflower/eval-dev-quality/evaluate.Evaluate.func1
	/home/ubuntu/eval-dev-quality/evaluate/evaluate.go:128
github.com/symflower/eval-dev-quality/evaluate.withLoadedModel
	/home/ubuntu/eval-dev-quality/evaluate/evaluate.go:273
github.com/symflower/eval-dev-quality/evaluate.Evaluate
	/home/ubuntu/eval-dev-quality/evaluate/evaluate.go:118
github.com/symflower/eval-dev-quality/cmd/eval-dev-quality/cmd.(*Evaluate).Execute
	/home/ubuntu/eval-dev-quality/cmd/eval-dev-quality/cmd/evaluate.go:363
github.com/symflower/eval-dev-quality/cmd/eval-dev-quality/cmd.Execute.func1
	/home/ubuntu/eval-dev-quality/cmd/eval-dev-quality/cmd/command.go:34
github.com/jessevdk/go-flags.(*Parser).ParseArgs
	/home/ubuntu/go/pkg/mod/github.com/jessevdk/go-flags@v1.5.1-0.20210607101731-3927b71304df/parser.go:333
github.com/symflower/eval-dev-quality/cmd/eval-dev-quality/cmd.Execute
	/home/ubuntu/eval-dev-quality/cmd/eval-dev-quality/cmd/command.go:37
main.main
	/home/ubuntu/eval-dev-quality/cmd/eval-dev-quality/main.go:11
runtime.main
	/home/ubuntu/.eval-dev-quality/go/src/runtime/proc.go:267
runtime.goexit
	/home/ubuntu/.eval-dev-quality/go/src/runtime/asm_amd64.s:1650
[0;34mGive us your feedback and let us know how we can improve Symflower at hello@symflower.com or https://github.com/symflower/symflower. Thanks so much for your help![0m
ERROR: All attempts fail:
#1: Internal error: exit status 1:
[]interface {}{
    "/tmp/eval-dev-quality1400846753/plain/",
    "[INFO] Scanning for projects...\n[WARNING] \n[WARNING] Some problems were encountered while building the effective model for eval.dev.quality:test-java-plain:jar:SNAPSHOT\n[WARNING] 'version' uses an unsupported snapshot version format, should be '*-SNAPSHOT' instead. @ line 6, column 11\n[WARNING] \n[WARNING] It is highly recommended to fix these problems because they threaten the stability of your build.\n[WARNING] \n[WARNING] For this reason, future Maven versions might no longer support building such malformed projects.\n[WARNING] \nDownloading from central: https://repo.maven.apache.org/maven2/org/openclover/clover-maven-plugin/4.5.2/clover-maven-plugin-4.5.2.pom\nProgress (1): 1.4/16 kB\rProgress (1): 2.8/16 kB\rProgress (1): 4.1/16 kB\rProgress (1): 5.5/16 kB\rProgress (1): 6.9/16 kB\rProgress (1): 8.3/16 kB\rProgress (1): 9.7/16 kB\rProgress (1): 11/16 kB \rProgress (1): 12/16 kB\rProgress (1): 14/16 kB\rProgress (1): 15/16 kB\rProgress (1): 16 kB   \r                   \rDownloaded from central: https://repo.maven.apache.org/maven2/org/openclover/clover-maven-plugin/4.5.2/clover-maven-plugin-4.5.2.pom (16 kB at 73 kB/s)\nDownloading from central: https://repo.maven.apache.org/maven2/org/openclover/clover-maven-plugin/4.5.2/clover-maven-plugin-4.5.2.jar\nProgress (1): 1.4/148 kB\rProgress (1): 2.8/148 kB\rProgress (1): 4.1/148 kB\rProgress (1): 5.5/148 kB\rProgress (1): 6.9/148 kB\rProgress (1): 8.3/148 kB\rProgress (1): 9.7/148 kB\rProgress (1): 11/148 kB \rProgress (1): 12/148 kB\rProgress (1): 14/148 kB\rProgress (1): 15/148 kB\rProgress (1): 17/148 kB\rProgress (1): 18/148 kB\rProgress (1): 19/148 kB\rProgress (1): 21/148 kB\rProgress (1): 22/148 kB\rProgress (1): 23/148 kB\rProgress (1): 25/148 kB\rProgress (1): 26/148 kB\rProgress (1): 28/148 kB\rProgress (1): 29/148 kB\rProgress (1): 30/148 kB\rProgress (1): 32/148 kB\rProgress (1): 33/148 kB\rProgress (1): 33/148 kB\rProgress (1): 50/148 kB\rProgress (1): 66/148 kB\rProgress (1): 83/148 kB\rProgress (1): 99/148 kB\rProgress (1): 115/148 kB\rProgress (1): 132/148 kB\rProgress (1): 148 kB    \r                    \rDownloaded from central: https://repo.maven.apache.org/maven2/org/openclover/clover-maven-plugin/4.5.2/clover-maven-plugin-4.5.2.jar (148 kB at 5.1 MB/s)\n[INFO] \n[INFO] ------------------< eval.dev.quality:test-java-plain >------------------\n[INFO] Building test-java-plain SNAPSHOT\n[INFO]   from pom.xml\n[INFO] --------------------------------[ jar ]---------------------------------\nDownloading from central: https://repo.maven.apache.org/maven2/org/apache/maven/plugins/maven-clean-plugin/3.2.0/maven-clean-plugin-3.2.0.pom\nProgress (1): 5.3 kB\r                    \rDownloaded from central: https://repo.maven.apache.org/maven2/org/apache/maven/plugins/maven-clean-plugin/3.2.0/maven-clean-plugin-3.2.0.pom (5.3 kB at 442 kB/s)\nDownloading from central: https://repo.maven.apache.org/maven2/org/apache/maven/plugins/maven-plugins/35/maven-plugins-35.pom\nProgress (1): 9.9 kB\r                    \rDownloaded from central: https://repo.maven.apache.org/maven2/org/apache/maven/plugins/maven-plugins/35/maven-plugins-35.pom (9.9 kB at 1.1 MB/s)\nDownloading from central: https://repo.maven.apache.org/maven2/org/apache/maven/maven-parent/35/maven-parent-35.pom\nProgress (1): 16/45 kB\rProgress (1): 32/45 kB\rProgress (1): 45 kB   \r                   \rDownloaded from central: https://repo.maven.apache.org/maven2/org/apache/maven/maven-parent/35/maven-parent-35.pom (45 kB at 3.2 MB/s)\nDownloading from central: https://repo.maven.apache.org/maven2/org/apache/apache/25/apache-25.pom\nProgress (1): 16/21 kB\rProgress (1): 21 kB   \r                   \rDownloaded from central: https://repo.maven.apache.org/maven2/org/apache/apache/25/apache-25.pom (21 kB at 2.1 MB/s)\nDownloading from central: https://repo.maven.apache.org/maven2/org/apache/maven/plugins/maven-clean-plugin/3.2.0/maven-clean-plugin-3.2.0.jar\nProgress (1): 16/36 kB\rProgress (1): 33/36 kB\rProgress (1): 36 kB   \r                   \rDownloaded from central: https://repo.maven.apache.org/maven2/org/apache/maven/plugins/maven-clean-plugin/3.2.0/maven-clean-plugin-3.2.0.jar (36 kB at 3.0 MB/s)\nDownloading from central: https://repo.maven.apache.org/maven2/org/apache/maven/plugins/maven-resources-plugin/3.3.0/maven-resources-plugin-3.3.0.pom\nProgress (1): 8.5 kB\r                    \rDownloaded from central: https://repo.maven.apache.org/maven2/org/apache/maven/plugins/maven-resources-plugin/3.3.0/maven-resources-plugin-3.3.0.pom (8.5 kB at 708 kB/s)\nDownloading from central: https://repo.maven.apache.org/maven2/org/apache/maven/plugins/maven-plugins/36/maven-plugins-36.pom\nProgress (1): 9.9 kB\r                    \rDownloaded from central: https://repo.maven.apache.org/maven2/org/apache/maven/plugins/maven-plugins/36/maven-plugins-36.pom (9.9 kB at 990 kB/s)\nDownloading from central: https://repo.maven.apache.org/maven2/org/apache/maven/maven-parent/36/maven-parent-36.pom\nProgress (1): 16/45 kB\rProgress (1): 32/45 kB\rProgress (1): 45 kB   \r                   \rDownloaded from central: https://repo.maven.apache.org/maven2/org/apache/maven/maven-parent/36/maven-parent-36.pom (45 kB at 4.1 MB/s)\nDownloading from central: https://repo.maven.apache.org/maven2/org/apache/apache/26/apache-26.pom\nProgress (1): 16/21 kB\rProgress (1): 21 kB   \r                   \rDownloaded from central: https://repo.maven.apache.org/maven2/org/apache/apache/26/apache-26.pom (21 kB at 2.3 MB/s)\nDownloading from central: https://repo.maven.apache.org/maven2/org/apache/maven/plugins/maven-resources-plugin/3.3.0/maven-resources-plugin-3.3.0.jar\nProgress (1): 16/32 kB\rProgress (1): 32 kB   \r                   \rDownloaded from central: https://repo.maven.apache.org/maven2/org/apache/maven/plugins/maven-resources-plugin/3.3.0/maven-resources-plugin-3.3.0.jar (32 kB at 3.2 MB/s)\nDownloading from central: https://repo.maven.apache.org/maven2/org/apache/maven/plugins/maven-compiler-plugin/3.10.1/maven-compiler-plugin-3.10.1.pom\nProgress (1): 13 kB\r                   \rDownloaded from central: https://repo.maven.apache.org/maven2/org/apache/maven/plugins/maven-compiler-plugin/3.10.1/maven-compiler-plugin-3.10.1.pom (13 kB at 1.4 MB/s)\nDownloading from central: https://repo.maven.apache.org/maven2/org/apache/maven/plugins/maven-plugins/34/maven-plugins-34.pom\nProgress (1): 11 kB\r                   \rDownloaded from central: https://repo.maven.apache.org/maven2/org/apache/maven/plugins/maven-plugins/34/maven-plugins-34.pom (11 kB at 1.2 MB/s)\nDownloading from central: https://repo.maven.apache.org/maven2/org/apache/maven/maven-parent/34/maven-parent-34.pom\nProgress (1): 16/43 kB\rProgress (1): 33/43 kB\rProgress (1): 43 kB   \r                   \rDownloaded from central: https://repo.maven.apache.org/maven2/org/apache/maven/maven-parent/34/maven-parent-34.pom (43 kB at 4.3 MB/s)\nDownloading from central: https://repo.maven.apache.org/maven2/org/apache/apache/23/apache-23.pom\nProgress (1): 16/18 kB\rProgress (1): 18 kB   \r                   \rDownloaded from central: https://repo.maven.apache.org/maven2/org/apache/apache/23/apache-23.pom (18 kB at 2.0 MB/s)\nDownloading from central: https://repo.maven.apache.org/maven2/org/apache/maven/plugins/maven-compiler-plugin/3.10.1/maven-compiler-plugin-3.10.1.jar\nProgress (1): 16/62 kB\rProgress (1): 32/62 kB\rProgress (1): 49/62 kB\rProgress (1): 62 kB   \r                   \rDownloaded from central: https://repo.maven.apache.org/maven2/org/apache/maven/plugins/maven-compiler-plugin/3.10.1/maven-compiler-plugin-3.10.1.jar (62 kB at 5.6 MB/s)\nDownloading from central: https://repo.maven.apache.org/maven2/org/apache/maven/plugins/maven-surefire-plugin/3.2.5/maven-surefire-plugin-3.2.5.pom\nProgress (1): 5.3 kB\r                    \rDownloaded from central: https://repo.maven.apache.org/maven2/org/apache/maven/plugins/maven-surefire-plugin/3.2.5/maven-surefire-plugin-3.2.5.pom (5.3 kB at 484 kB/s)\nDownloading from central: https://repo.maven.apache.org/maven2/org/apache/maven/surefire/surefire/3.2.5/surefire-3.2.5.pom\nProgress (1): 16/22 kB\rProgress (1): 22 kB   \r                   \rDownloaded from central: https://repo.maven.apache.org/maven2/org/apache/maven/surefire/surefire/3.2.5/surefire-3.2.5.pom (22 kB at 2.0 MB/s)\nDownloading from central: https://repo.maven.apache.org/maven2/org/apache/maven/maven-parent/41/maven-parent-41.pom\nProgress (1): 16/50 kB\rProgress (1): 32/50 kB\rProgress (1): 49/50 kB\rProgress (1): 50 kB   \r                   \rDownloaded from central: https://repo.maven.apache.org/maven2/org/apache/maven/maven-parent/41/maven-parent-41.pom (50 kB at 4.2 MB/s)\nDownloading from central: https://repo.maven.apache.org/maven2/org/apache/apache/31/apache-31.pom\nProgress (1): 16/24 kB\rProgress (1): 24 kB   \r                   \rDownloaded from central: https://repo.maven.apache.org/maven2/org/apache/apache/31/apache-31.pom (24 kB at 2.0 MB/s)\nDownloading from central: https://repo.maven.apache.org/maven2/org/junit/junit-bom/5.9.3/junit-bom-5.9.3.pom\nProgress (1): 5.6 kB\r                    \rDownloaded from central: https://repo.maven.apache.org/maven2/org/junit/junit-bom/5.9.3/junit-bom-5.9.3.pom (5.6 kB at 469 kB/s)\nDownloading from central: https://repo.maven.apache.org/maven2/org/apache/maven/plugins/maven-surefire-plugin/3.2.5/maven-surefire-plugin-3.2.5.jar\nProgress (1): 16/45 kB\rProgress (1): 33/45 kB\rProgress (1): 45 kB   \r                   \rDownloaded from central: https://repo.maven.apache.org/maven2/org/apache/maven/plugins/maven-surefire-plugin/3.2.5/maven-surefire-plugin-3.2.5.jar (45 kB at 3.7 MB/s)\nDownloading from central: https://repo.maven.apache.org/maven2/org/junit/jupiter/junit-jupiter/5.8.2/junit-jupiter-5.8.2.pom\nProgress (1): 3.2 kB\r                    \rDownloaded from central: https://repo.maven.apache.org/maven2/org/junit/jupiter/junit-jupiter/5.8.2/junit-jupiter-5.8.2.pom (3.2 kB at 291 kB/s)\nDownloading from central: https://repo.maven.apache.org/maven2/org/junit/junit-bom/5.8.2/junit-bom-5.8.2.pom\nProgress (1): 5.6 kB\r                    \rDownloaded from central: https://repo.maven.apache.org/maven2/org/junit/junit-bom/5.8.2/junit-bom-5.8.2.pom (5.6 kB at 512 kB/s)\nDownloading from central: https://repo.maven.apache.org/maven2/org/junit/jupiter/junit-jupiter-api/5.8.2/junit-jupiter-api-5.8.2.pom\nProgress (1): 3.2 kB\r                    \rDownloaded from central: https://repo.maven.apache.org/maven2/org/junit/jupiter/junit-jupiter-api/5.8.2/junit-jupiter-api-5.8.2.pom (3.2 kB at 289 kB/s)\nDownloading from central: https://repo.maven.apache.org/maven2/org/opentest4j/opentest4j/1.2.0/opentest4j-1.2.0.pom\nProgress (1): 1.7 kB\r                    \rDownloaded from central: https://repo.maven.apache.org/maven2/org/opentest4j/opentest4j/1.2.0/opentest4j-1.2.0.pom (1.7 kB at 140 kB/s)\nDownloading from central: https://repo.maven.apache.org/maven2/org/junit/platform/junit-platform-commons/1.8.2/junit-platform-commons-1.8.2.pom\nProgress (1): 2.8 kB\r                    \rDownloaded from central: https://repo.maven.apache.org/maven2/org/junit/platform/junit-platform-commons/1.8.2/junit-platform-commons-1.8.2.pom (2.8 kB at 257 kB/s)\nDownloading from central: https://repo.maven.apache.org/maven2/org/apiguardian/apiguardian-api/1.1.2/apiguardian-api-1.1.2.pom\nProgress (1): 1.5 kB\r                    \rDownloaded from central: https://repo.maven.apache.org/maven2/org/apiguardian/apiguardian-api/1.1.2/apiguardian-api-1.1.2.pom (1.5 kB at 153 kB/s)\nDownloading from central: https://repo.maven.apache.org/maven2/org/junit/jupiter/junit-jupiter-params/5.8.2/junit-jupiter-params-5.8.2.pom\nProgress (1): 3.0 kB\r                    \rDownloaded from central: https://repo.maven.apache.org/maven2/org/junit/jupiter/junit-jupiter-params/5.8.2/junit-jupiter-params-5.8.2.pom (3.0 kB at 273 kB/s)\nDownloading from central: https://repo.maven.apache.org/maven2/org/junit/jupiter/junit-jupiter-engine/5.8.2/junit-jupiter-engine-5.8.2.pom\nProgress (1): 3.2 kB\r                    \rDownloaded from central: https://repo.maven.apache.org/maven2/org/junit/jupiter/junit-jupiter-engine/5.8.2/junit-jupiter-engine-5.8.2.pom (3.2 kB at 320 kB/s)\nDownloading from central: https://repo.maven.apache.org/maven2/org/junit/platform/junit-platform-engine/1.8.2/junit-platform-engine-1.8.2.pom\nProgress (1): 3.2 kB\r                    \rDownloaded from central: https://repo.maven.apache.org/maven2/org/junit/platform/junit-platform-engine/1.8.2/junit-platform-engine-1.8.2.pom (3.2 kB at 356 kB/s)\nDownloading from central: https://repo.maven.apache.org/maven2/org/junit/jupiter/junit-jupiter/5.8.2/junit-jupiter-5.8.2.jar\nProgress (1): 6.4 kB\r                    \rDownloaded from central: https://repo.maven.apache.org/maven2/org/junit/jupiter/junit-jupiter/5.8.2/junit-jupiter-5.8.2.jar (6.4 kB at 578 kB/s)\nDownloading from central: https://repo.maven.apache.org/maven2/org/junit/jupiter/junit-jupiter-api/5.8.2/junit-jupiter-api-5.8.2.jar\nDownloading from central: https://repo.maven.apache.org/maven2/org/junit/platform/junit-platform-commons/1.8.2/junit-platform-commons-1.8.2.jar\nDownloading from central: https://repo.maven.apache.org/maven2/org/opentest4j/opentest4j/1.2.0/opentest4j-1.2.0.jar\nDownloading from central: https://repo.maven.apache.org/maven2/org/apiguardian/apiguardian-api/1.1.2/apiguardian-api-1.1.2.jar\nDownloading from central: https://repo.maven.apache.org/maven2/org/junit/jupiter/junit-jupiter-params/5.8.2/junit-jupiter-params-5.8.2.jar\nProgress (1): 16/100 kB\rProgress (1): 33/100 kB\rProgress (1): 49/100 kB\rProgress (1): 66/100 kB\rProgress (1): 82/100 kB\rProgress (1): 98/100 kB\rProgress (1): 100 kB   \r                    \rDownloaded from central: https://repo.maven.apache.org/maven2/org/junit/platform/junit-platform-commons/1.8.2/junit-platform-commons-1.8.2.jar (100 kB at 4.2 MB/s)\nDownloading from central: https://repo.maven.apache.org/maven2/org/junit/jupiter/junit-jupiter-engine/5.8.2/junit-jupiter-engine-5.8.2.jar\nProgress (1): 16/230 kB\rProgress (1): 33/230 kB\rProgress (1): 49/230 kB\rProgress (1): 66/230 kB\rProgress (1): 82/230 kB\rProgress (1): 98/230 kB\rProgress (1): 115/230 kB\rProgress (1): 131/230 kB\rProgress (1): 147/230 kB\rProgress (1): 164/230 kB\rProgress (1): 180/230 kB\rProgress (1): 197/230 kB\rProgress (2): 197/230 kB | 1.4/6.8 kB\rProgress (2): 213/230 kB | 1.4/6.8 kB\rProgress (2): 213/230 kB | 2.8/6.8 kB\rProgress (2): 229/230 kB | 2.8/6.8 kB\rProgress (2): 229/230 kB | 4.1/6.8 kB\rProgress (2): 230 kB | 4.1/6.8 kB    \rProgress (2): 230 kB | 5.5/6.8 kB\rProgress (2): 230 kB | 6.8 kB    \r                             \rDownloaded from central: https://repo.maven.apache.org/maven2/org/junit/jupiter/junit-jupiter-engine/5.8.2/junit-jupiter-engine-5.8.2.jar (230 kB at 4.9 MB/s)\nDownloading from central: https://repo.maven.apache.org/maven2/org/junit/platform/junit-platform-engine/1.8.2/junit-platform-engine-1.8.2.jar\nDownloaded from central: https://repo.maven.apache.org/maven2/org/apiguardian/apiguardian-api/1.1.2/apiguardian-api-1.1.2.jar (6.8 kB at 139 kB/s)\nProgress (1): 1.4/186 kB\rProgress (1): 2.8/186 kB\rProgress (1): 4.1/186 kB\rProgress (1): 5.5/186 kB\rProgress (1): 6.9/186 kB\rProgress (1): 8.3/186 kB\rProgress (1): 9.7/186 kB\rProgress (1): 11/186 kB \rProgress (1): 12/186 kB\rProgress (1): 14/186 kB\rProgress (1): 15/186 kB\rProgress (1): 17/186 kB\rProgress (1): 18/186 kB\rProgress (1): 19/186 kB\rProgress (1): 21/186 kB\rProgress (1): 22/186 kB\rProgress (1): 23/186 kB\rProgress (1): 25/186 kB\rProgress (1): 26/186 kB\rProgress (1): 28/186 kB\rProgress (1): 29/186 kB\rProgress (1): 30/186 kB\rProgress (1): 32/186 kB\rProgress (1): 33/186 kB\rProgress (1): 34/186 kB\rProgress (1): 50/186 kB\rProgress (1): 62/186 kB\rProgress (1): 79/186 kB\rProgress (1): 95/186 kB\rProgress (1): 112/186 kB\rProgress (1): 128/186 kB\rProgress (1): 144/186 kB\rProgress (1): 161/186 kB\rProgress (1): 177/186 kB\rProgress (1): 186 kB    \r                    \rDownloaded from central: https://repo.maven.apache.org/maven2/org/junit/platform/junit-platform-engine/1.8.2/junit-platform-engine-1.8.2.jar (186 kB at 2.5 MB/s)\nProgress (1): 1.4/7.7 kB\rProgress (2): 1.4/7.7 kB | 1.4/577 kB\rProgress (3): 1.4/7.7 kB | 1.4/577 kB | 1.4/194 kB\rProgress (3): 2.8/7.7 kB | 1.4/577 kB | 1.4/194 kB\rProgress (3): 2.8/7.7 kB | 2.8/577 kB | 1.4/194 kB\rProgress (3): 2.8/7.7 kB | 2.8/577 kB | 2.8/194 kB\rProgress (3): 2.8/7.7 kB | 4.1/577 kB | 2.8/194 kB\rProgress (3): 2.8/7.7 kB | 4.1/577 kB | 4.1/194 kB\rProgress (3): 2.8/7.7 kB | 5.5/577 kB | 4.1/194 kB\rProgress (3): 4.1/7.7 kB | 5.5/577 kB | 4.1/194 kB\rProgress (3): 4.1/7.7 kB | 5.5/577 kB | 5.5/194 kB\rProgress (3): 5.5/7.7 kB | 5.5/577 kB | 5.5/194 kB\rProgress (3): 5.5/7.7 kB | 6.9/577 kB | 5.5/194 kB\rProgress (3): 5.5/7.7 kB | 6.9/577 kB | 6.9/194 kB\rProgress (3): 6.9/7.7 kB | 6.9/577 kB | 6.9/194 kB\rProgress (3): 6.9/7.7 kB | 8.3/577 kB | 6.9/194 kB\rProgress (3): 7.7 kB | 8.3/577 kB | 6.9/194 kB    \rProgress (3): 7.7 kB | 8.3/577 kB | 8.3/194 kB\rProgress (3): 7.7 kB | 9.7/577 kB | 8.3/194 kB\rProgress (3): 7.7 kB | 9.7/577 kB | 9.7/194 kB\rProgress (3): 7.7 kB | 11/577 kB | 9.7/194 kB \rProgress (3): 7.7 kB | 11/577 kB | 11/194 kB \rProgress (3): 7.7 kB | 12/577 kB | 11/194 kB\rProgress (3): 7.7 kB | 12/577 kB | 12/194 kB\r                                            \rDownloaded from central: https://repo.maven.apache.org/maven2/org/opentest4j/opentest4j/1.2.0/opentest4j-1.2.0.jar (7.7 kB at 76 kB/s)\nProgress (2): 14/577 kB | 12/194 kB\rProgress (2): 14/577 kB | 14/194 kB\rProgress (2): 15/577 kB | 14/194 kB\rProgress (2): 15/577 kB | 15/194 kB\rProgress (2): 16/577 kB | 15/194 kB\rProgress (2): 16/577 kB | 16/194 kB\rProgress (2): 16/577 kB | 32/194 kB\rProgress (2): 32/577 kB | 32/194 kB\rProgress (2): 32/577 kB | 49/194 kB\rProgress (2): 49/577 kB | 49/194 kB\rProgress (2): 49/577 kB | 65/194 kB\rProgress (2): 65/577 kB | 65/194 kB\rProgress (2): 65/577 kB | 81/194 kB\rProgress (2): 77/577 kB | 81/194 kB\rProgress (2): 94/577 kB | 81/194 kB\rProgress (2): 94/577 kB | 97/194 kB\rProgress (2): 110/577 kB | 97/194 kB\rProgress (2): 127/577 kB | 97/194 kB\rProgress (2): 143/577 kB | 97/194 kB\rProgress (2): 143/577 kB | 114/194 kB\rProgress (2): 159/577 kB | 114/194 kB\rProgress (2): 159/577 kB | 130/194 kB\rProgress (2): 176/577 kB | 130/194 kB\rProgress (2): 192/577 kB | 130/194 kB\rProgress (2): 209/577 kB | 130/194 kB\rProgress (2): 225/577 kB | 130/194 kB\rProgress (2): 241/577 kB | 130/194 kB\rProgress (2): 241/577 kB | 147/194 kB\rProgress (2): 258/577 kB | 147/194 kB\rProgress (2): 274/577 kB | 147/194 kB\rProgress (2): 278/577 kB | 147/194 kB\rProgress (2): 295/577 kB | 147/194 kB\rProgress (2): 311/577 kB | 147/194 kB\rProgress (2): 311/577 kB | 163/194 kB\rProgress (2): 327/577 kB | 163/194 kB\rProgress (2): 344/577 kB | 163/194 kB\rProgress (2): 344/577 kB | 179/194 kB\rProgress (2): 360/577 kB | 179/194 kB\rProgress (2): 376/577 kB | 179/194 kB\rProgress (2): 393/577 kB | 179/194 kB\rProgress (2): 393/577 kB | 194 kB    \rProgress (2): 409/577 kB | 194 kB\rProgress (2): 426/577 kB | 194 kB\rProgress (2): 442/577 kB | 194 kB\r                                 \rDownloaded from central: https://repo.maven.apache.org/maven2/org/junit/jupiter/junit-jupiter-api/5.8.2/junit-jupiter-api-5.8.2.jar (194 kB at 1.6 MB/s)\nProgress (1): 458/577 kB\rProgress (1): 475/577 kB\rProgress (1): 491/577 kB\rProgress (1): 508/577 kB\rProgress (1): 524/577 kB\rProgress (1): 540/577 kB\rProgress (1): 557/577 kB\rProgress (1): 573/577 kB\rProgress (1): 577 kB    \r                    \rDownloaded from central: https://repo.maven.apache.org/maven2/org/junit/jupiter/junit-jupiter-params/5.8.2/junit-jupiter-params-5.8.2.jar (577 kB at 4.7 MB/s)\n[INFO] \n[INFO] --- clean:3.2.0:clean (default-clean) @ test-java-plain ---\nDownloading from central: https://repo.maven.apache.org/maven2/org/apache/maven/shared/maven-shared-utils/3.3.4/maven-shared-utils-3.3.4.pom\nProgress (1): 5.8 kB\r                    \rDownloaded from central: https://repo.maven.apache.org/maven2/org/apache/maven/shared/maven-shared-utils/3.3.4/maven-shared-utils-3.3.4.pom (5.8 kB at 486 kB/s)\nDownloading from central: https://repo.maven.apache.org/maven2/org/apache/maven/shared/maven-shared-components/34/maven-shared-components-34.pom\nProgress (1): 5.1 kB\r                    \rDownloaded from central: https://repo.maven.apache.org/maven2/org/apache/maven/shared/maven-shared-components/34/maven-shared-components-34.pom (5.1 kB at 566 kB/s)\nDownloading from central: https://repo.maven.apache.org/maven2/commons-io/commons-io/2.6/commons-io-2.6.pom\nProgress (1): 14 kB\r                   \rDownloaded from central: https://repo.maven.apache.org/maven2/commons-io/commons-io/2.6/commons-io-2.6.pom (14 kB at 1.3 MB/s)\nDownloading from central: https://repo.maven.apache.org/maven2/org/apache/commons/commons-parent/42/commons-parent-42.pom\nProgress (1): 16/68 kB\rProgress (1): 33/68 kB\rProgress (1): 49/68 kB\rProgress (1): 64/68 kB\rProgress (1): 68 kB   \r                   \rDownloaded from central: https://repo.maven.apache.org/maven2/org/apache/commons/commons-parent/42/commons-parent-42.pom (68 kB at 5.2 MB/s)\nDownloading from central: https://repo.maven.apache.org/maven2/org/apache/apache/18/apache-18.pom\nProgress (1): 16 kB\r                   \rDownloaded from central: https://repo.maven.apache.org/maven2/org/apache/apache/18/apache-18.pom (16 kB at 1.3 MB/s)\nDownloading from central: https://repo.maven.apache.org/maven2/org/apache/maven/shared/maven-shared-utils/3.3.4/maven-shared-utils-3.3.4.jar\nProgress (1): 16/153 kB\rProgress (1): 33/153 kB\rProgress (1): 49/153 kB\rProgress (1): 66/153 kB\rProgress (1): 82/153 kB\rProgress (1): 98/153 kB\rProgress (1): 115/153 kB\rProgress (1): 131/153 kB\rProgress (1): 147/153 kB\rProgress (1): 153 kB    \r                    \rDownloaded from central: https://repo.maven.apache.org/maven2/org/apache/maven/shared/maven-shared-utils/3.3.4/maven-shared-utils-3.3.4.jar (153 kB at 13 MB/s)\nDownloading from central: https://repo.maven.apache.org/maven2/commons-io/commons-io/2.6/commons-io-2.6.jar\nProgress (1): 16/215 kB\rProgress (1): 33/215 kB\rProgress (1): 49/215 kB\rProgress (1): 64/215 kB\rProgress (1): 80/215 kB\rProgress (1): 97/215 kB\rProgress (1): 113/215 kB\rProgress (1): 130/215 kB\rProgress (1): 146/215 kB\rProgress (1): 162/215 kB\rProgress (1): 179/215 kB\rProgress (1): 195/215 kB\rProgress (1): 211/215 kB\rProgress (1): 215 kB    \r                    \rDownloaded from central: https://repo.maven.apache.org/maven2/commons-io/commons-io/2.6/commons-io-2.6.jar (215 kB at 14 MB/s)\n[INFO] \n[INFO] --- resources:3.3.0:resources (default-resources) @ test-java-plain ---\nDownloading from central: https://repo.maven.apache.org/maven2/org/codehaus/plexus/plexus-interpolation/1.26/plexus-interpolation-1.26.pom\nProgress (1): 2.7 kB\r                    \rDownloaded from central: https://repo.maven.apache.org/maven2/org/codehaus/plexus/plexus-interpolation/1.26/plexus-interpolation-1.26.pom (2.7 kB at 295 kB/s)\nDownloading from central: https://repo.maven.apache.org/maven2/org/codehaus/plexus/plexus/5.1/plexus-5.1.pom\nProgress (1): 16/23 kB\rProgress (1): 23 kB   \r                   \rDownloaded from central: https://repo.maven.apache.org/maven2/org/codehaus/plexus/plexus/5.1/plexus-5.1.pom (23 kB at 2.5 MB/s)\nDownloading from central: https://repo.maven.apache.org/maven2/org/apache/maven/shared/maven-filtering/3.3.0/maven-filtering-3.3.0.pom\nProgress (1): 6.9 kB\r                    \rDownloaded from central: https://repo.maven.apache.org/maven2/org/apache/maven/shared/maven-filtering/3.3.0/maven-filtering-3.3.0.pom (6.9 kB at 867 kB/s)\nDownloading from central: https://repo.maven.apache.org/maven2/org/apache/maven/shared/maven-shared-components/36/maven-shared-components-36.pom\nProgress (1): 4.9 kB\r                    \rDownloaded from central: https://repo.maven.apache.org/maven2/org/apache/maven/shared/maven-shared-components/36/maven-shared-components-36.pom (4.9 kB at 544 kB/s)\nDownloading from central: https://repo.maven.apache.org/maven2/javax/inject/javax.inject/1/javax.inject-1.pom\nProgress (1): 612 B\r                   \rDownloaded from central: https://repo.maven.apache.org/maven2/javax/inject/javax.inject/1/javax.inject-1.pom (612 B at 76 kB/s)\nDownloading from central: https://repo.maven.apache.org/maven2/org/slf4j/slf4j-api/1.7.36/slf4j-api-1.7.36.pom\nProgress (1): 2.7 kB\r                    \rDownloaded from central: https://repo.maven.apache.org/maven2/org/slf4j/slf4j-api/1.7.36/slf4j-api-1.7.36.pom (2.7 kB at 392 kB/s)\nDownloading from central: https://repo.maven.apache.org/maven2/org/slf4j/slf4j-parent/1.7.36/slf4j-parent-1.7.36.pom\nProgress (1): 14 kB\r                   \rDownloaded from central: https://repo.maven.apache.org/maven2/org/slf4j/slf4j-parent/1.7.36/slf4j-parent-1.7.36.pom (14 kB at 1.8 MB/s)\nDownloading from central: https://repo.maven.apache.org/maven2/org/sonatype/plexus/plexus-build-api/0.0.7/plexus-build-api-0.0.7.pom\nProgress (1): 3.2 kB\r                    \rDownloaded from central: https://repo.maven.apache.org/maven2/org/sonatype/plexus/plexus-build-api/0.0.7/plexus-build-api-0.0.7.pom (3.2 kB at 400 kB/s)\nDownloading from central: https://repo.maven.apache.org/maven2/org/sonatype/spice/spice-parent/15/spice-parent-15.pom\nProgress (1): 8.4 kB\r                    \rDownloaded from central: https://repo.maven.apache.org/maven2/org/sonatype/spice/spice-parent/15/spice-parent-15.pom (8.4 kB at 1.0 MB/s)\nDownloading from central: https://repo.maven.apache.org/maven2/org/sonatype/forge/forge-parent/5/forge-parent-5.pom\nProgress (1): 8.4 kB\r                    \rDownloaded from central: https://repo.maven.apache.org/maven2/org/sonatype/forge/forge-parent/5/forge-parent-5.pom (8.4 kB at 1.0 MB/s)\nDownloading from central: https://repo.maven.apache.org/maven2/org/codehaus/plexus/plexus-utils/3.3.0/plexus-utils-3.3.0.pom\nProgress (1): 5.2 kB\r                    \rDownloaded from central: https://repo.maven.apache.org/maven2/org/codehaus/plexus/plexus-utils/3.3.0/plexus-utils-3.3.0.pom (5.2 kB at 576 kB/s)\nDownloading from central: https://repo.maven.apache.org/maven2/commons-io/commons-io/2.11.0/commons-io-2.11.0.pom\nProgress (1): 16/20 kB\rProgress (1): 20 kB   \r                   \rDownloaded from central: https://repo.maven.apache.org/maven2/commons-io/commons-io/2.11.0/commons-io-2.11.0.pom (20 kB at 2.0 MB/s)\nDownloading from central: https://repo.maven.apache.org/maven2/org/apache/commons/commons-parent/52/commons-parent-52.pom\nProgress (1): 16/79 kB\rProgress (1): 33/79 kB\rProgress (1): 49/79 kB\rProgress (1): 62/79 kB\rProgress (1): 79/79 kB\rProgress (1): 79 kB   \r                   \rDownloaded from central: https://repo.maven.apache.org/maven2/org/apache/commons/commons-parent/52/commons-parent-52.pom (79 kB at 7.9 MB/s)\nDownloading from central: https://repo.maven.apache.org/maven2/org/junit/junit-bom/5.7.2/junit-bom-5.7.2.pom\nProgress (1): 5.1 kB\r                    \rDownloaded from central: https://repo.maven.apache.org/maven2/org/junit/junit-bom/5.7.2/junit-bom-5.7.2.pom (5.1 kB at 566 kB/s)\nDownloading from central: https://repo.maven.apache.org/maven2/org/apache/commons/commons-lang3/3.12.0/commons-lang3-3.12.0.pom\nProgress (1): 16/31 kB\rProgress (1): 31 kB   \r                   \rDownloaded from central: https://repo.maven.apache.org/maven2/org/apache/commons/commons-lang3/3.12.0/commons-lang3-3.12.0.pom (31 kB at 3.4 MB/s)\nDownloading from central: https://repo.maven.apache.org/maven2/org/junit/junit-bom/5.7.1/junit-bom-5.7.1.pom\nProgress (1): 5.1 kB\r                    \rDownloaded from central: https://repo.maven.apache.org/maven2/org/junit/junit-bom/5.7.1/junit-bom-5.7.1.pom (5.1 kB at 637 kB/s)\nDownloading from central: https://repo.maven.apache.org/maven2/org/codehaus/plexus/plexus-interpolation/1.26/plexus-interpolation-1.26.jar\nProgress (1): 16/85 kB\rProgress (1): 33/85 kB\rProgress (1): 49/85 kB\rProgress (1): 63/85 kB\rProgress (1): 79/85 kB\rProgress (1): 85 kB   \r                   \rDownloaded from central: https://repo.maven.apache.org/maven2/org/codehaus/plexus/plexus-interpolation/1.26/plexus-interpolation-1.26.jar (85 kB at 9.5 MB/s)\nDownloading from central: https://repo.maven.apache.org/maven2/org/apache/maven/shared/maven-filtering/3.3.0/maven-filtering-3.3.0.jar\nDownloading from central: https://repo.maven.apache.org/maven2/javax/inject/javax.inject/1/javax.inject-1.jar\nDownloading from central: https://repo.maven.apache.org/maven2/org/slf4j/slf4j-api/1.7.36/slf4j-api-1.7.36.jar\nDownloading from central: https://repo.maven.apache.org/maven2/org/sonatype/plexus/plexus-build-api/0.0.7/plexus-build-api-0.0.7.jar\nDownloading from central: https://repo.maven.apache.org/maven2/org/codehaus/plexus/plexus-utils/3.3.0/plexus-utils-3.3.0.jar\nProgress (1): 2.5 kB\rProgress (2): 2.5 kB | 1.4/41 kB\rProgress (2): 2.5 kB | 2.8/41 kB\rProgress (2): 2.5 kB | 4.1/41 kB\rProgress (2): 2.5 kB | 5.5/41 kB\rProgress (2): 2.5 kB | 6.9/41 kB\r                                \rDownloaded from central: https://repo.maven.apache.org/maven2/javax/inject/javax.inject/1/javax.inject-1.jar (2.5 kB at 227 kB/s)\nProgress (2): 6.9/41 kB | 8.5 kB\rProgress (2): 8.3/41 kB | 8.5 kB\r                                \rDownloading from central: https://repo.maven.apache.org/maven2/commons-io/commons-io/2.11.0/commons-io-2.11.0.jar\nProgress (3): 8.3/41 kB | 8.5 kB | 16/55 kB\rProgress (3): 9.7/41 kB | 8.5 kB | 16/55 kB\rProgress (3): 11/41 kB | 8.5 kB | 16/55 kB \rProgress (3): 12/41 kB | 8.5 kB | 16/55 kB\r                                          \rDownloaded from central: https://repo.maven.apache.org/maven2/org/sonatype/plexus/plexus-build-api/0.0.7/plexus-build-api-0.0.7.jar (8.5 kB at 771 kB/s)\nProgress (2): 12/41 kB | 32/55 kB\rProgress (2): 14/41 kB | 32/55 kB\r                                 \rDownloading from central: https://repo.maven.apache.org/maven2/org/apache/commons/commons-lang3/3.12.0/commons-lang3-3.12.0.jar\nProgress (2): 15/41 kB | 32/55 kB\rProgress (2): 17/41 kB | 32/55 kB\rProgress (2): 18/41 kB | 32/55 kB\rProgress (2): 18/41 kB | 49/55 kB\rProgress (2): 19/41 kB | 49/55 kB\rProgress (2): 21/41 kB | 49/55 kB\rProgress (2): 21/41 kB | 55 kB   \rProgress (2): 22/41 kB | 55 kB\rProgress (2): 23/41 kB | 55 kB\rProgress (2): 25/41 kB | 55 kB\rProgress (2): 26/41 kB | 55 kB\rProgress (2): 28/41 kB | 55 kB\r                              \rDownloaded from central: https://repo.maven.apache.org/maven2/org/apache/maven/shared/maven-filtering/3.3.0/maven-filtering-3.3.0.jar (55 kB at 3.9 MB/s)\nProgress (2): 28/41 kB | 16/263 kB\rProgress (2): 28/41 kB | 32/263 kB\rProgress (2): 29/41 kB | 32/263 kB\rProgress (2): 30/41 kB | 32/263 kB\rProgress (2): 30/41 kB | 49/263 kB\rProgress (2): 32/41 kB | 49/263 kB\rProgress (2): 33/41 kB | 49/263 kB\rProgress (2): 34/41 kB | 49/263 kB\rProgress (2): 36/41 kB | 49/263 kB\rProgress (2): 36/41 kB | 65/263 kB\rProgress (2): 37/41 kB | 65/263 kB\rProgress (2): 39/41 kB | 65/263 kB\rProgress (2): 40/41 kB | 65/263 kB\rProgress (2): 41 kB | 65/263 kB   \rProgress (2): 41 kB | 81/263 kB\rProgress (2): 41 kB | 98/263 kB\r                               \rDownloaded from central: https://repo.maven.apache.org/maven2/org/slf4j/slf4j-api/1.7.36/slf4j-api-1.7.36.jar (41 kB at 2.6 MB/s)\nProgress (1): 114/263 kB\rProgress (1): 130/263 kB\rProgress (1): 147/263 kB\rProgress (2): 147/263 kB | 16/327 kB\rProgress (2): 163/263 kB | 16/327 kB\rProgress (2): 180/263 kB | 16/327 kB\rProgress (2): 180/263 kB | 33/327 kB\rProgress (2): 196/263 kB | 33/327 kB\rProgress (2): 212/263 kB | 33/327 kB\rProgress (3): 212/263 kB | 33/327 kB | 16/587 kB\rProgress (3): 212/263 kB | 49/327 kB | 16/587 kB\rProgress (3): 229/263 kB | 49/327 kB | 16/587 kB\rProgress (3): 229/263 kB | 49/327 kB | 33/587 kB\rProgress (3): 245/263 kB | 49/327 kB | 33/587 kB\rProgress (3): 262/263 kB | 49/327 kB | 33/587 kB\rProgress (3): 263 kB | 49/327 kB | 33/587 kB    \rProgress (3): 263 kB | 64/327 kB | 33/587 kB\r                                            \rDownloaded from central: https://repo.maven.apache.org/maven2/org/codehaus/plexus/plexus-utils/3.3.0/plexus-utils-3.3.0.jar (263 kB at 13 MB/s)\nProgress (2): 64/327 kB | 49/587 kB\rProgress (2): 81/327 kB | 49/587 kB\rProgress (2): 81/327 kB | 66/587 kB\rProgress (2): 81/327 kB | 82/587 kB\rProgress (2): 97/327 kB | 82/587 kB\rProgress (2): 113/327 kB | 82/587 kB\rProgress (2): 113/327 kB | 98/587 kB\rProgress (2): 113/327 kB | 115/587 kB\rProgress (2): 130/327 kB | 115/587 kB\rProgress (2): 130/327 kB | 131/587 kB\rProgress (2): 146/327 kB | 131/587 kB\rProgress (2): 146/327 kB | 147/587 kB\rProgress (2): 163/327 kB | 147/587 kB\rProgress (2): 163/327 kB | 164/587 kB\rProgress (2): 163/327 kB | 180/587 kB\rProgress (2): 179/327 kB | 180/587 kB\rProgress (2): 195/327 kB | 180/587 kB\rProgress (2): 195/327 kB | 197/587 kB\rProgress (2): 212/327 kB | 197/587 kB\rProgress (2): 212/327 kB | 213/587 kB\rProgress (2): 228/327 kB | 213/587 kB\rProgress (2): 228/327 kB | 229/587 kB\rProgress (2): 244/327 kB | 229/587 kB\rProgress (2): 244/327 kB | 246/587 kB\rProgress (2): 244/327 kB | 256/587 kB\rProgress (2): 244/327 kB | 272/587 kB\rProgress (2): 244/327 kB | 289/587 kB\rProgress (2): 261/327 kB | 289/587 kB\rProgress (2): 277/327 kB | 289/587 kB\rProgress (2): 294/327 kB | 289/587 kB\rProgress (2): 310/327 kB | 289/587 kB\rProgress (2): 310/327 kB | 305/587 kB\rProgress (2): 326/327 kB | 305/587 kB\rProgress (2): 327 kB | 305/587 kB    \rProgress (2): 327 kB | 321/587 kB\rProgress (2): 327 kB | 338/587 kB\r                                 \rDownloaded from central: https://repo.maven.apache.org/maven2/commons-io/commons-io/2.11.0/commons-io-2.11.0.jar (327 kB at 9.3 MB/s)\nProgress (1): 354/587 kB\rProgress (1): 370/587 kB\rProgress (1): 387/587 kB\rProgress (1): 403/587 kB\rProgress (1): 420/587 kB\rProgress (1): 436/587 kB\rProgress (1): 452/587 kB\rProgress (1): 469/587 kB\rProgress (1): 485/587 kB\rProgress (1): 502/587 kB\rProgress (1): 518/587 kB\rProgress (1): 534/587 kB\rProgress (1): 551/587 kB\rProgress (1): 567/587 kB\rProgress (1): 583/587 kB\rProgress (1): 587 kB    \r                    \rDownloaded from central: https://repo.maven.apache.org/maven2/org/apache/commons/commons-lang3/3.12.0/commons-lang3-3.12.0.jar (587 kB at 12 MB/s)\n[WARNING] Using platform encoding (ANSI_X3.4-1968 actually) to copy filtered resources, i.e. build is platform dependent!\n[INFO] skip non existing resourceDirectory /tmp/eval-dev-quality1400846753/plain/src/main/resources\n[INFO] \n[INFO] --- compiler:3.10.1:compile (default-compile) @ test-java-plain ---\nDownloading from central: https://repo.maven.apache.org/maven2/org/apache/maven/shared/maven-shared-incremental/1.1/maven-shared-incremental-1.1.pom\nProgress (1): 4.7 kB\r                    \rDownloaded from central: https://repo.maven.apache.org/maven2/org/apache/maven/shared/maven-shared-incremental/1.1/maven-shared-incremental-1.1.pom (4.7 kB at 431 kB/s)\nDownloading from central: https://repo.maven.apache.org/maven2/org/apache/maven/shared/maven-shared-components/19/maven-shared-components-19.pom\nProgress (1): 6.4 kB\r                    \rDownloaded from central: https://repo.maven.apache.org/maven2/org/apache/maven/shared/maven-shared-components/19/maven-shared-components-19.pom (6.4 kB at 636 kB/s)\nDownloading from central: https://repo.maven.apache.org/maven2/org/apache/maven/maven-parent/23/maven-parent-23.pom\nProgress (1): 16/33 kB\rProgress (1): 32/33 kB\rProgress (1): 33 kB   \r                   \rDownloaded from central: https://repo.maven.apache.org/maven2/org/apache/maven/maven-parent/23/maven-parent-23.pom (33 kB at 3.0 MB/s)\nDownloading from central: https://repo.maven.apache.org/maven2/org/apache/apache/13/apache-13.pom\nProgress (1): 14 kB\r                   \rDownloaded from central: https://repo.maven.apache.org/maven2/org/apache/apache/13/apache-13.pom (14 kB at 1.6 MB/s)\nDownloading from central: https://repo.maven.apache.org/maven2/org/codehaus/plexus/plexus-component-annotations/2.0.0/plexus-component-annotations-2.0.0.pom\nProgress (1): 750 B\r                   \rDownloaded from central: https://repo.maven.apache.org/maven2/org/codehaus/plexus/plexus-component-annotations/2.0.0/plexus-component-annotations-2.0.0.pom (750 B at 94 kB/s)\nDownloading from central: https://repo.maven.apache.org/maven2/org/codehaus/plexus/plexus-containers/2.0.0/plexus-containers-2.0.0.pom\nProgress (1): 4.8 kB\r                    \rDownloaded from central: https://repo.maven.apache.org/maven2/org/codehaus/plexus/plexus-containers/2.0.0/plexus-containers-2.0.0.pom (4.8 kB at 601 kB/s)\nDownloading from central: https://repo.maven.apache.org/maven2/org/codehaus/plexus/plexus-java/1.1.1/plexus-java-1.1.1.pom\nProgress (1): 5.0 kB\r                    \rDownloaded from central: https://repo.maven.apache.org/maven2/org/codehaus/plexus/plexus-java/1.1.1/plexus-java-1.1.1.pom (5.0 kB at 710 kB/s)\nDownloading from central: https://repo.maven.apache.org/maven2/org/codehaus/plexus/plexus-languages/1.1.1/plexus-languages-1.1.1.pom\nProgress (1): 4.6 kB\r                    \rDownloaded from central: https://repo.maven.apache.org/maven2/org/codehaus/plexus/plexus-languages/1.1.1/plexus-languages-1.1.1.pom (4.6 kB at 577 kB/s)\nDownloading from central: https://repo.maven.apache.org/maven2/org/codehaus/plexus/plexus/8/plexus-8.pom\nProgress (1): 16/25 kB\rProgress (1): 25 kB   \r                   \rDownloaded from central: https://repo.maven.apache.org/maven2/org/codehaus/plexus/plexus/8/plexus-8.pom (25 kB at 2.8 MB/s)\nDownloading from central: https://repo.maven.apache.org/maven2/org/ow2/asm/asm/9.2/asm-9.2.pom\nProgress (1): 2.4 kB\r                    \rDownloaded from central: https://repo.maven.apache.org/maven2/org/ow2/asm/asm/9.2/asm-9.2.pom (2.4 kB at 296 kB/s)\nDownloading from central: https://repo.maven.apache.org/maven2/org/ow2/ow2/1.5/ow2-1.5.pom\nProgress (1): 11 kB\r                   \rDownloaded from central: https://repo.maven.apache.org/maven2/org/ow2/ow2/1.5/ow2-1.5.pom (11 kB at 1.6 MB/s)\nDownloading from central: https://repo.maven.apache.org/maven2/com/thoughtworks/qdox/qdox/2.0.1/qdox-2.0.1.pom\nProgress (1): 16 kB\r                   \rDownloaded from central: https://repo.maven.apache.org/maven2/com/thoughtworks/qdox/qdox/2.0.1/qdox-2.0.1.pom (16 kB at 2.3 MB/s)\nDownloading from central: https://repo.maven.apache.org/maven2/org/sonatype/oss/oss-parent/9/oss-parent-9.pom\nProgress (1): 6.6 kB\r                    \rDownloaded from central: https://repo.maven.apache.org/maven2/org/sonatype/oss/oss-parent/9/oss-parent-9.pom (6.6 kB at 821 kB/s)\nDownloading from central: https://repo.maven.apache.org/maven2/org/codehaus/plexus/plexus-compiler-api/2.11.1/plexus-compiler-api-2.11.1.pom\nProgress (1): 1.1 kB\r                    \rDownloaded from central: https://repo.maven.apache.org/maven2/org/codehaus/plexus/plexus-compiler-api/2.11.1/plexus-compiler-api-2.11.1.pom (1.1 kB at 151 kB/s)\nDownloading from central: https://repo.maven.apache.org/maven2/org/codehaus/plexus/plexus-compiler/2.11.1/plexus-compiler-2.11.1.pom\nProgress (1): 8.1 kB\r                    \rDownloaded from central: https://repo.maven.apache.org/maven2/org/codehaus/plexus/plexus-compiler/2.11.1/plexus-compiler-2.11.1.pom (8.1 kB at 1.0 MB/s)\nDownloading from central: https://repo.maven.apache.org/maven2/org/codehaus/plexus/plexus-components/6.6/plexus-components-6.6.pom\nProgress (1): 2.7 kB\r                    \rDownloaded from central: https://repo.maven.apache.org/maven2/org/codehaus/plexus/plexus-components/6.6/plexus-components-6.6.pom (2.7 kB at 334 kB/s)\nDownloading from central: https://repo.maven.apache.org/maven2/org/codehaus/plexus/plexus-utils/3.4.1/plexus-utils-3.4.1.pom\nProgress (1): 8.0 kB\r                    \rDownloaded from central: https://repo.maven.apache.org/maven2/org/codehaus/plexus/plexus-utils/3.4.1/plexus-utils-3.4.1.pom (8.0 kB at 1.1 MB/s)\nDownloading from central: https://repo.maven.apache.org/maven2/org/codehaus/plexus/plexus-compiler-manager/2.11.1/plexus-compiler-manager-2.11.1.pom\nProgress (1): 1.1 kB\r                    \rDownloaded from central: https://repo.maven.apache.org/maven2/org/codehaus/plexus/plexus-compiler-manager/2.11.1/plexus-compiler-manager-2.11.1.pom (1.1 kB at 163 kB/s)\nDownloading from central: https://repo.maven.apache.org/maven2/org/codehaus/plexus/plexus-compiler-javac/2.11.1/plexus-compiler-javac-2.11.1.pom\nProgress (1): 1.2 kB\r                    \rDownloaded from central: https://repo.maven.apache.org/maven2/org/codehaus/plexus/plexus-compiler-javac/2.11.1/plexus-compiler-javac-2.11.1.pom (1.2 kB at 150 kB/s)\nDownloading from central: https://repo.maven.apache.org/maven2/org/codehaus/plexus/plexus-compilers/2.11.1/plexus-compilers-2.11.1.pom\nProgress (1): 1.3 kB\r                    \rDownloaded from central: https://repo.maven.apache.org/maven2/org/codehaus/plexus/plexus-compilers/2.11.1/plexus-compilers-2.11.1.pom (1.3 kB at 189 kB/s)\nDownloading from central: https://repo.maven.apache.org/maven2/org/apache/maven/shared/maven-shared-incremental/1.1/maven-shared-incremental-1.1.jar\nProgress (1): 14 kB\r                   \rDownloaded from central: https://repo.maven.apache.org/maven2/org/apache/maven/shared/maven-shared-incremental/1.1/maven-shared-incremental-1.1.jar (14 kB at 1.7 MB/s)\nDownloading from central: https://repo.maven.apache.org/maven2/org/codehaus/plexus/plexus-component-annotations/2.0.0/plexus-component-annotations-2.0.0.jar\nDownloading from central: https://repo.maven.apache.org/maven2/org/codehaus/plexus/plexus-java/1.1.1/plexus-java-1.1.1.jar\nDownloading from central: https://repo.maven.apache.org/maven2/org/ow2/asm/asm/9.2/asm-9.2.jar\nDownloading from central: https://repo.maven.apache.org/maven2/com/thoughtworks/qdox/qdox/2.0.1/qdox-2.0.1.jar\nDownloading from central: https://repo.maven.apache.org/maven2/org/codehaus/plexus/plexus-compiler-api/2.11.1/plexus-compiler-api-2.11.1.jar\nProgress (1): 16/122 kB\rProgress (2): 16/122 kB | 4.2 kB\rProgress (2): 33/122 kB | 4.2 kB\rProgress (3): 33/122 kB | 4.2 kB | 16/54 kB\r                                           \rDownloaded from central: https://repo.maven.apache.org/maven2/org/codehaus/plexus/plexus-component-annotations/2.0.0/plexus-component-annotations-2.0.0.jar (4.2 kB at 423 kB/s)\nDownloading from central: https://repo.maven.apache.org/maven2/org/codehaus/plexus/plexus-utils/3.4.1/plexus-utils-3.4.1.jar\nProgress (2): 33/122 kB | 33/54 kB\rProgress (2): 49/122 kB | 33/54 kB\rProgress (3): 49/122 kB | 33/54 kB | 16/27 kB\rProgress (3): 66/122 kB | 33/54 kB | 16/27 kB\rProgress (3): 66/122 kB | 33/54 kB | 27 kB   \rProgress (3): 66/122 kB | 49/54 kB | 27 kB\rProgress (3): 66/122 kB | 54 kB | 27 kB   \r                                       \rDownloaded from central: https://repo.maven.apache.org/maven2/org/codehaus/plexus/plexus-compiler-api/2.11.1/plexus-compiler-api-2.11.1.jar (27 kB at 2.7 MB/s)\nDownloading from central: https://repo.maven.apache.org/maven2/org/codehaus/plexus/plexus-compiler-manager/2.11.1/plexus-compiler-manager-2.11.1.jar\nProgress (3): 66/122 kB | 54 kB | 16/334 kB\rProgress (3): 82/122 kB | 54 kB | 16/334 kB\r                                           \rDownloaded from central: https://repo.maven.apache.org/maven2/org/codehaus/plexus/plexus-java/1.1.1/plexus-java-1.1.1.jar (54 kB at 4.1 MB/s)\nDownloading from central: https://repo.maven.apache.org/maven2/org/codehaus/plexus/plexus-compiler-javac/2.11.1/plexus-compiler-javac-2.11.1.jar\nProgress (2): 82/122 kB | 32/334 kB\rProgress (2): 82/122 kB | 49/334 kB\rProgress (2): 82/122 kB | 65/334 kB\rProgress (2): 82/122 kB | 81/334 kB\rProgress (2): 82/122 kB | 98/334 kB\rProgress (2): 98/122 kB | 98/334 kB\rProgress (2): 98/122 kB | 114/334 kB\rProgress (2): 115/122 kB | 114/334 kB\rProgress (2): 115/122 kB | 130/334 kB\rProgress (2): 122 kB | 130/334 kB    \rProgress (2): 122 kB | 147/334 kB\rProgress (2): 122 kB | 163/334 kB\r                                 \rDownloaded from central: https://repo.maven.apache.org/maven2/org/ow2/asm/asm/9.2/asm-9.2.jar (122 kB at 7.6 MB/s)\nProgress (1): 180/334 kB\rProgress (1): 196/334 kB\rProgress (1): 212/334 kB\rProgress (1): 229/334 kB\rProgress (2): 229/334 kB | 4.7 kB\rProgress (2): 245/334 kB | 4.7 kB\rProgress (3): 245/334 kB | 4.7 kB | 16/264 kB\r                                             \rDownloaded from central: https://repo.maven.apache.org/maven2/org/codehaus/plexus/plexus-compiler-manager/2.11.1/plexus-compiler-manager-2.11.1.jar (4.7 kB at 274 kB/s)\nProgress (2): 262/334 kB | 16/264 kB\rProgress (3): 262/334 kB | 16/264 kB | 16/23 kB\rProgress (3): 262/334 kB | 32/264 kB | 16/23 kB\rProgress (3): 278/334 kB | 32/264 kB | 16/23 kB\rProgress (3): 278/334 kB | 49/264 kB | 16/23 kB\rProgress (3): 294/334 kB | 49/264 kB | 16/23 kB\rProgress (3): 294/334 kB | 49/264 kB | 23 kB   \rProgress (3): 311/334 kB | 49/264 kB | 23 kB\rProgress (3): 311/334 kB | 65/264 kB | 23 kB\r                                            \rDownloaded from central: https://repo.maven.apache.org/maven2/org/codehaus/plexus/plexus-compiler-javac/2.11.1/plexus-compiler-javac-2.11.1.jar (23 kB at 1.2 MB/s)\nProgress (2): 327/334 kB | 65/264 kB\rProgress (2): 327/334 kB | 81/264 kB\rProgress (2): 334 kB | 81/264 kB    \r                                \rDownloaded from central: https://repo.maven.apache.org/maven2/com/thoughtworks/qdox/qdox/2.0.1/qdox-2.0.1.jar (334 kB at 16 MB/s)\nProgress (1): 98/264 kB\rProgress (1): 114/264 kB\rProgress (1): 130/264 kB\rProgress (1): 147/264 kB\rProgress (1): 163/264 kB\rProgress (1): 180/264 kB\rProgress (1): 196/264 kB\rProgress (1): 212/264 kB\rProgress (1): 229/264 kB\rProgress (1): 245/264 kB\rProgress (1): 262/264 kB\rProgress (1): 264 kB    \r                    \rDownloaded from central: https://repo.maven.apache.org/maven2/org/codehaus/plexus/plexus-utils/3.4.1/plexus-utils-3.4.1.jar (264 kB at 9.8 MB/s)\n[INFO] Changes detected - recompiling the module!\n[WARNING] File encoding has not been set, using platform encoding ANSI_X3.4-1968, i.e. build is platform dependent!\n[INFO] Compiling 1 source file to /tmp/eval-dev-quality1400846753/plain/target/classes\n[INFO] \n[INFO] --- resources:3.3.0:resources (default-resources) @ test-java-plain ---\n[WARNING] Using platform encoding (ANSI_X3.4-1968 actually) to copy filtered resources, i.e. build is platform dependent!\n[INFO] skip non existing resourceDirectory /tmp/eval-dev-quality1400846753/plain/src/main/resources\n[INFO] \n[INFO] --- compiler:3.10.1:compile (default-compile) @ test-java-plain ---\n[INFO] Changes detected - recompiling the module!\n[WARNING] File encoding has not been set, using platform encoding ANSI_X3.4-1968, i.e. build is platform dependent!\n[INFO] Compiling 1 source file to /tmp/eval-dev-quality1400846753/plain/target/classes\n[INFO] \n[INFO] --- resources:3.3.0:testResources (default-testResources) @ test-java-plain ---\n[WARNING] Using platform encoding (ANSI_X3.4-1968 actually) to copy filtered resources, i.e. build is platform dependent!\n[INFO] skip non existing resourceDirectory /tmp/eval-dev-quality1400846753/plain/src/test/resources\n[INFO] \n[INFO] --- compiler:3.10.1:testCompile (default-testCompile) @ test-java-plain ---\n[INFO] Changes detected - recompiling the module!\n[WARNING] File encoding has not been set, using platform encoding ANSI_X3.4-1968, i.e. build is platform dependent!\n[INFO] Compiling 1 source file to /tmp/eval-dev-quality1400846753/plain/target/test-classes\n[INFO] -------------------------------------------------------------\n[ERROR] COMPILATION ERROR : \n[INFO] -------------------------------------------------------------\n[ERROR] /tmp/eval-dev-quality1400846753/plain/src/test/java/com/eval/PlainTest.java:[7,9] cannot find symbol\n  symbol:   variable Plain\n  location: class PlainTest\n[INFO] 1 error\n[INFO] -------------------------------------------------------------\n[INFO] ------------------------------------------------------------------------\n[INFO] BUILD FAILURE\n[INFO] ------------------------------------------------------------------------\n[INFO] Total time:  2.785 s\n[INFO] Finished at: 2024-06-19T10:47:45Z\n[INFO] ------------------------------------------------------------------------\n[ERROR] Failed to execute goal org.apache.maven.plugins:maven-compiler-plugin:3.10.1:testCompile (default-testCompile) on project test-java-plain: Compilation failure\n[ERROR] /tmp/eval-dev-quality1400846753/plain/src/test/java/com/eval/PlainTest.java:[7,9] cannot find symbol\n[ERROR]   symbol:   variable Plain\n[ERROR]   location: class PlainTest\n[ERROR] \n[ERROR] -> [Help 1]\n[ERROR] \n[ERROR] To see the full stack trace of the errors, re-run Maven with the -e switch.\n[ERROR] Re-run Maven using the -X switch to enable full debug logging.\n[ERROR] \n[ERROR] For more information about the errors and possible solutions, please read the following articles:\n[ERROR] [Help 1] http://cwiki.apache.org/confluence/display/MAVEN/MojoFailureException\n",
}
Stacktrace: goroutine 1 [running]:
gitlab.nethead.at/symflower/symflower/model/errors.NewInternalError({0x1f42da0?, 0xc00067f420}, {0xffa8c0?, 0xc0006f7db8})
	gitlab.nethead.at/symflower/symflower/model/errors/error.go:850 +0x59
gitlab.nethead.at/symflower/symflower/language/java/execute.MavenDependencyCommand.func1()
	gitlab.nethead.at/symflower/symflower/language/java/execute/maven.go:80 +0x1ef
github.com/avast/retry-go.Do(0xc0007078b8, {0xc0007078a0, 0x3, 0x418c94?})
	github.com/avast/retry-go/retry.go:135 +0x5a3
gitlab.nethead.at/symflower/symflower/language/java/execute.MavenDependencyCommand({0xc0008142a0, 0x26}, 0x0, {0xc00080dec0, 0x6, 0x6})
	gitlab.nethead.at/symflower/symflower/language/java/execute/maven.go:60 +0x1c5
gitlab.nethead.at/symflower/symflower/language/java/execute.MavenCloverCoverage({0xc0008142a0, 0x26})
	gitlab.nethead.at/symflower/symflower/language/java/execute/clover.go:131 +0xc9
gitlab.nethead.at/symflower/symflower/cmd/symflower-local/cmd.(*commandTest).Execute(0xc0000fd578, {0xc0000fd400?, 0x7f8ff95981d8?, 0xc0000fd578?})
	gitlab.nethead.at/symflower/symflower/cmd/symflower-local/cmd/test.go:143 +0x54f
gitlab.nethead.at/symflower/symflower/cmd.ExecuteNoExit({0x1f425e0?, 0xc0000fd400}, {0xc000234000?, 0x2782d80?, 0xc000143ed8?})
	gitlab.nethead.at/symflower/symflower/cmd/execute.go:56 +0x2d0
gitlab.nethead.at/symflower/symflower/cmd.Execute({0x1f425e0?, 0xc0000fd400?}, {0xc000234000?, 0x274c500?, 0xc0000fd400?})
	gitlab.nethead.at/symflower/symflower/cmd/execute.go:16 +0x26
gitlab.nethead.at/symflower/symflower/cmd.ExecuteWithOSArguments(...)
	gitlab.nethead.at/symflower/symflower/cmd/execute.go:75
main.main.func1()
	gitlab.nethead.at/symflower/symflower/cmd/symflower-demo/main.go:40 +0x34
gitlab.nethead.at/symflower/symflower/cmd/symflower-local/cmd.(*Command).WithPanicReporter(0xc000200058?, 0x2636b18?)
	gitlab.nethead.at/symflower/symflower/cmd/symflower-local/cmd/cmd.go:184 +0x48
main.main()
	gitlab.nethead.at/symflower/symflower/cmd/symflower-demo/main.go:39 +0xa5


src/main/java/com/eval/Plain.java]
2024/06/19 10:47:49 Evaluating model "openrouter/nousresearch/nous-capybara-7b" on task "write-tests" using language "java" and repository "java/plain"
2024/06/19 10:47:49 Querying model "openrouter/nousresearch/nous-capybara-7b" with:
	Given the following Java code file "src/main/java/com/eval/Plain.java" with package "com.eval", provide a test file for this code with JUnit 5 as a test framework.
	The tests should produce 100 percent code coverage and must compile.
	The response must contain only the test code and nothing else.

	```java
	package com.eval;

	class Plain {
	    static void plain() {
	    }
	}
	```
2024/06/19 10:47:51 Model "openrouter/nousresearch/nous-capybara-7b" responded (2275 ms) with:
	 ```java
	package com.eval;

	import org.junit.jupiter.api.Test;
	import static org.junit.jupiter.api.Assertions.*;

	public class PlainTest {

	    @Test
	    public void testPlainMethod() {
	        Plain.plain();
	    }
	}
	```
2024/06/19 10:47:51 $ symflower test --language java --workspace /tmp/eval-dev-quality1400846753/plain --coverage-file /tmp/eval-dev-quality1400846753/plain/coverage.json
[INFO] Scanning for projects...
[WARNING] 
[WARNING] Some problems were encountered while building the effective model for eval.dev.quality:test-java-plain:jar:SNAPSHOT
[WARNING] 'version' uses an unsupported snapshot version format, should be '*-SNAPSHOT' instead. @ line 6, column 11
[WARNING] 
[WARNING] It is highly recommended to fix these problems because they threaten the stability of your build.
[WARNING] 
[WARNING] For this reason, future Maven versions might no longer support building such malformed projects.
[WARNING] 
[INFO] 
[INFO] ------------------< eval.dev.quality:test-java-plain >------------------
[INFO] Building test-java-plain SNAPSHOT
[INFO]   from pom.xml
[INFO] --------------------------------[ jar ]---------------------------------
[INFO] 
[INFO] --- clover:4.5.2:aggregate (default-cli) @ test-java-plain ---
[INFO] 
[INFO] ------------------< eval.dev.quality:test-java-plain >------------------
[INFO] Building test-java-plain SNAPSHOT
[INFO]   from pom.xml
[INFO] --------------------------------[ jar ]---------------------------------
[INFO] 
[INFO] --- clover:4.5.2:clover (default-cli) @ test-java-plain ---
[INFO] Using default-clover-report descriptor.
[INFO] Using Clover report descriptor: /tmp/mvn12106136096452057082resource
[INFO] OpenClover Version 4.5.2, built on 2024-01-31
[INFO] Clover is enabled with initstring '/tmp/eval-dev-quality1400846753/plain/target/clover/clover.db'
[INFO] OpenClover Version 4.5.2, built on 2024-01-31
[INFO] Loading coverage database from: '/tmp/eval-dev-quality1400846753/plain/target/clover/clover.db'
[INFO] Writing report to '/tmp/eval-dev-quality1400846753/plain/target/site/clover/clover.xml'
[INFO] ------------------------------------------------------------------------
[INFO] BUILD SUCCESS
[INFO] ------------------------------------------------------------------------
[INFO] Total time:  2.138 s
[INFO] Finished at: 2024-06-19T10:48:05Z
[INFO] ------------------------------------------------------------------------

Total coverage 100.000000%
[0;34mGive us your feedback and let us know how we can improve Symflower at hello@symflower.com or https://github.com/symflower/symflower. Thanks so much for your help![0m
2024/06/19 10:48:05 Executes tests with 1 coverage objects
2024/06/19 10:48:05 Evaluated model "openrouter/nousresearch/nous-capybara-7b" on task "write-tests" using language "java" and repository "java/plain": encountered 0 problems: []
2024/06/19 10:48:12 Evaluating model "openrouter/nousresearch/nous-capybara-7b" on task "write-tests" using language "java" and repository "java/plain"
2024/06/19 10:48:12 Querying model "openrouter/nousresearch/nous-capybara-7b" with:
	Given the following Java code file "src/main/java/com/eval/Plain.java" with package "com.eval", provide a test file for this code with JUnit 5 as a test framework.
	The tests should produce 100 percent code coverage and must compile.
	The response must contain only the test code and nothing else.

	```java
	package com.eval;

	class Plain {
	    static void plain() {
	    }
	}
	```
2024/06/19 10:48:44 Model "openrouter/nousresearch/nous-capybara-7b" responded (32629 ms) with:
	 import org.junit.jupiter.api.Test;
	import org.junit.jupiter.api.junitplatform.runners.JupiterAggregateRunner;
	import org.junit.jupiter.api.junitplatform.launch.support.LaunchJUnit6Ide;
	import org.junit.jupiter.api.junitplatform.testbuilder.TestExecutionException;

	import java.io.File;

	public class MainTests {

	    TestLoader testLoader = new TestLoader();

	    public static void main(String[] args) {
	        new LaunchJUnit6Ide(testLoader.load("Mod0"));
	    }

	    public class TestLoader implements org.junit.platform.commons.TestLoader {
	        private final TestRegistry testRegistry = new TestRegistryHelper();

	        public Collection<TestInfo> loadCollection(TestDescriptor descriptor, TestSeed seed) {
	            Collection<TestInfo> testInfos = new ArrayList<>();
	            testInfos.add(makeTestInfo(descriptor, seed));
	            return testInfos;
	        }

	        public Collection<TestInfo> load(String moduleName) {
	            TestDescriptor testDesc = new TestDescriptor().setDisplayName("Mod0").setModule(moduleName);
	            return loadCollection(testDesc, new TestSeed());
	        }

	        private TestInfo makeTestInfo(TestDescriptor descriptor, TestSeed seed) {
	            testRegistry.getTestDescriptors().add(descriptor);

	            return new TestInfo(
	                    "Mod0.plain",
	                    "relevant" + (descriptor == null ? "" : "" + descriptor.getDisplayName()),
	                    "Mod0",
	                    0,
	                    false,
	                    true,
	                    newDataTypeForTest((Class<?>) null),
	                    newParametersFromConstructor(new Object[0]),
	                    newObjects(),
	                    newYields().get(0),
	                    createExecutionContext(false),
	                    newModifiersContainer().getJdkModifiers().add(Modifier.PUBLIC));
	        }  

	        //methods to make object

	        private JdkModifiersWrapper newObjects() {
	            return new JdkModifiersWrapper().add(Modifier.PRIVATE);
	        }

	        private MethodTypeWrapper createExecutionContext(boolean isConstructor) {
	            return new MethodTypeWrapper().setReturnType(returnType()).setJsepDefaultType("object");
	        }

	        private MethodType returnType() {
	            return MethodType.methodType(Class<?>[] classArray);
	        }    

	        private Class<?>[] classArray() {
	            return new Class[]{Class.class, Class.class, Class.class, Class.class, Class.class, Class.class, Class.class, Class.class, Class.class, Class.class, Class.class, Class.class, Class.class, Class.class, Class.class, Class.class, Class.class, Class.class, Class.class, Class.class};
	        }

	        //method to make yield

	        private Iterable<Yield> newYields() throws TestExecutionException {
	            return new Iterable<Yield>() {
	                private int i = 0;
	                public Iterator<Yield> iterator() {
	                    return new Iterator<Yield>() {
	                        private Yield nextYield() throws TestFailureException {
	                            i++;
	                            if (i % 2 == 0) {
	                                return new LoopYield(new Iterator() {
	                                    private var next = true;
	                                    public final boolean hasNext() {
	                                        return next;
	                                    }

	                                    public Object next() {
	                                        next = false;
	                                        return "" + i;
	                                    }

	                                    public void remove() {
	                                        throw new IllegalStateException("remove");
	                                    }
	                                });
	                            } else {
	                                return makeYield();
	                            }
	                        }

	                        private Yield makeYield() {
	                            return new YieldList(
	                                    Collections.nCopies(1, "yield"));
	                        }                      
	                    };
	                }
	            };
	        }  

	        private Yield yieldFromMethod(Method method) {
	            return new YieldBlock() {
	                int n = 1;
	                boolean loop;

	                public  void nuevo() {
	                    loop = true;                  
	                }  

	                public Yield yield() {     
	                    if (loop) {
	                        loop = false;                  
	                        continue;
	                    } else if (++n == 2) {     
	                        loop = true;                             
	                    }                    
	                    return new Object();      
	                }
	            };
	        }           

	        private Yield yieldFromLabel(Label label) {
	            return new YieldStm(label);
	        }

	        private final TestRegistryHelper testRegistryHelper = new TestRegistryHelper();
	        private TestRegistry testRegistry = new TestRegistryHelper();

	        class Label {
	            private int foo;

	            public void fac() { }    
	        }

	        class TestClass1 {
	            static void example() {
	                Example example = new Example();
	                assert example != null;
	            }    
	        }
	    }

	}
	```
2024/06/19 10:48:44 $ symflower test --language java --workspace /tmp/eval-dev-quality1400846753/plain --coverage-file /tmp/eval-dev-quality1400846753/plain/coverage.json
[0;34mGive us your feedback and let us know how we can improve Symflower at hello@symflower.com or https://github.com/symflower/symflower. Thanks so much for your help![0m
ERROR: All attempts fail:
#1: Internal error: exit status 1:
[]interface {}{
    "/tmp/eval-dev-quality1400846753/plain/",
    "[INFO] Scanning for projects...\n[WARNING] \n[WARNING] Some problems were encountered while building the effective model for eval.dev.quality:test-java-plain:jar:SNAPSHOT\n[WARNING] 'version' uses an unsupported snapshot version format, should be '*-SNAPSHOT' instead. @ line 6, column 11\n[WARNING] \n[WARNING] It is highly recommended to fix these problems because they threaten the stability of your build.\n[WARNING] \n[WARNING] For this reason, future Maven versions might no longer support building such malformed projects.\n[WARNING] \n[INFO] \n[INFO] ------------------< eval.dev.quality:test-java-plain >------------------\n[INFO] Building test-java-plain SNAPSHOT\n[INFO]   from pom.xml\n[INFO] --------------------------------[ jar ]---------------------------------\n[INFO] \n[INFO] --- clean:3.2.0:clean (default-clean) @ test-java-plain ---\n[INFO] \n[INFO] --- resources:3.3.0:resources (default-resources) @ test-java-plain ---\n[WARNING] Using platform encoding (ANSI_X3.4-1968 actually) to copy filtered resources, i.e. build is platform dependent!\n[INFO] skip non existing resourceDirectory /tmp/eval-dev-quality1400846753/plain/src/main/resources\n[INFO] \n[INFO] --- compiler:3.10.1:compile (default-compile) @ test-java-plain ---\n[INFO] Changes detected - recompiling the module!\n[WARNING] File encoding has not been set, using platform encoding ANSI_X3.4-1968, i.e. build is platform dependent!\n[INFO] Compiling 1 source file to /tmp/eval-dev-quality1400846753/plain/target/classes\n[INFO] \n[INFO] --- resources:3.3.0:resources (default-resources) @ test-java-plain ---\n[WARNING] Using platform encoding (ANSI_X3.4-1968 actually) to copy filtered resources, i.e. build is platform dependent!\n[INFO] skip non existing resourceDirectory /tmp/eval-dev-quality1400846753/plain/src/main/resources\n[INFO] \n[INFO] --- compiler:3.10.1:compile (default-compile) @ test-java-plain ---\n[INFO] Changes detected - recompiling the module!\n[WARNING] File encoding has not been set, using platform encoding ANSI_X3.4-1968, i.e. build is platform dependent!\n[INFO] Compiling 1 source file to /tmp/eval-dev-quality1400846753/plain/target/classes\n[INFO] \n[INFO] --- resources:3.3.0:testResources (default-testResources) @ test-java-plain ---\n[WARNING] Using platform encoding (ANSI_X3.4-1968 actually) to copy filtered resources, i.e. build is platform dependent!\n[INFO] skip non existing resourceDirectory /tmp/eval-dev-quality1400846753/plain/src/test/resources\n[INFO] \n[INFO] --- compiler:3.10.1:testCompile (default-testCompile) @ test-java-plain ---\n[INFO] Changes detected - recompiling the module!\n[WARNING] File encoding has not been set, using platform encoding ANSI_X3.4-1968, i.e. build is platform dependent!\n[INFO] Compiling 1 source file to /tmp/eval-dev-quality1400846753/plain/target/test-classes\n[INFO] -------------------------------------------------------------\n[ERROR] COMPILATION ERROR : \n[INFO] -------------------------------------------------------------\n[ERROR] /tmp/eval-dev-quality1400846753/plain/src/test/java/com/eval/PlainTest.java:[59,53] illegal start of expression\n[ERROR] /tmp/eval-dev-quality1400846753/plain/src/test/java/com/eval/PlainTest.java:[59,63] ';' expected\n[ERROR] /tmp/eval-dev-quality1400846753/plain/src/test/java/com/eval/PlainTest.java:[77,45] 'var' is not allowed here\n[INFO] 3 errors \n[INFO] -------------------------------------------------------------\n[INFO] ------------------------------------------------------------------------\n[INFO] BUILD FAILURE\n[INFO] ------------------------------------------------------------------------\n[INFO] Total time:  1.034 s\n[INFO] Finished at: 2024-06-19T10:48:48Z\n[INFO] ------------------------------------------------------------------------\n[ERROR] Failed to execute goal org.apache.maven.plugins:maven-compiler-plugin:3.10.1:testCompile (default-testCompile) on project test-java-plain: Compilation failure: Compilation failure: \n[ERROR] /tmp/eval-dev-quality1400846753/plain/src/test/java/com/eval/PlainTest.java:[59,53] illegal start of expression\n[ERROR] /tmp/eval-dev-quality1400846753/plain/src/test/java/com/eval/PlainTest.java:[59,63] ';' expected\n[ERROR] /tmp/eval-dev-quality1400846753/plain/src/test/java/com/eval/PlainTest.java:[77,45] 'var' is not allowed here\n[ERROR] -> [Help 1]\n[ERROR] \n[ERROR] To see the full stack trace of the errors, re-run Maven with the -e switch.\n[ERROR] Re-run Maven using the -X switch to enable full debug logging.\n[ERROR] \n[ERROR] For more information about the errors and possible solutions, please read the following articles:\n[ERROR] [Help 1] http://cwiki.apache.org/confluence/display/MAVEN/MojoFailureException\n",
}
Stacktrace: goroutine 1 [running]:
gitlab.nethead.at/symflower/symflower/model/errors.NewInternalError({0x1f42da0?, 0xc00079f2a0}, {0xffa8c0?, 0xc0007695d8})
	gitlab.nethead.at/symflower/symflower/model/errors/error.go:850 +0x59
gitlab.nethead.at/symflower/symflower/language/java/execute.MavenDependencyCommand.func1()
	gitlab.nethead.at/symflower/symflower/language/java/execute/maven.go:80 +0x1ef
github.com/avast/retry-go.Do(0xc0001d18b8, {0xc0001d18a0, 0x3, 0x418c94?})
	github.com/avast/retry-go/retry.go:135 +0x5a3
gitlab.nethead.at/symflower/symflower/language/java/execute.MavenDependencyCommand({0xc0007be0f0, 0x26}, 0x0, {0xc0007cb740, 0x6, 0x6})
	gitlab.nethead.at/symflower/symflower/language/java/execute/maven.go:60 +0x1c5
gitlab.nethead.at/symflower/symflower/language/java/execute.MavenCloverCoverage({0xc0007be0f0, 0x26})
	gitlab.nethead.at/symflower/symflower/language/java/execute/clover.go:131 +0xc9
gitlab.nethead.at/symflower/symflower/cmd/symflower-local/cmd.(*commandTest).Execute(0xc000180578, {0xc000180400?, 0x7f13b8de6f78?, 0xc000180578?})
	gitlab.nethead.at/symflower/symflower/cmd/symflower-local/cmd/test.go:143 +0x54f
gitlab.nethead.at/symflower/symflower/cmd.ExecuteNoExit({0x1f425e0?, 0xc000180400}, {0xc000212000?, 0x2782d80?, 0xc000163ed8?})
	gitlab.nethead.at/symflower/symflower/cmd/execute.go:56 +0x2d0
gitlab.nethead.at/symflower/symflower/cmd.Execute({0x1f425e0?, 0xc000180400?}, {0xc000212000?, 0x274c500?, 0xc000180400?})
	gitlab.nethead.at/symflower/symflower/cmd/execute.go:16 +0x26
gitlab.nethead.at/symflower/symflower/cmd.ExecuteWithOSArguments(...)
	gitlab.nethead.at/symflower/symflower/cmd/execute.go:75
main.main.func1()
	gitlab.nethead.at/symflower/symflower/cmd/symflower-demo/main.go:40 +0x34
gitlab.nethead.at/symflower/symflower/cmd/symflower-local/cmd.(*Command).WithPanicReporter(0xc00012a058?, 0x2636b18?)
	gitlab.nethead.at/symflower/symflower/cmd/symflower-local/cmd/cmd.go:184 +0x48
main.main()
	gitlab.nethead.at/symflower/symflower/cmd/symflower-demo/main.go:39 +0xa5

2024/06/19 10:48:48 Evaluated model "openrouter/nousresearch/nous-capybara-7b" on task "write-tests" using language "java" and repository "java/plain": encountered 1 problems: [exit status 1
[0;34mGive us your feedback and let us know how we can improve Symflower at hello@symflower.com or https://github.com/symflower/symflower. Thanks so much for your help![0m
ERROR: All attempts fail:
#1: Internal error: exit status 1:
[]interface {}{
    "/tmp/eval-dev-quality1400846753/plain/",
    "[INFO] Scanning for projects...\n[WARNING] \n[WARNING] Some problems were encountered while building the effective model for eval.dev.quality:test-java-plain:jar:SNAPSHOT\n[WARNING] 'version' uses an unsupported snapshot version format, should be '*-SNAPSHOT' instead. @ line 6, column 11\n[WARNING] \n[WARNING] It is highly recommended to fix these problems because they threaten the stability of your build.\n[WARNING] \n[WARNING] For this reason, future Maven versions might no longer support building such malformed projects.\n[WARNING] \n[INFO] \n[INFO] ------------------< eval.dev.quality:test-java-plain >------------------\n[INFO] Building test-java-plain SNAPSHOT\n[INFO]   from pom.xml\n[INFO] --------------------------------[ jar ]---------------------------------\n[INFO] \n[INFO] --- clean:3.2.0:clean (default-clean) @ test-java-plain ---\n[INFO] \n[INFO] --- resources:3.3.0:resources (default-resources) @ test-java-plain ---\n[WARNING] Using platform encoding (ANSI_X3.4-1968 actually) to copy filtered resources, i.e. build is platform dependent!\n[INFO] skip non existing resourceDirectory /tmp/eval-dev-quality1400846753/plain/src/main/resources\n[INFO] \n[INFO] --- compiler:3.10.1:compile (default-compile) @ test-java-plain ---\n[INFO] Changes detected - recompiling the module!\n[WARNING] File encoding has not been set, using platform encoding ANSI_X3.4-1968, i.e. build is platform dependent!\n[INFO] Compiling 1 source file to /tmp/eval-dev-quality1400846753/plain/target/classes\n[INFO] \n[INFO] --- resources:3.3.0:resources (default-resources) @ test-java-plain ---\n[WARNING] Using platform encoding (ANSI_X3.4-1968 actually) to copy filtered resources, i.e. build is platform dependent!\n[INFO] skip non existing resourceDirectory /tmp/eval-dev-quality1400846753/plain/src/main/resources\n[INFO] \n[INFO] --- compiler:3.10.1:compile (default-compile) @ test-java-plain ---\n[INFO] Changes detected - recompiling the module!\n[WARNING] File encoding has not been set, using platform encoding ANSI_X3.4-1968, i.e. build is platform dependent!\n[INFO] Compiling 1 source file to /tmp/eval-dev-quality1400846753/plain/target/classes\n[INFO] \n[INFO] --- resources:3.3.0:testResources (default-testResources) @ test-java-plain ---\n[WARNING] Using platform encoding (ANSI_X3.4-1968 actually) to copy filtered resources, i.e. build is platform dependent!\n[INFO] skip non existing resourceDirectory /tmp/eval-dev-quality1400846753/plain/src/test/resources\n[INFO] \n[INFO] --- compiler:3.10.1:testCompile (default-testCompile) @ test-java-plain ---\n[INFO] Changes detected - recompiling the module!\n[WARNING] File encoding has not been set, using platform encoding ANSI_X3.4-1968, i.e. build is platform dependent!\n[INFO] Compiling 1 source file to /tmp/eval-dev-quality1400846753/plain/target/test-classes\n[INFO] -------------------------------------------------------------\n[ERROR] COMPILATION ERROR : \n[INFO] -------------------------------------------------------------\n[ERROR] /tmp/eval-dev-quality1400846753/plain/src/test/java/com/eval/PlainTest.java:[59,53] illegal start of expression\n[ERROR] /tmp/eval-dev-quality1400846753/plain/src/test/java/com/eval/PlainTest.java:[59,63] ';' expected\n[ERROR] /tmp/eval-dev-quality1400846753/plain/src/test/java/com/eval/PlainTest.java:[77,45] 'var' is not allowed here\n[INFO] 3 errors \n[INFO] -------------------------------------------------------------\n[INFO] ------------------------------------------------------------------------\n[INFO] BUILD FAILURE\n[INFO] ------------------------------------------------------------------------\n[INFO] Total time:  1.034 s\n[INFO] Finished at: 2024-06-19T10:48:48Z\n[INFO] ------------------------------------------------------------------------\n[ERROR] Failed to execute goal org.apache.maven.plugins:maven-compiler-plugin:3.10.1:testCompile (default-testCompile) on project test-java-plain: Compilation failure: Compilation failure: \n[ERROR] /tmp/eval-dev-quality1400846753/plain/src/test/java/com/eval/PlainTest.java:[59,53] illegal start of expression\n[ERROR] /tmp/eval-dev-quality1400846753/plain/src/test/java/com/eval/PlainTest.java:[59,63] ';' expected\n[ERROR] /tmp/eval-dev-quality1400846753/plain/src/test/java/com/eval/PlainTest.java:[77,45] 'var' is not allowed here\n[ERROR] -> [Help 1]\n[ERROR] \n[ERROR] To see the full stack trace of the errors, re-run Maven with the -e switch.\n[ERROR] Re-run Maven using the -X switch to enable full debug logging.\n[ERROR] \n[ERROR] For more information about the errors and possible solutions, please read the following articles:\n[ERROR] [Help 1] http://cwiki.apache.org/confluence/display/MAVEN/MojoFailureException\n",
}
Stacktrace: goroutine 1 [running]:
gitlab.nethead.at/symflower/symflower/model/errors.NewInternalError({0x1f42da0?, 0xc00079f2a0}, {0xffa8c0?, 0xc0007695d8})
	gitlab.nethead.at/symflower/symflower/model/errors/error.go:850 +0x59
gitlab.nethead.at/symflower/symflower/language/java/execute.MavenDependencyCommand.func1()
	gitlab.nethead.at/symflower/symflower/language/java/execute/maven.go:80 +0x1ef
github.com/avast/retry-go.Do(0xc0001d18b8, {0xc0001d18a0, 0x3, 0x418c94?})
	github.com/avast/retry-go/retry.go:135 +0x5a3
gitlab.nethead.at/symflower/symflower/language/java/execute.MavenDependencyCommand({0xc0007be0f0, 0x26}, 0x0, {0xc0007cb740, 0x6, 0x6})
	gitlab.nethead.at/symflower/symflower/language/java/execute/maven.go:60 +0x1c5
gitlab.nethead.at/symflower/symflower/language/java/execute.MavenCloverCoverage({0xc0007be0f0, 0x26})
	gitlab.nethead.at/symflower/symflower/language/java/execute/clover.go:131 +0xc9
gitlab.nethead.at/symflower/symflower/cmd/symflower-local/cmd.(*commandTest).Execute(0xc000180578, {0xc000180400?, 0x7f13b8de6f78?, 0xc000180578?})
	gitlab.nethead.at/symflower/symflower/cmd/symflower-local/cmd/test.go:143 +0x54f
gitlab.nethead.at/symflower/symflower/cmd.ExecuteNoExit({0x1f425e0?, 0xc000180400}, {0xc000212000?, 0x2782d80?, 0xc000163ed8?})
	gitlab.nethead.at/symflower/symflower/cmd/execute.go:56 +0x2d0
gitlab.nethead.at/symflower/symflower/cmd.Execute({0x1f425e0?, 0xc000180400?}, {0xc000212000?, 0x274c500?, 0xc000180400?})
	gitlab.nethead.at/symflower/symflower/cmd/execute.go:16 +0x26
gitlab.nethead.at/symflower/symflower/cmd.ExecuteWithOSArguments(...)
	gitlab.nethead.at/symflower/symflower/cmd/execute.go:75
main.main.func1()
	gitlab.nethead.at/symflower/symflower/cmd/symflower-demo/main.go:40 +0x34
gitlab.nethead.at/symflower/symflower/cmd/symflower-local/cmd.(*Command).WithPanicReporter(0xc00012a058?, 0x2636b18?)
	gitlab.nethead.at/symflower/symflower/cmd/symflower-local/cmd/cmd.go:184 +0x48
main.main()
	gitlab.nethead.at/symflower/symflower/cmd/symflower-demo/main.go:39 +0xa5


github.com/symflower/eval-dev-quality/util.CommandWithResult
	/home/ubuntu/eval-dev-quality/util/exec.go:52
github.com/symflower/eval-dev-quality/language/java.(*Language).Execute
	/home/ubuntu/eval-dev-quality/language/java/language.go:108
github.com/symflower/eval-dev-quality/evaluate/task.(*TaskWriteTests).Run
	/home/ubuntu/eval-dev-quality/evaluate/task/task-write-test.go:91
github.com/symflower/eval-dev-quality/evaluate.Evaluate.func1
	/home/ubuntu/eval-dev-quality/evaluate/evaluate.go:128
github.com/symflower/eval-dev-quality/evaluate.withLoadedModel
	/home/ubuntu/eval-dev-quality/evaluate/evaluate.go:273
github.com/symflower/eval-dev-quality/evaluate.Evaluate
	/home/ubuntu/eval-dev-quality/evaluate/evaluate.go:118
github.com/symflower/eval-dev-quality/cmd/eval-dev-quality/cmd.(*Evaluate).Execute
	/home/ubuntu/eval-dev-quality/cmd/eval-dev-quality/cmd/evaluate.go:363
github.com/symflower/eval-dev-quality/cmd/eval-dev-quality/cmd.Execute.func1
	/home/ubuntu/eval-dev-quality/cmd/eval-dev-quality/cmd/command.go:34
github.com/jessevdk/go-flags.(*Parser).ParseArgs
	/home/ubuntu/go/pkg/mod/github.com/jessevdk/go-flags@v1.5.1-0.20210607101731-3927b71304df/parser.go:333
github.com/symflower/eval-dev-quality/cmd/eval-dev-quality/cmd.Execute
	/home/ubuntu/eval-dev-quality/cmd/eval-dev-quality/cmd/command.go:37
main.main
	/home/ubuntu/eval-dev-quality/cmd/eval-dev-quality/main.go:11
runtime.main
	/home/ubuntu/.eval-dev-quality/go/src/runtime/proc.go:267
runtime.goexit
	/home/ubuntu/.eval-dev-quality/go/src/runtime/asm_amd64.s:1650
github.com/symflower/eval-dev-quality/language/java.(*Language).Execute
	/home/ubuntu/eval-dev-quality/language/java/language.go:119
github.com/symflower/eval-dev-quality/evaluate/task.(*TaskWriteTests).Run
	/home/ubuntu/eval-dev-quality/evaluate/task/task-write-test.go:91
github.com/symflower/eval-dev-quality/evaluate.Evaluate.func1
	/home/ubuntu/eval-dev-quality/evaluate/evaluate.go:128
github.com/symflower/eval-dev-quality/evaluate.withLoadedModel
	/home/ubuntu/eval-dev-quality/evaluate/evaluate.go:273
github.com/symflower/eval-dev-quality/evaluate.Evaluate
	/home/ubuntu/eval-dev-quality/evaluate/evaluate.go:118
github.com/symflower/eval-dev-quality/cmd/eval-dev-quality/cmd.(*Evaluate).Execute
	/home/ubuntu/eval-dev-quality/cmd/eval-dev-quality/cmd/evaluate.go:363
github.com/symflower/eval-dev-quality/cmd/eval-dev-quality/cmd.Execute.func1
	/home/ubuntu/eval-dev-quality/cmd/eval-dev-quality/cmd/command.go:34
github.com/jessevdk/go-flags.(*Parser).ParseArgs
	/home/ubuntu/go/pkg/mod/github.com/jessevdk/go-flags@v1.5.1-0.20210607101731-3927b71304df/parser.go:333
github.com/symflower/eval-dev-quality/cmd/eval-dev-quality/cmd.Execute
	/home/ubuntu/eval-dev-quality/cmd/eval-dev-quality/cmd/command.go:37
main.main
	/home/ubuntu/eval-dev-quality/cmd/eval-dev-quality/main.go:11
runtime.main
	/home/ubuntu/.eval-dev-quality/go/src/runtime/proc.go:267
runtime.goexit
	/home/ubuntu/.eval-dev-quality/go/src/runtime/asm_amd64.s:1650
[0;34mGive us your feedback and let us know how we can improve Symflower at hello@symflower.com or https://github.com/symflower/symflower. Thanks so much for your help![0m
ERROR: All attempts fail:
#1: Internal error: exit status 1:
[]interface {}{
    "/tmp/eval-dev-quality1400846753/plain/",
    "[INFO] Scanning for projects...\n[WARNING] \n[WARNING] Some problems were encountered while building the effective model for eval.dev.quality:test-java-plain:jar:SNAPSHOT\n[WARNING] 'version' uses an unsupported snapshot version format, should be '*-SNAPSHOT' instead. @ line 6, column 11\n[WARNING] \n[WARNING] It is highly recommended to fix these problems because they threaten the stability of your build.\n[WARNING] \n[WARNING] For this reason, future Maven versions might no longer support building such malformed projects.\n[WARNING] \n[INFO] \n[INFO] ------------------< eval.dev.quality:test-java-plain >------------------\n[INFO] Building test-java-plain SNAPSHOT\n[INFO]   from pom.xml\n[INFO] --------------------------------[ jar ]---------------------------------\n[INFO] \n[INFO] --- clean:3.2.0:clean (default-clean) @ test-java-plain ---\n[INFO] \n[INFO] --- resources:3.3.0:resources (default-resources) @ test-java-plain ---\n[WARNING] Using platform encoding (ANSI_X3.4-1968 actually) to copy filtered resources, i.e. build is platform dependent!\n[INFO] skip non existing resourceDirectory /tmp/eval-dev-quality1400846753/plain/src/main/resources\n[INFO] \n[INFO] --- compiler:3.10.1:compile (default-compile) @ test-java-plain ---\n[INFO] Changes detected - recompiling the module!\n[WARNING] File encoding has not been set, using platform encoding ANSI_X3.4-1968, i.e. build is platform dependent!\n[INFO] Compiling 1 source file to /tmp/eval-dev-quality1400846753/plain/target/classes\n[INFO] \n[INFO] --- resources:3.3.0:resources (default-resources) @ test-java-plain ---\n[WARNING] Using platform encoding (ANSI_X3.4-1968 actually) to copy filtered resources, i.e. build is platform dependent!\n[INFO] skip non existing resourceDirectory /tmp/eval-dev-quality1400846753/plain/src/main/resources\n[INFO] \n[INFO] --- compiler:3.10.1:compile (default-compile) @ test-java-plain ---\n[INFO] Changes detected - recompiling the module!\n[WARNING] File encoding has not been set, using platform encoding ANSI_X3.4-1968, i.e. build is platform dependent!\n[INFO] Compiling 1 source file to /tmp/eval-dev-quality1400846753/plain/target/classes\n[INFO] \n[INFO] --- resources:3.3.0:testResources (default-testResources) @ test-java-plain ---\n[WARNING] Using platform encoding (ANSI_X3.4-1968 actually) to copy filtered resources, i.e. build is platform dependent!\n[INFO] skip non existing resourceDirectory /tmp/eval-dev-quality1400846753/plain/src/test/resources\n[INFO] \n[INFO] --- compiler:3.10.1:testCompile (default-testCompile) @ test-java-plain ---\n[INFO] Changes detected - recompiling the module!\n[WARNING] File encoding has not been set, using platform encoding ANSI_X3.4-1968, i.e. build is platform dependent!\n[INFO] Compiling 1 source file to /tmp/eval-dev-quality1400846753/plain/target/test-classes\n[INFO] -------------------------------------------------------------\n[ERROR] COMPILATION ERROR : \n[INFO] -------------------------------------------------------------\n[ERROR] /tmp/eval-dev-quality1400846753/plain/src/test/java/com/eval/PlainTest.java:[59,53] illegal start of expression\n[ERROR] /tmp/eval-dev-quality1400846753/plain/src/test/java/com/eval/PlainTest.java:[59,63] ';' expected\n[ERROR] /tmp/eval-dev-quality1400846753/plain/src/test/java/com/eval/PlainTest.java:[77,45] 'var' is not allowed here\n[INFO] 3 errors \n[INFO] -------------------------------------------------------------\n[INFO] ------------------------------------------------------------------------\n[INFO] BUILD FAILURE\n[INFO] ------------------------------------------------------------------------\n[INFO] Total time:  1.034 s\n[INFO] Finished at: 2024-06-19T10:48:48Z\n[INFO] ------------------------------------------------------------------------\n[ERROR] Failed to execute goal org.apache.maven.plugins:maven-compiler-plugin:3.10.1:testCompile (default-testCompile) on project test-java-plain: Compilation failure: Compilation failure: \n[ERROR] /tmp/eval-dev-quality1400846753/plain/src/test/java/com/eval/PlainTest.java:[59,53] illegal start of expression\n[ERROR] /tmp/eval-dev-quality1400846753/plain/src/test/java/com/eval/PlainTest.java:[59,63] ';' expected\n[ERROR] /tmp/eval-dev-quality1400846753/plain/src/test/java/com/eval/PlainTest.java:[77,45] 'var' is not allowed here\n[ERROR] -> [Help 1]\n[ERROR] \n[ERROR] To see the full stack trace of the errors, re-run Maven with the -e switch.\n[ERROR] Re-run Maven using the -X switch to enable full debug logging.\n[ERROR] \n[ERROR] For more information about the errors and possible solutions, please read the following articles:\n[ERROR] [Help 1] http://cwiki.apache.org/confluence/display/MAVEN/MojoFailureException\n",
}
Stacktrace: goroutine 1 [running]:
gitlab.nethead.at/symflower/symflower/model/errors.NewInternalError({0x1f42da0?, 0xc00079f2a0}, {0xffa8c0?, 0xc0007695d8})
	gitlab.nethead.at/symflower/symflower/model/errors/error.go:850 +0x59
gitlab.nethead.at/symflower/symflower/language/java/execute.MavenDependencyCommand.func1()
	gitlab.nethead.at/symflower/symflower/language/java/execute/maven.go:80 +0x1ef
github.com/avast/retry-go.Do(0xc0001d18b8, {0xc0001d18a0, 0x3, 0x418c94?})
	github.com/avast/retry-go/retry.go:135 +0x5a3
gitlab.nethead.at/symflower/symflower/language/java/execute.MavenDependencyCommand({0xc0007be0f0, 0x26}, 0x0, {0xc0007cb740, 0x6, 0x6})
	gitlab.nethead.at/symflower/symflower/language/java/execute/maven.go:60 +0x1c5
gitlab.nethead.at/symflower/symflower/language/java/execute.MavenCloverCoverage({0xc0007be0f0, 0x26})
	gitlab.nethead.at/symflower/symflower/language/java/execute/clover.go:131 +0xc9
gitlab.nethead.at/symflower/symflower/cmd/symflower-local/cmd.(*commandTest).Execute(0xc000180578, {0xc000180400?, 0x7f13b8de6f78?, 0xc000180578?})
	gitlab.nethead.at/symflower/symflower/cmd/symflower-local/cmd/test.go:143 +0x54f
gitlab.nethead.at/symflower/symflower/cmd.ExecuteNoExit({0x1f425e0?, 0xc000180400}, {0xc000212000?, 0x2782d80?, 0xc000163ed8?})
	gitlab.nethead.at/symflower/symflower/cmd/execute.go:56 +0x2d0
gitlab.nethead.at/symflower/symflower/cmd.Execute({0x1f425e0?, 0xc000180400?}, {0xc000212000?, 0x274c500?, 0xc000180400?})
	gitlab.nethead.at/symflower/symflower/cmd/execute.go:16 +0x26
gitlab.nethead.at/symflower/symflower/cmd.ExecuteWithOSArguments(...)
	gitlab.nethead.at/symflower/symflower/cmd/execute.go:75
main.main.func1()
	gitlab.nethead.at/symflower/symflower/cmd/symflower-demo/main.go:40 +0x34
gitlab.nethead.at/symflower/symflower/cmd/symflower-local/cmd.(*Command).WithPanicReporter(0xc00012a058?, 0x2636b18?)
	gitlab.nethead.at/symflower/symflower/cmd/symflower-local/cmd/cmd.go:184 +0x48
main.main()
	gitlab.nethead.at/symflower/symflower/cmd/symflower-demo/main.go:39 +0xa5


src/main/java/com/eval/Plain.java]
2024/06/19 10:48:51 Evaluating model "openrouter/nousresearch/nous-capybara-7b" on task "write-tests" using language "java" and repository "java/plain"
2024/06/19 10:48:51 Querying model "openrouter/nousresearch/nous-capybara-7b" with:
	Given the following Java code file "src/main/java/com/eval/Plain.java" with package "com.eval", provide a test file for this code with JUnit 5 as a test framework.
	The tests should produce 100 percent code coverage and must compile.
	The response must contain only the test code and nothing else.

	```java
	package com.eval;

	class Plain {
	    static void plain() {
	    }
	}
	```
2024/06/19 10:48:55 Model "openrouter/nousresearch/nous-capybara-7b" responded (4938 ms) with:
	 import org.junit.jupiter.api.Test;
	import org.junit.jupiter.api.io.TestResource;
	import org.junit.jupiter.api.extension.ParamTest;
	import org.junit.jupiter.api.extension.ParamTests;
	import org.junit.jupiter.params.ParameterizedTest;
	import org.junit.jupiter.params.converter.ParseStringAsInt;
	import org.junit.jupiter.params.provider.EnumSource;
	import org.junit.jupiter.params.provider.NullSource;
	import org.junit.jupiter.params.provider.ValueSource;

	import java.util.Locale;

	import static org.junit.jupiter.api.Assertions.assertEquals;

	public class PlainTest {

	    @Test
	    void testMethod() {
	        assertEquals("plain must be called", "");
	    }

	    @Test
	    void testMethod2() {
	        assertEquals("too many args", "");
	    }

	}

	```
	```
2024/06/19 10:48:55 $ symflower test --language java --workspace /tmp/eval-dev-quality1400846753/plain --coverage-file /tmp/eval-dev-quality1400846753/plain/coverage.json
[0;34mGive us your feedback and let us know how we can improve Symflower at hello@symflower.com or https://github.com/symflower/symflower. Thanks so much for your help![0m
ERROR: All attempts fail:
#1: Internal error: exit status 1:
[]interface {}{
    "/tmp/eval-dev-quality1400846753/plain/",
    "[INFO] Scanning for projects...\n[WARNING] \n[WARNING] Some problems were encountered while building the effective model for eval.dev.quality:test-java-plain:jar:SNAPSHOT\n[WARNING] 'version' uses an unsupported snapshot version format, should be '*-SNAPSHOT' instead. @ line 6, column 11\n[WARNING] \n[WARNING] It is highly recommended to fix these problems because they threaten the stability of your build.\n[WARNING] \n[WARNING] For this reason, future Maven versions might no longer support building such malformed projects.\n[WARNING] \n[INFO] \n[INFO] ------------------< eval.dev.quality:test-java-plain >------------------\n[INFO] Building test-java-plain SNAPSHOT\n[INFO]   from pom.xml\n[INFO] --------------------------------[ jar ]---------------------------------\n[INFO] \n[INFO] --- clean:3.2.0:clean (default-clean) @ test-java-plain ---\n[INFO] \n[INFO] --- resources:3.3.0:resources (default-resources) @ test-java-plain ---\n[WARNING] Using platform encoding (ANSI_X3.4-1968 actually) to copy filtered resources, i.e. build is platform dependent!\n[INFO] skip non existing resourceDirectory /tmp/eval-dev-quality1400846753/plain/src/main/resources\n[INFO] \n[INFO] --- compiler:3.10.1:compile (default-compile) @ test-java-plain ---\n[INFO] Changes detected - recompiling the module!\n[WARNING] File encoding has not been set, using platform encoding ANSI_X3.4-1968, i.e. build is platform dependent!\n[INFO] Compiling 1 source file to /tmp/eval-dev-quality1400846753/plain/target/classes\n[INFO] \n[INFO] --- resources:3.3.0:resources (default-resources) @ test-java-plain ---\n[WARNING] Using platform encoding (ANSI_X3.4-1968 actually) to copy filtered resources, i.e. build is platform dependent!\n[INFO] skip non existing resourceDirectory /tmp/eval-dev-quality1400846753/plain/src/main/resources\n[INFO] \n[INFO] --- compiler:3.10.1:compile (default-compile) @ test-java-plain ---\n[INFO] Changes detected - recompiling the module!\n[WARNING] File encoding has not been set, using platform encoding ANSI_X3.4-1968, i.e. build is platform dependent!\n[INFO] Compiling 1 source file to /tmp/eval-dev-quality1400846753/plain/target/classes\n[INFO] \n[INFO] --- resources:3.3.0:testResources (default-testResources) @ test-java-plain ---\n[WARNING] Using platform encoding (ANSI_X3.4-1968 actually) to copy filtered resources, i.e. build is platform dependent!\n[INFO] skip non existing resourceDirectory /tmp/eval-dev-quality1400846753/plain/src/test/resources\n[INFO] \n[INFO] --- compiler:3.10.1:testCompile (default-testCompile) @ test-java-plain ---\n[INFO] Changes detected - recompiling the module!\n[WARNING] File encoding has not been set, using platform encoding ANSI_X3.4-1968, i.e. build is platform dependent!\n[INFO] Compiling 1 source file to /tmp/eval-dev-quality1400846753/plain/target/test-classes\n[INFO] -------------------------------------------------------------\n[ERROR] COMPILATION ERROR : \n[INFO] -------------------------------------------------------------\n[ERROR] /tmp/eval-dev-quality1400846753/plain/src/test/java/com/eval/PlainTest.java:[2,32] cannot find symbol\n  symbol:   class TestResource\n  location: package org.junit.jupiter.api.io\n[ERROR] /tmp/eval-dev-quality1400846753/plain/src/test/java/com/eval/PlainTest.java:[3,39] cannot find symbol\n  symbol:   class ParamTest\n  location: package org.junit.jupiter.api.extension\n[ERROR] /tmp/eval-dev-quality1400846753/plain/src/test/java/com/eval/PlainTest.java:[4,39] cannot find symbol\n  symbol:   class ParamTests\n  location: package org.junit.jupiter.api.extension\n[ERROR] /tmp/eval-dev-quality1400846753/plain/src/test/java/com/eval/PlainTest.java:[6,42] cannot find symbol\n  symbol:   class ParseStringAsInt\n  location: package org.junit.jupiter.params.converter\n[INFO] 4 errors \n[INFO] -------------------------------------------------------------\n[INFO] ------------------------------------------------------------------------\n[INFO] BUILD FAILURE\n[INFO] ------------------------------------------------------------------------\n[INFO] Total time:  1.005 s\n[INFO] Finished at: 2024-06-19T10:49:01Z\n[INFO] ------------------------------------------------------------------------\n[ERROR] Failed to execute goal org.apache.maven.plugins:maven-compiler-plugin:3.10.1:testCompile (default-testCompile) on project test-java-plain: Compilation failure: Compilation failure: \n[ERROR] /tmp/eval-dev-quality1400846753/plain/src/test/java/com/eval/PlainTest.java:[2,32] cannot find symbol\n[ERROR]   symbol:   class TestResource\n[ERROR]   location: package org.junit.jupiter.api.io\n[ERROR] /tmp/eval-dev-quality1400846753/plain/src/test/java/com/eval/PlainTest.java:[3,39] cannot find symbol\n[ERROR]   symbol:   class ParamTest\n[ERROR]   location: package org.junit.jupiter.api.extension\n[ERROR] /tmp/eval-dev-quality1400846753/plain/src/test/java/com/eval/PlainTest.java:[4,39] cannot find symbol\n[ERROR]   symbol:   class ParamTests\n[ERROR]   location: package org.junit.jupiter.api.extension\n[ERROR] /tmp/eval-dev-quality1400846753/plain/src/test/java/com/eval/PlainTest.java:[6,42] cannot find symbol\n[ERROR]   symbol:   class ParseStringAsInt\n[ERROR]   location: package org.junit.jupiter.params.converter\n[ERROR] -> [Help 1]\n[ERROR] \n[ERROR] To see the full stack trace of the errors, re-run Maven with the -e switch.\n[ERROR] Re-run Maven using the -X switch to enable full debug logging.\n[ERROR] \n[ERROR] For more information about the errors and possible solutions, please read the following articles:\n[ERROR] [Help 1] http://cwiki.apache.org/confluence/display/MAVEN/MojoFailureException\n",
}
Stacktrace: goroutine 1 [running]:
gitlab.nethead.at/symflower/symflower/model/errors.NewInternalError({0x1f42da0?, 0xc0007980e0}, {0xffa8c0?, 0xc000788180})
	gitlab.nethead.at/symflower/symflower/model/errors/error.go:850 +0x59
gitlab.nethead.at/symflower/symflower/language/java/execute.MavenDependencyCommand.func1()
	gitlab.nethead.at/symflower/symflower/language/java/execute/maven.go:80 +0x1ef
github.com/avast/retry-go.Do(0xc0007878b8, {0xc0007878a0, 0x3, 0x418c94?})
	github.com/avast/retry-go/retry.go:135 +0x5a3
gitlab.nethead.at/symflower/symflower/language/java/execute.MavenDependencyCommand({0xc0006e4180, 0x26}, 0x0, {0xc00041cc60, 0x6, 0x6})
	gitlab.nethead.at/symflower/symflower/language/java/execute/maven.go:60 +0x1c5
gitlab.nethead.at/symflower/symflower/language/java/execute.MavenCloverCoverage({0xc0006e4180, 0x26})
	gitlab.nethead.at/symflower/symflower/language/java/execute/clover.go:131 +0xc9
gitlab.nethead.at/symflower/symflower/cmd/symflower-local/cmd.(*commandTest).Execute(0xc00045c578, {0xc00045c400?, 0x7fbeec4e4b58?, 0xc00045c578?})
	gitlab.nethead.at/symflower/symflower/cmd/symflower-local/cmd/test.go:143 +0x54f
gitlab.nethead.at/symflower/symflower/cmd.ExecuteNoExit({0x1f425e0?, 0xc00045c400}, {0xc000040080?, 0x2782d80?, 0xc00059bed8?})
	gitlab.nethead.at/symflower/symflower/cmd/execute.go:56 +0x2d0
gitlab.nethead.at/symflower/symflower/cmd.Execute({0x1f425e0?, 0xc00045c400?}, {0xc000040080?, 0x274c500?, 0xc00045c400?})
	gitlab.nethead.at/symflower/symflower/cmd/execute.go:16 +0x26
gitlab.nethead.at/symflower/symflower/cmd.ExecuteWithOSArguments(...)
	gitlab.nethead.at/symflower/symflower/cmd/execute.go:75
main.main.func1()
	gitlab.nethead.at/symflower/symflower/cmd/symflower-demo/main.go:40 +0x34
gitlab.nethead.at/symflower/symflower/cmd/symflower-local/cmd.(*Command).WithPanicReporter(0xc00012e058?, 0x2636b18?)
	gitlab.nethead.at/symflower/symflower/cmd/symflower-local/cmd/cmd.go:184 +0x48
main.main()
	gitlab.nethead.at/symflower/symflower/cmd/symflower-demo/main.go:39 +0xa5

2024/06/19 10:49:01 Evaluated model "openrouter/nousresearch/nous-capybara-7b" on task "write-tests" using language "java" and repository "java/plain": encountered 1 problems: [exit status 1
[0;34mGive us your feedback and let us know how we can improve Symflower at hello@symflower.com or https://github.com/symflower/symflower. Thanks so much for your help![0m
ERROR: All attempts fail:
#1: Internal error: exit status 1:
[]interface {}{
    "/tmp/eval-dev-quality1400846753/plain/",
    "[INFO] Scanning for projects...\n[WARNING] \n[WARNING] Some problems were encountered while building the effective model for eval.dev.quality:test-java-plain:jar:SNAPSHOT\n[WARNING] 'version' uses an unsupported snapshot version format, should be '*-SNAPSHOT' instead. @ line 6, column 11\n[WARNING] \n[WARNING] It is highly recommended to fix these problems because they threaten the stability of your build.\n[WARNING] \n[WARNING] For this reason, future Maven versions might no longer support building such malformed projects.\n[WARNING] \n[INFO] \n[INFO] ------------------< eval.dev.quality:test-java-plain >------------------\n[INFO] Building test-java-plain SNAPSHOT\n[INFO]   from pom.xml\n[INFO] --------------------------------[ jar ]---------------------------------\n[INFO] \n[INFO] --- clean:3.2.0:clean (default-clean) @ test-java-plain ---\n[INFO] \n[INFO] --- resources:3.3.0:resources (default-resources) @ test-java-plain ---\n[WARNING] Using platform encoding (ANSI_X3.4-1968 actually) to copy filtered resources, i.e. build is platform dependent!\n[INFO] skip non existing resourceDirectory /tmp/eval-dev-quality1400846753/plain/src/main/resources\n[INFO] \n[INFO] --- compiler:3.10.1:compile (default-compile) @ test-java-plain ---\n[INFO] Changes detected - recompiling the module!\n[WARNING] File encoding has not been set, using platform encoding ANSI_X3.4-1968, i.e. build is platform dependent!\n[INFO] Compiling 1 source file to /tmp/eval-dev-quality1400846753/plain/target/classes\n[INFO] \n[INFO] --- resources:3.3.0:resources (default-resources) @ test-java-plain ---\n[WARNING] Using platform encoding (ANSI_X3.4-1968 actually) to copy filtered resources, i.e. build is platform dependent!\n[INFO] skip non existing resourceDirectory /tmp/eval-dev-quality1400846753/plain/src/main/resources\n[INFO] \n[INFO] --- compiler:3.10.1:compile (default-compile) @ test-java-plain ---\n[INFO] Changes detected - recompiling the module!\n[WARNING] File encoding has not been set, using platform encoding ANSI_X3.4-1968, i.e. build is platform dependent!\n[INFO] Compiling 1 source file to /tmp/eval-dev-quality1400846753/plain/target/classes\n[INFO] \n[INFO] --- resources:3.3.0:testResources (default-testResources) @ test-java-plain ---\n[WARNING] Using platform encoding (ANSI_X3.4-1968 actually) to copy filtered resources, i.e. build is platform dependent!\n[INFO] skip non existing resourceDirectory /tmp/eval-dev-quality1400846753/plain/src/test/resources\n[INFO] \n[INFO] --- compiler:3.10.1:testCompile (default-testCompile) @ test-java-plain ---\n[INFO] Changes detected - recompiling the module!\n[WARNING] File encoding has not been set, using platform encoding ANSI_X3.4-1968, i.e. build is platform dependent!\n[INFO] Compiling 1 source file to /tmp/eval-dev-quality1400846753/plain/target/test-classes\n[INFO] -------------------------------------------------------------\n[ERROR] COMPILATION ERROR : \n[INFO] -------------------------------------------------------------\n[ERROR] /tmp/eval-dev-quality1400846753/plain/src/test/java/com/eval/PlainTest.java:[2,32] cannot find symbol\n  symbol:   class TestResource\n  location: package org.junit.jupiter.api.io\n[ERROR] /tmp/eval-dev-quality1400846753/plain/src/test/java/com/eval/PlainTest.java:[3,39] cannot find symbol\n  symbol:   class ParamTest\n  location: package org.junit.jupiter.api.extension\n[ERROR] /tmp/eval-dev-quality1400846753/plain/src/test/java/com/eval/PlainTest.java:[4,39] cannot find symbol\n  symbol:   class ParamTests\n  location: package org.junit.jupiter.api.extension\n[ERROR] /tmp/eval-dev-quality1400846753/plain/src/test/java/com/eval/PlainTest.java:[6,42] cannot find symbol\n  symbol:   class ParseStringAsInt\n  location: package org.junit.jupiter.params.converter\n[INFO] 4 errors \n[INFO] -------------------------------------------------------------\n[INFO] ------------------------------------------------------------------------\n[INFO] BUILD FAILURE\n[INFO] ------------------------------------------------------------------------\n[INFO] Total time:  1.005 s\n[INFO] Finished at: 2024-06-19T10:49:01Z\n[INFO] ------------------------------------------------------------------------\n[ERROR] Failed to execute goal org.apache.maven.plugins:maven-compiler-plugin:3.10.1:testCompile (default-testCompile) on project test-java-plain: Compilation failure: Compilation failure: \n[ERROR] /tmp/eval-dev-quality1400846753/plain/src/test/java/com/eval/PlainTest.java:[2,32] cannot find symbol\n[ERROR]   symbol:   class TestResource\n[ERROR]   location: package org.junit.jupiter.api.io\n[ERROR] /tmp/eval-dev-quality1400846753/plain/src/test/java/com/eval/PlainTest.java:[3,39] cannot find symbol\n[ERROR]   symbol:   class ParamTest\n[ERROR]   location: package org.junit.jupiter.api.extension\n[ERROR] /tmp/eval-dev-quality1400846753/plain/src/test/java/com/eval/PlainTest.java:[4,39] cannot find symbol\n[ERROR]   symbol:   class ParamTests\n[ERROR]   location: package org.junit.jupiter.api.extension\n[ERROR] /tmp/eval-dev-quality1400846753/plain/src/test/java/com/eval/PlainTest.java:[6,42] cannot find symbol\n[ERROR]   symbol:   class ParseStringAsInt\n[ERROR]   location: package org.junit.jupiter.params.converter\n[ERROR] -> [Help 1]\n[ERROR] \n[ERROR] To see the full stack trace of the errors, re-run Maven with the -e switch.\n[ERROR] Re-run Maven using the -X switch to enable full debug logging.\n[ERROR] \n[ERROR] For more information about the errors and possible solutions, please read the following articles:\n[ERROR] [Help 1] http://cwiki.apache.org/confluence/display/MAVEN/MojoFailureException\n",
}
Stacktrace: goroutine 1 [running]:
gitlab.nethead.at/symflower/symflower/model/errors.NewInternalError({0x1f42da0?, 0xc0007980e0}, {0xffa8c0?, 0xc000788180})
	gitlab.nethead.at/symflower/symflower/model/errors/error.go:850 +0x59
gitlab.nethead.at/symflower/symflower/language/java/execute.MavenDependencyCommand.func1()
	gitlab.nethead.at/symflower/symflower/language/java/execute/maven.go:80 +0x1ef
github.com/avast/retry-go.Do(0xc0007878b8, {0xc0007878a0, 0x3, 0x418c94?})
	github.com/avast/retry-go/retry.go:135 +0x5a3
gitlab.nethead.at/symflower/symflower/language/java/execute.MavenDependencyCommand({0xc0006e4180, 0x26}, 0x0, {0xc00041cc60, 0x6, 0x6})
	gitlab.nethead.at/symflower/symflower/language/java/execute/maven.go:60 +0x1c5
gitlab.nethead.at/symflower/symflower/language/java/execute.MavenCloverCoverage({0xc0006e4180, 0x26})
	gitlab.nethead.at/symflower/symflower/language/java/execute/clover.go:131 +0xc9
gitlab.nethead.at/symflower/symflower/cmd/symflower-local/cmd.(*commandTest).Execute(0xc00045c578, {0xc00045c400?, 0x7fbeec4e4b58?, 0xc00045c578?})
	gitlab.nethead.at/symflower/symflower/cmd/symflower-local/cmd/test.go:143 +0x54f
gitlab.nethead.at/symflower/symflower/cmd.ExecuteNoExit({0x1f425e0?, 0xc00045c400}, {0xc000040080?, 0x2782d80?, 0xc00059bed8?})
	gitlab.nethead.at/symflower/symflower/cmd/execute.go:56 +0x2d0
gitlab.nethead.at/symflower/symflower/cmd.Execute({0x1f425e0?, 0xc00045c400?}, {0xc000040080?, 0x274c500?, 0xc00045c400?})
	gitlab.nethead.at/symflower/symflower/cmd/execute.go:16 +0x26
gitlab.nethead.at/symflower/symflower/cmd.ExecuteWithOSArguments(...)
	gitlab.nethead.at/symflower/symflower/cmd/execute.go:75
main.main.func1()
	gitlab.nethead.at/symflower/symflower/cmd/symflower-demo/main.go:40 +0x34
gitlab.nethead.at/symflower/symflower/cmd/symflower-local/cmd.(*Command).WithPanicReporter(0xc00012e058?, 0x2636b18?)
	gitlab.nethead.at/symflower/symflower/cmd/symflower-local/cmd/cmd.go:184 +0x48
main.main()
	gitlab.nethead.at/symflower/symflower/cmd/symflower-demo/main.go:39 +0xa5


github.com/symflower/eval-dev-quality/util.CommandWithResult
	/home/ubuntu/eval-dev-quality/util/exec.go:52
github.com/symflower/eval-dev-quality/language/java.(*Language).Execute
	/home/ubuntu/eval-dev-quality/language/java/language.go:108
github.com/symflower/eval-dev-quality/evaluate/task.(*TaskWriteTests).Run
	/home/ubuntu/eval-dev-quality/evaluate/task/task-write-test.go:91
github.com/symflower/eval-dev-quality/evaluate.Evaluate.func1
	/home/ubuntu/eval-dev-quality/evaluate/evaluate.go:128
github.com/symflower/eval-dev-quality/evaluate.withLoadedModel
	/home/ubuntu/eval-dev-quality/evaluate/evaluate.go:273
github.com/symflower/eval-dev-quality/evaluate.Evaluate
	/home/ubuntu/eval-dev-quality/evaluate/evaluate.go:118
github.com/symflower/eval-dev-quality/cmd/eval-dev-quality/cmd.(*Evaluate).Execute
	/home/ubuntu/eval-dev-quality/cmd/eval-dev-quality/cmd/evaluate.go:363
github.com/symflower/eval-dev-quality/cmd/eval-dev-quality/cmd.Execute.func1
	/home/ubuntu/eval-dev-quality/cmd/eval-dev-quality/cmd/command.go:34
github.com/jessevdk/go-flags.(*Parser).ParseArgs
	/home/ubuntu/go/pkg/mod/github.com/jessevdk/go-flags@v1.5.1-0.20210607101731-3927b71304df/parser.go:333
github.com/symflower/eval-dev-quality/cmd/eval-dev-quality/cmd.Execute
	/home/ubuntu/eval-dev-quality/cmd/eval-dev-quality/cmd/command.go:37
main.main
	/home/ubuntu/eval-dev-quality/cmd/eval-dev-quality/main.go:11
runtime.main
	/home/ubuntu/.eval-dev-quality/go/src/runtime/proc.go:267
runtime.goexit
	/home/ubuntu/.eval-dev-quality/go/src/runtime/asm_amd64.s:1650
github.com/symflower/eval-dev-quality/language/java.(*Language).Execute
	/home/ubuntu/eval-dev-quality/language/java/language.go:119
github.com/symflower/eval-dev-quality/evaluate/task.(*TaskWriteTests).Run
	/home/ubuntu/eval-dev-quality/evaluate/task/task-write-test.go:91
github.com/symflower/eval-dev-quality/evaluate.Evaluate.func1
	/home/ubuntu/eval-dev-quality/evaluate/evaluate.go:128
github.com/symflower/eval-dev-quality/evaluate.withLoadedModel
	/home/ubuntu/eval-dev-quality/evaluate/evaluate.go:273
github.com/symflower/eval-dev-quality/evaluate.Evaluate
	/home/ubuntu/eval-dev-quality/evaluate/evaluate.go:118
github.com/symflower/eval-dev-quality/cmd/eval-dev-quality/cmd.(*Evaluate).Execute
	/home/ubuntu/eval-dev-quality/cmd/eval-dev-quality/cmd/evaluate.go:363
github.com/symflower/eval-dev-quality/cmd/eval-dev-quality/cmd.Execute.func1
	/home/ubuntu/eval-dev-quality/cmd/eval-dev-quality/cmd/command.go:34
github.com/jessevdk/go-flags.(*Parser).ParseArgs
	/home/ubuntu/go/pkg/mod/github.com/jessevdk/go-flags@v1.5.1-0.20210607101731-3927b71304df/parser.go:333
github.com/symflower/eval-dev-quality/cmd/eval-dev-quality/cmd.Execute
	/home/ubuntu/eval-dev-quality/cmd/eval-dev-quality/cmd/command.go:37
main.main
	/home/ubuntu/eval-dev-quality/cmd/eval-dev-quality/main.go:11
runtime.main
	/home/ubuntu/.eval-dev-quality/go/src/runtime/proc.go:267
runtime.goexit
	/home/ubuntu/.eval-dev-quality/go/src/runtime/asm_amd64.s:1650
[0;34mGive us your feedback and let us know how we can improve Symflower at hello@symflower.com or https://github.com/symflower/symflower. Thanks so much for your help![0m
ERROR: All attempts fail:
#1: Internal error: exit status 1:
[]interface {}{
    "/tmp/eval-dev-quality1400846753/plain/",
    "[INFO] Scanning for projects...\n[WARNING] \n[WARNING] Some problems were encountered while building the effective model for eval.dev.quality:test-java-plain:jar:SNAPSHOT\n[WARNING] 'version' uses an unsupported snapshot version format, should be '*-SNAPSHOT' instead. @ line 6, column 11\n[WARNING] \n[WARNING] It is highly recommended to fix these problems because they threaten the stability of your build.\n[WARNING] \n[WARNING] For this reason, future Maven versions might no longer support building such malformed projects.\n[WARNING] \n[INFO] \n[INFO] ------------------< eval.dev.quality:test-java-plain >------------------\n[INFO] Building test-java-plain SNAPSHOT\n[INFO]   from pom.xml\n[INFO] --------------------------------[ jar ]---------------------------------\n[INFO] \n[INFO] --- clean:3.2.0:clean (default-clean) @ test-java-plain ---\n[INFO] \n[INFO] --- resources:3.3.0:resources (default-resources) @ test-java-plain ---\n[WARNING] Using platform encoding (ANSI_X3.4-1968 actually) to copy filtered resources, i.e. build is platform dependent!\n[INFO] skip non existing resourceDirectory /tmp/eval-dev-quality1400846753/plain/src/main/resources\n[INFO] \n[INFO] --- compiler:3.10.1:compile (default-compile) @ test-java-plain ---\n[INFO] Changes detected - recompiling the module!\n[WARNING] File encoding has not been set, using platform encoding ANSI_X3.4-1968, i.e. build is platform dependent!\n[INFO] Compiling 1 source file to /tmp/eval-dev-quality1400846753/plain/target/classes\n[INFO] \n[INFO] --- resources:3.3.0:resources (default-resources) @ test-java-plain ---\n[WARNING] Using platform encoding (ANSI_X3.4-1968 actually) to copy filtered resources, i.e. build is platform dependent!\n[INFO] skip non existing resourceDirectory /tmp/eval-dev-quality1400846753/plain/src/main/resources\n[INFO] \n[INFO] --- compiler:3.10.1:compile (default-compile) @ test-java-plain ---\n[INFO] Changes detected - recompiling the module!\n[WARNING] File encoding has not been set, using platform encoding ANSI_X3.4-1968, i.e. build is platform dependent!\n[INFO] Compiling 1 source file to /tmp/eval-dev-quality1400846753/plain/target/classes\n[INFO] \n[INFO] --- resources:3.3.0:testResources (default-testResources) @ test-java-plain ---\n[WARNING] Using platform encoding (ANSI_X3.4-1968 actually) to copy filtered resources, i.e. build is platform dependent!\n[INFO] skip non existing resourceDirectory /tmp/eval-dev-quality1400846753/plain/src/test/resources\n[INFO] \n[INFO] --- compiler:3.10.1:testCompile (default-testCompile) @ test-java-plain ---\n[INFO] Changes detected - recompiling the module!\n[WARNING] File encoding has not been set, using platform encoding ANSI_X3.4-1968, i.e. build is platform dependent!\n[INFO] Compiling 1 source file to /tmp/eval-dev-quality1400846753/plain/target/test-classes\n[INFO] -------------------------------------------------------------\n[ERROR] COMPILATION ERROR : \n[INFO] -------------------------------------------------------------\n[ERROR] /tmp/eval-dev-quality1400846753/plain/src/test/java/com/eval/PlainTest.java:[2,32] cannot find symbol\n  symbol:   class TestResource\n  location: package org.junit.jupiter.api.io\n[ERROR] /tmp/eval-dev-quality1400846753/plain/src/test/java/com/eval/PlainTest.java:[3,39] cannot find symbol\n  symbol:   class ParamTest\n  location: package org.junit.jupiter.api.extension\n[ERROR] /tmp/eval-dev-quality1400846753/plain/src/test/java/com/eval/PlainTest.java:[4,39] cannot find symbol\n  symbol:   class ParamTests\n  location: package org.junit.jupiter.api.extension\n[ERROR] /tmp/eval-dev-quality1400846753/plain/src/test/java/com/eval/PlainTest.java:[6,42] cannot find symbol\n  symbol:   class ParseStringAsInt\n  location: package org.junit.jupiter.params.converter\n[INFO] 4 errors \n[INFO] -------------------------------------------------------------\n[INFO] ------------------------------------------------------------------------\n[INFO] BUILD FAILURE\n[INFO] ------------------------------------------------------------------------\n[INFO] Total time:  1.005 s\n[INFO] Finished at: 2024-06-19T10:49:01Z\n[INFO] ------------------------------------------------------------------------\n[ERROR] Failed to execute goal org.apache.maven.plugins:maven-compiler-plugin:3.10.1:testCompile (default-testCompile) on project test-java-plain: Compilation failure: Compilation failure: \n[ERROR] /tmp/eval-dev-quality1400846753/plain/src/test/java/com/eval/PlainTest.java:[2,32] cannot find symbol\n[ERROR]   symbol:   class TestResource\n[ERROR]   location: package org.junit.jupiter.api.io\n[ERROR] /tmp/eval-dev-quality1400846753/plain/src/test/java/com/eval/PlainTest.java:[3,39] cannot find symbol\n[ERROR]   symbol:   class ParamTest\n[ERROR]   location: package org.junit.jupiter.api.extension\n[ERROR] /tmp/eval-dev-quality1400846753/plain/src/test/java/com/eval/PlainTest.java:[4,39] cannot find symbol\n[ERROR]   symbol:   class ParamTests\n[ERROR]   location: package org.junit.jupiter.api.extension\n[ERROR] /tmp/eval-dev-quality1400846753/plain/src/test/java/com/eval/PlainTest.java:[6,42] cannot find symbol\n[ERROR]   symbol:   class ParseStringAsInt\n[ERROR]   location: package org.junit.jupiter.params.converter\n[ERROR] -> [Help 1]\n[ERROR] \n[ERROR] To see the full stack trace of the errors, re-run Maven with the -e switch.\n[ERROR] Re-run Maven using the -X switch to enable full debug logging.\n[ERROR] \n[ERROR] For more information about the errors and possible solutions, please read the following articles:\n[ERROR] [Help 1] http://cwiki.apache.org/confluence/display/MAVEN/MojoFailureException\n",
}
Stacktrace: goroutine 1 [running]:
gitlab.nethead.at/symflower/symflower/model/errors.NewInternalError({0x1f42da0?, 0xc0007980e0}, {0xffa8c0?, 0xc000788180})
	gitlab.nethead.at/symflower/symflower/model/errors/error.go:850 +0x59
gitlab.nethead.at/symflower/symflower/language/java/execute.MavenDependencyCommand.func1()
	gitlab.nethead.at/symflower/symflower/language/java/execute/maven.go:80 +0x1ef
github.com/avast/retry-go.Do(0xc0007878b8, {0xc0007878a0, 0x3, 0x418c94?})
	github.com/avast/retry-go/retry.go:135 +0x5a3
gitlab.nethead.at/symflower/symflower/language/java/execute.MavenDependencyCommand({0xc0006e4180, 0x26}, 0x0, {0xc00041cc60, 0x6, 0x6})
	gitlab.nethead.at/symflower/symflower/language/java/execute/maven.go:60 +0x1c5
gitlab.nethead.at/symflower/symflower/language/java/execute.MavenCloverCoverage({0xc0006e4180, 0x26})
	gitlab.nethead.at/symflower/symflower/language/java/execute/clover.go:131 +0xc9
gitlab.nethead.at/symflower/symflower/cmd/symflower-local/cmd.(*commandTest).Execute(0xc00045c578, {0xc00045c400?, 0x7fbeec4e4b58?, 0xc00045c578?})
	gitlab.nethead.at/symflower/symflower/cmd/symflower-local/cmd/test.go:143 +0x54f
gitlab.nethead.at/symflower/symflower/cmd.ExecuteNoExit({0x1f425e0?, 0xc00045c400}, {0xc000040080?, 0x2782d80?, 0xc00059bed8?})
	gitlab.nethead.at/symflower/symflower/cmd/execute.go:56 +0x2d0
gitlab.nethead.at/symflower/symflower/cmd.Execute({0x1f425e0?, 0xc00045c400?}, {0xc000040080?, 0x274c500?, 0xc00045c400?})
	gitlab.nethead.at/symflower/symflower/cmd/execute.go:16 +0x26
gitlab.nethead.at/symflower/symflower/cmd.ExecuteWithOSArguments(...)
	gitlab.nethead.at/symflower/symflower/cmd/execute.go:75
main.main.func1()
	gitlab.nethead.at/symflower/symflower/cmd/symflower-demo/main.go:40 +0x34
gitlab.nethead.at/symflower/symflower/cmd/symflower-local/cmd.(*Command).WithPanicReporter(0xc00012e058?, 0x2636b18?)
	gitlab.nethead.at/symflower/symflower/cmd/symflower-local/cmd/cmd.go:184 +0x48
main.main()
	gitlab.nethead.at/symflower/symflower/cmd/symflower-demo/main.go:39 +0xa5


src/main/java/com/eval/Plain.java]
2024/06/19 10:49:04 Evaluating model "openrouter/nousresearch/nous-capybara-7b" on task "write-tests" using language "java" and repository "java/plain"
2024/06/19 10:49:04 Querying model "openrouter/nousresearch/nous-capybara-7b" with:
	Given the following Java code file "src/main/java/com/eval/Plain.java" with package "com.eval", provide a test file for this code with JUnit 5 as a test framework.
	The tests should produce 100 percent code coverage and must compile.
	The response must contain only the test code and nothing else.

	```java
	package com.eval;

	class Plain {
	    static void plain() {
	    }
	}
	```
2024/06/19 10:49:07 Model "openrouter/nousresearch/nous-capybara-7b" responded (3845 ms) with:
	 ```java
	package com.eval;

	import org.junit.jupiter.api.Test;
	import static org.junit.jupiter.api.Assertions.assertDoesNotThrow;
	import static org.junit.jupiter.api.Assertions.assertThrows;

	class PlainTest {

	    @Test
	    void testPlain() {
	        Plain.plain();
	    }

	    @Test
	    void testNotFoundException() {
	        assertThrows(NotFoundException.class, () -> Plain.plain());
	    }
	}
	```
2024/06/19 10:49:07 $ symflower test --language java --workspace /tmp/eval-dev-quality1400846753/plain --coverage-file /tmp/eval-dev-quality1400846753/plain/coverage.json
[0;34mGive us your feedback and let us know how we can improve Symflower at hello@symflower.com or https://github.com/symflower/symflower. Thanks so much for your help![0m
ERROR: All attempts fail:
#1: Internal error: exit status 1:
[]interface {}{
    "/tmp/eval-dev-quality1400846753/plain/",
    "[INFO] Scanning for projects...\n[WARNING] \n[WARNING] Some problems were encountered while building the effective model for eval.dev.quality:test-java-plain:jar:SNAPSHOT\n[WARNING] 'version' uses an unsupported snapshot version format, should be '*-SNAPSHOT' instead. @ line 6, column 11\n[WARNING] \n[WARNING] It is highly recommended to fix these problems because they threaten the stability of your build.\n[WARNING] \n[WARNING] For this reason, future Maven versions might no longer support building such malformed projects.\n[WARNING] \n[INFO] \n[INFO] ------------------< eval.dev.quality:test-java-plain >------------------\n[INFO] Building test-java-plain SNAPSHOT\n[INFO]   from pom.xml\n[INFO] --------------------------------[ jar ]---------------------------------\n[INFO] \n[INFO] --- clean:3.2.0:clean (default-clean) @ test-java-plain ---\n[INFO] \n[INFO] --- resources:3.3.0:resources (default-resources) @ test-java-plain ---\n[WARNING] Using platform encoding (ANSI_X3.4-1968 actually) to copy filtered resources, i.e. build is platform dependent!\n[INFO] skip non existing resourceDirectory /tmp/eval-dev-quality1400846753/plain/src/main/resources\n[INFO] \n[INFO] --- compiler:3.10.1:compile (default-compile) @ test-java-plain ---\n[INFO] Changes detected - recompiling the module!\n[WARNING] File encoding has not been set, using platform encoding ANSI_X3.4-1968, i.e. build is platform dependent!\n[INFO] Compiling 1 source file to /tmp/eval-dev-quality1400846753/plain/target/classes\n[INFO] \n[INFO] --- resources:3.3.0:resources (default-resources) @ test-java-plain ---\n[WARNING] Using platform encoding (ANSI_X3.4-1968 actually) to copy filtered resources, i.e. build is platform dependent!\n[INFO] skip non existing resourceDirectory /tmp/eval-dev-quality1400846753/plain/src/main/resources\n[INFO] \n[INFO] --- compiler:3.10.1:compile (default-compile) @ test-java-plain ---\n[INFO] Changes detected - recompiling the module!\n[WARNING] File encoding has not been set, using platform encoding ANSI_X3.4-1968, i.e. build is platform dependent!\n[INFO] Compiling 1 source file to /tmp/eval-dev-quality1400846753/plain/target/classes\n[INFO] \n[INFO] --- resources:3.3.0:testResources (default-testResources) @ test-java-plain ---\n[WARNING] Using platform encoding (ANSI_X3.4-1968 actually) to copy filtered resources, i.e. build is platform dependent!\n[INFO] skip non existing resourceDirectory /tmp/eval-dev-quality1400846753/plain/src/test/resources\n[INFO] \n[INFO] --- compiler:3.10.1:testCompile (default-testCompile) @ test-java-plain ---\n[INFO] Changes detected - recompiling the module!\n[WARNING] File encoding has not been set, using platform encoding ANSI_X3.4-1968, i.e. build is platform dependent!\n[INFO] Compiling 1 source file to /tmp/eval-dev-quality1400846753/plain/target/test-classes\n[INFO] -------------------------------------------------------------\n[ERROR] COMPILATION ERROR : \n[INFO] -------------------------------------------------------------\n[ERROR] /tmp/eval-dev-quality1400846753/plain/src/test/java/com/eval/PlainTest.java:[16,22] cannot find symbol\n  symbol:   class NotFoundException\n  location: class com.eval.PlainTest\n[INFO] 1 error\n[INFO] -------------------------------------------------------------\n[INFO] ------------------------------------------------------------------------\n[INFO] BUILD FAILURE\n[INFO] ------------------------------------------------------------------------\n[INFO] Total time:  1.140 s\n[INFO] Finished at: 2024-06-19T10:49:12Z\n[INFO] ------------------------------------------------------------------------\n[ERROR] Failed to execute goal org.apache.maven.plugins:maven-compiler-plugin:3.10.1:testCompile (default-testCompile) on project test-java-plain: Compilation failure\n[ERROR] /tmp/eval-dev-quality1400846753/plain/src/test/java/com/eval/PlainTest.java:[16,22] cannot find symbol\n[ERROR]   symbol:   class NotFoundException\n[ERROR]   location: class com.eval.PlainTest\n[ERROR] \n[ERROR] -> [Help 1]\n[ERROR] \n[ERROR] To see the full stack trace of the errors, re-run Maven with the -e switch.\n[ERROR] Re-run Maven using the -X switch to enable full debug logging.\n[ERROR] \n[ERROR] For more information about the errors and possible solutions, please read the following articles:\n[ERROR] [Help 1] http://cwiki.apache.org/confluence/display/MAVEN/MojoFailureException\n",
}
Stacktrace: goroutine 1 [running]:
gitlab.nethead.at/symflower/symflower/model/errors.NewInternalError({0x1f42da0?, 0xc0007a8460}, {0xffa8c0?, 0xc000778ea0})
	gitlab.nethead.at/symflower/symflower/model/errors/error.go:850 +0x59
gitlab.nethead.at/symflower/symflower/language/java/execute.MavenDependencyCommand.func1()
	gitlab.nethead.at/symflower/symflower/language/java/execute/maven.go:80 +0x1ef
github.com/avast/retry-go.Do(0xc0007298b8, {0xc0007298a0, 0x3, 0x418c94?})
	github.com/avast/retry-go/retry.go:135 +0x5a3
gitlab.nethead.at/symflower/symflower/language/java/execute.MavenDependencyCommand({0xc0007a4030, 0x26}, 0x0, {0xc0007a18c0, 0x6, 0x6})
	gitlab.nethead.at/symflower/symflower/language/java/execute/maven.go:60 +0x1c5
gitlab.nethead.at/symflower/symflower/language/java/execute.MavenCloverCoverage({0xc0007a4030, 0x26})
	gitlab.nethead.at/symflower/symflower/language/java/execute/clover.go:131 +0xc9
gitlab.nethead.at/symflower/symflower/cmd/symflower-local/cmd.(*commandTest).Execute(0xc00058c978, {0xc00058c800?, 0x7f7b7c14ae78?, 0xc00058c978?})
	gitlab.nethead.at/symflower/symflower/cmd/symflower-local/cmd/test.go:143 +0x54f
gitlab.nethead.at/symflower/symflower/cmd.ExecuteNoExit({0x1f425e0?, 0xc00058c800}, {0xc000212000?, 0x0?, 0xc00060fed8?})
	gitlab.nethead.at/symflower/symflower/cmd/execute.go:56 +0x2d0
gitlab.nethead.at/symflower/symflower/cmd.Execute({0x1f425e0?, 0xc00058c800?}, {0xc000212000?, 0x274c500?, 0xc00058c800?})
	gitlab.nethead.at/symflower/symflower/cmd/execute.go:16 +0x26
gitlab.nethead.at/symflower/symflower/cmd.ExecuteWithOSArguments(...)
	gitlab.nethead.at/symflower/symflower/cmd/execute.go:75
main.main.func1()
	gitlab.nethead.at/symflower/symflower/cmd/symflower-demo/main.go:40 +0x34
gitlab.nethead.at/symflower/symflower/cmd/symflower-local/cmd.(*Command).WithPanicReporter(0xc00012e058?, 0x2636b18?)
	gitlab.nethead.at/symflower/symflower/cmd/symflower-local/cmd/cmd.go:184 +0x48
main.main()
	gitlab.nethead.at/symflower/symflower/cmd/symflower-demo/main.go:39 +0xa5

2024/06/19 10:49:12 Evaluated model "openrouter/nousresearch/nous-capybara-7b" on task "write-tests" using language "java" and repository "java/plain": encountered 1 problems: [exit status 1
[0;34mGive us your feedback and let us know how we can improve Symflower at hello@symflower.com or https://github.com/symflower/symflower. Thanks so much for your help![0m
ERROR: All attempts fail:
#1: Internal error: exit status 1:
[]interface {}{
    "/tmp/eval-dev-quality1400846753/plain/",
    "[INFO] Scanning for projects...\n[WARNING] \n[WARNING] Some problems were encountered while building the effective model for eval.dev.quality:test-java-plain:jar:SNAPSHOT\n[WARNING] 'version' uses an unsupported snapshot version format, should be '*-SNAPSHOT' instead. @ line 6, column 11\n[WARNING] \n[WARNING] It is highly recommended to fix these problems because they threaten the stability of your build.\n[WARNING] \n[WARNING] For this reason, future Maven versions might no longer support building such malformed projects.\n[WARNING] \n[INFO] \n[INFO] ------------------< eval.dev.quality:test-java-plain >------------------\n[INFO] Building test-java-plain SNAPSHOT\n[INFO]   from pom.xml\n[INFO] --------------------------------[ jar ]---------------------------------\n[INFO] \n[INFO] --- clean:3.2.0:clean (default-clean) @ test-java-plain ---\n[INFO] \n[INFO] --- resources:3.3.0:resources (default-resources) @ test-java-plain ---\n[WARNING] Using platform encoding (ANSI_X3.4-1968 actually) to copy filtered resources, i.e. build is platform dependent!\n[INFO] skip non existing resourceDirectory /tmp/eval-dev-quality1400846753/plain/src/main/resources\n[INFO] \n[INFO] --- compiler:3.10.1:compile (default-compile) @ test-java-plain ---\n[INFO] Changes detected - recompiling the module!\n[WARNING] File encoding has not been set, using platform encoding ANSI_X3.4-1968, i.e. build is platform dependent!\n[INFO] Compiling 1 source file to /tmp/eval-dev-quality1400846753/plain/target/classes\n[INFO] \n[INFO] --- resources:3.3.0:resources (default-resources) @ test-java-plain ---\n[WARNING] Using platform encoding (ANSI_X3.4-1968 actually) to copy filtered resources, i.e. build is platform dependent!\n[INFO] skip non existing resourceDirectory /tmp/eval-dev-quality1400846753/plain/src/main/resources\n[INFO] \n[INFO] --- compiler:3.10.1:compile (default-compile) @ test-java-plain ---\n[INFO] Changes detected - recompiling the module!\n[WARNING] File encoding has not been set, using platform encoding ANSI_X3.4-1968, i.e. build is platform dependent!\n[INFO] Compiling 1 source file to /tmp/eval-dev-quality1400846753/plain/target/classes\n[INFO] \n[INFO] --- resources:3.3.0:testResources (default-testResources) @ test-java-plain ---\n[WARNING] Using platform encoding (ANSI_X3.4-1968 actually) to copy filtered resources, i.e. build is platform dependent!\n[INFO] skip non existing resourceDirectory /tmp/eval-dev-quality1400846753/plain/src/test/resources\n[INFO] \n[INFO] --- compiler:3.10.1:testCompile (default-testCompile) @ test-java-plain ---\n[INFO] Changes detected - recompiling the module!\n[WARNING] File encoding has not been set, using platform encoding ANSI_X3.4-1968, i.e. build is platform dependent!\n[INFO] Compiling 1 source file to /tmp/eval-dev-quality1400846753/plain/target/test-classes\n[INFO] -------------------------------------------------------------\n[ERROR] COMPILATION ERROR : \n[INFO] -------------------------------------------------------------\n[ERROR] /tmp/eval-dev-quality1400846753/plain/src/test/java/com/eval/PlainTest.java:[16,22] cannot find symbol\n  symbol:   class NotFoundException\n  location: class com.eval.PlainTest\n[INFO] 1 error\n[INFO] -------------------------------------------------------------\n[INFO] ------------------------------------------------------------------------\n[INFO] BUILD FAILURE\n[INFO] ------------------------------------------------------------------------\n[INFO] Total time:  1.140 s\n[INFO] Finished at: 2024-06-19T10:49:12Z\n[INFO] ------------------------------------------------------------------------\n[ERROR] Failed to execute goal org.apache.maven.plugins:maven-compiler-plugin:3.10.1:testCompile (default-testCompile) on project test-java-plain: Compilation failure\n[ERROR] /tmp/eval-dev-quality1400846753/plain/src/test/java/com/eval/PlainTest.java:[16,22] cannot find symbol\n[ERROR]   symbol:   class NotFoundException\n[ERROR]   location: class com.eval.PlainTest\n[ERROR] \n[ERROR] -> [Help 1]\n[ERROR] \n[ERROR] To see the full stack trace of the errors, re-run Maven with the -e switch.\n[ERROR] Re-run Maven using the -X switch to enable full debug logging.\n[ERROR] \n[ERROR] For more information about the errors and possible solutions, please read the following articles:\n[ERROR] [Help 1] http://cwiki.apache.org/confluence/display/MAVEN/MojoFailureException\n",
}
Stacktrace: goroutine 1 [running]:
gitlab.nethead.at/symflower/symflower/model/errors.NewInternalError({0x1f42da0?, 0xc0007a8460}, {0xffa8c0?, 0xc000778ea0})
	gitlab.nethead.at/symflower/symflower/model/errors/error.go:850 +0x59
gitlab.nethead.at/symflower/symflower/language/java/execute.MavenDependencyCommand.func1()
	gitlab.nethead.at/symflower/symflower/language/java/execute/maven.go:80 +0x1ef
github.com/avast/retry-go.Do(0xc0007298b8, {0xc0007298a0, 0x3, 0x418c94?})
	github.com/avast/retry-go/retry.go:135 +0x5a3
gitlab.nethead.at/symflower/symflower/language/java/execute.MavenDependencyCommand({0xc0007a4030, 0x26}, 0x0, {0xc0007a18c0, 0x6, 0x6})
	gitlab.nethead.at/symflower/symflower/language/java/execute/maven.go:60 +0x1c5
gitlab.nethead.at/symflower/symflower/language/java/execute.MavenCloverCoverage({0xc0007a4030, 0x26})
	gitlab.nethead.at/symflower/symflower/language/java/execute/clover.go:131 +0xc9
gitlab.nethead.at/symflower/symflower/cmd/symflower-local/cmd.(*commandTest).Execute(0xc00058c978, {0xc00058c800?, 0x7f7b7c14ae78?, 0xc00058c978?})
	gitlab.nethead.at/symflower/symflower/cmd/symflower-local/cmd/test.go:143 +0x54f
gitlab.nethead.at/symflower/symflower/cmd.ExecuteNoExit({0x1f425e0?, 0xc00058c800}, {0xc000212000?, 0x0?, 0xc00060fed8?})
	gitlab.nethead.at/symflower/symflower/cmd/execute.go:56 +0x2d0
gitlab.nethead.at/symflower/symflower/cmd.Execute({0x1f425e0?, 0xc00058c800?}, {0xc000212000?, 0x274c500?, 0xc00058c800?})
	gitlab.nethead.at/symflower/symflower/cmd/execute.go:16 +0x26
gitlab.nethead.at/symflower/symflower/cmd.ExecuteWithOSArguments(...)
	gitlab.nethead.at/symflower/symflower/cmd/execute.go:75
main.main.func1()
	gitlab.nethead.at/symflower/symflower/cmd/symflower-demo/main.go:40 +0x34
gitlab.nethead.at/symflower/symflower/cmd/symflower-local/cmd.(*Command).WithPanicReporter(0xc00012e058?, 0x2636b18?)
	gitlab.nethead.at/symflower/symflower/cmd/symflower-local/cmd/cmd.go:184 +0x48
main.main()
	gitlab.nethead.at/symflower/symflower/cmd/symflower-demo/main.go:39 +0xa5


github.com/symflower/eval-dev-quality/util.CommandWithResult
	/home/ubuntu/eval-dev-quality/util/exec.go:52
github.com/symflower/eval-dev-quality/language/java.(*Language).Execute
	/home/ubuntu/eval-dev-quality/language/java/language.go:108
github.com/symflower/eval-dev-quality/evaluate/task.(*TaskWriteTests).Run
	/home/ubuntu/eval-dev-quality/evaluate/task/task-write-test.go:91
github.com/symflower/eval-dev-quality/evaluate.Evaluate.func1
	/home/ubuntu/eval-dev-quality/evaluate/evaluate.go:128
github.com/symflower/eval-dev-quality/evaluate.withLoadedModel
	/home/ubuntu/eval-dev-quality/evaluate/evaluate.go:273
github.com/symflower/eval-dev-quality/evaluate.Evaluate
	/home/ubuntu/eval-dev-quality/evaluate/evaluate.go:118
github.com/symflower/eval-dev-quality/cmd/eval-dev-quality/cmd.(*Evaluate).Execute
	/home/ubuntu/eval-dev-quality/cmd/eval-dev-quality/cmd/evaluate.go:363
github.com/symflower/eval-dev-quality/cmd/eval-dev-quality/cmd.Execute.func1
	/home/ubuntu/eval-dev-quality/cmd/eval-dev-quality/cmd/command.go:34
github.com/jessevdk/go-flags.(*Parser).ParseArgs
	/home/ubuntu/go/pkg/mod/github.com/jessevdk/go-flags@v1.5.1-0.20210607101731-3927b71304df/parser.go:333
github.com/symflower/eval-dev-quality/cmd/eval-dev-quality/cmd.Execute
	/home/ubuntu/eval-dev-quality/cmd/eval-dev-quality/cmd/command.go:37
main.main
	/home/ubuntu/eval-dev-quality/cmd/eval-dev-quality/main.go:11
runtime.main
	/home/ubuntu/.eval-dev-quality/go/src/runtime/proc.go:267
runtime.goexit
	/home/ubuntu/.eval-dev-quality/go/src/runtime/asm_amd64.s:1650
github.com/symflower/eval-dev-quality/language/java.(*Language).Execute
	/home/ubuntu/eval-dev-quality/language/java/language.go:119
github.com/symflower/eval-dev-quality/evaluate/task.(*TaskWriteTests).Run
	/home/ubuntu/eval-dev-quality/evaluate/task/task-write-test.go:91
github.com/symflower/eval-dev-quality/evaluate.Evaluate.func1
	/home/ubuntu/eval-dev-quality/evaluate/evaluate.go:128
github.com/symflower/eval-dev-quality/evaluate.withLoadedModel
	/home/ubuntu/eval-dev-quality/evaluate/evaluate.go:273
github.com/symflower/eval-dev-quality/evaluate.Evaluate
	/home/ubuntu/eval-dev-quality/evaluate/evaluate.go:118
github.com/symflower/eval-dev-quality/cmd/eval-dev-quality/cmd.(*Evaluate).Execute
	/home/ubuntu/eval-dev-quality/cmd/eval-dev-quality/cmd/evaluate.go:363
github.com/symflower/eval-dev-quality/cmd/eval-dev-quality/cmd.Execute.func1
	/home/ubuntu/eval-dev-quality/cmd/eval-dev-quality/cmd/command.go:34
github.com/jessevdk/go-flags.(*Parser).ParseArgs
	/home/ubuntu/go/pkg/mod/github.com/jessevdk/go-flags@v1.5.1-0.20210607101731-3927b71304df/parser.go:333
github.com/symflower/eval-dev-quality/cmd/eval-dev-quality/cmd.Execute
	/home/ubuntu/eval-dev-quality/cmd/eval-dev-quality/cmd/command.go:37
main.main
	/home/ubuntu/eval-dev-quality/cmd/eval-dev-quality/main.go:11
runtime.main
	/home/ubuntu/.eval-dev-quality/go/src/runtime/proc.go:267
runtime.goexit
	/home/ubuntu/.eval-dev-quality/go/src/runtime/asm_amd64.s:1650
[0;34mGive us your feedback and let us know how we can improve Symflower at hello@symflower.com or https://github.com/symflower/symflower. Thanks so much for your help![0m
ERROR: All attempts fail:
#1: Internal error: exit status 1:
[]interface {}{
    "/tmp/eval-dev-quality1400846753/plain/",
    "[INFO] Scanning for projects...\n[WARNING] \n[WARNING] Some problems were encountered while building the effective model for eval.dev.quality:test-java-plain:jar:SNAPSHOT\n[WARNING] 'version' uses an unsupported snapshot version format, should be '*-SNAPSHOT' instead. @ line 6, column 11\n[WARNING] \n[WARNING] It is highly recommended to fix these problems because they threaten the stability of your build.\n[WARNING] \n[WARNING] For this reason, future Maven versions might no longer support building such malformed projects.\n[WARNING] \n[INFO] \n[INFO] ------------------< eval.dev.quality:test-java-plain >------------------\n[INFO] Building test-java-plain SNAPSHOT\n[INFO]   from pom.xml\n[INFO] --------------------------------[ jar ]---------------------------------\n[INFO] \n[INFO] --- clean:3.2.0:clean (default-clean) @ test-java-plain ---\n[INFO] \n[INFO] --- resources:3.3.0:resources (default-resources) @ test-java-plain ---\n[WARNING] Using platform encoding (ANSI_X3.4-1968 actually) to copy filtered resources, i.e. build is platform dependent!\n[INFO] skip non existing resourceDirectory /tmp/eval-dev-quality1400846753/plain/src/main/resources\n[INFO] \n[INFO] --- compiler:3.10.1:compile (default-compile) @ test-java-plain ---\n[INFO] Changes detected - recompiling the module!\n[WARNING] File encoding has not been set, using platform encoding ANSI_X3.4-1968, i.e. build is platform dependent!\n[INFO] Compiling 1 source file to /tmp/eval-dev-quality1400846753/plain/target/classes\n[INFO] \n[INFO] --- resources:3.3.0:resources (default-resources) @ test-java-plain ---\n[WARNING] Using platform encoding (ANSI_X3.4-1968 actually) to copy filtered resources, i.e. build is platform dependent!\n[INFO] skip non existing resourceDirectory /tmp/eval-dev-quality1400846753/plain/src/main/resources\n[INFO] \n[INFO] --- compiler:3.10.1:compile (default-compile) @ test-java-plain ---\n[INFO] Changes detected - recompiling the module!\n[WARNING] File encoding has not been set, using platform encoding ANSI_X3.4-1968, i.e. build is platform dependent!\n[INFO] Compiling 1 source file to /tmp/eval-dev-quality1400846753/plain/target/classes\n[INFO] \n[INFO] --- resources:3.3.0:testResources (default-testResources) @ test-java-plain ---\n[WARNING] Using platform encoding (ANSI_X3.4-1968 actually) to copy filtered resources, i.e. build is platform dependent!\n[INFO] skip non existing resourceDirectory /tmp/eval-dev-quality1400846753/plain/src/test/resources\n[INFO] \n[INFO] --- compiler:3.10.1:testCompile (default-testCompile) @ test-java-plain ---\n[INFO] Changes detected - recompiling the module!\n[WARNING] File encoding has not been set, using platform encoding ANSI_X3.4-1968, i.e. build is platform dependent!\n[INFO] Compiling 1 source file to /tmp/eval-dev-quality1400846753/plain/target/test-classes\n[INFO] -------------------------------------------------------------\n[ERROR] COMPILATION ERROR : \n[INFO] -------------------------------------------------------------\n[ERROR] /tmp/eval-dev-quality1400846753/plain/src/test/java/com/eval/PlainTest.java:[16,22] cannot find symbol\n  symbol:   class NotFoundException\n  location: class com.eval.PlainTest\n[INFO] 1 error\n[INFO] -------------------------------------------------------------\n[INFO] ------------------------------------------------------------------------\n[INFO] BUILD FAILURE\n[INFO] ------------------------------------------------------------------------\n[INFO] Total time:  1.140 s\n[INFO] Finished at: 2024-06-19T10:49:12Z\n[INFO] ------------------------------------------------------------------------\n[ERROR] Failed to execute goal org.apache.maven.plugins:maven-compiler-plugin:3.10.1:testCompile (default-testCompile) on project test-java-plain: Compilation failure\n[ERROR] /tmp/eval-dev-quality1400846753/plain/src/test/java/com/eval/PlainTest.java:[16,22] cannot find symbol\n[ERROR]   symbol:   class NotFoundException\n[ERROR]   location: class com.eval.PlainTest\n[ERROR] \n[ERROR] -> [Help 1]\n[ERROR] \n[ERROR] To see the full stack trace of the errors, re-run Maven with the -e switch.\n[ERROR] Re-run Maven using the -X switch to enable full debug logging.\n[ERROR] \n[ERROR] For more information about the errors and possible solutions, please read the following articles:\n[ERROR] [Help 1] http://cwiki.apache.org/confluence/display/MAVEN/MojoFailureException\n",
}
Stacktrace: goroutine 1 [running]:
gitlab.nethead.at/symflower/symflower/model/errors.NewInternalError({0x1f42da0?, 0xc0007a8460}, {0xffa8c0?, 0xc000778ea0})
	gitlab.nethead.at/symflower/symflower/model/errors/error.go:850 +0x59
gitlab.nethead.at/symflower/symflower/language/java/execute.MavenDependencyCommand.func1()
	gitlab.nethead.at/symflower/symflower/language/java/execute/maven.go:80 +0x1ef
github.com/avast/retry-go.Do(0xc0007298b8, {0xc0007298a0, 0x3, 0x418c94?})
	github.com/avast/retry-go/retry.go:135 +0x5a3
gitlab.nethead.at/symflower/symflower/language/java/execute.MavenDependencyCommand({0xc0007a4030, 0x26}, 0x0, {0xc0007a18c0, 0x6, 0x6})
	gitlab.nethead.at/symflower/symflower/language/java/execute/maven.go:60 +0x1c5
gitlab.nethead.at/symflower/symflower/language/java/execute.MavenCloverCoverage({0xc0007a4030, 0x26})
	gitlab.nethead.at/symflower/symflower/language/java/execute/clover.go:131 +0xc9
gitlab.nethead.at/symflower/symflower/cmd/symflower-local/cmd.(*commandTest).Execute(0xc00058c978, {0xc00058c800?, 0x7f7b7c14ae78?, 0xc00058c978?})
	gitlab.nethead.at/symflower/symflower/cmd/symflower-local/cmd/test.go:143 +0x54f
gitlab.nethead.at/symflower/symflower/cmd.ExecuteNoExit({0x1f425e0?, 0xc00058c800}, {0xc000212000?, 0x0?, 0xc00060fed8?})
	gitlab.nethead.at/symflower/symflower/cmd/execute.go:56 +0x2d0
gitlab.nethead.at/symflower/symflower/cmd.Execute({0x1f425e0?, 0xc00058c800?}, {0xc000212000?, 0x274c500?, 0xc00058c800?})
	gitlab.nethead.at/symflower/symflower/cmd/execute.go:16 +0x26
gitlab.nethead.at/symflower/symflower/cmd.ExecuteWithOSArguments(...)
	gitlab.nethead.at/symflower/symflower/cmd/execute.go:75
main.main.func1()
	gitlab.nethead.at/symflower/symflower/cmd/symflower-demo/main.go:40 +0x34
gitlab.nethead.at/symflower/symflower/cmd/symflower-local/cmd.(*Command).WithPanicReporter(0xc00012e058?, 0x2636b18?)
	gitlab.nethead.at/symflower/symflower/cmd/symflower-local/cmd/cmd.go:184 +0x48
main.main()
	gitlab.nethead.at/symflower/symflower/cmd/symflower-demo/main.go:39 +0xa5


src/main/java/com/eval/Plain.java]
