2024/04/25 14:13:13 Evaluating model "openrouter/gryphe/mythomax-l2-13b" using language "java" and repository "java/plain"
2024/04/25 14:13:13 Querying model "openrouter/gryphe/mythomax-l2-13b" with:
	Given the following Java code file "src/main/java/com/eval/Plain.java" with package "com.eval", provide a test file for this code with JUnit 5 as a test framework.
	The tests should produce 100 percent code coverage and must compile.
	The response must contain only the test code and nothing else.

	```java
	package com.eval;

	class Plain {
	    static void plain() {
	    }
	}
	```
2024/04/25 14:13:32 Model "openrouter/gryphe/mythomax-l2-13b" responded with:
	 ```java
	package com.eval;

	import org.junit.jupiter.api.Test;
	import org.junit.jupiter.api.Assertions;
	import static org.junit.jupiter.api.Assertions.*;
	import static org.junit.jupiter.api.Assertions.assertTrue;

	import static org.junit.jupiter.api.Assertions.*;

	import static org.junit.jupiter.api.TestInfo.*;

	import java.lang.reflect.Method;
	import com.eval.*;
	import static org.mockito.Mockito.*;
	import org.mockito.InjectMocks;
	import org.mockito.Mock;
	import org.mockito.MockitoAnnotations;
	import org.mockito.junit.jupiter.MockitoSettings;
	import org.mockito.junit.jupiter.MockitoTestChain;
	import org.mockito.junit.jupiter.MockitoTestCleanup;
	import org.mockito.junit.jupiter.MockitoWarnings;
	import org.junit.jupiter.params.ParameterizedTest;
	import org.junit.jupiter.params.provider.MethodSource;

	import static org.mockito.ArgumentMatchers.*;
	import static org.mockito.ArgumentMatchers.any;
	import static org.mockito.ArgumentMatchers.anyString;
	import static org.mockito.ArgumentMatchers.eq;
	import static org.mockito.ArgumentMatchers.same;
	import static org.mockito.Mockito.*;

	import static org.junit.jupiter.api.Assertions.*;


	@MockitoSettings(strictness = Strictness.LENIENT)
	@MockitoTestCleanup
	class PlainTest {

	    @Mock
	    Method method;

	    @InjectMocks
	    Plain plain;

	    @Test
	    void contextLoads() {
	        assertTrue(true);
	    }

	    @Test
	    @MethodSource("providePlain")
	    public void invokePlain(String input, Object[] args, Object expectedOutput) {
	        when(method.getName()).thenReturn("plain");
	        when(method.getDeclaringClass()).thenReturn(Plain.class);
	        when(method.getParameterCount()).thenReturn(args.length);
	        for (int i = 0; i < args.length; i++) {
	            when(method.getParameterTypes()[i]).thenReturn(args[i].getClass());
	        }
	        when(method.invoke(plain, args)).thenReturn(expectedOutput);

	        Object actualOutput = method.invoke(plain, args);
	        assertEquals(expectedOutput, actualOutput);
	    }

	    static Object[][] providePlain() {
	        return new Object[][]{{"", new Object[0], "null"},
	                          {NULL_ARGS, new Object[0], "java.lang.IllegalArgumentException"}};
	    }

	}
	```
2024/04/25 14:13:32 $ symflower test --language java --workspace /tmp/eval-dev-quality3857147202/plain
[0;34mGive us your feedback and let us know how we can improve Symflower at hello@symflower.com or https://github.com/symflower/symflower. Thanks so much for your help![0m
ERROR: All attempts fail:
#1: Internal error: exit status 1:
[]interface {}{
    "/tmp/eval-dev-quality3857147202/plain/",
    "[INFO] Scanning for projects...\n[WARNING] \n[WARNING] Some problems were encountered while building the effective model for eval.dev.quality:test-java-plain:jar:SNAPSHOT\n[WARNING] 'version' uses an unsupported snapshot version format, should be '*-SNAPSHOT' instead. @ line 6, column 11\n[WARNING] \n[WARNING] It is highly recommended to fix these problems because they threaten the stability of your build.\n[WARNING] \n[WARNING] For this reason, future Maven versions might no longer support building such malformed projects.\n[WARNING] \n[INFO] \n[INFO] ------------------< eval.dev.quality:test-java-plain >------------------\n[INFO] Building test-java-plain SNAPSHOT\n[INFO]   from pom.xml\n[INFO] --------------------------------[ jar ]---------------------------------\n[INFO] \n[INFO] --- clean:3.2.0:clean (default-clean) @ test-java-plain ---\n[INFO] \n[INFO] --- resources:3.3.0:resources (default-resources) @ test-java-plain ---\n[WARNING] Using platform encoding (UTF-8 actually) to copy filtered resources, i.e. build is platform dependent!\n[INFO] skip non existing resourceDirectory /tmp/eval-dev-quality3857147202/plain/src/main/resources\n[INFO] \n[INFO] --- compiler:3.10.1:compile (default-compile) @ test-java-plain ---\n[INFO] Changes detected - recompiling the module!\n[WARNING] File encoding has not been set, using platform encoding UTF-8, i.e. build is platform dependent!\n[INFO] Compiling 1 source file to /tmp/eval-dev-quality3857147202/plain/target/classes\n[INFO] \n[INFO] --- resources:3.3.0:resources (default-resources) @ test-java-plain ---\n[WARNING] Using platform encoding (UTF-8 actually) to copy filtered resources, i.e. build is platform dependent!\n[INFO] skip non existing resourceDirectory /tmp/eval-dev-quality3857147202/plain/src/main/resources\n[INFO] \n[INFO] --- compiler:3.10.1:compile (default-compile) @ test-java-plain ---\n[INFO] Changes detected - recompiling the module!\n[WARNING] File encoding has not been set, using platform encoding UTF-8, i.e. build is platform dependent!\n[INFO] Compiling 1 source file to /tmp/eval-dev-quality3857147202/plain/target/classes\n[INFO] \n[INFO] --- resources:3.3.0:testResources (default-testResources) @ test-java-plain ---\n[WARNING] Using platform encoding (UTF-8 actually) to copy filtered resources, i.e. build is platform dependent!\n[INFO] skip non existing resourceDirectory /tmp/eval-dev-quality3857147202/plain/src/test/resources\n[INFO] \n[INFO] --- compiler:3.10.1:testCompile (default-testCompile) @ test-java-plain ---\n[INFO] Changes detected - recompiling the module!\n[WARNING] File encoding has not been set, using platform encoding UTF-8, i.e. build is platform dependent!\n[INFO] Compiling 1 source file to /tmp/eval-dev-quality3857147202/plain/target/test-classes\n[INFO] -------------------------------------------------------------\n[ERROR] COMPILATION ERROR : \n[INFO] -------------------------------------------------------------\n[ERROR] /tmp/eval-dev-quality3857147202/plain/src/test/java/com/eval/PlainTest.java:[14,26] package org.mockito does not exist\n[ERROR] /tmp/eval-dev-quality3857147202/plain/src/test/java/com/eval/PlainTest.java:[15,19] package org.mockito does not exist\n[ERROR] /tmp/eval-dev-quality3857147202/plain/src/test/java/com/eval/PlainTest.java:[16,19] package org.mockito does not exist\n[ERROR] /tmp/eval-dev-quality3857147202/plain/src/test/java/com/eval/PlainTest.java:[17,19] package org.mockito does not exist\n[ERROR] /tmp/eval-dev-quality3857147202/plain/src/test/java/com/eval/PlainTest.java:[18,33] package org.mockito.junit.jupiter does not exist\n[ERROR] /tmp/eval-dev-quality3857147202/plain/src/test/java/com/eval/PlainTest.java:[19,33] package org.mockito.junit.jupiter does not exist\n[ERROR] /tmp/eval-dev-quality3857147202/plain/src/test/java/com/eval/PlainTest.java:[20,33] package org.mockito.junit.jupiter does not exist\n[ERROR] /tmp/eval-dev-quality3857147202/plain/src/test/java/com/eval/PlainTest.java:[21,33] package org.mockito.junit.jupiter does not exist\n[ERROR] /tmp/eval-dev-quality3857147202/plain/src/test/java/com/eval/PlainTest.java:[25,26] package org.mockito does not exist\n[ERROR] /tmp/eval-dev-quality3857147202/plain/src/test/java/com/eval/PlainTest.java:[26,26] package org.mockito does not exist\n[ERROR] /tmp/eval-dev-quality3857147202/plain/src/test/java/com/eval/PlainTest.java:[26,1] static import only from classes and interfaces\n[ERROR] /tmp/eval-dev-quality3857147202/plain/src/test/java/com/eval/PlainTest.java:[27,26] package org.mockito does not exist\n[ERROR] /tmp/eval-dev-quality3857147202/plain/src/test/java/com/eval/PlainTest.java:[27,1] static import only from classes and interfaces\n[ERROR] /tmp/eval-dev-quality3857147202/plain/src/test/java/com/eval/PlainTest.java:[28,26] package org.mockito does not exist\n[ERROR] /tmp/eval-dev-quality3857147202/plain/src/test/java/com/eval/PlainTest.java:[28,1] static import only from classes and interfaces\n[ERROR] /tmp/eval-dev-quality3857147202/plain/src/test/java/com/eval/PlainTest.java:[29,26] package org.mockito does not exist\n[ERROR] /tmp/eval-dev-quality3857147202/plain/src/test/java/com/eval/PlainTest.java:[29,1] static import only from classes and interfaces\n[ERROR] /tmp/eval-dev-quality3857147202/plain/src/test/java/com/eval/PlainTest.java:[30,26] package org.mockito does not exist\n[ERROR] /tmp/eval-dev-quality3857147202/plain/src/test/java/com/eval/PlainTest.java:[35,2] cannot find symbol\n  symbol: class MockitoSettings\n[ERROR] /tmp/eval-dev-quality3857147202/plain/src/test/java/com/eval/PlainTest.java:[36,2] cannot find symbol\n  symbol: class MockitoTestCleanup\n[ERROR] /tmp/eval-dev-quality3857147202/plain/src/test/java/com/eval/PlainTest.java:[35,31] cannot find symbol\n  symbol: variable Strictness\n[ERROR] /tmp/eval-dev-quality3857147202/plain/src/test/java/com/eval/PlainTest.java:[39,6] cannot find symbol\n  symbol:   class Mock\n  location: class com.eval.PlainTest\n[ERROR] /tmp/eval-dev-quality3857147202/plain/src/test/java/com/eval/PlainTest.java:[42,6] cannot find symbol\n  symbol:   class InjectMocks\n  location: class com.eval.PlainTest\n[ERROR] /tmp/eval-dev-quality3857147202/plain/src/test/java/com/eval/PlainTest.java:[53,9] cannot find symbol\n  symbol:   method when(java.lang.String)\n  location: class com.eval.PlainTest\n[ERROR] /tmp/eval-dev-quality3857147202/plain/src/test/java/com/eval/PlainTest.java:[54,9] cannot find symbol\n  symbol:   method when(java.lang.Class<capture#1 of ?>)\n  location: class com.eval.PlainTest\n[ERROR] /tmp/eval-dev-quality3857147202/plain/src/test/java/com/eval/PlainTest.java:[55,9] cannot find symbol\n  symbol:   method when(int)\n  location: class com.eval.PlainTest\n[ERROR] /tmp/eval-dev-quality3857147202/plain/src/test/java/com/eval/PlainTest.java:[57,13] cannot find symbol\n  symbol:   method when(java.lang.Class<?>)\n  location: class com.eval.PlainTest\n[ERROR] /tmp/eval-dev-quality3857147202/plain/src/test/java/com/eval/PlainTest.java:[59,9] cannot find symbol\n  symbol:   method when(java.lang.Object)\n  location: class com.eval.PlainTest\n[ERROR] /tmp/eval-dev-quality3857147202/plain/src/test/java/com/eval/PlainTest.java:[67,28] cannot find symbol\n  symbol:   variable NULL_ARGS\n  location: class com.eval.PlainTest\n[INFO] 29 errors \n[INFO] -------------------------------------------------------------\n[INFO] \n[INFO] ------------------------------------------------------------------------\n[INFO] Skipping test-java-plain\n[INFO] This project has been banned from the build due to previous failures.\n[INFO] ------------------------------------------------------------------------\n[INFO] \n[INFO] ------------------------------------------------------------------------\n[INFO] Skipping test-java-plain\n[INFO] This project has been banned from the build due to previous failures.\n[INFO] ------------------------------------------------------------------------\n[INFO] ------------------------------------------------------------------------\n[INFO] BUILD FAILURE\n[INFO] ------------------------------------------------------------------------\n[INFO] Total time:  1.073 s\n[INFO] Finished at: 2024-04-25T14:13:35+02:00\n[INFO] ------------------------------------------------------------------------\n[ERROR] Failed to execute goal org.apache.maven.plugins:maven-compiler-plugin:3.10.1:testCompile (default-testCompile) on project test-java-plain: Compilation failure: Compilation failure: \n[ERROR] /tmp/eval-dev-quality3857147202/plain/src/test/java/com/eval/PlainTest.java:[14,26] package org.mockito does not exist\n[ERROR] /tmp/eval-dev-quality3857147202/plain/src/test/java/com/eval/PlainTest.java:[15,19] package org.mockito does not exist\n[ERROR] /tmp/eval-dev-quality3857147202/plain/src/test/java/com/eval/PlainTest.java:[16,19] package org.mockito does not exist\n[ERROR] /tmp/eval-dev-quality3857147202/plain/src/test/java/com/eval/PlainTest.java:[17,19] package org.mockito does not exist\n[ERROR] /tmp/eval-dev-quality3857147202/plain/src/test/java/com/eval/PlainTest.java:[18,33] package org.mockito.junit.jupiter does not exist\n[ERROR] /tmp/eval-dev-quality3857147202/plain/src/test/java/com/eval/PlainTest.java:[19,33] package org.mockito.junit.jupiter does not exist\n[ERROR] /tmp/eval-dev-quality3857147202/plain/src/test/java/com/eval/PlainTest.java:[20,33] package org.mockito.junit.jupiter does not exist\n[ERROR] /tmp/eval-dev-quality3857147202/plain/src/test/java/com/eval/PlainTest.java:[21,33] package org.mockito.junit.jupiter does not exist\n[ERROR] /tmp/eval-dev-quality3857147202/plain/src/test/java/com/eval/PlainTest.java:[25,26] package org.mockito does not exist\n[ERROR] /tmp/eval-dev-quality3857147202/plain/src/test/java/com/eval/PlainTest.java:[26,26] package org.mockito does not exist\n[ERROR] /tmp/eval-dev-quality3857147202/plain/src/test/java/com/eval/PlainTest.java:[26,1] static import only from classes and interfaces\n[ERROR] /tmp/eval-dev-quality3857147202/plain/src/test/java/com/eval/PlainTest.java:[27,26] package org.mockito does not exist\n[ERROR] /tmp/eval-dev-quality3857147202/plain/src/test/java/com/eval/PlainTest.java:[27,1] static import only from classes and interfaces\n[ERROR] /tmp/eval-dev-quality3857147202/plain/src/test/java/com/eval/PlainTest.java:[28,26] package org.mockito does not exist\n[ERROR] /tmp/eval-dev-quality3857147202/plain/src/test/java/com/eval/PlainTest.java:[28,1] static import only from classes and interfaces\n[ERROR] /tmp/eval-dev-quality3857147202/plain/src/test/java/com/eval/PlainTest.java:[29,26] package org.mockito does not exist\n[ERROR] /tmp/eval-dev-quality3857147202/plain/src/test/java/com/eval/PlainTest.java:[29,1] static import only from classes and interfaces\n[ERROR] /tmp/eval-dev-quality3857147202/plain/src/test/java/com/eval/PlainTest.java:[30,26] package org.mockito does not exist\n[ERROR] /tmp/eval-dev-quality3857147202/plain/src/test/java/com/eval/PlainTest.java:[35,2] cannot find symbol\n[ERROR]   symbol: class MockitoSettings\n[ERROR] /tmp/eval-dev-quality3857147202/plain/src/test/java/com/eval/PlainTest.java:[36,2] cannot find symbol\n[ERROR]   symbol: class MockitoTestCleanup\n[ERROR] /tmp/eval-dev-quality3857147202/plain/src/test/java/com/eval/PlainTest.java:[35,31] cannot find symbol\n[ERROR]   symbol: variable Strictness\n[ERROR] /tmp/eval-dev-quality3857147202/plain/src/test/java/com/eval/PlainTest.java:[39,6] cannot find symbol\n[ERROR]   symbol:   class Mock\n[ERROR]   location: class com.eval.PlainTest\n[ERROR] /tmp/eval-dev-quality3857147202/plain/src/test/java/com/eval/PlainTest.java:[42,6] cannot find symbol\n[ERROR]   symbol:   class InjectMocks\n[ERROR]   location: class com.eval.PlainTest\n[ERROR] /tmp/eval-dev-quality3857147202/plain/src/test/java/com/eval/PlainTest.java:[53,9] cannot find symbol\n[ERROR]   symbol:   method when(java.lang.String)\n[ERROR]   location: class com.eval.PlainTest\n[ERROR] /tmp/eval-dev-quality3857147202/plain/src/test/java/com/eval/PlainTest.java:[54,9] cannot find symbol\n[ERROR]   symbol:   method when(java.lang.Class<capture#1 of ?>)\n[ERROR]   location: class com.eval.PlainTest\n[ERROR] /tmp/eval-dev-quality3857147202/plain/src/test/java/com/eval/PlainTest.java:[55,9] cannot find symbol\n[ERROR]   symbol:   method when(int)\n[ERROR]   location: class com.eval.PlainTest\n[ERROR] /tmp/eval-dev-quality3857147202/plain/src/test/java/com/eval/PlainTest.java:[57,13] cannot find symbol\n[ERROR]   symbol:   method when(java.lang.Class<?>)\n[ERROR]   location: class com.eval.PlainTest\n[ERROR] /tmp/eval-dev-quality3857147202/plain/src/test/java/com/eval/PlainTest.java:[59,9] cannot find symbol\n[ERROR]   symbol:   method when(java.lang.Object)\n[ERROR]   location: class com.eval.PlainTest\n[ERROR] /tmp/eval-dev-quality3857147202/plain/src/test/java/com/eval/PlainTest.java:[67,28] cannot find symbol\n[ERROR]   symbol:   variable NULL_ARGS\n[ERROR]   location: class com.eval.PlainTest\n[ERROR] -> [Help 1]\n[ERROR] \n[ERROR] To see the full stack trace of the errors, re-run Maven with the -e switch.\n[ERROR] Re-run Maven using the -X switch to enable full debug logging.\n[ERROR] \n[ERROR] For more information about the errors and possible solutions, please read the following articles:\n[ERROR] [Help 1] http://cwiki.apache.org/confluence/display/MAVEN/MojoFailureException\n",
}
Stacktrace: goroutine 1 [running]:
gitlab.nethead.at/symflower/symflower/model/errors.NewInternalError({0x1ef1a40?, 0xc000712000}, {0xfbd660?, 0xc000590048})
	gitlab.nethead.at/symflower/symflower/model/errors/error.go:850 +0x59
gitlab.nethead.at/symflower/symflower/language/java/execute.MavenDependencyCommand.func1()
	gitlab.nethead.at/symflower/symflower/language/java/execute/maven.go:80 +0x1ef
github.com/avast/retry-go.Do(0xc000383890, {0xc000383878, 0x3, 0x2712660?})
	github.com/avast/retry-go/retry.go:135 +0x5a3
gitlab.nethead.at/symflower/symflower/language/java/execute.MavenDependencyCommand({0xc0004d6060, 0x26}, 0x0, {0xc000440100, 0x8, 0x8})
	gitlab.nethead.at/symflower/symflower/language/java/execute/maven.go:60 +0x1c5
gitlab.nethead.at/symflower/symflower/language/java/execute.MavenCloverCoverage({0xc0004d6060, 0x26})
	gitlab.nethead.at/symflower/symflower/language/java/execute/clover.go:133 +0xef
gitlab.nethead.at/symflower/symflower/cmd/symflower-local/cmd.(*commandTest).Execute(0xc0004c4820, {0xc0004c4700?, 0x7fc6e306a358?, 0xc0004c4820?})
	gitlab.nethead.at/symflower/symflower/cmd/symflower-local/cmd/test.go:111 +0x56f
gitlab.nethead.at/symflower/symflower/cmd.ExecuteNoExit({0x1ef12a0?, 0xc0004c4700}, {0xc0000401e0?, 0x0?, 0xc00051fed8?})
	gitlab.nethead.at/symflower/symflower/cmd/execute.go:56 +0x2d0
gitlab.nethead.at/symflower/symflower/cmd.Execute({0x1ef12a0?, 0xc0004c4700?}, {0xc0000401e0?, 0x26dbe00?, 0xc0004c4700?})
	gitlab.nethead.at/symflower/symflower/cmd/execute.go:16 +0x26
gitlab.nethead.at/symflower/symflower/cmd.ExecuteWithOSArguments(...)
	gitlab.nethead.at/symflower/symflower/cmd/execute.go:75
main.main.func1()
	gitlab.nethead.at/symflower/symflower/cmd/symflower-demo/main.go:40 +0x34
gitlab.nethead.at/symflower/symflower/cmd/symflower-local/cmd.(*Command).WithPanicReporter(0xc000048178?, 0x25c6968?)
	gitlab.nethead.at/symflower/symflower/cmd/symflower-local/cmd/cmd.go:182 +0x48
main.main()
	gitlab.nethead.at/symflower/symflower/cmd/symflower-demo/main.go:39 +0xa5

2024/04/25 14:13:35 Evaluated model "openrouter/gryphe/mythomax-l2-13b" using language "java" and repository "java/plain": encountered 1 problems: [exit status 1
github.com/symflower/eval-dev-quality/util.CommandWithResult
	src/github.com/symflower/eval-dev-quality/util/exec.go:36
github.com/symflower/eval-dev-quality/language/java.(*Language).Execute
	src/github.com/symflower/eval-dev-quality/language/java/language.go:94
github.com/symflower/eval-dev-quality/evaluate.Repository
	src/github.com/symflower/eval-dev-quality/evaluate/repository.go:67
github.com/symflower/eval-dev-quality/cmd/eval-dev-quality/cmd.(*Evaluate).Execute
	src/github.com/symflower/eval-dev-quality/cmd/eval-dev-quality/cmd/evaluate.go:205
github.com/symflower/eval-dev-quality/cmd/eval-dev-quality/cmd.Execute.func1
	src/github.com/symflower/eval-dev-quality/cmd/eval-dev-quality/cmd/command.go:34
github.com/jessevdk/go-flags.(*Parser).ParseArgs
	pkg/mod/github.com/jessevdk/go-flags@v1.5.1-0.20210607101731-3927b71304df/parser.go:333
github.com/symflower/eval-dev-quality/cmd/eval-dev-quality/cmd.Execute
	src/github.com/symflower/eval-dev-quality/cmd/eval-dev-quality/cmd/command.go:37
main.main
	src/github.com/symflower/eval-dev-quality/cmd/eval-dev-quality/main.go:11
runtime.main
	.devenv/go@1.21.5/go/src/runtime/proc.go:267
runtime.goexit
	.devenv/go@1.21.5/go/src/runtime/asm_amd64.s:1650
github.com/symflower/eval-dev-quality/language/java.(*Language).Execute
	src/github.com/symflower/eval-dev-quality/language/java/language.go:104
github.com/symflower/eval-dev-quality/evaluate.Repository
	src/github.com/symflower/eval-dev-quality/evaluate/repository.go:67
github.com/symflower/eval-dev-quality/cmd/eval-dev-quality/cmd.(*Evaluate).Execute
	src/github.com/symflower/eval-dev-quality/cmd/eval-dev-quality/cmd/evaluate.go:205
github.com/symflower/eval-dev-quality/cmd/eval-dev-quality/cmd.Execute.func1
	src/github.com/symflower/eval-dev-quality/cmd/eval-dev-quality/cmd/command.go:34
github.com/jessevdk/go-flags.(*Parser).ParseArgs
	pkg/mod/github.com/jessevdk/go-flags@v1.5.1-0.20210607101731-3927b71304df/parser.go:333
github.com/symflower/eval-dev-quality/cmd/eval-dev-quality/cmd.Execute
	src/github.com/symflower/eval-dev-quality/cmd/eval-dev-quality/cmd/command.go:37
main.main
	src/github.com/symflower/eval-dev-quality/cmd/eval-dev-quality/main.go:11
runtime.main
	.devenv/go@1.21.5/go/src/runtime/proc.go:267
runtime.goexit
	.devenv/go@1.21.5/go/src/runtime/asm_amd64.s:1650
src/main/java/com/eval/Plain.java]
