2024/06/19 11:09:05 Evaluating model "openrouter/nousresearch/nous-hermes-yi-34b" on task "write-tests" using language "java" and repository "java/plain"
2024/06/19 11:09:05 Querying model "openrouter/nousresearch/nous-hermes-yi-34b" with:
	Given the following Java code file "src/main/java/com/eval/Plain.java" with package "com.eval", provide a test file for this code with JUnit 5 as a test framework.
	The tests should produce 100 percent code coverage and must compile.
	The response must contain only the test code and nothing else.

	```java
	package com.eval;

	class Plain {
	    static void plain() {
	    }
	}
	```
2024/06/19 11:09:09 Model "openrouter/nousresearch/nous-hermes-yi-34b" responded (3417 ms) with:
	import org.junit.jupiter.api.*;
	import static org.junit.jupiter.api.Assertions.*;

	class PlainTest {

	    @Test
	    void testPlain() {
	        Plain.plain();
	    }
	}
2024/06/19 11:09:09 $ symflower test --language java --workspace /tmp/eval-dev-quality992866327/plain --coverage-file /tmp/eval-dev-quality992866327/plain/coverage.json
[0;34mGive us your feedback and let us know how we can improve Symflower at hello@symflower.com or https://github.com/symflower/symflower. Thanks so much for your help![0m
ERROR: All attempts fail:
#1: Internal error: exit status 1:
[]interface {}{
    "/tmp/eval-dev-quality992866327/plain/",
    "[INFO] Scanning for projects...\n[WARNING] \n[WARNING] Some problems were encountered while building the effective model for eval.dev.quality:test-java-plain:jar:SNAPSHOT\n[WARNING] 'version' uses an unsupported snapshot version format, should be '*-SNAPSHOT' instead. @ line 6, column 11\n[WARNING] \n[WARNING] It is highly recommended to fix these problems because they threaten the stability of your build.\n[WARNING] \n[WARNING] For this reason, future Maven versions might no longer support building such malformed projects.\n[WARNING] \nDownloading from central: https://repo.maven.apache.org/maven2/org/openclover/clover-maven-plugin/4.5.2/clover-maven-plugin-4.5.2.pom\nProgress (1): 1.4/16 kB\rProgress (1): 2.8/16 kB\rProgress (1): 4.1/16 kB\rProgress (1): 5.5/16 kB\rProgress (1): 6.9/16 kB\rProgress (1): 8.3/16 kB\rProgress (1): 9.7/16 kB\rProgress (1): 11/16 kB \rProgress (1): 12/16 kB\rProgress (1): 14/16 kB\rProgress (1): 15/16 kB\rProgress (1): 16 kB   \r                   \rDownloaded from central: https://repo.maven.apache.org/maven2/org/openclover/clover-maven-plugin/4.5.2/clover-maven-plugin-4.5.2.pom (16 kB at 72 kB/s)\nDownloading from central: https://repo.maven.apache.org/maven2/org/openclover/clover-maven-plugin/4.5.2/clover-maven-plugin-4.5.2.jar\nProgress (1): 16/148 kB\rProgress (1): 33/148 kB\rProgress (1): 49/148 kB\rProgress (1): 66/148 kB\rProgress (1): 82/148 kB\rProgress (1): 98/148 kB\rProgress (1): 115/148 kB\rProgress (1): 131/148 kB\rProgress (1): 147/148 kB\rProgress (1): 148 kB    \r                    \rDownloaded from central: https://repo.maven.apache.org/maven2/org/openclover/clover-maven-plugin/4.5.2/clover-maven-plugin-4.5.2.jar (148 kB at 5.5 MB/s)\n[INFO] \n[INFO] ------------------< eval.dev.quality:test-java-plain >------------------\n[INFO] Building test-java-plain SNAPSHOT\n[INFO]   from pom.xml\n[INFO] --------------------------------[ jar ]---------------------------------\nDownloading from central: https://repo.maven.apache.org/maven2/org/apache/maven/plugins/maven-clean-plugin/3.2.0/maven-clean-plugin-3.2.0.pom\nProgress (1): 5.3 kB\r                    \rDownloaded from central: https://repo.maven.apache.org/maven2/org/apache/maven/plugins/maven-clean-plugin/3.2.0/maven-clean-plugin-3.2.0.pom (5.3 kB at 590 kB/s)\nDownloading from central: https://repo.maven.apache.org/maven2/org/apache/maven/plugins/maven-plugins/35/maven-plugins-35.pom\nProgress (1): 9.9 kB\r                    \rDownloaded from central: https://repo.maven.apache.org/maven2/org/apache/maven/plugins/maven-plugins/35/maven-plugins-35.pom (9.9 kB at 1.1 MB/s)\nDownloading from central: https://repo.maven.apache.org/maven2/org/apache/maven/maven-parent/35/maven-parent-35.pom\nProgress (1): 16/45 kB\rProgress (1): 32/45 kB\rProgress (1): 45 kB   \r                   \rDownloaded from central: https://repo.maven.apache.org/maven2/org/apache/maven/maven-parent/35/maven-parent-35.pom (45 kB at 4.5 MB/s)\nDownloading from central: https://repo.maven.apache.org/maven2/org/apache/apache/25/apache-25.pom\nProgress (1): 16/21 kB\rProgress (1): 21 kB   \r                   \rDownloaded from central: https://repo.maven.apache.org/maven2/org/apache/apache/25/apache-25.pom (21 kB at 2.3 MB/s)\nDownloading from central: https://repo.maven.apache.org/maven2/org/apache/maven/plugins/maven-clean-plugin/3.2.0/maven-clean-plugin-3.2.0.jar\nProgress (1): 16/36 kB\rProgress (1): 32/36 kB\rProgress (1): 36 kB   \r                   \rDownloaded from central: https://repo.maven.apache.org/maven2/org/apache/maven/plugins/maven-clean-plugin/3.2.0/maven-clean-plugin-3.2.0.jar (36 kB at 1.2 MB/s)\nDownloading from central: https://repo.maven.apache.org/maven2/org/apache/maven/plugins/maven-resources-plugin/3.3.0/maven-resources-plugin-3.3.0.pom\nProgress (1): 8.5 kB\r                    \rDownloaded from central: https://repo.maven.apache.org/maven2/org/apache/maven/plugins/maven-resources-plugin/3.3.0/maven-resources-plugin-3.3.0.pom (8.5 kB at 850 kB/s)\nDownloading from central: https://repo.maven.apache.org/maven2/org/apache/maven/plugins/maven-plugins/36/maven-plugins-36.pom\nProgress (1): 9.9 kB\r                    \rDownloaded from central: https://repo.maven.apache.org/maven2/org/apache/maven/plugins/maven-plugins/36/maven-plugins-36.pom (9.9 kB at 990 kB/s)\nDownloading from central: https://repo.maven.apache.org/maven2/org/apache/maven/maven-parent/36/maven-parent-36.pom\nProgress (1): 16/45 kB\rProgress (1): 33/45 kB\rProgress (1): 45 kB   \r                   \rDownloaded from central: https://repo.maven.apache.org/maven2/org/apache/maven/maven-parent/36/maven-parent-36.pom (45 kB at 4.1 MB/s)\nDownloading from central: https://repo.maven.apache.org/maven2/org/apache/apache/26/apache-26.pom\nProgress (1): 16/21 kB\rProgress (1): 21 kB   \r                   \rDownloaded from central: https://repo.maven.apache.org/maven2/org/apache/apache/26/apache-26.pom (21 kB at 2.1 MB/s)\nDownloading from central: https://repo.maven.apache.org/maven2/org/apache/maven/plugins/maven-resources-plugin/3.3.0/maven-resources-plugin-3.3.0.jar\nProgress (1): 16/32 kB\rProgress (1): 32 kB   \r                   \rDownloaded from central: https://repo.maven.apache.org/maven2/org/apache/maven/plugins/maven-resources-plugin/3.3.0/maven-resources-plugin-3.3.0.jar (32 kB at 2.4 MB/s)\nDownloading from central: https://repo.maven.apache.org/maven2/org/apache/maven/plugins/maven-compiler-plugin/3.10.1/maven-compiler-plugin-3.10.1.pom\nProgress (1): 13 kB\r                   \rDownloaded from central: https://repo.maven.apache.org/maven2/org/apache/maven/plugins/maven-compiler-plugin/3.10.1/maven-compiler-plugin-3.10.1.pom (13 kB at 1.4 MB/s)\nDownloading from central: https://repo.maven.apache.org/maven2/org/apache/maven/plugins/maven-plugins/34/maven-plugins-34.pom\nProgress (1): 11 kB\r                   \rDownloaded from central: https://repo.maven.apache.org/maven2/org/apache/maven/plugins/maven-plugins/34/maven-plugins-34.pom (11 kB at 1.2 MB/s)\nDownloading from central: https://repo.maven.apache.org/maven2/org/apache/maven/maven-parent/34/maven-parent-34.pom\nProgress (1): 16/43 kB\rProgress (1): 33/43 kB\rProgress (1): 43 kB   \r                   \rDownloaded from central: https://repo.maven.apache.org/maven2/org/apache/maven/maven-parent/34/maven-parent-34.pom (43 kB at 3.9 MB/s)\nDownloading from central: https://repo.maven.apache.org/maven2/org/apache/apache/23/apache-23.pom\nProgress (1): 16/18 kB\rProgress (1): 18 kB   \r                   \rDownloaded from central: https://repo.maven.apache.org/maven2/org/apache/apache/23/apache-23.pom (18 kB at 1.3 MB/s)\nDownloading from central: https://repo.maven.apache.org/maven2/org/apache/maven/plugins/maven-compiler-plugin/3.10.1/maven-compiler-plugin-3.10.1.jar\nProgress (1): 16/62 kB\rProgress (1): 33/62 kB\rProgress (1): 49/62 kB\rProgress (1): 62 kB   \r                   \rDownloaded from central: https://repo.maven.apache.org/maven2/org/apache/maven/plugins/maven-compiler-plugin/3.10.1/maven-compiler-plugin-3.10.1.jar (62 kB at 5.6 MB/s)\nDownloading from central: https://repo.maven.apache.org/maven2/org/apache/maven/plugins/maven-surefire-plugin/3.2.5/maven-surefire-plugin-3.2.5.pom\nProgress (1): 5.3 kB\r                    \rDownloaded from central: https://repo.maven.apache.org/maven2/org/apache/maven/plugins/maven-surefire-plugin/3.2.5/maven-surefire-plugin-3.2.5.pom (5.3 kB at 591 kB/s)\nDownloading from central: https://repo.maven.apache.org/maven2/org/apache/maven/surefire/surefire/3.2.5/surefire-3.2.5.pom\nProgress (1): 16/22 kB\rProgress (1): 22 kB   \r                   \rDownloaded from central: https://repo.maven.apache.org/maven2/org/apache/maven/surefire/surefire/3.2.5/surefire-3.2.5.pom (22 kB at 2.0 MB/s)\nDownloading from central: https://repo.maven.apache.org/maven2/org/apache/maven/maven-parent/41/maven-parent-41.pom\nProgress (1): 16/50 kB\rProgress (1): 33/50 kB\rProgress (1): 49/50 kB\rProgress (1): 50 kB   \r                   \rDownloaded from central: https://repo.maven.apache.org/maven2/org/apache/maven/maven-parent/41/maven-parent-41.pom (50 kB at 4.2 MB/s)\nDownloading from central: https://repo.maven.apache.org/maven2/org/apache/apache/31/apache-31.pom\nProgress (1): 16/24 kB\rProgress (1): 24 kB   \r                   \rDownloaded from central: https://repo.maven.apache.org/maven2/org/apache/apache/31/apache-31.pom (24 kB at 1.8 MB/s)\nDownloading from central: https://repo.maven.apache.org/maven2/org/junit/junit-bom/5.9.3/junit-bom-5.9.3.pom\nProgress (1): 5.6 kB\r                    \rDownloaded from central: https://repo.maven.apache.org/maven2/org/junit/junit-bom/5.9.3/junit-bom-5.9.3.pom (5.6 kB at 563 kB/s)\nDownloading from central: https://repo.maven.apache.org/maven2/org/apache/maven/plugins/maven-surefire-plugin/3.2.5/maven-surefire-plugin-3.2.5.jar\nProgress (1): 16/45 kB\rProgress (1): 32/45 kB\rProgress (1): 45 kB   \r                   \rDownloaded from central: https://repo.maven.apache.org/maven2/org/apache/maven/plugins/maven-surefire-plugin/3.2.5/maven-surefire-plugin-3.2.5.jar (45 kB at 4.5 MB/s)\nDownloading from central: https://repo.maven.apache.org/maven2/org/junit/jupiter/junit-jupiter/5.8.2/junit-jupiter-5.8.2.pom\nProgress (1): 3.2 kB\r                    \rDownloaded from central: https://repo.maven.apache.org/maven2/org/junit/jupiter/junit-jupiter/5.8.2/junit-jupiter-5.8.2.pom (3.2 kB at 356 kB/s)\nDownloading from central: https://repo.maven.apache.org/maven2/org/junit/junit-bom/5.8.2/junit-bom-5.8.2.pom\nProgress (1): 5.6 kB\r                    \rDownloaded from central: https://repo.maven.apache.org/maven2/org/junit/junit-bom/5.8.2/junit-bom-5.8.2.pom (5.6 kB at 563 kB/s)\nDownloading from central: https://repo.maven.apache.org/maven2/org/junit/jupiter/junit-jupiter-api/5.8.2/junit-jupiter-api-5.8.2.pom\nProgress (1): 3.2 kB\r                    \rDownloaded from central: https://repo.maven.apache.org/maven2/org/junit/jupiter/junit-jupiter-api/5.8.2/junit-jupiter-api-5.8.2.pom (3.2 kB at 289 kB/s)\nDownloading from central: https://repo.maven.apache.org/maven2/org/opentest4j/opentest4j/1.2.0/opentest4j-1.2.0.pom\nProgress (1): 1.7 kB\r                    \rDownloaded from central: https://repo.maven.apache.org/maven2/org/opentest4j/opentest4j/1.2.0/opentest4j-1.2.0.pom (1.7 kB at 187 kB/s)\nDownloading from central: https://repo.maven.apache.org/maven2/org/junit/platform/junit-platform-commons/1.8.2/junit-platform-commons-1.8.2.pom\nProgress (1): 2.8 kB\r                    \rDownloaded from central: https://repo.maven.apache.org/maven2/org/junit/platform/junit-platform-commons/1.8.2/junit-platform-commons-1.8.2.pom (2.8 kB at 283 kB/s)\nDownloading from central: https://repo.maven.apache.org/maven2/org/apiguardian/apiguardian-api/1.1.2/apiguardian-api-1.1.2.pom\nProgress (1): 1.5 kB\r                    \rDownloaded from central: https://repo.maven.apache.org/maven2/org/apiguardian/apiguardian-api/1.1.2/apiguardian-api-1.1.2.pom (1.5 kB at 170 kB/s)\nDownloading from central: https://repo.maven.apache.org/maven2/org/junit/jupiter/junit-jupiter-params/5.8.2/junit-jupiter-params-5.8.2.pom\nProgress (1): 3.0 kB\r                    \rDownloaded from central: https://repo.maven.apache.org/maven2/org/junit/jupiter/junit-jupiter-params/5.8.2/junit-jupiter-params-5.8.2.pom (3.0 kB at 301 kB/s)\nDownloading from central: https://repo.maven.apache.org/maven2/org/junit/jupiter/junit-jupiter-engine/5.8.2/junit-jupiter-engine-5.8.2.pom\nProgress (1): 3.2 kB\r                    \rDownloaded from central: https://repo.maven.apache.org/maven2/org/junit/jupiter/junit-jupiter-engine/5.8.2/junit-jupiter-engine-5.8.2.pom (3.2 kB at 355 kB/s)\nDownloading from central: https://repo.maven.apache.org/maven2/org/junit/platform/junit-platform-engine/1.8.2/junit-platform-engine-1.8.2.pom\nProgress (1): 3.2 kB\r                    \rDownloaded from central: https://repo.maven.apache.org/maven2/org/junit/platform/junit-platform-engine/1.8.2/junit-platform-engine-1.8.2.pom (3.2 kB at 356 kB/s)\nDownloading from central: https://repo.maven.apache.org/maven2/org/junit/jupiter/junit-jupiter/5.8.2/junit-jupiter-5.8.2.jar\nProgress (1): 6.4 kB\r                    \rDownloaded from central: https://repo.maven.apache.org/maven2/org/junit/jupiter/junit-jupiter/5.8.2/junit-jupiter-5.8.2.jar (6.4 kB at 707 kB/s)\nDownloading from central: https://repo.maven.apache.org/maven2/org/junit/jupiter/junit-jupiter-api/5.8.2/junit-jupiter-api-5.8.2.jar\nDownloading from central: https://repo.maven.apache.org/maven2/org/apiguardian/apiguardian-api/1.1.2/apiguardian-api-1.1.2.jar\nDownloading from central: https://repo.maven.apache.org/maven2/org/junit/platform/junit-platform-commons/1.8.2/junit-platform-commons-1.8.2.jar\nDownloading from central: https://repo.maven.apache.org/maven2/org/opentest4j/opentest4j/1.2.0/opentest4j-1.2.0.jar\nDownloading from central: https://repo.maven.apache.org/maven2/org/junit/jupiter/junit-jupiter-params/5.8.2/junit-jupiter-params-5.8.2.jar\nProgress (1): 7.7 kB\r                    \rDownloaded from central: https://repo.maven.apache.org/maven2/org/opentest4j/opentest4j/1.2.0/opentest4j-1.2.0.jar (7.7 kB at 478 kB/s)\nDownloading from central: https://repo.maven.apache.org/maven2/org/junit/jupiter/junit-jupiter-engine/5.8.2/junit-jupiter-engine-5.8.2.jar\nProgress (1): 16/230 kB\rProgress (1): 33/230 kB\rProgress (1): 49/230 kB\rProgress (1): 66/230 kB\rProgress (1): 82/230 kB\rProgress (1): 98/230 kB\rProgress (1): 115/230 kB\rProgress (1): 131/230 kB\rProgress (1): 147/230 kB\rProgress (1): 164/230 kB\rProgress (1): 180/230 kB\rProgress (1): 197/230 kB\rProgress (1): 213/230 kB\rProgress (1): 229/230 kB\rProgress (1): 230 kB    \r                    \rDownloaded from central: https://repo.maven.apache.org/maven2/org/junit/jupiter/junit-jupiter-engine/5.8.2/junit-jupiter-engine-5.8.2.jar (230 kB at 7.4 MB/s)\nDownloading from central: https://repo.maven.apache.org/maven2/org/junit/platform/junit-platform-engine/1.8.2/junit-platform-engine-1.8.2.jar\nProgress (1): 1.4/100 kB\rProgress (1): 2.8/100 kB\rProgress (1): 4.1/100 kB\rProgress (1): 5.5/100 kB\rProgress (1): 6.9/100 kB\rProgress (1): 8.3/100 kB\rProgress (1): 9.7/100 kB\rProgress (1): 11/100 kB \rProgress (2): 11/100 kB | 16/577 kB\rProgress (2): 12/100 kB | 16/577 kB\rProgress (2): 14/100 kB | 16/577 kB\rProgress (2): 15/100 kB | 16/577 kB\rProgress (2): 17/100 kB | 16/577 kB\rProgress (2): 18/100 kB | 16/577 kB\rProgress (2): 19/100 kB | 16/577 kB\rProgress (2): 21/100 kB | 16/577 kB\rProgress (2): 22/100 kB | 16/577 kB\rProgress (2): 23/100 kB | 16/577 kB\rProgress (2): 25/100 kB | 16/577 kB\rProgress (2): 26/100 kB | 16/577 kB\rProgress (2): 28/100 kB | 16/577 kB\rProgress (2): 29/100 kB | 16/577 kB\rProgress (2): 30/100 kB | 16/577 kB\rProgress (2): 32/100 kB | 16/577 kB\rProgress (2): 32/100 kB | 33/577 kB\rProgress (2): 33/100 kB | 33/577 kB\rProgress (2): 34/100 kB | 33/577 kB\rProgress (2): 36/100 kB | 33/577 kB\rProgress (2): 37/100 kB | 33/577 kB\rProgress (2): 39/100 kB | 33/577 kB\rProgress (2): 40/100 kB | 33/577 kB\rProgress (2): 41/100 kB | 33/577 kB\rProgress (2): 43/100 kB | 33/577 kB\rProgress (2): 43/100 kB | 49/577 kB\rProgress (2): 44/100 kB | 49/577 kB\rProgress (2): 46/100 kB | 49/577 kB\rProgress (2): 47/100 kB | 49/577 kB\rProgress (2): 48/100 kB | 49/577 kB\rProgress (2): 50/100 kB | 49/577 kB\rProgress (2): 51/100 kB | 49/577 kB\rProgress (2): 52/100 kB | 49/577 kB\rProgress (2): 54/100 kB | 49/577 kB\rProgress (2): 55/100 kB | 49/577 kB\rProgress (2): 57/100 kB | 49/577 kB\rProgress (2): 58/100 kB | 49/577 kB\rProgress (2): 59/100 kB | 49/577 kB\rProgress (2): 61/100 kB | 49/577 kB\rProgress (2): 62/100 kB | 49/577 kB\rProgress (2): 78/100 kB | 49/577 kB\rProgress (2): 95/100 kB | 49/577 kB\rProgress (2): 100 kB | 49/577 kB   \r                                \rDownloaded from central: https://repo.maven.apache.org/maven2/org/junit/platform/junit-platform-commons/1.8.2/junit-platform-commons-1.8.2.jar (100 kB at 1.9 MB/s)\nProgress (1): 66/577 kB\rProgress (2): 66/577 kB | 1.4/6.8 kB\rProgress (3): 66/577 kB | 1.4/6.8 kB | 16/194 kB\rProgress (4): 66/577 kB | 1.4/6.8 kB | 16/194 kB | 16/186 kB\rProgress (4): 66/577 kB | 2.8/6.8 kB | 16/194 kB | 16/186 kB\rProgress (4): 82/577 kB | 2.8/6.8 kB | 16/194 kB | 16/186 kB\rProgress (4): 82/577 kB | 2.8/6.8 kB | 33/194 kB | 16/186 kB\rProgress (4): 82/577 kB | 4.1/6.8 kB | 33/194 kB | 16/186 kB\rProgress (4): 82/577 kB | 4.1/6.8 kB | 33/194 kB | 33/186 kB\rProgress (4): 98/577 kB | 4.1/6.8 kB | 33/194 kB | 33/186 kB\rProgress (4): 98/577 kB | 4.1/6.8 kB | 49/194 kB | 33/186 kB\rProgress (4): 98/577 kB | 5.5/6.8 kB | 49/194 kB | 33/186 kB\rProgress (4): 98/577 kB | 5.5/6.8 kB | 49/194 kB | 49/186 kB\rProgress (4): 115/577 kB | 5.5/6.8 kB | 49/194 kB | 49/186 kB\rProgress (4): 115/577 kB | 5.5/6.8 kB | 66/194 kB | 49/186 kB\rProgress (4): 115/577 kB | 6.8 kB | 66/194 kB | 49/186 kB    \rProgress (4): 115/577 kB | 6.8 kB | 66/194 kB | 63/186 kB\rProgress (4): 131/577 kB | 6.8 kB | 66/194 kB | 63/186 kB\rProgress (4): 131/577 kB | 6.8 kB | 66/194 kB | 80/186 kB\rProgress (4): 147/577 kB | 6.8 kB | 66/194 kB | 80/186 kB\rProgress (4): 147/577 kB | 6.8 kB | 66/194 kB | 96/186 kB\r                                                         \rDownloaded from central: https://repo.maven.apache.org/maven2/org/apiguardian/apiguardian-api/1.1.2/apiguardian-api-1.1.2.jar (6.8 kB at 77 kB/s)\nProgress (3): 164/577 kB | 66/194 kB | 96/186 kB\rProgress (3): 164/577 kB | 66/194 kB | 113/186 kB\rProgress (3): 164/577 kB | 66/194 kB | 129/186 kB\rProgress (3): 180/577 kB | 66/194 kB | 129/186 kB\rProgress (3): 180/577 kB | 66/194 kB | 145/186 kB\rProgress (3): 197/577 kB | 66/194 kB | 145/186 kB\rProgress (3): 197/577 kB | 66/194 kB | 162/186 kB\rProgress (3): 213/577 kB | 66/194 kB | 162/186 kB\rProgress (3): 213/577 kB | 66/194 kB | 178/186 kB\rProgress (3): 229/577 kB | 66/194 kB | 178/186 kB\rProgress (3): 229/577 kB | 66/194 kB | 186 kB    \rProgress (3): 246/577 kB | 66/194 kB | 186 kB\rProgress (3): 256/577 kB | 66/194 kB | 186 kB\r                                             \rDownloaded from central: https://repo.maven.apache.org/maven2/org/junit/platform/junit-platform-engine/1.8.2/junit-platform-engine-1.8.2.jar (186 kB at 2.1 MB/s)\nProgress (2): 256/577 kB | 82/194 kB\rProgress (2): 272/577 kB | 82/194 kB\rProgress (2): 272/577 kB | 98/194 kB\rProgress (2): 289/577 kB | 98/194 kB\rProgress (2): 305/577 kB | 98/194 kB\rProgress (2): 321/577 kB | 98/194 kB\rProgress (2): 321/577 kB | 115/194 kB\rProgress (2): 321/577 kB | 131/194 kB\rProgress (2): 338/577 kB | 131/194 kB\rProgress (2): 354/577 kB | 131/194 kB\rProgress (2): 354/577 kB | 147/194 kB\rProgress (2): 370/577 kB | 147/194 kB\rProgress (2): 370/577 kB | 164/194 kB\rProgress (2): 387/577 kB | 164/194 kB\rProgress (2): 387/577 kB | 180/194 kB\rProgress (2): 387/577 kB | 194 kB    \rProgress (2): 403/577 kB | 194 kB\r                                 \rDownloaded from central: https://repo.maven.apache.org/maven2/org/junit/jupiter/junit-jupiter-api/5.8.2/junit-jupiter-api-5.8.2.jar (194 kB at 1.9 MB/s)\nProgress (1): 420/577 kB\rProgress (1): 436/577 kB\rProgress (1): 452/577 kB\rProgress (1): 469/577 kB\rProgress (1): 485/577 kB\rProgress (1): 502/577 kB\rProgress (1): 518/577 kB\rProgress (1): 534/577 kB\rProgress (1): 551/577 kB\rProgress (1): 567/577 kB\rProgress (1): 577 kB    \r                    \rDownloaded from central: https://repo.maven.apache.org/maven2/org/junit/jupiter/junit-jupiter-params/5.8.2/junit-jupiter-params-5.8.2.jar (577 kB at 5.2 MB/s)\n[INFO] \n[INFO] --- clean:3.2.0:clean (default-clean) @ test-java-plain ---\nDownloading from central: https://repo.maven.apache.org/maven2/org/apache/maven/shared/maven-shared-utils/3.3.4/maven-shared-utils-3.3.4.pom\nProgress (1): 5.8 kB\r                    \rDownloaded from central: https://repo.maven.apache.org/maven2/org/apache/maven/shared/maven-shared-utils/3.3.4/maven-shared-utils-3.3.4.pom (5.8 kB at 648 kB/s)\nDownloading from central: https://repo.maven.apache.org/maven2/org/apache/maven/shared/maven-shared-components/34/maven-shared-components-34.pom\nProgress (1): 5.1 kB\r                    \rDownloaded from central: https://repo.maven.apache.org/maven2/org/apache/maven/shared/maven-shared-components/34/maven-shared-components-34.pom (5.1 kB at 728 kB/s)\nDownloading from central: https://repo.maven.apache.org/maven2/commons-io/commons-io/2.6/commons-io-2.6.pom\nProgress (1): 14 kB\r                   \rDownloaded from central: https://repo.maven.apache.org/maven2/commons-io/commons-io/2.6/commons-io-2.6.pom (14 kB at 1.0 MB/s)\nDownloading from central: https://repo.maven.apache.org/maven2/org/apache/commons/commons-parent/42/commons-parent-42.pom\nProgress (1): 16/68 kB\rProgress (1): 33/68 kB\rProgress (1): 49/68 kB\rProgress (1): 62/68 kB\rProgress (1): 68 kB   \r                   \rDownloaded from central: https://repo.maven.apache.org/maven2/org/apache/commons/commons-parent/42/commons-parent-42.pom (68 kB at 4.5 MB/s)\nDownloading from central: https://repo.maven.apache.org/maven2/org/apache/apache/18/apache-18.pom\nProgress (1): 16 kB\r                   \rDownloaded from central: https://repo.maven.apache.org/maven2/org/apache/apache/18/apache-18.pom (16 kB at 1.4 MB/s)\nDownloading from central: https://repo.maven.apache.org/maven2/org/apache/maven/shared/maven-shared-utils/3.3.4/maven-shared-utils-3.3.4.jar\nProgress (1): 16/153 kB\rProgress (1): 33/153 kB\rProgress (1): 49/153 kB\rProgress (1): 63/153 kB\rProgress (1): 79/153 kB\rProgress (1): 96/153 kB\rProgress (1): 112/153 kB\rProgress (1): 128/153 kB\rProgress (1): 145/153 kB\rProgress (1): 153 kB    \r                    \rDownloaded from central: https://repo.maven.apache.org/maven2/org/apache/maven/shared/maven-shared-utils/3.3.4/maven-shared-utils-3.3.4.jar (153 kB at 9.0 MB/s)\nDownloading from central: https://repo.maven.apache.org/maven2/commons-io/commons-io/2.6/commons-io-2.6.jar\nProgress (1): 16/215 kB\rProgress (1): 32/215 kB\rProgress (1): 49/215 kB\rProgress (1): 65/215 kB\rProgress (1): 81/215 kB\rProgress (1): 98/215 kB\rProgress (1): 114/215 kB\rProgress (1): 130/215 kB\rProgress (1): 147/215 kB\rProgress (1): 163/215 kB\rProgress (1): 180/215 kB\rProgress (1): 196/215 kB\rProgress (1): 212/215 kB\rProgress (1): 215 kB    \r                    \rDownloaded from central: https://repo.maven.apache.org/maven2/commons-io/commons-io/2.6/commons-io-2.6.jar (215 kB at 10 MB/s)\n[INFO] \n[INFO] --- resources:3.3.0:resources (default-resources) @ test-java-plain ---\nDownloading from central: https://repo.maven.apache.org/maven2/org/codehaus/plexus/plexus-interpolation/1.26/plexus-interpolation-1.26.pom\nProgress (1): 2.7 kB\r                    \rDownloaded from central: https://repo.maven.apache.org/maven2/org/codehaus/plexus/plexus-interpolation/1.26/plexus-interpolation-1.26.pom (2.7 kB at 295 kB/s)\nDownloading from central: https://repo.maven.apache.org/maven2/org/codehaus/plexus/plexus/5.1/plexus-5.1.pom\nProgress (1): 16/23 kB\rProgress (1): 23 kB   \r                   \rDownloaded from central: https://repo.maven.apache.org/maven2/org/codehaus/plexus/plexus/5.1/plexus-5.1.pom (23 kB at 2.8 MB/s)\nDownloading from central: https://repo.maven.apache.org/maven2/org/apache/maven/shared/maven-filtering/3.3.0/maven-filtering-3.3.0.pom\nProgress (1): 6.9 kB\r                    \rDownloaded from central: https://repo.maven.apache.org/maven2/org/apache/maven/shared/maven-filtering/3.3.0/maven-filtering-3.3.0.pom (6.9 kB at 867 kB/s)\nDownloading from central: https://repo.maven.apache.org/maven2/org/apache/maven/shared/maven-shared-components/36/maven-shared-components-36.pom\nProgress (1): 4.9 kB\r                    \rDownloaded from central: https://repo.maven.apache.org/maven2/org/apache/maven/shared/maven-shared-components/36/maven-shared-components-36.pom (4.9 kB at 612 kB/s)\nDownloading from central: https://repo.maven.apache.org/maven2/javax/inject/javax.inject/1/javax.inject-1.pom\nProgress (1): 612 B\r                   \rDownloaded from central: https://repo.maven.apache.org/maven2/javax/inject/javax.inject/1/javax.inject-1.pom (612 B at 76 kB/s)\nDownloading from central: https://repo.maven.apache.org/maven2/org/slf4j/slf4j-api/1.7.36/slf4j-api-1.7.36.pom\nProgress (1): 2.7 kB\r                    \rDownloaded from central: https://repo.maven.apache.org/maven2/org/slf4j/slf4j-api/1.7.36/slf4j-api-1.7.36.pom (2.7 kB at 249 kB/s)\nDownloading from central: https://repo.maven.apache.org/maven2/org/slf4j/slf4j-parent/1.7.36/slf4j-parent-1.7.36.pom\nProgress (1): 14 kB\r                   \rDownloaded from central: https://repo.maven.apache.org/maven2/org/slf4j/slf4j-parent/1.7.36/slf4j-parent-1.7.36.pom (14 kB at 1.8 MB/s)\nDownloading from central: https://repo.maven.apache.org/maven2/org/sonatype/plexus/plexus-build-api/0.0.7/plexus-build-api-0.0.7.pom\nProgress (1): 3.2 kB\r                    \rDownloaded from central: https://repo.maven.apache.org/maven2/org/sonatype/plexus/plexus-build-api/0.0.7/plexus-build-api-0.0.7.pom (3.2 kB at 320 kB/s)\nDownloading from central: https://repo.maven.apache.org/maven2/org/sonatype/spice/spice-parent/15/spice-parent-15.pom\nProgress (1): 8.4 kB\r                    \rDownloaded from central: https://repo.maven.apache.org/maven2/org/sonatype/spice/spice-parent/15/spice-parent-15.pom (8.4 kB at 929 kB/s)\nDownloading from central: https://repo.maven.apache.org/maven2/org/sonatype/forge/forge-parent/5/forge-parent-5.pom\nProgress (1): 8.4 kB\r                    \rDownloaded from central: https://repo.maven.apache.org/maven2/org/sonatype/forge/forge-parent/5/forge-parent-5.pom (8.4 kB at 929 kB/s)\nDownloading from central: https://repo.maven.apache.org/maven2/org/codehaus/plexus/plexus-utils/3.3.0/plexus-utils-3.3.0.pom\nProgress (1): 5.2 kB\r                    \rDownloaded from central: https://repo.maven.apache.org/maven2/org/codehaus/plexus/plexus-utils/3.3.0/plexus-utils-3.3.0.pom (5.2 kB at 576 kB/s)\nDownloading from central: https://repo.maven.apache.org/maven2/commons-io/commons-io/2.11.0/commons-io-2.11.0.pom\nProgress (1): 16/20 kB\rProgress (1): 20 kB   \r                   \rDownloaded from central: https://repo.maven.apache.org/maven2/commons-io/commons-io/2.11.0/commons-io-2.11.0.pom (20 kB at 2.5 MB/s)\nDownloading from central: https://repo.maven.apache.org/maven2/org/apache/commons/commons-parent/52/commons-parent-52.pom\nProgress (1): 16/79 kB\rProgress (1): 33/79 kB\rProgress (1): 49/79 kB\rProgress (1): 64/79 kB\rProgress (1): 79 kB   \r                   \rDownloaded from central: https://repo.maven.apache.org/maven2/org/apache/commons/commons-parent/52/commons-parent-52.pom (79 kB at 8.8 MB/s)\nDownloading from central: https://repo.maven.apache.org/maven2/org/junit/junit-bom/5.7.2/junit-bom-5.7.2.pom\nProgress (1): 5.1 kB\r                    \rDownloaded from central: https://repo.maven.apache.org/maven2/org/junit/junit-bom/5.7.2/junit-bom-5.7.2.pom (5.1 kB at 566 kB/s)\nDownloading from central: https://repo.maven.apache.org/maven2/org/apache/commons/commons-lang3/3.12.0/commons-lang3-3.12.0.pom\nProgress (1): 16/31 kB\rProgress (1): 31 kB   \r                   \rDownloaded from central: https://repo.maven.apache.org/maven2/org/apache/commons/commons-lang3/3.12.0/commons-lang3-3.12.0.pom (31 kB at 3.4 MB/s)\nDownloading from central: https://repo.maven.apache.org/maven2/org/junit/junit-bom/5.7.1/junit-bom-5.7.1.pom\nProgress (1): 5.1 kB\r                    \rDownloaded from central: https://repo.maven.apache.org/maven2/org/junit/junit-bom/5.7.1/junit-bom-5.7.1.pom (5.1 kB at 566 kB/s)\nDownloading from central: https://repo.maven.apache.org/maven2/org/codehaus/plexus/plexus-interpolation/1.26/plexus-interpolation-1.26.jar\nProgress (1): 16/85 kB\rProgress (1): 32/85 kB\rProgress (1): 49/85 kB\rProgress (1): 65/85 kB\rProgress (1): 81/85 kB\rProgress (1): 85 kB   \r                   \rDownloaded from central: https://repo.maven.apache.org/maven2/org/codehaus/plexus/plexus-interpolation/1.26/plexus-interpolation-1.26.jar (85 kB at 7.8 MB/s)\nDownloading from central: https://repo.maven.apache.org/maven2/org/apache/maven/shared/maven-filtering/3.3.0/maven-filtering-3.3.0.jar\nDownloading from central: https://repo.maven.apache.org/maven2/javax/inject/javax.inject/1/javax.inject-1.jar\nDownloading from central: https://repo.maven.apache.org/maven2/org/slf4j/slf4j-api/1.7.36/slf4j-api-1.7.36.jar\nDownloading from central: https://repo.maven.apache.org/maven2/org/sonatype/plexus/plexus-build-api/0.0.7/plexus-build-api-0.0.7.jar\nDownloading from central: https://repo.maven.apache.org/maven2/org/codehaus/plexus/plexus-utils/3.3.0/plexus-utils-3.3.0.jar\nProgress (1): 2.5 kB\rProgress (2): 2.5 kB | 16/41 kB\rProgress (3): 2.5 kB | 16/41 kB | 16/55 kB\rProgress (3): 2.5 kB | 33/41 kB | 16/55 kB\rProgress (3): 2.5 kB | 33/41 kB | 33/55 kB\rProgress (4): 2.5 kB | 33/41 kB | 33/55 kB | 1.4/8.5 kB\rProgress (4): 2.5 kB | 41 kB | 33/55 kB | 1.4/8.5 kB   \rProgress (5): 2.5 kB | 41 kB | 33/55 kB | 1.4/8.5 kB | 16/263 kB\rProgress (5): 2.5 kB | 41 kB | 49/55 kB | 1.4/8.5 kB | 16/263 kB\rProgress (5): 2.5 kB | 41 kB | 49/55 kB | 2.8/8.5 kB | 16/263 kB\r                                                                \rDownloaded from central: https://repo.maven.apache.org/maven2/javax/inject/javax.inject/1/javax.inject-1.jar (2.5 kB at 208 kB/s)\nProgress (4): 41 kB | 55 kB | 2.8/8.5 kB | 16/263 kB\r                                                    \rDownloaded from central: https://repo.maven.apache.org/maven2/org/slf4j/slf4j-api/1.7.36/slf4j-api-1.7.36.jar (41 kB at 3.4 MB/s)\nDownloading from central: https://repo.maven.apache.org/maven2/commons-io/commons-io/2.11.0/commons-io-2.11.0.jar\nProgress (3): 55 kB | 4.1/8.5 kB | 16/263 kB\r                                            \rDownloading from central: https://repo.maven.apache.org/maven2/org/apache/commons/commons-lang3/3.12.0/commons-lang3-3.12.0.jar\nProgress (3): 55 kB | 4.1/8.5 kB | 32/263 kB\rProgress (3): 55 kB | 5.5/8.5 kB | 32/263 kB\rProgress (3): 55 kB | 6.9/8.5 kB | 32/263 kB\rProgress (3): 55 kB | 8.3/8.5 kB | 32/263 kB\rProgress (3): 55 kB | 8.5 kB | 32/263 kB    \r                                        \rDownloaded from central: https://repo.maven.apache.org/maven2/org/apache/maven/shared/maven-filtering/3.3.0/maven-filtering-3.3.0.jar (55 kB at 4.3 MB/s)\nProgress (2): 8.5 kB | 49/263 kB\r                                \rDownloaded from central: https://repo.maven.apache.org/maven2/org/sonatype/plexus/plexus-build-api/0.0.7/plexus-build-api-0.0.7.jar (8.5 kB at 707 kB/s)\nProgress (1): 65/263 kB\rProgress (1): 79/263 kB\rProgress (1): 95/263 kB\rProgress (1): 111/263 kB\rProgress (1): 128/263 kB\rProgress (1): 144/263 kB\rProgress (2): 144/263 kB | 16/327 kB\rProgress (2): 161/263 kB | 16/327 kB\rProgress (2): 161/263 kB | 33/327 kB\rProgress (2): 161/263 kB | 37/327 kB\rProgress (2): 161/263 kB | 53/327 kB\rProgress (3): 161/263 kB | 53/327 kB | 16/587 kB\rProgress (3): 161/263 kB | 69/327 kB | 16/587 kB\rProgress (3): 161/263 kB | 69/327 kB | 32/587 kB\rProgress (3): 161/263 kB | 86/327 kB | 32/587 kB\rProgress (3): 161/263 kB | 86/327 kB | 49/587 kB\rProgress (3): 161/263 kB | 86/327 kB | 65/587 kB\rProgress (3): 161/263 kB | 86/327 kB | 81/587 kB\rProgress (3): 161/263 kB | 86/327 kB | 98/587 kB\rProgress (3): 177/263 kB | 86/327 kB | 98/587 kB\rProgress (3): 177/263 kB | 86/327 kB | 114/587 kB\rProgress (3): 177/263 kB | 86/327 kB | 131/587 kB\rProgress (3): 177/263 kB | 102/327 kB | 131/587 kB\rProgress (3): 177/263 kB | 102/327 kB | 147/587 kB\rProgress (3): 177/263 kB | 102/327 kB | 163/587 kB\rProgress (3): 177/263 kB | 102/327 kB | 180/587 kB\rProgress (3): 193/263 kB | 102/327 kB | 180/587 kB\rProgress (3): 210/263 kB | 102/327 kB | 180/587 kB\rProgress (3): 210/263 kB | 118/327 kB | 180/587 kB\rProgress (3): 210/263 kB | 118/327 kB | 196/587 kB\rProgress (3): 210/263 kB | 118/327 kB | 212/587 kB\rProgress (3): 226/263 kB | 118/327 kB | 212/587 kB\rProgress (3): 226/263 kB | 118/327 kB | 229/587 kB\rProgress (3): 226/263 kB | 135/327 kB | 229/587 kB\rProgress (3): 226/263 kB | 151/327 kB | 229/587 kB\rProgress (3): 242/263 kB | 151/327 kB | 229/587 kB\rProgress (3): 242/263 kB | 151/327 kB | 245/587 kB\rProgress (3): 242/263 kB | 168/327 kB | 245/587 kB\rProgress (3): 242/263 kB | 184/327 kB | 245/587 kB\rProgress (3): 242/263 kB | 184/327 kB | 262/587 kB\rProgress (3): 242/263 kB | 200/327 kB | 262/587 kB\rProgress (3): 242/263 kB | 200/327 kB | 278/587 kB\rProgress (3): 259/263 kB | 200/327 kB | 278/587 kB\rProgress (3): 259/263 kB | 217/327 kB | 278/587 kB\rProgress (3): 263 kB | 217/327 kB | 278/587 kB    \rProgress (3): 263 kB | 233/327 kB | 278/587 kB\rProgress (3): 263 kB | 233/327 kB | 294/587 kB\r                                              \rDownloaded from central: https://repo.maven.apache.org/maven2/org/codehaus/plexus/plexus-utils/3.3.0/plexus-utils-3.3.0.jar (263 kB at 9.4 MB/s)\nProgress (2): 233/327 kB | 311/587 kB\rProgress (2): 233/327 kB | 327/587 kB\rProgress (2): 233/327 kB | 344/587 kB\rProgress (2): 250/327 kB | 344/587 kB\rProgress (2): 250/327 kB | 360/587 kB\rProgress (2): 266/327 kB | 360/587 kB\rProgress (2): 282/327 kB | 360/587 kB\rProgress (2): 282/327 kB | 376/587 kB\rProgress (2): 292/327 kB | 376/587 kB\rProgress (2): 292/327 kB | 393/587 kB\rProgress (2): 309/327 kB | 393/587 kB\rProgress (2): 309/327 kB | 402/587 kB\rProgress (2): 325/327 kB | 402/587 kB\rProgress (2): 327 kB | 402/587 kB    \rProgress (2): 327 kB | 418/587 kB\rProgress (2): 327 kB | 435/587 kB\r                                 \rDownloaded from central: https://repo.maven.apache.org/maven2/commons-io/commons-io/2.11.0/commons-io-2.11.0.jar (327 kB at 9.9 MB/s)\nProgress (1): 451/587 kB\rProgress (1): 468/587 kB\rProgress (1): 484/587 kB\rProgress (1): 500/587 kB\rProgress (1): 517/587 kB\rProgress (1): 533/587 kB\rProgress (1): 549/587 kB\rProgress (1): 566/587 kB\rProgress (1): 582/587 kB\rProgress (1): 587 kB    \r                    \rDownloaded from central: https://repo.maven.apache.org/maven2/org/apache/commons/commons-lang3/3.12.0/commons-lang3-3.12.0.jar (587 kB at 17 MB/s)\n[WARNING] Using platform encoding (ANSI_X3.4-1968 actually) to copy filtered resources, i.e. build is platform dependent!\n[INFO] skip non existing resourceDirectory /tmp/eval-dev-quality992866327/plain/src/main/resources\n[INFO] \n[INFO] --- compiler:3.10.1:compile (default-compile) @ test-java-plain ---\nDownloading from central: https://repo.maven.apache.org/maven2/org/apache/maven/shared/maven-shared-incremental/1.1/maven-shared-incremental-1.1.pom\nProgress (1): 4.7 kB\r                    \rDownloaded from central: https://repo.maven.apache.org/maven2/org/apache/maven/shared/maven-shared-incremental/1.1/maven-shared-incremental-1.1.pom (4.7 kB at 593 kB/s)\nDownloading from central: https://repo.maven.apache.org/maven2/org/apache/maven/shared/maven-shared-components/19/maven-shared-components-19.pom\nProgress (1): 6.4 kB\r                    \rDownloaded from central: https://repo.maven.apache.org/maven2/org/apache/maven/shared/maven-shared-components/19/maven-shared-components-19.pom (6.4 kB at 908 kB/s)\nDownloading from central: https://repo.maven.apache.org/maven2/org/apache/maven/maven-parent/23/maven-parent-23.pom\nProgress (1): 16/33 kB\rProgress (1): 33 kB   \r                   \rDownloaded from central: https://repo.maven.apache.org/maven2/org/apache/maven/maven-parent/23/maven-parent-23.pom (33 kB at 4.1 MB/s)\nDownloading from central: https://repo.maven.apache.org/maven2/org/apache/apache/13/apache-13.pom\nProgress (1): 14 kB\r                   \rDownloaded from central: https://repo.maven.apache.org/maven2/org/apache/apache/13/apache-13.pom (14 kB at 1.7 MB/s)\nDownloading from central: https://repo.maven.apache.org/maven2/org/codehaus/plexus/plexus-component-annotations/2.0.0/plexus-component-annotations-2.0.0.pom\nProgress (1): 750 B\r                   \rDownloaded from central: https://repo.maven.apache.org/maven2/org/codehaus/plexus/plexus-component-annotations/2.0.0/plexus-component-annotations-2.0.0.pom (750 B at 94 kB/s)\nDownloading from central: https://repo.maven.apache.org/maven2/org/codehaus/plexus/plexus-containers/2.0.0/plexus-containers-2.0.0.pom\nProgress (1): 4.8 kB\r                    \rDownloaded from central: https://repo.maven.apache.org/maven2/org/codehaus/plexus/plexus-containers/2.0.0/plexus-containers-2.0.0.pom (4.8 kB at 534 kB/s)\nDownloading from central: https://repo.maven.apache.org/maven2/org/codehaus/plexus/plexus-java/1.1.1/plexus-java-1.1.1.pom\nProgress (1): 5.0 kB\r                    \rDownloaded from central: https://repo.maven.apache.org/maven2/org/codehaus/plexus/plexus-java/1.1.1/plexus-java-1.1.1.pom (5.0 kB at 621 kB/s)\nDownloading from central: https://repo.maven.apache.org/maven2/org/codehaus/plexus/plexus-languages/1.1.1/plexus-languages-1.1.1.pom\nProgress (1): 4.6 kB\r                    \rDownloaded from central: https://repo.maven.apache.org/maven2/org/codehaus/plexus/plexus-languages/1.1.1/plexus-languages-1.1.1.pom (4.6 kB at 461 kB/s)\nDownloading from central: https://repo.maven.apache.org/maven2/org/codehaus/plexus/plexus/8/plexus-8.pom\nProgress (1): 16/25 kB\rProgress (1): 25 kB   \r                   \rDownloaded from central: https://repo.maven.apache.org/maven2/org/codehaus/plexus/plexus/8/plexus-8.pom (25 kB at 2.8 MB/s)\nDownloading from central: https://repo.maven.apache.org/maven2/org/ow2/asm/asm/9.2/asm-9.2.pom\nProgress (1): 2.4 kB\r                    \rDownloaded from central: https://repo.maven.apache.org/maven2/org/ow2/asm/asm/9.2/asm-9.2.pom (2.4 kB at 296 kB/s)\nDownloading from central: https://repo.maven.apache.org/maven2/org/ow2/ow2/1.5/ow2-1.5.pom\nProgress (1): 11 kB\r                   \rDownloaded from central: https://repo.maven.apache.org/maven2/org/ow2/ow2/1.5/ow2-1.5.pom (11 kB at 1.2 MB/s)\nDownloading from central: https://repo.maven.apache.org/maven2/com/thoughtworks/qdox/qdox/2.0.1/qdox-2.0.1.pom\nProgress (1): 16 kB\r                   \rDownloaded from central: https://repo.maven.apache.org/maven2/com/thoughtworks/qdox/qdox/2.0.1/qdox-2.0.1.pom (16 kB at 1.5 MB/s)\nDownloading from central: https://repo.maven.apache.org/maven2/org/sonatype/oss/oss-parent/9/oss-parent-9.pom\nProgress (1): 6.6 kB\r                    \rDownloaded from central: https://repo.maven.apache.org/maven2/org/sonatype/oss/oss-parent/9/oss-parent-9.pom (6.6 kB at 730 kB/s)\nDownloading from central: https://repo.maven.apache.org/maven2/org/codehaus/plexus/plexus-compiler-api/2.11.1/plexus-compiler-api-2.11.1.pom\nProgress (1): 1.1 kB\r                    \rDownloaded from central: https://repo.maven.apache.org/maven2/org/codehaus/plexus/plexus-compiler-api/2.11.1/plexus-compiler-api-2.11.1.pom (1.1 kB at 117 kB/s)\nDownloading from central: https://repo.maven.apache.org/maven2/org/codehaus/plexus/plexus-compiler/2.11.1/plexus-compiler-2.11.1.pom\nProgress (1): 8.1 kB\r                    \rDownloaded from central: https://repo.maven.apache.org/maven2/org/codehaus/plexus/plexus-compiler/2.11.1/plexus-compiler-2.11.1.pom (8.1 kB at 902 kB/s)\nDownloading from central: https://repo.maven.apache.org/maven2/org/codehaus/plexus/plexus-components/6.6/plexus-components-6.6.pom\nProgress (1): 2.7 kB\r                    \rDownloaded from central: https://repo.maven.apache.org/maven2/org/codehaus/plexus/plexus-components/6.6/plexus-components-6.6.pom (2.7 kB at 297 kB/s)\nDownloading from central: https://repo.maven.apache.org/maven2/org/codehaus/plexus/plexus-utils/3.4.1/plexus-utils-3.4.1.pom\nProgress (1): 8.0 kB\r                    \rDownloaded from central: https://repo.maven.apache.org/maven2/org/codehaus/plexus/plexus-utils/3.4.1/plexus-utils-3.4.1.pom (8.0 kB at 885 kB/s)\nDownloading from central: https://repo.maven.apache.org/maven2/org/codehaus/plexus/plexus-compiler-manager/2.11.1/plexus-compiler-manager-2.11.1.pom\nProgress (1): 1.1 kB\r                    \rDownloaded from central: https://repo.maven.apache.org/maven2/org/codehaus/plexus/plexus-compiler-manager/2.11.1/plexus-compiler-manager-2.11.1.pom (1.1 kB at 126 kB/s)\nDownloading from central: https://repo.maven.apache.org/maven2/org/codehaus/plexus/plexus-compiler-javac/2.11.1/plexus-compiler-javac-2.11.1.pom\nProgress (1): 1.2 kB\r                    \rDownloaded from central: https://repo.maven.apache.org/maven2/org/codehaus/plexus/plexus-compiler-javac/2.11.1/plexus-compiler-javac-2.11.1.pom (1.2 kB at 150 kB/s)\nDownloading from central: https://repo.maven.apache.org/maven2/org/codehaus/plexus/plexus-compilers/2.11.1/plexus-compilers-2.11.1.pom\nProgress (1): 1.3 kB\r                    \rDownloaded from central: https://repo.maven.apache.org/maven2/org/codehaus/plexus/plexus-compilers/2.11.1/plexus-compilers-2.11.1.pom (1.3 kB at 110 kB/s)\nDownloading from central: https://repo.maven.apache.org/maven2/org/apache/maven/shared/maven-shared-incremental/1.1/maven-shared-incremental-1.1.jar\nProgress (1): 14 kB\r                   \rDownloaded from central: https://repo.maven.apache.org/maven2/org/apache/maven/shared/maven-shared-incremental/1.1/maven-shared-incremental-1.1.jar (14 kB at 1.9 MB/s)\nDownloading from central: https://repo.maven.apache.org/maven2/org/codehaus/plexus/plexus-component-annotations/2.0.0/plexus-component-annotations-2.0.0.jar\nDownloading from central: https://repo.maven.apache.org/maven2/org/ow2/asm/asm/9.2/asm-9.2.jar\nDownloading from central: https://repo.maven.apache.org/maven2/org/codehaus/plexus/plexus-java/1.1.1/plexus-java-1.1.1.jar\nDownloading from central: https://repo.maven.apache.org/maven2/com/thoughtworks/qdox/qdox/2.0.1/qdox-2.0.1.jar\nDownloading from central: https://repo.maven.apache.org/maven2/org/codehaus/plexus/plexus-compiler-api/2.11.1/plexus-compiler-api-2.11.1.jar\nProgress (1): 16/122 kB\rProgress (1): 33/122 kB\rProgress (1): 49/122 kB\rProgress (2): 49/122 kB | 4.2 kB\rProgress (2): 66/122 kB | 4.2 kB\rProgress (2): 82/122 kB | 4.2 kB\rProgress (3): 82/122 kB | 4.2 kB | 16/54 kB\r                                           \rDownloaded from central: https://repo.maven.apache.org/maven2/org/codehaus/plexus/plexus-component-annotations/2.0.0/plexus-component-annotations-2.0.0.jar (4.2 kB at 51 kB/s)\nProgress (2): 98/122 kB | 16/54 kB\rProgress (2): 98/122 kB | 33/54 kB\rProgress (2): 115/122 kB | 33/54 kB\rProgress (2): 115/122 kB | 49/54 kB\r                                   \rDownloading from central: https://repo.maven.apache.org/maven2/org/codehaus/plexus/plexus-utils/3.4.1/plexus-utils-3.4.1.jar\nProgress (2): 122 kB | 49/54 kB\rProgress (2): 122 kB | 54 kB   \r                            \rDownloaded from central: https://repo.maven.apache.org/maven2/org/ow2/asm/asm/9.2/asm-9.2.jar (122 kB at 1.4 MB/s)\nDownloading from central: https://repo.maven.apache.org/maven2/org/codehaus/plexus/plexus-compiler-manager/2.11.1/plexus-compiler-manager-2.11.1.jar\nDownloaded from central: https://repo.maven.apache.org/maven2/org/codehaus/plexus/plexus-java/1.1.1/plexus-java-1.1.1.jar (54 kB at 633 kB/s)\nDownloading from central: https://repo.maven.apache.org/maven2/org/codehaus/plexus/plexus-compiler-javac/2.11.1/plexus-compiler-javac-2.11.1.jar\nProgress (1): 16/27 kB\rProgress (1): 27 kB   \rProgress (2): 27 kB | 16/334 kB\r                               \rDownloaded from central: https://repo.maven.apache.org/maven2/org/codehaus/plexus/plexus-compiler-api/2.11.1/plexus-compiler-api-2.11.1.jar (27 kB at 1.7 MB/s)\nProgress (1): 33/334 kB\rProgress (1): 49/334 kB\rProgress (1): 66/334 kB\rProgress (2): 66/334 kB | 4.7 kB\rProgress (3): 66/334 kB | 4.7 kB | 16/23 kB\rProgress (4): 66/334 kB | 4.7 kB | 16/23 kB | 16/264 kB\rProgress (4): 66/334 kB | 4.7 kB | 23 kB | 16/264 kB   \rProgress (4): 66/334 kB | 4.7 kB | 23 kB | 33/264 kB\r                                                    \rDownloaded from central: https://repo.maven.apache.org/maven2/org/codehaus/plexus/plexus-compiler-manager/2.11.1/plexus-compiler-manager-2.11.1.jar (4.7 kB at 291 kB/s)\nProgress (3): 82/334 kB | 23 kB | 33/264 kB\rProgress (3): 82/334 kB | 23 kB | 49/264 kB\r                                           \rDownloaded from central: https://repo.maven.apache.org/maven2/org/codehaus/plexus/plexus-compiler-javac/2.11.1/plexus-compiler-javac-2.11.1.jar (23 kB at 1.5 MB/s)\nProgress (2): 82/334 kB | 62/264 kB\rProgress (2): 82/334 kB | 78/264 kB\rProgress (2): 82/334 kB | 95/264 kB\rProgress (2): 82/334 kB | 111/264 kB\rProgress (2): 82/334 kB | 127/264 kB\rProgress (2): 98/334 kB | 127/264 kB\rProgress (2): 115/334 kB | 127/264 kB\rProgress (2): 131/334 kB | 127/264 kB\rProgress (2): 147/334 kB | 127/264 kB\rProgress (2): 164/334 kB | 127/264 kB\rProgress (2): 164/334 kB | 144/264 kB\rProgress (2): 180/334 kB | 144/264 kB\rProgress (2): 180/334 kB | 160/264 kB\rProgress (2): 180/334 kB | 177/264 kB\rProgress (2): 180/334 kB | 193/264 kB\rProgress (2): 180/334 kB | 209/264 kB\rProgress (2): 180/334 kB | 226/264 kB\rProgress (2): 180/334 kB | 242/264 kB\rProgress (2): 197/334 kB | 242/264 kB\rProgress (2): 197/334 kB | 258/264 kB\rProgress (2): 213/334 kB | 258/264 kB\rProgress (2): 213/334 kB | 264 kB    \rProgress (2): 229/334 kB | 264 kB\rProgress (2): 246/334 kB | 264 kB\rProgress (2): 256/334 kB | 264 kB\rProgress (2): 272/334 kB | 264 kB\rProgress (2): 289/334 kB | 264 kB\rProgress (2): 305/334 kB | 264 kB\r                                 \rDownloaded from central: https://repo.maven.apache.org/maven2/org/codehaus/plexus/plexus-utils/3.4.1/plexus-utils-3.4.1.jar (264 kB at 9.8 MB/s)\nProgress (1): 321/334 kB\rProgress (1): 334 kB    \r                    \rDownloaded from central: https://repo.maven.apache.org/maven2/com/thoughtworks/qdox/qdox/2.0.1/qdox-2.0.1.jar (334 kB at 3.2 MB/s)\n[INFO] Changes detected - recompiling the module!\n[WARNING] File encoding has not been set, using platform encoding ANSI_X3.4-1968, i.e. build is platform dependent!\n[INFO] Compiling 1 source file to /tmp/eval-dev-quality992866327/plain/target/classes\n[INFO] \n[INFO] --- resources:3.3.0:resources (default-resources) @ test-java-plain ---\n[WARNING] Using platform encoding (ANSI_X3.4-1968 actually) to copy filtered resources, i.e. build is platform dependent!\n[INFO] skip non existing resourceDirectory /tmp/eval-dev-quality992866327/plain/src/main/resources\n[INFO] \n[INFO] --- compiler:3.10.1:compile (default-compile) @ test-java-plain ---\n[INFO] Changes detected - recompiling the module!\n[WARNING] File encoding has not been set, using platform encoding ANSI_X3.4-1968, i.e. build is platform dependent!\n[INFO] Compiling 1 source file to /tmp/eval-dev-quality992866327/plain/target/classes\n[INFO] \n[INFO] --- resources:3.3.0:testResources (default-testResources) @ test-java-plain ---\n[WARNING] Using platform encoding (ANSI_X3.4-1968 actually) to copy filtered resources, i.e. build is platform dependent!\n[INFO] skip non existing resourceDirectory /tmp/eval-dev-quality992866327/plain/src/test/resources\n[INFO] \n[INFO] --- compiler:3.10.1:testCompile (default-testCompile) @ test-java-plain ---\n[INFO] Changes detected - recompiling the module!\n[WARNING] File encoding has not been set, using platform encoding ANSI_X3.4-1968, i.e. build is platform dependent!\n[INFO] Compiling 1 source file to /tmp/eval-dev-quality992866327/plain/target/test-classes\n[INFO] -------------------------------------------------------------\n[ERROR] COMPILATION ERROR : \n[INFO] -------------------------------------------------------------\n[ERROR] /tmp/eval-dev-quality992866327/plain/src/test/java/com/eval/PlainTest.java:[8,9] cannot find symbol\n  symbol:   variable Plain\n  location: class PlainTest\n[INFO] 1 error\n[INFO] -------------------------------------------------------------\n[INFO] ------------------------------------------------------------------------\n[INFO] BUILD FAILURE\n[INFO] ------------------------------------------------------------------------\n[INFO] Total time:  2.937 s\n[INFO] Finished at: 2024-06-19T11:09:13Z\n[INFO] ------------------------------------------------------------------------\n[ERROR] Failed to execute goal org.apache.maven.plugins:maven-compiler-plugin:3.10.1:testCompile (default-testCompile) on project test-java-plain: Compilation failure\n[ERROR] /tmp/eval-dev-quality992866327/plain/src/test/java/com/eval/PlainTest.java:[8,9] cannot find symbol\n[ERROR]   symbol:   variable Plain\n[ERROR]   location: class PlainTest\n[ERROR] \n[ERROR] -> [Help 1]\n[ERROR] \n[ERROR] To see the full stack trace of the errors, re-run Maven with the -e switch.\n[ERROR] Re-run Maven using the -X switch to enable full debug logging.\n[ERROR] \n[ERROR] For more information about the errors and possible solutions, please read the following articles:\n[ERROR] [Help 1] http://cwiki.apache.org/confluence/display/MAVEN/MojoFailureException\n",
}
Stacktrace: goroutine 1 [running]:
gitlab.nethead.at/symflower/symflower/model/errors.NewInternalError({0x1f42da0?, 0xc0006654e0}, {0xffa8c0?, 0xc0006a1db8})
	gitlab.nethead.at/symflower/symflower/model/errors/error.go:850 +0x59
gitlab.nethead.at/symflower/symflower/language/java/execute.MavenDependencyCommand.func1()
	gitlab.nethead.at/symflower/symflower/language/java/execute/maven.go:80 +0x1ef
github.com/avast/retry-go.Do(0xc0007078b8, {0xc0007078a0, 0x3, 0x418c94?})
	github.com/avast/retry-go/retry.go:135 +0x5a3
gitlab.nethead.at/symflower/symflower/language/java/execute.MavenDependencyCommand({0xc000720270, 0x25}, 0x0, {0xc000715e60, 0x6, 0x6})
	gitlab.nethead.at/symflower/symflower/language/java/execute/maven.go:60 +0x1c5
gitlab.nethead.at/symflower/symflower/language/java/execute.MavenCloverCoverage({0xc000720270, 0x25})
	gitlab.nethead.at/symflower/symflower/language/java/execute/clover.go:131 +0xc9
gitlab.nethead.at/symflower/symflower/cmd/symflower-local/cmd.(*commandTest).Execute(0xc0000fdd78, {0xc0000fdc00?, 0x7fd21082e2d8?, 0xc0000fdd78?})
	gitlab.nethead.at/symflower/symflower/cmd/symflower-local/cmd/test.go:143 +0x54f
gitlab.nethead.at/symflower/symflower/cmd.ExecuteNoExit({0x1f425e0?, 0xc0000fdc00}, {0xc000212000?, 0x0?, 0xc00058fed8?})
	gitlab.nethead.at/symflower/symflower/cmd/execute.go:56 +0x2d0
gitlab.nethead.at/symflower/symflower/cmd.Execute({0x1f425e0?, 0xc0000fdc00?}, {0xc000212000?, 0x274c500?, 0xc0000fdc00?})
	gitlab.nethead.at/symflower/symflower/cmd/execute.go:16 +0x26
gitlab.nethead.at/symflower/symflower/cmd.ExecuteWithOSArguments(...)
	gitlab.nethead.at/symflower/symflower/cmd/execute.go:75
main.main.func1()
	gitlab.nethead.at/symflower/symflower/cmd/symflower-demo/main.go:40 +0x34
gitlab.nethead.at/symflower/symflower/cmd/symflower-local/cmd.(*Command).WithPanicReporter(0xc00012e058?, 0x2636b18?)
	gitlab.nethead.at/symflower/symflower/cmd/symflower-local/cmd/cmd.go:184 +0x48
main.main()
	gitlab.nethead.at/symflower/symflower/cmd/symflower-demo/main.go:39 +0xa5

2024/06/19 11:09:13 Evaluated model "openrouter/nousresearch/nous-hermes-yi-34b" on task "write-tests" using language "java" and repository "java/plain": encountered 1 problems: [exit status 1
[0;34mGive us your feedback and let us know how we can improve Symflower at hello@symflower.com or https://github.com/symflower/symflower. Thanks so much for your help![0m
ERROR: All attempts fail:
#1: Internal error: exit status 1:
[]interface {}{
    "/tmp/eval-dev-quality992866327/plain/",
    "[INFO] Scanning for projects...\n[WARNING] \n[WARNING] Some problems were encountered while building the effective model for eval.dev.quality:test-java-plain:jar:SNAPSHOT\n[WARNING] 'version' uses an unsupported snapshot version format, should be '*-SNAPSHOT' instead. @ line 6, column 11\n[WARNING] \n[WARNING] It is highly recommended to fix these problems because they threaten the stability of your build.\n[WARNING] \n[WARNING] For this reason, future Maven versions might no longer support building such malformed projects.\n[WARNING] \nDownloading from central: https://repo.maven.apache.org/maven2/org/openclover/clover-maven-plugin/4.5.2/clover-maven-plugin-4.5.2.pom\nProgress (1): 1.4/16 kB\rProgress (1): 2.8/16 kB\rProgress (1): 4.1/16 kB\rProgress (1): 5.5/16 kB\rProgress (1): 6.9/16 kB\rProgress (1): 8.3/16 kB\rProgress (1): 9.7/16 kB\rProgress (1): 11/16 kB \rProgress (1): 12/16 kB\rProgress (1): 14/16 kB\rProgress (1): 15/16 kB\rProgress (1): 16 kB   \r                   \rDownloaded from central: https://repo.maven.apache.org/maven2/org/openclover/clover-maven-plugin/4.5.2/clover-maven-plugin-4.5.2.pom (16 kB at 72 kB/s)\nDownloading from central: https://repo.maven.apache.org/maven2/org/openclover/clover-maven-plugin/4.5.2/clover-maven-plugin-4.5.2.jar\nProgress (1): 16/148 kB\rProgress (1): 33/148 kB\rProgress (1): 49/148 kB\rProgress (1): 66/148 kB\rProgress (1): 82/148 kB\rProgress (1): 98/148 kB\rProgress (1): 115/148 kB\rProgress (1): 131/148 kB\rProgress (1): 147/148 kB\rProgress (1): 148 kB    \r                    \rDownloaded from central: https://repo.maven.apache.org/maven2/org/openclover/clover-maven-plugin/4.5.2/clover-maven-plugin-4.5.2.jar (148 kB at 5.5 MB/s)\n[INFO] \n[INFO] ------------------< eval.dev.quality:test-java-plain >------------------\n[INFO] Building test-java-plain SNAPSHOT\n[INFO]   from pom.xml\n[INFO] --------------------------------[ jar ]---------------------------------\nDownloading from central: https://repo.maven.apache.org/maven2/org/apache/maven/plugins/maven-clean-plugin/3.2.0/maven-clean-plugin-3.2.0.pom\nProgress (1): 5.3 kB\r                    \rDownloaded from central: https://repo.maven.apache.org/maven2/org/apache/maven/plugins/maven-clean-plugin/3.2.0/maven-clean-plugin-3.2.0.pom (5.3 kB at 590 kB/s)\nDownloading from central: https://repo.maven.apache.org/maven2/org/apache/maven/plugins/maven-plugins/35/maven-plugins-35.pom\nProgress (1): 9.9 kB\r                    \rDownloaded from central: https://repo.maven.apache.org/maven2/org/apache/maven/plugins/maven-plugins/35/maven-plugins-35.pom (9.9 kB at 1.1 MB/s)\nDownloading from central: https://repo.maven.apache.org/maven2/org/apache/maven/maven-parent/35/maven-parent-35.pom\nProgress (1): 16/45 kB\rProgress (1): 32/45 kB\rProgress (1): 45 kB   \r                   \rDownloaded from central: https://repo.maven.apache.org/maven2/org/apache/maven/maven-parent/35/maven-parent-35.pom (45 kB at 4.5 MB/s)\nDownloading from central: https://repo.maven.apache.org/maven2/org/apache/apache/25/apache-25.pom\nProgress (1): 16/21 kB\rProgress (1): 21 kB   \r                   \rDownloaded from central: https://repo.maven.apache.org/maven2/org/apache/apache/25/apache-25.pom (21 kB at 2.3 MB/s)\nDownloading from central: https://repo.maven.apache.org/maven2/org/apache/maven/plugins/maven-clean-plugin/3.2.0/maven-clean-plugin-3.2.0.jar\nProgress (1): 16/36 kB\rProgress (1): 32/36 kB\rProgress (1): 36 kB   \r                   \rDownloaded from central: https://repo.maven.apache.org/maven2/org/apache/maven/plugins/maven-clean-plugin/3.2.0/maven-clean-plugin-3.2.0.jar (36 kB at 1.2 MB/s)\nDownloading from central: https://repo.maven.apache.org/maven2/org/apache/maven/plugins/maven-resources-plugin/3.3.0/maven-resources-plugin-3.3.0.pom\nProgress (1): 8.5 kB\r                    \rDownloaded from central: https://repo.maven.apache.org/maven2/org/apache/maven/plugins/maven-resources-plugin/3.3.0/maven-resources-plugin-3.3.0.pom (8.5 kB at 850 kB/s)\nDownloading from central: https://repo.maven.apache.org/maven2/org/apache/maven/plugins/maven-plugins/36/maven-plugins-36.pom\nProgress (1): 9.9 kB\r                    \rDownloaded from central: https://repo.maven.apache.org/maven2/org/apache/maven/plugins/maven-plugins/36/maven-plugins-36.pom (9.9 kB at 990 kB/s)\nDownloading from central: https://repo.maven.apache.org/maven2/org/apache/maven/maven-parent/36/maven-parent-36.pom\nProgress (1): 16/45 kB\rProgress (1): 33/45 kB\rProgress (1): 45 kB   \r                   \rDownloaded from central: https://repo.maven.apache.org/maven2/org/apache/maven/maven-parent/36/maven-parent-36.pom (45 kB at 4.1 MB/s)\nDownloading from central: https://repo.maven.apache.org/maven2/org/apache/apache/26/apache-26.pom\nProgress (1): 16/21 kB\rProgress (1): 21 kB   \r                   \rDownloaded from central: https://repo.maven.apache.org/maven2/org/apache/apache/26/apache-26.pom (21 kB at 2.1 MB/s)\nDownloading from central: https://repo.maven.apache.org/maven2/org/apache/maven/plugins/maven-resources-plugin/3.3.0/maven-resources-plugin-3.3.0.jar\nProgress (1): 16/32 kB\rProgress (1): 32 kB   \r                   \rDownloaded from central: https://repo.maven.apache.org/maven2/org/apache/maven/plugins/maven-resources-plugin/3.3.0/maven-resources-plugin-3.3.0.jar (32 kB at 2.4 MB/s)\nDownloading from central: https://repo.maven.apache.org/maven2/org/apache/maven/plugins/maven-compiler-plugin/3.10.1/maven-compiler-plugin-3.10.1.pom\nProgress (1): 13 kB\r                   \rDownloaded from central: https://repo.maven.apache.org/maven2/org/apache/maven/plugins/maven-compiler-plugin/3.10.1/maven-compiler-plugin-3.10.1.pom (13 kB at 1.4 MB/s)\nDownloading from central: https://repo.maven.apache.org/maven2/org/apache/maven/plugins/maven-plugins/34/maven-plugins-34.pom\nProgress (1): 11 kB\r                   \rDownloaded from central: https://repo.maven.apache.org/maven2/org/apache/maven/plugins/maven-plugins/34/maven-plugins-34.pom (11 kB at 1.2 MB/s)\nDownloading from central: https://repo.maven.apache.org/maven2/org/apache/maven/maven-parent/34/maven-parent-34.pom\nProgress (1): 16/43 kB\rProgress (1): 33/43 kB\rProgress (1): 43 kB   \r                   \rDownloaded from central: https://repo.maven.apache.org/maven2/org/apache/maven/maven-parent/34/maven-parent-34.pom (43 kB at 3.9 MB/s)\nDownloading from central: https://repo.maven.apache.org/maven2/org/apache/apache/23/apache-23.pom\nProgress (1): 16/18 kB\rProgress (1): 18 kB   \r                   \rDownloaded from central: https://repo.maven.apache.org/maven2/org/apache/apache/23/apache-23.pom (18 kB at 1.3 MB/s)\nDownloading from central: https://repo.maven.apache.org/maven2/org/apache/maven/plugins/maven-compiler-plugin/3.10.1/maven-compiler-plugin-3.10.1.jar\nProgress (1): 16/62 kB\rProgress (1): 33/62 kB\rProgress (1): 49/62 kB\rProgress (1): 62 kB   \r                   \rDownloaded from central: https://repo.maven.apache.org/maven2/org/apache/maven/plugins/maven-compiler-plugin/3.10.1/maven-compiler-plugin-3.10.1.jar (62 kB at 5.6 MB/s)\nDownloading from central: https://repo.maven.apache.org/maven2/org/apache/maven/plugins/maven-surefire-plugin/3.2.5/maven-surefire-plugin-3.2.5.pom\nProgress (1): 5.3 kB\r                    \rDownloaded from central: https://repo.maven.apache.org/maven2/org/apache/maven/plugins/maven-surefire-plugin/3.2.5/maven-surefire-plugin-3.2.5.pom (5.3 kB at 591 kB/s)\nDownloading from central: https://repo.maven.apache.org/maven2/org/apache/maven/surefire/surefire/3.2.5/surefire-3.2.5.pom\nProgress (1): 16/22 kB\rProgress (1): 22 kB   \r                   \rDownloaded from central: https://repo.maven.apache.org/maven2/org/apache/maven/surefire/surefire/3.2.5/surefire-3.2.5.pom (22 kB at 2.0 MB/s)\nDownloading from central: https://repo.maven.apache.org/maven2/org/apache/maven/maven-parent/41/maven-parent-41.pom\nProgress (1): 16/50 kB\rProgress (1): 33/50 kB\rProgress (1): 49/50 kB\rProgress (1): 50 kB   \r                   \rDownloaded from central: https://repo.maven.apache.org/maven2/org/apache/maven/maven-parent/41/maven-parent-41.pom (50 kB at 4.2 MB/s)\nDownloading from central: https://repo.maven.apache.org/maven2/org/apache/apache/31/apache-31.pom\nProgress (1): 16/24 kB\rProgress (1): 24 kB   \r                   \rDownloaded from central: https://repo.maven.apache.org/maven2/org/apache/apache/31/apache-31.pom (24 kB at 1.8 MB/s)\nDownloading from central: https://repo.maven.apache.org/maven2/org/junit/junit-bom/5.9.3/junit-bom-5.9.3.pom\nProgress (1): 5.6 kB\r                    \rDownloaded from central: https://repo.maven.apache.org/maven2/org/junit/junit-bom/5.9.3/junit-bom-5.9.3.pom (5.6 kB at 563 kB/s)\nDownloading from central: https://repo.maven.apache.org/maven2/org/apache/maven/plugins/maven-surefire-plugin/3.2.5/maven-surefire-plugin-3.2.5.jar\nProgress (1): 16/45 kB\rProgress (1): 32/45 kB\rProgress (1): 45 kB   \r                   \rDownloaded from central: https://repo.maven.apache.org/maven2/org/apache/maven/plugins/maven-surefire-plugin/3.2.5/maven-surefire-plugin-3.2.5.jar (45 kB at 4.5 MB/s)\nDownloading from central: https://repo.maven.apache.org/maven2/org/junit/jupiter/junit-jupiter/5.8.2/junit-jupiter-5.8.2.pom\nProgress (1): 3.2 kB\r                    \rDownloaded from central: https://repo.maven.apache.org/maven2/org/junit/jupiter/junit-jupiter/5.8.2/junit-jupiter-5.8.2.pom (3.2 kB at 356 kB/s)\nDownloading from central: https://repo.maven.apache.org/maven2/org/junit/junit-bom/5.8.2/junit-bom-5.8.2.pom\nProgress (1): 5.6 kB\r                    \rDownloaded from central: https://repo.maven.apache.org/maven2/org/junit/junit-bom/5.8.2/junit-bom-5.8.2.pom (5.6 kB at 563 kB/s)\nDownloading from central: https://repo.maven.apache.org/maven2/org/junit/jupiter/junit-jupiter-api/5.8.2/junit-jupiter-api-5.8.2.pom\nProgress (1): 3.2 kB\r                    \rDownloaded from central: https://repo.maven.apache.org/maven2/org/junit/jupiter/junit-jupiter-api/5.8.2/junit-jupiter-api-5.8.2.pom (3.2 kB at 289 kB/s)\nDownloading from central: https://repo.maven.apache.org/maven2/org/opentest4j/opentest4j/1.2.0/opentest4j-1.2.0.pom\nProgress (1): 1.7 kB\r                    \rDownloaded from central: https://repo.maven.apache.org/maven2/org/opentest4j/opentest4j/1.2.0/opentest4j-1.2.0.pom (1.7 kB at 187 kB/s)\nDownloading from central: https://repo.maven.apache.org/maven2/org/junit/platform/junit-platform-commons/1.8.2/junit-platform-commons-1.8.2.pom\nProgress (1): 2.8 kB\r                    \rDownloaded from central: https://repo.maven.apache.org/maven2/org/junit/platform/junit-platform-commons/1.8.2/junit-platform-commons-1.8.2.pom (2.8 kB at 283 kB/s)\nDownloading from central: https://repo.maven.apache.org/maven2/org/apiguardian/apiguardian-api/1.1.2/apiguardian-api-1.1.2.pom\nProgress (1): 1.5 kB\r                    \rDownloaded from central: https://repo.maven.apache.org/maven2/org/apiguardian/apiguardian-api/1.1.2/apiguardian-api-1.1.2.pom (1.5 kB at 170 kB/s)\nDownloading from central: https://repo.maven.apache.org/maven2/org/junit/jupiter/junit-jupiter-params/5.8.2/junit-jupiter-params-5.8.2.pom\nProgress (1): 3.0 kB\r                    \rDownloaded from central: https://repo.maven.apache.org/maven2/org/junit/jupiter/junit-jupiter-params/5.8.2/junit-jupiter-params-5.8.2.pom (3.0 kB at 301 kB/s)\nDownloading from central: https://repo.maven.apache.org/maven2/org/junit/jupiter/junit-jupiter-engine/5.8.2/junit-jupiter-engine-5.8.2.pom\nProgress (1): 3.2 kB\r                    \rDownloaded from central: https://repo.maven.apache.org/maven2/org/junit/jupiter/junit-jupiter-engine/5.8.2/junit-jupiter-engine-5.8.2.pom (3.2 kB at 355 kB/s)\nDownloading from central: https://repo.maven.apache.org/maven2/org/junit/platform/junit-platform-engine/1.8.2/junit-platform-engine-1.8.2.pom\nProgress (1): 3.2 kB\r                    \rDownloaded from central: https://repo.maven.apache.org/maven2/org/junit/platform/junit-platform-engine/1.8.2/junit-platform-engine-1.8.2.pom (3.2 kB at 356 kB/s)\nDownloading from central: https://repo.maven.apache.org/maven2/org/junit/jupiter/junit-jupiter/5.8.2/junit-jupiter-5.8.2.jar\nProgress (1): 6.4 kB\r                    \rDownloaded from central: https://repo.maven.apache.org/maven2/org/junit/jupiter/junit-jupiter/5.8.2/junit-jupiter-5.8.2.jar (6.4 kB at 707 kB/s)\nDownloading from central: https://repo.maven.apache.org/maven2/org/junit/jupiter/junit-jupiter-api/5.8.2/junit-jupiter-api-5.8.2.jar\nDownloading from central: https://repo.maven.apache.org/maven2/org/apiguardian/apiguardian-api/1.1.2/apiguardian-api-1.1.2.jar\nDownloading from central: https://repo.maven.apache.org/maven2/org/junit/platform/junit-platform-commons/1.8.2/junit-platform-commons-1.8.2.jar\nDownloading from central: https://repo.maven.apache.org/maven2/org/opentest4j/opentest4j/1.2.0/opentest4j-1.2.0.jar\nDownloading from central: https://repo.maven.apache.org/maven2/org/junit/jupiter/junit-jupiter-params/5.8.2/junit-jupiter-params-5.8.2.jar\nProgress (1): 7.7 kB\r                    \rDownloaded from central: https://repo.maven.apache.org/maven2/org/opentest4j/opentest4j/1.2.0/opentest4j-1.2.0.jar (7.7 kB at 478 kB/s)\nDownloading from central: https://repo.maven.apache.org/maven2/org/junit/jupiter/junit-jupiter-engine/5.8.2/junit-jupiter-engine-5.8.2.jar\nProgress (1): 16/230 kB\rProgress (1): 33/230 kB\rProgress (1): 49/230 kB\rProgress (1): 66/230 kB\rProgress (1): 82/230 kB\rProgress (1): 98/230 kB\rProgress (1): 115/230 kB\rProgress (1): 131/230 kB\rProgress (1): 147/230 kB\rProgress (1): 164/230 kB\rProgress (1): 180/230 kB\rProgress (1): 197/230 kB\rProgress (1): 213/230 kB\rProgress (1): 229/230 kB\rProgress (1): 230 kB    \r                    \rDownloaded from central: https://repo.maven.apache.org/maven2/org/junit/jupiter/junit-jupiter-engine/5.8.2/junit-jupiter-engine-5.8.2.jar (230 kB at 7.4 MB/s)\nDownloading from central: https://repo.maven.apache.org/maven2/org/junit/platform/junit-platform-engine/1.8.2/junit-platform-engine-1.8.2.jar\nProgress (1): 1.4/100 kB\rProgress (1): 2.8/100 kB\rProgress (1): 4.1/100 kB\rProgress (1): 5.5/100 kB\rProgress (1): 6.9/100 kB\rProgress (1): 8.3/100 kB\rProgress (1): 9.7/100 kB\rProgress (1): 11/100 kB \rProgress (2): 11/100 kB | 16/577 kB\rProgress (2): 12/100 kB | 16/577 kB\rProgress (2): 14/100 kB | 16/577 kB\rProgress (2): 15/100 kB | 16/577 kB\rProgress (2): 17/100 kB | 16/577 kB\rProgress (2): 18/100 kB | 16/577 kB\rProgress (2): 19/100 kB | 16/577 kB\rProgress (2): 21/100 kB | 16/577 kB\rProgress (2): 22/100 kB | 16/577 kB\rProgress (2): 23/100 kB | 16/577 kB\rProgress (2): 25/100 kB | 16/577 kB\rProgress (2): 26/100 kB | 16/577 kB\rProgress (2): 28/100 kB | 16/577 kB\rProgress (2): 29/100 kB | 16/577 kB\rProgress (2): 30/100 kB | 16/577 kB\rProgress (2): 32/100 kB | 16/577 kB\rProgress (2): 32/100 kB | 33/577 kB\rProgress (2): 33/100 kB | 33/577 kB\rProgress (2): 34/100 kB | 33/577 kB\rProgress (2): 36/100 kB | 33/577 kB\rProgress (2): 37/100 kB | 33/577 kB\rProgress (2): 39/100 kB | 33/577 kB\rProgress (2): 40/100 kB | 33/577 kB\rProgress (2): 41/100 kB | 33/577 kB\rProgress (2): 43/100 kB | 33/577 kB\rProgress (2): 43/100 kB | 49/577 kB\rProgress (2): 44/100 kB | 49/577 kB\rProgress (2): 46/100 kB | 49/577 kB\rProgress (2): 47/100 kB | 49/577 kB\rProgress (2): 48/100 kB | 49/577 kB\rProgress (2): 50/100 kB | 49/577 kB\rProgress (2): 51/100 kB | 49/577 kB\rProgress (2): 52/100 kB | 49/577 kB\rProgress (2): 54/100 kB | 49/577 kB\rProgress (2): 55/100 kB | 49/577 kB\rProgress (2): 57/100 kB | 49/577 kB\rProgress (2): 58/100 kB | 49/577 kB\rProgress (2): 59/100 kB | 49/577 kB\rProgress (2): 61/100 kB | 49/577 kB\rProgress (2): 62/100 kB | 49/577 kB\rProgress (2): 78/100 kB | 49/577 kB\rProgress (2): 95/100 kB | 49/577 kB\rProgress (2): 100 kB | 49/577 kB   \r                                \rDownloaded from central: https://repo.maven.apache.org/maven2/org/junit/platform/junit-platform-commons/1.8.2/junit-platform-commons-1.8.2.jar (100 kB at 1.9 MB/s)\nProgress (1): 66/577 kB\rProgress (2): 66/577 kB | 1.4/6.8 kB\rProgress (3): 66/577 kB | 1.4/6.8 kB | 16/194 kB\rProgress (4): 66/577 kB | 1.4/6.8 kB | 16/194 kB | 16/186 kB\rProgress (4): 66/577 kB | 2.8/6.8 kB | 16/194 kB | 16/186 kB\rProgress (4): 82/577 kB | 2.8/6.8 kB | 16/194 kB | 16/186 kB\rProgress (4): 82/577 kB | 2.8/6.8 kB | 33/194 kB | 16/186 kB\rProgress (4): 82/577 kB | 4.1/6.8 kB | 33/194 kB | 16/186 kB\rProgress (4): 82/577 kB | 4.1/6.8 kB | 33/194 kB | 33/186 kB\rProgress (4): 98/577 kB | 4.1/6.8 kB | 33/194 kB | 33/186 kB\rProgress (4): 98/577 kB | 4.1/6.8 kB | 49/194 kB | 33/186 kB\rProgress (4): 98/577 kB | 5.5/6.8 kB | 49/194 kB | 33/186 kB\rProgress (4): 98/577 kB | 5.5/6.8 kB | 49/194 kB | 49/186 kB\rProgress (4): 115/577 kB | 5.5/6.8 kB | 49/194 kB | 49/186 kB\rProgress (4): 115/577 kB | 5.5/6.8 kB | 66/194 kB | 49/186 kB\rProgress (4): 115/577 kB | 6.8 kB | 66/194 kB | 49/186 kB    \rProgress (4): 115/577 kB | 6.8 kB | 66/194 kB | 63/186 kB\rProgress (4): 131/577 kB | 6.8 kB | 66/194 kB | 63/186 kB\rProgress (4): 131/577 kB | 6.8 kB | 66/194 kB | 80/186 kB\rProgress (4): 147/577 kB | 6.8 kB | 66/194 kB | 80/186 kB\rProgress (4): 147/577 kB | 6.8 kB | 66/194 kB | 96/186 kB\r                                                         \rDownloaded from central: https://repo.maven.apache.org/maven2/org/apiguardian/apiguardian-api/1.1.2/apiguardian-api-1.1.2.jar (6.8 kB at 77 kB/s)\nProgress (3): 164/577 kB | 66/194 kB | 96/186 kB\rProgress (3): 164/577 kB | 66/194 kB | 113/186 kB\rProgress (3): 164/577 kB | 66/194 kB | 129/186 kB\rProgress (3): 180/577 kB | 66/194 kB | 129/186 kB\rProgress (3): 180/577 kB | 66/194 kB | 145/186 kB\rProgress (3): 197/577 kB | 66/194 kB | 145/186 kB\rProgress (3): 197/577 kB | 66/194 kB | 162/186 kB\rProgress (3): 213/577 kB | 66/194 kB | 162/186 kB\rProgress (3): 213/577 kB | 66/194 kB | 178/186 kB\rProgress (3): 229/577 kB | 66/194 kB | 178/186 kB\rProgress (3): 229/577 kB | 66/194 kB | 186 kB    \rProgress (3): 246/577 kB | 66/194 kB | 186 kB\rProgress (3): 256/577 kB | 66/194 kB | 186 kB\r                                             \rDownloaded from central: https://repo.maven.apache.org/maven2/org/junit/platform/junit-platform-engine/1.8.2/junit-platform-engine-1.8.2.jar (186 kB at 2.1 MB/s)\nProgress (2): 256/577 kB | 82/194 kB\rProgress (2): 272/577 kB | 82/194 kB\rProgress (2): 272/577 kB | 98/194 kB\rProgress (2): 289/577 kB | 98/194 kB\rProgress (2): 305/577 kB | 98/194 kB\rProgress (2): 321/577 kB | 98/194 kB\rProgress (2): 321/577 kB | 115/194 kB\rProgress (2): 321/577 kB | 131/194 kB\rProgress (2): 338/577 kB | 131/194 kB\rProgress (2): 354/577 kB | 131/194 kB\rProgress (2): 354/577 kB | 147/194 kB\rProgress (2): 370/577 kB | 147/194 kB\rProgress (2): 370/577 kB | 164/194 kB\rProgress (2): 387/577 kB | 164/194 kB\rProgress (2): 387/577 kB | 180/194 kB\rProgress (2): 387/577 kB | 194 kB    \rProgress (2): 403/577 kB | 194 kB\r                                 \rDownloaded from central: https://repo.maven.apache.org/maven2/org/junit/jupiter/junit-jupiter-api/5.8.2/junit-jupiter-api-5.8.2.jar (194 kB at 1.9 MB/s)\nProgress (1): 420/577 kB\rProgress (1): 436/577 kB\rProgress (1): 452/577 kB\rProgress (1): 469/577 kB\rProgress (1): 485/577 kB\rProgress (1): 502/577 kB\rProgress (1): 518/577 kB\rProgress (1): 534/577 kB\rProgress (1): 551/577 kB\rProgress (1): 567/577 kB\rProgress (1): 577 kB    \r                    \rDownloaded from central: https://repo.maven.apache.org/maven2/org/junit/jupiter/junit-jupiter-params/5.8.2/junit-jupiter-params-5.8.2.jar (577 kB at 5.2 MB/s)\n[INFO] \n[INFO] --- clean:3.2.0:clean (default-clean) @ test-java-plain ---\nDownloading from central: https://repo.maven.apache.org/maven2/org/apache/maven/shared/maven-shared-utils/3.3.4/maven-shared-utils-3.3.4.pom\nProgress (1): 5.8 kB\r                    \rDownloaded from central: https://repo.maven.apache.org/maven2/org/apache/maven/shared/maven-shared-utils/3.3.4/maven-shared-utils-3.3.4.pom (5.8 kB at 648 kB/s)\nDownloading from central: https://repo.maven.apache.org/maven2/org/apache/maven/shared/maven-shared-components/34/maven-shared-components-34.pom\nProgress (1): 5.1 kB\r                    \rDownloaded from central: https://repo.maven.apache.org/maven2/org/apache/maven/shared/maven-shared-components/34/maven-shared-components-34.pom (5.1 kB at 728 kB/s)\nDownloading from central: https://repo.maven.apache.org/maven2/commons-io/commons-io/2.6/commons-io-2.6.pom\nProgress (1): 14 kB\r                   \rDownloaded from central: https://repo.maven.apache.org/maven2/commons-io/commons-io/2.6/commons-io-2.6.pom (14 kB at 1.0 MB/s)\nDownloading from central: https://repo.maven.apache.org/maven2/org/apache/commons/commons-parent/42/commons-parent-42.pom\nProgress (1): 16/68 kB\rProgress (1): 33/68 kB\rProgress (1): 49/68 kB\rProgress (1): 62/68 kB\rProgress (1): 68 kB   \r                   \rDownloaded from central: https://repo.maven.apache.org/maven2/org/apache/commons/commons-parent/42/commons-parent-42.pom (68 kB at 4.5 MB/s)\nDownloading from central: https://repo.maven.apache.org/maven2/org/apache/apache/18/apache-18.pom\nProgress (1): 16 kB\r                   \rDownloaded from central: https://repo.maven.apache.org/maven2/org/apache/apache/18/apache-18.pom (16 kB at 1.4 MB/s)\nDownloading from central: https://repo.maven.apache.org/maven2/org/apache/maven/shared/maven-shared-utils/3.3.4/maven-shared-utils-3.3.4.jar\nProgress (1): 16/153 kB\rProgress (1): 33/153 kB\rProgress (1): 49/153 kB\rProgress (1): 63/153 kB\rProgress (1): 79/153 kB\rProgress (1): 96/153 kB\rProgress (1): 112/153 kB\rProgress (1): 128/153 kB\rProgress (1): 145/153 kB\rProgress (1): 153 kB    \r                    \rDownloaded from central: https://repo.maven.apache.org/maven2/org/apache/maven/shared/maven-shared-utils/3.3.4/maven-shared-utils-3.3.4.jar (153 kB at 9.0 MB/s)\nDownloading from central: https://repo.maven.apache.org/maven2/commons-io/commons-io/2.6/commons-io-2.6.jar\nProgress (1): 16/215 kB\rProgress (1): 32/215 kB\rProgress (1): 49/215 kB\rProgress (1): 65/215 kB\rProgress (1): 81/215 kB\rProgress (1): 98/215 kB\rProgress (1): 114/215 kB\rProgress (1): 130/215 kB\rProgress (1): 147/215 kB\rProgress (1): 163/215 kB\rProgress (1): 180/215 kB\rProgress (1): 196/215 kB\rProgress (1): 212/215 kB\rProgress (1): 215 kB    \r                    \rDownloaded from central: https://repo.maven.apache.org/maven2/commons-io/commons-io/2.6/commons-io-2.6.jar (215 kB at 10 MB/s)\n[INFO] \n[INFO] --- resources:3.3.0:resources (default-resources) @ test-java-plain ---\nDownloading from central: https://repo.maven.apache.org/maven2/org/codehaus/plexus/plexus-interpolation/1.26/plexus-interpolation-1.26.pom\nProgress (1): 2.7 kB\r                    \rDownloaded from central: https://repo.maven.apache.org/maven2/org/codehaus/plexus/plexus-interpolation/1.26/plexus-interpolation-1.26.pom (2.7 kB at 295 kB/s)\nDownloading from central: https://repo.maven.apache.org/maven2/org/codehaus/plexus/plexus/5.1/plexus-5.1.pom\nProgress (1): 16/23 kB\rProgress (1): 23 kB   \r                   \rDownloaded from central: https://repo.maven.apache.org/maven2/org/codehaus/plexus/plexus/5.1/plexus-5.1.pom (23 kB at 2.8 MB/s)\nDownloading from central: https://repo.maven.apache.org/maven2/org/apache/maven/shared/maven-filtering/3.3.0/maven-filtering-3.3.0.pom\nProgress (1): 6.9 kB\r                    \rDownloaded from central: https://repo.maven.apache.org/maven2/org/apache/maven/shared/maven-filtering/3.3.0/maven-filtering-3.3.0.pom (6.9 kB at 867 kB/s)\nDownloading from central: https://repo.maven.apache.org/maven2/org/apache/maven/shared/maven-shared-components/36/maven-shared-components-36.pom\nProgress (1): 4.9 kB\r                    \rDownloaded from central: https://repo.maven.apache.org/maven2/org/apache/maven/shared/maven-shared-components/36/maven-shared-components-36.pom (4.9 kB at 612 kB/s)\nDownloading from central: https://repo.maven.apache.org/maven2/javax/inject/javax.inject/1/javax.inject-1.pom\nProgress (1): 612 B\r                   \rDownloaded from central: https://repo.maven.apache.org/maven2/javax/inject/javax.inject/1/javax.inject-1.pom (612 B at 76 kB/s)\nDownloading from central: https://repo.maven.apache.org/maven2/org/slf4j/slf4j-api/1.7.36/slf4j-api-1.7.36.pom\nProgress (1): 2.7 kB\r                    \rDownloaded from central: https://repo.maven.apache.org/maven2/org/slf4j/slf4j-api/1.7.36/slf4j-api-1.7.36.pom (2.7 kB at 249 kB/s)\nDownloading from central: https://repo.maven.apache.org/maven2/org/slf4j/slf4j-parent/1.7.36/slf4j-parent-1.7.36.pom\nProgress (1): 14 kB\r                   \rDownloaded from central: https://repo.maven.apache.org/maven2/org/slf4j/slf4j-parent/1.7.36/slf4j-parent-1.7.36.pom (14 kB at 1.8 MB/s)\nDownloading from central: https://repo.maven.apache.org/maven2/org/sonatype/plexus/plexus-build-api/0.0.7/plexus-build-api-0.0.7.pom\nProgress (1): 3.2 kB\r                    \rDownloaded from central: https://repo.maven.apache.org/maven2/org/sonatype/plexus/plexus-build-api/0.0.7/plexus-build-api-0.0.7.pom (3.2 kB at 320 kB/s)\nDownloading from central: https://repo.maven.apache.org/maven2/org/sonatype/spice/spice-parent/15/spice-parent-15.pom\nProgress (1): 8.4 kB\r                    \rDownloaded from central: https://repo.maven.apache.org/maven2/org/sonatype/spice/spice-parent/15/spice-parent-15.pom (8.4 kB at 929 kB/s)\nDownloading from central: https://repo.maven.apache.org/maven2/org/sonatype/forge/forge-parent/5/forge-parent-5.pom\nProgress (1): 8.4 kB\r                    \rDownloaded from central: https://repo.maven.apache.org/maven2/org/sonatype/forge/forge-parent/5/forge-parent-5.pom (8.4 kB at 929 kB/s)\nDownloading from central: https://repo.maven.apache.org/maven2/org/codehaus/plexus/plexus-utils/3.3.0/plexus-utils-3.3.0.pom\nProgress (1): 5.2 kB\r                    \rDownloaded from central: https://repo.maven.apache.org/maven2/org/codehaus/plexus/plexus-utils/3.3.0/plexus-utils-3.3.0.pom (5.2 kB at 576 kB/s)\nDownloading from central: https://repo.maven.apache.org/maven2/commons-io/commons-io/2.11.0/commons-io-2.11.0.pom\nProgress (1): 16/20 kB\rProgress (1): 20 kB   \r                   \rDownloaded from central: https://repo.maven.apache.org/maven2/commons-io/commons-io/2.11.0/commons-io-2.11.0.pom (20 kB at 2.5 MB/s)\nDownloading from central: https://repo.maven.apache.org/maven2/org/apache/commons/commons-parent/52/commons-parent-52.pom\nProgress (1): 16/79 kB\rProgress (1): 33/79 kB\rProgress (1): 49/79 kB\rProgress (1): 64/79 kB\rProgress (1): 79 kB   \r                   \rDownloaded from central: https://repo.maven.apache.org/maven2/org/apache/commons/commons-parent/52/commons-parent-52.pom (79 kB at 8.8 MB/s)\nDownloading from central: https://repo.maven.apache.org/maven2/org/junit/junit-bom/5.7.2/junit-bom-5.7.2.pom\nProgress (1): 5.1 kB\r                    \rDownloaded from central: https://repo.maven.apache.org/maven2/org/junit/junit-bom/5.7.2/junit-bom-5.7.2.pom (5.1 kB at 566 kB/s)\nDownloading from central: https://repo.maven.apache.org/maven2/org/apache/commons/commons-lang3/3.12.0/commons-lang3-3.12.0.pom\nProgress (1): 16/31 kB\rProgress (1): 31 kB   \r                   \rDownloaded from central: https://repo.maven.apache.org/maven2/org/apache/commons/commons-lang3/3.12.0/commons-lang3-3.12.0.pom (31 kB at 3.4 MB/s)\nDownloading from central: https://repo.maven.apache.org/maven2/org/junit/junit-bom/5.7.1/junit-bom-5.7.1.pom\nProgress (1): 5.1 kB\r                    \rDownloaded from central: https://repo.maven.apache.org/maven2/org/junit/junit-bom/5.7.1/junit-bom-5.7.1.pom (5.1 kB at 566 kB/s)\nDownloading from central: https://repo.maven.apache.org/maven2/org/codehaus/plexus/plexus-interpolation/1.26/plexus-interpolation-1.26.jar\nProgress (1): 16/85 kB\rProgress (1): 32/85 kB\rProgress (1): 49/85 kB\rProgress (1): 65/85 kB\rProgress (1): 81/85 kB\rProgress (1): 85 kB   \r                   \rDownloaded from central: https://repo.maven.apache.org/maven2/org/codehaus/plexus/plexus-interpolation/1.26/plexus-interpolation-1.26.jar (85 kB at 7.8 MB/s)\nDownloading from central: https://repo.maven.apache.org/maven2/org/apache/maven/shared/maven-filtering/3.3.0/maven-filtering-3.3.0.jar\nDownloading from central: https://repo.maven.apache.org/maven2/javax/inject/javax.inject/1/javax.inject-1.jar\nDownloading from central: https://repo.maven.apache.org/maven2/org/slf4j/slf4j-api/1.7.36/slf4j-api-1.7.36.jar\nDownloading from central: https://repo.maven.apache.org/maven2/org/sonatype/plexus/plexus-build-api/0.0.7/plexus-build-api-0.0.7.jar\nDownloading from central: https://repo.maven.apache.org/maven2/org/codehaus/plexus/plexus-utils/3.3.0/plexus-utils-3.3.0.jar\nProgress (1): 2.5 kB\rProgress (2): 2.5 kB | 16/41 kB\rProgress (3): 2.5 kB | 16/41 kB | 16/55 kB\rProgress (3): 2.5 kB | 33/41 kB | 16/55 kB\rProgress (3): 2.5 kB | 33/41 kB | 33/55 kB\rProgress (4): 2.5 kB | 33/41 kB | 33/55 kB | 1.4/8.5 kB\rProgress (4): 2.5 kB | 41 kB | 33/55 kB | 1.4/8.5 kB   \rProgress (5): 2.5 kB | 41 kB | 33/55 kB | 1.4/8.5 kB | 16/263 kB\rProgress (5): 2.5 kB | 41 kB | 49/55 kB | 1.4/8.5 kB | 16/263 kB\rProgress (5): 2.5 kB | 41 kB | 49/55 kB | 2.8/8.5 kB | 16/263 kB\r                                                                \rDownloaded from central: https://repo.maven.apache.org/maven2/javax/inject/javax.inject/1/javax.inject-1.jar (2.5 kB at 208 kB/s)\nProgress (4): 41 kB | 55 kB | 2.8/8.5 kB | 16/263 kB\r                                                    \rDownloaded from central: https://repo.maven.apache.org/maven2/org/slf4j/slf4j-api/1.7.36/slf4j-api-1.7.36.jar (41 kB at 3.4 MB/s)\nDownloading from central: https://repo.maven.apache.org/maven2/commons-io/commons-io/2.11.0/commons-io-2.11.0.jar\nProgress (3): 55 kB | 4.1/8.5 kB | 16/263 kB\r                                            \rDownloading from central: https://repo.maven.apache.org/maven2/org/apache/commons/commons-lang3/3.12.0/commons-lang3-3.12.0.jar\nProgress (3): 55 kB | 4.1/8.5 kB | 32/263 kB\rProgress (3): 55 kB | 5.5/8.5 kB | 32/263 kB\rProgress (3): 55 kB | 6.9/8.5 kB | 32/263 kB\rProgress (3): 55 kB | 8.3/8.5 kB | 32/263 kB\rProgress (3): 55 kB | 8.5 kB | 32/263 kB    \r                                        \rDownloaded from central: https://repo.maven.apache.org/maven2/org/apache/maven/shared/maven-filtering/3.3.0/maven-filtering-3.3.0.jar (55 kB at 4.3 MB/s)\nProgress (2): 8.5 kB | 49/263 kB\r                                \rDownloaded from central: https://repo.maven.apache.org/maven2/org/sonatype/plexus/plexus-build-api/0.0.7/plexus-build-api-0.0.7.jar (8.5 kB at 707 kB/s)\nProgress (1): 65/263 kB\rProgress (1): 79/263 kB\rProgress (1): 95/263 kB\rProgress (1): 111/263 kB\rProgress (1): 128/263 kB\rProgress (1): 144/263 kB\rProgress (2): 144/263 kB | 16/327 kB\rProgress (2): 161/263 kB | 16/327 kB\rProgress (2): 161/263 kB | 33/327 kB\rProgress (2): 161/263 kB | 37/327 kB\rProgress (2): 161/263 kB | 53/327 kB\rProgress (3): 161/263 kB | 53/327 kB | 16/587 kB\rProgress (3): 161/263 kB | 69/327 kB | 16/587 kB\rProgress (3): 161/263 kB | 69/327 kB | 32/587 kB\rProgress (3): 161/263 kB | 86/327 kB | 32/587 kB\rProgress (3): 161/263 kB | 86/327 kB | 49/587 kB\rProgress (3): 161/263 kB | 86/327 kB | 65/587 kB\rProgress (3): 161/263 kB | 86/327 kB | 81/587 kB\rProgress (3): 161/263 kB | 86/327 kB | 98/587 kB\rProgress (3): 177/263 kB | 86/327 kB | 98/587 kB\rProgress (3): 177/263 kB | 86/327 kB | 114/587 kB\rProgress (3): 177/263 kB | 86/327 kB | 131/587 kB\rProgress (3): 177/263 kB | 102/327 kB | 131/587 kB\rProgress (3): 177/263 kB | 102/327 kB | 147/587 kB\rProgress (3): 177/263 kB | 102/327 kB | 163/587 kB\rProgress (3): 177/263 kB | 102/327 kB | 180/587 kB\rProgress (3): 193/263 kB | 102/327 kB | 180/587 kB\rProgress (3): 210/263 kB | 102/327 kB | 180/587 kB\rProgress (3): 210/263 kB | 118/327 kB | 180/587 kB\rProgress (3): 210/263 kB | 118/327 kB | 196/587 kB\rProgress (3): 210/263 kB | 118/327 kB | 212/587 kB\rProgress (3): 226/263 kB | 118/327 kB | 212/587 kB\rProgress (3): 226/263 kB | 118/327 kB | 229/587 kB\rProgress (3): 226/263 kB | 135/327 kB | 229/587 kB\rProgress (3): 226/263 kB | 151/327 kB | 229/587 kB\rProgress (3): 242/263 kB | 151/327 kB | 229/587 kB\rProgress (3): 242/263 kB | 151/327 kB | 245/587 kB\rProgress (3): 242/263 kB | 168/327 kB | 245/587 kB\rProgress (3): 242/263 kB | 184/327 kB | 245/587 kB\rProgress (3): 242/263 kB | 184/327 kB | 262/587 kB\rProgress (3): 242/263 kB | 200/327 kB | 262/587 kB\rProgress (3): 242/263 kB | 200/327 kB | 278/587 kB\rProgress (3): 259/263 kB | 200/327 kB | 278/587 kB\rProgress (3): 259/263 kB | 217/327 kB | 278/587 kB\rProgress (3): 263 kB | 217/327 kB | 278/587 kB    \rProgress (3): 263 kB | 233/327 kB | 278/587 kB\rProgress (3): 263 kB | 233/327 kB | 294/587 kB\r                                              \rDownloaded from central: https://repo.maven.apache.org/maven2/org/codehaus/plexus/plexus-utils/3.3.0/plexus-utils-3.3.0.jar (263 kB at 9.4 MB/s)\nProgress (2): 233/327 kB | 311/587 kB\rProgress (2): 233/327 kB | 327/587 kB\rProgress (2): 233/327 kB | 344/587 kB\rProgress (2): 250/327 kB | 344/587 kB\rProgress (2): 250/327 kB | 360/587 kB\rProgress (2): 266/327 kB | 360/587 kB\rProgress (2): 282/327 kB | 360/587 kB\rProgress (2): 282/327 kB | 376/587 kB\rProgress (2): 292/327 kB | 376/587 kB\rProgress (2): 292/327 kB | 393/587 kB\rProgress (2): 309/327 kB | 393/587 kB\rProgress (2): 309/327 kB | 402/587 kB\rProgress (2): 325/327 kB | 402/587 kB\rProgress (2): 327 kB | 402/587 kB    \rProgress (2): 327 kB | 418/587 kB\rProgress (2): 327 kB | 435/587 kB\r                                 \rDownloaded from central: https://repo.maven.apache.org/maven2/commons-io/commons-io/2.11.0/commons-io-2.11.0.jar (327 kB at 9.9 MB/s)\nProgress (1): 451/587 kB\rProgress (1): 468/587 kB\rProgress (1): 484/587 kB\rProgress (1): 500/587 kB\rProgress (1): 517/587 kB\rProgress (1): 533/587 kB\rProgress (1): 549/587 kB\rProgress (1): 566/587 kB\rProgress (1): 582/587 kB\rProgress (1): 587 kB    \r                    \rDownloaded from central: https://repo.maven.apache.org/maven2/org/apache/commons/commons-lang3/3.12.0/commons-lang3-3.12.0.jar (587 kB at 17 MB/s)\n[WARNING] Using platform encoding (ANSI_X3.4-1968 actually) to copy filtered resources, i.e. build is platform dependent!\n[INFO] skip non existing resourceDirectory /tmp/eval-dev-quality992866327/plain/src/main/resources\n[INFO] \n[INFO] --- compiler:3.10.1:compile (default-compile) @ test-java-plain ---\nDownloading from central: https://repo.maven.apache.org/maven2/org/apache/maven/shared/maven-shared-incremental/1.1/maven-shared-incremental-1.1.pom\nProgress (1): 4.7 kB\r                    \rDownloaded from central: https://repo.maven.apache.org/maven2/org/apache/maven/shared/maven-shared-incremental/1.1/maven-shared-incremental-1.1.pom (4.7 kB at 593 kB/s)\nDownloading from central: https://repo.maven.apache.org/maven2/org/apache/maven/shared/maven-shared-components/19/maven-shared-components-19.pom\nProgress (1): 6.4 kB\r                    \rDownloaded from central: https://repo.maven.apache.org/maven2/org/apache/maven/shared/maven-shared-components/19/maven-shared-components-19.pom (6.4 kB at 908 kB/s)\nDownloading from central: https://repo.maven.apache.org/maven2/org/apache/maven/maven-parent/23/maven-parent-23.pom\nProgress (1): 16/33 kB\rProgress (1): 33 kB   \r                   \rDownloaded from central: https://repo.maven.apache.org/maven2/org/apache/maven/maven-parent/23/maven-parent-23.pom (33 kB at 4.1 MB/s)\nDownloading from central: https://repo.maven.apache.org/maven2/org/apache/apache/13/apache-13.pom\nProgress (1): 14 kB\r                   \rDownloaded from central: https://repo.maven.apache.org/maven2/org/apache/apache/13/apache-13.pom (14 kB at 1.7 MB/s)\nDownloading from central: https://repo.maven.apache.org/maven2/org/codehaus/plexus/plexus-component-annotations/2.0.0/plexus-component-annotations-2.0.0.pom\nProgress (1): 750 B\r                   \rDownloaded from central: https://repo.maven.apache.org/maven2/org/codehaus/plexus/plexus-component-annotations/2.0.0/plexus-component-annotations-2.0.0.pom (750 B at 94 kB/s)\nDownloading from central: https://repo.maven.apache.org/maven2/org/codehaus/plexus/plexus-containers/2.0.0/plexus-containers-2.0.0.pom\nProgress (1): 4.8 kB\r                    \rDownloaded from central: https://repo.maven.apache.org/maven2/org/codehaus/plexus/plexus-containers/2.0.0/plexus-containers-2.0.0.pom (4.8 kB at 534 kB/s)\nDownloading from central: https://repo.maven.apache.org/maven2/org/codehaus/plexus/plexus-java/1.1.1/plexus-java-1.1.1.pom\nProgress (1): 5.0 kB\r                    \rDownloaded from central: https://repo.maven.apache.org/maven2/org/codehaus/plexus/plexus-java/1.1.1/plexus-java-1.1.1.pom (5.0 kB at 621 kB/s)\nDownloading from central: https://repo.maven.apache.org/maven2/org/codehaus/plexus/plexus-languages/1.1.1/plexus-languages-1.1.1.pom\nProgress (1): 4.6 kB\r                    \rDownloaded from central: https://repo.maven.apache.org/maven2/org/codehaus/plexus/plexus-languages/1.1.1/plexus-languages-1.1.1.pom (4.6 kB at 461 kB/s)\nDownloading from central: https://repo.maven.apache.org/maven2/org/codehaus/plexus/plexus/8/plexus-8.pom\nProgress (1): 16/25 kB\rProgress (1): 25 kB   \r                   \rDownloaded from central: https://repo.maven.apache.org/maven2/org/codehaus/plexus/plexus/8/plexus-8.pom (25 kB at 2.8 MB/s)\nDownloading from central: https://repo.maven.apache.org/maven2/org/ow2/asm/asm/9.2/asm-9.2.pom\nProgress (1): 2.4 kB\r                    \rDownloaded from central: https://repo.maven.apache.org/maven2/org/ow2/asm/asm/9.2/asm-9.2.pom (2.4 kB at 296 kB/s)\nDownloading from central: https://repo.maven.apache.org/maven2/org/ow2/ow2/1.5/ow2-1.5.pom\nProgress (1): 11 kB\r                   \rDownloaded from central: https://repo.maven.apache.org/maven2/org/ow2/ow2/1.5/ow2-1.5.pom (11 kB at 1.2 MB/s)\nDownloading from central: https://repo.maven.apache.org/maven2/com/thoughtworks/qdox/qdox/2.0.1/qdox-2.0.1.pom\nProgress (1): 16 kB\r                   \rDownloaded from central: https://repo.maven.apache.org/maven2/com/thoughtworks/qdox/qdox/2.0.1/qdox-2.0.1.pom (16 kB at 1.5 MB/s)\nDownloading from central: https://repo.maven.apache.org/maven2/org/sonatype/oss/oss-parent/9/oss-parent-9.pom\nProgress (1): 6.6 kB\r                    \rDownloaded from central: https://repo.maven.apache.org/maven2/org/sonatype/oss/oss-parent/9/oss-parent-9.pom (6.6 kB at 730 kB/s)\nDownloading from central: https://repo.maven.apache.org/maven2/org/codehaus/plexus/plexus-compiler-api/2.11.1/plexus-compiler-api-2.11.1.pom\nProgress (1): 1.1 kB\r                    \rDownloaded from central: https://repo.maven.apache.org/maven2/org/codehaus/plexus/plexus-compiler-api/2.11.1/plexus-compiler-api-2.11.1.pom (1.1 kB at 117 kB/s)\nDownloading from central: https://repo.maven.apache.org/maven2/org/codehaus/plexus/plexus-compiler/2.11.1/plexus-compiler-2.11.1.pom\nProgress (1): 8.1 kB\r                    \rDownloaded from central: https://repo.maven.apache.org/maven2/org/codehaus/plexus/plexus-compiler/2.11.1/plexus-compiler-2.11.1.pom (8.1 kB at 902 kB/s)\nDownloading from central: https://repo.maven.apache.org/maven2/org/codehaus/plexus/plexus-components/6.6/plexus-components-6.6.pom\nProgress (1): 2.7 kB\r                    \rDownloaded from central: https://repo.maven.apache.org/maven2/org/codehaus/plexus/plexus-components/6.6/plexus-components-6.6.pom (2.7 kB at 297 kB/s)\nDownloading from central: https://repo.maven.apache.org/maven2/org/codehaus/plexus/plexus-utils/3.4.1/plexus-utils-3.4.1.pom\nProgress (1): 8.0 kB\r                    \rDownloaded from central: https://repo.maven.apache.org/maven2/org/codehaus/plexus/plexus-utils/3.4.1/plexus-utils-3.4.1.pom (8.0 kB at 885 kB/s)\nDownloading from central: https://repo.maven.apache.org/maven2/org/codehaus/plexus/plexus-compiler-manager/2.11.1/plexus-compiler-manager-2.11.1.pom\nProgress (1): 1.1 kB\r                    \rDownloaded from central: https://repo.maven.apache.org/maven2/org/codehaus/plexus/plexus-compiler-manager/2.11.1/plexus-compiler-manager-2.11.1.pom (1.1 kB at 126 kB/s)\nDownloading from central: https://repo.maven.apache.org/maven2/org/codehaus/plexus/plexus-compiler-javac/2.11.1/plexus-compiler-javac-2.11.1.pom\nProgress (1): 1.2 kB\r                    \rDownloaded from central: https://repo.maven.apache.org/maven2/org/codehaus/plexus/plexus-compiler-javac/2.11.1/plexus-compiler-javac-2.11.1.pom (1.2 kB at 150 kB/s)\nDownloading from central: https://repo.maven.apache.org/maven2/org/codehaus/plexus/plexus-compilers/2.11.1/plexus-compilers-2.11.1.pom\nProgress (1): 1.3 kB\r                    \rDownloaded from central: https://repo.maven.apache.org/maven2/org/codehaus/plexus/plexus-compilers/2.11.1/plexus-compilers-2.11.1.pom (1.3 kB at 110 kB/s)\nDownloading from central: https://repo.maven.apache.org/maven2/org/apache/maven/shared/maven-shared-incremental/1.1/maven-shared-incremental-1.1.jar\nProgress (1): 14 kB\r                   \rDownloaded from central: https://repo.maven.apache.org/maven2/org/apache/maven/shared/maven-shared-incremental/1.1/maven-shared-incremental-1.1.jar (14 kB at 1.9 MB/s)\nDownloading from central: https://repo.maven.apache.org/maven2/org/codehaus/plexus/plexus-component-annotations/2.0.0/plexus-component-annotations-2.0.0.jar\nDownloading from central: https://repo.maven.apache.org/maven2/org/ow2/asm/asm/9.2/asm-9.2.jar\nDownloading from central: https://repo.maven.apache.org/maven2/org/codehaus/plexus/plexus-java/1.1.1/plexus-java-1.1.1.jar\nDownloading from central: https://repo.maven.apache.org/maven2/com/thoughtworks/qdox/qdox/2.0.1/qdox-2.0.1.jar\nDownloading from central: https://repo.maven.apache.org/maven2/org/codehaus/plexus/plexus-compiler-api/2.11.1/plexus-compiler-api-2.11.1.jar\nProgress (1): 16/122 kB\rProgress (1): 33/122 kB\rProgress (1): 49/122 kB\rProgress (2): 49/122 kB | 4.2 kB\rProgress (2): 66/122 kB | 4.2 kB\rProgress (2): 82/122 kB | 4.2 kB\rProgress (3): 82/122 kB | 4.2 kB | 16/54 kB\r                                           \rDownloaded from central: https://repo.maven.apache.org/maven2/org/codehaus/plexus/plexus-component-annotations/2.0.0/plexus-component-annotations-2.0.0.jar (4.2 kB at 51 kB/s)\nProgress (2): 98/122 kB | 16/54 kB\rProgress (2): 98/122 kB | 33/54 kB\rProgress (2): 115/122 kB | 33/54 kB\rProgress (2): 115/122 kB | 49/54 kB\r                                   \rDownloading from central: https://repo.maven.apache.org/maven2/org/codehaus/plexus/plexus-utils/3.4.1/plexus-utils-3.4.1.jar\nProgress (2): 122 kB | 49/54 kB\rProgress (2): 122 kB | 54 kB   \r                            \rDownloaded from central: https://repo.maven.apache.org/maven2/org/ow2/asm/asm/9.2/asm-9.2.jar (122 kB at 1.4 MB/s)\nDownloading from central: https://repo.maven.apache.org/maven2/org/codehaus/plexus/plexus-compiler-manager/2.11.1/plexus-compiler-manager-2.11.1.jar\nDownloaded from central: https://repo.maven.apache.org/maven2/org/codehaus/plexus/plexus-java/1.1.1/plexus-java-1.1.1.jar (54 kB at 633 kB/s)\nDownloading from central: https://repo.maven.apache.org/maven2/org/codehaus/plexus/plexus-compiler-javac/2.11.1/plexus-compiler-javac-2.11.1.jar\nProgress (1): 16/27 kB\rProgress (1): 27 kB   \rProgress (2): 27 kB | 16/334 kB\r                               \rDownloaded from central: https://repo.maven.apache.org/maven2/org/codehaus/plexus/plexus-compiler-api/2.11.1/plexus-compiler-api-2.11.1.jar (27 kB at 1.7 MB/s)\nProgress (1): 33/334 kB\rProgress (1): 49/334 kB\rProgress (1): 66/334 kB\rProgress (2): 66/334 kB | 4.7 kB\rProgress (3): 66/334 kB | 4.7 kB | 16/23 kB\rProgress (4): 66/334 kB | 4.7 kB | 16/23 kB | 16/264 kB\rProgress (4): 66/334 kB | 4.7 kB | 23 kB | 16/264 kB   \rProgress (4): 66/334 kB | 4.7 kB | 23 kB | 33/264 kB\r                                                    \rDownloaded from central: https://repo.maven.apache.org/maven2/org/codehaus/plexus/plexus-compiler-manager/2.11.1/plexus-compiler-manager-2.11.1.jar (4.7 kB at 291 kB/s)\nProgress (3): 82/334 kB | 23 kB | 33/264 kB\rProgress (3): 82/334 kB | 23 kB | 49/264 kB\r                                           \rDownloaded from central: https://repo.maven.apache.org/maven2/org/codehaus/plexus/plexus-compiler-javac/2.11.1/plexus-compiler-javac-2.11.1.jar (23 kB at 1.5 MB/s)\nProgress (2): 82/334 kB | 62/264 kB\rProgress (2): 82/334 kB | 78/264 kB\rProgress (2): 82/334 kB | 95/264 kB\rProgress (2): 82/334 kB | 111/264 kB\rProgress (2): 82/334 kB | 127/264 kB\rProgress (2): 98/334 kB | 127/264 kB\rProgress (2): 115/334 kB | 127/264 kB\rProgress (2): 131/334 kB | 127/264 kB\rProgress (2): 147/334 kB | 127/264 kB\rProgress (2): 164/334 kB | 127/264 kB\rProgress (2): 164/334 kB | 144/264 kB\rProgress (2): 180/334 kB | 144/264 kB\rProgress (2): 180/334 kB | 160/264 kB\rProgress (2): 180/334 kB | 177/264 kB\rProgress (2): 180/334 kB | 193/264 kB\rProgress (2): 180/334 kB | 209/264 kB\rProgress (2): 180/334 kB | 226/264 kB\rProgress (2): 180/334 kB | 242/264 kB\rProgress (2): 197/334 kB | 242/264 kB\rProgress (2): 197/334 kB | 258/264 kB\rProgress (2): 213/334 kB | 258/264 kB\rProgress (2): 213/334 kB | 264 kB    \rProgress (2): 229/334 kB | 264 kB\rProgress (2): 246/334 kB | 264 kB\rProgress (2): 256/334 kB | 264 kB\rProgress (2): 272/334 kB | 264 kB\rProgress (2): 289/334 kB | 264 kB\rProgress (2): 305/334 kB | 264 kB\r                                 \rDownloaded from central: https://repo.maven.apache.org/maven2/org/codehaus/plexus/plexus-utils/3.4.1/plexus-utils-3.4.1.jar (264 kB at 9.8 MB/s)\nProgress (1): 321/334 kB\rProgress (1): 334 kB    \r                    \rDownloaded from central: https://repo.maven.apache.org/maven2/com/thoughtworks/qdox/qdox/2.0.1/qdox-2.0.1.jar (334 kB at 3.2 MB/s)\n[INFO] Changes detected - recompiling the module!\n[WARNING] File encoding has not been set, using platform encoding ANSI_X3.4-1968, i.e. build is platform dependent!\n[INFO] Compiling 1 source file to /tmp/eval-dev-quality992866327/plain/target/classes\n[INFO] \n[INFO] --- resources:3.3.0:resources (default-resources) @ test-java-plain ---\n[WARNING] Using platform encoding (ANSI_X3.4-1968 actually) to copy filtered resources, i.e. build is platform dependent!\n[INFO] skip non existing resourceDirectory /tmp/eval-dev-quality992866327/plain/src/main/resources\n[INFO] \n[INFO] --- compiler:3.10.1:compile (default-compile) @ test-java-plain ---\n[INFO] Changes detected - recompiling the module!\n[WARNING] File encoding has not been set, using platform encoding ANSI_X3.4-1968, i.e. build is platform dependent!\n[INFO] Compiling 1 source file to /tmp/eval-dev-quality992866327/plain/target/classes\n[INFO] \n[INFO] --- resources:3.3.0:testResources (default-testResources) @ test-java-plain ---\n[WARNING] Using platform encoding (ANSI_X3.4-1968 actually) to copy filtered resources, i.e. build is platform dependent!\n[INFO] skip non existing resourceDirectory /tmp/eval-dev-quality992866327/plain/src/test/resources\n[INFO] \n[INFO] --- compiler:3.10.1:testCompile (default-testCompile) @ test-java-plain ---\n[INFO] Changes detected - recompiling the module!\n[WARNING] File encoding has not been set, using platform encoding ANSI_X3.4-1968, i.e. build is platform dependent!\n[INFO] Compiling 1 source file to /tmp/eval-dev-quality992866327/plain/target/test-classes\n[INFO] -------------------------------------------------------------\n[ERROR] COMPILATION ERROR : \n[INFO] -------------------------------------------------------------\n[ERROR] /tmp/eval-dev-quality992866327/plain/src/test/java/com/eval/PlainTest.java:[8,9] cannot find symbol\n  symbol:   variable Plain\n  location: class PlainTest\n[INFO] 1 error\n[INFO] -------------------------------------------------------------\n[INFO] ------------------------------------------------------------------------\n[INFO] BUILD FAILURE\n[INFO] ------------------------------------------------------------------------\n[INFO] Total time:  2.937 s\n[INFO] Finished at: 2024-06-19T11:09:13Z\n[INFO] ------------------------------------------------------------------------\n[ERROR] Failed to execute goal org.apache.maven.plugins:maven-compiler-plugin:3.10.1:testCompile (default-testCompile) on project test-java-plain: Compilation failure\n[ERROR] /tmp/eval-dev-quality992866327/plain/src/test/java/com/eval/PlainTest.java:[8,9] cannot find symbol\n[ERROR]   symbol:   variable Plain\n[ERROR]   location: class PlainTest\n[ERROR] \n[ERROR] -> [Help 1]\n[ERROR] \n[ERROR] To see the full stack trace of the errors, re-run Maven with the -e switch.\n[ERROR] Re-run Maven using the -X switch to enable full debug logging.\n[ERROR] \n[ERROR] For more information about the errors and possible solutions, please read the following articles:\n[ERROR] [Help 1] http://cwiki.apache.org/confluence/display/MAVEN/MojoFailureException\n",
}
Stacktrace: goroutine 1 [running]:
gitlab.nethead.at/symflower/symflower/model/errors.NewInternalError({0x1f42da0?, 0xc0006654e0}, {0xffa8c0?, 0xc0006a1db8})
	gitlab.nethead.at/symflower/symflower/model/errors/error.go:850 +0x59
gitlab.nethead.at/symflower/symflower/language/java/execute.MavenDependencyCommand.func1()
	gitlab.nethead.at/symflower/symflower/language/java/execute/maven.go:80 +0x1ef
github.com/avast/retry-go.Do(0xc0007078b8, {0xc0007078a0, 0x3, 0x418c94?})
	github.com/avast/retry-go/retry.go:135 +0x5a3
gitlab.nethead.at/symflower/symflower/language/java/execute.MavenDependencyCommand({0xc000720270, 0x25}, 0x0, {0xc000715e60, 0x6, 0x6})
	gitlab.nethead.at/symflower/symflower/language/java/execute/maven.go:60 +0x1c5
gitlab.nethead.at/symflower/symflower/language/java/execute.MavenCloverCoverage({0xc000720270, 0x25})
	gitlab.nethead.at/symflower/symflower/language/java/execute/clover.go:131 +0xc9
gitlab.nethead.at/symflower/symflower/cmd/symflower-local/cmd.(*commandTest).Execute(0xc0000fdd78, {0xc0000fdc00?, 0x7fd21082e2d8?, 0xc0000fdd78?})
	gitlab.nethead.at/symflower/symflower/cmd/symflower-local/cmd/test.go:143 +0x54f
gitlab.nethead.at/symflower/symflower/cmd.ExecuteNoExit({0x1f425e0?, 0xc0000fdc00}, {0xc000212000?, 0x0?, 0xc00058fed8?})
	gitlab.nethead.at/symflower/symflower/cmd/execute.go:56 +0x2d0
gitlab.nethead.at/symflower/symflower/cmd.Execute({0x1f425e0?, 0xc0000fdc00?}, {0xc000212000?, 0x274c500?, 0xc0000fdc00?})
	gitlab.nethead.at/symflower/symflower/cmd/execute.go:16 +0x26
gitlab.nethead.at/symflower/symflower/cmd.ExecuteWithOSArguments(...)
	gitlab.nethead.at/symflower/symflower/cmd/execute.go:75
main.main.func1()
	gitlab.nethead.at/symflower/symflower/cmd/symflower-demo/main.go:40 +0x34
gitlab.nethead.at/symflower/symflower/cmd/symflower-local/cmd.(*Command).WithPanicReporter(0xc00012e058?, 0x2636b18?)
	gitlab.nethead.at/symflower/symflower/cmd/symflower-local/cmd/cmd.go:184 +0x48
main.main()
	gitlab.nethead.at/symflower/symflower/cmd/symflower-demo/main.go:39 +0xa5


github.com/symflower/eval-dev-quality/util.CommandWithResult
	/home/ubuntu/eval-dev-quality/util/exec.go:52
github.com/symflower/eval-dev-quality/language/java.(*Language).Execute
	/home/ubuntu/eval-dev-quality/language/java/language.go:108
github.com/symflower/eval-dev-quality/evaluate/task.(*TaskWriteTests).Run
	/home/ubuntu/eval-dev-quality/evaluate/task/task-write-test.go:91
github.com/symflower/eval-dev-quality/evaluate.Evaluate.func1
	/home/ubuntu/eval-dev-quality/evaluate/evaluate.go:128
github.com/symflower/eval-dev-quality/evaluate.withLoadedModel
	/home/ubuntu/eval-dev-quality/evaluate/evaluate.go:273
github.com/symflower/eval-dev-quality/evaluate.Evaluate
	/home/ubuntu/eval-dev-quality/evaluate/evaluate.go:118
github.com/symflower/eval-dev-quality/cmd/eval-dev-quality/cmd.(*Evaluate).Execute
	/home/ubuntu/eval-dev-quality/cmd/eval-dev-quality/cmd/evaluate.go:363
github.com/symflower/eval-dev-quality/cmd/eval-dev-quality/cmd.Execute.func1
	/home/ubuntu/eval-dev-quality/cmd/eval-dev-quality/cmd/command.go:34
github.com/jessevdk/go-flags.(*Parser).ParseArgs
	/home/ubuntu/go/pkg/mod/github.com/jessevdk/go-flags@v1.5.1-0.20210607101731-3927b71304df/parser.go:333
github.com/symflower/eval-dev-quality/cmd/eval-dev-quality/cmd.Execute
	/home/ubuntu/eval-dev-quality/cmd/eval-dev-quality/cmd/command.go:37
main.main
	/home/ubuntu/eval-dev-quality/cmd/eval-dev-quality/main.go:11
runtime.main
	/home/ubuntu/.eval-dev-quality/go/src/runtime/proc.go:267
runtime.goexit
	/home/ubuntu/.eval-dev-quality/go/src/runtime/asm_amd64.s:1650
github.com/symflower/eval-dev-quality/language/java.(*Language).Execute
	/home/ubuntu/eval-dev-quality/language/java/language.go:119
github.com/symflower/eval-dev-quality/evaluate/task.(*TaskWriteTests).Run
	/home/ubuntu/eval-dev-quality/evaluate/task/task-write-test.go:91
github.com/symflower/eval-dev-quality/evaluate.Evaluate.func1
	/home/ubuntu/eval-dev-quality/evaluate/evaluate.go:128
github.com/symflower/eval-dev-quality/evaluate.withLoadedModel
	/home/ubuntu/eval-dev-quality/evaluate/evaluate.go:273
github.com/symflower/eval-dev-quality/evaluate.Evaluate
	/home/ubuntu/eval-dev-quality/evaluate/evaluate.go:118
github.com/symflower/eval-dev-quality/cmd/eval-dev-quality/cmd.(*Evaluate).Execute
	/home/ubuntu/eval-dev-quality/cmd/eval-dev-quality/cmd/evaluate.go:363
github.com/symflower/eval-dev-quality/cmd/eval-dev-quality/cmd.Execute.func1
	/home/ubuntu/eval-dev-quality/cmd/eval-dev-quality/cmd/command.go:34
github.com/jessevdk/go-flags.(*Parser).ParseArgs
	/home/ubuntu/go/pkg/mod/github.com/jessevdk/go-flags@v1.5.1-0.20210607101731-3927b71304df/parser.go:333
github.com/symflower/eval-dev-quality/cmd/eval-dev-quality/cmd.Execute
	/home/ubuntu/eval-dev-quality/cmd/eval-dev-quality/cmd/command.go:37
main.main
	/home/ubuntu/eval-dev-quality/cmd/eval-dev-quality/main.go:11
runtime.main
	/home/ubuntu/.eval-dev-quality/go/src/runtime/proc.go:267
runtime.goexit
	/home/ubuntu/.eval-dev-quality/go/src/runtime/asm_amd64.s:1650
[0;34mGive us your feedback and let us know how we can improve Symflower at hello@symflower.com or https://github.com/symflower/symflower. Thanks so much for your help![0m
ERROR: All attempts fail:
#1: Internal error: exit status 1:
[]interface {}{
    "/tmp/eval-dev-quality992866327/plain/",
    "[INFO] Scanning for projects...\n[WARNING] \n[WARNING] Some problems were encountered while building the effective model for eval.dev.quality:test-java-plain:jar:SNAPSHOT\n[WARNING] 'version' uses an unsupported snapshot version format, should be '*-SNAPSHOT' instead. @ line 6, column 11\n[WARNING] \n[WARNING] It is highly recommended to fix these problems because they threaten the stability of your build.\n[WARNING] \n[WARNING] For this reason, future Maven versions might no longer support building such malformed projects.\n[WARNING] \nDownloading from central: https://repo.maven.apache.org/maven2/org/openclover/clover-maven-plugin/4.5.2/clover-maven-plugin-4.5.2.pom\nProgress (1): 1.4/16 kB\rProgress (1): 2.8/16 kB\rProgress (1): 4.1/16 kB\rProgress (1): 5.5/16 kB\rProgress (1): 6.9/16 kB\rProgress (1): 8.3/16 kB\rProgress (1): 9.7/16 kB\rProgress (1): 11/16 kB \rProgress (1): 12/16 kB\rProgress (1): 14/16 kB\rProgress (1): 15/16 kB\rProgress (1): 16 kB   \r                   \rDownloaded from central: https://repo.maven.apache.org/maven2/org/openclover/clover-maven-plugin/4.5.2/clover-maven-plugin-4.5.2.pom (16 kB at 72 kB/s)\nDownloading from central: https://repo.maven.apache.org/maven2/org/openclover/clover-maven-plugin/4.5.2/clover-maven-plugin-4.5.2.jar\nProgress (1): 16/148 kB\rProgress (1): 33/148 kB\rProgress (1): 49/148 kB\rProgress (1): 66/148 kB\rProgress (1): 82/148 kB\rProgress (1): 98/148 kB\rProgress (1): 115/148 kB\rProgress (1): 131/148 kB\rProgress (1): 147/148 kB\rProgress (1): 148 kB    \r                    \rDownloaded from central: https://repo.maven.apache.org/maven2/org/openclover/clover-maven-plugin/4.5.2/clover-maven-plugin-4.5.2.jar (148 kB at 5.5 MB/s)\n[INFO] \n[INFO] ------------------< eval.dev.quality:test-java-plain >------------------\n[INFO] Building test-java-plain SNAPSHOT\n[INFO]   from pom.xml\n[INFO] --------------------------------[ jar ]---------------------------------\nDownloading from central: https://repo.maven.apache.org/maven2/org/apache/maven/plugins/maven-clean-plugin/3.2.0/maven-clean-plugin-3.2.0.pom\nProgress (1): 5.3 kB\r                    \rDownloaded from central: https://repo.maven.apache.org/maven2/org/apache/maven/plugins/maven-clean-plugin/3.2.0/maven-clean-plugin-3.2.0.pom (5.3 kB at 590 kB/s)\nDownloading from central: https://repo.maven.apache.org/maven2/org/apache/maven/plugins/maven-plugins/35/maven-plugins-35.pom\nProgress (1): 9.9 kB\r                    \rDownloaded from central: https://repo.maven.apache.org/maven2/org/apache/maven/plugins/maven-plugins/35/maven-plugins-35.pom (9.9 kB at 1.1 MB/s)\nDownloading from central: https://repo.maven.apache.org/maven2/org/apache/maven/maven-parent/35/maven-parent-35.pom\nProgress (1): 16/45 kB\rProgress (1): 32/45 kB\rProgress (1): 45 kB   \r                   \rDownloaded from central: https://repo.maven.apache.org/maven2/org/apache/maven/maven-parent/35/maven-parent-35.pom (45 kB at 4.5 MB/s)\nDownloading from central: https://repo.maven.apache.org/maven2/org/apache/apache/25/apache-25.pom\nProgress (1): 16/21 kB\rProgress (1): 21 kB   \r                   \rDownloaded from central: https://repo.maven.apache.org/maven2/org/apache/apache/25/apache-25.pom (21 kB at 2.3 MB/s)\nDownloading from central: https://repo.maven.apache.org/maven2/org/apache/maven/plugins/maven-clean-plugin/3.2.0/maven-clean-plugin-3.2.0.jar\nProgress (1): 16/36 kB\rProgress (1): 32/36 kB\rProgress (1): 36 kB   \r                   \rDownloaded from central: https://repo.maven.apache.org/maven2/org/apache/maven/plugins/maven-clean-plugin/3.2.0/maven-clean-plugin-3.2.0.jar (36 kB at 1.2 MB/s)\nDownloading from central: https://repo.maven.apache.org/maven2/org/apache/maven/plugins/maven-resources-plugin/3.3.0/maven-resources-plugin-3.3.0.pom\nProgress (1): 8.5 kB\r                    \rDownloaded from central: https://repo.maven.apache.org/maven2/org/apache/maven/plugins/maven-resources-plugin/3.3.0/maven-resources-plugin-3.3.0.pom (8.5 kB at 850 kB/s)\nDownloading from central: https://repo.maven.apache.org/maven2/org/apache/maven/plugins/maven-plugins/36/maven-plugins-36.pom\nProgress (1): 9.9 kB\r                    \rDownloaded from central: https://repo.maven.apache.org/maven2/org/apache/maven/plugins/maven-plugins/36/maven-plugins-36.pom (9.9 kB at 990 kB/s)\nDownloading from central: https://repo.maven.apache.org/maven2/org/apache/maven/maven-parent/36/maven-parent-36.pom\nProgress (1): 16/45 kB\rProgress (1): 33/45 kB\rProgress (1): 45 kB   \r                   \rDownloaded from central: https://repo.maven.apache.org/maven2/org/apache/maven/maven-parent/36/maven-parent-36.pom (45 kB at 4.1 MB/s)\nDownloading from central: https://repo.maven.apache.org/maven2/org/apache/apache/26/apache-26.pom\nProgress (1): 16/21 kB\rProgress (1): 21 kB   \r                   \rDownloaded from central: https://repo.maven.apache.org/maven2/org/apache/apache/26/apache-26.pom (21 kB at 2.1 MB/s)\nDownloading from central: https://repo.maven.apache.org/maven2/org/apache/maven/plugins/maven-resources-plugin/3.3.0/maven-resources-plugin-3.3.0.jar\nProgress (1): 16/32 kB\rProgress (1): 32 kB   \r                   \rDownloaded from central: https://repo.maven.apache.org/maven2/org/apache/maven/plugins/maven-resources-plugin/3.3.0/maven-resources-plugin-3.3.0.jar (32 kB at 2.4 MB/s)\nDownloading from central: https://repo.maven.apache.org/maven2/org/apache/maven/plugins/maven-compiler-plugin/3.10.1/maven-compiler-plugin-3.10.1.pom\nProgress (1): 13 kB\r                   \rDownloaded from central: https://repo.maven.apache.org/maven2/org/apache/maven/plugins/maven-compiler-plugin/3.10.1/maven-compiler-plugin-3.10.1.pom (13 kB at 1.4 MB/s)\nDownloading from central: https://repo.maven.apache.org/maven2/org/apache/maven/plugins/maven-plugins/34/maven-plugins-34.pom\nProgress (1): 11 kB\r                   \rDownloaded from central: https://repo.maven.apache.org/maven2/org/apache/maven/plugins/maven-plugins/34/maven-plugins-34.pom (11 kB at 1.2 MB/s)\nDownloading from central: https://repo.maven.apache.org/maven2/org/apache/maven/maven-parent/34/maven-parent-34.pom\nProgress (1): 16/43 kB\rProgress (1): 33/43 kB\rProgress (1): 43 kB   \r                   \rDownloaded from central: https://repo.maven.apache.org/maven2/org/apache/maven/maven-parent/34/maven-parent-34.pom (43 kB at 3.9 MB/s)\nDownloading from central: https://repo.maven.apache.org/maven2/org/apache/apache/23/apache-23.pom\nProgress (1): 16/18 kB\rProgress (1): 18 kB   \r                   \rDownloaded from central: https://repo.maven.apache.org/maven2/org/apache/apache/23/apache-23.pom (18 kB at 1.3 MB/s)\nDownloading from central: https://repo.maven.apache.org/maven2/org/apache/maven/plugins/maven-compiler-plugin/3.10.1/maven-compiler-plugin-3.10.1.jar\nProgress (1): 16/62 kB\rProgress (1): 33/62 kB\rProgress (1): 49/62 kB\rProgress (1): 62 kB   \r                   \rDownloaded from central: https://repo.maven.apache.org/maven2/org/apache/maven/plugins/maven-compiler-plugin/3.10.1/maven-compiler-plugin-3.10.1.jar (62 kB at 5.6 MB/s)\nDownloading from central: https://repo.maven.apache.org/maven2/org/apache/maven/plugins/maven-surefire-plugin/3.2.5/maven-surefire-plugin-3.2.5.pom\nProgress (1): 5.3 kB\r                    \rDownloaded from central: https://repo.maven.apache.org/maven2/org/apache/maven/plugins/maven-surefire-plugin/3.2.5/maven-surefire-plugin-3.2.5.pom (5.3 kB at 591 kB/s)\nDownloading from central: https://repo.maven.apache.org/maven2/org/apache/maven/surefire/surefire/3.2.5/surefire-3.2.5.pom\nProgress (1): 16/22 kB\rProgress (1): 22 kB   \r                   \rDownloaded from central: https://repo.maven.apache.org/maven2/org/apache/maven/surefire/surefire/3.2.5/surefire-3.2.5.pom (22 kB at 2.0 MB/s)\nDownloading from central: https://repo.maven.apache.org/maven2/org/apache/maven/maven-parent/41/maven-parent-41.pom\nProgress (1): 16/50 kB\rProgress (1): 33/50 kB\rProgress (1): 49/50 kB\rProgress (1): 50 kB   \r                   \rDownloaded from central: https://repo.maven.apache.org/maven2/org/apache/maven/maven-parent/41/maven-parent-41.pom (50 kB at 4.2 MB/s)\nDownloading from central: https://repo.maven.apache.org/maven2/org/apache/apache/31/apache-31.pom\nProgress (1): 16/24 kB\rProgress (1): 24 kB   \r                   \rDownloaded from central: https://repo.maven.apache.org/maven2/org/apache/apache/31/apache-31.pom (24 kB at 1.8 MB/s)\nDownloading from central: https://repo.maven.apache.org/maven2/org/junit/junit-bom/5.9.3/junit-bom-5.9.3.pom\nProgress (1): 5.6 kB\r                    \rDownloaded from central: https://repo.maven.apache.org/maven2/org/junit/junit-bom/5.9.3/junit-bom-5.9.3.pom (5.6 kB at 563 kB/s)\nDownloading from central: https://repo.maven.apache.org/maven2/org/apache/maven/plugins/maven-surefire-plugin/3.2.5/maven-surefire-plugin-3.2.5.jar\nProgress (1): 16/45 kB\rProgress (1): 32/45 kB\rProgress (1): 45 kB   \r                   \rDownloaded from central: https://repo.maven.apache.org/maven2/org/apache/maven/plugins/maven-surefire-plugin/3.2.5/maven-surefire-plugin-3.2.5.jar (45 kB at 4.5 MB/s)\nDownloading from central: https://repo.maven.apache.org/maven2/org/junit/jupiter/junit-jupiter/5.8.2/junit-jupiter-5.8.2.pom\nProgress (1): 3.2 kB\r                    \rDownloaded from central: https://repo.maven.apache.org/maven2/org/junit/jupiter/junit-jupiter/5.8.2/junit-jupiter-5.8.2.pom (3.2 kB at 356 kB/s)\nDownloading from central: https://repo.maven.apache.org/maven2/org/junit/junit-bom/5.8.2/junit-bom-5.8.2.pom\nProgress (1): 5.6 kB\r                    \rDownloaded from central: https://repo.maven.apache.org/maven2/org/junit/junit-bom/5.8.2/junit-bom-5.8.2.pom (5.6 kB at 563 kB/s)\nDownloading from central: https://repo.maven.apache.org/maven2/org/junit/jupiter/junit-jupiter-api/5.8.2/junit-jupiter-api-5.8.2.pom\nProgress (1): 3.2 kB\r                    \rDownloaded from central: https://repo.maven.apache.org/maven2/org/junit/jupiter/junit-jupiter-api/5.8.2/junit-jupiter-api-5.8.2.pom (3.2 kB at 289 kB/s)\nDownloading from central: https://repo.maven.apache.org/maven2/org/opentest4j/opentest4j/1.2.0/opentest4j-1.2.0.pom\nProgress (1): 1.7 kB\r                    \rDownloaded from central: https://repo.maven.apache.org/maven2/org/opentest4j/opentest4j/1.2.0/opentest4j-1.2.0.pom (1.7 kB at 187 kB/s)\nDownloading from central: https://repo.maven.apache.org/maven2/org/junit/platform/junit-platform-commons/1.8.2/junit-platform-commons-1.8.2.pom\nProgress (1): 2.8 kB\r                    \rDownloaded from central: https://repo.maven.apache.org/maven2/org/junit/platform/junit-platform-commons/1.8.2/junit-platform-commons-1.8.2.pom (2.8 kB at 283 kB/s)\nDownloading from central: https://repo.maven.apache.org/maven2/org/apiguardian/apiguardian-api/1.1.2/apiguardian-api-1.1.2.pom\nProgress (1): 1.5 kB\r                    \rDownloaded from central: https://repo.maven.apache.org/maven2/org/apiguardian/apiguardian-api/1.1.2/apiguardian-api-1.1.2.pom (1.5 kB at 170 kB/s)\nDownloading from central: https://repo.maven.apache.org/maven2/org/junit/jupiter/junit-jupiter-params/5.8.2/junit-jupiter-params-5.8.2.pom\nProgress (1): 3.0 kB\r                    \rDownloaded from central: https://repo.maven.apache.org/maven2/org/junit/jupiter/junit-jupiter-params/5.8.2/junit-jupiter-params-5.8.2.pom (3.0 kB at 301 kB/s)\nDownloading from central: https://repo.maven.apache.org/maven2/org/junit/jupiter/junit-jupiter-engine/5.8.2/junit-jupiter-engine-5.8.2.pom\nProgress (1): 3.2 kB\r                    \rDownloaded from central: https://repo.maven.apache.org/maven2/org/junit/jupiter/junit-jupiter-engine/5.8.2/junit-jupiter-engine-5.8.2.pom (3.2 kB at 355 kB/s)\nDownloading from central: https://repo.maven.apache.org/maven2/org/junit/platform/junit-platform-engine/1.8.2/junit-platform-engine-1.8.2.pom\nProgress (1): 3.2 kB\r                    \rDownloaded from central: https://repo.maven.apache.org/maven2/org/junit/platform/junit-platform-engine/1.8.2/junit-platform-engine-1.8.2.pom (3.2 kB at 356 kB/s)\nDownloading from central: https://repo.maven.apache.org/maven2/org/junit/jupiter/junit-jupiter/5.8.2/junit-jupiter-5.8.2.jar\nProgress (1): 6.4 kB\r                    \rDownloaded from central: https://repo.maven.apache.org/maven2/org/junit/jupiter/junit-jupiter/5.8.2/junit-jupiter-5.8.2.jar (6.4 kB at 707 kB/s)\nDownloading from central: https://repo.maven.apache.org/maven2/org/junit/jupiter/junit-jupiter-api/5.8.2/junit-jupiter-api-5.8.2.jar\nDownloading from central: https://repo.maven.apache.org/maven2/org/apiguardian/apiguardian-api/1.1.2/apiguardian-api-1.1.2.jar\nDownloading from central: https://repo.maven.apache.org/maven2/org/junit/platform/junit-platform-commons/1.8.2/junit-platform-commons-1.8.2.jar\nDownloading from central: https://repo.maven.apache.org/maven2/org/opentest4j/opentest4j/1.2.0/opentest4j-1.2.0.jar\nDownloading from central: https://repo.maven.apache.org/maven2/org/junit/jupiter/junit-jupiter-params/5.8.2/junit-jupiter-params-5.8.2.jar\nProgress (1): 7.7 kB\r                    \rDownloaded from central: https://repo.maven.apache.org/maven2/org/opentest4j/opentest4j/1.2.0/opentest4j-1.2.0.jar (7.7 kB at 478 kB/s)\nDownloading from central: https://repo.maven.apache.org/maven2/org/junit/jupiter/junit-jupiter-engine/5.8.2/junit-jupiter-engine-5.8.2.jar\nProgress (1): 16/230 kB\rProgress (1): 33/230 kB\rProgress (1): 49/230 kB\rProgress (1): 66/230 kB\rProgress (1): 82/230 kB\rProgress (1): 98/230 kB\rProgress (1): 115/230 kB\rProgress (1): 131/230 kB\rProgress (1): 147/230 kB\rProgress (1): 164/230 kB\rProgress (1): 180/230 kB\rProgress (1): 197/230 kB\rProgress (1): 213/230 kB\rProgress (1): 229/230 kB\rProgress (1): 230 kB    \r                    \rDownloaded from central: https://repo.maven.apache.org/maven2/org/junit/jupiter/junit-jupiter-engine/5.8.2/junit-jupiter-engine-5.8.2.jar (230 kB at 7.4 MB/s)\nDownloading from central: https://repo.maven.apache.org/maven2/org/junit/platform/junit-platform-engine/1.8.2/junit-platform-engine-1.8.2.jar\nProgress (1): 1.4/100 kB\rProgress (1): 2.8/100 kB\rProgress (1): 4.1/100 kB\rProgress (1): 5.5/100 kB\rProgress (1): 6.9/100 kB\rProgress (1): 8.3/100 kB\rProgress (1): 9.7/100 kB\rProgress (1): 11/100 kB \rProgress (2): 11/100 kB | 16/577 kB\rProgress (2): 12/100 kB | 16/577 kB\rProgress (2): 14/100 kB | 16/577 kB\rProgress (2): 15/100 kB | 16/577 kB\rProgress (2): 17/100 kB | 16/577 kB\rProgress (2): 18/100 kB | 16/577 kB\rProgress (2): 19/100 kB | 16/577 kB\rProgress (2): 21/100 kB | 16/577 kB\rProgress (2): 22/100 kB | 16/577 kB\rProgress (2): 23/100 kB | 16/577 kB\rProgress (2): 25/100 kB | 16/577 kB\rProgress (2): 26/100 kB | 16/577 kB\rProgress (2): 28/100 kB | 16/577 kB\rProgress (2): 29/100 kB | 16/577 kB\rProgress (2): 30/100 kB | 16/577 kB\rProgress (2): 32/100 kB | 16/577 kB\rProgress (2): 32/100 kB | 33/577 kB\rProgress (2): 33/100 kB | 33/577 kB\rProgress (2): 34/100 kB | 33/577 kB\rProgress (2): 36/100 kB | 33/577 kB\rProgress (2): 37/100 kB | 33/577 kB\rProgress (2): 39/100 kB | 33/577 kB\rProgress (2): 40/100 kB | 33/577 kB\rProgress (2): 41/100 kB | 33/577 kB\rProgress (2): 43/100 kB | 33/577 kB\rProgress (2): 43/100 kB | 49/577 kB\rProgress (2): 44/100 kB | 49/577 kB\rProgress (2): 46/100 kB | 49/577 kB\rProgress (2): 47/100 kB | 49/577 kB\rProgress (2): 48/100 kB | 49/577 kB\rProgress (2): 50/100 kB | 49/577 kB\rProgress (2): 51/100 kB | 49/577 kB\rProgress (2): 52/100 kB | 49/577 kB\rProgress (2): 54/100 kB | 49/577 kB\rProgress (2): 55/100 kB | 49/577 kB\rProgress (2): 57/100 kB | 49/577 kB\rProgress (2): 58/100 kB | 49/577 kB\rProgress (2): 59/100 kB | 49/577 kB\rProgress (2): 61/100 kB | 49/577 kB\rProgress (2): 62/100 kB | 49/577 kB\rProgress (2): 78/100 kB | 49/577 kB\rProgress (2): 95/100 kB | 49/577 kB\rProgress (2): 100 kB | 49/577 kB   \r                                \rDownloaded from central: https://repo.maven.apache.org/maven2/org/junit/platform/junit-platform-commons/1.8.2/junit-platform-commons-1.8.2.jar (100 kB at 1.9 MB/s)\nProgress (1): 66/577 kB\rProgress (2): 66/577 kB | 1.4/6.8 kB\rProgress (3): 66/577 kB | 1.4/6.8 kB | 16/194 kB\rProgress (4): 66/577 kB | 1.4/6.8 kB | 16/194 kB | 16/186 kB\rProgress (4): 66/577 kB | 2.8/6.8 kB | 16/194 kB | 16/186 kB\rProgress (4): 82/577 kB | 2.8/6.8 kB | 16/194 kB | 16/186 kB\rProgress (4): 82/577 kB | 2.8/6.8 kB | 33/194 kB | 16/186 kB\rProgress (4): 82/577 kB | 4.1/6.8 kB | 33/194 kB | 16/186 kB\rProgress (4): 82/577 kB | 4.1/6.8 kB | 33/194 kB | 33/186 kB\rProgress (4): 98/577 kB | 4.1/6.8 kB | 33/194 kB | 33/186 kB\rProgress (4): 98/577 kB | 4.1/6.8 kB | 49/194 kB | 33/186 kB\rProgress (4): 98/577 kB | 5.5/6.8 kB | 49/194 kB | 33/186 kB\rProgress (4): 98/577 kB | 5.5/6.8 kB | 49/194 kB | 49/186 kB\rProgress (4): 115/577 kB | 5.5/6.8 kB | 49/194 kB | 49/186 kB\rProgress (4): 115/577 kB | 5.5/6.8 kB | 66/194 kB | 49/186 kB\rProgress (4): 115/577 kB | 6.8 kB | 66/194 kB | 49/186 kB    \rProgress (4): 115/577 kB | 6.8 kB | 66/194 kB | 63/186 kB\rProgress (4): 131/577 kB | 6.8 kB | 66/194 kB | 63/186 kB\rProgress (4): 131/577 kB | 6.8 kB | 66/194 kB | 80/186 kB\rProgress (4): 147/577 kB | 6.8 kB | 66/194 kB | 80/186 kB\rProgress (4): 147/577 kB | 6.8 kB | 66/194 kB | 96/186 kB\r                                                         \rDownloaded from central: https://repo.maven.apache.org/maven2/org/apiguardian/apiguardian-api/1.1.2/apiguardian-api-1.1.2.jar (6.8 kB at 77 kB/s)\nProgress (3): 164/577 kB | 66/194 kB | 96/186 kB\rProgress (3): 164/577 kB | 66/194 kB | 113/186 kB\rProgress (3): 164/577 kB | 66/194 kB | 129/186 kB\rProgress (3): 180/577 kB | 66/194 kB | 129/186 kB\rProgress (3): 180/577 kB | 66/194 kB | 145/186 kB\rProgress (3): 197/577 kB | 66/194 kB | 145/186 kB\rProgress (3): 197/577 kB | 66/194 kB | 162/186 kB\rProgress (3): 213/577 kB | 66/194 kB | 162/186 kB\rProgress (3): 213/577 kB | 66/194 kB | 178/186 kB\rProgress (3): 229/577 kB | 66/194 kB | 178/186 kB\rProgress (3): 229/577 kB | 66/194 kB | 186 kB    \rProgress (3): 246/577 kB | 66/194 kB | 186 kB\rProgress (3): 256/577 kB | 66/194 kB | 186 kB\r                                             \rDownloaded from central: https://repo.maven.apache.org/maven2/org/junit/platform/junit-platform-engine/1.8.2/junit-platform-engine-1.8.2.jar (186 kB at 2.1 MB/s)\nProgress (2): 256/577 kB | 82/194 kB\rProgress (2): 272/577 kB | 82/194 kB\rProgress (2): 272/577 kB | 98/194 kB\rProgress (2): 289/577 kB | 98/194 kB\rProgress (2): 305/577 kB | 98/194 kB\rProgress (2): 321/577 kB | 98/194 kB\rProgress (2): 321/577 kB | 115/194 kB\rProgress (2): 321/577 kB | 131/194 kB\rProgress (2): 338/577 kB | 131/194 kB\rProgress (2): 354/577 kB | 131/194 kB\rProgress (2): 354/577 kB | 147/194 kB\rProgress (2): 370/577 kB | 147/194 kB\rProgress (2): 370/577 kB | 164/194 kB\rProgress (2): 387/577 kB | 164/194 kB\rProgress (2): 387/577 kB | 180/194 kB\rProgress (2): 387/577 kB | 194 kB    \rProgress (2): 403/577 kB | 194 kB\r                                 \rDownloaded from central: https://repo.maven.apache.org/maven2/org/junit/jupiter/junit-jupiter-api/5.8.2/junit-jupiter-api-5.8.2.jar (194 kB at 1.9 MB/s)\nProgress (1): 420/577 kB\rProgress (1): 436/577 kB\rProgress (1): 452/577 kB\rProgress (1): 469/577 kB\rProgress (1): 485/577 kB\rProgress (1): 502/577 kB\rProgress (1): 518/577 kB\rProgress (1): 534/577 kB\rProgress (1): 551/577 kB\rProgress (1): 567/577 kB\rProgress (1): 577 kB    \r                    \rDownloaded from central: https://repo.maven.apache.org/maven2/org/junit/jupiter/junit-jupiter-params/5.8.2/junit-jupiter-params-5.8.2.jar (577 kB at 5.2 MB/s)\n[INFO] \n[INFO] --- clean:3.2.0:clean (default-clean) @ test-java-plain ---\nDownloading from central: https://repo.maven.apache.org/maven2/org/apache/maven/shared/maven-shared-utils/3.3.4/maven-shared-utils-3.3.4.pom\nProgress (1): 5.8 kB\r                    \rDownloaded from central: https://repo.maven.apache.org/maven2/org/apache/maven/shared/maven-shared-utils/3.3.4/maven-shared-utils-3.3.4.pom (5.8 kB at 648 kB/s)\nDownloading from central: https://repo.maven.apache.org/maven2/org/apache/maven/shared/maven-shared-components/34/maven-shared-components-34.pom\nProgress (1): 5.1 kB\r                    \rDownloaded from central: https://repo.maven.apache.org/maven2/org/apache/maven/shared/maven-shared-components/34/maven-shared-components-34.pom (5.1 kB at 728 kB/s)\nDownloading from central: https://repo.maven.apache.org/maven2/commons-io/commons-io/2.6/commons-io-2.6.pom\nProgress (1): 14 kB\r                   \rDownloaded from central: https://repo.maven.apache.org/maven2/commons-io/commons-io/2.6/commons-io-2.6.pom (14 kB at 1.0 MB/s)\nDownloading from central: https://repo.maven.apache.org/maven2/org/apache/commons/commons-parent/42/commons-parent-42.pom\nProgress (1): 16/68 kB\rProgress (1): 33/68 kB\rProgress (1): 49/68 kB\rProgress (1): 62/68 kB\rProgress (1): 68 kB   \r                   \rDownloaded from central: https://repo.maven.apache.org/maven2/org/apache/commons/commons-parent/42/commons-parent-42.pom (68 kB at 4.5 MB/s)\nDownloading from central: https://repo.maven.apache.org/maven2/org/apache/apache/18/apache-18.pom\nProgress (1): 16 kB\r                   \rDownloaded from central: https://repo.maven.apache.org/maven2/org/apache/apache/18/apache-18.pom (16 kB at 1.4 MB/s)\nDownloading from central: https://repo.maven.apache.org/maven2/org/apache/maven/shared/maven-shared-utils/3.3.4/maven-shared-utils-3.3.4.jar\nProgress (1): 16/153 kB\rProgress (1): 33/153 kB\rProgress (1): 49/153 kB\rProgress (1): 63/153 kB\rProgress (1): 79/153 kB\rProgress (1): 96/153 kB\rProgress (1): 112/153 kB\rProgress (1): 128/153 kB\rProgress (1): 145/153 kB\rProgress (1): 153 kB    \r                    \rDownloaded from central: https://repo.maven.apache.org/maven2/org/apache/maven/shared/maven-shared-utils/3.3.4/maven-shared-utils-3.3.4.jar (153 kB at 9.0 MB/s)\nDownloading from central: https://repo.maven.apache.org/maven2/commons-io/commons-io/2.6/commons-io-2.6.jar\nProgress (1): 16/215 kB\rProgress (1): 32/215 kB\rProgress (1): 49/215 kB\rProgress (1): 65/215 kB\rProgress (1): 81/215 kB\rProgress (1): 98/215 kB\rProgress (1): 114/215 kB\rProgress (1): 130/215 kB\rProgress (1): 147/215 kB\rProgress (1): 163/215 kB\rProgress (1): 180/215 kB\rProgress (1): 196/215 kB\rProgress (1): 212/215 kB\rProgress (1): 215 kB    \r                    \rDownloaded from central: https://repo.maven.apache.org/maven2/commons-io/commons-io/2.6/commons-io-2.6.jar (215 kB at 10 MB/s)\n[INFO] \n[INFO] --- resources:3.3.0:resources (default-resources) @ test-java-plain ---\nDownloading from central: https://repo.maven.apache.org/maven2/org/codehaus/plexus/plexus-interpolation/1.26/plexus-interpolation-1.26.pom\nProgress (1): 2.7 kB\r                    \rDownloaded from central: https://repo.maven.apache.org/maven2/org/codehaus/plexus/plexus-interpolation/1.26/plexus-interpolation-1.26.pom (2.7 kB at 295 kB/s)\nDownloading from central: https://repo.maven.apache.org/maven2/org/codehaus/plexus/plexus/5.1/plexus-5.1.pom\nProgress (1): 16/23 kB\rProgress (1): 23 kB   \r                   \rDownloaded from central: https://repo.maven.apache.org/maven2/org/codehaus/plexus/plexus/5.1/plexus-5.1.pom (23 kB at 2.8 MB/s)\nDownloading from central: https://repo.maven.apache.org/maven2/org/apache/maven/shared/maven-filtering/3.3.0/maven-filtering-3.3.0.pom\nProgress (1): 6.9 kB\r                    \rDownloaded from central: https://repo.maven.apache.org/maven2/org/apache/maven/shared/maven-filtering/3.3.0/maven-filtering-3.3.0.pom (6.9 kB at 867 kB/s)\nDownloading from central: https://repo.maven.apache.org/maven2/org/apache/maven/shared/maven-shared-components/36/maven-shared-components-36.pom\nProgress (1): 4.9 kB\r                    \rDownloaded from central: https://repo.maven.apache.org/maven2/org/apache/maven/shared/maven-shared-components/36/maven-shared-components-36.pom (4.9 kB at 612 kB/s)\nDownloading from central: https://repo.maven.apache.org/maven2/javax/inject/javax.inject/1/javax.inject-1.pom\nProgress (1): 612 B\r                   \rDownloaded from central: https://repo.maven.apache.org/maven2/javax/inject/javax.inject/1/javax.inject-1.pom (612 B at 76 kB/s)\nDownloading from central: https://repo.maven.apache.org/maven2/org/slf4j/slf4j-api/1.7.36/slf4j-api-1.7.36.pom\nProgress (1): 2.7 kB\r                    \rDownloaded from central: https://repo.maven.apache.org/maven2/org/slf4j/slf4j-api/1.7.36/slf4j-api-1.7.36.pom (2.7 kB at 249 kB/s)\nDownloading from central: https://repo.maven.apache.org/maven2/org/slf4j/slf4j-parent/1.7.36/slf4j-parent-1.7.36.pom\nProgress (1): 14 kB\r                   \rDownloaded from central: https://repo.maven.apache.org/maven2/org/slf4j/slf4j-parent/1.7.36/slf4j-parent-1.7.36.pom (14 kB at 1.8 MB/s)\nDownloading from central: https://repo.maven.apache.org/maven2/org/sonatype/plexus/plexus-build-api/0.0.7/plexus-build-api-0.0.7.pom\nProgress (1): 3.2 kB\r                    \rDownloaded from central: https://repo.maven.apache.org/maven2/org/sonatype/plexus/plexus-build-api/0.0.7/plexus-build-api-0.0.7.pom (3.2 kB at 320 kB/s)\nDownloading from central: https://repo.maven.apache.org/maven2/org/sonatype/spice/spice-parent/15/spice-parent-15.pom\nProgress (1): 8.4 kB\r                    \rDownloaded from central: https://repo.maven.apache.org/maven2/org/sonatype/spice/spice-parent/15/spice-parent-15.pom (8.4 kB at 929 kB/s)\nDownloading from central: https://repo.maven.apache.org/maven2/org/sonatype/forge/forge-parent/5/forge-parent-5.pom\nProgress (1): 8.4 kB\r                    \rDownloaded from central: https://repo.maven.apache.org/maven2/org/sonatype/forge/forge-parent/5/forge-parent-5.pom (8.4 kB at 929 kB/s)\nDownloading from central: https://repo.maven.apache.org/maven2/org/codehaus/plexus/plexus-utils/3.3.0/plexus-utils-3.3.0.pom\nProgress (1): 5.2 kB\r                    \rDownloaded from central: https://repo.maven.apache.org/maven2/org/codehaus/plexus/plexus-utils/3.3.0/plexus-utils-3.3.0.pom (5.2 kB at 576 kB/s)\nDownloading from central: https://repo.maven.apache.org/maven2/commons-io/commons-io/2.11.0/commons-io-2.11.0.pom\nProgress (1): 16/20 kB\rProgress (1): 20 kB   \r                   \rDownloaded from central: https://repo.maven.apache.org/maven2/commons-io/commons-io/2.11.0/commons-io-2.11.0.pom (20 kB at 2.5 MB/s)\nDownloading from central: https://repo.maven.apache.org/maven2/org/apache/commons/commons-parent/52/commons-parent-52.pom\nProgress (1): 16/79 kB\rProgress (1): 33/79 kB\rProgress (1): 49/79 kB\rProgress (1): 64/79 kB\rProgress (1): 79 kB   \r                   \rDownloaded from central: https://repo.maven.apache.org/maven2/org/apache/commons/commons-parent/52/commons-parent-52.pom (79 kB at 8.8 MB/s)\nDownloading from central: https://repo.maven.apache.org/maven2/org/junit/junit-bom/5.7.2/junit-bom-5.7.2.pom\nProgress (1): 5.1 kB\r                    \rDownloaded from central: https://repo.maven.apache.org/maven2/org/junit/junit-bom/5.7.2/junit-bom-5.7.2.pom (5.1 kB at 566 kB/s)\nDownloading from central: https://repo.maven.apache.org/maven2/org/apache/commons/commons-lang3/3.12.0/commons-lang3-3.12.0.pom\nProgress (1): 16/31 kB\rProgress (1): 31 kB   \r                   \rDownloaded from central: https://repo.maven.apache.org/maven2/org/apache/commons/commons-lang3/3.12.0/commons-lang3-3.12.0.pom (31 kB at 3.4 MB/s)\nDownloading from central: https://repo.maven.apache.org/maven2/org/junit/junit-bom/5.7.1/junit-bom-5.7.1.pom\nProgress (1): 5.1 kB\r                    \rDownloaded from central: https://repo.maven.apache.org/maven2/org/junit/junit-bom/5.7.1/junit-bom-5.7.1.pom (5.1 kB at 566 kB/s)\nDownloading from central: https://repo.maven.apache.org/maven2/org/codehaus/plexus/plexus-interpolation/1.26/plexus-interpolation-1.26.jar\nProgress (1): 16/85 kB\rProgress (1): 32/85 kB\rProgress (1): 49/85 kB\rProgress (1): 65/85 kB\rProgress (1): 81/85 kB\rProgress (1): 85 kB   \r                   \rDownloaded from central: https://repo.maven.apache.org/maven2/org/codehaus/plexus/plexus-interpolation/1.26/plexus-interpolation-1.26.jar (85 kB at 7.8 MB/s)\nDownloading from central: https://repo.maven.apache.org/maven2/org/apache/maven/shared/maven-filtering/3.3.0/maven-filtering-3.3.0.jar\nDownloading from central: https://repo.maven.apache.org/maven2/javax/inject/javax.inject/1/javax.inject-1.jar\nDownloading from central: https://repo.maven.apache.org/maven2/org/slf4j/slf4j-api/1.7.36/slf4j-api-1.7.36.jar\nDownloading from central: https://repo.maven.apache.org/maven2/org/sonatype/plexus/plexus-build-api/0.0.7/plexus-build-api-0.0.7.jar\nDownloading from central: https://repo.maven.apache.org/maven2/org/codehaus/plexus/plexus-utils/3.3.0/plexus-utils-3.3.0.jar\nProgress (1): 2.5 kB\rProgress (2): 2.5 kB | 16/41 kB\rProgress (3): 2.5 kB | 16/41 kB | 16/55 kB\rProgress (3): 2.5 kB | 33/41 kB | 16/55 kB\rProgress (3): 2.5 kB | 33/41 kB | 33/55 kB\rProgress (4): 2.5 kB | 33/41 kB | 33/55 kB | 1.4/8.5 kB\rProgress (4): 2.5 kB | 41 kB | 33/55 kB | 1.4/8.5 kB   \rProgress (5): 2.5 kB | 41 kB | 33/55 kB | 1.4/8.5 kB | 16/263 kB\rProgress (5): 2.5 kB | 41 kB | 49/55 kB | 1.4/8.5 kB | 16/263 kB\rProgress (5): 2.5 kB | 41 kB | 49/55 kB | 2.8/8.5 kB | 16/263 kB\r                                                                \rDownloaded from central: https://repo.maven.apache.org/maven2/javax/inject/javax.inject/1/javax.inject-1.jar (2.5 kB at 208 kB/s)\nProgress (4): 41 kB | 55 kB | 2.8/8.5 kB | 16/263 kB\r                                                    \rDownloaded from central: https://repo.maven.apache.org/maven2/org/slf4j/slf4j-api/1.7.36/slf4j-api-1.7.36.jar (41 kB at 3.4 MB/s)\nDownloading from central: https://repo.maven.apache.org/maven2/commons-io/commons-io/2.11.0/commons-io-2.11.0.jar\nProgress (3): 55 kB | 4.1/8.5 kB | 16/263 kB\r                                            \rDownloading from central: https://repo.maven.apache.org/maven2/org/apache/commons/commons-lang3/3.12.0/commons-lang3-3.12.0.jar\nProgress (3): 55 kB | 4.1/8.5 kB | 32/263 kB\rProgress (3): 55 kB | 5.5/8.5 kB | 32/263 kB\rProgress (3): 55 kB | 6.9/8.5 kB | 32/263 kB\rProgress (3): 55 kB | 8.3/8.5 kB | 32/263 kB\rProgress (3): 55 kB | 8.5 kB | 32/263 kB    \r                                        \rDownloaded from central: https://repo.maven.apache.org/maven2/org/apache/maven/shared/maven-filtering/3.3.0/maven-filtering-3.3.0.jar (55 kB at 4.3 MB/s)\nProgress (2): 8.5 kB | 49/263 kB\r                                \rDownloaded from central: https://repo.maven.apache.org/maven2/org/sonatype/plexus/plexus-build-api/0.0.7/plexus-build-api-0.0.7.jar (8.5 kB at 707 kB/s)\nProgress (1): 65/263 kB\rProgress (1): 79/263 kB\rProgress (1): 95/263 kB\rProgress (1): 111/263 kB\rProgress (1): 128/263 kB\rProgress (1): 144/263 kB\rProgress (2): 144/263 kB | 16/327 kB\rProgress (2): 161/263 kB | 16/327 kB\rProgress (2): 161/263 kB | 33/327 kB\rProgress (2): 161/263 kB | 37/327 kB\rProgress (2): 161/263 kB | 53/327 kB\rProgress (3): 161/263 kB | 53/327 kB | 16/587 kB\rProgress (3): 161/263 kB | 69/327 kB | 16/587 kB\rProgress (3): 161/263 kB | 69/327 kB | 32/587 kB\rProgress (3): 161/263 kB | 86/327 kB | 32/587 kB\rProgress (3): 161/263 kB | 86/327 kB | 49/587 kB\rProgress (3): 161/263 kB | 86/327 kB | 65/587 kB\rProgress (3): 161/263 kB | 86/327 kB | 81/587 kB\rProgress (3): 161/263 kB | 86/327 kB | 98/587 kB\rProgress (3): 177/263 kB | 86/327 kB | 98/587 kB\rProgress (3): 177/263 kB | 86/327 kB | 114/587 kB\rProgress (3): 177/263 kB | 86/327 kB | 131/587 kB\rProgress (3): 177/263 kB | 102/327 kB | 131/587 kB\rProgress (3): 177/263 kB | 102/327 kB | 147/587 kB\rProgress (3): 177/263 kB | 102/327 kB | 163/587 kB\rProgress (3): 177/263 kB | 102/327 kB | 180/587 kB\rProgress (3): 193/263 kB | 102/327 kB | 180/587 kB\rProgress (3): 210/263 kB | 102/327 kB | 180/587 kB\rProgress (3): 210/263 kB | 118/327 kB | 180/587 kB\rProgress (3): 210/263 kB | 118/327 kB | 196/587 kB\rProgress (3): 210/263 kB | 118/327 kB | 212/587 kB\rProgress (3): 226/263 kB | 118/327 kB | 212/587 kB\rProgress (3): 226/263 kB | 118/327 kB | 229/587 kB\rProgress (3): 226/263 kB | 135/327 kB | 229/587 kB\rProgress (3): 226/263 kB | 151/327 kB | 229/587 kB\rProgress (3): 242/263 kB | 151/327 kB | 229/587 kB\rProgress (3): 242/263 kB | 151/327 kB | 245/587 kB\rProgress (3): 242/263 kB | 168/327 kB | 245/587 kB\rProgress (3): 242/263 kB | 184/327 kB | 245/587 kB\rProgress (3): 242/263 kB | 184/327 kB | 262/587 kB\rProgress (3): 242/263 kB | 200/327 kB | 262/587 kB\rProgress (3): 242/263 kB | 200/327 kB | 278/587 kB\rProgress (3): 259/263 kB | 200/327 kB | 278/587 kB\rProgress (3): 259/263 kB | 217/327 kB | 278/587 kB\rProgress (3): 263 kB | 217/327 kB | 278/587 kB    \rProgress (3): 263 kB | 233/327 kB | 278/587 kB\rProgress (3): 263 kB | 233/327 kB | 294/587 kB\r                                              \rDownloaded from central: https://repo.maven.apache.org/maven2/org/codehaus/plexus/plexus-utils/3.3.0/plexus-utils-3.3.0.jar (263 kB at 9.4 MB/s)\nProgress (2): 233/327 kB | 311/587 kB\rProgress (2): 233/327 kB | 327/587 kB\rProgress (2): 233/327 kB | 344/587 kB\rProgress (2): 250/327 kB | 344/587 kB\rProgress (2): 250/327 kB | 360/587 kB\rProgress (2): 266/327 kB | 360/587 kB\rProgress (2): 282/327 kB | 360/587 kB\rProgress (2): 282/327 kB | 376/587 kB\rProgress (2): 292/327 kB | 376/587 kB\rProgress (2): 292/327 kB | 393/587 kB\rProgress (2): 309/327 kB | 393/587 kB\rProgress (2): 309/327 kB | 402/587 kB\rProgress (2): 325/327 kB | 402/587 kB\rProgress (2): 327 kB | 402/587 kB    \rProgress (2): 327 kB | 418/587 kB\rProgress (2): 327 kB | 435/587 kB\r                                 \rDownloaded from central: https://repo.maven.apache.org/maven2/commons-io/commons-io/2.11.0/commons-io-2.11.0.jar (327 kB at 9.9 MB/s)\nProgress (1): 451/587 kB\rProgress (1): 468/587 kB\rProgress (1): 484/587 kB\rProgress (1): 500/587 kB\rProgress (1): 517/587 kB\rProgress (1): 533/587 kB\rProgress (1): 549/587 kB\rProgress (1): 566/587 kB\rProgress (1): 582/587 kB\rProgress (1): 587 kB    \r                    \rDownloaded from central: https://repo.maven.apache.org/maven2/org/apache/commons/commons-lang3/3.12.0/commons-lang3-3.12.0.jar (587 kB at 17 MB/s)\n[WARNING] Using platform encoding (ANSI_X3.4-1968 actually) to copy filtered resources, i.e. build is platform dependent!\n[INFO] skip non existing resourceDirectory /tmp/eval-dev-quality992866327/plain/src/main/resources\n[INFO] \n[INFO] --- compiler:3.10.1:compile (default-compile) @ test-java-plain ---\nDownloading from central: https://repo.maven.apache.org/maven2/org/apache/maven/shared/maven-shared-incremental/1.1/maven-shared-incremental-1.1.pom\nProgress (1): 4.7 kB\r                    \rDownloaded from central: https://repo.maven.apache.org/maven2/org/apache/maven/shared/maven-shared-incremental/1.1/maven-shared-incremental-1.1.pom (4.7 kB at 593 kB/s)\nDownloading from central: https://repo.maven.apache.org/maven2/org/apache/maven/shared/maven-shared-components/19/maven-shared-components-19.pom\nProgress (1): 6.4 kB\r                    \rDownloaded from central: https://repo.maven.apache.org/maven2/org/apache/maven/shared/maven-shared-components/19/maven-shared-components-19.pom (6.4 kB at 908 kB/s)\nDownloading from central: https://repo.maven.apache.org/maven2/org/apache/maven/maven-parent/23/maven-parent-23.pom\nProgress (1): 16/33 kB\rProgress (1): 33 kB   \r                   \rDownloaded from central: https://repo.maven.apache.org/maven2/org/apache/maven/maven-parent/23/maven-parent-23.pom (33 kB at 4.1 MB/s)\nDownloading from central: https://repo.maven.apache.org/maven2/org/apache/apache/13/apache-13.pom\nProgress (1): 14 kB\r                   \rDownloaded from central: https://repo.maven.apache.org/maven2/org/apache/apache/13/apache-13.pom (14 kB at 1.7 MB/s)\nDownloading from central: https://repo.maven.apache.org/maven2/org/codehaus/plexus/plexus-component-annotations/2.0.0/plexus-component-annotations-2.0.0.pom\nProgress (1): 750 B\r                   \rDownloaded from central: https://repo.maven.apache.org/maven2/org/codehaus/plexus/plexus-component-annotations/2.0.0/plexus-component-annotations-2.0.0.pom (750 B at 94 kB/s)\nDownloading from central: https://repo.maven.apache.org/maven2/org/codehaus/plexus/plexus-containers/2.0.0/plexus-containers-2.0.0.pom\nProgress (1): 4.8 kB\r                    \rDownloaded from central: https://repo.maven.apache.org/maven2/org/codehaus/plexus/plexus-containers/2.0.0/plexus-containers-2.0.0.pom (4.8 kB at 534 kB/s)\nDownloading from central: https://repo.maven.apache.org/maven2/org/codehaus/plexus/plexus-java/1.1.1/plexus-java-1.1.1.pom\nProgress (1): 5.0 kB\r                    \rDownloaded from central: https://repo.maven.apache.org/maven2/org/codehaus/plexus/plexus-java/1.1.1/plexus-java-1.1.1.pom (5.0 kB at 621 kB/s)\nDownloading from central: https://repo.maven.apache.org/maven2/org/codehaus/plexus/plexus-languages/1.1.1/plexus-languages-1.1.1.pom\nProgress (1): 4.6 kB\r                    \rDownloaded from central: https://repo.maven.apache.org/maven2/org/codehaus/plexus/plexus-languages/1.1.1/plexus-languages-1.1.1.pom (4.6 kB at 461 kB/s)\nDownloading from central: https://repo.maven.apache.org/maven2/org/codehaus/plexus/plexus/8/plexus-8.pom\nProgress (1): 16/25 kB\rProgress (1): 25 kB   \r                   \rDownloaded from central: https://repo.maven.apache.org/maven2/org/codehaus/plexus/plexus/8/plexus-8.pom (25 kB at 2.8 MB/s)\nDownloading from central: https://repo.maven.apache.org/maven2/org/ow2/asm/asm/9.2/asm-9.2.pom\nProgress (1): 2.4 kB\r                    \rDownloaded from central: https://repo.maven.apache.org/maven2/org/ow2/asm/asm/9.2/asm-9.2.pom (2.4 kB at 296 kB/s)\nDownloading from central: https://repo.maven.apache.org/maven2/org/ow2/ow2/1.5/ow2-1.5.pom\nProgress (1): 11 kB\r                   \rDownloaded from central: https://repo.maven.apache.org/maven2/org/ow2/ow2/1.5/ow2-1.5.pom (11 kB at 1.2 MB/s)\nDownloading from central: https://repo.maven.apache.org/maven2/com/thoughtworks/qdox/qdox/2.0.1/qdox-2.0.1.pom\nProgress (1): 16 kB\r                   \rDownloaded from central: https://repo.maven.apache.org/maven2/com/thoughtworks/qdox/qdox/2.0.1/qdox-2.0.1.pom (16 kB at 1.5 MB/s)\nDownloading from central: https://repo.maven.apache.org/maven2/org/sonatype/oss/oss-parent/9/oss-parent-9.pom\nProgress (1): 6.6 kB\r                    \rDownloaded from central: https://repo.maven.apache.org/maven2/org/sonatype/oss/oss-parent/9/oss-parent-9.pom (6.6 kB at 730 kB/s)\nDownloading from central: https://repo.maven.apache.org/maven2/org/codehaus/plexus/plexus-compiler-api/2.11.1/plexus-compiler-api-2.11.1.pom\nProgress (1): 1.1 kB\r                    \rDownloaded from central: https://repo.maven.apache.org/maven2/org/codehaus/plexus/plexus-compiler-api/2.11.1/plexus-compiler-api-2.11.1.pom (1.1 kB at 117 kB/s)\nDownloading from central: https://repo.maven.apache.org/maven2/org/codehaus/plexus/plexus-compiler/2.11.1/plexus-compiler-2.11.1.pom\nProgress (1): 8.1 kB\r                    \rDownloaded from central: https://repo.maven.apache.org/maven2/org/codehaus/plexus/plexus-compiler/2.11.1/plexus-compiler-2.11.1.pom (8.1 kB at 902 kB/s)\nDownloading from central: https://repo.maven.apache.org/maven2/org/codehaus/plexus/plexus-components/6.6/plexus-components-6.6.pom\nProgress (1): 2.7 kB\r                    \rDownloaded from central: https://repo.maven.apache.org/maven2/org/codehaus/plexus/plexus-components/6.6/plexus-components-6.6.pom (2.7 kB at 297 kB/s)\nDownloading from central: https://repo.maven.apache.org/maven2/org/codehaus/plexus/plexus-utils/3.4.1/plexus-utils-3.4.1.pom\nProgress (1): 8.0 kB\r                    \rDownloaded from central: https://repo.maven.apache.org/maven2/org/codehaus/plexus/plexus-utils/3.4.1/plexus-utils-3.4.1.pom (8.0 kB at 885 kB/s)\nDownloading from central: https://repo.maven.apache.org/maven2/org/codehaus/plexus/plexus-compiler-manager/2.11.1/plexus-compiler-manager-2.11.1.pom\nProgress (1): 1.1 kB\r                    \rDownloaded from central: https://repo.maven.apache.org/maven2/org/codehaus/plexus/plexus-compiler-manager/2.11.1/plexus-compiler-manager-2.11.1.pom (1.1 kB at 126 kB/s)\nDownloading from central: https://repo.maven.apache.org/maven2/org/codehaus/plexus/plexus-compiler-javac/2.11.1/plexus-compiler-javac-2.11.1.pom\nProgress (1): 1.2 kB\r                    \rDownloaded from central: https://repo.maven.apache.org/maven2/org/codehaus/plexus/plexus-compiler-javac/2.11.1/plexus-compiler-javac-2.11.1.pom (1.2 kB at 150 kB/s)\nDownloading from central: https://repo.maven.apache.org/maven2/org/codehaus/plexus/plexus-compilers/2.11.1/plexus-compilers-2.11.1.pom\nProgress (1): 1.3 kB\r                    \rDownloaded from central: https://repo.maven.apache.org/maven2/org/codehaus/plexus/plexus-compilers/2.11.1/plexus-compilers-2.11.1.pom (1.3 kB at 110 kB/s)\nDownloading from central: https://repo.maven.apache.org/maven2/org/apache/maven/shared/maven-shared-incremental/1.1/maven-shared-incremental-1.1.jar\nProgress (1): 14 kB\r                   \rDownloaded from central: https://repo.maven.apache.org/maven2/org/apache/maven/shared/maven-shared-incremental/1.1/maven-shared-incremental-1.1.jar (14 kB at 1.9 MB/s)\nDownloading from central: https://repo.maven.apache.org/maven2/org/codehaus/plexus/plexus-component-annotations/2.0.0/plexus-component-annotations-2.0.0.jar\nDownloading from central: https://repo.maven.apache.org/maven2/org/ow2/asm/asm/9.2/asm-9.2.jar\nDownloading from central: https://repo.maven.apache.org/maven2/org/codehaus/plexus/plexus-java/1.1.1/plexus-java-1.1.1.jar\nDownloading from central: https://repo.maven.apache.org/maven2/com/thoughtworks/qdox/qdox/2.0.1/qdox-2.0.1.jar\nDownloading from central: https://repo.maven.apache.org/maven2/org/codehaus/plexus/plexus-compiler-api/2.11.1/plexus-compiler-api-2.11.1.jar\nProgress (1): 16/122 kB\rProgress (1): 33/122 kB\rProgress (1): 49/122 kB\rProgress (2): 49/122 kB | 4.2 kB\rProgress (2): 66/122 kB | 4.2 kB\rProgress (2): 82/122 kB | 4.2 kB\rProgress (3): 82/122 kB | 4.2 kB | 16/54 kB\r                                           \rDownloaded from central: https://repo.maven.apache.org/maven2/org/codehaus/plexus/plexus-component-annotations/2.0.0/plexus-component-annotations-2.0.0.jar (4.2 kB at 51 kB/s)\nProgress (2): 98/122 kB | 16/54 kB\rProgress (2): 98/122 kB | 33/54 kB\rProgress (2): 115/122 kB | 33/54 kB\rProgress (2): 115/122 kB | 49/54 kB\r                                   \rDownloading from central: https://repo.maven.apache.org/maven2/org/codehaus/plexus/plexus-utils/3.4.1/plexus-utils-3.4.1.jar\nProgress (2): 122 kB | 49/54 kB\rProgress (2): 122 kB | 54 kB   \r                            \rDownloaded from central: https://repo.maven.apache.org/maven2/org/ow2/asm/asm/9.2/asm-9.2.jar (122 kB at 1.4 MB/s)\nDownloading from central: https://repo.maven.apache.org/maven2/org/codehaus/plexus/plexus-compiler-manager/2.11.1/plexus-compiler-manager-2.11.1.jar\nDownloaded from central: https://repo.maven.apache.org/maven2/org/codehaus/plexus/plexus-java/1.1.1/plexus-java-1.1.1.jar (54 kB at 633 kB/s)\nDownloading from central: https://repo.maven.apache.org/maven2/org/codehaus/plexus/plexus-compiler-javac/2.11.1/plexus-compiler-javac-2.11.1.jar\nProgress (1): 16/27 kB\rProgress (1): 27 kB   \rProgress (2): 27 kB | 16/334 kB\r                               \rDownloaded from central: https://repo.maven.apache.org/maven2/org/codehaus/plexus/plexus-compiler-api/2.11.1/plexus-compiler-api-2.11.1.jar (27 kB at 1.7 MB/s)\nProgress (1): 33/334 kB\rProgress (1): 49/334 kB\rProgress (1): 66/334 kB\rProgress (2): 66/334 kB | 4.7 kB\rProgress (3): 66/334 kB | 4.7 kB | 16/23 kB\rProgress (4): 66/334 kB | 4.7 kB | 16/23 kB | 16/264 kB\rProgress (4): 66/334 kB | 4.7 kB | 23 kB | 16/264 kB   \rProgress (4): 66/334 kB | 4.7 kB | 23 kB | 33/264 kB\r                                                    \rDownloaded from central: https://repo.maven.apache.org/maven2/org/codehaus/plexus/plexus-compiler-manager/2.11.1/plexus-compiler-manager-2.11.1.jar (4.7 kB at 291 kB/s)\nProgress (3): 82/334 kB | 23 kB | 33/264 kB\rProgress (3): 82/334 kB | 23 kB | 49/264 kB\r                                           \rDownloaded from central: https://repo.maven.apache.org/maven2/org/codehaus/plexus/plexus-compiler-javac/2.11.1/plexus-compiler-javac-2.11.1.jar (23 kB at 1.5 MB/s)\nProgress (2): 82/334 kB | 62/264 kB\rProgress (2): 82/334 kB | 78/264 kB\rProgress (2): 82/334 kB | 95/264 kB\rProgress (2): 82/334 kB | 111/264 kB\rProgress (2): 82/334 kB | 127/264 kB\rProgress (2): 98/334 kB | 127/264 kB\rProgress (2): 115/334 kB | 127/264 kB\rProgress (2): 131/334 kB | 127/264 kB\rProgress (2): 147/334 kB | 127/264 kB\rProgress (2): 164/334 kB | 127/264 kB\rProgress (2): 164/334 kB | 144/264 kB\rProgress (2): 180/334 kB | 144/264 kB\rProgress (2): 180/334 kB | 160/264 kB\rProgress (2): 180/334 kB | 177/264 kB\rProgress (2): 180/334 kB | 193/264 kB\rProgress (2): 180/334 kB | 209/264 kB\rProgress (2): 180/334 kB | 226/264 kB\rProgress (2): 180/334 kB | 242/264 kB\rProgress (2): 197/334 kB | 242/264 kB\rProgress (2): 197/334 kB | 258/264 kB\rProgress (2): 213/334 kB | 258/264 kB\rProgress (2): 213/334 kB | 264 kB    \rProgress (2): 229/334 kB | 264 kB\rProgress (2): 246/334 kB | 264 kB\rProgress (2): 256/334 kB | 264 kB\rProgress (2): 272/334 kB | 264 kB\rProgress (2): 289/334 kB | 264 kB\rProgress (2): 305/334 kB | 264 kB\r                                 \rDownloaded from central: https://repo.maven.apache.org/maven2/org/codehaus/plexus/plexus-utils/3.4.1/plexus-utils-3.4.1.jar (264 kB at 9.8 MB/s)\nProgress (1): 321/334 kB\rProgress (1): 334 kB    \r                    \rDownloaded from central: https://repo.maven.apache.org/maven2/com/thoughtworks/qdox/qdox/2.0.1/qdox-2.0.1.jar (334 kB at 3.2 MB/s)\n[INFO] Changes detected - recompiling the module!\n[WARNING] File encoding has not been set, using platform encoding ANSI_X3.4-1968, i.e. build is platform dependent!\n[INFO] Compiling 1 source file to /tmp/eval-dev-quality992866327/plain/target/classes\n[INFO] \n[INFO] --- resources:3.3.0:resources (default-resources) @ test-java-plain ---\n[WARNING] Using platform encoding (ANSI_X3.4-1968 actually) to copy filtered resources, i.e. build is platform dependent!\n[INFO] skip non existing resourceDirectory /tmp/eval-dev-quality992866327/plain/src/main/resources\n[INFO] \n[INFO] --- compiler:3.10.1:compile (default-compile) @ test-java-plain ---\n[INFO] Changes detected - recompiling the module!\n[WARNING] File encoding has not been set, using platform encoding ANSI_X3.4-1968, i.e. build is platform dependent!\n[INFO] Compiling 1 source file to /tmp/eval-dev-quality992866327/plain/target/classes\n[INFO] \n[INFO] --- resources:3.3.0:testResources (default-testResources) @ test-java-plain ---\n[WARNING] Using platform encoding (ANSI_X3.4-1968 actually) to copy filtered resources, i.e. build is platform dependent!\n[INFO] skip non existing resourceDirectory /tmp/eval-dev-quality992866327/plain/src/test/resources\n[INFO] \n[INFO] --- compiler:3.10.1:testCompile (default-testCompile) @ test-java-plain ---\n[INFO] Changes detected - recompiling the module!\n[WARNING] File encoding has not been set, using platform encoding ANSI_X3.4-1968, i.e. build is platform dependent!\n[INFO] Compiling 1 source file to /tmp/eval-dev-quality992866327/plain/target/test-classes\n[INFO] -------------------------------------------------------------\n[ERROR] COMPILATION ERROR : \n[INFO] -------------------------------------------------------------\n[ERROR] /tmp/eval-dev-quality992866327/plain/src/test/java/com/eval/PlainTest.java:[8,9] cannot find symbol\n  symbol:   variable Plain\n  location: class PlainTest\n[INFO] 1 error\n[INFO] -------------------------------------------------------------\n[INFO] ------------------------------------------------------------------------\n[INFO] BUILD FAILURE\n[INFO] ------------------------------------------------------------------------\n[INFO] Total time:  2.937 s\n[INFO] Finished at: 2024-06-19T11:09:13Z\n[INFO] ------------------------------------------------------------------------\n[ERROR] Failed to execute goal org.apache.maven.plugins:maven-compiler-plugin:3.10.1:testCompile (default-testCompile) on project test-java-plain: Compilation failure\n[ERROR] /tmp/eval-dev-quality992866327/plain/src/test/java/com/eval/PlainTest.java:[8,9] cannot find symbol\n[ERROR]   symbol:   variable Plain\n[ERROR]   location: class PlainTest\n[ERROR] \n[ERROR] -> [Help 1]\n[ERROR] \n[ERROR] To see the full stack trace of the errors, re-run Maven with the -e switch.\n[ERROR] Re-run Maven using the -X switch to enable full debug logging.\n[ERROR] \n[ERROR] For more information about the errors and possible solutions, please read the following articles:\n[ERROR] [Help 1] http://cwiki.apache.org/confluence/display/MAVEN/MojoFailureException\n",
}
Stacktrace: goroutine 1 [running]:
gitlab.nethead.at/symflower/symflower/model/errors.NewInternalError({0x1f42da0?, 0xc0006654e0}, {0xffa8c0?, 0xc0006a1db8})
	gitlab.nethead.at/symflower/symflower/model/errors/error.go:850 +0x59
gitlab.nethead.at/symflower/symflower/language/java/execute.MavenDependencyCommand.func1()
	gitlab.nethead.at/symflower/symflower/language/java/execute/maven.go:80 +0x1ef
github.com/avast/retry-go.Do(0xc0007078b8, {0xc0007078a0, 0x3, 0x418c94?})
	github.com/avast/retry-go/retry.go:135 +0x5a3
gitlab.nethead.at/symflower/symflower/language/java/execute.MavenDependencyCommand({0xc000720270, 0x25}, 0x0, {0xc000715e60, 0x6, 0x6})
	gitlab.nethead.at/symflower/symflower/language/java/execute/maven.go:60 +0x1c5
gitlab.nethead.at/symflower/symflower/language/java/execute.MavenCloverCoverage({0xc000720270, 0x25})
	gitlab.nethead.at/symflower/symflower/language/java/execute/clover.go:131 +0xc9
gitlab.nethead.at/symflower/symflower/cmd/symflower-local/cmd.(*commandTest).Execute(0xc0000fdd78, {0xc0000fdc00?, 0x7fd21082e2d8?, 0xc0000fdd78?})
	gitlab.nethead.at/symflower/symflower/cmd/symflower-local/cmd/test.go:143 +0x54f
gitlab.nethead.at/symflower/symflower/cmd.ExecuteNoExit({0x1f425e0?, 0xc0000fdc00}, {0xc000212000?, 0x0?, 0xc00058fed8?})
	gitlab.nethead.at/symflower/symflower/cmd/execute.go:56 +0x2d0
gitlab.nethead.at/symflower/symflower/cmd.Execute({0x1f425e0?, 0xc0000fdc00?}, {0xc000212000?, 0x274c500?, 0xc0000fdc00?})
	gitlab.nethead.at/symflower/symflower/cmd/execute.go:16 +0x26
gitlab.nethead.at/symflower/symflower/cmd.ExecuteWithOSArguments(...)
	gitlab.nethead.at/symflower/symflower/cmd/execute.go:75
main.main.func1()
	gitlab.nethead.at/symflower/symflower/cmd/symflower-demo/main.go:40 +0x34
gitlab.nethead.at/symflower/symflower/cmd/symflower-local/cmd.(*Command).WithPanicReporter(0xc00012e058?, 0x2636b18?)
	gitlab.nethead.at/symflower/symflower/cmd/symflower-local/cmd/cmd.go:184 +0x48
main.main()
	gitlab.nethead.at/symflower/symflower/cmd/symflower-demo/main.go:39 +0xa5


src/main/java/com/eval/Plain.java]
2024/06/19 11:09:18 Evaluating model "openrouter/nousresearch/nous-hermes-yi-34b" on task "write-tests" using language "java" and repository "java/plain"
2024/06/19 11:09:18 Querying model "openrouter/nousresearch/nous-hermes-yi-34b" with:
	Given the following Java code file "src/main/java/com/eval/Plain.java" with package "com.eval", provide a test file for this code with JUnit 5 as a test framework.
	The tests should produce 100 percent code coverage and must compile.
	The response must contain only the test code and nothing else.

	```java
	package com.eval;

	class Plain {
	    static void plain() {
	    }
	}
	```
2024/06/19 11:09:21 Model "openrouter/nousresearch/nous-hermes-yi-34b" responded (2903 ms) with:
	package com.eval;

	import org.junit.jupiter.api.Test;

	class PlainTest {
	  @Test
	  void testPlain() {
	    Plain.plain();
	  }
	}
2024/06/19 11:09:21 $ symflower test --language java --workspace /tmp/eval-dev-quality992866327/plain --coverage-file /tmp/eval-dev-quality992866327/plain/coverage.json
[INFO] Scanning for projects...
[WARNING] 
[WARNING] Some problems were encountered while building the effective model for eval.dev.quality:test-java-plain:jar:SNAPSHOT
[WARNING] 'version' uses an unsupported snapshot version format, should be '*-SNAPSHOT' instead. @ line 6, column 11
[WARNING] 
[WARNING] It is highly recommended to fix these problems because they threaten the stability of your build.
[WARNING] 
[WARNING] For this reason, future Maven versions might no longer support building such malformed projects.
[WARNING] 
[INFO] 
[INFO] ------------------< eval.dev.quality:test-java-plain >------------------
[INFO] Building test-java-plain SNAPSHOT
[INFO]   from pom.xml
[INFO] --------------------------------[ jar ]---------------------------------
[INFO] 
[INFO] --- clover:4.5.2:aggregate (default-cli) @ test-java-plain ---
[INFO] 
[INFO] ------------------< eval.dev.quality:test-java-plain >------------------
[INFO] Building test-java-plain SNAPSHOT
[INFO]   from pom.xml
[INFO] --------------------------------[ jar ]---------------------------------
[INFO] 
[INFO] --- clover:4.5.2:clover (default-cli) @ test-java-plain ---
[INFO] Using default-clover-report descriptor.
[INFO] Using Clover report descriptor: /tmp/mvn16742593013955726315resource
[INFO] OpenClover Version 4.5.2, built on 2024-01-31
[INFO] Clover is enabled with initstring '/tmp/eval-dev-quality992866327/plain/target/clover/clover.db'
[INFO] OpenClover Version 4.5.2, built on 2024-01-31
[INFO] Loading coverage database from: '/tmp/eval-dev-quality992866327/plain/target/clover/clover.db'
[INFO] Writing report to '/tmp/eval-dev-quality992866327/plain/target/site/clover/clover.xml'
[INFO] ------------------------------------------------------------------------
[INFO] BUILD SUCCESS
[INFO] ------------------------------------------------------------------------
[INFO] Total time:  2.235 s
[INFO] Finished at: 2024-06-19T11:09:31Z
[INFO] ------------------------------------------------------------------------

Total coverage 100.000000%
[0;34mGive us your feedback and let us know how we can improve Symflower at hello@symflower.com or https://github.com/symflower/symflower. Thanks so much for your help![0m
2024/06/19 11:09:31 Executes tests with 1 coverage objects
2024/06/19 11:09:31 Evaluated model "openrouter/nousresearch/nous-hermes-yi-34b" on task "write-tests" using language "java" and repository "java/plain": encountered 0 problems: []
2024/06/19 11:09:36 Evaluating model "openrouter/nousresearch/nous-hermes-yi-34b" on task "write-tests" using language "java" and repository "java/plain"
2024/06/19 11:09:36 Querying model "openrouter/nousresearch/nous-hermes-yi-34b" with:
	Given the following Java code file "src/main/java/com/eval/Plain.java" with package "com.eval", provide a test file for this code with JUnit 5 as a test framework.
	The tests should produce 100 percent code coverage and must compile.
	The response must contain only the test code and nothing else.

	```java
	package com.eval;

	class Plain {
	    static void plain() {
	    }
	}
	```
2024/06/19 11:09:40 Model "openrouter/nousresearch/nous-hermes-yi-34b" responded (4245 ms) with:
	import org.junit.jupiter.api.Test;
	import static org.junit.jupiter.api.Assertions.assertTrue;
	import static org.junit.jupiter.api.Assertions.assertFalse;

	class PlainTest {
	    @Test
	    void plainTest() {
	        assertTrue(Plain.plain() == true);
	        assertFalse(Plain.plain() == false);
	    }
	}
2024/06/19 11:09:40 $ symflower test --language java --workspace /tmp/eval-dev-quality992866327/plain --coverage-file /tmp/eval-dev-quality992866327/plain/coverage.json
[0;34mGive us your feedback and let us know how we can improve Symflower at hello@symflower.com or https://github.com/symflower/symflower. Thanks so much for your help![0m
ERROR: All attempts fail:
#1: Internal error: exit status 1:
[]interface {}{
    "/tmp/eval-dev-quality992866327/plain/",
    "[INFO] Scanning for projects...\n[WARNING] \n[WARNING] Some problems were encountered while building the effective model for eval.dev.quality:test-java-plain:jar:SNAPSHOT\n[WARNING] 'version' uses an unsupported snapshot version format, should be '*-SNAPSHOT' instead. @ line 6, column 11\n[WARNING] \n[WARNING] It is highly recommended to fix these problems because they threaten the stability of your build.\n[WARNING] \n[WARNING] For this reason, future Maven versions might no longer support building such malformed projects.\n[WARNING] \n[INFO] \n[INFO] ------------------< eval.dev.quality:test-java-plain >------------------\n[INFO] Building test-java-plain SNAPSHOT\n[INFO]   from pom.xml\n[INFO] --------------------------------[ jar ]---------------------------------\n[INFO] \n[INFO] --- clean:3.2.0:clean (default-clean) @ test-java-plain ---\n[INFO] \n[INFO] --- resources:3.3.0:resources (default-resources) @ test-java-plain ---\n[WARNING] Using platform encoding (ANSI_X3.4-1968 actually) to copy filtered resources, i.e. build is platform dependent!\n[INFO] skip non existing resourceDirectory /tmp/eval-dev-quality992866327/plain/src/main/resources\n[INFO] \n[INFO] --- compiler:3.10.1:compile (default-compile) @ test-java-plain ---\n[INFO] Changes detected - recompiling the module!\n[WARNING] File encoding has not been set, using platform encoding ANSI_X3.4-1968, i.e. build is platform dependent!\n[INFO] Compiling 1 source file to /tmp/eval-dev-quality992866327/plain/target/classes\n[INFO] \n[INFO] --- resources:3.3.0:resources (default-resources) @ test-java-plain ---\n[WARNING] Using platform encoding (ANSI_X3.4-1968 actually) to copy filtered resources, i.e. build is platform dependent!\n[INFO] skip non existing resourceDirectory /tmp/eval-dev-quality992866327/plain/src/main/resources\n[INFO] \n[INFO] --- compiler:3.10.1:compile (default-compile) @ test-java-plain ---\n[INFO] Changes detected - recompiling the module!\n[WARNING] File encoding has not been set, using platform encoding ANSI_X3.4-1968, i.e. build is platform dependent!\n[INFO] Compiling 1 source file to /tmp/eval-dev-quality992866327/plain/target/classes\n[INFO] \n[INFO] --- resources:3.3.0:testResources (default-testResources) @ test-java-plain ---\n[WARNING] Using platform encoding (ANSI_X3.4-1968 actually) to copy filtered resources, i.e. build is platform dependent!\n[INFO] skip non existing resourceDirectory /tmp/eval-dev-quality992866327/plain/src/test/resources\n[INFO] \n[INFO] --- compiler:3.10.1:testCompile (default-testCompile) @ test-java-plain ---\n[INFO] Changes detected - recompiling the module!\n[WARNING] File encoding has not been set, using platform encoding ANSI_X3.4-1968, i.e. build is platform dependent!\n[INFO] Compiling 1 source file to /tmp/eval-dev-quality992866327/plain/target/test-classes\n[INFO] -------------------------------------------------------------\n[ERROR] COMPILATION ERROR : \n[INFO] -------------------------------------------------------------\n[ERROR] /tmp/eval-dev-quality992866327/plain/src/test/java/com/eval/PlainTest.java:[8,20] cannot find symbol\n  symbol:   variable Plain\n  location: class PlainTest\n[ERROR] /tmp/eval-dev-quality992866327/plain/src/test/java/com/eval/PlainTest.java:[9,21] cannot find symbol\n  symbol:   variable Plain\n  location: class PlainTest\n[INFO] 2 errors \n[INFO] -------------------------------------------------------------\n[INFO] ------------------------------------------------------------------------\n[INFO] BUILD FAILURE\n[INFO] ------------------------------------------------------------------------\n[INFO] Total time:  1.153 s\n[INFO] Finished at: 2024-06-19T11:09:43Z\n[INFO] ------------------------------------------------------------------------\n[ERROR] Failed to execute goal org.apache.maven.plugins:maven-compiler-plugin:3.10.1:testCompile (default-testCompile) on project test-java-plain: Compilation failure: Compilation failure: \n[ERROR] /tmp/eval-dev-quality992866327/plain/src/test/java/com/eval/PlainTest.java:[8,20] cannot find symbol\n[ERROR]   symbol:   variable Plain\n[ERROR]   location: class PlainTest\n[ERROR] /tmp/eval-dev-quality992866327/plain/src/test/java/com/eval/PlainTest.java:[9,21] cannot find symbol\n[ERROR]   symbol:   variable Plain\n[ERROR]   location: class PlainTest\n[ERROR] -> [Help 1]\n[ERROR] \n[ERROR] To see the full stack trace of the errors, re-run Maven with the -e switch.\n[ERROR] Re-run Maven using the -X switch to enable full debug logging.\n[ERROR] \n[ERROR] For more information about the errors and possible solutions, please read the following articles:\n[ERROR] [Help 1] http://cwiki.apache.org/confluence/display/MAVEN/MojoFailureException\n",
}
Stacktrace: goroutine 1 [running]:
gitlab.nethead.at/symflower/symflower/model/errors.NewInternalError({0x1f42da0?, 0xc000818580}, {0xffa8c0?, 0xc000800eb8})
	gitlab.nethead.at/symflower/symflower/model/errors/error.go:850 +0x59
gitlab.nethead.at/symflower/symflower/language/java/execute.MavenDependencyCommand.func1()
	gitlab.nethead.at/symflower/symflower/language/java/execute/maven.go:80 +0x1ef
github.com/avast/retry-go.Do(0xc0007158b8, {0xc0007158a0, 0x3, 0x418c94?})
	github.com/avast/retry-go/retry.go:135 +0x5a3
gitlab.nethead.at/symflower/symflower/language/java/execute.MavenDependencyCommand({0xc000812270, 0x25}, 0x0, {0xc000152360, 0x6, 0x6})
	gitlab.nethead.at/symflower/symflower/language/java/execute/maven.go:60 +0x1c5
gitlab.nethead.at/symflower/symflower/language/java/execute.MavenCloverCoverage({0xc000812270, 0x25})
	gitlab.nethead.at/symflower/symflower/language/java/execute/clover.go:131 +0xc9
gitlab.nethead.at/symflower/symflower/cmd/symflower-local/cmd.(*commandTest).Execute(0xc0005de978, {0xc0005de800?, 0x7f54004cf978?, 0xc0005de978?})
	gitlab.nethead.at/symflower/symflower/cmd/symflower-local/cmd/test.go:143 +0x54f
gitlab.nethead.at/symflower/symflower/cmd.ExecuteNoExit({0x1f425e0?, 0xc0005de800}, {0xc0001c0000?, 0x2782d80?, 0xc000523ed8?})
	gitlab.nethead.at/symflower/symflower/cmd/execute.go:56 +0x2d0
gitlab.nethead.at/symflower/symflower/cmd.Execute({0x1f425e0?, 0xc0005de800?}, {0xc0001c0000?, 0x274c500?, 0xc0005de800?})
	gitlab.nethead.at/symflower/symflower/cmd/execute.go:16 +0x26
gitlab.nethead.at/symflower/symflower/cmd.ExecuteWithOSArguments(...)
	gitlab.nethead.at/symflower/symflower/cmd/execute.go:75
main.main.func1()
	gitlab.nethead.at/symflower/symflower/cmd/symflower-demo/main.go:40 +0x34
gitlab.nethead.at/symflower/symflower/cmd/symflower-local/cmd.(*Command).WithPanicReporter(0xc000198058?, 0x2636b18?)
	gitlab.nethead.at/symflower/symflower/cmd/symflower-local/cmd/cmd.go:184 +0x48
main.main()
	gitlab.nethead.at/symflower/symflower/cmd/symflower-demo/main.go:39 +0xa5

2024/06/19 11:09:43 Evaluated model "openrouter/nousresearch/nous-hermes-yi-34b" on task "write-tests" using language "java" and repository "java/plain": encountered 1 problems: [exit status 1
[0;34mGive us your feedback and let us know how we can improve Symflower at hello@symflower.com or https://github.com/symflower/symflower. Thanks so much for your help![0m
ERROR: All attempts fail:
#1: Internal error: exit status 1:
[]interface {}{
    "/tmp/eval-dev-quality992866327/plain/",
    "[INFO] Scanning for projects...\n[WARNING] \n[WARNING] Some problems were encountered while building the effective model for eval.dev.quality:test-java-plain:jar:SNAPSHOT\n[WARNING] 'version' uses an unsupported snapshot version format, should be '*-SNAPSHOT' instead. @ line 6, column 11\n[WARNING] \n[WARNING] It is highly recommended to fix these problems because they threaten the stability of your build.\n[WARNING] \n[WARNING] For this reason, future Maven versions might no longer support building such malformed projects.\n[WARNING] \n[INFO] \n[INFO] ------------------< eval.dev.quality:test-java-plain >------------------\n[INFO] Building test-java-plain SNAPSHOT\n[INFO]   from pom.xml\n[INFO] --------------------------------[ jar ]---------------------------------\n[INFO] \n[INFO] --- clean:3.2.0:clean (default-clean) @ test-java-plain ---\n[INFO] \n[INFO] --- resources:3.3.0:resources (default-resources) @ test-java-plain ---\n[WARNING] Using platform encoding (ANSI_X3.4-1968 actually) to copy filtered resources, i.e. build is platform dependent!\n[INFO] skip non existing resourceDirectory /tmp/eval-dev-quality992866327/plain/src/main/resources\n[INFO] \n[INFO] --- compiler:3.10.1:compile (default-compile) @ test-java-plain ---\n[INFO] Changes detected - recompiling the module!\n[WARNING] File encoding has not been set, using platform encoding ANSI_X3.4-1968, i.e. build is platform dependent!\n[INFO] Compiling 1 source file to /tmp/eval-dev-quality992866327/plain/target/classes\n[INFO] \n[INFO] --- resources:3.3.0:resources (default-resources) @ test-java-plain ---\n[WARNING] Using platform encoding (ANSI_X3.4-1968 actually) to copy filtered resources, i.e. build is platform dependent!\n[INFO] skip non existing resourceDirectory /tmp/eval-dev-quality992866327/plain/src/main/resources\n[INFO] \n[INFO] --- compiler:3.10.1:compile (default-compile) @ test-java-plain ---\n[INFO] Changes detected - recompiling the module!\n[WARNING] File encoding has not been set, using platform encoding ANSI_X3.4-1968, i.e. build is platform dependent!\n[INFO] Compiling 1 source file to /tmp/eval-dev-quality992866327/plain/target/classes\n[INFO] \n[INFO] --- resources:3.3.0:testResources (default-testResources) @ test-java-plain ---\n[WARNING] Using platform encoding (ANSI_X3.4-1968 actually) to copy filtered resources, i.e. build is platform dependent!\n[INFO] skip non existing resourceDirectory /tmp/eval-dev-quality992866327/plain/src/test/resources\n[INFO] \n[INFO] --- compiler:3.10.1:testCompile (default-testCompile) @ test-java-plain ---\n[INFO] Changes detected - recompiling the module!\n[WARNING] File encoding has not been set, using platform encoding ANSI_X3.4-1968, i.e. build is platform dependent!\n[INFO] Compiling 1 source file to /tmp/eval-dev-quality992866327/plain/target/test-classes\n[INFO] -------------------------------------------------------------\n[ERROR] COMPILATION ERROR : \n[INFO] -------------------------------------------------------------\n[ERROR] /tmp/eval-dev-quality992866327/plain/src/test/java/com/eval/PlainTest.java:[8,20] cannot find symbol\n  symbol:   variable Plain\n  location: class PlainTest\n[ERROR] /tmp/eval-dev-quality992866327/plain/src/test/java/com/eval/PlainTest.java:[9,21] cannot find symbol\n  symbol:   variable Plain\n  location: class PlainTest\n[INFO] 2 errors \n[INFO] -------------------------------------------------------------\n[INFO] ------------------------------------------------------------------------\n[INFO] BUILD FAILURE\n[INFO] ------------------------------------------------------------------------\n[INFO] Total time:  1.153 s\n[INFO] Finished at: 2024-06-19T11:09:43Z\n[INFO] ------------------------------------------------------------------------\n[ERROR] Failed to execute goal org.apache.maven.plugins:maven-compiler-plugin:3.10.1:testCompile (default-testCompile) on project test-java-plain: Compilation failure: Compilation failure: \n[ERROR] /tmp/eval-dev-quality992866327/plain/src/test/java/com/eval/PlainTest.java:[8,20] cannot find symbol\n[ERROR]   symbol:   variable Plain\n[ERROR]   location: class PlainTest\n[ERROR] /tmp/eval-dev-quality992866327/plain/src/test/java/com/eval/PlainTest.java:[9,21] cannot find symbol\n[ERROR]   symbol:   variable Plain\n[ERROR]   location: class PlainTest\n[ERROR] -> [Help 1]\n[ERROR] \n[ERROR] To see the full stack trace of the errors, re-run Maven with the -e switch.\n[ERROR] Re-run Maven using the -X switch to enable full debug logging.\n[ERROR] \n[ERROR] For more information about the errors and possible solutions, please read the following articles:\n[ERROR] [Help 1] http://cwiki.apache.org/confluence/display/MAVEN/MojoFailureException\n",
}
Stacktrace: goroutine 1 [running]:
gitlab.nethead.at/symflower/symflower/model/errors.NewInternalError({0x1f42da0?, 0xc000818580}, {0xffa8c0?, 0xc000800eb8})
	gitlab.nethead.at/symflower/symflower/model/errors/error.go:850 +0x59
gitlab.nethead.at/symflower/symflower/language/java/execute.MavenDependencyCommand.func1()
	gitlab.nethead.at/symflower/symflower/language/java/execute/maven.go:80 +0x1ef
github.com/avast/retry-go.Do(0xc0007158b8, {0xc0007158a0, 0x3, 0x418c94?})
	github.com/avast/retry-go/retry.go:135 +0x5a3
gitlab.nethead.at/symflower/symflower/language/java/execute.MavenDependencyCommand({0xc000812270, 0x25}, 0x0, {0xc000152360, 0x6, 0x6})
	gitlab.nethead.at/symflower/symflower/language/java/execute/maven.go:60 +0x1c5
gitlab.nethead.at/symflower/symflower/language/java/execute.MavenCloverCoverage({0xc000812270, 0x25})
	gitlab.nethead.at/symflower/symflower/language/java/execute/clover.go:131 +0xc9
gitlab.nethead.at/symflower/symflower/cmd/symflower-local/cmd.(*commandTest).Execute(0xc0005de978, {0xc0005de800?, 0x7f54004cf978?, 0xc0005de978?})
	gitlab.nethead.at/symflower/symflower/cmd/symflower-local/cmd/test.go:143 +0x54f
gitlab.nethead.at/symflower/symflower/cmd.ExecuteNoExit({0x1f425e0?, 0xc0005de800}, {0xc0001c0000?, 0x2782d80?, 0xc000523ed8?})
	gitlab.nethead.at/symflower/symflower/cmd/execute.go:56 +0x2d0
gitlab.nethead.at/symflower/symflower/cmd.Execute({0x1f425e0?, 0xc0005de800?}, {0xc0001c0000?, 0x274c500?, 0xc0005de800?})
	gitlab.nethead.at/symflower/symflower/cmd/execute.go:16 +0x26
gitlab.nethead.at/symflower/symflower/cmd.ExecuteWithOSArguments(...)
	gitlab.nethead.at/symflower/symflower/cmd/execute.go:75
main.main.func1()
	gitlab.nethead.at/symflower/symflower/cmd/symflower-demo/main.go:40 +0x34
gitlab.nethead.at/symflower/symflower/cmd/symflower-local/cmd.(*Command).WithPanicReporter(0xc000198058?, 0x2636b18?)
	gitlab.nethead.at/symflower/symflower/cmd/symflower-local/cmd/cmd.go:184 +0x48
main.main()
	gitlab.nethead.at/symflower/symflower/cmd/symflower-demo/main.go:39 +0xa5


github.com/symflower/eval-dev-quality/util.CommandWithResult
	/home/ubuntu/eval-dev-quality/util/exec.go:52
github.com/symflower/eval-dev-quality/language/java.(*Language).Execute
	/home/ubuntu/eval-dev-quality/language/java/language.go:108
github.com/symflower/eval-dev-quality/evaluate/task.(*TaskWriteTests).Run
	/home/ubuntu/eval-dev-quality/evaluate/task/task-write-test.go:91
github.com/symflower/eval-dev-quality/evaluate.Evaluate.func1
	/home/ubuntu/eval-dev-quality/evaluate/evaluate.go:128
github.com/symflower/eval-dev-quality/evaluate.withLoadedModel
	/home/ubuntu/eval-dev-quality/evaluate/evaluate.go:273
github.com/symflower/eval-dev-quality/evaluate.Evaluate
	/home/ubuntu/eval-dev-quality/evaluate/evaluate.go:118
github.com/symflower/eval-dev-quality/cmd/eval-dev-quality/cmd.(*Evaluate).Execute
	/home/ubuntu/eval-dev-quality/cmd/eval-dev-quality/cmd/evaluate.go:363
github.com/symflower/eval-dev-quality/cmd/eval-dev-quality/cmd.Execute.func1
	/home/ubuntu/eval-dev-quality/cmd/eval-dev-quality/cmd/command.go:34
github.com/jessevdk/go-flags.(*Parser).ParseArgs
	/home/ubuntu/go/pkg/mod/github.com/jessevdk/go-flags@v1.5.1-0.20210607101731-3927b71304df/parser.go:333
github.com/symflower/eval-dev-quality/cmd/eval-dev-quality/cmd.Execute
	/home/ubuntu/eval-dev-quality/cmd/eval-dev-quality/cmd/command.go:37
main.main
	/home/ubuntu/eval-dev-quality/cmd/eval-dev-quality/main.go:11
runtime.main
	/home/ubuntu/.eval-dev-quality/go/src/runtime/proc.go:267
runtime.goexit
	/home/ubuntu/.eval-dev-quality/go/src/runtime/asm_amd64.s:1650
github.com/symflower/eval-dev-quality/language/java.(*Language).Execute
	/home/ubuntu/eval-dev-quality/language/java/language.go:119
github.com/symflower/eval-dev-quality/evaluate/task.(*TaskWriteTests).Run
	/home/ubuntu/eval-dev-quality/evaluate/task/task-write-test.go:91
github.com/symflower/eval-dev-quality/evaluate.Evaluate.func1
	/home/ubuntu/eval-dev-quality/evaluate/evaluate.go:128
github.com/symflower/eval-dev-quality/evaluate.withLoadedModel
	/home/ubuntu/eval-dev-quality/evaluate/evaluate.go:273
github.com/symflower/eval-dev-quality/evaluate.Evaluate
	/home/ubuntu/eval-dev-quality/evaluate/evaluate.go:118
github.com/symflower/eval-dev-quality/cmd/eval-dev-quality/cmd.(*Evaluate).Execute
	/home/ubuntu/eval-dev-quality/cmd/eval-dev-quality/cmd/evaluate.go:363
github.com/symflower/eval-dev-quality/cmd/eval-dev-quality/cmd.Execute.func1
	/home/ubuntu/eval-dev-quality/cmd/eval-dev-quality/cmd/command.go:34
github.com/jessevdk/go-flags.(*Parser).ParseArgs
	/home/ubuntu/go/pkg/mod/github.com/jessevdk/go-flags@v1.5.1-0.20210607101731-3927b71304df/parser.go:333
github.com/symflower/eval-dev-quality/cmd/eval-dev-quality/cmd.Execute
	/home/ubuntu/eval-dev-quality/cmd/eval-dev-quality/cmd/command.go:37
main.main
	/home/ubuntu/eval-dev-quality/cmd/eval-dev-quality/main.go:11
runtime.main
	/home/ubuntu/.eval-dev-quality/go/src/runtime/proc.go:267
runtime.goexit
	/home/ubuntu/.eval-dev-quality/go/src/runtime/asm_amd64.s:1650
[0;34mGive us your feedback and let us know how we can improve Symflower at hello@symflower.com or https://github.com/symflower/symflower. Thanks so much for your help![0m
ERROR: All attempts fail:
#1: Internal error: exit status 1:
[]interface {}{
    "/tmp/eval-dev-quality992866327/plain/",
    "[INFO] Scanning for projects...\n[WARNING] \n[WARNING] Some problems were encountered while building the effective model for eval.dev.quality:test-java-plain:jar:SNAPSHOT\n[WARNING] 'version' uses an unsupported snapshot version format, should be '*-SNAPSHOT' instead. @ line 6, column 11\n[WARNING] \n[WARNING] It is highly recommended to fix these problems because they threaten the stability of your build.\n[WARNING] \n[WARNING] For this reason, future Maven versions might no longer support building such malformed projects.\n[WARNING] \n[INFO] \n[INFO] ------------------< eval.dev.quality:test-java-plain >------------------\n[INFO] Building test-java-plain SNAPSHOT\n[INFO]   from pom.xml\n[INFO] --------------------------------[ jar ]---------------------------------\n[INFO] \n[INFO] --- clean:3.2.0:clean (default-clean) @ test-java-plain ---\n[INFO] \n[INFO] --- resources:3.3.0:resources (default-resources) @ test-java-plain ---\n[WARNING] Using platform encoding (ANSI_X3.4-1968 actually) to copy filtered resources, i.e. build is platform dependent!\n[INFO] skip non existing resourceDirectory /tmp/eval-dev-quality992866327/plain/src/main/resources\n[INFO] \n[INFO] --- compiler:3.10.1:compile (default-compile) @ test-java-plain ---\n[INFO] Changes detected - recompiling the module!\n[WARNING] File encoding has not been set, using platform encoding ANSI_X3.4-1968, i.e. build is platform dependent!\n[INFO] Compiling 1 source file to /tmp/eval-dev-quality992866327/plain/target/classes\n[INFO] \n[INFO] --- resources:3.3.0:resources (default-resources) @ test-java-plain ---\n[WARNING] Using platform encoding (ANSI_X3.4-1968 actually) to copy filtered resources, i.e. build is platform dependent!\n[INFO] skip non existing resourceDirectory /tmp/eval-dev-quality992866327/plain/src/main/resources\n[INFO] \n[INFO] --- compiler:3.10.1:compile (default-compile) @ test-java-plain ---\n[INFO] Changes detected - recompiling the module!\n[WARNING] File encoding has not been set, using platform encoding ANSI_X3.4-1968, i.e. build is platform dependent!\n[INFO] Compiling 1 source file to /tmp/eval-dev-quality992866327/plain/target/classes\n[INFO] \n[INFO] --- resources:3.3.0:testResources (default-testResources) @ test-java-plain ---\n[WARNING] Using platform encoding (ANSI_X3.4-1968 actually) to copy filtered resources, i.e. build is platform dependent!\n[INFO] skip non existing resourceDirectory /tmp/eval-dev-quality992866327/plain/src/test/resources\n[INFO] \n[INFO] --- compiler:3.10.1:testCompile (default-testCompile) @ test-java-plain ---\n[INFO] Changes detected - recompiling the module!\n[WARNING] File encoding has not been set, using platform encoding ANSI_X3.4-1968, i.e. build is platform dependent!\n[INFO] Compiling 1 source file to /tmp/eval-dev-quality992866327/plain/target/test-classes\n[INFO] -------------------------------------------------------------\n[ERROR] COMPILATION ERROR : \n[INFO] -------------------------------------------------------------\n[ERROR] /tmp/eval-dev-quality992866327/plain/src/test/java/com/eval/PlainTest.java:[8,20] cannot find symbol\n  symbol:   variable Plain\n  location: class PlainTest\n[ERROR] /tmp/eval-dev-quality992866327/plain/src/test/java/com/eval/PlainTest.java:[9,21] cannot find symbol\n  symbol:   variable Plain\n  location: class PlainTest\n[INFO] 2 errors \n[INFO] -------------------------------------------------------------\n[INFO] ------------------------------------------------------------------------\n[INFO] BUILD FAILURE\n[INFO] ------------------------------------------------------------------------\n[INFO] Total time:  1.153 s\n[INFO] Finished at: 2024-06-19T11:09:43Z\n[INFO] ------------------------------------------------------------------------\n[ERROR] Failed to execute goal org.apache.maven.plugins:maven-compiler-plugin:3.10.1:testCompile (default-testCompile) on project test-java-plain: Compilation failure: Compilation failure: \n[ERROR] /tmp/eval-dev-quality992866327/plain/src/test/java/com/eval/PlainTest.java:[8,20] cannot find symbol\n[ERROR]   symbol:   variable Plain\n[ERROR]   location: class PlainTest\n[ERROR] /tmp/eval-dev-quality992866327/plain/src/test/java/com/eval/PlainTest.java:[9,21] cannot find symbol\n[ERROR]   symbol:   variable Plain\n[ERROR]   location: class PlainTest\n[ERROR] -> [Help 1]\n[ERROR] \n[ERROR] To see the full stack trace of the errors, re-run Maven with the -e switch.\n[ERROR] Re-run Maven using the -X switch to enable full debug logging.\n[ERROR] \n[ERROR] For more information about the errors and possible solutions, please read the following articles:\n[ERROR] [Help 1] http://cwiki.apache.org/confluence/display/MAVEN/MojoFailureException\n",
}
Stacktrace: goroutine 1 [running]:
gitlab.nethead.at/symflower/symflower/model/errors.NewInternalError({0x1f42da0?, 0xc000818580}, {0xffa8c0?, 0xc000800eb8})
	gitlab.nethead.at/symflower/symflower/model/errors/error.go:850 +0x59
gitlab.nethead.at/symflower/symflower/language/java/execute.MavenDependencyCommand.func1()
	gitlab.nethead.at/symflower/symflower/language/java/execute/maven.go:80 +0x1ef
github.com/avast/retry-go.Do(0xc0007158b8, {0xc0007158a0, 0x3, 0x418c94?})
	github.com/avast/retry-go/retry.go:135 +0x5a3
gitlab.nethead.at/symflower/symflower/language/java/execute.MavenDependencyCommand({0xc000812270, 0x25}, 0x0, {0xc000152360, 0x6, 0x6})
	gitlab.nethead.at/symflower/symflower/language/java/execute/maven.go:60 +0x1c5
gitlab.nethead.at/symflower/symflower/language/java/execute.MavenCloverCoverage({0xc000812270, 0x25})
	gitlab.nethead.at/symflower/symflower/language/java/execute/clover.go:131 +0xc9
gitlab.nethead.at/symflower/symflower/cmd/symflower-local/cmd.(*commandTest).Execute(0xc0005de978, {0xc0005de800?, 0x7f54004cf978?, 0xc0005de978?})
	gitlab.nethead.at/symflower/symflower/cmd/symflower-local/cmd/test.go:143 +0x54f
gitlab.nethead.at/symflower/symflower/cmd.ExecuteNoExit({0x1f425e0?, 0xc0005de800}, {0xc0001c0000?, 0x2782d80?, 0xc000523ed8?})
	gitlab.nethead.at/symflower/symflower/cmd/execute.go:56 +0x2d0
gitlab.nethead.at/symflower/symflower/cmd.Execute({0x1f425e0?, 0xc0005de800?}, {0xc0001c0000?, 0x274c500?, 0xc0005de800?})
	gitlab.nethead.at/symflower/symflower/cmd/execute.go:16 +0x26
gitlab.nethead.at/symflower/symflower/cmd.ExecuteWithOSArguments(...)
	gitlab.nethead.at/symflower/symflower/cmd/execute.go:75
main.main.func1()
	gitlab.nethead.at/symflower/symflower/cmd/symflower-demo/main.go:40 +0x34
gitlab.nethead.at/symflower/symflower/cmd/symflower-local/cmd.(*Command).WithPanicReporter(0xc000198058?, 0x2636b18?)
	gitlab.nethead.at/symflower/symflower/cmd/symflower-local/cmd/cmd.go:184 +0x48
main.main()
	gitlab.nethead.at/symflower/symflower/cmd/symflower-demo/main.go:39 +0xa5


src/main/java/com/eval/Plain.java]
2024/06/19 11:09:46 Evaluating model "openrouter/nousresearch/nous-hermes-yi-34b" on task "write-tests" using language "java" and repository "java/plain"
2024/06/19 11:09:46 Querying model "openrouter/nousresearch/nous-hermes-yi-34b" with:
	Given the following Java code file "src/main/java/com/eval/Plain.java" with package "com.eval", provide a test file for this code with JUnit 5 as a test framework.
	The tests should produce 100 percent code coverage and must compile.
	The response must contain only the test code and nothing else.

	```java
	package com.eval;

	class Plain {
	    static void plain() {
	    }
	}
	```
2024/06/19 11:09:49 Model "openrouter/nousresearch/nous-hermes-yi-34b" responded (3561 ms) with:
	```java
	package com.eval;

	import org.junit.jupiter.api.Test;

	class PlainTest {

	    @Test
	    void testPlain() {
	        Plain.plain();
	    }

	}
	```
2024/06/19 11:09:49 $ symflower test --language java --workspace /tmp/eval-dev-quality992866327/plain --coverage-file /tmp/eval-dev-quality992866327/plain/coverage.json
[INFO] Scanning for projects...
[WARNING] 
[WARNING] Some problems were encountered while building the effective model for eval.dev.quality:test-java-plain:jar:SNAPSHOT
[WARNING] 'version' uses an unsupported snapshot version format, should be '*-SNAPSHOT' instead. @ line 6, column 11
[WARNING] 
[WARNING] It is highly recommended to fix these problems because they threaten the stability of your build.
[WARNING] 
[WARNING] For this reason, future Maven versions might no longer support building such malformed projects.
[WARNING] 
[INFO] 
[INFO] ------------------< eval.dev.quality:test-java-plain >------------------
[INFO] Building test-java-plain SNAPSHOT
[INFO]   from pom.xml
[INFO] --------------------------------[ jar ]---------------------------------
[INFO] 
[INFO] --- clover:4.5.2:aggregate (default-cli) @ test-java-plain ---
[INFO] 
[INFO] ------------------< eval.dev.quality:test-java-plain >------------------
[INFO] Building test-java-plain SNAPSHOT
[INFO]   from pom.xml
[INFO] --------------------------------[ jar ]---------------------------------
[INFO] 
[INFO] --- clover:4.5.2:clover (default-cli) @ test-java-plain ---
[INFO] Using default-clover-report descriptor.
[INFO] Using Clover report descriptor: /tmp/mvn6116403628878974145resource
[INFO] OpenClover Version 4.5.2, built on 2024-01-31
[INFO] Clover is enabled with initstring '/tmp/eval-dev-quality992866327/plain/target/clover/clover.db'
[INFO] OpenClover Version 4.5.2, built on 2024-01-31
[INFO] Loading coverage database from: '/tmp/eval-dev-quality992866327/plain/target/clover/clover.db'
[INFO] Writing report to '/tmp/eval-dev-quality992866327/plain/target/site/clover/clover.xml'
[INFO] ------------------------------------------------------------------------
[INFO] BUILD SUCCESS
[INFO] ------------------------------------------------------------------------
[INFO] Total time:  2.337 s
[INFO] Finished at: 2024-06-19T11:09:57Z
[INFO] ------------------------------------------------------------------------

Total coverage 100.000000%
[0;34mGive us your feedback and let us know how we can improve Symflower at hello@symflower.com or https://github.com/symflower/symflower. Thanks so much for your help![0m
2024/06/19 11:09:58 Executes tests with 1 coverage objects
2024/06/19 11:09:58 Evaluated model "openrouter/nousresearch/nous-hermes-yi-34b" on task "write-tests" using language "java" and repository "java/plain": encountered 0 problems: []
2024/06/19 11:10:15 Evaluating model "openrouter/nousresearch/nous-hermes-yi-34b" on task "write-tests" using language "java" and repository "java/plain"
2024/06/19 11:10:15 Querying model "openrouter/nousresearch/nous-hermes-yi-34b" with:
	Given the following Java code file "src/main/java/com/eval/Plain.java" with package "com.eval", provide a test file for this code with JUnit 5 as a test framework.
	The tests should produce 100 percent code coverage and must compile.
	The response must contain only the test code and nothing else.

	```java
	package com.eval;

	class Plain {
	    static void plain() {
	    }
	}
	```
2024/06/19 11:10:20 Model "openrouter/nousresearch/nous-hermes-yi-34b" responded (4212 ms) with:
	```java
	package com.eval;

	import org.junit.jupiter.api.Test;

	class PlainTest {

	    @Test
	    void testPlain() {
	        Plain.plain();
	    }

	}
	```
2024/06/19 11:10:20 $ symflower test --language java --workspace /tmp/eval-dev-quality992866327/plain --coverage-file /tmp/eval-dev-quality992866327/plain/coverage.json
[INFO] Scanning for projects...
[WARNING] 
[WARNING] Some problems were encountered while building the effective model for eval.dev.quality:test-java-plain:jar:SNAPSHOT
[WARNING] 'version' uses an unsupported snapshot version format, should be '*-SNAPSHOT' instead. @ line 6, column 11
[WARNING] 
[WARNING] It is highly recommended to fix these problems because they threaten the stability of your build.
[WARNING] 
[WARNING] For this reason, future Maven versions might no longer support building such malformed projects.
[WARNING] 
[INFO] 
[INFO] ------------------< eval.dev.quality:test-java-plain >------------------
[INFO] Building test-java-plain SNAPSHOT
[INFO]   from pom.xml
[INFO] --------------------------------[ jar ]---------------------------------
[INFO] 
[INFO] --- clover:4.5.2:aggregate (default-cli) @ test-java-plain ---
[INFO] 
[INFO] ------------------< eval.dev.quality:test-java-plain >------------------
[INFO] Building test-java-plain SNAPSHOT
[INFO]   from pom.xml
[INFO] --------------------------------[ jar ]---------------------------------
[INFO] 
[INFO] --- clover:4.5.2:clover (default-cli) @ test-java-plain ---
[INFO] Using default-clover-report descriptor.
[INFO] Using Clover report descriptor: /tmp/mvn4047580290055395431resource
[INFO] OpenClover Version 4.5.2, built on 2024-01-31
[INFO] Clover is enabled with initstring '/tmp/eval-dev-quality992866327/plain/target/clover/clover.db'
[INFO] OpenClover Version 4.5.2, built on 2024-01-31
[INFO] Loading coverage database from: '/tmp/eval-dev-quality992866327/plain/target/clover/clover.db'
[INFO] Writing report to '/tmp/eval-dev-quality992866327/plain/target/site/clover/clover.xml'
[INFO] ------------------------------------------------------------------------
[INFO] BUILD SUCCESS
[INFO] ------------------------------------------------------------------------
[INFO] Total time:  2.216 s
[INFO] Finished at: 2024-06-19T11:10:27Z
[INFO] ------------------------------------------------------------------------

Total coverage 100.000000%
[0;34mGive us your feedback and let us know how we can improve Symflower at hello@symflower.com or https://github.com/symflower/symflower. Thanks so much for your help![0m
2024/06/19 11:10:27 Executes tests with 1 coverage objects
2024/06/19 11:10:27 Evaluated model "openrouter/nousresearch/nous-hermes-yi-34b" on task "write-tests" using language "java" and repository "java/plain": encountered 0 problems: []
