2024/06/19 10:15:35 Evaluating model "openrouter/01-ai/yi-34b-chat" on task "write-tests" using language "java" and repository "java/plain"
2024/06/19 10:15:35 Querying model "openrouter/01-ai/yi-34b-chat" with:
	Given the following Java code file "src/main/java/com/eval/Plain.java" with package "com.eval", provide a test file for this code with JUnit 5 as a test framework.
	The tests should produce 100 percent code coverage and must compile.
	The response must contain only the test code and nothing else.

	```java
	package com.eval;

	class Plain {
	    static void plain() {
	    }
	}
	```
2024/06/19 10:15:37 Model "openrouter/01-ai/yi-34b-chat" responded (2586 ms) with:
	```java
	package com.eval;

	import org.junit.jupiter.api.Test;

	import static org.junit.jupiter.api.Assertions.*;

	class PlainTest {
	    @Test
	    void plainTest() {
	        Plain.plain();
	    }
	}
	```
2024/06/19 10:15:37 $ symflower test --language java --workspace /tmp/eval-dev-quality1751284491/plain --coverage-file /tmp/eval-dev-quality1751284491/plain/coverage.json
[INFO] Scanning for projects...
[WARNING] 
[WARNING] Some problems were encountered while building the effective model for eval.dev.quality:test-java-plain:jar:SNAPSHOT
[WARNING] 'version' uses an unsupported snapshot version format, should be '*-SNAPSHOT' instead. @ line 6, column 11
[WARNING] 
[WARNING] It is highly recommended to fix these problems because they threaten the stability of your build.
[WARNING] 
[WARNING] For this reason, future Maven versions might no longer support building such malformed projects.
[WARNING] 
[INFO] 
[INFO] ------------------< eval.dev.quality:test-java-plain >------------------
[INFO] Building test-java-plain SNAPSHOT
[INFO]   from pom.xml
[INFO] --------------------------------[ jar ]---------------------------------
[INFO] 
[INFO] --- clover:4.5.2:aggregate (default-cli) @ test-java-plain ---
[INFO] 
[INFO] ------------------< eval.dev.quality:test-java-plain >------------------
[INFO] Building test-java-plain SNAPSHOT
[INFO]   from pom.xml
[INFO] --------------------------------[ jar ]---------------------------------
[INFO] 
[INFO] --- clover:4.5.2:clover (default-cli) @ test-java-plain ---
[INFO] Using default-clover-report descriptor.
[INFO] Using Clover report descriptor: /tmp/mvn5592267530431565903resource
[INFO] OpenClover Version 4.5.2, built on 2024-01-31
[INFO] Clover is enabled with initstring '/tmp/eval-dev-quality1751284491/plain/target/clover/clover.db'
[INFO] OpenClover Version 4.5.2, built on 2024-01-31
[INFO] Loading coverage database from: '/tmp/eval-dev-quality1751284491/plain/target/clover/clover.db'
[INFO] Writing report to '/tmp/eval-dev-quality1751284491/plain/target/site/clover/clover.xml'
[INFO] ------------------------------------------------------------------------
[INFO] BUILD SUCCESS
[INFO] ------------------------------------------------------------------------
[INFO] Total time:  2.213 s
[INFO] Finished at: 2024-06-19T10:15:53Z
[INFO] ------------------------------------------------------------------------

Total coverage 100.000000%
[0;34mGive us your feedback and let us know how we can improve Symflower at hello@symflower.com or https://github.com/symflower/symflower. Thanks so much for your help![0m
2024/06/19 10:15:53 Executes tests with 1 coverage objects
2024/06/19 10:15:53 Evaluated model "openrouter/01-ai/yi-34b-chat" on task "write-tests" using language "java" and repository "java/plain": encountered 0 problems: []
2024/06/19 10:15:56 Evaluating model "openrouter/01-ai/yi-34b-chat" on task "write-tests" using language "java" and repository "java/plain"
2024/06/19 10:15:56 Querying model "openrouter/01-ai/yi-34b-chat" with:
	Given the following Java code file "src/main/java/com/eval/Plain.java" with package "com.eval", provide a test file for this code with JUnit 5 as a test framework.
	The tests should produce 100 percent code coverage and must compile.
	The response must contain only the test code and nothing else.

	```java
	package com.eval;

	class Plain {
	    static void plain() {
	    }
	}
	```
2024/06/19 10:16:04 Model "openrouter/01-ai/yi-34b-chat" responded (7986 ms) with:
	```java
	import org.junit.jupiter.api.Test;
	import org.junit.jupiter.api.extension.ExtendWith;
	import org.junit.jupiter.api.function.Executable;
	import org.junit.platform.commons.annotation.ÂøÉÊÄùÔºõ
	import java.util.function.ThrowingSupplier;

	@ExtendWith(PlainTestExtension.class)
	class PlainTest {

	    @Test
	    void testPlain() {
	        Plain.plain();
	    }

	    static class PlainTestExtension extends AbstractTestExtension {

	        @Override
	        public void afterEachTest(Executable executable) {
	            System.out.println("After each test for " + executable);
	        }

	        @Override
	        public void beforeEachTest(Executable executable) {
	            System.out.println("Before each test for " + executable);
	        }

	        @Override
	        public void beforeAllTests() {
	            System.out.println("Before all tests");
	        }

	        @Override
	        public void afterAllTests() {
	            System.out.println("After all tests");
	        }
	    }
	}
	```
2024/06/19 10:16:04 $ symflower test --language java --workspace /tmp/eval-dev-quality1751284491/plain --coverage-file /tmp/eval-dev-quality1751284491/plain/coverage.json
[0;34mGive us your feedback and let us know how we can improve Symflower at hello@symflower.com or https://github.com/symflower/symflower. Thanks so much for your help![0m
ERROR: All attempts fail:
#1: Internal error: exit status 1:
[]interface {}{
    "/tmp/eval-dev-quality1751284491/plain/",
    "[INFO] Scanning for projects...\n[WARNING] \n[WARNING] Some problems were encountered while building the effective model for eval.dev.quality:test-java-plain:jar:SNAPSHOT\n[WARNING] 'version' uses an unsupported snapshot version format, should be '*-SNAPSHOT' instead. @ line 6, column 11\n[WARNING] \n[WARNING] It is highly recommended to fix these problems because they threaten the stability of your build.\n[WARNING] \n[WARNING] For this reason, future Maven versions might no longer support building such malformed projects.\n[WARNING] \n[INFO] \n[INFO] ------------------< eval.dev.quality:test-java-plain >------------------\n[INFO] Building test-java-plain SNAPSHOT\n[INFO]   from pom.xml\n[INFO] --------------------------------[ jar ]---------------------------------\n[INFO] \n[INFO] --- clean:3.2.0:clean (default-clean) @ test-java-plain ---\n[INFO] \n[INFO] --- resources:3.3.0:resources (default-resources) @ test-java-plain ---\n[WARNING] Using platform encoding (ANSI_X3.4-1968 actually) to copy filtered resources, i.e. build is platform dependent!\n[INFO] skip non existing resourceDirectory /tmp/eval-dev-quality1751284491/plain/src/main/resources\n[INFO] \n[INFO] --- compiler:3.10.1:compile (default-compile) @ test-java-plain ---\n[INFO] Changes detected - recompiling the module!\n[WARNING] File encoding has not been set, using platform encoding ANSI_X3.4-1968, i.e. build is platform dependent!\n[INFO] Compiling 1 source file to /tmp/eval-dev-quality1751284491/plain/target/classes\n[INFO] \n[INFO] --- resources:3.3.0:resources (default-resources) @ test-java-plain ---\n[WARNING] Using platform encoding (ANSI_X3.4-1968 actually) to copy filtered resources, i.e. build is platform dependent!\n[INFO] skip non existing resourceDirectory /tmp/eval-dev-quality1751284491/plain/src/main/resources\n[INFO] \n[INFO] --- compiler:3.10.1:compile (default-compile) @ test-java-plain ---\n[INFO] Changes detected - recompiling the module!\n[WARNING] File encoding has not been set, using platform encoding ANSI_X3.4-1968, i.e. build is platform dependent!\n[INFO] Compiling 1 source file to /tmp/eval-dev-quality1751284491/plain/target/classes\n[INFO] \n[INFO] --- resources:3.3.0:testResources (default-testResources) @ test-java-plain ---\n[WARNING] Using platform encoding (ANSI_X3.4-1968 actually) to copy filtered resources, i.e. build is platform dependent!\n[INFO] skip non existing resourceDirectory /tmp/eval-dev-quality1751284491/plain/src/test/resources\n[INFO] \n[INFO] --- compiler:3.10.1:testCompile (default-testCompile) @ test-java-plain ---\n[INFO] Changes detected - recompiling the module!\n[WARNING] File encoding has not been set, using platform encoding ANSI_X3.4-1968, i.e. build is platform dependent!\n[INFO] Compiling 1 source file to /tmp/eval-dev-quality1751284491/plain/target/test-classes\n[INFO] -------------------------------------------------------------\n[ERROR] COMPILATION ERROR : \n[INFO] -------------------------------------------------------------\n[ERROR] /tmp/eval-dev-quality1751284491/plain/src/test/java/com/eval/PlainTest.java:[4,46] unmappable character (0xE5) for encoding US-ASCII\n[ERROR] /tmp/eval-dev-quality1751284491/plain/src/test/java/com/eval/PlainTest.java:[4,47] unmappable character (0xBF) for encoding US-ASCII\n[ERROR] /tmp/eval-dev-quality1751284491/plain/src/test/java/com/eval/PlainTest.java:[4,48] unmappable character (0x83) for encoding US-ASCII\n[ERROR] /tmp/eval-dev-quality1751284491/plain/src/test/java/com/eval/PlainTest.java:[4,49] unmappable character (0xE6) for encoding US-ASCII\n[ERROR] /tmp/eval-dev-quality1751284491/plain/src/test/java/com/eval/PlainTest.java:[4,50] unmappable character (0x80) for encoding US-ASCII\n[ERROR] /tmp/eval-dev-quality1751284491/plain/src/test/java/com/eval/PlainTest.java:[4,51] unmappable character (0x9D) for encoding US-ASCII\n[ERROR] /tmp/eval-dev-quality1751284491/plain/src/test/java/com/eval/PlainTest.java:[4,52] unmappable character (0xEF) for encoding US-ASCII\n[ERROR] /tmp/eval-dev-quality1751284491/plain/src/test/java/com/eval/PlainTest.java:[4,53] unmappable character (0xBC) for encoding US-ASCII\n[ERROR] /tmp/eval-dev-quality1751284491/plain/src/test/java/com/eval/PlainTest.java:[4,54] unmappable character (0x9B) for encoding US-ASCII\n[ERROR] /tmp/eval-dev-quality1751284491/plain/src/test/java/com/eval/PlainTest.java:[4,46] illegal character: '\\ufffd'\n[ERROR] /tmp/eval-dev-quality1751284491/plain/src/test/java/com/eval/PlainTest.java:[4,47] illegal character: '\\ufffd'\n[ERROR] /tmp/eval-dev-quality1751284491/plain/src/test/java/com/eval/PlainTest.java:[4,48] illegal character: '\\ufffd'\n[ERROR] /tmp/eval-dev-quality1751284491/plain/src/test/java/com/eval/PlainTest.java:[4,49] illegal character: '\\ufffd'\n[ERROR] /tmp/eval-dev-quality1751284491/plain/src/test/java/com/eval/PlainTest.java:[4,50] illegal character: '\\ufffd'\n[ERROR] /tmp/eval-dev-quality1751284491/plain/src/test/java/com/eval/PlainTest.java:[4,51] illegal character: '\\ufffd'\n[ERROR] /tmp/eval-dev-quality1751284491/plain/src/test/java/com/eval/PlainTest.java:[4,52] illegal character: '\\ufffd'\n[ERROR] /tmp/eval-dev-quality1751284491/plain/src/test/java/com/eval/PlainTest.java:[4,53] illegal character: '\\ufffd'\n[ERROR] /tmp/eval-dev-quality1751284491/plain/src/test/java/com/eval/PlainTest.java:[4,54] illegal character: '\\ufffd'\n[INFO] 18 errors \n[INFO] -------------------------------------------------------------\n[INFO] ------------------------------------------------------------------------\n[INFO] BUILD FAILURE\n[INFO] ------------------------------------------------------------------------\n[INFO] Total time:  1.070 s\n[INFO] Finished at: 2024-06-19T10:16:07Z\n[INFO] ------------------------------------------------------------------------\n[ERROR] Failed to execute goal org.apache.maven.plugins:maven-compiler-plugin:3.10.1:testCompile (default-testCompile) on project test-java-plain: Compilation failure: Compilation failure: \n[ERROR] /tmp/eval-dev-quality1751284491/plain/src/test/java/com/eval/PlainTest.java:[4,46] unmappable character (0xE5) for encoding US-ASCII\n[ERROR] /tmp/eval-dev-quality1751284491/plain/src/test/java/com/eval/PlainTest.java:[4,47] unmappable character (0xBF) for encoding US-ASCII\n[ERROR] /tmp/eval-dev-quality1751284491/plain/src/test/java/com/eval/PlainTest.java:[4,48] unmappable character (0x83) for encoding US-ASCII\n[ERROR] /tmp/eval-dev-quality1751284491/plain/src/test/java/com/eval/PlainTest.java:[4,49] unmappable character (0xE6) for encoding US-ASCII\n[ERROR] /tmp/eval-dev-quality1751284491/plain/src/test/java/com/eval/PlainTest.java:[4,50] unmappable character (0x80) for encoding US-ASCII\n[ERROR] /tmp/eval-dev-quality1751284491/plain/src/test/java/com/eval/PlainTest.java:[4,51] unmappable character (0x9D) for encoding US-ASCII\n[ERROR] /tmp/eval-dev-quality1751284491/plain/src/test/java/com/eval/PlainTest.java:[4,52] unmappable character (0xEF) for encoding US-ASCII\n[ERROR] /tmp/eval-dev-quality1751284491/plain/src/test/java/com/eval/PlainTest.java:[4,53] unmappable character (0xBC) for encoding US-ASCII\n[ERROR] /tmp/eval-dev-quality1751284491/plain/src/test/java/com/eval/PlainTest.java:[4,54] unmappable character (0x9B) for encoding US-ASCII\n[ERROR] /tmp/eval-dev-quality1751284491/plain/src/test/java/com/eval/PlainTest.java:[4,46] illegal character: '\\ufffd'\n[ERROR] /tmp/eval-dev-quality1751284491/plain/src/test/java/com/eval/PlainTest.java:[4,47] illegal character: '\\ufffd'\n[ERROR] /tmp/eval-dev-quality1751284491/plain/src/test/java/com/eval/PlainTest.java:[4,48] illegal character: '\\ufffd'\n[ERROR] /tmp/eval-dev-quality1751284491/plain/src/test/java/com/eval/PlainTest.java:[4,49] illegal character: '\\ufffd'\n[ERROR] /tmp/eval-dev-quality1751284491/plain/src/test/java/com/eval/PlainTest.java:[4,50] illegal character: '\\ufffd'\n[ERROR] /tmp/eval-dev-quality1751284491/plain/src/test/java/com/eval/PlainTest.java:[4,51] illegal character: '\\ufffd'\n[ERROR] /tmp/eval-dev-quality1751284491/plain/src/test/java/com/eval/PlainTest.java:[4,52] illegal character: '\\ufffd'\n[ERROR] /tmp/eval-dev-quality1751284491/plain/src/test/java/com/eval/PlainTest.java:[4,53] illegal character: '\\ufffd'\n[ERROR] /tmp/eval-dev-quality1751284491/plain/src/test/java/com/eval/PlainTest.java:[4,54] illegal character: '\\ufffd'\n[ERROR] -> [Help 1]\n[ERROR] \n[ERROR] To see the full stack trace of the errors, re-run Maven with the -e switch.\n[ERROR] Re-run Maven using the -X switch to enable full debug logging.\n[ERROR] \n[ERROR] For more information about the errors and possible solutions, please read the following articles:\n[ERROR] [Help 1] http://cwiki.apache.org/confluence/display/MAVEN/MojoFailureException\n",
}
Stacktrace: goroutine 1 [running]:
gitlab.nethead.at/symflower/symflower/model/errors.NewInternalError({0x1f42da0?, 0xc00007a020}, {0xffa8c0?, 0xc00011a258})
	gitlab.nethead.at/symflower/symflower/model/errors/error.go:850 +0x59
gitlab.nethead.at/symflower/symflower/language/java/execute.MavenDependencyCommand.func1()
	gitlab.nethead.at/symflower/symflower/language/java/execute/maven.go:80 +0x1ef
github.com/avast/retry-go.Do(0xc0003938b8, {0xc0003938a0, 0x3, 0x418c94?})
	github.com/avast/retry-go/retry.go:135 +0x5a3
gitlab.nethead.at/symflower/symflower/language/java/execute.MavenDependencyCommand({0xc00013c450, 0x26}, 0x0, {0xc0003f5da0, 0x6, 0x6})
	gitlab.nethead.at/symflower/symflower/language/java/execute/maven.go:60 +0x1c5
gitlab.nethead.at/symflower/symflower/language/java/execute.MavenCloverCoverage({0xc00013c450, 0x26})
	gitlab.nethead.at/symflower/symflower/language/java/execute/clover.go:131 +0xc9
gitlab.nethead.at/symflower/symflower/cmd/symflower-local/cmd.(*commandTest).Execute(0xc000079178, {0xc000079000?, 0x7ff9dc3654f8?, 0xc000079178?})
	gitlab.nethead.at/symflower/symflower/cmd/symflower-local/cmd/test.go:143 +0x54f
gitlab.nethead.at/symflower/symflower/cmd.ExecuteNoExit({0x1f425e0?, 0xc000079000}, {0xc000132000?, 0x0?, 0xc00039fed8?})
	gitlab.nethead.at/symflower/symflower/cmd/execute.go:56 +0x2d0
gitlab.nethead.at/symflower/symflower/cmd.Execute({0x1f425e0?, 0xc000079000?}, {0xc000132000?, 0x274c500?, 0xc000079000?})
	gitlab.nethead.at/symflower/symflower/cmd/execute.go:16 +0x26
gitlab.nethead.at/symflower/symflower/cmd.ExecuteWithOSArguments(...)
	gitlab.nethead.at/symflower/symflower/cmd/execute.go:75
main.main.func1()
	gitlab.nethead.at/symflower/symflower/cmd/symflower-demo/main.go:40 +0x34
gitlab.nethead.at/symflower/symflower/cmd/symflower-local/cmd.(*Command).WithPanicReporter(0xc000100058?, 0x2636b18?)
	gitlab.nethead.at/symflower/symflower/cmd/symflower-local/cmd/cmd.go:184 +0x48
main.main()
	gitlab.nethead.at/symflower/symflower/cmd/symflower-demo/main.go:39 +0xa5

2024/06/19 10:16:07 Evaluated model "openrouter/01-ai/yi-34b-chat" on task "write-tests" using language "java" and repository "java/plain": encountered 1 problems: [exit status 1
[0;34mGive us your feedback and let us know how we can improve Symflower at hello@symflower.com or https://github.com/symflower/symflower. Thanks so much for your help![0m
ERROR: All attempts fail:
#1: Internal error: exit status 1:
[]interface {}{
    "/tmp/eval-dev-quality1751284491/plain/",
    "[INFO] Scanning for projects...\n[WARNING] \n[WARNING] Some problems were encountered while building the effective model for eval.dev.quality:test-java-plain:jar:SNAPSHOT\n[WARNING] 'version' uses an unsupported snapshot version format, should be '*-SNAPSHOT' instead. @ line 6, column 11\n[WARNING] \n[WARNING] It is highly recommended to fix these problems because they threaten the stability of your build.\n[WARNING] \n[WARNING] For this reason, future Maven versions might no longer support building such malformed projects.\n[WARNING] \n[INFO] \n[INFO] ------------------< eval.dev.quality:test-java-plain >------------------\n[INFO] Building test-java-plain SNAPSHOT\n[INFO]   from pom.xml\n[INFO] --------------------------------[ jar ]---------------------------------\n[INFO] \n[INFO] --- clean:3.2.0:clean (default-clean) @ test-java-plain ---\n[INFO] \n[INFO] --- resources:3.3.0:resources (default-resources) @ test-java-plain ---\n[WARNING] Using platform encoding (ANSI_X3.4-1968 actually) to copy filtered resources, i.e. build is platform dependent!\n[INFO] skip non existing resourceDirectory /tmp/eval-dev-quality1751284491/plain/src/main/resources\n[INFO] \n[INFO] --- compiler:3.10.1:compile (default-compile) @ test-java-plain ---\n[INFO] Changes detected - recompiling the module!\n[WARNING] File encoding has not been set, using platform encoding ANSI_X3.4-1968, i.e. build is platform dependent!\n[INFO] Compiling 1 source file to /tmp/eval-dev-quality1751284491/plain/target/classes\n[INFO] \n[INFO] --- resources:3.3.0:resources (default-resources) @ test-java-plain ---\n[WARNING] Using platform encoding (ANSI_X3.4-1968 actually) to copy filtered resources, i.e. build is platform dependent!\n[INFO] skip non existing resourceDirectory /tmp/eval-dev-quality1751284491/plain/src/main/resources\n[INFO] \n[INFO] --- compiler:3.10.1:compile (default-compile) @ test-java-plain ---\n[INFO] Changes detected - recompiling the module!\n[WARNING] File encoding has not been set, using platform encoding ANSI_X3.4-1968, i.e. build is platform dependent!\n[INFO] Compiling 1 source file to /tmp/eval-dev-quality1751284491/plain/target/classes\n[INFO] \n[INFO] --- resources:3.3.0:testResources (default-testResources) @ test-java-plain ---\n[WARNING] Using platform encoding (ANSI_X3.4-1968 actually) to copy filtered resources, i.e. build is platform dependent!\n[INFO] skip non existing resourceDirectory /tmp/eval-dev-quality1751284491/plain/src/test/resources\n[INFO] \n[INFO] --- compiler:3.10.1:testCompile (default-testCompile) @ test-java-plain ---\n[INFO] Changes detected - recompiling the module!\n[WARNING] File encoding has not been set, using platform encoding ANSI_X3.4-1968, i.e. build is platform dependent!\n[INFO] Compiling 1 source file to /tmp/eval-dev-quality1751284491/plain/target/test-classes\n[INFO] -------------------------------------------------------------\n[ERROR] COMPILATION ERROR : \n[INFO] -------------------------------------------------------------\n[ERROR] /tmp/eval-dev-quality1751284491/plain/src/test/java/com/eval/PlainTest.java:[4,46] unmappable character (0xE5) for encoding US-ASCII\n[ERROR] /tmp/eval-dev-quality1751284491/plain/src/test/java/com/eval/PlainTest.java:[4,47] unmappable character (0xBF) for encoding US-ASCII\n[ERROR] /tmp/eval-dev-quality1751284491/plain/src/test/java/com/eval/PlainTest.java:[4,48] unmappable character (0x83) for encoding US-ASCII\n[ERROR] /tmp/eval-dev-quality1751284491/plain/src/test/java/com/eval/PlainTest.java:[4,49] unmappable character (0xE6) for encoding US-ASCII\n[ERROR] /tmp/eval-dev-quality1751284491/plain/src/test/java/com/eval/PlainTest.java:[4,50] unmappable character (0x80) for encoding US-ASCII\n[ERROR] /tmp/eval-dev-quality1751284491/plain/src/test/java/com/eval/PlainTest.java:[4,51] unmappable character (0x9D) for encoding US-ASCII\n[ERROR] /tmp/eval-dev-quality1751284491/plain/src/test/java/com/eval/PlainTest.java:[4,52] unmappable character (0xEF) for encoding US-ASCII\n[ERROR] /tmp/eval-dev-quality1751284491/plain/src/test/java/com/eval/PlainTest.java:[4,53] unmappable character (0xBC) for encoding US-ASCII\n[ERROR] /tmp/eval-dev-quality1751284491/plain/src/test/java/com/eval/PlainTest.java:[4,54] unmappable character (0x9B) for encoding US-ASCII\n[ERROR] /tmp/eval-dev-quality1751284491/plain/src/test/java/com/eval/PlainTest.java:[4,46] illegal character: '\\ufffd'\n[ERROR] /tmp/eval-dev-quality1751284491/plain/src/test/java/com/eval/PlainTest.java:[4,47] illegal character: '\\ufffd'\n[ERROR] /tmp/eval-dev-quality1751284491/plain/src/test/java/com/eval/PlainTest.java:[4,48] illegal character: '\\ufffd'\n[ERROR] /tmp/eval-dev-quality1751284491/plain/src/test/java/com/eval/PlainTest.java:[4,49] illegal character: '\\ufffd'\n[ERROR] /tmp/eval-dev-quality1751284491/plain/src/test/java/com/eval/PlainTest.java:[4,50] illegal character: '\\ufffd'\n[ERROR] /tmp/eval-dev-quality1751284491/plain/src/test/java/com/eval/PlainTest.java:[4,51] illegal character: '\\ufffd'\n[ERROR] /tmp/eval-dev-quality1751284491/plain/src/test/java/com/eval/PlainTest.java:[4,52] illegal character: '\\ufffd'\n[ERROR] /tmp/eval-dev-quality1751284491/plain/src/test/java/com/eval/PlainTest.java:[4,53] illegal character: '\\ufffd'\n[ERROR] /tmp/eval-dev-quality1751284491/plain/src/test/java/com/eval/PlainTest.java:[4,54] illegal character: '\\ufffd'\n[INFO] 18 errors \n[INFO] -------------------------------------------------------------\n[INFO] ------------------------------------------------------------------------\n[INFO] BUILD FAILURE\n[INFO] ------------------------------------------------------------------------\n[INFO] Total time:  1.070 s\n[INFO] Finished at: 2024-06-19T10:16:07Z\n[INFO] ------------------------------------------------------------------------\n[ERROR] Failed to execute goal org.apache.maven.plugins:maven-compiler-plugin:3.10.1:testCompile (default-testCompile) on project test-java-plain: Compilation failure: Compilation failure: \n[ERROR] /tmp/eval-dev-quality1751284491/plain/src/test/java/com/eval/PlainTest.java:[4,46] unmappable character (0xE5) for encoding US-ASCII\n[ERROR] /tmp/eval-dev-quality1751284491/plain/src/test/java/com/eval/PlainTest.java:[4,47] unmappable character (0xBF) for encoding US-ASCII\n[ERROR] /tmp/eval-dev-quality1751284491/plain/src/test/java/com/eval/PlainTest.java:[4,48] unmappable character (0x83) for encoding US-ASCII\n[ERROR] /tmp/eval-dev-quality1751284491/plain/src/test/java/com/eval/PlainTest.java:[4,49] unmappable character (0xE6) for encoding US-ASCII\n[ERROR] /tmp/eval-dev-quality1751284491/plain/src/test/java/com/eval/PlainTest.java:[4,50] unmappable character (0x80) for encoding US-ASCII\n[ERROR] /tmp/eval-dev-quality1751284491/plain/src/test/java/com/eval/PlainTest.java:[4,51] unmappable character (0x9D) for encoding US-ASCII\n[ERROR] /tmp/eval-dev-quality1751284491/plain/src/test/java/com/eval/PlainTest.java:[4,52] unmappable character (0xEF) for encoding US-ASCII\n[ERROR] /tmp/eval-dev-quality1751284491/plain/src/test/java/com/eval/PlainTest.java:[4,53] unmappable character (0xBC) for encoding US-ASCII\n[ERROR] /tmp/eval-dev-quality1751284491/plain/src/test/java/com/eval/PlainTest.java:[4,54] unmappable character (0x9B) for encoding US-ASCII\n[ERROR] /tmp/eval-dev-quality1751284491/plain/src/test/java/com/eval/PlainTest.java:[4,46] illegal character: '\\ufffd'\n[ERROR] /tmp/eval-dev-quality1751284491/plain/src/test/java/com/eval/PlainTest.java:[4,47] illegal character: '\\ufffd'\n[ERROR] /tmp/eval-dev-quality1751284491/plain/src/test/java/com/eval/PlainTest.java:[4,48] illegal character: '\\ufffd'\n[ERROR] /tmp/eval-dev-quality1751284491/plain/src/test/java/com/eval/PlainTest.java:[4,49] illegal character: '\\ufffd'\n[ERROR] /tmp/eval-dev-quality1751284491/plain/src/test/java/com/eval/PlainTest.java:[4,50] illegal character: '\\ufffd'\n[ERROR] /tmp/eval-dev-quality1751284491/plain/src/test/java/com/eval/PlainTest.java:[4,51] illegal character: '\\ufffd'\n[ERROR] /tmp/eval-dev-quality1751284491/plain/src/test/java/com/eval/PlainTest.java:[4,52] illegal character: '\\ufffd'\n[ERROR] /tmp/eval-dev-quality1751284491/plain/src/test/java/com/eval/PlainTest.java:[4,53] illegal character: '\\ufffd'\n[ERROR] /tmp/eval-dev-quality1751284491/plain/src/test/java/com/eval/PlainTest.java:[4,54] illegal character: '\\ufffd'\n[ERROR] -> [Help 1]\n[ERROR] \n[ERROR] To see the full stack trace of the errors, re-run Maven with the -e switch.\n[ERROR] Re-run Maven using the -X switch to enable full debug logging.\n[ERROR] \n[ERROR] For more information about the errors and possible solutions, please read the following articles:\n[ERROR] [Help 1] http://cwiki.apache.org/confluence/display/MAVEN/MojoFailureException\n",
}
Stacktrace: goroutine 1 [running]:
gitlab.nethead.at/symflower/symflower/model/errors.NewInternalError({0x1f42da0?, 0xc00007a020}, {0xffa8c0?, 0xc00011a258})
	gitlab.nethead.at/symflower/symflower/model/errors/error.go:850 +0x59
gitlab.nethead.at/symflower/symflower/language/java/execute.MavenDependencyCommand.func1()
	gitlab.nethead.at/symflower/symflower/language/java/execute/maven.go:80 +0x1ef
github.com/avast/retry-go.Do(0xc0003938b8, {0xc0003938a0, 0x3, 0x418c94?})
	github.com/avast/retry-go/retry.go:135 +0x5a3
gitlab.nethead.at/symflower/symflower/language/java/execute.MavenDependencyCommand({0xc00013c450, 0x26}, 0x0, {0xc0003f5da0, 0x6, 0x6})
	gitlab.nethead.at/symflower/symflower/language/java/execute/maven.go:60 +0x1c5
gitlab.nethead.at/symflower/symflower/language/java/execute.MavenCloverCoverage({0xc00013c450, 0x26})
	gitlab.nethead.at/symflower/symflower/language/java/execute/clover.go:131 +0xc9
gitlab.nethead.at/symflower/symflower/cmd/symflower-local/cmd.(*commandTest).Execute(0xc000079178, {0xc000079000?, 0x7ff9dc3654f8?, 0xc000079178?})
	gitlab.nethead.at/symflower/symflower/cmd/symflower-local/cmd/test.go:143 +0x54f
gitlab.nethead.at/symflower/symflower/cmd.ExecuteNoExit({0x1f425e0?, 0xc000079000}, {0xc000132000?, 0x0?, 0xc00039fed8?})
	gitlab.nethead.at/symflower/symflower/cmd/execute.go:56 +0x2d0
gitlab.nethead.at/symflower/symflower/cmd.Execute({0x1f425e0?, 0xc000079000?}, {0xc000132000?, 0x274c500?, 0xc000079000?})
	gitlab.nethead.at/symflower/symflower/cmd/execute.go:16 +0x26
gitlab.nethead.at/symflower/symflower/cmd.ExecuteWithOSArguments(...)
	gitlab.nethead.at/symflower/symflower/cmd/execute.go:75
main.main.func1()
	gitlab.nethead.at/symflower/symflower/cmd/symflower-demo/main.go:40 +0x34
gitlab.nethead.at/symflower/symflower/cmd/symflower-local/cmd.(*Command).WithPanicReporter(0xc000100058?, 0x2636b18?)
	gitlab.nethead.at/symflower/symflower/cmd/symflower-local/cmd/cmd.go:184 +0x48
main.main()
	gitlab.nethead.at/symflower/symflower/cmd/symflower-demo/main.go:39 +0xa5


github.com/symflower/eval-dev-quality/util.CommandWithResult
	/home/ubuntu/eval-dev-quality/util/exec.go:52
github.com/symflower/eval-dev-quality/language/java.(*Language).Execute
	/home/ubuntu/eval-dev-quality/language/java/language.go:108
github.com/symflower/eval-dev-quality/evaluate/task.(*TaskWriteTests).Run
	/home/ubuntu/eval-dev-quality/evaluate/task/task-write-test.go:91
github.com/symflower/eval-dev-quality/evaluate.Evaluate.func1
	/home/ubuntu/eval-dev-quality/evaluate/evaluate.go:128
github.com/symflower/eval-dev-quality/evaluate.withLoadedModel
	/home/ubuntu/eval-dev-quality/evaluate/evaluate.go:273
github.com/symflower/eval-dev-quality/evaluate.Evaluate
	/home/ubuntu/eval-dev-quality/evaluate/evaluate.go:118
github.com/symflower/eval-dev-quality/cmd/eval-dev-quality/cmd.(*Evaluate).Execute
	/home/ubuntu/eval-dev-quality/cmd/eval-dev-quality/cmd/evaluate.go:363
github.com/symflower/eval-dev-quality/cmd/eval-dev-quality/cmd.Execute.func1
	/home/ubuntu/eval-dev-quality/cmd/eval-dev-quality/cmd/command.go:34
github.com/jessevdk/go-flags.(*Parser).ParseArgs
	/home/ubuntu/go/pkg/mod/github.com/jessevdk/go-flags@v1.5.1-0.20210607101731-3927b71304df/parser.go:333
github.com/symflower/eval-dev-quality/cmd/eval-dev-quality/cmd.Execute
	/home/ubuntu/eval-dev-quality/cmd/eval-dev-quality/cmd/command.go:37
main.main
	/home/ubuntu/eval-dev-quality/cmd/eval-dev-quality/main.go:11
runtime.main
	/home/ubuntu/.eval-dev-quality/go/src/runtime/proc.go:267
runtime.goexit
	/home/ubuntu/.eval-dev-quality/go/src/runtime/asm_amd64.s:1650
github.com/symflower/eval-dev-quality/language/java.(*Language).Execute
	/home/ubuntu/eval-dev-quality/language/java/language.go:119
github.com/symflower/eval-dev-quality/evaluate/task.(*TaskWriteTests).Run
	/home/ubuntu/eval-dev-quality/evaluate/task/task-write-test.go:91
github.com/symflower/eval-dev-quality/evaluate.Evaluate.func1
	/home/ubuntu/eval-dev-quality/evaluate/evaluate.go:128
github.com/symflower/eval-dev-quality/evaluate.withLoadedModel
	/home/ubuntu/eval-dev-quality/evaluate/evaluate.go:273
github.com/symflower/eval-dev-quality/evaluate.Evaluate
	/home/ubuntu/eval-dev-quality/evaluate/evaluate.go:118
github.com/symflower/eval-dev-quality/cmd/eval-dev-quality/cmd.(*Evaluate).Execute
	/home/ubuntu/eval-dev-quality/cmd/eval-dev-quality/cmd/evaluate.go:363
github.com/symflower/eval-dev-quality/cmd/eval-dev-quality/cmd.Execute.func1
	/home/ubuntu/eval-dev-quality/cmd/eval-dev-quality/cmd/command.go:34
github.com/jessevdk/go-flags.(*Parser).ParseArgs
	/home/ubuntu/go/pkg/mod/github.com/jessevdk/go-flags@v1.5.1-0.20210607101731-3927b71304df/parser.go:333
github.com/symflower/eval-dev-quality/cmd/eval-dev-quality/cmd.Execute
	/home/ubuntu/eval-dev-quality/cmd/eval-dev-quality/cmd/command.go:37
main.main
	/home/ubuntu/eval-dev-quality/cmd/eval-dev-quality/main.go:11
runtime.main
	/home/ubuntu/.eval-dev-quality/go/src/runtime/proc.go:267
runtime.goexit
	/home/ubuntu/.eval-dev-quality/go/src/runtime/asm_amd64.s:1650
[0;34mGive us your feedback and let us know how we can improve Symflower at hello@symflower.com or https://github.com/symflower/symflower. Thanks so much for your help![0m
ERROR: All attempts fail:
#1: Internal error: exit status 1:
[]interface {}{
    "/tmp/eval-dev-quality1751284491/plain/",
    "[INFO] Scanning for projects...\n[WARNING] \n[WARNING] Some problems were encountered while building the effective model for eval.dev.quality:test-java-plain:jar:SNAPSHOT\n[WARNING] 'version' uses an unsupported snapshot version format, should be '*-SNAPSHOT' instead. @ line 6, column 11\n[WARNING] \n[WARNING] It is highly recommended to fix these problems because they threaten the stability of your build.\n[WARNING] \n[WARNING] For this reason, future Maven versions might no longer support building such malformed projects.\n[WARNING] \n[INFO] \n[INFO] ------------------< eval.dev.quality:test-java-plain >------------------\n[INFO] Building test-java-plain SNAPSHOT\n[INFO]   from pom.xml\n[INFO] --------------------------------[ jar ]---------------------------------\n[INFO] \n[INFO] --- clean:3.2.0:clean (default-clean) @ test-java-plain ---\n[INFO] \n[INFO] --- resources:3.3.0:resources (default-resources) @ test-java-plain ---\n[WARNING] Using platform encoding (ANSI_X3.4-1968 actually) to copy filtered resources, i.e. build is platform dependent!\n[INFO] skip non existing resourceDirectory /tmp/eval-dev-quality1751284491/plain/src/main/resources\n[INFO] \n[INFO] --- compiler:3.10.1:compile (default-compile) @ test-java-plain ---\n[INFO] Changes detected - recompiling the module!\n[WARNING] File encoding has not been set, using platform encoding ANSI_X3.4-1968, i.e. build is platform dependent!\n[INFO] Compiling 1 source file to /tmp/eval-dev-quality1751284491/plain/target/classes\n[INFO] \n[INFO] --- resources:3.3.0:resources (default-resources) @ test-java-plain ---\n[WARNING] Using platform encoding (ANSI_X3.4-1968 actually) to copy filtered resources, i.e. build is platform dependent!\n[INFO] skip non existing resourceDirectory /tmp/eval-dev-quality1751284491/plain/src/main/resources\n[INFO] \n[INFO] --- compiler:3.10.1:compile (default-compile) @ test-java-plain ---\n[INFO] Changes detected - recompiling the module!\n[WARNING] File encoding has not been set, using platform encoding ANSI_X3.4-1968, i.e. build is platform dependent!\n[INFO] Compiling 1 source file to /tmp/eval-dev-quality1751284491/plain/target/classes\n[INFO] \n[INFO] --- resources:3.3.0:testResources (default-testResources) @ test-java-plain ---\n[WARNING] Using platform encoding (ANSI_X3.4-1968 actually) to copy filtered resources, i.e. build is platform dependent!\n[INFO] skip non existing resourceDirectory /tmp/eval-dev-quality1751284491/plain/src/test/resources\n[INFO] \n[INFO] --- compiler:3.10.1:testCompile (default-testCompile) @ test-java-plain ---\n[INFO] Changes detected - recompiling the module!\n[WARNING] File encoding has not been set, using platform encoding ANSI_X3.4-1968, i.e. build is platform dependent!\n[INFO] Compiling 1 source file to /tmp/eval-dev-quality1751284491/plain/target/test-classes\n[INFO] -------------------------------------------------------------\n[ERROR] COMPILATION ERROR : \n[INFO] -------------------------------------------------------------\n[ERROR] /tmp/eval-dev-quality1751284491/plain/src/test/java/com/eval/PlainTest.java:[4,46] unmappable character (0xE5) for encoding US-ASCII\n[ERROR] /tmp/eval-dev-quality1751284491/plain/src/test/java/com/eval/PlainTest.java:[4,47] unmappable character (0xBF) for encoding US-ASCII\n[ERROR] /tmp/eval-dev-quality1751284491/plain/src/test/java/com/eval/PlainTest.java:[4,48] unmappable character (0x83) for encoding US-ASCII\n[ERROR] /tmp/eval-dev-quality1751284491/plain/src/test/java/com/eval/PlainTest.java:[4,49] unmappable character (0xE6) for encoding US-ASCII\n[ERROR] /tmp/eval-dev-quality1751284491/plain/src/test/java/com/eval/PlainTest.java:[4,50] unmappable character (0x80) for encoding US-ASCII\n[ERROR] /tmp/eval-dev-quality1751284491/plain/src/test/java/com/eval/PlainTest.java:[4,51] unmappable character (0x9D) for encoding US-ASCII\n[ERROR] /tmp/eval-dev-quality1751284491/plain/src/test/java/com/eval/PlainTest.java:[4,52] unmappable character (0xEF) for encoding US-ASCII\n[ERROR] /tmp/eval-dev-quality1751284491/plain/src/test/java/com/eval/PlainTest.java:[4,53] unmappable character (0xBC) for encoding US-ASCII\n[ERROR] /tmp/eval-dev-quality1751284491/plain/src/test/java/com/eval/PlainTest.java:[4,54] unmappable character (0x9B) for encoding US-ASCII\n[ERROR] /tmp/eval-dev-quality1751284491/plain/src/test/java/com/eval/PlainTest.java:[4,46] illegal character: '\\ufffd'\n[ERROR] /tmp/eval-dev-quality1751284491/plain/src/test/java/com/eval/PlainTest.java:[4,47] illegal character: '\\ufffd'\n[ERROR] /tmp/eval-dev-quality1751284491/plain/src/test/java/com/eval/PlainTest.java:[4,48] illegal character: '\\ufffd'\n[ERROR] /tmp/eval-dev-quality1751284491/plain/src/test/java/com/eval/PlainTest.java:[4,49] illegal character: '\\ufffd'\n[ERROR] /tmp/eval-dev-quality1751284491/plain/src/test/java/com/eval/PlainTest.java:[4,50] illegal character: '\\ufffd'\n[ERROR] /tmp/eval-dev-quality1751284491/plain/src/test/java/com/eval/PlainTest.java:[4,51] illegal character: '\\ufffd'\n[ERROR] /tmp/eval-dev-quality1751284491/plain/src/test/java/com/eval/PlainTest.java:[4,52] illegal character: '\\ufffd'\n[ERROR] /tmp/eval-dev-quality1751284491/plain/src/test/java/com/eval/PlainTest.java:[4,53] illegal character: '\\ufffd'\n[ERROR] /tmp/eval-dev-quality1751284491/plain/src/test/java/com/eval/PlainTest.java:[4,54] illegal character: '\\ufffd'\n[INFO] 18 errors \n[INFO] -------------------------------------------------------------\n[INFO] ------------------------------------------------------------------------\n[INFO] BUILD FAILURE\n[INFO] ------------------------------------------------------------------------\n[INFO] Total time:  1.070 s\n[INFO] Finished at: 2024-06-19T10:16:07Z\n[INFO] ------------------------------------------------------------------------\n[ERROR] Failed to execute goal org.apache.maven.plugins:maven-compiler-plugin:3.10.1:testCompile (default-testCompile) on project test-java-plain: Compilation failure: Compilation failure: \n[ERROR] /tmp/eval-dev-quality1751284491/plain/src/test/java/com/eval/PlainTest.java:[4,46] unmappable character (0xE5) for encoding US-ASCII\n[ERROR] /tmp/eval-dev-quality1751284491/plain/src/test/java/com/eval/PlainTest.java:[4,47] unmappable character (0xBF) for encoding US-ASCII\n[ERROR] /tmp/eval-dev-quality1751284491/plain/src/test/java/com/eval/PlainTest.java:[4,48] unmappable character (0x83) for encoding US-ASCII\n[ERROR] /tmp/eval-dev-quality1751284491/plain/src/test/java/com/eval/PlainTest.java:[4,49] unmappable character (0xE6) for encoding US-ASCII\n[ERROR] /tmp/eval-dev-quality1751284491/plain/src/test/java/com/eval/PlainTest.java:[4,50] unmappable character (0x80) for encoding US-ASCII\n[ERROR] /tmp/eval-dev-quality1751284491/plain/src/test/java/com/eval/PlainTest.java:[4,51] unmappable character (0x9D) for encoding US-ASCII\n[ERROR] /tmp/eval-dev-quality1751284491/plain/src/test/java/com/eval/PlainTest.java:[4,52] unmappable character (0xEF) for encoding US-ASCII\n[ERROR] /tmp/eval-dev-quality1751284491/plain/src/test/java/com/eval/PlainTest.java:[4,53] unmappable character (0xBC) for encoding US-ASCII\n[ERROR] /tmp/eval-dev-quality1751284491/plain/src/test/java/com/eval/PlainTest.java:[4,54] unmappable character (0x9B) for encoding US-ASCII\n[ERROR] /tmp/eval-dev-quality1751284491/plain/src/test/java/com/eval/PlainTest.java:[4,46] illegal character: '\\ufffd'\n[ERROR] /tmp/eval-dev-quality1751284491/plain/src/test/java/com/eval/PlainTest.java:[4,47] illegal character: '\\ufffd'\n[ERROR] /tmp/eval-dev-quality1751284491/plain/src/test/java/com/eval/PlainTest.java:[4,48] illegal character: '\\ufffd'\n[ERROR] /tmp/eval-dev-quality1751284491/plain/src/test/java/com/eval/PlainTest.java:[4,49] illegal character: '\\ufffd'\n[ERROR] /tmp/eval-dev-quality1751284491/plain/src/test/java/com/eval/PlainTest.java:[4,50] illegal character: '\\ufffd'\n[ERROR] /tmp/eval-dev-quality1751284491/plain/src/test/java/com/eval/PlainTest.java:[4,51] illegal character: '\\ufffd'\n[ERROR] /tmp/eval-dev-quality1751284491/plain/src/test/java/com/eval/PlainTest.java:[4,52] illegal character: '\\ufffd'\n[ERROR] /tmp/eval-dev-quality1751284491/plain/src/test/java/com/eval/PlainTest.java:[4,53] illegal character: '\\ufffd'\n[ERROR] /tmp/eval-dev-quality1751284491/plain/src/test/java/com/eval/PlainTest.java:[4,54] illegal character: '\\ufffd'\n[ERROR] -> [Help 1]\n[ERROR] \n[ERROR] To see the full stack trace of the errors, re-run Maven with the -e switch.\n[ERROR] Re-run Maven using the -X switch to enable full debug logging.\n[ERROR] \n[ERROR] For more information about the errors and possible solutions, please read the following articles:\n[ERROR] [Help 1] http://cwiki.apache.org/confluence/display/MAVEN/MojoFailureException\n",
}
Stacktrace: goroutine 1 [running]:
gitlab.nethead.at/symflower/symflower/model/errors.NewInternalError({0x1f42da0?, 0xc00007a020}, {0xffa8c0?, 0xc00011a258})
	gitlab.nethead.at/symflower/symflower/model/errors/error.go:850 +0x59
gitlab.nethead.at/symflower/symflower/language/java/execute.MavenDependencyCommand.func1()
	gitlab.nethead.at/symflower/symflower/language/java/execute/maven.go:80 +0x1ef
github.com/avast/retry-go.Do(0xc0003938b8, {0xc0003938a0, 0x3, 0x418c94?})
	github.com/avast/retry-go/retry.go:135 +0x5a3
gitlab.nethead.at/symflower/symflower/language/java/execute.MavenDependencyCommand({0xc00013c450, 0x26}, 0x0, {0xc0003f5da0, 0x6, 0x6})
	gitlab.nethead.at/symflower/symflower/language/java/execute/maven.go:60 +0x1c5
gitlab.nethead.at/symflower/symflower/language/java/execute.MavenCloverCoverage({0xc00013c450, 0x26})
	gitlab.nethead.at/symflower/symflower/language/java/execute/clover.go:131 +0xc9
gitlab.nethead.at/symflower/symflower/cmd/symflower-local/cmd.(*commandTest).Execute(0xc000079178, {0xc000079000?, 0x7ff9dc3654f8?, 0xc000079178?})
	gitlab.nethead.at/symflower/symflower/cmd/symflower-local/cmd/test.go:143 +0x54f
gitlab.nethead.at/symflower/symflower/cmd.ExecuteNoExit({0x1f425e0?, 0xc000079000}, {0xc000132000?, 0x0?, 0xc00039fed8?})
	gitlab.nethead.at/symflower/symflower/cmd/execute.go:56 +0x2d0
gitlab.nethead.at/symflower/symflower/cmd.Execute({0x1f425e0?, 0xc000079000?}, {0xc000132000?, 0x274c500?, 0xc000079000?})
	gitlab.nethead.at/symflower/symflower/cmd/execute.go:16 +0x26
gitlab.nethead.at/symflower/symflower/cmd.ExecuteWithOSArguments(...)
	gitlab.nethead.at/symflower/symflower/cmd/execute.go:75
main.main.func1()
	gitlab.nethead.at/symflower/symflower/cmd/symflower-demo/main.go:40 +0x34
gitlab.nethead.at/symflower/symflower/cmd/symflower-local/cmd.(*Command).WithPanicReporter(0xc000100058?, 0x2636b18?)
	gitlab.nethead.at/symflower/symflower/cmd/symflower-local/cmd/cmd.go:184 +0x48
main.main()
	gitlab.nethead.at/symflower/symflower/cmd/symflower-demo/main.go:39 +0xa5


src/main/java/com/eval/Plain.java]
2024/06/19 10:16:10 Evaluating model "openrouter/01-ai/yi-34b-chat" on task "write-tests" using language "java" and repository "java/plain"
2024/06/19 10:16:10 Querying model "openrouter/01-ai/yi-34b-chat" with:
	Given the following Java code file "src/main/java/com/eval/Plain.java" with package "com.eval", provide a test file for this code with JUnit 5 as a test framework.
	The tests should produce 100 percent code coverage and must compile.
	The response must contain only the test code and nothing else.

	```java
	package com.eval;

	class Plain {
	    static void plain() {
	    }
	}
	```
2024/06/19 10:16:13 Model "openrouter/01-ai/yi-34b-chat" responded (2940 ms) with:
	```java
	import com.eval.Plain;
	import org.junit.jupiter.api.Test;

	import static org.junit.jupiter.api.Assertions.assertTrue;

	class PlainTest {
	    @Test
	    void testPlain() {
	        Plain.plain();
	        assertTrue(true);
	    }
	}
	```
2024/06/19 10:16:13 $ symflower test --language java --workspace /tmp/eval-dev-quality1751284491/plain --coverage-file /tmp/eval-dev-quality1751284491/plain/coverage.json
[0;34mGive us your feedback and let us know how we can improve Symflower at hello@symflower.com or https://github.com/symflower/symflower. Thanks so much for your help![0m
ERROR: All attempts fail:
#1: Internal error: exit status 1:
[]interface {}{
    "/tmp/eval-dev-quality1751284491/plain/",
    "[INFO] Scanning for projects...\n[WARNING] \n[WARNING] Some problems were encountered while building the effective model for eval.dev.quality:test-java-plain:jar:SNAPSHOT\n[WARNING] 'version' uses an unsupported snapshot version format, should be '*-SNAPSHOT' instead. @ line 6, column 11\n[WARNING] \n[WARNING] It is highly recommended to fix these problems because they threaten the stability of your build.\n[WARNING] \n[WARNING] For this reason, future Maven versions might no longer support building such malformed projects.\n[WARNING] \n[INFO] \n[INFO] ------------------< eval.dev.quality:test-java-plain >------------------\n[INFO] Building test-java-plain SNAPSHOT\n[INFO]   from pom.xml\n[INFO] --------------------------------[ jar ]---------------------------------\n[INFO] \n[INFO] --- clean:3.2.0:clean (default-clean) @ test-java-plain ---\n[INFO] \n[INFO] --- resources:3.3.0:resources (default-resources) @ test-java-plain ---\n[WARNING] Using platform encoding (ANSI_X3.4-1968 actually) to copy filtered resources, i.e. build is platform dependent!\n[INFO] skip non existing resourceDirectory /tmp/eval-dev-quality1751284491/plain/src/main/resources\n[INFO] \n[INFO] --- compiler:3.10.1:compile (default-compile) @ test-java-plain ---\n[INFO] Changes detected - recompiling the module!\n[WARNING] File encoding has not been set, using platform encoding ANSI_X3.4-1968, i.e. build is platform dependent!\n[INFO] Compiling 1 source file to /tmp/eval-dev-quality1751284491/plain/target/classes\n[INFO] \n[INFO] --- resources:3.3.0:resources (default-resources) @ test-java-plain ---\n[WARNING] Using platform encoding (ANSI_X3.4-1968 actually) to copy filtered resources, i.e. build is platform dependent!\n[INFO] skip non existing resourceDirectory /tmp/eval-dev-quality1751284491/plain/src/main/resources\n[INFO] \n[INFO] --- compiler:3.10.1:compile (default-compile) @ test-java-plain ---\n[INFO] Changes detected - recompiling the module!\n[WARNING] File encoding has not been set, using platform encoding ANSI_X3.4-1968, i.e. build is platform dependent!\n[INFO] Compiling 1 source file to /tmp/eval-dev-quality1751284491/plain/target/classes\n[INFO] \n[INFO] --- resources:3.3.0:testResources (default-testResources) @ test-java-plain ---\n[WARNING] Using platform encoding (ANSI_X3.4-1968 actually) to copy filtered resources, i.e. build is platform dependent!\n[INFO] skip non existing resourceDirectory /tmp/eval-dev-quality1751284491/plain/src/test/resources\n[INFO] \n[INFO] --- compiler:3.10.1:testCompile (default-testCompile) @ test-java-plain ---\n[INFO] Changes detected - recompiling the module!\n[WARNING] File encoding has not been set, using platform encoding ANSI_X3.4-1968, i.e. build is platform dependent!\n[INFO] Compiling 1 source file to /tmp/eval-dev-quality1751284491/plain/target/test-classes\n[INFO] -------------------------------------------------------------\n[ERROR] COMPILATION ERROR : \n[INFO] -------------------------------------------------------------\n[ERROR] /tmp/eval-dev-quality1751284491/plain/src/test/java/com/eval/PlainTest.java:[1,16] com.eval.Plain is not public in com.eval; cannot be accessed from outside package\n[ERROR] /tmp/eval-dev-quality1751284491/plain/src/test/java/com/eval/PlainTest.java:[9,9] com.eval.Plain is not public in com.eval; cannot be accessed from outside package\n[INFO] 2 errors \n[INFO] -------------------------------------------------------------\n[INFO] ------------------------------------------------------------------------\n[INFO] BUILD FAILURE\n[INFO] ------------------------------------------------------------------------\n[INFO] Total time:  1.358 s\n[INFO] Finished at: 2024-06-19T10:16:16Z\n[INFO] ------------------------------------------------------------------------\n[ERROR] Failed to execute goal org.apache.maven.plugins:maven-compiler-plugin:3.10.1:testCompile (default-testCompile) on project test-java-plain: Compilation failure: Compilation failure: \n[ERROR] /tmp/eval-dev-quality1751284491/plain/src/test/java/com/eval/PlainTest.java:[1,16] com.eval.Plain is not public in com.eval; cannot be accessed from outside package\n[ERROR] /tmp/eval-dev-quality1751284491/plain/src/test/java/com/eval/PlainTest.java:[9,9] com.eval.Plain is not public in com.eval; cannot be accessed from outside package\n[ERROR] -> [Help 1]\n[ERROR] \n[ERROR] To see the full stack trace of the errors, re-run Maven with the -e switch.\n[ERROR] Re-run Maven using the -X switch to enable full debug logging.\n[ERROR] \n[ERROR] For more information about the errors and possible solutions, please read the following articles:\n[ERROR] [Help 1] http://cwiki.apache.org/confluence/display/MAVEN/MojoFailureException\n",
}
Stacktrace: goroutine 1 [running]:
gitlab.nethead.at/symflower/symflower/model/errors.NewInternalError({0x1f42da0?, 0xc00042c020}, {0xffa8c0?, 0xc00069c078})
	gitlab.nethead.at/symflower/symflower/model/errors/error.go:850 +0x59
gitlab.nethead.at/symflower/symflower/language/java/execute.MavenDependencyCommand.func1()
	gitlab.nethead.at/symflower/symflower/language/java/execute/maven.go:80 +0x1ef
github.com/avast/retry-go.Do(0xc00053f8b8, {0xc00053f8a0, 0x3, 0x418c94?})
	github.com/avast/retry-go/retry.go:135 +0x5a3
gitlab.nethead.at/symflower/symflower/language/java/execute.MavenDependencyCommand({0xc00004c3f0, 0x26}, 0x0, {0xc0004bd560, 0x6, 0x6})
	gitlab.nethead.at/symflower/symflower/language/java/execute/maven.go:60 +0x1c5
gitlab.nethead.at/symflower/symflower/language/java/execute.MavenCloverCoverage({0xc00004c3f0, 0x26})
	gitlab.nethead.at/symflower/symflower/language/java/execute/clover.go:131 +0xc9
gitlab.nethead.at/symflower/symflower/cmd/symflower-local/cmd.(*commandTest).Execute(0xc000500578, {0xc000500400?, 0x7f4780eed138?, 0xc000500578?})
	gitlab.nethead.at/symflower/symflower/cmd/symflower-local/cmd/test.go:143 +0x54f
gitlab.nethead.at/symflower/symflower/cmd.ExecuteNoExit({0x1f425e0?, 0xc000500400}, {0xc000040080?, 0x0?, 0xc000477ed8?})
	gitlab.nethead.at/symflower/symflower/cmd/execute.go:56 +0x2d0
gitlab.nethead.at/symflower/symflower/cmd.Execute({0x1f425e0?, 0xc000500400?}, {0xc000040080?, 0xc000500000?, 0xc000500400?})
	gitlab.nethead.at/symflower/symflower/cmd/execute.go:16 +0x26
gitlab.nethead.at/symflower/symflower/cmd.ExecuteWithOSArguments(...)
	gitlab.nethead.at/symflower/symflower/cmd/execute.go:75
main.main.func1()
	gitlab.nethead.at/symflower/symflower/cmd/symflower-demo/main.go:40 +0x34
gitlab.nethead.at/symflower/symflower/cmd/symflower-local/cmd.(*Command).WithPanicReporter(0xc0000c0058?, 0x2636b18?)
	gitlab.nethead.at/symflower/symflower/cmd/symflower-local/cmd/cmd.go:184 +0x48
main.main()
	gitlab.nethead.at/symflower/symflower/cmd/symflower-demo/main.go:39 +0xa5

2024/06/19 10:16:16 Evaluated model "openrouter/01-ai/yi-34b-chat" on task "write-tests" using language "java" and repository "java/plain": encountered 1 problems: [exit status 1
[0;34mGive us your feedback and let us know how we can improve Symflower at hello@symflower.com or https://github.com/symflower/symflower. Thanks so much for your help![0m
ERROR: All attempts fail:
#1: Internal error: exit status 1:
[]interface {}{
    "/tmp/eval-dev-quality1751284491/plain/",
    "[INFO] Scanning for projects...\n[WARNING] \n[WARNING] Some problems were encountered while building the effective model for eval.dev.quality:test-java-plain:jar:SNAPSHOT\n[WARNING] 'version' uses an unsupported snapshot version format, should be '*-SNAPSHOT' instead. @ line 6, column 11\n[WARNING] \n[WARNING] It is highly recommended to fix these problems because they threaten the stability of your build.\n[WARNING] \n[WARNING] For this reason, future Maven versions might no longer support building such malformed projects.\n[WARNING] \n[INFO] \n[INFO] ------------------< eval.dev.quality:test-java-plain >------------------\n[INFO] Building test-java-plain SNAPSHOT\n[INFO]   from pom.xml\n[INFO] --------------------------------[ jar ]---------------------------------\n[INFO] \n[INFO] --- clean:3.2.0:clean (default-clean) @ test-java-plain ---\n[INFO] \n[INFO] --- resources:3.3.0:resources (default-resources) @ test-java-plain ---\n[WARNING] Using platform encoding (ANSI_X3.4-1968 actually) to copy filtered resources, i.e. build is platform dependent!\n[INFO] skip non existing resourceDirectory /tmp/eval-dev-quality1751284491/plain/src/main/resources\n[INFO] \n[INFO] --- compiler:3.10.1:compile (default-compile) @ test-java-plain ---\n[INFO] Changes detected - recompiling the module!\n[WARNING] File encoding has not been set, using platform encoding ANSI_X3.4-1968, i.e. build is platform dependent!\n[INFO] Compiling 1 source file to /tmp/eval-dev-quality1751284491/plain/target/classes\n[INFO] \n[INFO] --- resources:3.3.0:resources (default-resources) @ test-java-plain ---\n[WARNING] Using platform encoding (ANSI_X3.4-1968 actually) to copy filtered resources, i.e. build is platform dependent!\n[INFO] skip non existing resourceDirectory /tmp/eval-dev-quality1751284491/plain/src/main/resources\n[INFO] \n[INFO] --- compiler:3.10.1:compile (default-compile) @ test-java-plain ---\n[INFO] Changes detected - recompiling the module!\n[WARNING] File encoding has not been set, using platform encoding ANSI_X3.4-1968, i.e. build is platform dependent!\n[INFO] Compiling 1 source file to /tmp/eval-dev-quality1751284491/plain/target/classes\n[INFO] \n[INFO] --- resources:3.3.0:testResources (default-testResources) @ test-java-plain ---\n[WARNING] Using platform encoding (ANSI_X3.4-1968 actually) to copy filtered resources, i.e. build is platform dependent!\n[INFO] skip non existing resourceDirectory /tmp/eval-dev-quality1751284491/plain/src/test/resources\n[INFO] \n[INFO] --- compiler:3.10.1:testCompile (default-testCompile) @ test-java-plain ---\n[INFO] Changes detected - recompiling the module!\n[WARNING] File encoding has not been set, using platform encoding ANSI_X3.4-1968, i.e. build is platform dependent!\n[INFO] Compiling 1 source file to /tmp/eval-dev-quality1751284491/plain/target/test-classes\n[INFO] -------------------------------------------------------------\n[ERROR] COMPILATION ERROR : \n[INFO] -------------------------------------------------------------\n[ERROR] /tmp/eval-dev-quality1751284491/plain/src/test/java/com/eval/PlainTest.java:[1,16] com.eval.Plain is not public in com.eval; cannot be accessed from outside package\n[ERROR] /tmp/eval-dev-quality1751284491/plain/src/test/java/com/eval/PlainTest.java:[9,9] com.eval.Plain is not public in com.eval; cannot be accessed from outside package\n[INFO] 2 errors \n[INFO] -------------------------------------------------------------\n[INFO] ------------------------------------------------------------------------\n[INFO] BUILD FAILURE\n[INFO] ------------------------------------------------------------------------\n[INFO] Total time:  1.358 s\n[INFO] Finished at: 2024-06-19T10:16:16Z\n[INFO] ------------------------------------------------------------------------\n[ERROR] Failed to execute goal org.apache.maven.plugins:maven-compiler-plugin:3.10.1:testCompile (default-testCompile) on project test-java-plain: Compilation failure: Compilation failure: \n[ERROR] /tmp/eval-dev-quality1751284491/plain/src/test/java/com/eval/PlainTest.java:[1,16] com.eval.Plain is not public in com.eval; cannot be accessed from outside package\n[ERROR] /tmp/eval-dev-quality1751284491/plain/src/test/java/com/eval/PlainTest.java:[9,9] com.eval.Plain is not public in com.eval; cannot be accessed from outside package\n[ERROR] -> [Help 1]\n[ERROR] \n[ERROR] To see the full stack trace of the errors, re-run Maven with the -e switch.\n[ERROR] Re-run Maven using the -X switch to enable full debug logging.\n[ERROR] \n[ERROR] For more information about the errors and possible solutions, please read the following articles:\n[ERROR] [Help 1] http://cwiki.apache.org/confluence/display/MAVEN/MojoFailureException\n",
}
Stacktrace: goroutine 1 [running]:
gitlab.nethead.at/symflower/symflower/model/errors.NewInternalError({0x1f42da0?, 0xc00042c020}, {0xffa8c0?, 0xc00069c078})
	gitlab.nethead.at/symflower/symflower/model/errors/error.go:850 +0x59
gitlab.nethead.at/symflower/symflower/language/java/execute.MavenDependencyCommand.func1()
	gitlab.nethead.at/symflower/symflower/language/java/execute/maven.go:80 +0x1ef
github.com/avast/retry-go.Do(0xc00053f8b8, {0xc00053f8a0, 0x3, 0x418c94?})
	github.com/avast/retry-go/retry.go:135 +0x5a3
gitlab.nethead.at/symflower/symflower/language/java/execute.MavenDependencyCommand({0xc00004c3f0, 0x26}, 0x0, {0xc0004bd560, 0x6, 0x6})
	gitlab.nethead.at/symflower/symflower/language/java/execute/maven.go:60 +0x1c5
gitlab.nethead.at/symflower/symflower/language/java/execute.MavenCloverCoverage({0xc00004c3f0, 0x26})
	gitlab.nethead.at/symflower/symflower/language/java/execute/clover.go:131 +0xc9
gitlab.nethead.at/symflower/symflower/cmd/symflower-local/cmd.(*commandTest).Execute(0xc000500578, {0xc000500400?, 0x7f4780eed138?, 0xc000500578?})
	gitlab.nethead.at/symflower/symflower/cmd/symflower-local/cmd/test.go:143 +0x54f
gitlab.nethead.at/symflower/symflower/cmd.ExecuteNoExit({0x1f425e0?, 0xc000500400}, {0xc000040080?, 0x0?, 0xc000477ed8?})
	gitlab.nethead.at/symflower/symflower/cmd/execute.go:56 +0x2d0
gitlab.nethead.at/symflower/symflower/cmd.Execute({0x1f425e0?, 0xc000500400?}, {0xc000040080?, 0xc000500000?, 0xc000500400?})
	gitlab.nethead.at/symflower/symflower/cmd/execute.go:16 +0x26
gitlab.nethead.at/symflower/symflower/cmd.ExecuteWithOSArguments(...)
	gitlab.nethead.at/symflower/symflower/cmd/execute.go:75
main.main.func1()
	gitlab.nethead.at/symflower/symflower/cmd/symflower-demo/main.go:40 +0x34
gitlab.nethead.at/symflower/symflower/cmd/symflower-local/cmd.(*Command).WithPanicReporter(0xc0000c0058?, 0x2636b18?)
	gitlab.nethead.at/symflower/symflower/cmd/symflower-local/cmd/cmd.go:184 +0x48
main.main()
	gitlab.nethead.at/symflower/symflower/cmd/symflower-demo/main.go:39 +0xa5


github.com/symflower/eval-dev-quality/util.CommandWithResult
	/home/ubuntu/eval-dev-quality/util/exec.go:52
github.com/symflower/eval-dev-quality/language/java.(*Language).Execute
	/home/ubuntu/eval-dev-quality/language/java/language.go:108
github.com/symflower/eval-dev-quality/evaluate/task.(*TaskWriteTests).Run
	/home/ubuntu/eval-dev-quality/evaluate/task/task-write-test.go:91
github.com/symflower/eval-dev-quality/evaluate.Evaluate.func1
	/home/ubuntu/eval-dev-quality/evaluate/evaluate.go:128
github.com/symflower/eval-dev-quality/evaluate.withLoadedModel
	/home/ubuntu/eval-dev-quality/evaluate/evaluate.go:273
github.com/symflower/eval-dev-quality/evaluate.Evaluate
	/home/ubuntu/eval-dev-quality/evaluate/evaluate.go:118
github.com/symflower/eval-dev-quality/cmd/eval-dev-quality/cmd.(*Evaluate).Execute
	/home/ubuntu/eval-dev-quality/cmd/eval-dev-quality/cmd/evaluate.go:363
github.com/symflower/eval-dev-quality/cmd/eval-dev-quality/cmd.Execute.func1
	/home/ubuntu/eval-dev-quality/cmd/eval-dev-quality/cmd/command.go:34
github.com/jessevdk/go-flags.(*Parser).ParseArgs
	/home/ubuntu/go/pkg/mod/github.com/jessevdk/go-flags@v1.5.1-0.20210607101731-3927b71304df/parser.go:333
github.com/symflower/eval-dev-quality/cmd/eval-dev-quality/cmd.Execute
	/home/ubuntu/eval-dev-quality/cmd/eval-dev-quality/cmd/command.go:37
main.main
	/home/ubuntu/eval-dev-quality/cmd/eval-dev-quality/main.go:11
runtime.main
	/home/ubuntu/.eval-dev-quality/go/src/runtime/proc.go:267
runtime.goexit
	/home/ubuntu/.eval-dev-quality/go/src/runtime/asm_amd64.s:1650
github.com/symflower/eval-dev-quality/language/java.(*Language).Execute
	/home/ubuntu/eval-dev-quality/language/java/language.go:119
github.com/symflower/eval-dev-quality/evaluate/task.(*TaskWriteTests).Run
	/home/ubuntu/eval-dev-quality/evaluate/task/task-write-test.go:91
github.com/symflower/eval-dev-quality/evaluate.Evaluate.func1
	/home/ubuntu/eval-dev-quality/evaluate/evaluate.go:128
github.com/symflower/eval-dev-quality/evaluate.withLoadedModel
	/home/ubuntu/eval-dev-quality/evaluate/evaluate.go:273
github.com/symflower/eval-dev-quality/evaluate.Evaluate
	/home/ubuntu/eval-dev-quality/evaluate/evaluate.go:118
github.com/symflower/eval-dev-quality/cmd/eval-dev-quality/cmd.(*Evaluate).Execute
	/home/ubuntu/eval-dev-quality/cmd/eval-dev-quality/cmd/evaluate.go:363
github.com/symflower/eval-dev-quality/cmd/eval-dev-quality/cmd.Execute.func1
	/home/ubuntu/eval-dev-quality/cmd/eval-dev-quality/cmd/command.go:34
github.com/jessevdk/go-flags.(*Parser).ParseArgs
	/home/ubuntu/go/pkg/mod/github.com/jessevdk/go-flags@v1.5.1-0.20210607101731-3927b71304df/parser.go:333
github.com/symflower/eval-dev-quality/cmd/eval-dev-quality/cmd.Execute
	/home/ubuntu/eval-dev-quality/cmd/eval-dev-quality/cmd/command.go:37
main.main
	/home/ubuntu/eval-dev-quality/cmd/eval-dev-quality/main.go:11
runtime.main
	/home/ubuntu/.eval-dev-quality/go/src/runtime/proc.go:267
runtime.goexit
	/home/ubuntu/.eval-dev-quality/go/src/runtime/asm_amd64.s:1650
[0;34mGive us your feedback and let us know how we can improve Symflower at hello@symflower.com or https://github.com/symflower/symflower. Thanks so much for your help![0m
ERROR: All attempts fail:
#1: Internal error: exit status 1:
[]interface {}{
    "/tmp/eval-dev-quality1751284491/plain/",
    "[INFO] Scanning for projects...\n[WARNING] \n[WARNING] Some problems were encountered while building the effective model for eval.dev.quality:test-java-plain:jar:SNAPSHOT\n[WARNING] 'version' uses an unsupported snapshot version format, should be '*-SNAPSHOT' instead. @ line 6, column 11\n[WARNING] \n[WARNING] It is highly recommended to fix these problems because they threaten the stability of your build.\n[WARNING] \n[WARNING] For this reason, future Maven versions might no longer support building such malformed projects.\n[WARNING] \n[INFO] \n[INFO] ------------------< eval.dev.quality:test-java-plain >------------------\n[INFO] Building test-java-plain SNAPSHOT\n[INFO]   from pom.xml\n[INFO] --------------------------------[ jar ]---------------------------------\n[INFO] \n[INFO] --- clean:3.2.0:clean (default-clean) @ test-java-plain ---\n[INFO] \n[INFO] --- resources:3.3.0:resources (default-resources) @ test-java-plain ---\n[WARNING] Using platform encoding (ANSI_X3.4-1968 actually) to copy filtered resources, i.e. build is platform dependent!\n[INFO] skip non existing resourceDirectory /tmp/eval-dev-quality1751284491/plain/src/main/resources\n[INFO] \n[INFO] --- compiler:3.10.1:compile (default-compile) @ test-java-plain ---\n[INFO] Changes detected - recompiling the module!\n[WARNING] File encoding has not been set, using platform encoding ANSI_X3.4-1968, i.e. build is platform dependent!\n[INFO] Compiling 1 source file to /tmp/eval-dev-quality1751284491/plain/target/classes\n[INFO] \n[INFO] --- resources:3.3.0:resources (default-resources) @ test-java-plain ---\n[WARNING] Using platform encoding (ANSI_X3.4-1968 actually) to copy filtered resources, i.e. build is platform dependent!\n[INFO] skip non existing resourceDirectory /tmp/eval-dev-quality1751284491/plain/src/main/resources\n[INFO] \n[INFO] --- compiler:3.10.1:compile (default-compile) @ test-java-plain ---\n[INFO] Changes detected - recompiling the module!\n[WARNING] File encoding has not been set, using platform encoding ANSI_X3.4-1968, i.e. build is platform dependent!\n[INFO] Compiling 1 source file to /tmp/eval-dev-quality1751284491/plain/target/classes\n[INFO] \n[INFO] --- resources:3.3.0:testResources (default-testResources) @ test-java-plain ---\n[WARNING] Using platform encoding (ANSI_X3.4-1968 actually) to copy filtered resources, i.e. build is platform dependent!\n[INFO] skip non existing resourceDirectory /tmp/eval-dev-quality1751284491/plain/src/test/resources\n[INFO] \n[INFO] --- compiler:3.10.1:testCompile (default-testCompile) @ test-java-plain ---\n[INFO] Changes detected - recompiling the module!\n[WARNING] File encoding has not been set, using platform encoding ANSI_X3.4-1968, i.e. build is platform dependent!\n[INFO] Compiling 1 source file to /tmp/eval-dev-quality1751284491/plain/target/test-classes\n[INFO] -------------------------------------------------------------\n[ERROR] COMPILATION ERROR : \n[INFO] -------------------------------------------------------------\n[ERROR] /tmp/eval-dev-quality1751284491/plain/src/test/java/com/eval/PlainTest.java:[1,16] com.eval.Plain is not public in com.eval; cannot be accessed from outside package\n[ERROR] /tmp/eval-dev-quality1751284491/plain/src/test/java/com/eval/PlainTest.java:[9,9] com.eval.Plain is not public in com.eval; cannot be accessed from outside package\n[INFO] 2 errors \n[INFO] -------------------------------------------------------------\n[INFO] ------------------------------------------------------------------------\n[INFO] BUILD FAILURE\n[INFO] ------------------------------------------------------------------------\n[INFO] Total time:  1.358 s\n[INFO] Finished at: 2024-06-19T10:16:16Z\n[INFO] ------------------------------------------------------------------------\n[ERROR] Failed to execute goal org.apache.maven.plugins:maven-compiler-plugin:3.10.1:testCompile (default-testCompile) on project test-java-plain: Compilation failure: Compilation failure: \n[ERROR] /tmp/eval-dev-quality1751284491/plain/src/test/java/com/eval/PlainTest.java:[1,16] com.eval.Plain is not public in com.eval; cannot be accessed from outside package\n[ERROR] /tmp/eval-dev-quality1751284491/plain/src/test/java/com/eval/PlainTest.java:[9,9] com.eval.Plain is not public in com.eval; cannot be accessed from outside package\n[ERROR] -> [Help 1]\n[ERROR] \n[ERROR] To see the full stack trace of the errors, re-run Maven with the -e switch.\n[ERROR] Re-run Maven using the -X switch to enable full debug logging.\n[ERROR] \n[ERROR] For more information about the errors and possible solutions, please read the following articles:\n[ERROR] [Help 1] http://cwiki.apache.org/confluence/display/MAVEN/MojoFailureException\n",
}
Stacktrace: goroutine 1 [running]:
gitlab.nethead.at/symflower/symflower/model/errors.NewInternalError({0x1f42da0?, 0xc00042c020}, {0xffa8c0?, 0xc00069c078})
	gitlab.nethead.at/symflower/symflower/model/errors/error.go:850 +0x59
gitlab.nethead.at/symflower/symflower/language/java/execute.MavenDependencyCommand.func1()
	gitlab.nethead.at/symflower/symflower/language/java/execute/maven.go:80 +0x1ef
github.com/avast/retry-go.Do(0xc00053f8b8, {0xc00053f8a0, 0x3, 0x418c94?})
	github.com/avast/retry-go/retry.go:135 +0x5a3
gitlab.nethead.at/symflower/symflower/language/java/execute.MavenDependencyCommand({0xc00004c3f0, 0x26}, 0x0, {0xc0004bd560, 0x6, 0x6})
	gitlab.nethead.at/symflower/symflower/language/java/execute/maven.go:60 +0x1c5
gitlab.nethead.at/symflower/symflower/language/java/execute.MavenCloverCoverage({0xc00004c3f0, 0x26})
	gitlab.nethead.at/symflower/symflower/language/java/execute/clover.go:131 +0xc9
gitlab.nethead.at/symflower/symflower/cmd/symflower-local/cmd.(*commandTest).Execute(0xc000500578, {0xc000500400?, 0x7f4780eed138?, 0xc000500578?})
	gitlab.nethead.at/symflower/symflower/cmd/symflower-local/cmd/test.go:143 +0x54f
gitlab.nethead.at/symflower/symflower/cmd.ExecuteNoExit({0x1f425e0?, 0xc000500400}, {0xc000040080?, 0x0?, 0xc000477ed8?})
	gitlab.nethead.at/symflower/symflower/cmd/execute.go:56 +0x2d0
gitlab.nethead.at/symflower/symflower/cmd.Execute({0x1f425e0?, 0xc000500400?}, {0xc000040080?, 0xc000500000?, 0xc000500400?})
	gitlab.nethead.at/symflower/symflower/cmd/execute.go:16 +0x26
gitlab.nethead.at/symflower/symflower/cmd.ExecuteWithOSArguments(...)
	gitlab.nethead.at/symflower/symflower/cmd/execute.go:75
main.main.func1()
	gitlab.nethead.at/symflower/symflower/cmd/symflower-demo/main.go:40 +0x34
gitlab.nethead.at/symflower/symflower/cmd/symflower-local/cmd.(*Command).WithPanicReporter(0xc0000c0058?, 0x2636b18?)
	gitlab.nethead.at/symflower/symflower/cmd/symflower-local/cmd/cmd.go:184 +0x48
main.main()
	gitlab.nethead.at/symflower/symflower/cmd/symflower-demo/main.go:39 +0xa5


src/main/java/com/eval/Plain.java]
2024/06/19 10:16:19 Evaluating model "openrouter/01-ai/yi-34b-chat" on task "write-tests" using language "java" and repository "java/plain"
2024/06/19 10:16:19 Querying model "openrouter/01-ai/yi-34b-chat" with:
	Given the following Java code file "src/main/java/com/eval/Plain.java" with package "com.eval", provide a test file for this code with JUnit 5 as a test framework.
	The tests should produce 100 percent code coverage and must compile.
	The response must contain only the test code and nothing else.

	```java
	package com.eval;

	class Plain {
	    static void plain() {
	    }
	}
	```
2024/06/19 10:16:22 Model "openrouter/01-ai/yi-34b-chat" responded (3105 ms) with:
	```java
	package com.eval;
	import com.eval.Plain;
	import org.junit.jupiter.api.Test;

	import static org.junit.jupiter.api.Assertions.*;

	public class PlainTest {

	    @Test
	    void plainTest() {
	        Plain.plain();
	        assertNotNull("plain() should not return null", null);
	    }

	}
	```
2024/06/19 10:16:22 $ symflower test --language java --workspace /tmp/eval-dev-quality1751284491/plain --coverage-file /tmp/eval-dev-quality1751284491/plain/coverage.json
[0;34mGive us your feedback and let us know how we can improve Symflower at hello@symflower.com or https://github.com/symflower/symflower. Thanks so much for your help![0m
ERROR: All attempts fail:
#1: Internal error: exit status 1:
[]interface {}{
    "/tmp/eval-dev-quality1751284491/plain/",
    "[INFO] Scanning for projects...\n[WARNING] \n[WARNING] Some problems were encountered while building the effective model for eval.dev.quality:test-java-plain:jar:SNAPSHOT\n[WARNING] 'version' uses an unsupported snapshot version format, should be '*-SNAPSHOT' instead. @ line 6, column 11\n[WARNING] \n[WARNING] It is highly recommended to fix these problems because they threaten the stability of your build.\n[WARNING] \n[WARNING] For this reason, future Maven versions might no longer support building such malformed projects.\n[WARNING] \n[INFO] \n[INFO] ------------------< eval.dev.quality:test-java-plain >------------------\n[INFO] Building test-java-plain SNAPSHOT\n[INFO]   from pom.xml\n[INFO] --------------------------------[ jar ]---------------------------------\n[INFO] \n[INFO] --- clean:3.2.0:clean (default-clean) @ test-java-plain ---\n[INFO] \n[INFO] --- resources:3.3.0:resources (default-resources) @ test-java-plain ---\n[WARNING] Using platform encoding (ANSI_X3.4-1968 actually) to copy filtered resources, i.e. build is platform dependent!\n[INFO] skip non existing resourceDirectory /tmp/eval-dev-quality1751284491/plain/src/main/resources\n[INFO] \n[INFO] --- compiler:3.10.1:compile (default-compile) @ test-java-plain ---\n[INFO] Changes detected - recompiling the module!\n[WARNING] File encoding has not been set, using platform encoding ANSI_X3.4-1968, i.e. build is platform dependent!\n[INFO] Compiling 1 source file to /tmp/eval-dev-quality1751284491/plain/target/classes\n[INFO] \n[INFO] --- resources:3.3.0:resources (default-resources) @ test-java-plain ---\n[WARNING] Using platform encoding (ANSI_X3.4-1968 actually) to copy filtered resources, i.e. build is platform dependent!\n[INFO] skip non existing resourceDirectory /tmp/eval-dev-quality1751284491/plain/src/main/resources\n[INFO] \n[INFO] --- compiler:3.10.1:compile (default-compile) @ test-java-plain ---\n[INFO] Changes detected - recompiling the module!\n[WARNING] File encoding has not been set, using platform encoding ANSI_X3.4-1968, i.e. build is platform dependent!\n[INFO] Compiling 1 source file to /tmp/eval-dev-quality1751284491/plain/target/classes\n[INFO] \n[INFO] --- resources:3.3.0:testResources (default-testResources) @ test-java-plain ---\n[WARNING] Using platform encoding (ANSI_X3.4-1968 actually) to copy filtered resources, i.e. build is platform dependent!\n[INFO] skip non existing resourceDirectory /tmp/eval-dev-quality1751284491/plain/src/test/resources\n[INFO] \n[INFO] --- compiler:3.10.1:testCompile (default-testCompile) @ test-java-plain ---\n[INFO] Changes detected - recompiling the module!\n[WARNING] File encoding has not been set, using platform encoding ANSI_X3.4-1968, i.e. build is platform dependent!\n[INFO] Compiling 1 source file to /tmp/eval-dev-quality1751284491/plain/target/test-classes\n[INFO] -------------------------------------------------------------\n[ERROR] COMPILATION ERROR : \n[INFO] -------------------------------------------------------------\n[ERROR] /tmp/eval-dev-quality1751284491/plain/src/test/java/com/eval/PlainTest.java:[12,9] reference to assertNotNull is ambiguous\n  both method assertNotNull(java.lang.Object,java.util.function.Supplier<java.lang.String>) in org.junit.jupiter.api.Assertions and method assertNotNull(java.lang.Object,java.lang.String) in org.junit.jupiter.api.Assertions match\n[INFO] 1 error\n[INFO] -------------------------------------------------------------\n[INFO] ------------------------------------------------------------------------\n[INFO] BUILD FAILURE\n[INFO] ------------------------------------------------------------------------\n[INFO] Total time:  1.241 s\n[INFO] Finished at: 2024-06-19T10:16:25Z\n[INFO] ------------------------------------------------------------------------\n[ERROR] Failed to execute goal org.apache.maven.plugins:maven-compiler-plugin:3.10.1:testCompile (default-testCompile) on project test-java-plain: Compilation failure\n[ERROR] /tmp/eval-dev-quality1751284491/plain/src/test/java/com/eval/PlainTest.java:[12,9] reference to assertNotNull is ambiguous\n[ERROR]   both method assertNotNull(java.lang.Object,java.util.function.Supplier<java.lang.String>) in org.junit.jupiter.api.Assertions and method assertNotNull(java.lang.Object,java.lang.String) in org.junit.jupiter.api.Assertions match\n[ERROR] \n[ERROR] -> [Help 1]\n[ERROR] \n[ERROR] To see the full stack trace of the errors, re-run Maven with the -e switch.\n[ERROR] Re-run Maven using the -X switch to enable full debug logging.\n[ERROR] \n[ERROR] For more information about the errors and possible solutions, please read the following articles:\n[ERROR] [Help 1] http://cwiki.apache.org/confluence/display/MAVEN/MojoFailureException\n",
}
Stacktrace: goroutine 1 [running]:
gitlab.nethead.at/symflower/symflower/model/errors.NewInternalError({0x1f42da0?, 0xc0003d4000}, {0xffa8c0?, 0xc0005e2018})
	gitlab.nethead.at/symflower/symflower/model/errors/error.go:850 +0x59
gitlab.nethead.at/symflower/symflower/language/java/execute.MavenDependencyCommand.func1()
	gitlab.nethead.at/symflower/symflower/language/java/execute/maven.go:80 +0x1ef
github.com/avast/retry-go.Do(0xc0000198b8, {0xc0000198a0, 0x3, 0x418c94?})
	github.com/avast/retry-go/retry.go:135 +0x5a3
gitlab.nethead.at/symflower/symflower/language/java/execute.MavenDependencyCommand({0xc00004c0f0, 0x26}, 0x0, {0xc000481500, 0x6, 0x6})
	gitlab.nethead.at/symflower/symflower/language/java/execute/maven.go:60 +0x1c5
gitlab.nethead.at/symflower/symflower/language/java/execute.MavenCloverCoverage({0xc00004c0f0, 0x26})
	gitlab.nethead.at/symflower/symflower/language/java/execute/clover.go:131 +0xc9
gitlab.nethead.at/symflower/symflower/cmd/symflower-local/cmd.(*commandTest).Execute(0xc000318d78, {0xc000318c00?, 0x7f1c24705fc0?, 0xc000318d78?})
	gitlab.nethead.at/symflower/symflower/cmd/symflower-local/cmd/test.go:143 +0x54f
gitlab.nethead.at/symflower/symflower/cmd.ExecuteNoExit({0x1f425e0?, 0xc000318c00}, {0xc000040080?, 0x0?, 0xc00039fed8?})
	gitlab.nethead.at/symflower/symflower/cmd/execute.go:56 +0x2d0
gitlab.nethead.at/symflower/symflower/cmd.Execute({0x1f425e0?, 0xc000318c00?}, {0xc000040080?, 0x274c500?, 0xc000318c00?})
	gitlab.nethead.at/symflower/symflower/cmd/execute.go:16 +0x26
gitlab.nethead.at/symflower/symflower/cmd.ExecuteWithOSArguments(...)
	gitlab.nethead.at/symflower/symflower/cmd/execute.go:75
main.main.func1()
	gitlab.nethead.at/symflower/symflower/cmd/symflower-demo/main.go:40 +0x34
gitlab.nethead.at/symflower/symflower/cmd/symflower-local/cmd.(*Command).WithPanicReporter(0xc0000b6058?, 0x2636b18?)
	gitlab.nethead.at/symflower/symflower/cmd/symflower-local/cmd/cmd.go:184 +0x48
main.main()
	gitlab.nethead.at/symflower/symflower/cmd/symflower-demo/main.go:39 +0xa5

2024/06/19 10:16:25 Evaluated model "openrouter/01-ai/yi-34b-chat" on task "write-tests" using language "java" and repository "java/plain": encountered 1 problems: [exit status 1
[0;34mGive us your feedback and let us know how we can improve Symflower at hello@symflower.com or https://github.com/symflower/symflower. Thanks so much for your help![0m
ERROR: All attempts fail:
#1: Internal error: exit status 1:
[]interface {}{
    "/tmp/eval-dev-quality1751284491/plain/",
    "[INFO] Scanning for projects...\n[WARNING] \n[WARNING] Some problems were encountered while building the effective model for eval.dev.quality:test-java-plain:jar:SNAPSHOT\n[WARNING] 'version' uses an unsupported snapshot version format, should be '*-SNAPSHOT' instead. @ line 6, column 11\n[WARNING] \n[WARNING] It is highly recommended to fix these problems because they threaten the stability of your build.\n[WARNING] \n[WARNING] For this reason, future Maven versions might no longer support building such malformed projects.\n[WARNING] \n[INFO] \n[INFO] ------------------< eval.dev.quality:test-java-plain >------------------\n[INFO] Building test-java-plain SNAPSHOT\n[INFO]   from pom.xml\n[INFO] --------------------------------[ jar ]---------------------------------\n[INFO] \n[INFO] --- clean:3.2.0:clean (default-clean) @ test-java-plain ---\n[INFO] \n[INFO] --- resources:3.3.0:resources (default-resources) @ test-java-plain ---\n[WARNING] Using platform encoding (ANSI_X3.4-1968 actually) to copy filtered resources, i.e. build is platform dependent!\n[INFO] skip non existing resourceDirectory /tmp/eval-dev-quality1751284491/plain/src/main/resources\n[INFO] \n[INFO] --- compiler:3.10.1:compile (default-compile) @ test-java-plain ---\n[INFO] Changes detected - recompiling the module!\n[WARNING] File encoding has not been set, using platform encoding ANSI_X3.4-1968, i.e. build is platform dependent!\n[INFO] Compiling 1 source file to /tmp/eval-dev-quality1751284491/plain/target/classes\n[INFO] \n[INFO] --- resources:3.3.0:resources (default-resources) @ test-java-plain ---\n[WARNING] Using platform encoding (ANSI_X3.4-1968 actually) to copy filtered resources, i.e. build is platform dependent!\n[INFO] skip non existing resourceDirectory /tmp/eval-dev-quality1751284491/plain/src/main/resources\n[INFO] \n[INFO] --- compiler:3.10.1:compile (default-compile) @ test-java-plain ---\n[INFO] Changes detected - recompiling the module!\n[WARNING] File encoding has not been set, using platform encoding ANSI_X3.4-1968, i.e. build is platform dependent!\n[INFO] Compiling 1 source file to /tmp/eval-dev-quality1751284491/plain/target/classes\n[INFO] \n[INFO] --- resources:3.3.0:testResources (default-testResources) @ test-java-plain ---\n[WARNING] Using platform encoding (ANSI_X3.4-1968 actually) to copy filtered resources, i.e. build is platform dependent!\n[INFO] skip non existing resourceDirectory /tmp/eval-dev-quality1751284491/plain/src/test/resources\n[INFO] \n[INFO] --- compiler:3.10.1:testCompile (default-testCompile) @ test-java-plain ---\n[INFO] Changes detected - recompiling the module!\n[WARNING] File encoding has not been set, using platform encoding ANSI_X3.4-1968, i.e. build is platform dependent!\n[INFO] Compiling 1 source file to /tmp/eval-dev-quality1751284491/plain/target/test-classes\n[INFO] -------------------------------------------------------------\n[ERROR] COMPILATION ERROR : \n[INFO] -------------------------------------------------------------\n[ERROR] /tmp/eval-dev-quality1751284491/plain/src/test/java/com/eval/PlainTest.java:[12,9] reference to assertNotNull is ambiguous\n  both method assertNotNull(java.lang.Object,java.util.function.Supplier<java.lang.String>) in org.junit.jupiter.api.Assertions and method assertNotNull(java.lang.Object,java.lang.String) in org.junit.jupiter.api.Assertions match\n[INFO] 1 error\n[INFO] -------------------------------------------------------------\n[INFO] ------------------------------------------------------------------------\n[INFO] BUILD FAILURE\n[INFO] ------------------------------------------------------------------------\n[INFO] Total time:  1.241 s\n[INFO] Finished at: 2024-06-19T10:16:25Z\n[INFO] ------------------------------------------------------------------------\n[ERROR] Failed to execute goal org.apache.maven.plugins:maven-compiler-plugin:3.10.1:testCompile (default-testCompile) on project test-java-plain: Compilation failure\n[ERROR] /tmp/eval-dev-quality1751284491/plain/src/test/java/com/eval/PlainTest.java:[12,9] reference to assertNotNull is ambiguous\n[ERROR]   both method assertNotNull(java.lang.Object,java.util.function.Supplier<java.lang.String>) in org.junit.jupiter.api.Assertions and method assertNotNull(java.lang.Object,java.lang.String) in org.junit.jupiter.api.Assertions match\n[ERROR] \n[ERROR] -> [Help 1]\n[ERROR] \n[ERROR] To see the full stack trace of the errors, re-run Maven with the -e switch.\n[ERROR] Re-run Maven using the -X switch to enable full debug logging.\n[ERROR] \n[ERROR] For more information about the errors and possible solutions, please read the following articles:\n[ERROR] [Help 1] http://cwiki.apache.org/confluence/display/MAVEN/MojoFailureException\n",
}
Stacktrace: goroutine 1 [running]:
gitlab.nethead.at/symflower/symflower/model/errors.NewInternalError({0x1f42da0?, 0xc0003d4000}, {0xffa8c0?, 0xc0005e2018})
	gitlab.nethead.at/symflower/symflower/model/errors/error.go:850 +0x59
gitlab.nethead.at/symflower/symflower/language/java/execute.MavenDependencyCommand.func1()
	gitlab.nethead.at/symflower/symflower/language/java/execute/maven.go:80 +0x1ef
github.com/avast/retry-go.Do(0xc0000198b8, {0xc0000198a0, 0x3, 0x418c94?})
	github.com/avast/retry-go/retry.go:135 +0x5a3
gitlab.nethead.at/symflower/symflower/language/java/execute.MavenDependencyCommand({0xc00004c0f0, 0x26}, 0x0, {0xc000481500, 0x6, 0x6})
	gitlab.nethead.at/symflower/symflower/language/java/execute/maven.go:60 +0x1c5
gitlab.nethead.at/symflower/symflower/language/java/execute.MavenCloverCoverage({0xc00004c0f0, 0x26})
	gitlab.nethead.at/symflower/symflower/language/java/execute/clover.go:131 +0xc9
gitlab.nethead.at/symflower/symflower/cmd/symflower-local/cmd.(*commandTest).Execute(0xc000318d78, {0xc000318c00?, 0x7f1c24705fc0?, 0xc000318d78?})
	gitlab.nethead.at/symflower/symflower/cmd/symflower-local/cmd/test.go:143 +0x54f
gitlab.nethead.at/symflower/symflower/cmd.ExecuteNoExit({0x1f425e0?, 0xc000318c00}, {0xc000040080?, 0x0?, 0xc00039fed8?})
	gitlab.nethead.at/symflower/symflower/cmd/execute.go:56 +0x2d0
gitlab.nethead.at/symflower/symflower/cmd.Execute({0x1f425e0?, 0xc000318c00?}, {0xc000040080?, 0x274c500?, 0xc000318c00?})
	gitlab.nethead.at/symflower/symflower/cmd/execute.go:16 +0x26
gitlab.nethead.at/symflower/symflower/cmd.ExecuteWithOSArguments(...)
	gitlab.nethead.at/symflower/symflower/cmd/execute.go:75
main.main.func1()
	gitlab.nethead.at/symflower/symflower/cmd/symflower-demo/main.go:40 +0x34
gitlab.nethead.at/symflower/symflower/cmd/symflower-local/cmd.(*Command).WithPanicReporter(0xc0000b6058?, 0x2636b18?)
	gitlab.nethead.at/symflower/symflower/cmd/symflower-local/cmd/cmd.go:184 +0x48
main.main()
	gitlab.nethead.at/symflower/symflower/cmd/symflower-demo/main.go:39 +0xa5


github.com/symflower/eval-dev-quality/util.CommandWithResult
	/home/ubuntu/eval-dev-quality/util/exec.go:52
github.com/symflower/eval-dev-quality/language/java.(*Language).Execute
	/home/ubuntu/eval-dev-quality/language/java/language.go:108
github.com/symflower/eval-dev-quality/evaluate/task.(*TaskWriteTests).Run
	/home/ubuntu/eval-dev-quality/evaluate/task/task-write-test.go:91
github.com/symflower/eval-dev-quality/evaluate.Evaluate.func1
	/home/ubuntu/eval-dev-quality/evaluate/evaluate.go:128
github.com/symflower/eval-dev-quality/evaluate.withLoadedModel
	/home/ubuntu/eval-dev-quality/evaluate/evaluate.go:273
github.com/symflower/eval-dev-quality/evaluate.Evaluate
	/home/ubuntu/eval-dev-quality/evaluate/evaluate.go:118
github.com/symflower/eval-dev-quality/cmd/eval-dev-quality/cmd.(*Evaluate).Execute
	/home/ubuntu/eval-dev-quality/cmd/eval-dev-quality/cmd/evaluate.go:363
github.com/symflower/eval-dev-quality/cmd/eval-dev-quality/cmd.Execute.func1
	/home/ubuntu/eval-dev-quality/cmd/eval-dev-quality/cmd/command.go:34
github.com/jessevdk/go-flags.(*Parser).ParseArgs
	/home/ubuntu/go/pkg/mod/github.com/jessevdk/go-flags@v1.5.1-0.20210607101731-3927b71304df/parser.go:333
github.com/symflower/eval-dev-quality/cmd/eval-dev-quality/cmd.Execute
	/home/ubuntu/eval-dev-quality/cmd/eval-dev-quality/cmd/command.go:37
main.main
	/home/ubuntu/eval-dev-quality/cmd/eval-dev-quality/main.go:11
runtime.main
	/home/ubuntu/.eval-dev-quality/go/src/runtime/proc.go:267
runtime.goexit
	/home/ubuntu/.eval-dev-quality/go/src/runtime/asm_amd64.s:1650
github.com/symflower/eval-dev-quality/language/java.(*Language).Execute
	/home/ubuntu/eval-dev-quality/language/java/language.go:119
github.com/symflower/eval-dev-quality/evaluate/task.(*TaskWriteTests).Run
	/home/ubuntu/eval-dev-quality/evaluate/task/task-write-test.go:91
github.com/symflower/eval-dev-quality/evaluate.Evaluate.func1
	/home/ubuntu/eval-dev-quality/evaluate/evaluate.go:128
github.com/symflower/eval-dev-quality/evaluate.withLoadedModel
	/home/ubuntu/eval-dev-quality/evaluate/evaluate.go:273
github.com/symflower/eval-dev-quality/evaluate.Evaluate
	/home/ubuntu/eval-dev-quality/evaluate/evaluate.go:118
github.com/symflower/eval-dev-quality/cmd/eval-dev-quality/cmd.(*Evaluate).Execute
	/home/ubuntu/eval-dev-quality/cmd/eval-dev-quality/cmd/evaluate.go:363
github.com/symflower/eval-dev-quality/cmd/eval-dev-quality/cmd.Execute.func1
	/home/ubuntu/eval-dev-quality/cmd/eval-dev-quality/cmd/command.go:34
github.com/jessevdk/go-flags.(*Parser).ParseArgs
	/home/ubuntu/go/pkg/mod/github.com/jessevdk/go-flags@v1.5.1-0.20210607101731-3927b71304df/parser.go:333
github.com/symflower/eval-dev-quality/cmd/eval-dev-quality/cmd.Execute
	/home/ubuntu/eval-dev-quality/cmd/eval-dev-quality/cmd/command.go:37
main.main
	/home/ubuntu/eval-dev-quality/cmd/eval-dev-quality/main.go:11
runtime.main
	/home/ubuntu/.eval-dev-quality/go/src/runtime/proc.go:267
runtime.goexit
	/home/ubuntu/.eval-dev-quality/go/src/runtime/asm_amd64.s:1650
[0;34mGive us your feedback and let us know how we can improve Symflower at hello@symflower.com or https://github.com/symflower/symflower. Thanks so much for your help![0m
ERROR: All attempts fail:
#1: Internal error: exit status 1:
[]interface {}{
    "/tmp/eval-dev-quality1751284491/plain/",
    "[INFO] Scanning for projects...\n[WARNING] \n[WARNING] Some problems were encountered while building the effective model for eval.dev.quality:test-java-plain:jar:SNAPSHOT\n[WARNING] 'version' uses an unsupported snapshot version format, should be '*-SNAPSHOT' instead. @ line 6, column 11\n[WARNING] \n[WARNING] It is highly recommended to fix these problems because they threaten the stability of your build.\n[WARNING] \n[WARNING] For this reason, future Maven versions might no longer support building such malformed projects.\n[WARNING] \n[INFO] \n[INFO] ------------------< eval.dev.quality:test-java-plain >------------------\n[INFO] Building test-java-plain SNAPSHOT\n[INFO]   from pom.xml\n[INFO] --------------------------------[ jar ]---------------------------------\n[INFO] \n[INFO] --- clean:3.2.0:clean (default-clean) @ test-java-plain ---\n[INFO] \n[INFO] --- resources:3.3.0:resources (default-resources) @ test-java-plain ---\n[WARNING] Using platform encoding (ANSI_X3.4-1968 actually) to copy filtered resources, i.e. build is platform dependent!\n[INFO] skip non existing resourceDirectory /tmp/eval-dev-quality1751284491/plain/src/main/resources\n[INFO] \n[INFO] --- compiler:3.10.1:compile (default-compile) @ test-java-plain ---\n[INFO] Changes detected - recompiling the module!\n[WARNING] File encoding has not been set, using platform encoding ANSI_X3.4-1968, i.e. build is platform dependent!\n[INFO] Compiling 1 source file to /tmp/eval-dev-quality1751284491/plain/target/classes\n[INFO] \n[INFO] --- resources:3.3.0:resources (default-resources) @ test-java-plain ---\n[WARNING] Using platform encoding (ANSI_X3.4-1968 actually) to copy filtered resources, i.e. build is platform dependent!\n[INFO] skip non existing resourceDirectory /tmp/eval-dev-quality1751284491/plain/src/main/resources\n[INFO] \n[INFO] --- compiler:3.10.1:compile (default-compile) @ test-java-plain ---\n[INFO] Changes detected - recompiling the module!\n[WARNING] File encoding has not been set, using platform encoding ANSI_X3.4-1968, i.e. build is platform dependent!\n[INFO] Compiling 1 source file to /tmp/eval-dev-quality1751284491/plain/target/classes\n[INFO] \n[INFO] --- resources:3.3.0:testResources (default-testResources) @ test-java-plain ---\n[WARNING] Using platform encoding (ANSI_X3.4-1968 actually) to copy filtered resources, i.e. build is platform dependent!\n[INFO] skip non existing resourceDirectory /tmp/eval-dev-quality1751284491/plain/src/test/resources\n[INFO] \n[INFO] --- compiler:3.10.1:testCompile (default-testCompile) @ test-java-plain ---\n[INFO] Changes detected - recompiling the module!\n[WARNING] File encoding has not been set, using platform encoding ANSI_X3.4-1968, i.e. build is platform dependent!\n[INFO] Compiling 1 source file to /tmp/eval-dev-quality1751284491/plain/target/test-classes\n[INFO] -------------------------------------------------------------\n[ERROR] COMPILATION ERROR : \n[INFO] -------------------------------------------------------------\n[ERROR] /tmp/eval-dev-quality1751284491/plain/src/test/java/com/eval/PlainTest.java:[12,9] reference to assertNotNull is ambiguous\n  both method assertNotNull(java.lang.Object,java.util.function.Supplier<java.lang.String>) in org.junit.jupiter.api.Assertions and method assertNotNull(java.lang.Object,java.lang.String) in org.junit.jupiter.api.Assertions match\n[INFO] 1 error\n[INFO] -------------------------------------------------------------\n[INFO] ------------------------------------------------------------------------\n[INFO] BUILD FAILURE\n[INFO] ------------------------------------------------------------------------\n[INFO] Total time:  1.241 s\n[INFO] Finished at: 2024-06-19T10:16:25Z\n[INFO] ------------------------------------------------------------------------\n[ERROR] Failed to execute goal org.apache.maven.plugins:maven-compiler-plugin:3.10.1:testCompile (default-testCompile) on project test-java-plain: Compilation failure\n[ERROR] /tmp/eval-dev-quality1751284491/plain/src/test/java/com/eval/PlainTest.java:[12,9] reference to assertNotNull is ambiguous\n[ERROR]   both method assertNotNull(java.lang.Object,java.util.function.Supplier<java.lang.String>) in org.junit.jupiter.api.Assertions and method assertNotNull(java.lang.Object,java.lang.String) in org.junit.jupiter.api.Assertions match\n[ERROR] \n[ERROR] -> [Help 1]\n[ERROR] \n[ERROR] To see the full stack trace of the errors, re-run Maven with the -e switch.\n[ERROR] Re-run Maven using the -X switch to enable full debug logging.\n[ERROR] \n[ERROR] For more information about the errors and possible solutions, please read the following articles:\n[ERROR] [Help 1] http://cwiki.apache.org/confluence/display/MAVEN/MojoFailureException\n",
}
Stacktrace: goroutine 1 [running]:
gitlab.nethead.at/symflower/symflower/model/errors.NewInternalError({0x1f42da0?, 0xc0003d4000}, {0xffa8c0?, 0xc0005e2018})
	gitlab.nethead.at/symflower/symflower/model/errors/error.go:850 +0x59
gitlab.nethead.at/symflower/symflower/language/java/execute.MavenDependencyCommand.func1()
	gitlab.nethead.at/symflower/symflower/language/java/execute/maven.go:80 +0x1ef
github.com/avast/retry-go.Do(0xc0000198b8, {0xc0000198a0, 0x3, 0x418c94?})
	github.com/avast/retry-go/retry.go:135 +0x5a3
gitlab.nethead.at/symflower/symflower/language/java/execute.MavenDependencyCommand({0xc00004c0f0, 0x26}, 0x0, {0xc000481500, 0x6, 0x6})
	gitlab.nethead.at/symflower/symflower/language/java/execute/maven.go:60 +0x1c5
gitlab.nethead.at/symflower/symflower/language/java/execute.MavenCloverCoverage({0xc00004c0f0, 0x26})
	gitlab.nethead.at/symflower/symflower/language/java/execute/clover.go:131 +0xc9
gitlab.nethead.at/symflower/symflower/cmd/symflower-local/cmd.(*commandTest).Execute(0xc000318d78, {0xc000318c00?, 0x7f1c24705fc0?, 0xc000318d78?})
	gitlab.nethead.at/symflower/symflower/cmd/symflower-local/cmd/test.go:143 +0x54f
gitlab.nethead.at/symflower/symflower/cmd.ExecuteNoExit({0x1f425e0?, 0xc000318c00}, {0xc000040080?, 0x0?, 0xc00039fed8?})
	gitlab.nethead.at/symflower/symflower/cmd/execute.go:56 +0x2d0
gitlab.nethead.at/symflower/symflower/cmd.Execute({0x1f425e0?, 0xc000318c00?}, {0xc000040080?, 0x274c500?, 0xc000318c00?})
	gitlab.nethead.at/symflower/symflower/cmd/execute.go:16 +0x26
gitlab.nethead.at/symflower/symflower/cmd.ExecuteWithOSArguments(...)
	gitlab.nethead.at/symflower/symflower/cmd/execute.go:75
main.main.func1()
	gitlab.nethead.at/symflower/symflower/cmd/symflower-demo/main.go:40 +0x34
gitlab.nethead.at/symflower/symflower/cmd/symflower-local/cmd.(*Command).WithPanicReporter(0xc0000b6058?, 0x2636b18?)
	gitlab.nethead.at/symflower/symflower/cmd/symflower-local/cmd/cmd.go:184 +0x48
main.main()
	gitlab.nethead.at/symflower/symflower/cmd/symflower-demo/main.go:39 +0xa5


src/main/java/com/eval/Plain.java]
2024/06/19 10:16:30 Evaluating model "openrouter/01-ai/yi-34b-chat" on task "write-tests" using language "java" and repository "java/plain"
2024/06/19 10:16:30 Querying model "openrouter/01-ai/yi-34b-chat" with:
	Given the following Java code file "src/main/java/com/eval/Plain.java" with package "com.eval", provide a test file for this code with JUnit 5 as a test framework.
	The tests should produce 100 percent code coverage and must compile.
	The response must contain only the test code and nothing else.

	```java
	package com.eval;

	class Plain {
	    static void plain() {
	    }
	}
	```
2024/06/19 10:16:40 Model "openrouter/01-ai/yi-34b-chat" responded (9558 ms) with:
	To achieve 100% code coverage for the provided `Plain` class with JUnit 5, we need to ensure that all lines of code in the `plain()` method are executed at least once during the test. Since the method is void and has no arguments, the test primarily consists of calling the method and ensuring it does not throw any exceptions.

	Here's the test file for JUnit 5:

	```java
	import static org.junit.jupiter.api.Assertions.assertDoesNotThrow;

	import org.junit.jupiter.api.Test;

	class PlainTest {

	    @Test
	    void testPlainMethod() {
	        assertDoesNotThrow(() -> {
	            Plain.plain(); // Call the method to ensure it doesn't throw an exception
	        });
	    }
	}
	```

	This test file creates a new class called `PlainTest` and defines a single test method `testPlainMethod()`. The method uses the `assertDoesNotThrow` assertion to ensure that calling the `Plain.plain()` method does not throw any exceptions.

	With this test, we are ensuring that the `plain()` method is executed, which covers all the code in the `Plain` class, thus achieving 100% code coverage.
2024/06/19 10:16:40 $ symflower test --language java --workspace /tmp/eval-dev-quality1751284491/plain --coverage-file /tmp/eval-dev-quality1751284491/plain/coverage.json
[0;34mGive us your feedback and let us know how we can improve Symflower at hello@symflower.com or https://github.com/symflower/symflower. Thanks so much for your help![0m
ERROR: All attempts fail:
#1: Internal error: exit status 1:
[]interface {}{
    "/tmp/eval-dev-quality1751284491/plain/",
    "[INFO] Scanning for projects...\n[WARNING] \n[WARNING] Some problems were encountered while building the effective model for eval.dev.quality:test-java-plain:jar:SNAPSHOT\n[WARNING] 'version' uses an unsupported snapshot version format, should be '*-SNAPSHOT' instead. @ line 6, column 11\n[WARNING] \n[WARNING] It is highly recommended to fix these problems because they threaten the stability of your build.\n[WARNING] \n[WARNING] For this reason, future Maven versions might no longer support building such malformed projects.\n[WARNING] \n[INFO] \n[INFO] ------------------< eval.dev.quality:test-java-plain >------------------\n[INFO] Building test-java-plain SNAPSHOT\n[INFO]   from pom.xml\n[INFO] --------------------------------[ jar ]---------------------------------\n[INFO] \n[INFO] --- clean:3.2.0:clean (default-clean) @ test-java-plain ---\n[INFO] \n[INFO] --- resources:3.3.0:resources (default-resources) @ test-java-plain ---\n[WARNING] Using platform encoding (ANSI_X3.4-1968 actually) to copy filtered resources, i.e. build is platform dependent!\n[INFO] skip non existing resourceDirectory /tmp/eval-dev-quality1751284491/plain/src/main/resources\n[INFO] \n[INFO] --- compiler:3.10.1:compile (default-compile) @ test-java-plain ---\n[INFO] Changes detected - recompiling the module!\n[WARNING] File encoding has not been set, using platform encoding ANSI_X3.4-1968, i.e. build is platform dependent!\n[INFO] Compiling 1 source file to /tmp/eval-dev-quality1751284491/plain/target/classes\n[INFO] \n[INFO] --- resources:3.3.0:resources (default-resources) @ test-java-plain ---\n[WARNING] Using platform encoding (ANSI_X3.4-1968 actually) to copy filtered resources, i.e. build is platform dependent!\n[INFO] skip non existing resourceDirectory /tmp/eval-dev-quality1751284491/plain/src/main/resources\n[INFO] \n[INFO] --- compiler:3.10.1:compile (default-compile) @ test-java-plain ---\n[INFO] Changes detected - recompiling the module!\n[WARNING] File encoding has not been set, using platform encoding ANSI_X3.4-1968, i.e. build is platform dependent!\n[INFO] Compiling 1 source file to /tmp/eval-dev-quality1751284491/plain/target/classes\n[INFO] \n[INFO] --- resources:3.3.0:testResources (default-testResources) @ test-java-plain ---\n[WARNING] Using platform encoding (ANSI_X3.4-1968 actually) to copy filtered resources, i.e. build is platform dependent!\n[INFO] skip non existing resourceDirectory /tmp/eval-dev-quality1751284491/plain/src/test/resources\n[INFO] \n[INFO] --- compiler:3.10.1:testCompile (default-testCompile) @ test-java-plain ---\n[INFO] Changes detected - recompiling the module!\n[WARNING] File encoding has not been set, using platform encoding ANSI_X3.4-1968, i.e. build is platform dependent!\n[INFO] Compiling 1 source file to /tmp/eval-dev-quality1751284491/plain/target/test-classes\n[INFO] -------------------------------------------------------------\n[ERROR] COMPILATION ERROR : \n[INFO] -------------------------------------------------------------\n[ERROR] /tmp/eval-dev-quality1751284491/plain/src/test/java/com/eval/PlainTest.java:[10,13] cannot find symbol\n  symbol:   variable Plain\n  location: class PlainTest\n[INFO] 1 error\n[INFO] -------------------------------------------------------------\n[INFO] ------------------------------------------------------------------------\n[INFO] BUILD FAILURE\n[INFO] ------------------------------------------------------------------------\n[INFO] Total time:  1.243 s\n[INFO] Finished at: 2024-06-19T10:16:43Z\n[INFO] ------------------------------------------------------------------------\n[ERROR] Failed to execute goal org.apache.maven.plugins:maven-compiler-plugin:3.10.1:testCompile (default-testCompile) on project test-java-plain: Compilation failure\n[ERROR] /tmp/eval-dev-quality1751284491/plain/src/test/java/com/eval/PlainTest.java:[10,13] cannot find symbol\n[ERROR]   symbol:   variable Plain\n[ERROR]   location: class PlainTest\n[ERROR] \n[ERROR] -> [Help 1]\n[ERROR] \n[ERROR] To see the full stack trace of the errors, re-run Maven with the -e switch.\n[ERROR] Re-run Maven using the -X switch to enable full debug logging.\n[ERROR] \n[ERROR] For more information about the errors and possible solutions, please read the following articles:\n[ERROR] [Help 1] http://cwiki.apache.org/confluence/display/MAVEN/MojoFailureException\n",
}
Stacktrace: goroutine 1 [running]:
gitlab.nethead.at/symflower/symflower/model/errors.NewInternalError({0x1f42da0?, 0xc0004961e0}, {0xffa8c0?, 0xc0004be018})
	gitlab.nethead.at/symflower/symflower/model/errors/error.go:850 +0x59
gitlab.nethead.at/symflower/symflower/language/java/execute.MavenDependencyCommand.func1()
	gitlab.nethead.at/symflower/symflower/language/java/execute/maven.go:80 +0x1ef
github.com/avast/retry-go.Do(0xc00045f8b8, {0xc00045f8a0, 0x3, 0x418c94?})
	github.com/avast/retry-go/retry.go:135 +0x5a3
gitlab.nethead.at/symflower/symflower/language/java/execute.MavenDependencyCommand({0xc00004c210, 0x26}, 0x0, {0xc000531ec0, 0x6, 0x6})
	gitlab.nethead.at/symflower/symflower/language/java/execute/maven.go:60 +0x1c5
gitlab.nethead.at/symflower/symflower/language/java/execute.MavenCloverCoverage({0xc00004c210, 0x26})
	gitlab.nethead.at/symflower/symflower/language/java/execute/clover.go:131 +0xc9
gitlab.nethead.at/symflower/symflower/cmd/symflower-local/cmd.(*commandTest).Execute(0xc0003dc978, {0xc0003dc800?, 0x7f45eeb7ff58?, 0xc0003dc978?})
	gitlab.nethead.at/symflower/symflower/cmd/symflower-local/cmd/test.go:143 +0x54f
gitlab.nethead.at/symflower/symflower/cmd.ExecuteNoExit({0x1f425e0?, 0xc0003dc800}, {0xc0000ea000?, 0x0?, 0xc0004e9ed8?})
	gitlab.nethead.at/symflower/symflower/cmd/execute.go:56 +0x2d0
gitlab.nethead.at/symflower/symflower/cmd.Execute({0x1f425e0?, 0xc0003dc800?}, {0xc0000ea000?, 0xc0003dc400?, 0xc0003dc800?})
	gitlab.nethead.at/symflower/symflower/cmd/execute.go:16 +0x26
gitlab.nethead.at/symflower/symflower/cmd.ExecuteWithOSArguments(...)
	gitlab.nethead.at/symflower/symflower/cmd/execute.go:75
main.main.func1()
	gitlab.nethead.at/symflower/symflower/cmd/symflower-demo/main.go:40 +0x34
gitlab.nethead.at/symflower/symflower/cmd/symflower-local/cmd.(*Command).WithPanicReporter(0xc0000c0058?, 0x2636b18?)
	gitlab.nethead.at/symflower/symflower/cmd/symflower-local/cmd/cmd.go:184 +0x48
main.main()
	gitlab.nethead.at/symflower/symflower/cmd/symflower-demo/main.go:39 +0xa5

2024/06/19 10:16:43 Evaluated model "openrouter/01-ai/yi-34b-chat" on task "write-tests" using language "java" and repository "java/plain": encountered 1 problems: [exit status 1
[0;34mGive us your feedback and let us know how we can improve Symflower at hello@symflower.com or https://github.com/symflower/symflower. Thanks so much for your help![0m
ERROR: All attempts fail:
#1: Internal error: exit status 1:
[]interface {}{
    "/tmp/eval-dev-quality1751284491/plain/",
    "[INFO] Scanning for projects...\n[WARNING] \n[WARNING] Some problems were encountered while building the effective model for eval.dev.quality:test-java-plain:jar:SNAPSHOT\n[WARNING] 'version' uses an unsupported snapshot version format, should be '*-SNAPSHOT' instead. @ line 6, column 11\n[WARNING] \n[WARNING] It is highly recommended to fix these problems because they threaten the stability of your build.\n[WARNING] \n[WARNING] For this reason, future Maven versions might no longer support building such malformed projects.\n[WARNING] \n[INFO] \n[INFO] ------------------< eval.dev.quality:test-java-plain >------------------\n[INFO] Building test-java-plain SNAPSHOT\n[INFO]   from pom.xml\n[INFO] --------------------------------[ jar ]---------------------------------\n[INFO] \n[INFO] --- clean:3.2.0:clean (default-clean) @ test-java-plain ---\n[INFO] \n[INFO] --- resources:3.3.0:resources (default-resources) @ test-java-plain ---\n[WARNING] Using platform encoding (ANSI_X3.4-1968 actually) to copy filtered resources, i.e. build is platform dependent!\n[INFO] skip non existing resourceDirectory /tmp/eval-dev-quality1751284491/plain/src/main/resources\n[INFO] \n[INFO] --- compiler:3.10.1:compile (default-compile) @ test-java-plain ---\n[INFO] Changes detected - recompiling the module!\n[WARNING] File encoding has not been set, using platform encoding ANSI_X3.4-1968, i.e. build is platform dependent!\n[INFO] Compiling 1 source file to /tmp/eval-dev-quality1751284491/plain/target/classes\n[INFO] \n[INFO] --- resources:3.3.0:resources (default-resources) @ test-java-plain ---\n[WARNING] Using platform encoding (ANSI_X3.4-1968 actually) to copy filtered resources, i.e. build is platform dependent!\n[INFO] skip non existing resourceDirectory /tmp/eval-dev-quality1751284491/plain/src/main/resources\n[INFO] \n[INFO] --- compiler:3.10.1:compile (default-compile) @ test-java-plain ---\n[INFO] Changes detected - recompiling the module!\n[WARNING] File encoding has not been set, using platform encoding ANSI_X3.4-1968, i.e. build is platform dependent!\n[INFO] Compiling 1 source file to /tmp/eval-dev-quality1751284491/plain/target/classes\n[INFO] \n[INFO] --- resources:3.3.0:testResources (default-testResources) @ test-java-plain ---\n[WARNING] Using platform encoding (ANSI_X3.4-1968 actually) to copy filtered resources, i.e. build is platform dependent!\n[INFO] skip non existing resourceDirectory /tmp/eval-dev-quality1751284491/plain/src/test/resources\n[INFO] \n[INFO] --- compiler:3.10.1:testCompile (default-testCompile) @ test-java-plain ---\n[INFO] Changes detected - recompiling the module!\n[WARNING] File encoding has not been set, using platform encoding ANSI_X3.4-1968, i.e. build is platform dependent!\n[INFO] Compiling 1 source file to /tmp/eval-dev-quality1751284491/plain/target/test-classes\n[INFO] -------------------------------------------------------------\n[ERROR] COMPILATION ERROR : \n[INFO] -------------------------------------------------------------\n[ERROR] /tmp/eval-dev-quality1751284491/plain/src/test/java/com/eval/PlainTest.java:[10,13] cannot find symbol\n  symbol:   variable Plain\n  location: class PlainTest\n[INFO] 1 error\n[INFO] -------------------------------------------------------------\n[INFO] ------------------------------------------------------------------------\n[INFO] BUILD FAILURE\n[INFO] ------------------------------------------------------------------------\n[INFO] Total time:  1.243 s\n[INFO] Finished at: 2024-06-19T10:16:43Z\n[INFO] ------------------------------------------------------------------------\n[ERROR] Failed to execute goal org.apache.maven.plugins:maven-compiler-plugin:3.10.1:testCompile (default-testCompile) on project test-java-plain: Compilation failure\n[ERROR] /tmp/eval-dev-quality1751284491/plain/src/test/java/com/eval/PlainTest.java:[10,13] cannot find symbol\n[ERROR]   symbol:   variable Plain\n[ERROR]   location: class PlainTest\n[ERROR] \n[ERROR] -> [Help 1]\n[ERROR] \n[ERROR] To see the full stack trace of the errors, re-run Maven with the -e switch.\n[ERROR] Re-run Maven using the -X switch to enable full debug logging.\n[ERROR] \n[ERROR] For more information about the errors and possible solutions, please read the following articles:\n[ERROR] [Help 1] http://cwiki.apache.org/confluence/display/MAVEN/MojoFailureException\n",
}
Stacktrace: goroutine 1 [running]:
gitlab.nethead.at/symflower/symflower/model/errors.NewInternalError({0x1f42da0?, 0xc0004961e0}, {0xffa8c0?, 0xc0004be018})
	gitlab.nethead.at/symflower/symflower/model/errors/error.go:850 +0x59
gitlab.nethead.at/symflower/symflower/language/java/execute.MavenDependencyCommand.func1()
	gitlab.nethead.at/symflower/symflower/language/java/execute/maven.go:80 +0x1ef
github.com/avast/retry-go.Do(0xc00045f8b8, {0xc00045f8a0, 0x3, 0x418c94?})
	github.com/avast/retry-go/retry.go:135 +0x5a3
gitlab.nethead.at/symflower/symflower/language/java/execute.MavenDependencyCommand({0xc00004c210, 0x26}, 0x0, {0xc000531ec0, 0x6, 0x6})
	gitlab.nethead.at/symflower/symflower/language/java/execute/maven.go:60 +0x1c5
gitlab.nethead.at/symflower/symflower/language/java/execute.MavenCloverCoverage({0xc00004c210, 0x26})
	gitlab.nethead.at/symflower/symflower/language/java/execute/clover.go:131 +0xc9
gitlab.nethead.at/symflower/symflower/cmd/symflower-local/cmd.(*commandTest).Execute(0xc0003dc978, {0xc0003dc800?, 0x7f45eeb7ff58?, 0xc0003dc978?})
	gitlab.nethead.at/symflower/symflower/cmd/symflower-local/cmd/test.go:143 +0x54f
gitlab.nethead.at/symflower/symflower/cmd.ExecuteNoExit({0x1f425e0?, 0xc0003dc800}, {0xc0000ea000?, 0x0?, 0xc0004e9ed8?})
	gitlab.nethead.at/symflower/symflower/cmd/execute.go:56 +0x2d0
gitlab.nethead.at/symflower/symflower/cmd.Execute({0x1f425e0?, 0xc0003dc800?}, {0xc0000ea000?, 0xc0003dc400?, 0xc0003dc800?})
	gitlab.nethead.at/symflower/symflower/cmd/execute.go:16 +0x26
gitlab.nethead.at/symflower/symflower/cmd.ExecuteWithOSArguments(...)
	gitlab.nethead.at/symflower/symflower/cmd/execute.go:75
main.main.func1()
	gitlab.nethead.at/symflower/symflower/cmd/symflower-demo/main.go:40 +0x34
gitlab.nethead.at/symflower/symflower/cmd/symflower-local/cmd.(*Command).WithPanicReporter(0xc0000c0058?, 0x2636b18?)
	gitlab.nethead.at/symflower/symflower/cmd/symflower-local/cmd/cmd.go:184 +0x48
main.main()
	gitlab.nethead.at/symflower/symflower/cmd/symflower-demo/main.go:39 +0xa5


github.com/symflower/eval-dev-quality/util.CommandWithResult
	/home/ubuntu/eval-dev-quality/util/exec.go:52
github.com/symflower/eval-dev-quality/language/java.(*Language).Execute
	/home/ubuntu/eval-dev-quality/language/java/language.go:108
github.com/symflower/eval-dev-quality/evaluate/task.(*TaskWriteTests).Run
	/home/ubuntu/eval-dev-quality/evaluate/task/task-write-test.go:91
github.com/symflower/eval-dev-quality/evaluate.Evaluate.func1
	/home/ubuntu/eval-dev-quality/evaluate/evaluate.go:128
github.com/symflower/eval-dev-quality/evaluate.withLoadedModel
	/home/ubuntu/eval-dev-quality/evaluate/evaluate.go:273
github.com/symflower/eval-dev-quality/evaluate.Evaluate
	/home/ubuntu/eval-dev-quality/evaluate/evaluate.go:118
github.com/symflower/eval-dev-quality/cmd/eval-dev-quality/cmd.(*Evaluate).Execute
	/home/ubuntu/eval-dev-quality/cmd/eval-dev-quality/cmd/evaluate.go:363
github.com/symflower/eval-dev-quality/cmd/eval-dev-quality/cmd.Execute.func1
	/home/ubuntu/eval-dev-quality/cmd/eval-dev-quality/cmd/command.go:34
github.com/jessevdk/go-flags.(*Parser).ParseArgs
	/home/ubuntu/go/pkg/mod/github.com/jessevdk/go-flags@v1.5.1-0.20210607101731-3927b71304df/parser.go:333
github.com/symflower/eval-dev-quality/cmd/eval-dev-quality/cmd.Execute
	/home/ubuntu/eval-dev-quality/cmd/eval-dev-quality/cmd/command.go:37
main.main
	/home/ubuntu/eval-dev-quality/cmd/eval-dev-quality/main.go:11
runtime.main
	/home/ubuntu/.eval-dev-quality/go/src/runtime/proc.go:267
runtime.goexit
	/home/ubuntu/.eval-dev-quality/go/src/runtime/asm_amd64.s:1650
github.com/symflower/eval-dev-quality/language/java.(*Language).Execute
	/home/ubuntu/eval-dev-quality/language/java/language.go:119
github.com/symflower/eval-dev-quality/evaluate/task.(*TaskWriteTests).Run
	/home/ubuntu/eval-dev-quality/evaluate/task/task-write-test.go:91
github.com/symflower/eval-dev-quality/evaluate.Evaluate.func1
	/home/ubuntu/eval-dev-quality/evaluate/evaluate.go:128
github.com/symflower/eval-dev-quality/evaluate.withLoadedModel
	/home/ubuntu/eval-dev-quality/evaluate/evaluate.go:273
github.com/symflower/eval-dev-quality/evaluate.Evaluate
	/home/ubuntu/eval-dev-quality/evaluate/evaluate.go:118
github.com/symflower/eval-dev-quality/cmd/eval-dev-quality/cmd.(*Evaluate).Execute
	/home/ubuntu/eval-dev-quality/cmd/eval-dev-quality/cmd/evaluate.go:363
github.com/symflower/eval-dev-quality/cmd/eval-dev-quality/cmd.Execute.func1
	/home/ubuntu/eval-dev-quality/cmd/eval-dev-quality/cmd/command.go:34
github.com/jessevdk/go-flags.(*Parser).ParseArgs
	/home/ubuntu/go/pkg/mod/github.com/jessevdk/go-flags@v1.5.1-0.20210607101731-3927b71304df/parser.go:333
github.com/symflower/eval-dev-quality/cmd/eval-dev-quality/cmd.Execute
	/home/ubuntu/eval-dev-quality/cmd/eval-dev-quality/cmd/command.go:37
main.main
	/home/ubuntu/eval-dev-quality/cmd/eval-dev-quality/main.go:11
runtime.main
	/home/ubuntu/.eval-dev-quality/go/src/runtime/proc.go:267
runtime.goexit
	/home/ubuntu/.eval-dev-quality/go/src/runtime/asm_amd64.s:1650
[0;34mGive us your feedback and let us know how we can improve Symflower at hello@symflower.com or https://github.com/symflower/symflower. Thanks so much for your help![0m
ERROR: All attempts fail:
#1: Internal error: exit status 1:
[]interface {}{
    "/tmp/eval-dev-quality1751284491/plain/",
    "[INFO] Scanning for projects...\n[WARNING] \n[WARNING] Some problems were encountered while building the effective model for eval.dev.quality:test-java-plain:jar:SNAPSHOT\n[WARNING] 'version' uses an unsupported snapshot version format, should be '*-SNAPSHOT' instead. @ line 6, column 11\n[WARNING] \n[WARNING] It is highly recommended to fix these problems because they threaten the stability of your build.\n[WARNING] \n[WARNING] For this reason, future Maven versions might no longer support building such malformed projects.\n[WARNING] \n[INFO] \n[INFO] ------------------< eval.dev.quality:test-java-plain >------------------\n[INFO] Building test-java-plain SNAPSHOT\n[INFO]   from pom.xml\n[INFO] --------------------------------[ jar ]---------------------------------\n[INFO] \n[INFO] --- clean:3.2.0:clean (default-clean) @ test-java-plain ---\n[INFO] \n[INFO] --- resources:3.3.0:resources (default-resources) @ test-java-plain ---\n[WARNING] Using platform encoding (ANSI_X3.4-1968 actually) to copy filtered resources, i.e. build is platform dependent!\n[INFO] skip non existing resourceDirectory /tmp/eval-dev-quality1751284491/plain/src/main/resources\n[INFO] \n[INFO] --- compiler:3.10.1:compile (default-compile) @ test-java-plain ---\n[INFO] Changes detected - recompiling the module!\n[WARNING] File encoding has not been set, using platform encoding ANSI_X3.4-1968, i.e. build is platform dependent!\n[INFO] Compiling 1 source file to /tmp/eval-dev-quality1751284491/plain/target/classes\n[INFO] \n[INFO] --- resources:3.3.0:resources (default-resources) @ test-java-plain ---\n[WARNING] Using platform encoding (ANSI_X3.4-1968 actually) to copy filtered resources, i.e. build is platform dependent!\n[INFO] skip non existing resourceDirectory /tmp/eval-dev-quality1751284491/plain/src/main/resources\n[INFO] \n[INFO] --- compiler:3.10.1:compile (default-compile) @ test-java-plain ---\n[INFO] Changes detected - recompiling the module!\n[WARNING] File encoding has not been set, using platform encoding ANSI_X3.4-1968, i.e. build is platform dependent!\n[INFO] Compiling 1 source file to /tmp/eval-dev-quality1751284491/plain/target/classes\n[INFO] \n[INFO] --- resources:3.3.0:testResources (default-testResources) @ test-java-plain ---\n[WARNING] Using platform encoding (ANSI_X3.4-1968 actually) to copy filtered resources, i.e. build is platform dependent!\n[INFO] skip non existing resourceDirectory /tmp/eval-dev-quality1751284491/plain/src/test/resources\n[INFO] \n[INFO] --- compiler:3.10.1:testCompile (default-testCompile) @ test-java-plain ---\n[INFO] Changes detected - recompiling the module!\n[WARNING] File encoding has not been set, using platform encoding ANSI_X3.4-1968, i.e. build is platform dependent!\n[INFO] Compiling 1 source file to /tmp/eval-dev-quality1751284491/plain/target/test-classes\n[INFO] -------------------------------------------------------------\n[ERROR] COMPILATION ERROR : \n[INFO] -------------------------------------------------------------\n[ERROR] /tmp/eval-dev-quality1751284491/plain/src/test/java/com/eval/PlainTest.java:[10,13] cannot find symbol\n  symbol:   variable Plain\n  location: class PlainTest\n[INFO] 1 error\n[INFO] -------------------------------------------------------------\n[INFO] ------------------------------------------------------------------------\n[INFO] BUILD FAILURE\n[INFO] ------------------------------------------------------------------------\n[INFO] Total time:  1.243 s\n[INFO] Finished at: 2024-06-19T10:16:43Z\n[INFO] ------------------------------------------------------------------------\n[ERROR] Failed to execute goal org.apache.maven.plugins:maven-compiler-plugin:3.10.1:testCompile (default-testCompile) on project test-java-plain: Compilation failure\n[ERROR] /tmp/eval-dev-quality1751284491/plain/src/test/java/com/eval/PlainTest.java:[10,13] cannot find symbol\n[ERROR]   symbol:   variable Plain\n[ERROR]   location: class PlainTest\n[ERROR] \n[ERROR] -> [Help 1]\n[ERROR] \n[ERROR] To see the full stack trace of the errors, re-run Maven with the -e switch.\n[ERROR] Re-run Maven using the -X switch to enable full debug logging.\n[ERROR] \n[ERROR] For more information about the errors and possible solutions, please read the following articles:\n[ERROR] [Help 1] http://cwiki.apache.org/confluence/display/MAVEN/MojoFailureException\n",
}
Stacktrace: goroutine 1 [running]:
gitlab.nethead.at/symflower/symflower/model/errors.NewInternalError({0x1f42da0?, 0xc0004961e0}, {0xffa8c0?, 0xc0004be018})
	gitlab.nethead.at/symflower/symflower/model/errors/error.go:850 +0x59
gitlab.nethead.at/symflower/symflower/language/java/execute.MavenDependencyCommand.func1()
	gitlab.nethead.at/symflower/symflower/language/java/execute/maven.go:80 +0x1ef
github.com/avast/retry-go.Do(0xc00045f8b8, {0xc00045f8a0, 0x3, 0x418c94?})
	github.com/avast/retry-go/retry.go:135 +0x5a3
gitlab.nethead.at/symflower/symflower/language/java/execute.MavenDependencyCommand({0xc00004c210, 0x26}, 0x0, {0xc000531ec0, 0x6, 0x6})
	gitlab.nethead.at/symflower/symflower/language/java/execute/maven.go:60 +0x1c5
gitlab.nethead.at/symflower/symflower/language/java/execute.MavenCloverCoverage({0xc00004c210, 0x26})
	gitlab.nethead.at/symflower/symflower/language/java/execute/clover.go:131 +0xc9
gitlab.nethead.at/symflower/symflower/cmd/symflower-local/cmd.(*commandTest).Execute(0xc0003dc978, {0xc0003dc800?, 0x7f45eeb7ff58?, 0xc0003dc978?})
	gitlab.nethead.at/symflower/symflower/cmd/symflower-local/cmd/test.go:143 +0x54f
gitlab.nethead.at/symflower/symflower/cmd.ExecuteNoExit({0x1f425e0?, 0xc0003dc800}, {0xc0000ea000?, 0x0?, 0xc0004e9ed8?})
	gitlab.nethead.at/symflower/symflower/cmd/execute.go:56 +0x2d0
gitlab.nethead.at/symflower/symflower/cmd.Execute({0x1f425e0?, 0xc0003dc800?}, {0xc0000ea000?, 0xc0003dc400?, 0xc0003dc800?})
	gitlab.nethead.at/symflower/symflower/cmd/execute.go:16 +0x26
gitlab.nethead.at/symflower/symflower/cmd.ExecuteWithOSArguments(...)
	gitlab.nethead.at/symflower/symflower/cmd/execute.go:75
main.main.func1()
	gitlab.nethead.at/symflower/symflower/cmd/symflower-demo/main.go:40 +0x34
gitlab.nethead.at/symflower/symflower/cmd/symflower-local/cmd.(*Command).WithPanicReporter(0xc0000c0058?, 0x2636b18?)
	gitlab.nethead.at/symflower/symflower/cmd/symflower-local/cmd/cmd.go:184 +0x48
main.main()
	gitlab.nethead.at/symflower/symflower/cmd/symflower-demo/main.go:39 +0xa5


src/main/java/com/eval/Plain.java]
