2024/06/19 10:01:44 Evaluating model "openrouter/google/palm-2-chat-bison" on task "write-tests" using language "java" and repository "java/plain"
2024/06/19 10:01:44 Querying model "openrouter/google/palm-2-chat-bison" with:
	Given the following Java code file "src/main/java/com/eval/Plain.java" with package "com.eval", provide a test file for this code with JUnit 5 as a test framework.
	The tests should produce 100 percent code coverage and must compile.
	The response must contain only the test code and nothing else.

	```java
	package com.eval;

	class Plain {
	    static void plain() {
	    }
	}
	```
2024/06/19 10:01:46 Model "openrouter/google/palm-2-chat-bison" responded (1714 ms) with:
	 ```java
	import com.eval.Plain;
	import org.junit.jupiter.api.Test;

	class PlainTest {

	    @Test
	    void testPlain() {
	        Plain.plain();
	    }
	}
	```
2024/06/19 10:01:46 $ symflower test --language java --workspace /tmp/eval-dev-quality3705907841/plain --coverage-file /tmp/eval-dev-quality3705907841/plain/coverage.json
[0;34mGive us your feedback and let us know how we can improve Symflower at hello@symflower.com or https://github.com/symflower/symflower. Thanks so much for your help![0m
ERROR: All attempts fail:
#1: Internal error: exit status 1:
[]interface {}{
    "/tmp/eval-dev-quality3705907841/plain/",
    "[INFO] Scanning for projects...\n[WARNING] \n[WARNING] Some problems were encountered while building the effective model for eval.dev.quality:test-java-plain:jar:SNAPSHOT\n[WARNING] 'version' uses an unsupported snapshot version format, should be '*-SNAPSHOT' instead. @ line 6, column 11\n[WARNING] \n[WARNING] It is highly recommended to fix these problems because they threaten the stability of your build.\n[WARNING] \n[WARNING] For this reason, future Maven versions might no longer support building such malformed projects.\n[WARNING] \nDownloading from central: https://repo.maven.apache.org/maven2/org/openclover/clover-maven-plugin/4.5.2/clover-maven-plugin-4.5.2.pom\nProgress (1): 1.4/16 kB\rProgress (1): 2.8/16 kB\rProgress (1): 4.1/16 kB\rProgress (1): 5.5/16 kB\rProgress (1): 6.9/16 kB\rProgress (1): 8.3/16 kB\rProgress (1): 9.7/16 kB\rProgress (1): 11/16 kB \rProgress (1): 12/16 kB\rProgress (1): 14/16 kB\rProgress (1): 15/16 kB\rProgress (1): 16 kB   \r                   \rDownloaded from central: https://repo.maven.apache.org/maven2/org/openclover/clover-maven-plugin/4.5.2/clover-maven-plugin-4.5.2.pom (16 kB at 11 kB/s)\nDownloading from central: https://repo.maven.apache.org/maven2/org/openclover/clover-maven-plugin/4.5.2/clover-maven-plugin-4.5.2.jar\nProgress (1): 16/148 kB\rProgress (1): 33/148 kB\rProgress (1): 49/148 kB\rProgress (1): 66/148 kB\rProgress (1): 82/148 kB\rProgress (1): 98/148 kB\rProgress (1): 115/148 kB\rProgress (1): 131/148 kB\rProgress (1): 147/148 kB\rProgress (1): 148 kB    \r                    \rDownloaded from central: https://repo.maven.apache.org/maven2/org/openclover/clover-maven-plugin/4.5.2/clover-maven-plugin-4.5.2.jar (148 kB at 5.1 MB/s)\n[INFO] \n[INFO] ------------------< eval.dev.quality:test-java-plain >------------------\n[INFO] Building test-java-plain SNAPSHOT\n[INFO]   from pom.xml\n[INFO] --------------------------------[ jar ]---------------------------------\nDownloading from central: https://repo.maven.apache.org/maven2/org/apache/maven/plugins/maven-clean-plugin/3.2.0/maven-clean-plugin-3.2.0.pom\nProgress (1): 5.3 kB\r                    \rDownloaded from central: https://repo.maven.apache.org/maven2/org/apache/maven/plugins/maven-clean-plugin/3.2.0/maven-clean-plugin-3.2.0.pom (5.3 kB at 483 kB/s)\nDownloading from central: https://repo.maven.apache.org/maven2/org/apache/maven/plugins/maven-plugins/35/maven-plugins-35.pom\nProgress (1): 9.9 kB\r                    \rDownloaded from central: https://repo.maven.apache.org/maven2/org/apache/maven/plugins/maven-plugins/35/maven-plugins-35.pom (9.9 kB at 900 kB/s)\nDownloading from central: https://repo.maven.apache.org/maven2/org/apache/maven/maven-parent/35/maven-parent-35.pom\nProgress (1): 16/45 kB\rProgress (1): 33/45 kB\rProgress (1): 45 kB   \r                   \rDownloaded from central: https://repo.maven.apache.org/maven2/org/apache/maven/maven-parent/35/maven-parent-35.pom (45 kB at 3.8 MB/s)\nDownloading from central: https://repo.maven.apache.org/maven2/org/apache/apache/25/apache-25.pom\nProgress (1): 16/21 kB\rProgress (1): 21 kB   \r                   \rDownloaded from central: https://repo.maven.apache.org/maven2/org/apache/apache/25/apache-25.pom (21 kB at 1.7 MB/s)\nDownloading from central: https://repo.maven.apache.org/maven2/org/apache/maven/plugins/maven-clean-plugin/3.2.0/maven-clean-plugin-3.2.0.jar\nProgress (1): 16/36 kB\rProgress (1): 33/36 kB\rProgress (1): 36 kB   \r                   \rDownloaded from central: https://repo.maven.apache.org/maven2/org/apache/maven/plugins/maven-clean-plugin/3.2.0/maven-clean-plugin-3.2.0.jar (36 kB at 3.0 MB/s)\nDownloading from central: https://repo.maven.apache.org/maven2/org/apache/maven/plugins/maven-resources-plugin/3.3.0/maven-resources-plugin-3.3.0.pom\nProgress (1): 8.5 kB\r                    \rDownloaded from central: https://repo.maven.apache.org/maven2/org/apache/maven/plugins/maven-resources-plugin/3.3.0/maven-resources-plugin-3.3.0.pom (8.5 kB at 773 kB/s)\nDownloading from central: https://repo.maven.apache.org/maven2/org/apache/maven/plugins/maven-plugins/36/maven-plugins-36.pom\nProgress (1): 9.9 kB\r                    \rDownloaded from central: https://repo.maven.apache.org/maven2/org/apache/maven/plugins/maven-plugins/36/maven-plugins-36.pom (9.9 kB at 990 kB/s)\nDownloading from central: https://repo.maven.apache.org/maven2/org/apache/maven/maven-parent/36/maven-parent-36.pom\nProgress (1): 16/45 kB\rProgress (1): 32/45 kB\rProgress (1): 45 kB   \r                   \rDownloaded from central: https://repo.maven.apache.org/maven2/org/apache/maven/maven-parent/36/maven-parent-36.pom (45 kB at 3.5 MB/s)\nDownloading from central: https://repo.maven.apache.org/maven2/org/apache/apache/26/apache-26.pom\nProgress (1): 16/21 kB\rProgress (1): 21 kB   \r                   \rDownloaded from central: https://repo.maven.apache.org/maven2/org/apache/apache/26/apache-26.pom (21 kB at 1.9 MB/s)\nDownloading from central: https://repo.maven.apache.org/maven2/org/apache/maven/plugins/maven-resources-plugin/3.3.0/maven-resources-plugin-3.3.0.jar\nProgress (1): 16/32 kB\rProgress (1): 32 kB   \r                   \rDownloaded from central: https://repo.maven.apache.org/maven2/org/apache/maven/plugins/maven-resources-plugin/3.3.0/maven-resources-plugin-3.3.0.jar (32 kB at 3.2 MB/s)\nDownloading from central: https://repo.maven.apache.org/maven2/org/apache/maven/plugins/maven-compiler-plugin/3.10.1/maven-compiler-plugin-3.10.1.pom\nProgress (1): 13 kB\r                   \rDownloaded from central: https://repo.maven.apache.org/maven2/org/apache/maven/plugins/maven-compiler-plugin/3.10.1/maven-compiler-plugin-3.10.1.pom (13 kB at 1.3 MB/s)\nDownloading from central: https://repo.maven.apache.org/maven2/org/apache/maven/plugins/maven-plugins/34/maven-plugins-34.pom\nProgress (1): 11 kB\r                   \rDownloaded from central: https://repo.maven.apache.org/maven2/org/apache/maven/plugins/maven-plugins/34/maven-plugins-34.pom (11 kB at 822 kB/s)\nDownloading from central: https://repo.maven.apache.org/maven2/org/apache/maven/maven-parent/34/maven-parent-34.pom\nProgress (1): 16/43 kB\rProgress (1): 33/43 kB\rProgress (1): 43 kB   \r                   \rDownloaded from central: https://repo.maven.apache.org/maven2/org/apache/maven/maven-parent/34/maven-parent-34.pom (43 kB at 2.9 MB/s)\nDownloading from central: https://repo.maven.apache.org/maven2/org/apache/apache/23/apache-23.pom\nProgress (1): 16/18 kB\rProgress (1): 18 kB   \r                   \rDownloaded from central: https://repo.maven.apache.org/maven2/org/apache/apache/23/apache-23.pom (18 kB at 1.1 MB/s)\nDownloading from central: https://repo.maven.apache.org/maven2/org/apache/maven/plugins/maven-compiler-plugin/3.10.1/maven-compiler-plugin-3.10.1.jar\nProgress (1): 16/62 kB\rProgress (1): 33/62 kB\rProgress (1): 49/62 kB\rProgress (1): 62 kB   \r                   \rDownloaded from central: https://repo.maven.apache.org/maven2/org/apache/maven/plugins/maven-compiler-plugin/3.10.1/maven-compiler-plugin-3.10.1.jar (62 kB at 3.1 MB/s)\nDownloading from central: https://repo.maven.apache.org/maven2/org/apache/maven/plugins/maven-surefire-plugin/3.2.5/maven-surefire-plugin-3.2.5.pom\nProgress (1): 5.3 kB\r                    \rDownloaded from central: https://repo.maven.apache.org/maven2/org/apache/maven/plugins/maven-surefire-plugin/3.2.5/maven-surefire-plugin-3.2.5.pom (5.3 kB at 532 kB/s)\nDownloading from central: https://repo.maven.apache.org/maven2/org/apache/maven/surefire/surefire/3.2.5/surefire-3.2.5.pom\nProgress (1): 16/22 kB\rProgress (1): 22 kB   \r                   \rDownloaded from central: https://repo.maven.apache.org/maven2/org/apache/maven/surefire/surefire/3.2.5/surefire-3.2.5.pom (22 kB at 2.0 MB/s)\nDownloading from central: https://repo.maven.apache.org/maven2/org/apache/maven/maven-parent/41/maven-parent-41.pom\nProgress (1): 16/50 kB\rProgress (1): 33/50 kB\rProgress (1): 49/50 kB\rProgress (1): 50 kB   \r                   \rDownloaded from central: https://repo.maven.apache.org/maven2/org/apache/maven/maven-parent/41/maven-parent-41.pom (50 kB at 5.0 MB/s)\nDownloading from central: https://repo.maven.apache.org/maven2/org/apache/apache/31/apache-31.pom\nProgress (1): 16/24 kB\rProgress (1): 24 kB   \r                   \rDownloaded from central: https://repo.maven.apache.org/maven2/org/apache/apache/31/apache-31.pom (24 kB at 2.0 MB/s)\nDownloading from central: https://repo.maven.apache.org/maven2/org/junit/junit-bom/5.9.3/junit-bom-5.9.3.pom\nProgress (1): 5.6 kB\r                    \rDownloaded from central: https://repo.maven.apache.org/maven2/org/junit/junit-bom/5.9.3/junit-bom-5.9.3.pom (5.6 kB at 563 kB/s)\nDownloading from central: https://repo.maven.apache.org/maven2/org/apache/maven/plugins/maven-surefire-plugin/3.2.5/maven-surefire-plugin-3.2.5.jar\nProgress (1): 16/45 kB\rProgress (1): 33/45 kB\rProgress (1): 45 kB   \r                   \rDownloaded from central: https://repo.maven.apache.org/maven2/org/apache/maven/plugins/maven-surefire-plugin/3.2.5/maven-surefire-plugin-3.2.5.jar (45 kB at 3.7 MB/s)\nDownloading from central: https://repo.maven.apache.org/maven2/org/junit/jupiter/junit-jupiter/5.8.2/junit-jupiter-5.8.2.pom\nProgress (1): 3.2 kB\r                    \rDownloaded from central: https://repo.maven.apache.org/maven2/org/junit/jupiter/junit-jupiter/5.8.2/junit-jupiter-5.8.2.pom (3.2 kB at 356 kB/s)\nDownloading from central: https://repo.maven.apache.org/maven2/org/junit/junit-bom/5.8.2/junit-bom-5.8.2.pom\nProgress (1): 5.6 kB\r                    \rDownloaded from central: https://repo.maven.apache.org/maven2/org/junit/junit-bom/5.8.2/junit-bom-5.8.2.pom (5.6 kB at 469 kB/s)\nDownloading from central: https://repo.maven.apache.org/maven2/org/junit/jupiter/junit-jupiter-api/5.8.2/junit-jupiter-api-5.8.2.pom\nProgress (1): 3.2 kB\r                    \rDownloaded from central: https://repo.maven.apache.org/maven2/org/junit/jupiter/junit-jupiter-api/5.8.2/junit-jupiter-api-5.8.2.pom (3.2 kB at 227 kB/s)\nDownloading from central: https://repo.maven.apache.org/maven2/org/opentest4j/opentest4j/1.2.0/opentest4j-1.2.0.pom\nProgress (1): 1.7 kB\r                    \rDownloaded from central: https://repo.maven.apache.org/maven2/org/opentest4j/opentest4j/1.2.0/opentest4j-1.2.0.pom (1.7 kB at 153 kB/s)\nDownloading from central: https://repo.maven.apache.org/maven2/org/junit/platform/junit-platform-commons/1.8.2/junit-platform-commons-1.8.2.pom\nProgress (1): 2.8 kB\r                    \rDownloaded from central: https://repo.maven.apache.org/maven2/org/junit/platform/junit-platform-commons/1.8.2/junit-platform-commons-1.8.2.pom (2.8 kB at 283 kB/s)\nDownloading from central: https://repo.maven.apache.org/maven2/org/apiguardian/apiguardian-api/1.1.2/apiguardian-api-1.1.2.pom\nProgress (1): 1.5 kB\r                    \rDownloaded from central: https://repo.maven.apache.org/maven2/org/apiguardian/apiguardian-api/1.1.2/apiguardian-api-1.1.2.pom (1.5 kB at 76 kB/s)\nDownloading from central: https://repo.maven.apache.org/maven2/org/junit/jupiter/junit-jupiter-params/5.8.2/junit-jupiter-params-5.8.2.pom\nProgress (1): 3.0 kB\r                    \rDownloaded from central: https://repo.maven.apache.org/maven2/org/junit/jupiter/junit-jupiter-params/5.8.2/junit-jupiter-params-5.8.2.pom (3.0 kB at 177 kB/s)\nDownloading from central: https://repo.maven.apache.org/maven2/org/junit/jupiter/junit-jupiter-engine/5.8.2/junit-jupiter-engine-5.8.2.pom\nProgress (1): 3.2 kB\r                    \rDownloaded from central: https://repo.maven.apache.org/maven2/org/junit/jupiter/junit-jupiter-engine/5.8.2/junit-jupiter-engine-5.8.2.pom (3.2 kB at 320 kB/s)\nDownloading from central: https://repo.maven.apache.org/maven2/org/junit/platform/junit-platform-engine/1.8.2/junit-platform-engine-1.8.2.pom\nProgress (1): 3.2 kB\r                    \rDownloaded from central: https://repo.maven.apache.org/maven2/org/junit/platform/junit-platform-engine/1.8.2/junit-platform-engine-1.8.2.pom (3.2 kB at 320 kB/s)\nDownloading from central: https://repo.maven.apache.org/maven2/org/junit/jupiter/junit-jupiter/5.8.2/junit-jupiter-5.8.2.jar\nProgress (1): 6.4 kB\r                    \rDownloaded from central: https://repo.maven.apache.org/maven2/org/junit/jupiter/junit-jupiter/5.8.2/junit-jupiter-5.8.2.jar (6.4 kB at 707 kB/s)\nDownloading from central: https://repo.maven.apache.org/maven2/org/junit/jupiter/junit-jupiter-api/5.8.2/junit-jupiter-api-5.8.2.jar\nDownloading from central: https://repo.maven.apache.org/maven2/org/opentest4j/opentest4j/1.2.0/opentest4j-1.2.0.jar\nDownloading from central: https://repo.maven.apache.org/maven2/org/junit/platform/junit-platform-commons/1.8.2/junit-platform-commons-1.8.2.jar\nDownloading from central: https://repo.maven.apache.org/maven2/org/apiguardian/apiguardian-api/1.1.2/apiguardian-api-1.1.2.jar\nDownloading from central: https://repo.maven.apache.org/maven2/org/junit/jupiter/junit-jupiter-params/5.8.2/junit-jupiter-params-5.8.2.jar\nProgress (1): 16/194 kB\rProgress (1): 33/194 kB\rProgress (1): 49/194 kB\rProgress (1): 66/194 kB\rProgress (1): 82/194 kB\rProgress (1): 98/194 kB\rProgress (1): 115/194 kB\rProgress (1): 131/194 kB\rProgress (1): 147/194 kB\rProgress (1): 164/194 kB\rProgress (1): 180/194 kB\rProgress (1): 194 kB    \r                    \rDownloaded from central: https://repo.maven.apache.org/maven2/org/junit/jupiter/junit-jupiter-api/5.8.2/junit-jupiter-api-5.8.2.jar (194 kB at 6.0 MB/s)\nDownloading from central: https://repo.maven.apache.org/maven2/org/junit/jupiter/junit-jupiter-engine/5.8.2/junit-jupiter-engine-5.8.2.jar\nProgress (1): 1.4/100 kB\rProgress (1): 2.8/100 kB\rProgress (2): 2.8/100 kB | 16/230 kB\rProgress (2): 4.1/100 kB | 16/230 kB\rProgress (2): 5.5/100 kB | 16/230 kB\rProgress (2): 5.5/100 kB | 33/230 kB\rProgress (2): 6.9/100 kB | 33/230 kB\rProgress (2): 8.3/100 kB | 33/230 kB\rProgress (2): 8.3/100 kB | 49/230 kB\rProgress (2): 9.7/100 kB | 49/230 kB\rProgress (2): 11/100 kB | 49/230 kB \rProgress (2): 11/100 kB | 66/230 kB\rProgress (2): 12/100 kB | 66/230 kB\rProgress (2): 14/100 kB | 66/230 kB\rProgress (2): 14/100 kB | 82/230 kB\rProgress (2): 15/100 kB | 82/230 kB\rProgress (2): 15/100 kB | 98/230 kB\rProgress (2): 16/100 kB | 98/230 kB\rProgress (2): 16/100 kB | 115/230 kB\rProgress (2): 32/100 kB | 115/230 kB\rProgress (2): 32/100 kB | 131/230 kB\rProgress (2): 32/100 kB | 147/230 kB\rProgress (2): 32/100 kB | 164/230 kB\rProgress (2): 32/100 kB | 180/230 kB\rProgress (2): 32/100 kB | 197/230 kB\rProgress (2): 32/100 kB | 213/230 kB\rProgress (2): 49/100 kB | 213/230 kB\rProgress (2): 49/100 kB | 229/230 kB\rProgress (2): 49/100 kB | 230 kB    \r                                \rDownloaded from central: https://repo.maven.apache.org/maven2/org/junit/jupiter/junit-jupiter-engine/5.8.2/junit-jupiter-engine-5.8.2.jar (230 kB at 5.2 MB/s)\nDownloading from central: https://repo.maven.apache.org/maven2/org/junit/platform/junit-platform-engine/1.8.2/junit-platform-engine-1.8.2.jar\nProgress (1): 65/100 kB\rProgress (1): 81/100 kB\rProgress (1): 98/100 kB\rProgress (1): 100 kB   \r                    \rDownloaded from central: https://repo.maven.apache.org/maven2/org/junit/platform/junit-platform-commons/1.8.2/junit-platform-commons-1.8.2.jar (100 kB at 2.0 MB/s)\nProgress (1): 16/186 kB\rProgress (1): 32/186 kB\rProgress (1): 49/186 kB\rProgress (1): 65/186 kB\rProgress (1): 81/186 kB\rProgress (1): 98/186 kB\rProgress (1): 114/186 kB\rProgress (1): 130/186 kB\rProgress (1): 147/186 kB\rProgress (1): 163/186 kB\rProgress (1): 180/186 kB\rProgress (1): 186 kB    \r                    \rDownloaded from central: https://repo.maven.apache.org/maven2/org/junit/platform/junit-platform-engine/1.8.2/junit-platform-engine-1.8.2.jar (186 kB at 3.2 MB/s)\nProgress (1): 1.4/7.7 kB\rProgress (2): 1.4/7.7 kB | 1.4/577 kB\rProgress (2): 2.8/7.7 kB | 1.4/577 kB\rProgress (2): 2.8/7.7 kB | 2.8/577 kB\rProgress (2): 4.1/7.7 kB | 2.8/577 kB\rProgress (2): 4.1/7.7 kB | 4.1/577 kB\rProgress (2): 4.1/7.7 kB | 5.5/577 kB\rProgress (2): 5.5/7.7 kB | 5.5/577 kB\rProgress (3): 5.5/7.7 kB | 5.5/577 kB | 1.4/6.8 kB\rProgress (3): 5.5/7.7 kB | 6.9/577 kB | 1.4/6.8 kB\rProgress (3): 6.9/7.7 kB | 6.9/577 kB | 1.4/6.8 kB\rProgress (3): 6.9/7.7 kB | 6.9/577 kB | 2.8/6.8 kB\rProgress (3): 6.9/7.7 kB | 8.3/577 kB | 2.8/6.8 kB\rProgress (3): 6.9/7.7 kB | 8.3/577 kB | 4.1/6.8 kB\rProgress (3): 6.9/7.7 kB | 8.3/577 kB | 5.5/6.8 kB\rProgress (3): 6.9/7.7 kB | 8.3/577 kB | 6.8 kB    \rProgress (3): 7.7 kB | 8.3/577 kB | 6.8 kB    \rProgress (3): 7.7 kB | 9.7/577 kB | 6.8 kB\rProgress (3): 7.7 kB | 11/577 kB | 6.8 kB \r                                         \rDownloaded from central: https://repo.maven.apache.org/maven2/org/apiguardian/apiguardian-api/1.1.2/apiguardian-api-1.1.2.jar (6.8 kB at 90 kB/s)\nProgress (2): 7.7 kB | 12/577 kB\rProgress (2): 7.7 kB | 14/577 kB\r                                \rDownloaded from central: https://repo.maven.apache.org/maven2/org/opentest4j/opentest4j/1.2.0/opentest4j-1.2.0.jar (7.7 kB at 98 kB/s)\nProgress (1): 15/577 kB\rProgress (1): 16/577 kB\rProgress (1): 32/577 kB\rProgress (1): 49/577 kB\rProgress (1): 65/577 kB\rProgress (1): 81/577 kB\rProgress (1): 98/577 kB\rProgress (1): 114/577 kB\rProgress (1): 130/577 kB\rProgress (1): 147/577 kB\rProgress (1): 163/577 kB\rProgress (1): 180/577 kB\rProgress (1): 196/577 kB\rProgress (1): 212/577 kB\rProgress (1): 229/577 kB\rProgress (1): 245/577 kB\rProgress (1): 262/577 kB\rProgress (1): 278/577 kB\rProgress (1): 294/577 kB\rProgress (1): 311/577 kB\rProgress (1): 327/577 kB\rProgress (1): 343/577 kB\rProgress (1): 360/577 kB\rProgress (1): 376/577 kB\rProgress (1): 393/577 kB\rProgress (1): 402/577 kB\rProgress (1): 418/577 kB\rProgress (1): 435/577 kB\rProgress (1): 451/577 kB\rProgress (1): 468/577 kB\rProgress (1): 484/577 kB\rProgress (1): 500/577 kB\rProgress (1): 517/577 kB\rProgress (1): 533/577 kB\rProgress (1): 549/577 kB\rProgress (1): 566/577 kB\rProgress (1): 577 kB    \r                    \rDownloaded from central: https://repo.maven.apache.org/maven2/org/junit/jupiter/junit-jupiter-params/5.8.2/junit-jupiter-params-5.8.2.jar (577 kB at 6.0 MB/s)\n[INFO] \n[INFO] --- clean:3.2.0:clean (default-clean) @ test-java-plain ---\nDownloading from central: https://repo.maven.apache.org/maven2/org/apache/maven/shared/maven-shared-utils/3.3.4/maven-shared-utils-3.3.4.pom\nProgress (1): 5.8 kB\r                    \rDownloaded from central: https://repo.maven.apache.org/maven2/org/apache/maven/shared/maven-shared-utils/3.3.4/maven-shared-utils-3.3.4.pom (5.8 kB at 486 kB/s)\nDownloading from central: https://repo.maven.apache.org/maven2/org/apache/maven/shared/maven-shared-components/34/maven-shared-components-34.pom\nProgress (1): 5.1 kB\r                    \rDownloaded from central: https://repo.maven.apache.org/maven2/org/apache/maven/shared/maven-shared-components/34/maven-shared-components-34.pom (5.1 kB at 566 kB/s)\nDownloading from central: https://repo.maven.apache.org/maven2/commons-io/commons-io/2.6/commons-io-2.6.pom\nProgress (1): 14 kB\r                   \rDownloaded from central: https://repo.maven.apache.org/maven2/commons-io/commons-io/2.6/commons-io-2.6.pom (14 kB at 1.6 MB/s)\nDownloading from central: https://repo.maven.apache.org/maven2/org/apache/commons/commons-parent/42/commons-parent-42.pom\nProgress (1): 16/68 kB\rProgress (1): 32/68 kB\rProgress (1): 49/68 kB\rProgress (1): 65/68 kB\rProgress (1): 68 kB   \r                   \rDownloaded from central: https://repo.maven.apache.org/maven2/org/apache/commons/commons-parent/42/commons-parent-42.pom (68 kB at 5.7 MB/s)\nDownloading from central: https://repo.maven.apache.org/maven2/org/apache/apache/18/apache-18.pom\nProgress (1): 16 kB\r                   \rDownloaded from central: https://repo.maven.apache.org/maven2/org/apache/apache/18/apache-18.pom (16 kB at 1.6 MB/s)\nDownloading from central: https://repo.maven.apache.org/maven2/org/apache/maven/shared/maven-shared-utils/3.3.4/maven-shared-utils-3.3.4.jar\nProgress (1): 16/153 kB\rProgress (1): 32/153 kB\rProgress (1): 49/153 kB\rProgress (1): 65/153 kB\rProgress (1): 81/153 kB\rProgress (1): 98/153 kB\rProgress (1): 114/153 kB\rProgress (1): 130/153 kB\rProgress (1): 147/153 kB\rProgress (1): 153 kB    \r                    \rDownloaded from central: https://repo.maven.apache.org/maven2/org/apache/maven/shared/maven-shared-utils/3.3.4/maven-shared-utils-3.3.4.jar (153 kB at 13 MB/s)\nDownloading from central: https://repo.maven.apache.org/maven2/commons-io/commons-io/2.6/commons-io-2.6.jar\nProgress (1): 16/215 kB\rProgress (1): 33/215 kB\rProgress (1): 49/215 kB\rProgress (1): 66/215 kB\rProgress (1): 82/215 kB\rProgress (1): 98/215 kB\rProgress (1): 115/215 kB\rProgress (1): 131/215 kB\rProgress (1): 147/215 kB\rProgress (1): 164/215 kB\rProgress (1): 180/215 kB\rProgress (1): 197/215 kB\rProgress (1): 213/215 kB\rProgress (1): 215 kB    \r                    \rDownloaded from central: https://repo.maven.apache.org/maven2/commons-io/commons-io/2.6/commons-io-2.6.jar (215 kB at 15 MB/s)\n[INFO] \n[INFO] --- resources:3.3.0:resources (default-resources) @ test-java-plain ---\nDownloading from central: https://repo.maven.apache.org/maven2/org/codehaus/plexus/plexus-interpolation/1.26/plexus-interpolation-1.26.pom\nProgress (1): 2.7 kB\r                    \rDownloaded from central: https://repo.maven.apache.org/maven2/org/codehaus/plexus/plexus-interpolation/1.26/plexus-interpolation-1.26.pom (2.7 kB at 241 kB/s)\nDownloading from central: https://repo.maven.apache.org/maven2/org/codehaus/plexus/plexus/5.1/plexus-5.1.pom\nProgress (1): 16/23 kB\rProgress (1): 23 kB   \r                   \rDownloaded from central: https://repo.maven.apache.org/maven2/org/codehaus/plexus/plexus/5.1/plexus-5.1.pom (23 kB at 2.8 MB/s)\nDownloading from central: https://repo.maven.apache.org/maven2/org/apache/maven/shared/maven-filtering/3.3.0/maven-filtering-3.3.0.pom\nProgress (1): 6.9 kB\r                    \rDownloaded from central: https://repo.maven.apache.org/maven2/org/apache/maven/shared/maven-filtering/3.3.0/maven-filtering-3.3.0.pom (6.9 kB at 694 kB/s)\nDownloading from central: https://repo.maven.apache.org/maven2/org/apache/maven/shared/maven-shared-components/36/maven-shared-components-36.pom\nProgress (1): 4.9 kB\r                    \rDownloaded from central: https://repo.maven.apache.org/maven2/org/apache/maven/shared/maven-shared-components/36/maven-shared-components-36.pom (4.9 kB at 612 kB/s)\nDownloading from central: https://repo.maven.apache.org/maven2/javax/inject/javax.inject/1/javax.inject-1.pom\nProgress (1): 612 B\r                   \rDownloaded from central: https://repo.maven.apache.org/maven2/javax/inject/javax.inject/1/javax.inject-1.pom (612 B at 68 kB/s)\nDownloading from central: https://repo.maven.apache.org/maven2/org/slf4j/slf4j-api/1.7.36/slf4j-api-1.7.36.pom\nProgress (1): 2.7 kB\r                    \rDownloaded from central: https://repo.maven.apache.org/maven2/org/slf4j/slf4j-api/1.7.36/slf4j-api-1.7.36.pom (2.7 kB at 343 kB/s)\nDownloading from central: https://repo.maven.apache.org/maven2/org/slf4j/slf4j-parent/1.7.36/slf4j-parent-1.7.36.pom\nProgress (1): 14 kB\r                   \rDownloaded from central: https://repo.maven.apache.org/maven2/org/slf4j/slf4j-parent/1.7.36/slf4j-parent-1.7.36.pom (14 kB at 1.8 MB/s)\nDownloading from central: https://repo.maven.apache.org/maven2/org/sonatype/plexus/plexus-build-api/0.0.7/plexus-build-api-0.0.7.pom\nProgress (1): 3.2 kB\r                    \rDownloaded from central: https://repo.maven.apache.org/maven2/org/sonatype/plexus/plexus-build-api/0.0.7/plexus-build-api-0.0.7.pom (3.2 kB at 400 kB/s)\nDownloading from central: https://repo.maven.apache.org/maven2/org/sonatype/spice/spice-parent/15/spice-parent-15.pom\nProgress (1): 8.4 kB\r                    \rDownloaded from central: https://repo.maven.apache.org/maven2/org/sonatype/spice/spice-parent/15/spice-parent-15.pom (8.4 kB at 1.0 MB/s)\nDownloading from central: https://repo.maven.apache.org/maven2/org/sonatype/forge/forge-parent/5/forge-parent-5.pom\nProgress (1): 8.4 kB\r                    \rDownloaded from central: https://repo.maven.apache.org/maven2/org/sonatype/forge/forge-parent/5/forge-parent-5.pom (8.4 kB at 1.0 MB/s)\nDownloading from central: https://repo.maven.apache.org/maven2/org/codehaus/plexus/plexus-utils/3.3.0/plexus-utils-3.3.0.pom\nProgress (1): 5.2 kB\r                    \rDownloaded from central: https://repo.maven.apache.org/maven2/org/codehaus/plexus/plexus-utils/3.3.0/plexus-utils-3.3.0.pom (5.2 kB at 648 kB/s)\nDownloading from central: https://repo.maven.apache.org/maven2/commons-io/commons-io/2.11.0/commons-io-2.11.0.pom\nProgress (1): 16/20 kB\rProgress (1): 20 kB   \r                   \rDownloaded from central: https://repo.maven.apache.org/maven2/commons-io/commons-io/2.11.0/commons-io-2.11.0.pom (20 kB at 2.0 MB/s)\nDownloading from central: https://repo.maven.apache.org/maven2/org/apache/commons/commons-parent/52/commons-parent-52.pom\nProgress (1): 16/79 kB\rProgress (1): 32/79 kB\rProgress (1): 49/79 kB\rProgress (1): 65/79 kB\rProgress (1): 79 kB   \r                   \rDownloaded from central: https://repo.maven.apache.org/maven2/org/apache/commons/commons-parent/52/commons-parent-52.pom (79 kB at 7.9 MB/s)\nDownloading from central: https://repo.maven.apache.org/maven2/org/junit/junit-bom/5.7.2/junit-bom-5.7.2.pom\nProgress (1): 5.1 kB\r                    \rDownloaded from central: https://repo.maven.apache.org/maven2/org/junit/junit-bom/5.7.2/junit-bom-5.7.2.pom (5.1 kB at 510 kB/s)\nDownloading from central: https://repo.maven.apache.org/maven2/org/apache/commons/commons-lang3/3.12.0/commons-lang3-3.12.0.pom\nProgress (1): 16/31 kB\rProgress (1): 31 kB   \r                   \rDownloaded from central: https://repo.maven.apache.org/maven2/org/apache/commons/commons-lang3/3.12.0/commons-lang3-3.12.0.pom (31 kB at 3.1 MB/s)\nDownloading from central: https://repo.maven.apache.org/maven2/org/junit/junit-bom/5.7.1/junit-bom-5.7.1.pom\nProgress (1): 5.1 kB\r                    \rDownloaded from central: https://repo.maven.apache.org/maven2/org/junit/junit-bom/5.7.1/junit-bom-5.7.1.pom (5.1 kB at 566 kB/s)\nDownloading from central: https://repo.maven.apache.org/maven2/org/codehaus/plexus/plexus-interpolation/1.26/plexus-interpolation-1.26.jar\nProgress (1): 16/85 kB\rProgress (1): 32/85 kB\rProgress (1): 49/85 kB\rProgress (1): 65/85 kB\rProgress (1): 81/85 kB\rProgress (1): 85 kB   \r                   \rDownloaded from central: https://repo.maven.apache.org/maven2/org/codehaus/plexus/plexus-interpolation/1.26/plexus-interpolation-1.26.jar (85 kB at 7.8 MB/s)\nDownloading from central: https://repo.maven.apache.org/maven2/org/apache/maven/shared/maven-filtering/3.3.0/maven-filtering-3.3.0.jar\nDownloading from central: https://repo.maven.apache.org/maven2/javax/inject/javax.inject/1/javax.inject-1.jar\nDownloading from central: https://repo.maven.apache.org/maven2/org/slf4j/slf4j-api/1.7.36/slf4j-api-1.7.36.jar\nDownloading from central: https://repo.maven.apache.org/maven2/org/sonatype/plexus/plexus-build-api/0.0.7/plexus-build-api-0.0.7.jar\nDownloading from central: https://repo.maven.apache.org/maven2/org/codehaus/plexus/plexus-utils/3.3.0/plexus-utils-3.3.0.jar\nProgress (1): 2.5 kB\rProgress (2): 2.5 kB | 1.4/55 kB\rProgress (2): 2.5 kB | 2.8/55 kB\rProgress (2): 2.5 kB | 4.1/55 kB\r                                \rDownloaded from central: https://repo.maven.apache.org/maven2/javax/inject/javax.inject/1/javax.inject-1.jar (2.5 kB at 277 kB/s)\nProgress (1): 5.5/55 kB\r                       \rDownloading from central: https://repo.maven.apache.org/maven2/commons-io/commons-io/2.11.0/commons-io-2.11.0.jar\nProgress (1): 6.9/55 kB\rProgress (1): 8.3/55 kB\rProgress (1): 9.7/55 kB\rProgress (1): 11/55 kB \rProgress (1): 12/55 kB\rProgress (1): 14/55 kB\rProgress (1): 15/55 kB\rProgress (1): 16/55 kB\rProgress (2): 16/55 kB | 8.5 kB\rProgress (2): 17/55 kB | 8.5 kB\rProgress (3): 17/55 kB | 8.5 kB | 1.4/41 kB\r                                           \rDownloaded from central: https://repo.maven.apache.org/maven2/org/sonatype/plexus/plexus-build-api/0.0.7/plexus-build-api-0.0.7.jar (8.5 kB at 771 kB/s)\nProgress (2): 19/55 kB | 1.4/41 kB\r                                  \rDownloading from central: https://repo.maven.apache.org/maven2/org/apache/commons/commons-lang3/3.12.0/commons-lang3-3.12.0.jar\nProgress (2): 19/55 kB | 2.8/41 kB\rProgress (2): 20/55 kB | 2.8/41 kB\rProgress (2): 21/55 kB | 2.8/41 kB\rProgress (2): 21/55 kB | 4.1/41 kB\rProgress (2): 23/55 kB | 4.1/41 kB\rProgress (2): 23/55 kB | 5.5/41 kB\rProgress (2): 24/55 kB | 5.5/41 kB\rProgress (2): 24/55 kB | 6.9/41 kB\rProgress (2): 25/55 kB | 6.9/41 kB\rProgress (2): 25/55 kB | 8.3/41 kB\rProgress (3): 25/55 kB | 8.3/41 kB | 16/263 kB\rProgress (3): 25/55 kB | 9.7/41 kB | 16/263 kB\rProgress (3): 27/55 kB | 9.7/41 kB | 16/263 kB\rProgress (3): 27/55 kB | 11/41 kB | 16/263 kB \rProgress (3): 27/55 kB | 11/41 kB | 33/263 kB\rProgress (3): 28/55 kB | 11/41 kB | 33/263 kB\rProgress (3): 28/55 kB | 12/41 kB | 33/263 kB\rProgress (3): 30/55 kB | 12/41 kB | 33/263 kB\rProgress (3): 30/55 kB | 14/41 kB | 33/263 kB\rProgress (3): 30/55 kB | 14/41 kB | 49/263 kB\rProgress (3): 31/55 kB | 14/41 kB | 49/263 kB\rProgress (3): 31/55 kB | 15/41 kB | 49/263 kB\rProgress (3): 32/55 kB | 15/41 kB | 49/263 kB\rProgress (3): 32/55 kB | 17/41 kB | 49/263 kB\rProgress (3): 34/55 kB | 17/41 kB | 49/263 kB\rProgress (3): 34/55 kB | 17/41 kB | 64/263 kB\rProgress (3): 35/55 kB | 17/41 kB | 64/263 kB\rProgress (3): 35/55 kB | 18/41 kB | 64/263 kB\rProgress (3): 36/55 kB | 18/41 kB | 64/263 kB\rProgress (3): 36/55 kB | 19/41 kB | 64/263 kB\rProgress (3): 38/55 kB | 19/41 kB | 64/263 kB\rProgress (3): 38/55 kB | 19/41 kB | 80/263 kB\rProgress (3): 38/55 kB | 21/41 kB | 80/263 kB\rProgress (3): 38/55 kB | 22/41 kB | 80/263 kB\rProgress (3): 38/55 kB | 23/41 kB | 80/263 kB\rProgress (3): 39/55 kB | 23/41 kB | 80/263 kB\rProgress (3): 39/55 kB | 25/41 kB | 80/263 kB\rProgress (3): 39/55 kB | 25/41 kB | 96/263 kB\rProgress (3): 41/55 kB | 25/41 kB | 96/263 kB\rProgress (3): 41/55 kB | 26/41 kB | 96/263 kB\rProgress (3): 41/55 kB | 28/41 kB | 96/263 kB\rProgress (3): 41/55 kB | 28/41 kB | 113/263 kB\rProgress (3): 42/55 kB | 28/41 kB | 113/263 kB\rProgress (3): 42/55 kB | 29/41 kB | 113/263 kB\rProgress (3): 42/55 kB | 30/41 kB | 113/263 kB\rProgress (3): 43/55 kB | 30/41 kB | 113/263 kB\rProgress (3): 43/55 kB | 30/41 kB | 121/263 kB\rProgress (3): 43/55 kB | 32/41 kB | 121/263 kB\rProgress (3): 45/55 kB | 32/41 kB | 121/263 kB\rProgress (3): 45/55 kB | 33/41 kB | 121/263 kB\rProgress (3): 45/55 kB | 33/41 kB | 129/263 kB\rProgress (3): 46/55 kB | 33/41 kB | 129/263 kB\rProgress (3): 48/55 kB | 33/41 kB | 129/263 kB\rProgress (3): 49/55 kB | 33/41 kB | 129/263 kB\rProgress (3): 50/55 kB | 33/41 kB | 129/263 kB\rProgress (3): 50/55 kB | 34/41 kB | 129/263 kB\rProgress (3): 50/55 kB | 36/41 kB | 129/263 kB\rProgress (3): 50/55 kB | 37/41 kB | 129/263 kB\rProgress (3): 50/55 kB | 39/41 kB | 129/263 kB\rProgress (3): 52/55 kB | 39/41 kB | 129/263 kB\rProgress (3): 53/55 kB | 39/41 kB | 129/263 kB\rProgress (3): 54/55 kB | 39/41 kB | 129/263 kB\rProgress (3): 55 kB | 39/41 kB | 129/263 kB   \rProgress (3): 55 kB | 39/41 kB | 145/263 kB\r                                           \rDownloaded from central: https://repo.maven.apache.org/maven2/org/apache/maven/shared/maven-filtering/3.3.0/maven-filtering-3.3.0.jar (55 kB at 3.3 MB/s)\nProgress (2): 40/41 kB | 145/263 kB\rProgress (3): 40/41 kB | 145/263 kB | 16/327 kB\rProgress (3): 40/41 kB | 145/263 kB | 33/327 kB\rProgress (3): 41 kB | 145/263 kB | 33/327 kB   \rProgress (3): 41 kB | 145/263 kB | 49/327 kB\rProgress (3): 41 kB | 145/263 kB | 66/327 kB\r                                            \rDownloaded from central: https://repo.maven.apache.org/maven2/org/slf4j/slf4j-api/1.7.36/slf4j-api-1.7.36.jar (41 kB at 2.4 MB/s)\nProgress (2): 145/263 kB | 82/327 kB\rProgress (2): 162/263 kB | 82/327 kB\rProgress (2): 162/263 kB | 98/327 kB\rProgress (2): 178/263 kB | 98/327 kB\rProgress (2): 178/263 kB | 115/327 kB\rProgress (2): 195/263 kB | 115/327 kB\rProgress (2): 195/263 kB | 131/327 kB\rProgress (2): 211/263 kB | 131/327 kB\rProgress (2): 211/263 kB | 147/327 kB\rProgress (2): 211/263 kB | 164/327 kB\rProgress (2): 211/263 kB | 180/327 kB\rProgress (2): 211/263 kB | 197/327 kB\rProgress (2): 211/263 kB | 213/327 kB\rProgress (2): 227/263 kB | 213/327 kB\rProgress (2): 227/263 kB | 229/327 kB\rProgress (3): 227/263 kB | 229/327 kB | 16/587 kB\rProgress (3): 244/263 kB | 229/327 kB | 16/587 kB\rProgress (3): 244/263 kB | 246/327 kB | 16/587 kB\rProgress (3): 260/263 kB | 246/327 kB | 16/587 kB\rProgress (3): 260/263 kB | 262/327 kB | 16/587 kB\rProgress (3): 263 kB | 262/327 kB | 16/587 kB    \rProgress (3): 263 kB | 262/327 kB | 33/587 kB\rProgress (3): 263 kB | 279/327 kB | 33/587 kB\rProgress (3): 263 kB | 279/327 kB | 49/587 kB\rProgress (3): 263 kB | 295/327 kB | 49/587 kB\r                                             \rDownloaded from central: https://repo.maven.apache.org/maven2/org/codehaus/plexus/plexus-utils/3.3.0/plexus-utils-3.3.0.jar (263 kB at 13 MB/s)\nProgress (2): 295/327 kB | 66/587 kB\rProgress (2): 311/327 kB | 66/587 kB\rProgress (2): 311/327 kB | 82/587 kB\rProgress (2): 327 kB | 82/587 kB    \rProgress (2): 327 kB | 98/587 kB\rProgress (2): 327 kB | 115/587 kB\rProgress (2): 327 kB | 131/587 kB\rProgress (2): 327 kB | 147/587 kB\r                                 \rDownloaded from central: https://repo.maven.apache.org/maven2/commons-io/commons-io/2.11.0/commons-io-2.11.0.jar (327 kB at 15 MB/s)\nProgress (1): 164/587 kB\rProgress (1): 180/587 kB\rProgress (1): 197/587 kB\rProgress (1): 213/587 kB\rProgress (1): 229/587 kB\rProgress (1): 246/587 kB\rProgress (1): 256/587 kB\rProgress (1): 272/587 kB\rProgress (1): 289/587 kB\rProgress (1): 305/587 kB\rProgress (1): 321/587 kB\rProgress (1): 338/587 kB\rProgress (1): 354/587 kB\rProgress (1): 370/587 kB\rProgress (1): 387/587 kB\rProgress (1): 403/587 kB\rProgress (1): 420/587 kB\rProgress (1): 436/587 kB\rProgress (1): 452/587 kB\rProgress (1): 469/587 kB\rProgress (1): 485/587 kB\rProgress (1): 502/587 kB\rProgress (1): 518/587 kB\rProgress (1): 534/587 kB\rProgress (1): 551/587 kB\rProgress (1): 567/587 kB\rProgress (1): 583/587 kB\rProgress (1): 587 kB    \r                    \rDownloaded from central: https://repo.maven.apache.org/maven2/org/apache/commons/commons-lang3/3.12.0/commons-lang3-3.12.0.jar (587 kB at 21 MB/s)\n[WARNING] Using platform encoding (ANSI_X3.4-1968 actually) to copy filtered resources, i.e. build is platform dependent!\n[INFO] skip non existing resourceDirectory /tmp/eval-dev-quality3705907841/plain/src/main/resources\n[INFO] \n[INFO] --- compiler:3.10.1:compile (default-compile) @ test-java-plain ---\nDownloading from central: https://repo.maven.apache.org/maven2/org/apache/maven/shared/maven-shared-incremental/1.1/maven-shared-incremental-1.1.pom\nProgress (1): 4.7 kB\r                    \rDownloaded from central: https://repo.maven.apache.org/maven2/org/apache/maven/shared/maven-shared-incremental/1.1/maven-shared-incremental-1.1.pom (4.7 kB at 677 kB/s)\nDownloading from central: https://repo.maven.apache.org/maven2/org/apache/maven/shared/maven-shared-components/19/maven-shared-components-19.pom\nProgress (1): 6.4 kB\r                    \rDownloaded from central: https://repo.maven.apache.org/maven2/org/apache/maven/shared/maven-shared-components/19/maven-shared-components-19.pom (6.4 kB at 908 kB/s)\nDownloading from central: https://repo.maven.apache.org/maven2/org/apache/maven/maven-parent/23/maven-parent-23.pom\nProgress (1): 16/33 kB\rProgress (1): 33 kB   \r                   \rDownloaded from central: https://repo.maven.apache.org/maven2/org/apache/maven/maven-parent/23/maven-parent-23.pom (33 kB at 4.1 MB/s)\nDownloading from central: https://repo.maven.apache.org/maven2/org/apache/apache/13/apache-13.pom\nProgress (1): 14 kB\r                   \rDownloaded from central: https://repo.maven.apache.org/maven2/org/apache/apache/13/apache-13.pom (14 kB at 1.7 MB/s)\nDownloading from central: https://repo.maven.apache.org/maven2/org/codehaus/plexus/plexus-component-annotations/2.0.0/plexus-component-annotations-2.0.0.pom\nProgress (1): 750 B\r                   \rDownloaded from central: https://repo.maven.apache.org/maven2/org/codehaus/plexus/plexus-component-annotations/2.0.0/plexus-component-annotations-2.0.0.pom (750 B at 94 kB/s)\nDownloading from central: https://repo.maven.apache.org/maven2/org/codehaus/plexus/plexus-containers/2.0.0/plexus-containers-2.0.0.pom\nProgress (1): 4.8 kB\r                    \rDownloaded from central: https://repo.maven.apache.org/maven2/org/codehaus/plexus/plexus-containers/2.0.0/plexus-containers-2.0.0.pom (4.8 kB at 686 kB/s)\nDownloading from central: https://repo.maven.apache.org/maven2/org/codehaus/plexus/plexus-java/1.1.1/plexus-java-1.1.1.pom\nProgress (1): 5.0 kB\r                    \rDownloaded from central: https://repo.maven.apache.org/maven2/org/codehaus/plexus/plexus-java/1.1.1/plexus-java-1.1.1.pom (5.0 kB at 710 kB/s)\nDownloading from central: https://repo.maven.apache.org/maven2/org/codehaus/plexus/plexus-languages/1.1.1/plexus-languages-1.1.1.pom\nProgress (1): 4.6 kB\r                    \rDownloaded from central: https://repo.maven.apache.org/maven2/org/codehaus/plexus/plexus-languages/1.1.1/plexus-languages-1.1.1.pom (4.6 kB at 659 kB/s)\nDownloading from central: https://repo.maven.apache.org/maven2/org/codehaus/plexus/plexus/8/plexus-8.pom\nProgress (1): 16/25 kB\rProgress (1): 25 kB   \r                   \rDownloaded from central: https://repo.maven.apache.org/maven2/org/codehaus/plexus/plexus/8/plexus-8.pom (25 kB at 3.6 MB/s)\nDownloading from central: https://repo.maven.apache.org/maven2/org/ow2/asm/asm/9.2/asm-9.2.pom\nProgress (1): 2.4 kB\r                    \rDownloaded from central: https://repo.maven.apache.org/maven2/org/ow2/asm/asm/9.2/asm-9.2.pom (2.4 kB at 296 kB/s)\nDownloading from central: https://repo.maven.apache.org/maven2/org/ow2/ow2/1.5/ow2-1.5.pom\nProgress (1): 11 kB\r                   \rDownloaded from central: https://repo.maven.apache.org/maven2/org/ow2/ow2/1.5/ow2-1.5.pom (11 kB at 1.4 MB/s)\nDownloading from central: https://repo.maven.apache.org/maven2/com/thoughtworks/qdox/qdox/2.0.1/qdox-2.0.1.pom\nProgress (1): 16 kB\r                   \rDownloaded from central: https://repo.maven.apache.org/maven2/com/thoughtworks/qdox/qdox/2.0.1/qdox-2.0.1.pom (16 kB at 2.0 MB/s)\nDownloading from central: https://repo.maven.apache.org/maven2/org/sonatype/oss/oss-parent/9/oss-parent-9.pom\nProgress (1): 6.6 kB\r                    \rDownloaded from central: https://repo.maven.apache.org/maven2/org/sonatype/oss/oss-parent/9/oss-parent-9.pom (6.6 kB at 821 kB/s)\nDownloading from central: https://repo.maven.apache.org/maven2/org/codehaus/plexus/plexus-compiler-api/2.11.1/plexus-compiler-api-2.11.1.pom\nProgress (1): 1.1 kB\r                    \rDownloaded from central: https://repo.maven.apache.org/maven2/org/codehaus/plexus/plexus-compiler-api/2.11.1/plexus-compiler-api-2.11.1.pom (1.1 kB at 132 kB/s)\nDownloading from central: https://repo.maven.apache.org/maven2/org/codehaus/plexus/plexus-compiler/2.11.1/plexus-compiler-2.11.1.pom\nProgress (1): 8.1 kB\r                    \rDownloaded from central: https://repo.maven.apache.org/maven2/org/codehaus/plexus/plexus-compiler/2.11.1/plexus-compiler-2.11.1.pom (8.1 kB at 902 kB/s)\nDownloading from central: https://repo.maven.apache.org/maven2/org/codehaus/plexus/plexus-components/6.6/plexus-components-6.6.pom\nProgress (1): 2.7 kB\r                    \rDownloaded from central: https://repo.maven.apache.org/maven2/org/codehaus/plexus/plexus-components/6.6/plexus-components-6.6.pom (2.7 kB at 382 kB/s)\nDownloading from central: https://repo.maven.apache.org/maven2/org/codehaus/plexus/plexus-utils/3.4.1/plexus-utils-3.4.1.pom\nProgress (1): 8.0 kB\r                    \rDownloaded from central: https://repo.maven.apache.org/maven2/org/codehaus/plexus/plexus-utils/3.4.1/plexus-utils-3.4.1.pom (8.0 kB at 995 kB/s)\nDownloading from central: https://repo.maven.apache.org/maven2/org/codehaus/plexus/plexus-compiler-manager/2.11.1/plexus-compiler-manager-2.11.1.pom\nProgress (1): 1.1 kB\r                    \rDownloaded from central: https://repo.maven.apache.org/maven2/org/codehaus/plexus/plexus-compiler-manager/2.11.1/plexus-compiler-manager-2.11.1.pom (1.1 kB at 142 kB/s)\nDownloading from central: https://repo.maven.apache.org/maven2/org/codehaus/plexus/plexus-compiler-javac/2.11.1/plexus-compiler-javac-2.11.1.pom\nProgress (1): 1.2 kB\r                    \rDownloaded from central: https://repo.maven.apache.org/maven2/org/codehaus/plexus/plexus-compiler-javac/2.11.1/plexus-compiler-javac-2.11.1.pom (1.2 kB at 150 kB/s)\nDownloading from central: https://repo.maven.apache.org/maven2/org/codehaus/plexus/plexus-compilers/2.11.1/plexus-compilers-2.11.1.pom\nProgress (1): 1.3 kB\r                    \rDownloaded from central: https://repo.maven.apache.org/maven2/org/codehaus/plexus/plexus-compilers/2.11.1/plexus-compilers-2.11.1.pom (1.3 kB at 189 kB/s)\nDownloading from central: https://repo.maven.apache.org/maven2/org/apache/maven/shared/maven-shared-incremental/1.1/maven-shared-incremental-1.1.jar\nProgress (1): 14 kB\r                   \rDownloaded from central: https://repo.maven.apache.org/maven2/org/apache/maven/shared/maven-shared-incremental/1.1/maven-shared-incremental-1.1.jar (14 kB at 1.9 MB/s)\nDownloading from central: https://repo.maven.apache.org/maven2/org/codehaus/plexus/plexus-component-annotations/2.0.0/plexus-component-annotations-2.0.0.jar\nDownloading from central: https://repo.maven.apache.org/maven2/org/codehaus/plexus/plexus-java/1.1.1/plexus-java-1.1.1.jar\nDownloading from central: https://repo.maven.apache.org/maven2/org/ow2/asm/asm/9.2/asm-9.2.jar\nDownloading from central: https://repo.maven.apache.org/maven2/com/thoughtworks/qdox/qdox/2.0.1/qdox-2.0.1.jar\nDownloading from central: https://repo.maven.apache.org/maven2/org/codehaus/plexus/plexus-compiler-api/2.11.1/plexus-compiler-api-2.11.1.jar\nProgress (1): 4.2 kB\rProgress (2): 4.2 kB | 16/27 kB\r                               \rDownloaded from central: https://repo.maven.apache.org/maven2/org/codehaus/plexus/plexus-component-annotations/2.0.0/plexus-component-annotations-2.0.0.jar (4.2 kB at 470 kB/s)\nDownloading from central: https://repo.maven.apache.org/maven2/org/codehaus/plexus/plexus-utils/3.4.1/plexus-utils-3.4.1.jar\nProgress (1): 27 kB\rProgress (2): 27 kB | 16/54 kB\r                              \rDownloaded from central: https://repo.maven.apache.org/maven2/org/codehaus/plexus/plexus-compiler-api/2.11.1/plexus-compiler-api-2.11.1.jar (27 kB at 3.4 MB/s)\nDownloading from central: https://repo.maven.apache.org/maven2/org/codehaus/plexus/plexus-compiler-manager/2.11.1/plexus-compiler-manager-2.11.1.jar\nProgress (1): 33/54 kB\rProgress (2): 33/54 kB | 16/122 kB\rProgress (2): 49/54 kB | 16/122 kB\rProgress (2): 54 kB | 16/122 kB   \rProgress (2): 54 kB | 33/122 kB\rProgress (3): 54 kB | 33/122 kB | 16/334 kB\r                                           \rDownloaded from central: https://repo.maven.apache.org/maven2/org/codehaus/plexus/plexus-java/1.1.1/plexus-java-1.1.1.jar (54 kB at 5.4 MB/s)\nDownloading from central: https://repo.maven.apache.org/maven2/org/codehaus/plexus/plexus-compiler-javac/2.11.1/plexus-compiler-javac-2.11.1.jar\nProgress (2): 33/122 kB | 33/334 kB\rProgress (2): 49/122 kB | 33/334 kB\rProgress (2): 49/122 kB | 49/334 kB\rProgress (2): 66/122 kB | 49/334 kB\rProgress (2): 66/122 kB | 66/334 kB\rProgress (2): 66/122 kB | 82/334 kB\rProgress (2): 82/122 kB | 82/334 kB\rProgress (2): 98/122 kB | 82/334 kB\rProgress (3): 98/122 kB | 82/334 kB | 16/264 kB\rProgress (3): 98/122 kB | 82/334 kB | 33/264 kB\rProgress (3): 98/122 kB | 82/334 kB | 49/264 kB\rProgress (3): 98/122 kB | 98/334 kB | 49/264 kB\rProgress (3): 98/122 kB | 98/334 kB | 64/264 kB\rProgress (3): 98/122 kB | 98/334 kB | 81/264 kB\rProgress (4): 98/122 kB | 98/334 kB | 81/264 kB | 4.7 kB\rProgress (4): 98/122 kB | 98/334 kB | 97/264 kB | 4.7 kB\rProgress (4): 115/122 kB | 98/334 kB | 97/264 kB | 4.7 kB\rProgress (4): 115/122 kB | 98/334 kB | 113/264 kB | 4.7 kB\r                                                          \rDownloaded from central: https://repo.maven.apache.org/maven2/org/codehaus/plexus/plexus-compiler-manager/2.11.1/plexus-compiler-manager-2.11.1.jar (4.7 kB at 310 kB/s)\nProgress (3): 115/122 kB | 98/334 kB | 130/264 kB\rProgress (3): 115/122 kB | 98/334 kB | 146/264 kB\rProgress (3): 115/122 kB | 98/334 kB | 163/264 kB\rProgress (3): 115/122 kB | 98/334 kB | 179/264 kB\rProgress (3): 122 kB | 98/334 kB | 179/264 kB    \rProgress (3): 122 kB | 98/334 kB | 195/264 kB\rProgress (3): 122 kB | 98/334 kB | 212/264 kB\rProgress (3): 122 kB | 115/334 kB | 212/264 kB\rProgress (3): 122 kB | 115/334 kB | 228/264 kB\rProgress (4): 122 kB | 115/334 kB | 228/264 kB | 16/23 kB\rProgress (4): 122 kB | 115/334 kB | 244/264 kB | 16/23 kB\rProgress (4): 122 kB | 115/334 kB | 244/264 kB | 23 kB   \rProgress (4): 122 kB | 131/334 kB | 244/264 kB | 23 kB\rProgress (4): 122 kB | 131/334 kB | 261/264 kB | 23 kB\r                                                      \rDownloaded from central: https://repo.maven.apache.org/maven2/org/ow2/asm/asm/9.2/asm-9.2.jar (122 kB at 6.8 MB/s)\nProgress (3): 131/334 kB | 264 kB | 23 kB\r                                         \rDownloaded from central: https://repo.maven.apache.org/maven2/org/codehaus/plexus/plexus-compiler-javac/2.11.1/plexus-compiler-javac-2.11.1.jar (23 kB at 1.3 MB/s)\nProgress (2): 147/334 kB | 264 kB\r                                 \rDownloaded from central: https://repo.maven.apache.org/maven2/org/codehaus/plexus/plexus-utils/3.4.1/plexus-utils-3.4.1.jar (264 kB at 15 MB/s)\nProgress (1): 164/334 kB\rProgress (1): 180/334 kB\rProgress (1): 197/334 kB\rProgress (1): 213/334 kB\rProgress (1): 229/334 kB\rProgress (1): 246/334 kB\rProgress (1): 256/334 kB\rProgress (1): 272/334 kB\rProgress (1): 289/334 kB\rProgress (1): 305/334 kB\rProgress (1): 321/334 kB\rProgress (1): 334 kB    \r                    \rDownloaded from central: https://repo.maven.apache.org/maven2/com/thoughtworks/qdox/qdox/2.0.1/qdox-2.0.1.jar (334 kB at 11 MB/s)\n[INFO] Changes detected - recompiling the module!\n[WARNING] File encoding has not been set, using platform encoding ANSI_X3.4-1968, i.e. build is platform dependent!\n[INFO] Compiling 1 source file to /tmp/eval-dev-quality3705907841/plain/target/classes\n[INFO] \n[INFO] --- resources:3.3.0:resources (default-resources) @ test-java-plain ---\n[WARNING] Using platform encoding (ANSI_X3.4-1968 actually) to copy filtered resources, i.e. build is platform dependent!\n[INFO] skip non existing resourceDirectory /tmp/eval-dev-quality3705907841/plain/src/main/resources\n[INFO] \n[INFO] --- compiler:3.10.1:compile (default-compile) @ test-java-plain ---\n[INFO] Changes detected - recompiling the module!\n[WARNING] File encoding has not been set, using platform encoding ANSI_X3.4-1968, i.e. build is platform dependent!\n[INFO] Compiling 1 source file to /tmp/eval-dev-quality3705907841/plain/target/classes\n[INFO] \n[INFO] --- resources:3.3.0:testResources (default-testResources) @ test-java-plain ---\n[WARNING] Using platform encoding (ANSI_X3.4-1968 actually) to copy filtered resources, i.e. build is platform dependent!\n[INFO] skip non existing resourceDirectory /tmp/eval-dev-quality3705907841/plain/src/test/resources\n[INFO] \n[INFO] --- compiler:3.10.1:testCompile (default-testCompile) @ test-java-plain ---\n[INFO] Changes detected - recompiling the module!\n[WARNING] File encoding has not been set, using platform encoding ANSI_X3.4-1968, i.e. build is platform dependent!\n[INFO] Compiling 1 source file to /tmp/eval-dev-quality3705907841/plain/target/test-classes\n[INFO] -------------------------------------------------------------\n[ERROR] COMPILATION ERROR : \n[INFO] -------------------------------------------------------------\n[ERROR] /tmp/eval-dev-quality3705907841/plain/src/test/java/com/eval/PlainTest.java:[1,16] com.eval.Plain is not public in com.eval; cannot be accessed from outside package\n[ERROR] /tmp/eval-dev-quality3705907841/plain/src/test/java/com/eval/PlainTest.java:[8,9] com.eval.Plain is not public in com.eval; cannot be accessed from outside package\n[INFO] 2 errors \n[INFO] -------------------------------------------------------------\n[INFO] ------------------------------------------------------------------------\n[INFO] BUILD FAILURE\n[INFO] ------------------------------------------------------------------------\n[INFO] Total time:  3.878 s\n[INFO] Finished at: 2024-06-19T10:01:51Z\n[INFO] ------------------------------------------------------------------------\n[ERROR] Failed to execute goal org.apache.maven.plugins:maven-compiler-plugin:3.10.1:testCompile (default-testCompile) on project test-java-plain: Compilation failure: Compilation failure: \n[ERROR] /tmp/eval-dev-quality3705907841/plain/src/test/java/com/eval/PlainTest.java:[1,16] com.eval.Plain is not public in com.eval; cannot be accessed from outside package\n[ERROR] /tmp/eval-dev-quality3705907841/plain/src/test/java/com/eval/PlainTest.java:[8,9] com.eval.Plain is not public in com.eval; cannot be accessed from outside package\n[ERROR] -> [Help 1]\n[ERROR] \n[ERROR] To see the full stack trace of the errors, re-run Maven with the -e switch.\n[ERROR] Re-run Maven using the -X switch to enable full debug logging.\n[ERROR] \n[ERROR] For more information about the errors and possible solutions, please read the following articles:\n[ERROR] [Help 1] http://cwiki.apache.org/confluence/display/MAVEN/MojoFailureException\n",
}
Stacktrace: goroutine 1 [running]:
gitlab.nethead.at/symflower/symflower/model/errors.NewInternalError({0x1f42da0?, 0xc00079a240}, {0xffa8c0?, 0xc0005e7860})
	gitlab.nethead.at/symflower/symflower/model/errors/error.go:850 +0x59
gitlab.nethead.at/symflower/symflower/language/java/execute.MavenDependencyCommand.func1()
	gitlab.nethead.at/symflower/symflower/language/java/execute/maven.go:80 +0x1ef
github.com/avast/retry-go.Do(0xc0007978b8, {0xc0007978a0, 0x3, 0x418c94?})
	github.com/avast/retry-go/retry.go:135 +0x5a3
gitlab.nethead.at/symflower/symflower/language/java/execute.MavenDependencyCommand({0xc0006dbf80, 0x26}, 0x0, {0xc00079e600, 0x6, 0x6})
	gitlab.nethead.at/symflower/symflower/language/java/execute/maven.go:60 +0x1c5
gitlab.nethead.at/symflower/symflower/language/java/execute.MavenCloverCoverage({0xc0006dbf80, 0x26})
	gitlab.nethead.at/symflower/symflower/language/java/execute/clover.go:131 +0xc9
gitlab.nethead.at/symflower/symflower/cmd/symflower-local/cmd.(*commandTest).Execute(0xc000600578, {0xc000600400?, 0x7f69d8e6db98?, 0xc000600578?})
	gitlab.nethead.at/symflower/symflower/cmd/symflower-local/cmd/test.go:143 +0x54f
gitlab.nethead.at/symflower/symflower/cmd.ExecuteNoExit({0x1f425e0?, 0xc000600400}, {0xc000040080?, 0x2782d80?, 0xc0004dbed8?})
	gitlab.nethead.at/symflower/symflower/cmd/execute.go:56 +0x2d0
gitlab.nethead.at/symflower/symflower/cmd.Execute({0x1f425e0?, 0xc000600400?}, {0xc000040080?, 0x274c500?, 0xc000600400?})
	gitlab.nethead.at/symflower/symflower/cmd/execute.go:16 +0x26
gitlab.nethead.at/symflower/symflower/cmd.ExecuteWithOSArguments(...)
	gitlab.nethead.at/symflower/symflower/cmd/execute.go:75
main.main.func1()
	gitlab.nethead.at/symflower/symflower/cmd/symflower-demo/main.go:40 +0x34
gitlab.nethead.at/symflower/symflower/cmd/symflower-local/cmd.(*Command).WithPanicReporter(0xc00012e058?, 0x2636b18?)
	gitlab.nethead.at/symflower/symflower/cmd/symflower-local/cmd/cmd.go:184 +0x48
main.main()
	gitlab.nethead.at/symflower/symflower/cmd/symflower-demo/main.go:39 +0xa5

2024/06/19 10:01:54 Evaluated model "openrouter/google/palm-2-chat-bison" on task "write-tests" using language "java" and repository "java/plain": encountered 1 problems: [exit status 1
[0;34mGive us your feedback and let us know how we can improve Symflower at hello@symflower.com or https://github.com/symflower/symflower. Thanks so much for your help![0m
ERROR: All attempts fail:
#1: Internal error: exit status 1:
[]interface {}{
    "/tmp/eval-dev-quality3705907841/plain/",
    "[INFO] Scanning for projects...\n[WARNING] \n[WARNING] Some problems were encountered while building the effective model for eval.dev.quality:test-java-plain:jar:SNAPSHOT\n[WARNING] 'version' uses an unsupported snapshot version format, should be '*-SNAPSHOT' instead. @ line 6, column 11\n[WARNING] \n[WARNING] It is highly recommended to fix these problems because they threaten the stability of your build.\n[WARNING] \n[WARNING] For this reason, future Maven versions might no longer support building such malformed projects.\n[WARNING] \nDownloading from central: https://repo.maven.apache.org/maven2/org/openclover/clover-maven-plugin/4.5.2/clover-maven-plugin-4.5.2.pom\nProgress (1): 1.4/16 kB\rProgress (1): 2.8/16 kB\rProgress (1): 4.1/16 kB\rProgress (1): 5.5/16 kB\rProgress (1): 6.9/16 kB\rProgress (1): 8.3/16 kB\rProgress (1): 9.7/16 kB\rProgress (1): 11/16 kB \rProgress (1): 12/16 kB\rProgress (1): 14/16 kB\rProgress (1): 15/16 kB\rProgress (1): 16 kB   \r                   \rDownloaded from central: https://repo.maven.apache.org/maven2/org/openclover/clover-maven-plugin/4.5.2/clover-maven-plugin-4.5.2.pom (16 kB at 11 kB/s)\nDownloading from central: https://repo.maven.apache.org/maven2/org/openclover/clover-maven-plugin/4.5.2/clover-maven-plugin-4.5.2.jar\nProgress (1): 16/148 kB\rProgress (1): 33/148 kB\rProgress (1): 49/148 kB\rProgress (1): 66/148 kB\rProgress (1): 82/148 kB\rProgress (1): 98/148 kB\rProgress (1): 115/148 kB\rProgress (1): 131/148 kB\rProgress (1): 147/148 kB\rProgress (1): 148 kB    \r                    \rDownloaded from central: https://repo.maven.apache.org/maven2/org/openclover/clover-maven-plugin/4.5.2/clover-maven-plugin-4.5.2.jar (148 kB at 5.1 MB/s)\n[INFO] \n[INFO] ------------------< eval.dev.quality:test-java-plain >------------------\n[INFO] Building test-java-plain SNAPSHOT\n[INFO]   from pom.xml\n[INFO] --------------------------------[ jar ]---------------------------------\nDownloading from central: https://repo.maven.apache.org/maven2/org/apache/maven/plugins/maven-clean-plugin/3.2.0/maven-clean-plugin-3.2.0.pom\nProgress (1): 5.3 kB\r                    \rDownloaded from central: https://repo.maven.apache.org/maven2/org/apache/maven/plugins/maven-clean-plugin/3.2.0/maven-clean-plugin-3.2.0.pom (5.3 kB at 483 kB/s)\nDownloading from central: https://repo.maven.apache.org/maven2/org/apache/maven/plugins/maven-plugins/35/maven-plugins-35.pom\nProgress (1): 9.9 kB\r                    \rDownloaded from central: https://repo.maven.apache.org/maven2/org/apache/maven/plugins/maven-plugins/35/maven-plugins-35.pom (9.9 kB at 900 kB/s)\nDownloading from central: https://repo.maven.apache.org/maven2/org/apache/maven/maven-parent/35/maven-parent-35.pom\nProgress (1): 16/45 kB\rProgress (1): 33/45 kB\rProgress (1): 45 kB   \r                   \rDownloaded from central: https://repo.maven.apache.org/maven2/org/apache/maven/maven-parent/35/maven-parent-35.pom (45 kB at 3.8 MB/s)\nDownloading from central: https://repo.maven.apache.org/maven2/org/apache/apache/25/apache-25.pom\nProgress (1): 16/21 kB\rProgress (1): 21 kB   \r                   \rDownloaded from central: https://repo.maven.apache.org/maven2/org/apache/apache/25/apache-25.pom (21 kB at 1.7 MB/s)\nDownloading from central: https://repo.maven.apache.org/maven2/org/apache/maven/plugins/maven-clean-plugin/3.2.0/maven-clean-plugin-3.2.0.jar\nProgress (1): 16/36 kB\rProgress (1): 33/36 kB\rProgress (1): 36 kB   \r                   \rDownloaded from central: https://repo.maven.apache.org/maven2/org/apache/maven/plugins/maven-clean-plugin/3.2.0/maven-clean-plugin-3.2.0.jar (36 kB at 3.0 MB/s)\nDownloading from central: https://repo.maven.apache.org/maven2/org/apache/maven/plugins/maven-resources-plugin/3.3.0/maven-resources-plugin-3.3.0.pom\nProgress (1): 8.5 kB\r                    \rDownloaded from central: https://repo.maven.apache.org/maven2/org/apache/maven/plugins/maven-resources-plugin/3.3.0/maven-resources-plugin-3.3.0.pom (8.5 kB at 773 kB/s)\nDownloading from central: https://repo.maven.apache.org/maven2/org/apache/maven/plugins/maven-plugins/36/maven-plugins-36.pom\nProgress (1): 9.9 kB\r                    \rDownloaded from central: https://repo.maven.apache.org/maven2/org/apache/maven/plugins/maven-plugins/36/maven-plugins-36.pom (9.9 kB at 990 kB/s)\nDownloading from central: https://repo.maven.apache.org/maven2/org/apache/maven/maven-parent/36/maven-parent-36.pom\nProgress (1): 16/45 kB\rProgress (1): 32/45 kB\rProgress (1): 45 kB   \r                   \rDownloaded from central: https://repo.maven.apache.org/maven2/org/apache/maven/maven-parent/36/maven-parent-36.pom (45 kB at 3.5 MB/s)\nDownloading from central: https://repo.maven.apache.org/maven2/org/apache/apache/26/apache-26.pom\nProgress (1): 16/21 kB\rProgress (1): 21 kB   \r                   \rDownloaded from central: https://repo.maven.apache.org/maven2/org/apache/apache/26/apache-26.pom (21 kB at 1.9 MB/s)\nDownloading from central: https://repo.maven.apache.org/maven2/org/apache/maven/plugins/maven-resources-plugin/3.3.0/maven-resources-plugin-3.3.0.jar\nProgress (1): 16/32 kB\rProgress (1): 32 kB   \r                   \rDownloaded from central: https://repo.maven.apache.org/maven2/org/apache/maven/plugins/maven-resources-plugin/3.3.0/maven-resources-plugin-3.3.0.jar (32 kB at 3.2 MB/s)\nDownloading from central: https://repo.maven.apache.org/maven2/org/apache/maven/plugins/maven-compiler-plugin/3.10.1/maven-compiler-plugin-3.10.1.pom\nProgress (1): 13 kB\r                   \rDownloaded from central: https://repo.maven.apache.org/maven2/org/apache/maven/plugins/maven-compiler-plugin/3.10.1/maven-compiler-plugin-3.10.1.pom (13 kB at 1.3 MB/s)\nDownloading from central: https://repo.maven.apache.org/maven2/org/apache/maven/plugins/maven-plugins/34/maven-plugins-34.pom\nProgress (1): 11 kB\r                   \rDownloaded from central: https://repo.maven.apache.org/maven2/org/apache/maven/plugins/maven-plugins/34/maven-plugins-34.pom (11 kB at 822 kB/s)\nDownloading from central: https://repo.maven.apache.org/maven2/org/apache/maven/maven-parent/34/maven-parent-34.pom\nProgress (1): 16/43 kB\rProgress (1): 33/43 kB\rProgress (1): 43 kB   \r                   \rDownloaded from central: https://repo.maven.apache.org/maven2/org/apache/maven/maven-parent/34/maven-parent-34.pom (43 kB at 2.9 MB/s)\nDownloading from central: https://repo.maven.apache.org/maven2/org/apache/apache/23/apache-23.pom\nProgress (1): 16/18 kB\rProgress (1): 18 kB   \r                   \rDownloaded from central: https://repo.maven.apache.org/maven2/org/apache/apache/23/apache-23.pom (18 kB at 1.1 MB/s)\nDownloading from central: https://repo.maven.apache.org/maven2/org/apache/maven/plugins/maven-compiler-plugin/3.10.1/maven-compiler-plugin-3.10.1.jar\nProgress (1): 16/62 kB\rProgress (1): 33/62 kB\rProgress (1): 49/62 kB\rProgress (1): 62 kB   \r                   \rDownloaded from central: https://repo.maven.apache.org/maven2/org/apache/maven/plugins/maven-compiler-plugin/3.10.1/maven-compiler-plugin-3.10.1.jar (62 kB at 3.1 MB/s)\nDownloading from central: https://repo.maven.apache.org/maven2/org/apache/maven/plugins/maven-surefire-plugin/3.2.5/maven-surefire-plugin-3.2.5.pom\nProgress (1): 5.3 kB\r                    \rDownloaded from central: https://repo.maven.apache.org/maven2/org/apache/maven/plugins/maven-surefire-plugin/3.2.5/maven-surefire-plugin-3.2.5.pom (5.3 kB at 532 kB/s)\nDownloading from central: https://repo.maven.apache.org/maven2/org/apache/maven/surefire/surefire/3.2.5/surefire-3.2.5.pom\nProgress (1): 16/22 kB\rProgress (1): 22 kB   \r                   \rDownloaded from central: https://repo.maven.apache.org/maven2/org/apache/maven/surefire/surefire/3.2.5/surefire-3.2.5.pom (22 kB at 2.0 MB/s)\nDownloading from central: https://repo.maven.apache.org/maven2/org/apache/maven/maven-parent/41/maven-parent-41.pom\nProgress (1): 16/50 kB\rProgress (1): 33/50 kB\rProgress (1): 49/50 kB\rProgress (1): 50 kB   \r                   \rDownloaded from central: https://repo.maven.apache.org/maven2/org/apache/maven/maven-parent/41/maven-parent-41.pom (50 kB at 5.0 MB/s)\nDownloading from central: https://repo.maven.apache.org/maven2/org/apache/apache/31/apache-31.pom\nProgress (1): 16/24 kB\rProgress (1): 24 kB   \r                   \rDownloaded from central: https://repo.maven.apache.org/maven2/org/apache/apache/31/apache-31.pom (24 kB at 2.0 MB/s)\nDownloading from central: https://repo.maven.apache.org/maven2/org/junit/junit-bom/5.9.3/junit-bom-5.9.3.pom\nProgress (1): 5.6 kB\r                    \rDownloaded from central: https://repo.maven.apache.org/maven2/org/junit/junit-bom/5.9.3/junit-bom-5.9.3.pom (5.6 kB at 563 kB/s)\nDownloading from central: https://repo.maven.apache.org/maven2/org/apache/maven/plugins/maven-surefire-plugin/3.2.5/maven-surefire-plugin-3.2.5.jar\nProgress (1): 16/45 kB\rProgress (1): 33/45 kB\rProgress (1): 45 kB   \r                   \rDownloaded from central: https://repo.maven.apache.org/maven2/org/apache/maven/plugins/maven-surefire-plugin/3.2.5/maven-surefire-plugin-3.2.5.jar (45 kB at 3.7 MB/s)\nDownloading from central: https://repo.maven.apache.org/maven2/org/junit/jupiter/junit-jupiter/5.8.2/junit-jupiter-5.8.2.pom\nProgress (1): 3.2 kB\r                    \rDownloaded from central: https://repo.maven.apache.org/maven2/org/junit/jupiter/junit-jupiter/5.8.2/junit-jupiter-5.8.2.pom (3.2 kB at 356 kB/s)\nDownloading from central: https://repo.maven.apache.org/maven2/org/junit/junit-bom/5.8.2/junit-bom-5.8.2.pom\nProgress (1): 5.6 kB\r                    \rDownloaded from central: https://repo.maven.apache.org/maven2/org/junit/junit-bom/5.8.2/junit-bom-5.8.2.pom (5.6 kB at 469 kB/s)\nDownloading from central: https://repo.maven.apache.org/maven2/org/junit/jupiter/junit-jupiter-api/5.8.2/junit-jupiter-api-5.8.2.pom\nProgress (1): 3.2 kB\r                    \rDownloaded from central: https://repo.maven.apache.org/maven2/org/junit/jupiter/junit-jupiter-api/5.8.2/junit-jupiter-api-5.8.2.pom (3.2 kB at 227 kB/s)\nDownloading from central: https://repo.maven.apache.org/maven2/org/opentest4j/opentest4j/1.2.0/opentest4j-1.2.0.pom\nProgress (1): 1.7 kB\r                    \rDownloaded from central: https://repo.maven.apache.org/maven2/org/opentest4j/opentest4j/1.2.0/opentest4j-1.2.0.pom (1.7 kB at 153 kB/s)\nDownloading from central: https://repo.maven.apache.org/maven2/org/junit/platform/junit-platform-commons/1.8.2/junit-platform-commons-1.8.2.pom\nProgress (1): 2.8 kB\r                    \rDownloaded from central: https://repo.maven.apache.org/maven2/org/junit/platform/junit-platform-commons/1.8.2/junit-platform-commons-1.8.2.pom (2.8 kB at 283 kB/s)\nDownloading from central: https://repo.maven.apache.org/maven2/org/apiguardian/apiguardian-api/1.1.2/apiguardian-api-1.1.2.pom\nProgress (1): 1.5 kB\r                    \rDownloaded from central: https://repo.maven.apache.org/maven2/org/apiguardian/apiguardian-api/1.1.2/apiguardian-api-1.1.2.pom (1.5 kB at 76 kB/s)\nDownloading from central: https://repo.maven.apache.org/maven2/org/junit/jupiter/junit-jupiter-params/5.8.2/junit-jupiter-params-5.8.2.pom\nProgress (1): 3.0 kB\r                    \rDownloaded from central: https://repo.maven.apache.org/maven2/org/junit/jupiter/junit-jupiter-params/5.8.2/junit-jupiter-params-5.8.2.pom (3.0 kB at 177 kB/s)\nDownloading from central: https://repo.maven.apache.org/maven2/org/junit/jupiter/junit-jupiter-engine/5.8.2/junit-jupiter-engine-5.8.2.pom\nProgress (1): 3.2 kB\r                    \rDownloaded from central: https://repo.maven.apache.org/maven2/org/junit/jupiter/junit-jupiter-engine/5.8.2/junit-jupiter-engine-5.8.2.pom (3.2 kB at 320 kB/s)\nDownloading from central: https://repo.maven.apache.org/maven2/org/junit/platform/junit-platform-engine/1.8.2/junit-platform-engine-1.8.2.pom\nProgress (1): 3.2 kB\r                    \rDownloaded from central: https://repo.maven.apache.org/maven2/org/junit/platform/junit-platform-engine/1.8.2/junit-platform-engine-1.8.2.pom (3.2 kB at 320 kB/s)\nDownloading from central: https://repo.maven.apache.org/maven2/org/junit/jupiter/junit-jupiter/5.8.2/junit-jupiter-5.8.2.jar\nProgress (1): 6.4 kB\r                    \rDownloaded from central: https://repo.maven.apache.org/maven2/org/junit/jupiter/junit-jupiter/5.8.2/junit-jupiter-5.8.2.jar (6.4 kB at 707 kB/s)\nDownloading from central: https://repo.maven.apache.org/maven2/org/junit/jupiter/junit-jupiter-api/5.8.2/junit-jupiter-api-5.8.2.jar\nDownloading from central: https://repo.maven.apache.org/maven2/org/opentest4j/opentest4j/1.2.0/opentest4j-1.2.0.jar\nDownloading from central: https://repo.maven.apache.org/maven2/org/junit/platform/junit-platform-commons/1.8.2/junit-platform-commons-1.8.2.jar\nDownloading from central: https://repo.maven.apache.org/maven2/org/apiguardian/apiguardian-api/1.1.2/apiguardian-api-1.1.2.jar\nDownloading from central: https://repo.maven.apache.org/maven2/org/junit/jupiter/junit-jupiter-params/5.8.2/junit-jupiter-params-5.8.2.jar\nProgress (1): 16/194 kB\rProgress (1): 33/194 kB\rProgress (1): 49/194 kB\rProgress (1): 66/194 kB\rProgress (1): 82/194 kB\rProgress (1): 98/194 kB\rProgress (1): 115/194 kB\rProgress (1): 131/194 kB\rProgress (1): 147/194 kB\rProgress (1): 164/194 kB\rProgress (1): 180/194 kB\rProgress (1): 194 kB    \r                    \rDownloaded from central: https://repo.maven.apache.org/maven2/org/junit/jupiter/junit-jupiter-api/5.8.2/junit-jupiter-api-5.8.2.jar (194 kB at 6.0 MB/s)\nDownloading from central: https://repo.maven.apache.org/maven2/org/junit/jupiter/junit-jupiter-engine/5.8.2/junit-jupiter-engine-5.8.2.jar\nProgress (1): 1.4/100 kB\rProgress (1): 2.8/100 kB\rProgress (2): 2.8/100 kB | 16/230 kB\rProgress (2): 4.1/100 kB | 16/230 kB\rProgress (2): 5.5/100 kB | 16/230 kB\rProgress (2): 5.5/100 kB | 33/230 kB\rProgress (2): 6.9/100 kB | 33/230 kB\rProgress (2): 8.3/100 kB | 33/230 kB\rProgress (2): 8.3/100 kB | 49/230 kB\rProgress (2): 9.7/100 kB | 49/230 kB\rProgress (2): 11/100 kB | 49/230 kB \rProgress (2): 11/100 kB | 66/230 kB\rProgress (2): 12/100 kB | 66/230 kB\rProgress (2): 14/100 kB | 66/230 kB\rProgress (2): 14/100 kB | 82/230 kB\rProgress (2): 15/100 kB | 82/230 kB\rProgress (2): 15/100 kB | 98/230 kB\rProgress (2): 16/100 kB | 98/230 kB\rProgress (2): 16/100 kB | 115/230 kB\rProgress (2): 32/100 kB | 115/230 kB\rProgress (2): 32/100 kB | 131/230 kB\rProgress (2): 32/100 kB | 147/230 kB\rProgress (2): 32/100 kB | 164/230 kB\rProgress (2): 32/100 kB | 180/230 kB\rProgress (2): 32/100 kB | 197/230 kB\rProgress (2): 32/100 kB | 213/230 kB\rProgress (2): 49/100 kB | 213/230 kB\rProgress (2): 49/100 kB | 229/230 kB\rProgress (2): 49/100 kB | 230 kB    \r                                \rDownloaded from central: https://repo.maven.apache.org/maven2/org/junit/jupiter/junit-jupiter-engine/5.8.2/junit-jupiter-engine-5.8.2.jar (230 kB at 5.2 MB/s)\nDownloading from central: https://repo.maven.apache.org/maven2/org/junit/platform/junit-platform-engine/1.8.2/junit-platform-engine-1.8.2.jar\nProgress (1): 65/100 kB\rProgress (1): 81/100 kB\rProgress (1): 98/100 kB\rProgress (1): 100 kB   \r                    \rDownloaded from central: https://repo.maven.apache.org/maven2/org/junit/platform/junit-platform-commons/1.8.2/junit-platform-commons-1.8.2.jar (100 kB at 2.0 MB/s)\nProgress (1): 16/186 kB\rProgress (1): 32/186 kB\rProgress (1): 49/186 kB\rProgress (1): 65/186 kB\rProgress (1): 81/186 kB\rProgress (1): 98/186 kB\rProgress (1): 114/186 kB\rProgress (1): 130/186 kB\rProgress (1): 147/186 kB\rProgress (1): 163/186 kB\rProgress (1): 180/186 kB\rProgress (1): 186 kB    \r                    \rDownloaded from central: https://repo.maven.apache.org/maven2/org/junit/platform/junit-platform-engine/1.8.2/junit-platform-engine-1.8.2.jar (186 kB at 3.2 MB/s)\nProgress (1): 1.4/7.7 kB\rProgress (2): 1.4/7.7 kB | 1.4/577 kB\rProgress (2): 2.8/7.7 kB | 1.4/577 kB\rProgress (2): 2.8/7.7 kB | 2.8/577 kB\rProgress (2): 4.1/7.7 kB | 2.8/577 kB\rProgress (2): 4.1/7.7 kB | 4.1/577 kB\rProgress (2): 4.1/7.7 kB | 5.5/577 kB\rProgress (2): 5.5/7.7 kB | 5.5/577 kB\rProgress (3): 5.5/7.7 kB | 5.5/577 kB | 1.4/6.8 kB\rProgress (3): 5.5/7.7 kB | 6.9/577 kB | 1.4/6.8 kB\rProgress (3): 6.9/7.7 kB | 6.9/577 kB | 1.4/6.8 kB\rProgress (3): 6.9/7.7 kB | 6.9/577 kB | 2.8/6.8 kB\rProgress (3): 6.9/7.7 kB | 8.3/577 kB | 2.8/6.8 kB\rProgress (3): 6.9/7.7 kB | 8.3/577 kB | 4.1/6.8 kB\rProgress (3): 6.9/7.7 kB | 8.3/577 kB | 5.5/6.8 kB\rProgress (3): 6.9/7.7 kB | 8.3/577 kB | 6.8 kB    \rProgress (3): 7.7 kB | 8.3/577 kB | 6.8 kB    \rProgress (3): 7.7 kB | 9.7/577 kB | 6.8 kB\rProgress (3): 7.7 kB | 11/577 kB | 6.8 kB \r                                         \rDownloaded from central: https://repo.maven.apache.org/maven2/org/apiguardian/apiguardian-api/1.1.2/apiguardian-api-1.1.2.jar (6.8 kB at 90 kB/s)\nProgress (2): 7.7 kB | 12/577 kB\rProgress (2): 7.7 kB | 14/577 kB\r                                \rDownloaded from central: https://repo.maven.apache.org/maven2/org/opentest4j/opentest4j/1.2.0/opentest4j-1.2.0.jar (7.7 kB at 98 kB/s)\nProgress (1): 15/577 kB\rProgress (1): 16/577 kB\rProgress (1): 32/577 kB\rProgress (1): 49/577 kB\rProgress (1): 65/577 kB\rProgress (1): 81/577 kB\rProgress (1): 98/577 kB\rProgress (1): 114/577 kB\rProgress (1): 130/577 kB\rProgress (1): 147/577 kB\rProgress (1): 163/577 kB\rProgress (1): 180/577 kB\rProgress (1): 196/577 kB\rProgress (1): 212/577 kB\rProgress (1): 229/577 kB\rProgress (1): 245/577 kB\rProgress (1): 262/577 kB\rProgress (1): 278/577 kB\rProgress (1): 294/577 kB\rProgress (1): 311/577 kB\rProgress (1): 327/577 kB\rProgress (1): 343/577 kB\rProgress (1): 360/577 kB\rProgress (1): 376/577 kB\rProgress (1): 393/577 kB\rProgress (1): 402/577 kB\rProgress (1): 418/577 kB\rProgress (1): 435/577 kB\rProgress (1): 451/577 kB\rProgress (1): 468/577 kB\rProgress (1): 484/577 kB\rProgress (1): 500/577 kB\rProgress (1): 517/577 kB\rProgress (1): 533/577 kB\rProgress (1): 549/577 kB\rProgress (1): 566/577 kB\rProgress (1): 577 kB    \r                    \rDownloaded from central: https://repo.maven.apache.org/maven2/org/junit/jupiter/junit-jupiter-params/5.8.2/junit-jupiter-params-5.8.2.jar (577 kB at 6.0 MB/s)\n[INFO] \n[INFO] --- clean:3.2.0:clean (default-clean) @ test-java-plain ---\nDownloading from central: https://repo.maven.apache.org/maven2/org/apache/maven/shared/maven-shared-utils/3.3.4/maven-shared-utils-3.3.4.pom\nProgress (1): 5.8 kB\r                    \rDownloaded from central: https://repo.maven.apache.org/maven2/org/apache/maven/shared/maven-shared-utils/3.3.4/maven-shared-utils-3.3.4.pom (5.8 kB at 486 kB/s)\nDownloading from central: https://repo.maven.apache.org/maven2/org/apache/maven/shared/maven-shared-components/34/maven-shared-components-34.pom\nProgress (1): 5.1 kB\r                    \rDownloaded from central: https://repo.maven.apache.org/maven2/org/apache/maven/shared/maven-shared-components/34/maven-shared-components-34.pom (5.1 kB at 566 kB/s)\nDownloading from central: https://repo.maven.apache.org/maven2/commons-io/commons-io/2.6/commons-io-2.6.pom\nProgress (1): 14 kB\r                   \rDownloaded from central: https://repo.maven.apache.org/maven2/commons-io/commons-io/2.6/commons-io-2.6.pom (14 kB at 1.6 MB/s)\nDownloading from central: https://repo.maven.apache.org/maven2/org/apache/commons/commons-parent/42/commons-parent-42.pom\nProgress (1): 16/68 kB\rProgress (1): 32/68 kB\rProgress (1): 49/68 kB\rProgress (1): 65/68 kB\rProgress (1): 68 kB   \r                   \rDownloaded from central: https://repo.maven.apache.org/maven2/org/apache/commons/commons-parent/42/commons-parent-42.pom (68 kB at 5.7 MB/s)\nDownloading from central: https://repo.maven.apache.org/maven2/org/apache/apache/18/apache-18.pom\nProgress (1): 16 kB\r                   \rDownloaded from central: https://repo.maven.apache.org/maven2/org/apache/apache/18/apache-18.pom (16 kB at 1.6 MB/s)\nDownloading from central: https://repo.maven.apache.org/maven2/org/apache/maven/shared/maven-shared-utils/3.3.4/maven-shared-utils-3.3.4.jar\nProgress (1): 16/153 kB\rProgress (1): 32/153 kB\rProgress (1): 49/153 kB\rProgress (1): 65/153 kB\rProgress (1): 81/153 kB\rProgress (1): 98/153 kB\rProgress (1): 114/153 kB\rProgress (1): 130/153 kB\rProgress (1): 147/153 kB\rProgress (1): 153 kB    \r                    \rDownloaded from central: https://repo.maven.apache.org/maven2/org/apache/maven/shared/maven-shared-utils/3.3.4/maven-shared-utils-3.3.4.jar (153 kB at 13 MB/s)\nDownloading from central: https://repo.maven.apache.org/maven2/commons-io/commons-io/2.6/commons-io-2.6.jar\nProgress (1): 16/215 kB\rProgress (1): 33/215 kB\rProgress (1): 49/215 kB\rProgress (1): 66/215 kB\rProgress (1): 82/215 kB\rProgress (1): 98/215 kB\rProgress (1): 115/215 kB\rProgress (1): 131/215 kB\rProgress (1): 147/215 kB\rProgress (1): 164/215 kB\rProgress (1): 180/215 kB\rProgress (1): 197/215 kB\rProgress (1): 213/215 kB\rProgress (1): 215 kB    \r                    \rDownloaded from central: https://repo.maven.apache.org/maven2/commons-io/commons-io/2.6/commons-io-2.6.jar (215 kB at 15 MB/s)\n[INFO] \n[INFO] --- resources:3.3.0:resources (default-resources) @ test-java-plain ---\nDownloading from central: https://repo.maven.apache.org/maven2/org/codehaus/plexus/plexus-interpolation/1.26/plexus-interpolation-1.26.pom\nProgress (1): 2.7 kB\r                    \rDownloaded from central: https://repo.maven.apache.org/maven2/org/codehaus/plexus/plexus-interpolation/1.26/plexus-interpolation-1.26.pom (2.7 kB at 241 kB/s)\nDownloading from central: https://repo.maven.apache.org/maven2/org/codehaus/plexus/plexus/5.1/plexus-5.1.pom\nProgress (1): 16/23 kB\rProgress (1): 23 kB   \r                   \rDownloaded from central: https://repo.maven.apache.org/maven2/org/codehaus/plexus/plexus/5.1/plexus-5.1.pom (23 kB at 2.8 MB/s)\nDownloading from central: https://repo.maven.apache.org/maven2/org/apache/maven/shared/maven-filtering/3.3.0/maven-filtering-3.3.0.pom\nProgress (1): 6.9 kB\r                    \rDownloaded from central: https://repo.maven.apache.org/maven2/org/apache/maven/shared/maven-filtering/3.3.0/maven-filtering-3.3.0.pom (6.9 kB at 694 kB/s)\nDownloading from central: https://repo.maven.apache.org/maven2/org/apache/maven/shared/maven-shared-components/36/maven-shared-components-36.pom\nProgress (1): 4.9 kB\r                    \rDownloaded from central: https://repo.maven.apache.org/maven2/org/apache/maven/shared/maven-shared-components/36/maven-shared-components-36.pom (4.9 kB at 612 kB/s)\nDownloading from central: https://repo.maven.apache.org/maven2/javax/inject/javax.inject/1/javax.inject-1.pom\nProgress (1): 612 B\r                   \rDownloaded from central: https://repo.maven.apache.org/maven2/javax/inject/javax.inject/1/javax.inject-1.pom (612 B at 68 kB/s)\nDownloading from central: https://repo.maven.apache.org/maven2/org/slf4j/slf4j-api/1.7.36/slf4j-api-1.7.36.pom\nProgress (1): 2.7 kB\r                    \rDownloaded from central: https://repo.maven.apache.org/maven2/org/slf4j/slf4j-api/1.7.36/slf4j-api-1.7.36.pom (2.7 kB at 343 kB/s)\nDownloading from central: https://repo.maven.apache.org/maven2/org/slf4j/slf4j-parent/1.7.36/slf4j-parent-1.7.36.pom\nProgress (1): 14 kB\r                   \rDownloaded from central: https://repo.maven.apache.org/maven2/org/slf4j/slf4j-parent/1.7.36/slf4j-parent-1.7.36.pom (14 kB at 1.8 MB/s)\nDownloading from central: https://repo.maven.apache.org/maven2/org/sonatype/plexus/plexus-build-api/0.0.7/plexus-build-api-0.0.7.pom\nProgress (1): 3.2 kB\r                    \rDownloaded from central: https://repo.maven.apache.org/maven2/org/sonatype/plexus/plexus-build-api/0.0.7/plexus-build-api-0.0.7.pom (3.2 kB at 400 kB/s)\nDownloading from central: https://repo.maven.apache.org/maven2/org/sonatype/spice/spice-parent/15/spice-parent-15.pom\nProgress (1): 8.4 kB\r                    \rDownloaded from central: https://repo.maven.apache.org/maven2/org/sonatype/spice/spice-parent/15/spice-parent-15.pom (8.4 kB at 1.0 MB/s)\nDownloading from central: https://repo.maven.apache.org/maven2/org/sonatype/forge/forge-parent/5/forge-parent-5.pom\nProgress (1): 8.4 kB\r                    \rDownloaded from central: https://repo.maven.apache.org/maven2/org/sonatype/forge/forge-parent/5/forge-parent-5.pom (8.4 kB at 1.0 MB/s)\nDownloading from central: https://repo.maven.apache.org/maven2/org/codehaus/plexus/plexus-utils/3.3.0/plexus-utils-3.3.0.pom\nProgress (1): 5.2 kB\r                    \rDownloaded from central: https://repo.maven.apache.org/maven2/org/codehaus/plexus/plexus-utils/3.3.0/plexus-utils-3.3.0.pom (5.2 kB at 648 kB/s)\nDownloading from central: https://repo.maven.apache.org/maven2/commons-io/commons-io/2.11.0/commons-io-2.11.0.pom\nProgress (1): 16/20 kB\rProgress (1): 20 kB   \r                   \rDownloaded from central: https://repo.maven.apache.org/maven2/commons-io/commons-io/2.11.0/commons-io-2.11.0.pom (20 kB at 2.0 MB/s)\nDownloading from central: https://repo.maven.apache.org/maven2/org/apache/commons/commons-parent/52/commons-parent-52.pom\nProgress (1): 16/79 kB\rProgress (1): 32/79 kB\rProgress (1): 49/79 kB\rProgress (1): 65/79 kB\rProgress (1): 79 kB   \r                   \rDownloaded from central: https://repo.maven.apache.org/maven2/org/apache/commons/commons-parent/52/commons-parent-52.pom (79 kB at 7.9 MB/s)\nDownloading from central: https://repo.maven.apache.org/maven2/org/junit/junit-bom/5.7.2/junit-bom-5.7.2.pom\nProgress (1): 5.1 kB\r                    \rDownloaded from central: https://repo.maven.apache.org/maven2/org/junit/junit-bom/5.7.2/junit-bom-5.7.2.pom (5.1 kB at 510 kB/s)\nDownloading from central: https://repo.maven.apache.org/maven2/org/apache/commons/commons-lang3/3.12.0/commons-lang3-3.12.0.pom\nProgress (1): 16/31 kB\rProgress (1): 31 kB   \r                   \rDownloaded from central: https://repo.maven.apache.org/maven2/org/apache/commons/commons-lang3/3.12.0/commons-lang3-3.12.0.pom (31 kB at 3.1 MB/s)\nDownloading from central: https://repo.maven.apache.org/maven2/org/junit/junit-bom/5.7.1/junit-bom-5.7.1.pom\nProgress (1): 5.1 kB\r                    \rDownloaded from central: https://repo.maven.apache.org/maven2/org/junit/junit-bom/5.7.1/junit-bom-5.7.1.pom (5.1 kB at 566 kB/s)\nDownloading from central: https://repo.maven.apache.org/maven2/org/codehaus/plexus/plexus-interpolation/1.26/plexus-interpolation-1.26.jar\nProgress (1): 16/85 kB\rProgress (1): 32/85 kB\rProgress (1): 49/85 kB\rProgress (1): 65/85 kB\rProgress (1): 81/85 kB\rProgress (1): 85 kB   \r                   \rDownloaded from central: https://repo.maven.apache.org/maven2/org/codehaus/plexus/plexus-interpolation/1.26/plexus-interpolation-1.26.jar (85 kB at 7.8 MB/s)\nDownloading from central: https://repo.maven.apache.org/maven2/org/apache/maven/shared/maven-filtering/3.3.0/maven-filtering-3.3.0.jar\nDownloading from central: https://repo.maven.apache.org/maven2/javax/inject/javax.inject/1/javax.inject-1.jar\nDownloading from central: https://repo.maven.apache.org/maven2/org/slf4j/slf4j-api/1.7.36/slf4j-api-1.7.36.jar\nDownloading from central: https://repo.maven.apache.org/maven2/org/sonatype/plexus/plexus-build-api/0.0.7/plexus-build-api-0.0.7.jar\nDownloading from central: https://repo.maven.apache.org/maven2/org/codehaus/plexus/plexus-utils/3.3.0/plexus-utils-3.3.0.jar\nProgress (1): 2.5 kB\rProgress (2): 2.5 kB | 1.4/55 kB\rProgress (2): 2.5 kB | 2.8/55 kB\rProgress (2): 2.5 kB | 4.1/55 kB\r                                \rDownloaded from central: https://repo.maven.apache.org/maven2/javax/inject/javax.inject/1/javax.inject-1.jar (2.5 kB at 277 kB/s)\nProgress (1): 5.5/55 kB\r                       \rDownloading from central: https://repo.maven.apache.org/maven2/commons-io/commons-io/2.11.0/commons-io-2.11.0.jar\nProgress (1): 6.9/55 kB\rProgress (1): 8.3/55 kB\rProgress (1): 9.7/55 kB\rProgress (1): 11/55 kB \rProgress (1): 12/55 kB\rProgress (1): 14/55 kB\rProgress (1): 15/55 kB\rProgress (1): 16/55 kB\rProgress (2): 16/55 kB | 8.5 kB\rProgress (2): 17/55 kB | 8.5 kB\rProgress (3): 17/55 kB | 8.5 kB | 1.4/41 kB\r                                           \rDownloaded from central: https://repo.maven.apache.org/maven2/org/sonatype/plexus/plexus-build-api/0.0.7/plexus-build-api-0.0.7.jar (8.5 kB at 771 kB/s)\nProgress (2): 19/55 kB | 1.4/41 kB\r                                  \rDownloading from central: https://repo.maven.apache.org/maven2/org/apache/commons/commons-lang3/3.12.0/commons-lang3-3.12.0.jar\nProgress (2): 19/55 kB | 2.8/41 kB\rProgress (2): 20/55 kB | 2.8/41 kB\rProgress (2): 21/55 kB | 2.8/41 kB\rProgress (2): 21/55 kB | 4.1/41 kB\rProgress (2): 23/55 kB | 4.1/41 kB\rProgress (2): 23/55 kB | 5.5/41 kB\rProgress (2): 24/55 kB | 5.5/41 kB\rProgress (2): 24/55 kB | 6.9/41 kB\rProgress (2): 25/55 kB | 6.9/41 kB\rProgress (2): 25/55 kB | 8.3/41 kB\rProgress (3): 25/55 kB | 8.3/41 kB | 16/263 kB\rProgress (3): 25/55 kB | 9.7/41 kB | 16/263 kB\rProgress (3): 27/55 kB | 9.7/41 kB | 16/263 kB\rProgress (3): 27/55 kB | 11/41 kB | 16/263 kB \rProgress (3): 27/55 kB | 11/41 kB | 33/263 kB\rProgress (3): 28/55 kB | 11/41 kB | 33/263 kB\rProgress (3): 28/55 kB | 12/41 kB | 33/263 kB\rProgress (3): 30/55 kB | 12/41 kB | 33/263 kB\rProgress (3): 30/55 kB | 14/41 kB | 33/263 kB\rProgress (3): 30/55 kB | 14/41 kB | 49/263 kB\rProgress (3): 31/55 kB | 14/41 kB | 49/263 kB\rProgress (3): 31/55 kB | 15/41 kB | 49/263 kB\rProgress (3): 32/55 kB | 15/41 kB | 49/263 kB\rProgress (3): 32/55 kB | 17/41 kB | 49/263 kB\rProgress (3): 34/55 kB | 17/41 kB | 49/263 kB\rProgress (3): 34/55 kB | 17/41 kB | 64/263 kB\rProgress (3): 35/55 kB | 17/41 kB | 64/263 kB\rProgress (3): 35/55 kB | 18/41 kB | 64/263 kB\rProgress (3): 36/55 kB | 18/41 kB | 64/263 kB\rProgress (3): 36/55 kB | 19/41 kB | 64/263 kB\rProgress (3): 38/55 kB | 19/41 kB | 64/263 kB\rProgress (3): 38/55 kB | 19/41 kB | 80/263 kB\rProgress (3): 38/55 kB | 21/41 kB | 80/263 kB\rProgress (3): 38/55 kB | 22/41 kB | 80/263 kB\rProgress (3): 38/55 kB | 23/41 kB | 80/263 kB\rProgress (3): 39/55 kB | 23/41 kB | 80/263 kB\rProgress (3): 39/55 kB | 25/41 kB | 80/263 kB\rProgress (3): 39/55 kB | 25/41 kB | 96/263 kB\rProgress (3): 41/55 kB | 25/41 kB | 96/263 kB\rProgress (3): 41/55 kB | 26/41 kB | 96/263 kB\rProgress (3): 41/55 kB | 28/41 kB | 96/263 kB\rProgress (3): 41/55 kB | 28/41 kB | 113/263 kB\rProgress (3): 42/55 kB | 28/41 kB | 113/263 kB\rProgress (3): 42/55 kB | 29/41 kB | 113/263 kB\rProgress (3): 42/55 kB | 30/41 kB | 113/263 kB\rProgress (3): 43/55 kB | 30/41 kB | 113/263 kB\rProgress (3): 43/55 kB | 30/41 kB | 121/263 kB\rProgress (3): 43/55 kB | 32/41 kB | 121/263 kB\rProgress (3): 45/55 kB | 32/41 kB | 121/263 kB\rProgress (3): 45/55 kB | 33/41 kB | 121/263 kB\rProgress (3): 45/55 kB | 33/41 kB | 129/263 kB\rProgress (3): 46/55 kB | 33/41 kB | 129/263 kB\rProgress (3): 48/55 kB | 33/41 kB | 129/263 kB\rProgress (3): 49/55 kB | 33/41 kB | 129/263 kB\rProgress (3): 50/55 kB | 33/41 kB | 129/263 kB\rProgress (3): 50/55 kB | 34/41 kB | 129/263 kB\rProgress (3): 50/55 kB | 36/41 kB | 129/263 kB\rProgress (3): 50/55 kB | 37/41 kB | 129/263 kB\rProgress (3): 50/55 kB | 39/41 kB | 129/263 kB\rProgress (3): 52/55 kB | 39/41 kB | 129/263 kB\rProgress (3): 53/55 kB | 39/41 kB | 129/263 kB\rProgress (3): 54/55 kB | 39/41 kB | 129/263 kB\rProgress (3): 55 kB | 39/41 kB | 129/263 kB   \rProgress (3): 55 kB | 39/41 kB | 145/263 kB\r                                           \rDownloaded from central: https://repo.maven.apache.org/maven2/org/apache/maven/shared/maven-filtering/3.3.0/maven-filtering-3.3.0.jar (55 kB at 3.3 MB/s)\nProgress (2): 40/41 kB | 145/263 kB\rProgress (3): 40/41 kB | 145/263 kB | 16/327 kB\rProgress (3): 40/41 kB | 145/263 kB | 33/327 kB\rProgress (3): 41 kB | 145/263 kB | 33/327 kB   \rProgress (3): 41 kB | 145/263 kB | 49/327 kB\rProgress (3): 41 kB | 145/263 kB | 66/327 kB\r                                            \rDownloaded from central: https://repo.maven.apache.org/maven2/org/slf4j/slf4j-api/1.7.36/slf4j-api-1.7.36.jar (41 kB at 2.4 MB/s)\nProgress (2): 145/263 kB | 82/327 kB\rProgress (2): 162/263 kB | 82/327 kB\rProgress (2): 162/263 kB | 98/327 kB\rProgress (2): 178/263 kB | 98/327 kB\rProgress (2): 178/263 kB | 115/327 kB\rProgress (2): 195/263 kB | 115/327 kB\rProgress (2): 195/263 kB | 131/327 kB\rProgress (2): 211/263 kB | 131/327 kB\rProgress (2): 211/263 kB | 147/327 kB\rProgress (2): 211/263 kB | 164/327 kB\rProgress (2): 211/263 kB | 180/327 kB\rProgress (2): 211/263 kB | 197/327 kB\rProgress (2): 211/263 kB | 213/327 kB\rProgress (2): 227/263 kB | 213/327 kB\rProgress (2): 227/263 kB | 229/327 kB\rProgress (3): 227/263 kB | 229/327 kB | 16/587 kB\rProgress (3): 244/263 kB | 229/327 kB | 16/587 kB\rProgress (3): 244/263 kB | 246/327 kB | 16/587 kB\rProgress (3): 260/263 kB | 246/327 kB | 16/587 kB\rProgress (3): 260/263 kB | 262/327 kB | 16/587 kB\rProgress (3): 263 kB | 262/327 kB | 16/587 kB    \rProgress (3): 263 kB | 262/327 kB | 33/587 kB\rProgress (3): 263 kB | 279/327 kB | 33/587 kB\rProgress (3): 263 kB | 279/327 kB | 49/587 kB\rProgress (3): 263 kB | 295/327 kB | 49/587 kB\r                                             \rDownloaded from central: https://repo.maven.apache.org/maven2/org/codehaus/plexus/plexus-utils/3.3.0/plexus-utils-3.3.0.jar (263 kB at 13 MB/s)\nProgress (2): 295/327 kB | 66/587 kB\rProgress (2): 311/327 kB | 66/587 kB\rProgress (2): 311/327 kB | 82/587 kB\rProgress (2): 327 kB | 82/587 kB    \rProgress (2): 327 kB | 98/587 kB\rProgress (2): 327 kB | 115/587 kB\rProgress (2): 327 kB | 131/587 kB\rProgress (2): 327 kB | 147/587 kB\r                                 \rDownloaded from central: https://repo.maven.apache.org/maven2/commons-io/commons-io/2.11.0/commons-io-2.11.0.jar (327 kB at 15 MB/s)\nProgress (1): 164/587 kB\rProgress (1): 180/587 kB\rProgress (1): 197/587 kB\rProgress (1): 213/587 kB\rProgress (1): 229/587 kB\rProgress (1): 246/587 kB\rProgress (1): 256/587 kB\rProgress (1): 272/587 kB\rProgress (1): 289/587 kB\rProgress (1): 305/587 kB\rProgress (1): 321/587 kB\rProgress (1): 338/587 kB\rProgress (1): 354/587 kB\rProgress (1): 370/587 kB\rProgress (1): 387/587 kB\rProgress (1): 403/587 kB\rProgress (1): 420/587 kB\rProgress (1): 436/587 kB\rProgress (1): 452/587 kB\rProgress (1): 469/587 kB\rProgress (1): 485/587 kB\rProgress (1): 502/587 kB\rProgress (1): 518/587 kB\rProgress (1): 534/587 kB\rProgress (1): 551/587 kB\rProgress (1): 567/587 kB\rProgress (1): 583/587 kB\rProgress (1): 587 kB    \r                    \rDownloaded from central: https://repo.maven.apache.org/maven2/org/apache/commons/commons-lang3/3.12.0/commons-lang3-3.12.0.jar (587 kB at 21 MB/s)\n[WARNING] Using platform encoding (ANSI_X3.4-1968 actually) to copy filtered resources, i.e. build is platform dependent!\n[INFO] skip non existing resourceDirectory /tmp/eval-dev-quality3705907841/plain/src/main/resources\n[INFO] \n[INFO] --- compiler:3.10.1:compile (default-compile) @ test-java-plain ---\nDownloading from central: https://repo.maven.apache.org/maven2/org/apache/maven/shared/maven-shared-incremental/1.1/maven-shared-incremental-1.1.pom\nProgress (1): 4.7 kB\r                    \rDownloaded from central: https://repo.maven.apache.org/maven2/org/apache/maven/shared/maven-shared-incremental/1.1/maven-shared-incremental-1.1.pom (4.7 kB at 677 kB/s)\nDownloading from central: https://repo.maven.apache.org/maven2/org/apache/maven/shared/maven-shared-components/19/maven-shared-components-19.pom\nProgress (1): 6.4 kB\r                    \rDownloaded from central: https://repo.maven.apache.org/maven2/org/apache/maven/shared/maven-shared-components/19/maven-shared-components-19.pom (6.4 kB at 908 kB/s)\nDownloading from central: https://repo.maven.apache.org/maven2/org/apache/maven/maven-parent/23/maven-parent-23.pom\nProgress (1): 16/33 kB\rProgress (1): 33 kB   \r                   \rDownloaded from central: https://repo.maven.apache.org/maven2/org/apache/maven/maven-parent/23/maven-parent-23.pom (33 kB at 4.1 MB/s)\nDownloading from central: https://repo.maven.apache.org/maven2/org/apache/apache/13/apache-13.pom\nProgress (1): 14 kB\r                   \rDownloaded from central: https://repo.maven.apache.org/maven2/org/apache/apache/13/apache-13.pom (14 kB at 1.7 MB/s)\nDownloading from central: https://repo.maven.apache.org/maven2/org/codehaus/plexus/plexus-component-annotations/2.0.0/plexus-component-annotations-2.0.0.pom\nProgress (1): 750 B\r                   \rDownloaded from central: https://repo.maven.apache.org/maven2/org/codehaus/plexus/plexus-component-annotations/2.0.0/plexus-component-annotations-2.0.0.pom (750 B at 94 kB/s)\nDownloading from central: https://repo.maven.apache.org/maven2/org/codehaus/plexus/plexus-containers/2.0.0/plexus-containers-2.0.0.pom\nProgress (1): 4.8 kB\r                    \rDownloaded from central: https://repo.maven.apache.org/maven2/org/codehaus/plexus/plexus-containers/2.0.0/plexus-containers-2.0.0.pom (4.8 kB at 686 kB/s)\nDownloading from central: https://repo.maven.apache.org/maven2/org/codehaus/plexus/plexus-java/1.1.1/plexus-java-1.1.1.pom\nProgress (1): 5.0 kB\r                    \rDownloaded from central: https://repo.maven.apache.org/maven2/org/codehaus/plexus/plexus-java/1.1.1/plexus-java-1.1.1.pom (5.0 kB at 710 kB/s)\nDownloading from central: https://repo.maven.apache.org/maven2/org/codehaus/plexus/plexus-languages/1.1.1/plexus-languages-1.1.1.pom\nProgress (1): 4.6 kB\r                    \rDownloaded from central: https://repo.maven.apache.org/maven2/org/codehaus/plexus/plexus-languages/1.1.1/plexus-languages-1.1.1.pom (4.6 kB at 659 kB/s)\nDownloading from central: https://repo.maven.apache.org/maven2/org/codehaus/plexus/plexus/8/plexus-8.pom\nProgress (1): 16/25 kB\rProgress (1): 25 kB   \r                   \rDownloaded from central: https://repo.maven.apache.org/maven2/org/codehaus/plexus/plexus/8/plexus-8.pom (25 kB at 3.6 MB/s)\nDownloading from central: https://repo.maven.apache.org/maven2/org/ow2/asm/asm/9.2/asm-9.2.pom\nProgress (1): 2.4 kB\r                    \rDownloaded from central: https://repo.maven.apache.org/maven2/org/ow2/asm/asm/9.2/asm-9.2.pom (2.4 kB at 296 kB/s)\nDownloading from central: https://repo.maven.apache.org/maven2/org/ow2/ow2/1.5/ow2-1.5.pom\nProgress (1): 11 kB\r                   \rDownloaded from central: https://repo.maven.apache.org/maven2/org/ow2/ow2/1.5/ow2-1.5.pom (11 kB at 1.4 MB/s)\nDownloading from central: https://repo.maven.apache.org/maven2/com/thoughtworks/qdox/qdox/2.0.1/qdox-2.0.1.pom\nProgress (1): 16 kB\r                   \rDownloaded from central: https://repo.maven.apache.org/maven2/com/thoughtworks/qdox/qdox/2.0.1/qdox-2.0.1.pom (16 kB at 2.0 MB/s)\nDownloading from central: https://repo.maven.apache.org/maven2/org/sonatype/oss/oss-parent/9/oss-parent-9.pom\nProgress (1): 6.6 kB\r                    \rDownloaded from central: https://repo.maven.apache.org/maven2/org/sonatype/oss/oss-parent/9/oss-parent-9.pom (6.6 kB at 821 kB/s)\nDownloading from central: https://repo.maven.apache.org/maven2/org/codehaus/plexus/plexus-compiler-api/2.11.1/plexus-compiler-api-2.11.1.pom\nProgress (1): 1.1 kB\r                    \rDownloaded from central: https://repo.maven.apache.org/maven2/org/codehaus/plexus/plexus-compiler-api/2.11.1/plexus-compiler-api-2.11.1.pom (1.1 kB at 132 kB/s)\nDownloading from central: https://repo.maven.apache.org/maven2/org/codehaus/plexus/plexus-compiler/2.11.1/plexus-compiler-2.11.1.pom\nProgress (1): 8.1 kB\r                    \rDownloaded from central: https://repo.maven.apache.org/maven2/org/codehaus/plexus/plexus-compiler/2.11.1/plexus-compiler-2.11.1.pom (8.1 kB at 902 kB/s)\nDownloading from central: https://repo.maven.apache.org/maven2/org/codehaus/plexus/plexus-components/6.6/plexus-components-6.6.pom\nProgress (1): 2.7 kB\r                    \rDownloaded from central: https://repo.maven.apache.org/maven2/org/codehaus/plexus/plexus-components/6.6/plexus-components-6.6.pom (2.7 kB at 382 kB/s)\nDownloading from central: https://repo.maven.apache.org/maven2/org/codehaus/plexus/plexus-utils/3.4.1/plexus-utils-3.4.1.pom\nProgress (1): 8.0 kB\r                    \rDownloaded from central: https://repo.maven.apache.org/maven2/org/codehaus/plexus/plexus-utils/3.4.1/plexus-utils-3.4.1.pom (8.0 kB at 995 kB/s)\nDownloading from central: https://repo.maven.apache.org/maven2/org/codehaus/plexus/plexus-compiler-manager/2.11.1/plexus-compiler-manager-2.11.1.pom\nProgress (1): 1.1 kB\r                    \rDownloaded from central: https://repo.maven.apache.org/maven2/org/codehaus/plexus/plexus-compiler-manager/2.11.1/plexus-compiler-manager-2.11.1.pom (1.1 kB at 142 kB/s)\nDownloading from central: https://repo.maven.apache.org/maven2/org/codehaus/plexus/plexus-compiler-javac/2.11.1/plexus-compiler-javac-2.11.1.pom\nProgress (1): 1.2 kB\r                    \rDownloaded from central: https://repo.maven.apache.org/maven2/org/codehaus/plexus/plexus-compiler-javac/2.11.1/plexus-compiler-javac-2.11.1.pom (1.2 kB at 150 kB/s)\nDownloading from central: https://repo.maven.apache.org/maven2/org/codehaus/plexus/plexus-compilers/2.11.1/plexus-compilers-2.11.1.pom\nProgress (1): 1.3 kB\r                    \rDownloaded from central: https://repo.maven.apache.org/maven2/org/codehaus/plexus/plexus-compilers/2.11.1/plexus-compilers-2.11.1.pom (1.3 kB at 189 kB/s)\nDownloading from central: https://repo.maven.apache.org/maven2/org/apache/maven/shared/maven-shared-incremental/1.1/maven-shared-incremental-1.1.jar\nProgress (1): 14 kB\r                   \rDownloaded from central: https://repo.maven.apache.org/maven2/org/apache/maven/shared/maven-shared-incremental/1.1/maven-shared-incremental-1.1.jar (14 kB at 1.9 MB/s)\nDownloading from central: https://repo.maven.apache.org/maven2/org/codehaus/plexus/plexus-component-annotations/2.0.0/plexus-component-annotations-2.0.0.jar\nDownloading from central: https://repo.maven.apache.org/maven2/org/codehaus/plexus/plexus-java/1.1.1/plexus-java-1.1.1.jar\nDownloading from central: https://repo.maven.apache.org/maven2/org/ow2/asm/asm/9.2/asm-9.2.jar\nDownloading from central: https://repo.maven.apache.org/maven2/com/thoughtworks/qdox/qdox/2.0.1/qdox-2.0.1.jar\nDownloading from central: https://repo.maven.apache.org/maven2/org/codehaus/plexus/plexus-compiler-api/2.11.1/plexus-compiler-api-2.11.1.jar\nProgress (1): 4.2 kB\rProgress (2): 4.2 kB | 16/27 kB\r                               \rDownloaded from central: https://repo.maven.apache.org/maven2/org/codehaus/plexus/plexus-component-annotations/2.0.0/plexus-component-annotations-2.0.0.jar (4.2 kB at 470 kB/s)\nDownloading from central: https://repo.maven.apache.org/maven2/org/codehaus/plexus/plexus-utils/3.4.1/plexus-utils-3.4.1.jar\nProgress (1): 27 kB\rProgress (2): 27 kB | 16/54 kB\r                              \rDownloaded from central: https://repo.maven.apache.org/maven2/org/codehaus/plexus/plexus-compiler-api/2.11.1/plexus-compiler-api-2.11.1.jar (27 kB at 3.4 MB/s)\nDownloading from central: https://repo.maven.apache.org/maven2/org/codehaus/plexus/plexus-compiler-manager/2.11.1/plexus-compiler-manager-2.11.1.jar\nProgress (1): 33/54 kB\rProgress (2): 33/54 kB | 16/122 kB\rProgress (2): 49/54 kB | 16/122 kB\rProgress (2): 54 kB | 16/122 kB   \rProgress (2): 54 kB | 33/122 kB\rProgress (3): 54 kB | 33/122 kB | 16/334 kB\r                                           \rDownloaded from central: https://repo.maven.apache.org/maven2/org/codehaus/plexus/plexus-java/1.1.1/plexus-java-1.1.1.jar (54 kB at 5.4 MB/s)\nDownloading from central: https://repo.maven.apache.org/maven2/org/codehaus/plexus/plexus-compiler-javac/2.11.1/plexus-compiler-javac-2.11.1.jar\nProgress (2): 33/122 kB | 33/334 kB\rProgress (2): 49/122 kB | 33/334 kB\rProgress (2): 49/122 kB | 49/334 kB\rProgress (2): 66/122 kB | 49/334 kB\rProgress (2): 66/122 kB | 66/334 kB\rProgress (2): 66/122 kB | 82/334 kB\rProgress (2): 82/122 kB | 82/334 kB\rProgress (2): 98/122 kB | 82/334 kB\rProgress (3): 98/122 kB | 82/334 kB | 16/264 kB\rProgress (3): 98/122 kB | 82/334 kB | 33/264 kB\rProgress (3): 98/122 kB | 82/334 kB | 49/264 kB\rProgress (3): 98/122 kB | 98/334 kB | 49/264 kB\rProgress (3): 98/122 kB | 98/334 kB | 64/264 kB\rProgress (3): 98/122 kB | 98/334 kB | 81/264 kB\rProgress (4): 98/122 kB | 98/334 kB | 81/264 kB | 4.7 kB\rProgress (4): 98/122 kB | 98/334 kB | 97/264 kB | 4.7 kB\rProgress (4): 115/122 kB | 98/334 kB | 97/264 kB | 4.7 kB\rProgress (4): 115/122 kB | 98/334 kB | 113/264 kB | 4.7 kB\r                                                          \rDownloaded from central: https://repo.maven.apache.org/maven2/org/codehaus/plexus/plexus-compiler-manager/2.11.1/plexus-compiler-manager-2.11.1.jar (4.7 kB at 310 kB/s)\nProgress (3): 115/122 kB | 98/334 kB | 130/264 kB\rProgress (3): 115/122 kB | 98/334 kB | 146/264 kB\rProgress (3): 115/122 kB | 98/334 kB | 163/264 kB\rProgress (3): 115/122 kB | 98/334 kB | 179/264 kB\rProgress (3): 122 kB | 98/334 kB | 179/264 kB    \rProgress (3): 122 kB | 98/334 kB | 195/264 kB\rProgress (3): 122 kB | 98/334 kB | 212/264 kB\rProgress (3): 122 kB | 115/334 kB | 212/264 kB\rProgress (3): 122 kB | 115/334 kB | 228/264 kB\rProgress (4): 122 kB | 115/334 kB | 228/264 kB | 16/23 kB\rProgress (4): 122 kB | 115/334 kB | 244/264 kB | 16/23 kB\rProgress (4): 122 kB | 115/334 kB | 244/264 kB | 23 kB   \rProgress (4): 122 kB | 131/334 kB | 244/264 kB | 23 kB\rProgress (4): 122 kB | 131/334 kB | 261/264 kB | 23 kB\r                                                      \rDownloaded from central: https://repo.maven.apache.org/maven2/org/ow2/asm/asm/9.2/asm-9.2.jar (122 kB at 6.8 MB/s)\nProgress (3): 131/334 kB | 264 kB | 23 kB\r                                         \rDownloaded from central: https://repo.maven.apache.org/maven2/org/codehaus/plexus/plexus-compiler-javac/2.11.1/plexus-compiler-javac-2.11.1.jar (23 kB at 1.3 MB/s)\nProgress (2): 147/334 kB | 264 kB\r                                 \rDownloaded from central: https://repo.maven.apache.org/maven2/org/codehaus/plexus/plexus-utils/3.4.1/plexus-utils-3.4.1.jar (264 kB at 15 MB/s)\nProgress (1): 164/334 kB\rProgress (1): 180/334 kB\rProgress (1): 197/334 kB\rProgress (1): 213/334 kB\rProgress (1): 229/334 kB\rProgress (1): 246/334 kB\rProgress (1): 256/334 kB\rProgress (1): 272/334 kB\rProgress (1): 289/334 kB\rProgress (1): 305/334 kB\rProgress (1): 321/334 kB\rProgress (1): 334 kB    \r                    \rDownloaded from central: https://repo.maven.apache.org/maven2/com/thoughtworks/qdox/qdox/2.0.1/qdox-2.0.1.jar (334 kB at 11 MB/s)\n[INFO] Changes detected - recompiling the module!\n[WARNING] File encoding has not been set, using platform encoding ANSI_X3.4-1968, i.e. build is platform dependent!\n[INFO] Compiling 1 source file to /tmp/eval-dev-quality3705907841/plain/target/classes\n[INFO] \n[INFO] --- resources:3.3.0:resources (default-resources) @ test-java-plain ---\n[WARNING] Using platform encoding (ANSI_X3.4-1968 actually) to copy filtered resources, i.e. build is platform dependent!\n[INFO] skip non existing resourceDirectory /tmp/eval-dev-quality3705907841/plain/src/main/resources\n[INFO] \n[INFO] --- compiler:3.10.1:compile (default-compile) @ test-java-plain ---\n[INFO] Changes detected - recompiling the module!\n[WARNING] File encoding has not been set, using platform encoding ANSI_X3.4-1968, i.e. build is platform dependent!\n[INFO] Compiling 1 source file to /tmp/eval-dev-quality3705907841/plain/target/classes\n[INFO] \n[INFO] --- resources:3.3.0:testResources (default-testResources) @ test-java-plain ---\n[WARNING] Using platform encoding (ANSI_X3.4-1968 actually) to copy filtered resources, i.e. build is platform dependent!\n[INFO] skip non existing resourceDirectory /tmp/eval-dev-quality3705907841/plain/src/test/resources\n[INFO] \n[INFO] --- compiler:3.10.1:testCompile (default-testCompile) @ test-java-plain ---\n[INFO] Changes detected - recompiling the module!\n[WARNING] File encoding has not been set, using platform encoding ANSI_X3.4-1968, i.e. build is platform dependent!\n[INFO] Compiling 1 source file to /tmp/eval-dev-quality3705907841/plain/target/test-classes\n[INFO] -------------------------------------------------------------\n[ERROR] COMPILATION ERROR : \n[INFO] -------------------------------------------------------------\n[ERROR] /tmp/eval-dev-quality3705907841/plain/src/test/java/com/eval/PlainTest.java:[1,16] com.eval.Plain is not public in com.eval; cannot be accessed from outside package\n[ERROR] /tmp/eval-dev-quality3705907841/plain/src/test/java/com/eval/PlainTest.java:[8,9] com.eval.Plain is not public in com.eval; cannot be accessed from outside package\n[INFO] 2 errors \n[INFO] -------------------------------------------------------------\n[INFO] ------------------------------------------------------------------------\n[INFO] BUILD FAILURE\n[INFO] ------------------------------------------------------------------------\n[INFO] Total time:  3.878 s\n[INFO] Finished at: 2024-06-19T10:01:51Z\n[INFO] ------------------------------------------------------------------------\n[ERROR] Failed to execute goal org.apache.maven.plugins:maven-compiler-plugin:3.10.1:testCompile (default-testCompile) on project test-java-plain: Compilation failure: Compilation failure: \n[ERROR] /tmp/eval-dev-quality3705907841/plain/src/test/java/com/eval/PlainTest.java:[1,16] com.eval.Plain is not public in com.eval; cannot be accessed from outside package\n[ERROR] /tmp/eval-dev-quality3705907841/plain/src/test/java/com/eval/PlainTest.java:[8,9] com.eval.Plain is not public in com.eval; cannot be accessed from outside package\n[ERROR] -> [Help 1]\n[ERROR] \n[ERROR] To see the full stack trace of the errors, re-run Maven with the -e switch.\n[ERROR] Re-run Maven using the -X switch to enable full debug logging.\n[ERROR] \n[ERROR] For more information about the errors and possible solutions, please read the following articles:\n[ERROR] [Help 1] http://cwiki.apache.org/confluence/display/MAVEN/MojoFailureException\n",
}
Stacktrace: goroutine 1 [running]:
gitlab.nethead.at/symflower/symflower/model/errors.NewInternalError({0x1f42da0?, 0xc00079a240}, {0xffa8c0?, 0xc0005e7860})
	gitlab.nethead.at/symflower/symflower/model/errors/error.go:850 +0x59
gitlab.nethead.at/symflower/symflower/language/java/execute.MavenDependencyCommand.func1()
	gitlab.nethead.at/symflower/symflower/language/java/execute/maven.go:80 +0x1ef
github.com/avast/retry-go.Do(0xc0007978b8, {0xc0007978a0, 0x3, 0x418c94?})
	github.com/avast/retry-go/retry.go:135 +0x5a3
gitlab.nethead.at/symflower/symflower/language/java/execute.MavenDependencyCommand({0xc0006dbf80, 0x26}, 0x0, {0xc00079e600, 0x6, 0x6})
	gitlab.nethead.at/symflower/symflower/language/java/execute/maven.go:60 +0x1c5
gitlab.nethead.at/symflower/symflower/language/java/execute.MavenCloverCoverage({0xc0006dbf80, 0x26})
	gitlab.nethead.at/symflower/symflower/language/java/execute/clover.go:131 +0xc9
gitlab.nethead.at/symflower/symflower/cmd/symflower-local/cmd.(*commandTest).Execute(0xc000600578, {0xc000600400?, 0x7f69d8e6db98?, 0xc000600578?})
	gitlab.nethead.at/symflower/symflower/cmd/symflower-local/cmd/test.go:143 +0x54f
gitlab.nethead.at/symflower/symflower/cmd.ExecuteNoExit({0x1f425e0?, 0xc000600400}, {0xc000040080?, 0x2782d80?, 0xc0004dbed8?})
	gitlab.nethead.at/symflower/symflower/cmd/execute.go:56 +0x2d0
gitlab.nethead.at/symflower/symflower/cmd.Execute({0x1f425e0?, 0xc000600400?}, {0xc000040080?, 0x274c500?, 0xc000600400?})
	gitlab.nethead.at/symflower/symflower/cmd/execute.go:16 +0x26
gitlab.nethead.at/symflower/symflower/cmd.ExecuteWithOSArguments(...)
	gitlab.nethead.at/symflower/symflower/cmd/execute.go:75
main.main.func1()
	gitlab.nethead.at/symflower/symflower/cmd/symflower-demo/main.go:40 +0x34
gitlab.nethead.at/symflower/symflower/cmd/symflower-local/cmd.(*Command).WithPanicReporter(0xc00012e058?, 0x2636b18?)
	gitlab.nethead.at/symflower/symflower/cmd/symflower-local/cmd/cmd.go:184 +0x48
main.main()
	gitlab.nethead.at/symflower/symflower/cmd/symflower-demo/main.go:39 +0xa5


github.com/symflower/eval-dev-quality/util.CommandWithResult
	/home/ubuntu/eval-dev-quality/util/exec.go:52
github.com/symflower/eval-dev-quality/language/java.(*Language).Execute
	/home/ubuntu/eval-dev-quality/language/java/language.go:108
github.com/symflower/eval-dev-quality/evaluate/task.(*TaskWriteTests).Run
	/home/ubuntu/eval-dev-quality/evaluate/task/task-write-test.go:91
github.com/symflower/eval-dev-quality/evaluate.Evaluate.func1
	/home/ubuntu/eval-dev-quality/evaluate/evaluate.go:128
github.com/symflower/eval-dev-quality/evaluate.withLoadedModel
	/home/ubuntu/eval-dev-quality/evaluate/evaluate.go:273
github.com/symflower/eval-dev-quality/evaluate.Evaluate
	/home/ubuntu/eval-dev-quality/evaluate/evaluate.go:118
github.com/symflower/eval-dev-quality/cmd/eval-dev-quality/cmd.(*Evaluate).Execute
	/home/ubuntu/eval-dev-quality/cmd/eval-dev-quality/cmd/evaluate.go:363
github.com/symflower/eval-dev-quality/cmd/eval-dev-quality/cmd.Execute.func1
	/home/ubuntu/eval-dev-quality/cmd/eval-dev-quality/cmd/command.go:34
github.com/jessevdk/go-flags.(*Parser).ParseArgs
	/home/ubuntu/go/pkg/mod/github.com/jessevdk/go-flags@v1.5.1-0.20210607101731-3927b71304df/parser.go:333
github.com/symflower/eval-dev-quality/cmd/eval-dev-quality/cmd.Execute
	/home/ubuntu/eval-dev-quality/cmd/eval-dev-quality/cmd/command.go:37
main.main
	/home/ubuntu/eval-dev-quality/cmd/eval-dev-quality/main.go:11
runtime.main
	/home/ubuntu/.eval-dev-quality/go/src/runtime/proc.go:267
runtime.goexit
	/home/ubuntu/.eval-dev-quality/go/src/runtime/asm_amd64.s:1650
github.com/symflower/eval-dev-quality/language/java.(*Language).Execute
	/home/ubuntu/eval-dev-quality/language/java/language.go:119
github.com/symflower/eval-dev-quality/evaluate/task.(*TaskWriteTests).Run
	/home/ubuntu/eval-dev-quality/evaluate/task/task-write-test.go:91
github.com/symflower/eval-dev-quality/evaluate.Evaluate.func1
	/home/ubuntu/eval-dev-quality/evaluate/evaluate.go:128
github.com/symflower/eval-dev-quality/evaluate.withLoadedModel
	/home/ubuntu/eval-dev-quality/evaluate/evaluate.go:273
github.com/symflower/eval-dev-quality/evaluate.Evaluate
	/home/ubuntu/eval-dev-quality/evaluate/evaluate.go:118
github.com/symflower/eval-dev-quality/cmd/eval-dev-quality/cmd.(*Evaluate).Execute
	/home/ubuntu/eval-dev-quality/cmd/eval-dev-quality/cmd/evaluate.go:363
github.com/symflower/eval-dev-quality/cmd/eval-dev-quality/cmd.Execute.func1
	/home/ubuntu/eval-dev-quality/cmd/eval-dev-quality/cmd/command.go:34
github.com/jessevdk/go-flags.(*Parser).ParseArgs
	/home/ubuntu/go/pkg/mod/github.com/jessevdk/go-flags@v1.5.1-0.20210607101731-3927b71304df/parser.go:333
github.com/symflower/eval-dev-quality/cmd/eval-dev-quality/cmd.Execute
	/home/ubuntu/eval-dev-quality/cmd/eval-dev-quality/cmd/command.go:37
main.main
	/home/ubuntu/eval-dev-quality/cmd/eval-dev-quality/main.go:11
runtime.main
	/home/ubuntu/.eval-dev-quality/go/src/runtime/proc.go:267
runtime.goexit
	/home/ubuntu/.eval-dev-quality/go/src/runtime/asm_amd64.s:1650
[0;34mGive us your feedback and let us know how we can improve Symflower at hello@symflower.com or https://github.com/symflower/symflower. Thanks so much for your help![0m
ERROR: All attempts fail:
#1: Internal error: exit status 1:
[]interface {}{
    "/tmp/eval-dev-quality3705907841/plain/",
    "[INFO] Scanning for projects...\n[WARNING] \n[WARNING] Some problems were encountered while building the effective model for eval.dev.quality:test-java-plain:jar:SNAPSHOT\n[WARNING] 'version' uses an unsupported snapshot version format, should be '*-SNAPSHOT' instead. @ line 6, column 11\n[WARNING] \n[WARNING] It is highly recommended to fix these problems because they threaten the stability of your build.\n[WARNING] \n[WARNING] For this reason, future Maven versions might no longer support building such malformed projects.\n[WARNING] \nDownloading from central: https://repo.maven.apache.org/maven2/org/openclover/clover-maven-plugin/4.5.2/clover-maven-plugin-4.5.2.pom\nProgress (1): 1.4/16 kB\rProgress (1): 2.8/16 kB\rProgress (1): 4.1/16 kB\rProgress (1): 5.5/16 kB\rProgress (1): 6.9/16 kB\rProgress (1): 8.3/16 kB\rProgress (1): 9.7/16 kB\rProgress (1): 11/16 kB \rProgress (1): 12/16 kB\rProgress (1): 14/16 kB\rProgress (1): 15/16 kB\rProgress (1): 16 kB   \r                   \rDownloaded from central: https://repo.maven.apache.org/maven2/org/openclover/clover-maven-plugin/4.5.2/clover-maven-plugin-4.5.2.pom (16 kB at 11 kB/s)\nDownloading from central: https://repo.maven.apache.org/maven2/org/openclover/clover-maven-plugin/4.5.2/clover-maven-plugin-4.5.2.jar\nProgress (1): 16/148 kB\rProgress (1): 33/148 kB\rProgress (1): 49/148 kB\rProgress (1): 66/148 kB\rProgress (1): 82/148 kB\rProgress (1): 98/148 kB\rProgress (1): 115/148 kB\rProgress (1): 131/148 kB\rProgress (1): 147/148 kB\rProgress (1): 148 kB    \r                    \rDownloaded from central: https://repo.maven.apache.org/maven2/org/openclover/clover-maven-plugin/4.5.2/clover-maven-plugin-4.5.2.jar (148 kB at 5.1 MB/s)\n[INFO] \n[INFO] ------------------< eval.dev.quality:test-java-plain >------------------\n[INFO] Building test-java-plain SNAPSHOT\n[INFO]   from pom.xml\n[INFO] --------------------------------[ jar ]---------------------------------\nDownloading from central: https://repo.maven.apache.org/maven2/org/apache/maven/plugins/maven-clean-plugin/3.2.0/maven-clean-plugin-3.2.0.pom\nProgress (1): 5.3 kB\r                    \rDownloaded from central: https://repo.maven.apache.org/maven2/org/apache/maven/plugins/maven-clean-plugin/3.2.0/maven-clean-plugin-3.2.0.pom (5.3 kB at 483 kB/s)\nDownloading from central: https://repo.maven.apache.org/maven2/org/apache/maven/plugins/maven-plugins/35/maven-plugins-35.pom\nProgress (1): 9.9 kB\r                    \rDownloaded from central: https://repo.maven.apache.org/maven2/org/apache/maven/plugins/maven-plugins/35/maven-plugins-35.pom (9.9 kB at 900 kB/s)\nDownloading from central: https://repo.maven.apache.org/maven2/org/apache/maven/maven-parent/35/maven-parent-35.pom\nProgress (1): 16/45 kB\rProgress (1): 33/45 kB\rProgress (1): 45 kB   \r                   \rDownloaded from central: https://repo.maven.apache.org/maven2/org/apache/maven/maven-parent/35/maven-parent-35.pom (45 kB at 3.8 MB/s)\nDownloading from central: https://repo.maven.apache.org/maven2/org/apache/apache/25/apache-25.pom\nProgress (1): 16/21 kB\rProgress (1): 21 kB   \r                   \rDownloaded from central: https://repo.maven.apache.org/maven2/org/apache/apache/25/apache-25.pom (21 kB at 1.7 MB/s)\nDownloading from central: https://repo.maven.apache.org/maven2/org/apache/maven/plugins/maven-clean-plugin/3.2.0/maven-clean-plugin-3.2.0.jar\nProgress (1): 16/36 kB\rProgress (1): 33/36 kB\rProgress (1): 36 kB   \r                   \rDownloaded from central: https://repo.maven.apache.org/maven2/org/apache/maven/plugins/maven-clean-plugin/3.2.0/maven-clean-plugin-3.2.0.jar (36 kB at 3.0 MB/s)\nDownloading from central: https://repo.maven.apache.org/maven2/org/apache/maven/plugins/maven-resources-plugin/3.3.0/maven-resources-plugin-3.3.0.pom\nProgress (1): 8.5 kB\r                    \rDownloaded from central: https://repo.maven.apache.org/maven2/org/apache/maven/plugins/maven-resources-plugin/3.3.0/maven-resources-plugin-3.3.0.pom (8.5 kB at 773 kB/s)\nDownloading from central: https://repo.maven.apache.org/maven2/org/apache/maven/plugins/maven-plugins/36/maven-plugins-36.pom\nProgress (1): 9.9 kB\r                    \rDownloaded from central: https://repo.maven.apache.org/maven2/org/apache/maven/plugins/maven-plugins/36/maven-plugins-36.pom (9.9 kB at 990 kB/s)\nDownloading from central: https://repo.maven.apache.org/maven2/org/apache/maven/maven-parent/36/maven-parent-36.pom\nProgress (1): 16/45 kB\rProgress (1): 32/45 kB\rProgress (1): 45 kB   \r                   \rDownloaded from central: https://repo.maven.apache.org/maven2/org/apache/maven/maven-parent/36/maven-parent-36.pom (45 kB at 3.5 MB/s)\nDownloading from central: https://repo.maven.apache.org/maven2/org/apache/apache/26/apache-26.pom\nProgress (1): 16/21 kB\rProgress (1): 21 kB   \r                   \rDownloaded from central: https://repo.maven.apache.org/maven2/org/apache/apache/26/apache-26.pom (21 kB at 1.9 MB/s)\nDownloading from central: https://repo.maven.apache.org/maven2/org/apache/maven/plugins/maven-resources-plugin/3.3.0/maven-resources-plugin-3.3.0.jar\nProgress (1): 16/32 kB\rProgress (1): 32 kB   \r                   \rDownloaded from central: https://repo.maven.apache.org/maven2/org/apache/maven/plugins/maven-resources-plugin/3.3.0/maven-resources-plugin-3.3.0.jar (32 kB at 3.2 MB/s)\nDownloading from central: https://repo.maven.apache.org/maven2/org/apache/maven/plugins/maven-compiler-plugin/3.10.1/maven-compiler-plugin-3.10.1.pom\nProgress (1): 13 kB\r                   \rDownloaded from central: https://repo.maven.apache.org/maven2/org/apache/maven/plugins/maven-compiler-plugin/3.10.1/maven-compiler-plugin-3.10.1.pom (13 kB at 1.3 MB/s)\nDownloading from central: https://repo.maven.apache.org/maven2/org/apache/maven/plugins/maven-plugins/34/maven-plugins-34.pom\nProgress (1): 11 kB\r                   \rDownloaded from central: https://repo.maven.apache.org/maven2/org/apache/maven/plugins/maven-plugins/34/maven-plugins-34.pom (11 kB at 822 kB/s)\nDownloading from central: https://repo.maven.apache.org/maven2/org/apache/maven/maven-parent/34/maven-parent-34.pom\nProgress (1): 16/43 kB\rProgress (1): 33/43 kB\rProgress (1): 43 kB   \r                   \rDownloaded from central: https://repo.maven.apache.org/maven2/org/apache/maven/maven-parent/34/maven-parent-34.pom (43 kB at 2.9 MB/s)\nDownloading from central: https://repo.maven.apache.org/maven2/org/apache/apache/23/apache-23.pom\nProgress (1): 16/18 kB\rProgress (1): 18 kB   \r                   \rDownloaded from central: https://repo.maven.apache.org/maven2/org/apache/apache/23/apache-23.pom (18 kB at 1.1 MB/s)\nDownloading from central: https://repo.maven.apache.org/maven2/org/apache/maven/plugins/maven-compiler-plugin/3.10.1/maven-compiler-plugin-3.10.1.jar\nProgress (1): 16/62 kB\rProgress (1): 33/62 kB\rProgress (1): 49/62 kB\rProgress (1): 62 kB   \r                   \rDownloaded from central: https://repo.maven.apache.org/maven2/org/apache/maven/plugins/maven-compiler-plugin/3.10.1/maven-compiler-plugin-3.10.1.jar (62 kB at 3.1 MB/s)\nDownloading from central: https://repo.maven.apache.org/maven2/org/apache/maven/plugins/maven-surefire-plugin/3.2.5/maven-surefire-plugin-3.2.5.pom\nProgress (1): 5.3 kB\r                    \rDownloaded from central: https://repo.maven.apache.org/maven2/org/apache/maven/plugins/maven-surefire-plugin/3.2.5/maven-surefire-plugin-3.2.5.pom (5.3 kB at 532 kB/s)\nDownloading from central: https://repo.maven.apache.org/maven2/org/apache/maven/surefire/surefire/3.2.5/surefire-3.2.5.pom\nProgress (1): 16/22 kB\rProgress (1): 22 kB   \r                   \rDownloaded from central: https://repo.maven.apache.org/maven2/org/apache/maven/surefire/surefire/3.2.5/surefire-3.2.5.pom (22 kB at 2.0 MB/s)\nDownloading from central: https://repo.maven.apache.org/maven2/org/apache/maven/maven-parent/41/maven-parent-41.pom\nProgress (1): 16/50 kB\rProgress (1): 33/50 kB\rProgress (1): 49/50 kB\rProgress (1): 50 kB   \r                   \rDownloaded from central: https://repo.maven.apache.org/maven2/org/apache/maven/maven-parent/41/maven-parent-41.pom (50 kB at 5.0 MB/s)\nDownloading from central: https://repo.maven.apache.org/maven2/org/apache/apache/31/apache-31.pom\nProgress (1): 16/24 kB\rProgress (1): 24 kB   \r                   \rDownloaded from central: https://repo.maven.apache.org/maven2/org/apache/apache/31/apache-31.pom (24 kB at 2.0 MB/s)\nDownloading from central: https://repo.maven.apache.org/maven2/org/junit/junit-bom/5.9.3/junit-bom-5.9.3.pom\nProgress (1): 5.6 kB\r                    \rDownloaded from central: https://repo.maven.apache.org/maven2/org/junit/junit-bom/5.9.3/junit-bom-5.9.3.pom (5.6 kB at 563 kB/s)\nDownloading from central: https://repo.maven.apache.org/maven2/org/apache/maven/plugins/maven-surefire-plugin/3.2.5/maven-surefire-plugin-3.2.5.jar\nProgress (1): 16/45 kB\rProgress (1): 33/45 kB\rProgress (1): 45 kB   \r                   \rDownloaded from central: https://repo.maven.apache.org/maven2/org/apache/maven/plugins/maven-surefire-plugin/3.2.5/maven-surefire-plugin-3.2.5.jar (45 kB at 3.7 MB/s)\nDownloading from central: https://repo.maven.apache.org/maven2/org/junit/jupiter/junit-jupiter/5.8.2/junit-jupiter-5.8.2.pom\nProgress (1): 3.2 kB\r                    \rDownloaded from central: https://repo.maven.apache.org/maven2/org/junit/jupiter/junit-jupiter/5.8.2/junit-jupiter-5.8.2.pom (3.2 kB at 356 kB/s)\nDownloading from central: https://repo.maven.apache.org/maven2/org/junit/junit-bom/5.8.2/junit-bom-5.8.2.pom\nProgress (1): 5.6 kB\r                    \rDownloaded from central: https://repo.maven.apache.org/maven2/org/junit/junit-bom/5.8.2/junit-bom-5.8.2.pom (5.6 kB at 469 kB/s)\nDownloading from central: https://repo.maven.apache.org/maven2/org/junit/jupiter/junit-jupiter-api/5.8.2/junit-jupiter-api-5.8.2.pom\nProgress (1): 3.2 kB\r                    \rDownloaded from central: https://repo.maven.apache.org/maven2/org/junit/jupiter/junit-jupiter-api/5.8.2/junit-jupiter-api-5.8.2.pom (3.2 kB at 227 kB/s)\nDownloading from central: https://repo.maven.apache.org/maven2/org/opentest4j/opentest4j/1.2.0/opentest4j-1.2.0.pom\nProgress (1): 1.7 kB\r                    \rDownloaded from central: https://repo.maven.apache.org/maven2/org/opentest4j/opentest4j/1.2.0/opentest4j-1.2.0.pom (1.7 kB at 153 kB/s)\nDownloading from central: https://repo.maven.apache.org/maven2/org/junit/platform/junit-platform-commons/1.8.2/junit-platform-commons-1.8.2.pom\nProgress (1): 2.8 kB\r                    \rDownloaded from central: https://repo.maven.apache.org/maven2/org/junit/platform/junit-platform-commons/1.8.2/junit-platform-commons-1.8.2.pom (2.8 kB at 283 kB/s)\nDownloading from central: https://repo.maven.apache.org/maven2/org/apiguardian/apiguardian-api/1.1.2/apiguardian-api-1.1.2.pom\nProgress (1): 1.5 kB\r                    \rDownloaded from central: https://repo.maven.apache.org/maven2/org/apiguardian/apiguardian-api/1.1.2/apiguardian-api-1.1.2.pom (1.5 kB at 76 kB/s)\nDownloading from central: https://repo.maven.apache.org/maven2/org/junit/jupiter/junit-jupiter-params/5.8.2/junit-jupiter-params-5.8.2.pom\nProgress (1): 3.0 kB\r                    \rDownloaded from central: https://repo.maven.apache.org/maven2/org/junit/jupiter/junit-jupiter-params/5.8.2/junit-jupiter-params-5.8.2.pom (3.0 kB at 177 kB/s)\nDownloading from central: https://repo.maven.apache.org/maven2/org/junit/jupiter/junit-jupiter-engine/5.8.2/junit-jupiter-engine-5.8.2.pom\nProgress (1): 3.2 kB\r                    \rDownloaded from central: https://repo.maven.apache.org/maven2/org/junit/jupiter/junit-jupiter-engine/5.8.2/junit-jupiter-engine-5.8.2.pom (3.2 kB at 320 kB/s)\nDownloading from central: https://repo.maven.apache.org/maven2/org/junit/platform/junit-platform-engine/1.8.2/junit-platform-engine-1.8.2.pom\nProgress (1): 3.2 kB\r                    \rDownloaded from central: https://repo.maven.apache.org/maven2/org/junit/platform/junit-platform-engine/1.8.2/junit-platform-engine-1.8.2.pom (3.2 kB at 320 kB/s)\nDownloading from central: https://repo.maven.apache.org/maven2/org/junit/jupiter/junit-jupiter/5.8.2/junit-jupiter-5.8.2.jar\nProgress (1): 6.4 kB\r                    \rDownloaded from central: https://repo.maven.apache.org/maven2/org/junit/jupiter/junit-jupiter/5.8.2/junit-jupiter-5.8.2.jar (6.4 kB at 707 kB/s)\nDownloading from central: https://repo.maven.apache.org/maven2/org/junit/jupiter/junit-jupiter-api/5.8.2/junit-jupiter-api-5.8.2.jar\nDownloading from central: https://repo.maven.apache.org/maven2/org/opentest4j/opentest4j/1.2.0/opentest4j-1.2.0.jar\nDownloading from central: https://repo.maven.apache.org/maven2/org/junit/platform/junit-platform-commons/1.8.2/junit-platform-commons-1.8.2.jar\nDownloading from central: https://repo.maven.apache.org/maven2/org/apiguardian/apiguardian-api/1.1.2/apiguardian-api-1.1.2.jar\nDownloading from central: https://repo.maven.apache.org/maven2/org/junit/jupiter/junit-jupiter-params/5.8.2/junit-jupiter-params-5.8.2.jar\nProgress (1): 16/194 kB\rProgress (1): 33/194 kB\rProgress (1): 49/194 kB\rProgress (1): 66/194 kB\rProgress (1): 82/194 kB\rProgress (1): 98/194 kB\rProgress (1): 115/194 kB\rProgress (1): 131/194 kB\rProgress (1): 147/194 kB\rProgress (1): 164/194 kB\rProgress (1): 180/194 kB\rProgress (1): 194 kB    \r                    \rDownloaded from central: https://repo.maven.apache.org/maven2/org/junit/jupiter/junit-jupiter-api/5.8.2/junit-jupiter-api-5.8.2.jar (194 kB at 6.0 MB/s)\nDownloading from central: https://repo.maven.apache.org/maven2/org/junit/jupiter/junit-jupiter-engine/5.8.2/junit-jupiter-engine-5.8.2.jar\nProgress (1): 1.4/100 kB\rProgress (1): 2.8/100 kB\rProgress (2): 2.8/100 kB | 16/230 kB\rProgress (2): 4.1/100 kB | 16/230 kB\rProgress (2): 5.5/100 kB | 16/230 kB\rProgress (2): 5.5/100 kB | 33/230 kB\rProgress (2): 6.9/100 kB | 33/230 kB\rProgress (2): 8.3/100 kB | 33/230 kB\rProgress (2): 8.3/100 kB | 49/230 kB\rProgress (2): 9.7/100 kB | 49/230 kB\rProgress (2): 11/100 kB | 49/230 kB \rProgress (2): 11/100 kB | 66/230 kB\rProgress (2): 12/100 kB | 66/230 kB\rProgress (2): 14/100 kB | 66/230 kB\rProgress (2): 14/100 kB | 82/230 kB\rProgress (2): 15/100 kB | 82/230 kB\rProgress (2): 15/100 kB | 98/230 kB\rProgress (2): 16/100 kB | 98/230 kB\rProgress (2): 16/100 kB | 115/230 kB\rProgress (2): 32/100 kB | 115/230 kB\rProgress (2): 32/100 kB | 131/230 kB\rProgress (2): 32/100 kB | 147/230 kB\rProgress (2): 32/100 kB | 164/230 kB\rProgress (2): 32/100 kB | 180/230 kB\rProgress (2): 32/100 kB | 197/230 kB\rProgress (2): 32/100 kB | 213/230 kB\rProgress (2): 49/100 kB | 213/230 kB\rProgress (2): 49/100 kB | 229/230 kB\rProgress (2): 49/100 kB | 230 kB    \r                                \rDownloaded from central: https://repo.maven.apache.org/maven2/org/junit/jupiter/junit-jupiter-engine/5.8.2/junit-jupiter-engine-5.8.2.jar (230 kB at 5.2 MB/s)\nDownloading from central: https://repo.maven.apache.org/maven2/org/junit/platform/junit-platform-engine/1.8.2/junit-platform-engine-1.8.2.jar\nProgress (1): 65/100 kB\rProgress (1): 81/100 kB\rProgress (1): 98/100 kB\rProgress (1): 100 kB   \r                    \rDownloaded from central: https://repo.maven.apache.org/maven2/org/junit/platform/junit-platform-commons/1.8.2/junit-platform-commons-1.8.2.jar (100 kB at 2.0 MB/s)\nProgress (1): 16/186 kB\rProgress (1): 32/186 kB\rProgress (1): 49/186 kB\rProgress (1): 65/186 kB\rProgress (1): 81/186 kB\rProgress (1): 98/186 kB\rProgress (1): 114/186 kB\rProgress (1): 130/186 kB\rProgress (1): 147/186 kB\rProgress (1): 163/186 kB\rProgress (1): 180/186 kB\rProgress (1): 186 kB    \r                    \rDownloaded from central: https://repo.maven.apache.org/maven2/org/junit/platform/junit-platform-engine/1.8.2/junit-platform-engine-1.8.2.jar (186 kB at 3.2 MB/s)\nProgress (1): 1.4/7.7 kB\rProgress (2): 1.4/7.7 kB | 1.4/577 kB\rProgress (2): 2.8/7.7 kB | 1.4/577 kB\rProgress (2): 2.8/7.7 kB | 2.8/577 kB\rProgress (2): 4.1/7.7 kB | 2.8/577 kB\rProgress (2): 4.1/7.7 kB | 4.1/577 kB\rProgress (2): 4.1/7.7 kB | 5.5/577 kB\rProgress (2): 5.5/7.7 kB | 5.5/577 kB\rProgress (3): 5.5/7.7 kB | 5.5/577 kB | 1.4/6.8 kB\rProgress (3): 5.5/7.7 kB | 6.9/577 kB | 1.4/6.8 kB\rProgress (3): 6.9/7.7 kB | 6.9/577 kB | 1.4/6.8 kB\rProgress (3): 6.9/7.7 kB | 6.9/577 kB | 2.8/6.8 kB\rProgress (3): 6.9/7.7 kB | 8.3/577 kB | 2.8/6.8 kB\rProgress (3): 6.9/7.7 kB | 8.3/577 kB | 4.1/6.8 kB\rProgress (3): 6.9/7.7 kB | 8.3/577 kB | 5.5/6.8 kB\rProgress (3): 6.9/7.7 kB | 8.3/577 kB | 6.8 kB    \rProgress (3): 7.7 kB | 8.3/577 kB | 6.8 kB    \rProgress (3): 7.7 kB | 9.7/577 kB | 6.8 kB\rProgress (3): 7.7 kB | 11/577 kB | 6.8 kB \r                                         \rDownloaded from central: https://repo.maven.apache.org/maven2/org/apiguardian/apiguardian-api/1.1.2/apiguardian-api-1.1.2.jar (6.8 kB at 90 kB/s)\nProgress (2): 7.7 kB | 12/577 kB\rProgress (2): 7.7 kB | 14/577 kB\r                                \rDownloaded from central: https://repo.maven.apache.org/maven2/org/opentest4j/opentest4j/1.2.0/opentest4j-1.2.0.jar (7.7 kB at 98 kB/s)\nProgress (1): 15/577 kB\rProgress (1): 16/577 kB\rProgress (1): 32/577 kB\rProgress (1): 49/577 kB\rProgress (1): 65/577 kB\rProgress (1): 81/577 kB\rProgress (1): 98/577 kB\rProgress (1): 114/577 kB\rProgress (1): 130/577 kB\rProgress (1): 147/577 kB\rProgress (1): 163/577 kB\rProgress (1): 180/577 kB\rProgress (1): 196/577 kB\rProgress (1): 212/577 kB\rProgress (1): 229/577 kB\rProgress (1): 245/577 kB\rProgress (1): 262/577 kB\rProgress (1): 278/577 kB\rProgress (1): 294/577 kB\rProgress (1): 311/577 kB\rProgress (1): 327/577 kB\rProgress (1): 343/577 kB\rProgress (1): 360/577 kB\rProgress (1): 376/577 kB\rProgress (1): 393/577 kB\rProgress (1): 402/577 kB\rProgress (1): 418/577 kB\rProgress (1): 435/577 kB\rProgress (1): 451/577 kB\rProgress (1): 468/577 kB\rProgress (1): 484/577 kB\rProgress (1): 500/577 kB\rProgress (1): 517/577 kB\rProgress (1): 533/577 kB\rProgress (1): 549/577 kB\rProgress (1): 566/577 kB\rProgress (1): 577 kB    \r                    \rDownloaded from central: https://repo.maven.apache.org/maven2/org/junit/jupiter/junit-jupiter-params/5.8.2/junit-jupiter-params-5.8.2.jar (577 kB at 6.0 MB/s)\n[INFO] \n[INFO] --- clean:3.2.0:clean (default-clean) @ test-java-plain ---\nDownloading from central: https://repo.maven.apache.org/maven2/org/apache/maven/shared/maven-shared-utils/3.3.4/maven-shared-utils-3.3.4.pom\nProgress (1): 5.8 kB\r                    \rDownloaded from central: https://repo.maven.apache.org/maven2/org/apache/maven/shared/maven-shared-utils/3.3.4/maven-shared-utils-3.3.4.pom (5.8 kB at 486 kB/s)\nDownloading from central: https://repo.maven.apache.org/maven2/org/apache/maven/shared/maven-shared-components/34/maven-shared-components-34.pom\nProgress (1): 5.1 kB\r                    \rDownloaded from central: https://repo.maven.apache.org/maven2/org/apache/maven/shared/maven-shared-components/34/maven-shared-components-34.pom (5.1 kB at 566 kB/s)\nDownloading from central: https://repo.maven.apache.org/maven2/commons-io/commons-io/2.6/commons-io-2.6.pom\nProgress (1): 14 kB\r                   \rDownloaded from central: https://repo.maven.apache.org/maven2/commons-io/commons-io/2.6/commons-io-2.6.pom (14 kB at 1.6 MB/s)\nDownloading from central: https://repo.maven.apache.org/maven2/org/apache/commons/commons-parent/42/commons-parent-42.pom\nProgress (1): 16/68 kB\rProgress (1): 32/68 kB\rProgress (1): 49/68 kB\rProgress (1): 65/68 kB\rProgress (1): 68 kB   \r                   \rDownloaded from central: https://repo.maven.apache.org/maven2/org/apache/commons/commons-parent/42/commons-parent-42.pom (68 kB at 5.7 MB/s)\nDownloading from central: https://repo.maven.apache.org/maven2/org/apache/apache/18/apache-18.pom\nProgress (1): 16 kB\r                   \rDownloaded from central: https://repo.maven.apache.org/maven2/org/apache/apache/18/apache-18.pom (16 kB at 1.6 MB/s)\nDownloading from central: https://repo.maven.apache.org/maven2/org/apache/maven/shared/maven-shared-utils/3.3.4/maven-shared-utils-3.3.4.jar\nProgress (1): 16/153 kB\rProgress (1): 32/153 kB\rProgress (1): 49/153 kB\rProgress (1): 65/153 kB\rProgress (1): 81/153 kB\rProgress (1): 98/153 kB\rProgress (1): 114/153 kB\rProgress (1): 130/153 kB\rProgress (1): 147/153 kB\rProgress (1): 153 kB    \r                    \rDownloaded from central: https://repo.maven.apache.org/maven2/org/apache/maven/shared/maven-shared-utils/3.3.4/maven-shared-utils-3.3.4.jar (153 kB at 13 MB/s)\nDownloading from central: https://repo.maven.apache.org/maven2/commons-io/commons-io/2.6/commons-io-2.6.jar\nProgress (1): 16/215 kB\rProgress (1): 33/215 kB\rProgress (1): 49/215 kB\rProgress (1): 66/215 kB\rProgress (1): 82/215 kB\rProgress (1): 98/215 kB\rProgress (1): 115/215 kB\rProgress (1): 131/215 kB\rProgress (1): 147/215 kB\rProgress (1): 164/215 kB\rProgress (1): 180/215 kB\rProgress (1): 197/215 kB\rProgress (1): 213/215 kB\rProgress (1): 215 kB    \r                    \rDownloaded from central: https://repo.maven.apache.org/maven2/commons-io/commons-io/2.6/commons-io-2.6.jar (215 kB at 15 MB/s)\n[INFO] \n[INFO] --- resources:3.3.0:resources (default-resources) @ test-java-plain ---\nDownloading from central: https://repo.maven.apache.org/maven2/org/codehaus/plexus/plexus-interpolation/1.26/plexus-interpolation-1.26.pom\nProgress (1): 2.7 kB\r                    \rDownloaded from central: https://repo.maven.apache.org/maven2/org/codehaus/plexus/plexus-interpolation/1.26/plexus-interpolation-1.26.pom (2.7 kB at 241 kB/s)\nDownloading from central: https://repo.maven.apache.org/maven2/org/codehaus/plexus/plexus/5.1/plexus-5.1.pom\nProgress (1): 16/23 kB\rProgress (1): 23 kB   \r                   \rDownloaded from central: https://repo.maven.apache.org/maven2/org/codehaus/plexus/plexus/5.1/plexus-5.1.pom (23 kB at 2.8 MB/s)\nDownloading from central: https://repo.maven.apache.org/maven2/org/apache/maven/shared/maven-filtering/3.3.0/maven-filtering-3.3.0.pom\nProgress (1): 6.9 kB\r                    \rDownloaded from central: https://repo.maven.apache.org/maven2/org/apache/maven/shared/maven-filtering/3.3.0/maven-filtering-3.3.0.pom (6.9 kB at 694 kB/s)\nDownloading from central: https://repo.maven.apache.org/maven2/org/apache/maven/shared/maven-shared-components/36/maven-shared-components-36.pom\nProgress (1): 4.9 kB\r                    \rDownloaded from central: https://repo.maven.apache.org/maven2/org/apache/maven/shared/maven-shared-components/36/maven-shared-components-36.pom (4.9 kB at 612 kB/s)\nDownloading from central: https://repo.maven.apache.org/maven2/javax/inject/javax.inject/1/javax.inject-1.pom\nProgress (1): 612 B\r                   \rDownloaded from central: https://repo.maven.apache.org/maven2/javax/inject/javax.inject/1/javax.inject-1.pom (612 B at 68 kB/s)\nDownloading from central: https://repo.maven.apache.org/maven2/org/slf4j/slf4j-api/1.7.36/slf4j-api-1.7.36.pom\nProgress (1): 2.7 kB\r                    \rDownloaded from central: https://repo.maven.apache.org/maven2/org/slf4j/slf4j-api/1.7.36/slf4j-api-1.7.36.pom (2.7 kB at 343 kB/s)\nDownloading from central: https://repo.maven.apache.org/maven2/org/slf4j/slf4j-parent/1.7.36/slf4j-parent-1.7.36.pom\nProgress (1): 14 kB\r                   \rDownloaded from central: https://repo.maven.apache.org/maven2/org/slf4j/slf4j-parent/1.7.36/slf4j-parent-1.7.36.pom (14 kB at 1.8 MB/s)\nDownloading from central: https://repo.maven.apache.org/maven2/org/sonatype/plexus/plexus-build-api/0.0.7/plexus-build-api-0.0.7.pom\nProgress (1): 3.2 kB\r                    \rDownloaded from central: https://repo.maven.apache.org/maven2/org/sonatype/plexus/plexus-build-api/0.0.7/plexus-build-api-0.0.7.pom (3.2 kB at 400 kB/s)\nDownloading from central: https://repo.maven.apache.org/maven2/org/sonatype/spice/spice-parent/15/spice-parent-15.pom\nProgress (1): 8.4 kB\r                    \rDownloaded from central: https://repo.maven.apache.org/maven2/org/sonatype/spice/spice-parent/15/spice-parent-15.pom (8.4 kB at 1.0 MB/s)\nDownloading from central: https://repo.maven.apache.org/maven2/org/sonatype/forge/forge-parent/5/forge-parent-5.pom\nProgress (1): 8.4 kB\r                    \rDownloaded from central: https://repo.maven.apache.org/maven2/org/sonatype/forge/forge-parent/5/forge-parent-5.pom (8.4 kB at 1.0 MB/s)\nDownloading from central: https://repo.maven.apache.org/maven2/org/codehaus/plexus/plexus-utils/3.3.0/plexus-utils-3.3.0.pom\nProgress (1): 5.2 kB\r                    \rDownloaded from central: https://repo.maven.apache.org/maven2/org/codehaus/plexus/plexus-utils/3.3.0/plexus-utils-3.3.0.pom (5.2 kB at 648 kB/s)\nDownloading from central: https://repo.maven.apache.org/maven2/commons-io/commons-io/2.11.0/commons-io-2.11.0.pom\nProgress (1): 16/20 kB\rProgress (1): 20 kB   \r                   \rDownloaded from central: https://repo.maven.apache.org/maven2/commons-io/commons-io/2.11.0/commons-io-2.11.0.pom (20 kB at 2.0 MB/s)\nDownloading from central: https://repo.maven.apache.org/maven2/org/apache/commons/commons-parent/52/commons-parent-52.pom\nProgress (1): 16/79 kB\rProgress (1): 32/79 kB\rProgress (1): 49/79 kB\rProgress (1): 65/79 kB\rProgress (1): 79 kB   \r                   \rDownloaded from central: https://repo.maven.apache.org/maven2/org/apache/commons/commons-parent/52/commons-parent-52.pom (79 kB at 7.9 MB/s)\nDownloading from central: https://repo.maven.apache.org/maven2/org/junit/junit-bom/5.7.2/junit-bom-5.7.2.pom\nProgress (1): 5.1 kB\r                    \rDownloaded from central: https://repo.maven.apache.org/maven2/org/junit/junit-bom/5.7.2/junit-bom-5.7.2.pom (5.1 kB at 510 kB/s)\nDownloading from central: https://repo.maven.apache.org/maven2/org/apache/commons/commons-lang3/3.12.0/commons-lang3-3.12.0.pom\nProgress (1): 16/31 kB\rProgress (1): 31 kB   \r                   \rDownloaded from central: https://repo.maven.apache.org/maven2/org/apache/commons/commons-lang3/3.12.0/commons-lang3-3.12.0.pom (31 kB at 3.1 MB/s)\nDownloading from central: https://repo.maven.apache.org/maven2/org/junit/junit-bom/5.7.1/junit-bom-5.7.1.pom\nProgress (1): 5.1 kB\r                    \rDownloaded from central: https://repo.maven.apache.org/maven2/org/junit/junit-bom/5.7.1/junit-bom-5.7.1.pom (5.1 kB at 566 kB/s)\nDownloading from central: https://repo.maven.apache.org/maven2/org/codehaus/plexus/plexus-interpolation/1.26/plexus-interpolation-1.26.jar\nProgress (1): 16/85 kB\rProgress (1): 32/85 kB\rProgress (1): 49/85 kB\rProgress (1): 65/85 kB\rProgress (1): 81/85 kB\rProgress (1): 85 kB   \r                   \rDownloaded from central: https://repo.maven.apache.org/maven2/org/codehaus/plexus/plexus-interpolation/1.26/plexus-interpolation-1.26.jar (85 kB at 7.8 MB/s)\nDownloading from central: https://repo.maven.apache.org/maven2/org/apache/maven/shared/maven-filtering/3.3.0/maven-filtering-3.3.0.jar\nDownloading from central: https://repo.maven.apache.org/maven2/javax/inject/javax.inject/1/javax.inject-1.jar\nDownloading from central: https://repo.maven.apache.org/maven2/org/slf4j/slf4j-api/1.7.36/slf4j-api-1.7.36.jar\nDownloading from central: https://repo.maven.apache.org/maven2/org/sonatype/plexus/plexus-build-api/0.0.7/plexus-build-api-0.0.7.jar\nDownloading from central: https://repo.maven.apache.org/maven2/org/codehaus/plexus/plexus-utils/3.3.0/plexus-utils-3.3.0.jar\nProgress (1): 2.5 kB\rProgress (2): 2.5 kB | 1.4/55 kB\rProgress (2): 2.5 kB | 2.8/55 kB\rProgress (2): 2.5 kB | 4.1/55 kB\r                                \rDownloaded from central: https://repo.maven.apache.org/maven2/javax/inject/javax.inject/1/javax.inject-1.jar (2.5 kB at 277 kB/s)\nProgress (1): 5.5/55 kB\r                       \rDownloading from central: https://repo.maven.apache.org/maven2/commons-io/commons-io/2.11.0/commons-io-2.11.0.jar\nProgress (1): 6.9/55 kB\rProgress (1): 8.3/55 kB\rProgress (1): 9.7/55 kB\rProgress (1): 11/55 kB \rProgress (1): 12/55 kB\rProgress (1): 14/55 kB\rProgress (1): 15/55 kB\rProgress (1): 16/55 kB\rProgress (2): 16/55 kB | 8.5 kB\rProgress (2): 17/55 kB | 8.5 kB\rProgress (3): 17/55 kB | 8.5 kB | 1.4/41 kB\r                                           \rDownloaded from central: https://repo.maven.apache.org/maven2/org/sonatype/plexus/plexus-build-api/0.0.7/plexus-build-api-0.0.7.jar (8.5 kB at 771 kB/s)\nProgress (2): 19/55 kB | 1.4/41 kB\r                                  \rDownloading from central: https://repo.maven.apache.org/maven2/org/apache/commons/commons-lang3/3.12.0/commons-lang3-3.12.0.jar\nProgress (2): 19/55 kB | 2.8/41 kB\rProgress (2): 20/55 kB | 2.8/41 kB\rProgress (2): 21/55 kB | 2.8/41 kB\rProgress (2): 21/55 kB | 4.1/41 kB\rProgress (2): 23/55 kB | 4.1/41 kB\rProgress (2): 23/55 kB | 5.5/41 kB\rProgress (2): 24/55 kB | 5.5/41 kB\rProgress (2): 24/55 kB | 6.9/41 kB\rProgress (2): 25/55 kB | 6.9/41 kB\rProgress (2): 25/55 kB | 8.3/41 kB\rProgress (3): 25/55 kB | 8.3/41 kB | 16/263 kB\rProgress (3): 25/55 kB | 9.7/41 kB | 16/263 kB\rProgress (3): 27/55 kB | 9.7/41 kB | 16/263 kB\rProgress (3): 27/55 kB | 11/41 kB | 16/263 kB \rProgress (3): 27/55 kB | 11/41 kB | 33/263 kB\rProgress (3): 28/55 kB | 11/41 kB | 33/263 kB\rProgress (3): 28/55 kB | 12/41 kB | 33/263 kB\rProgress (3): 30/55 kB | 12/41 kB | 33/263 kB\rProgress (3): 30/55 kB | 14/41 kB | 33/263 kB\rProgress (3): 30/55 kB | 14/41 kB | 49/263 kB\rProgress (3): 31/55 kB | 14/41 kB | 49/263 kB\rProgress (3): 31/55 kB | 15/41 kB | 49/263 kB\rProgress (3): 32/55 kB | 15/41 kB | 49/263 kB\rProgress (3): 32/55 kB | 17/41 kB | 49/263 kB\rProgress (3): 34/55 kB | 17/41 kB | 49/263 kB\rProgress (3): 34/55 kB | 17/41 kB | 64/263 kB\rProgress (3): 35/55 kB | 17/41 kB | 64/263 kB\rProgress (3): 35/55 kB | 18/41 kB | 64/263 kB\rProgress (3): 36/55 kB | 18/41 kB | 64/263 kB\rProgress (3): 36/55 kB | 19/41 kB | 64/263 kB\rProgress (3): 38/55 kB | 19/41 kB | 64/263 kB\rProgress (3): 38/55 kB | 19/41 kB | 80/263 kB\rProgress (3): 38/55 kB | 21/41 kB | 80/263 kB\rProgress (3): 38/55 kB | 22/41 kB | 80/263 kB\rProgress (3): 38/55 kB | 23/41 kB | 80/263 kB\rProgress (3): 39/55 kB | 23/41 kB | 80/263 kB\rProgress (3): 39/55 kB | 25/41 kB | 80/263 kB\rProgress (3): 39/55 kB | 25/41 kB | 96/263 kB\rProgress (3): 41/55 kB | 25/41 kB | 96/263 kB\rProgress (3): 41/55 kB | 26/41 kB | 96/263 kB\rProgress (3): 41/55 kB | 28/41 kB | 96/263 kB\rProgress (3): 41/55 kB | 28/41 kB | 113/263 kB\rProgress (3): 42/55 kB | 28/41 kB | 113/263 kB\rProgress (3): 42/55 kB | 29/41 kB | 113/263 kB\rProgress (3): 42/55 kB | 30/41 kB | 113/263 kB\rProgress (3): 43/55 kB | 30/41 kB | 113/263 kB\rProgress (3): 43/55 kB | 30/41 kB | 121/263 kB\rProgress (3): 43/55 kB | 32/41 kB | 121/263 kB\rProgress (3): 45/55 kB | 32/41 kB | 121/263 kB\rProgress (3): 45/55 kB | 33/41 kB | 121/263 kB\rProgress (3): 45/55 kB | 33/41 kB | 129/263 kB\rProgress (3): 46/55 kB | 33/41 kB | 129/263 kB\rProgress (3): 48/55 kB | 33/41 kB | 129/263 kB\rProgress (3): 49/55 kB | 33/41 kB | 129/263 kB\rProgress (3): 50/55 kB | 33/41 kB | 129/263 kB\rProgress (3): 50/55 kB | 34/41 kB | 129/263 kB\rProgress (3): 50/55 kB | 36/41 kB | 129/263 kB\rProgress (3): 50/55 kB | 37/41 kB | 129/263 kB\rProgress (3): 50/55 kB | 39/41 kB | 129/263 kB\rProgress (3): 52/55 kB | 39/41 kB | 129/263 kB\rProgress (3): 53/55 kB | 39/41 kB | 129/263 kB\rProgress (3): 54/55 kB | 39/41 kB | 129/263 kB\rProgress (3): 55 kB | 39/41 kB | 129/263 kB   \rProgress (3): 55 kB | 39/41 kB | 145/263 kB\r                                           \rDownloaded from central: https://repo.maven.apache.org/maven2/org/apache/maven/shared/maven-filtering/3.3.0/maven-filtering-3.3.0.jar (55 kB at 3.3 MB/s)\nProgress (2): 40/41 kB | 145/263 kB\rProgress (3): 40/41 kB | 145/263 kB | 16/327 kB\rProgress (3): 40/41 kB | 145/263 kB | 33/327 kB\rProgress (3): 41 kB | 145/263 kB | 33/327 kB   \rProgress (3): 41 kB | 145/263 kB | 49/327 kB\rProgress (3): 41 kB | 145/263 kB | 66/327 kB\r                                            \rDownloaded from central: https://repo.maven.apache.org/maven2/org/slf4j/slf4j-api/1.7.36/slf4j-api-1.7.36.jar (41 kB at 2.4 MB/s)\nProgress (2): 145/263 kB | 82/327 kB\rProgress (2): 162/263 kB | 82/327 kB\rProgress (2): 162/263 kB | 98/327 kB\rProgress (2): 178/263 kB | 98/327 kB\rProgress (2): 178/263 kB | 115/327 kB\rProgress (2): 195/263 kB | 115/327 kB\rProgress (2): 195/263 kB | 131/327 kB\rProgress (2): 211/263 kB | 131/327 kB\rProgress (2): 211/263 kB | 147/327 kB\rProgress (2): 211/263 kB | 164/327 kB\rProgress (2): 211/263 kB | 180/327 kB\rProgress (2): 211/263 kB | 197/327 kB\rProgress (2): 211/263 kB | 213/327 kB\rProgress (2): 227/263 kB | 213/327 kB\rProgress (2): 227/263 kB | 229/327 kB\rProgress (3): 227/263 kB | 229/327 kB | 16/587 kB\rProgress (3): 244/263 kB | 229/327 kB | 16/587 kB\rProgress (3): 244/263 kB | 246/327 kB | 16/587 kB\rProgress (3): 260/263 kB | 246/327 kB | 16/587 kB\rProgress (3): 260/263 kB | 262/327 kB | 16/587 kB\rProgress (3): 263 kB | 262/327 kB | 16/587 kB    \rProgress (3): 263 kB | 262/327 kB | 33/587 kB\rProgress (3): 263 kB | 279/327 kB | 33/587 kB\rProgress (3): 263 kB | 279/327 kB | 49/587 kB\rProgress (3): 263 kB | 295/327 kB | 49/587 kB\r                                             \rDownloaded from central: https://repo.maven.apache.org/maven2/org/codehaus/plexus/plexus-utils/3.3.0/plexus-utils-3.3.0.jar (263 kB at 13 MB/s)\nProgress (2): 295/327 kB | 66/587 kB\rProgress (2): 311/327 kB | 66/587 kB\rProgress (2): 311/327 kB | 82/587 kB\rProgress (2): 327 kB | 82/587 kB    \rProgress (2): 327 kB | 98/587 kB\rProgress (2): 327 kB | 115/587 kB\rProgress (2): 327 kB | 131/587 kB\rProgress (2): 327 kB | 147/587 kB\r                                 \rDownloaded from central: https://repo.maven.apache.org/maven2/commons-io/commons-io/2.11.0/commons-io-2.11.0.jar (327 kB at 15 MB/s)\nProgress (1): 164/587 kB\rProgress (1): 180/587 kB\rProgress (1): 197/587 kB\rProgress (1): 213/587 kB\rProgress (1): 229/587 kB\rProgress (1): 246/587 kB\rProgress (1): 256/587 kB\rProgress (1): 272/587 kB\rProgress (1): 289/587 kB\rProgress (1): 305/587 kB\rProgress (1): 321/587 kB\rProgress (1): 338/587 kB\rProgress (1): 354/587 kB\rProgress (1): 370/587 kB\rProgress (1): 387/587 kB\rProgress (1): 403/587 kB\rProgress (1): 420/587 kB\rProgress (1): 436/587 kB\rProgress (1): 452/587 kB\rProgress (1): 469/587 kB\rProgress (1): 485/587 kB\rProgress (1): 502/587 kB\rProgress (1): 518/587 kB\rProgress (1): 534/587 kB\rProgress (1): 551/587 kB\rProgress (1): 567/587 kB\rProgress (1): 583/587 kB\rProgress (1): 587 kB    \r                    \rDownloaded from central: https://repo.maven.apache.org/maven2/org/apache/commons/commons-lang3/3.12.0/commons-lang3-3.12.0.jar (587 kB at 21 MB/s)\n[WARNING] Using platform encoding (ANSI_X3.4-1968 actually) to copy filtered resources, i.e. build is platform dependent!\n[INFO] skip non existing resourceDirectory /tmp/eval-dev-quality3705907841/plain/src/main/resources\n[INFO] \n[INFO] --- compiler:3.10.1:compile (default-compile) @ test-java-plain ---\nDownloading from central: https://repo.maven.apache.org/maven2/org/apache/maven/shared/maven-shared-incremental/1.1/maven-shared-incremental-1.1.pom\nProgress (1): 4.7 kB\r                    \rDownloaded from central: https://repo.maven.apache.org/maven2/org/apache/maven/shared/maven-shared-incremental/1.1/maven-shared-incremental-1.1.pom (4.7 kB at 677 kB/s)\nDownloading from central: https://repo.maven.apache.org/maven2/org/apache/maven/shared/maven-shared-components/19/maven-shared-components-19.pom\nProgress (1): 6.4 kB\r                    \rDownloaded from central: https://repo.maven.apache.org/maven2/org/apache/maven/shared/maven-shared-components/19/maven-shared-components-19.pom (6.4 kB at 908 kB/s)\nDownloading from central: https://repo.maven.apache.org/maven2/org/apache/maven/maven-parent/23/maven-parent-23.pom\nProgress (1): 16/33 kB\rProgress (1): 33 kB   \r                   \rDownloaded from central: https://repo.maven.apache.org/maven2/org/apache/maven/maven-parent/23/maven-parent-23.pom (33 kB at 4.1 MB/s)\nDownloading from central: https://repo.maven.apache.org/maven2/org/apache/apache/13/apache-13.pom\nProgress (1): 14 kB\r                   \rDownloaded from central: https://repo.maven.apache.org/maven2/org/apache/apache/13/apache-13.pom (14 kB at 1.7 MB/s)\nDownloading from central: https://repo.maven.apache.org/maven2/org/codehaus/plexus/plexus-component-annotations/2.0.0/plexus-component-annotations-2.0.0.pom\nProgress (1): 750 B\r                   \rDownloaded from central: https://repo.maven.apache.org/maven2/org/codehaus/plexus/plexus-component-annotations/2.0.0/plexus-component-annotations-2.0.0.pom (750 B at 94 kB/s)\nDownloading from central: https://repo.maven.apache.org/maven2/org/codehaus/plexus/plexus-containers/2.0.0/plexus-containers-2.0.0.pom\nProgress (1): 4.8 kB\r                    \rDownloaded from central: https://repo.maven.apache.org/maven2/org/codehaus/plexus/plexus-containers/2.0.0/plexus-containers-2.0.0.pom (4.8 kB at 686 kB/s)\nDownloading from central: https://repo.maven.apache.org/maven2/org/codehaus/plexus/plexus-java/1.1.1/plexus-java-1.1.1.pom\nProgress (1): 5.0 kB\r                    \rDownloaded from central: https://repo.maven.apache.org/maven2/org/codehaus/plexus/plexus-java/1.1.1/plexus-java-1.1.1.pom (5.0 kB at 710 kB/s)\nDownloading from central: https://repo.maven.apache.org/maven2/org/codehaus/plexus/plexus-languages/1.1.1/plexus-languages-1.1.1.pom\nProgress (1): 4.6 kB\r                    \rDownloaded from central: https://repo.maven.apache.org/maven2/org/codehaus/plexus/plexus-languages/1.1.1/plexus-languages-1.1.1.pom (4.6 kB at 659 kB/s)\nDownloading from central: https://repo.maven.apache.org/maven2/org/codehaus/plexus/plexus/8/plexus-8.pom\nProgress (1): 16/25 kB\rProgress (1): 25 kB   \r                   \rDownloaded from central: https://repo.maven.apache.org/maven2/org/codehaus/plexus/plexus/8/plexus-8.pom (25 kB at 3.6 MB/s)\nDownloading from central: https://repo.maven.apache.org/maven2/org/ow2/asm/asm/9.2/asm-9.2.pom\nProgress (1): 2.4 kB\r                    \rDownloaded from central: https://repo.maven.apache.org/maven2/org/ow2/asm/asm/9.2/asm-9.2.pom (2.4 kB at 296 kB/s)\nDownloading from central: https://repo.maven.apache.org/maven2/org/ow2/ow2/1.5/ow2-1.5.pom\nProgress (1): 11 kB\r                   \rDownloaded from central: https://repo.maven.apache.org/maven2/org/ow2/ow2/1.5/ow2-1.5.pom (11 kB at 1.4 MB/s)\nDownloading from central: https://repo.maven.apache.org/maven2/com/thoughtworks/qdox/qdox/2.0.1/qdox-2.0.1.pom\nProgress (1): 16 kB\r                   \rDownloaded from central: https://repo.maven.apache.org/maven2/com/thoughtworks/qdox/qdox/2.0.1/qdox-2.0.1.pom (16 kB at 2.0 MB/s)\nDownloading from central: https://repo.maven.apache.org/maven2/org/sonatype/oss/oss-parent/9/oss-parent-9.pom\nProgress (1): 6.6 kB\r                    \rDownloaded from central: https://repo.maven.apache.org/maven2/org/sonatype/oss/oss-parent/9/oss-parent-9.pom (6.6 kB at 821 kB/s)\nDownloading from central: https://repo.maven.apache.org/maven2/org/codehaus/plexus/plexus-compiler-api/2.11.1/plexus-compiler-api-2.11.1.pom\nProgress (1): 1.1 kB\r                    \rDownloaded from central: https://repo.maven.apache.org/maven2/org/codehaus/plexus/plexus-compiler-api/2.11.1/plexus-compiler-api-2.11.1.pom (1.1 kB at 132 kB/s)\nDownloading from central: https://repo.maven.apache.org/maven2/org/codehaus/plexus/plexus-compiler/2.11.1/plexus-compiler-2.11.1.pom\nProgress (1): 8.1 kB\r                    \rDownloaded from central: https://repo.maven.apache.org/maven2/org/codehaus/plexus/plexus-compiler/2.11.1/plexus-compiler-2.11.1.pom (8.1 kB at 902 kB/s)\nDownloading from central: https://repo.maven.apache.org/maven2/org/codehaus/plexus/plexus-components/6.6/plexus-components-6.6.pom\nProgress (1): 2.7 kB\r                    \rDownloaded from central: https://repo.maven.apache.org/maven2/org/codehaus/plexus/plexus-components/6.6/plexus-components-6.6.pom (2.7 kB at 382 kB/s)\nDownloading from central: https://repo.maven.apache.org/maven2/org/codehaus/plexus/plexus-utils/3.4.1/plexus-utils-3.4.1.pom\nProgress (1): 8.0 kB\r                    \rDownloaded from central: https://repo.maven.apache.org/maven2/org/codehaus/plexus/plexus-utils/3.4.1/plexus-utils-3.4.1.pom (8.0 kB at 995 kB/s)\nDownloading from central: https://repo.maven.apache.org/maven2/org/codehaus/plexus/plexus-compiler-manager/2.11.1/plexus-compiler-manager-2.11.1.pom\nProgress (1): 1.1 kB\r                    \rDownloaded from central: https://repo.maven.apache.org/maven2/org/codehaus/plexus/plexus-compiler-manager/2.11.1/plexus-compiler-manager-2.11.1.pom (1.1 kB at 142 kB/s)\nDownloading from central: https://repo.maven.apache.org/maven2/org/codehaus/plexus/plexus-compiler-javac/2.11.1/plexus-compiler-javac-2.11.1.pom\nProgress (1): 1.2 kB\r                    \rDownloaded from central: https://repo.maven.apache.org/maven2/org/codehaus/plexus/plexus-compiler-javac/2.11.1/plexus-compiler-javac-2.11.1.pom (1.2 kB at 150 kB/s)\nDownloading from central: https://repo.maven.apache.org/maven2/org/codehaus/plexus/plexus-compilers/2.11.1/plexus-compilers-2.11.1.pom\nProgress (1): 1.3 kB\r                    \rDownloaded from central: https://repo.maven.apache.org/maven2/org/codehaus/plexus/plexus-compilers/2.11.1/plexus-compilers-2.11.1.pom (1.3 kB at 189 kB/s)\nDownloading from central: https://repo.maven.apache.org/maven2/org/apache/maven/shared/maven-shared-incremental/1.1/maven-shared-incremental-1.1.jar\nProgress (1): 14 kB\r                   \rDownloaded from central: https://repo.maven.apache.org/maven2/org/apache/maven/shared/maven-shared-incremental/1.1/maven-shared-incremental-1.1.jar (14 kB at 1.9 MB/s)\nDownloading from central: https://repo.maven.apache.org/maven2/org/codehaus/plexus/plexus-component-annotations/2.0.0/plexus-component-annotations-2.0.0.jar\nDownloading from central: https://repo.maven.apache.org/maven2/org/codehaus/plexus/plexus-java/1.1.1/plexus-java-1.1.1.jar\nDownloading from central: https://repo.maven.apache.org/maven2/org/ow2/asm/asm/9.2/asm-9.2.jar\nDownloading from central: https://repo.maven.apache.org/maven2/com/thoughtworks/qdox/qdox/2.0.1/qdox-2.0.1.jar\nDownloading from central: https://repo.maven.apache.org/maven2/org/codehaus/plexus/plexus-compiler-api/2.11.1/plexus-compiler-api-2.11.1.jar\nProgress (1): 4.2 kB\rProgress (2): 4.2 kB | 16/27 kB\r                               \rDownloaded from central: https://repo.maven.apache.org/maven2/org/codehaus/plexus/plexus-component-annotations/2.0.0/plexus-component-annotations-2.0.0.jar (4.2 kB at 470 kB/s)\nDownloading from central: https://repo.maven.apache.org/maven2/org/codehaus/plexus/plexus-utils/3.4.1/plexus-utils-3.4.1.jar\nProgress (1): 27 kB\rProgress (2): 27 kB | 16/54 kB\r                              \rDownloaded from central: https://repo.maven.apache.org/maven2/org/codehaus/plexus/plexus-compiler-api/2.11.1/plexus-compiler-api-2.11.1.jar (27 kB at 3.4 MB/s)\nDownloading from central: https://repo.maven.apache.org/maven2/org/codehaus/plexus/plexus-compiler-manager/2.11.1/plexus-compiler-manager-2.11.1.jar\nProgress (1): 33/54 kB\rProgress (2): 33/54 kB | 16/122 kB\rProgress (2): 49/54 kB | 16/122 kB\rProgress (2): 54 kB | 16/122 kB   \rProgress (2): 54 kB | 33/122 kB\rProgress (3): 54 kB | 33/122 kB | 16/334 kB\r                                           \rDownloaded from central: https://repo.maven.apache.org/maven2/org/codehaus/plexus/plexus-java/1.1.1/plexus-java-1.1.1.jar (54 kB at 5.4 MB/s)\nDownloading from central: https://repo.maven.apache.org/maven2/org/codehaus/plexus/plexus-compiler-javac/2.11.1/plexus-compiler-javac-2.11.1.jar\nProgress (2): 33/122 kB | 33/334 kB\rProgress (2): 49/122 kB | 33/334 kB\rProgress (2): 49/122 kB | 49/334 kB\rProgress (2): 66/122 kB | 49/334 kB\rProgress (2): 66/122 kB | 66/334 kB\rProgress (2): 66/122 kB | 82/334 kB\rProgress (2): 82/122 kB | 82/334 kB\rProgress (2): 98/122 kB | 82/334 kB\rProgress (3): 98/122 kB | 82/334 kB | 16/264 kB\rProgress (3): 98/122 kB | 82/334 kB | 33/264 kB\rProgress (3): 98/122 kB | 82/334 kB | 49/264 kB\rProgress (3): 98/122 kB | 98/334 kB | 49/264 kB\rProgress (3): 98/122 kB | 98/334 kB | 64/264 kB\rProgress (3): 98/122 kB | 98/334 kB | 81/264 kB\rProgress (4): 98/122 kB | 98/334 kB | 81/264 kB | 4.7 kB\rProgress (4): 98/122 kB | 98/334 kB | 97/264 kB | 4.7 kB\rProgress (4): 115/122 kB | 98/334 kB | 97/264 kB | 4.7 kB\rProgress (4): 115/122 kB | 98/334 kB | 113/264 kB | 4.7 kB\r                                                          \rDownloaded from central: https://repo.maven.apache.org/maven2/org/codehaus/plexus/plexus-compiler-manager/2.11.1/plexus-compiler-manager-2.11.1.jar (4.7 kB at 310 kB/s)\nProgress (3): 115/122 kB | 98/334 kB | 130/264 kB\rProgress (3): 115/122 kB | 98/334 kB | 146/264 kB\rProgress (3): 115/122 kB | 98/334 kB | 163/264 kB\rProgress (3): 115/122 kB | 98/334 kB | 179/264 kB\rProgress (3): 122 kB | 98/334 kB | 179/264 kB    \rProgress (3): 122 kB | 98/334 kB | 195/264 kB\rProgress (3): 122 kB | 98/334 kB | 212/264 kB\rProgress (3): 122 kB | 115/334 kB | 212/264 kB\rProgress (3): 122 kB | 115/334 kB | 228/264 kB\rProgress (4): 122 kB | 115/334 kB | 228/264 kB | 16/23 kB\rProgress (4): 122 kB | 115/334 kB | 244/264 kB | 16/23 kB\rProgress (4): 122 kB | 115/334 kB | 244/264 kB | 23 kB   \rProgress (4): 122 kB | 131/334 kB | 244/264 kB | 23 kB\rProgress (4): 122 kB | 131/334 kB | 261/264 kB | 23 kB\r                                                      \rDownloaded from central: https://repo.maven.apache.org/maven2/org/ow2/asm/asm/9.2/asm-9.2.jar (122 kB at 6.8 MB/s)\nProgress (3): 131/334 kB | 264 kB | 23 kB\r                                         \rDownloaded from central: https://repo.maven.apache.org/maven2/org/codehaus/plexus/plexus-compiler-javac/2.11.1/plexus-compiler-javac-2.11.1.jar (23 kB at 1.3 MB/s)\nProgress (2): 147/334 kB | 264 kB\r                                 \rDownloaded from central: https://repo.maven.apache.org/maven2/org/codehaus/plexus/plexus-utils/3.4.1/plexus-utils-3.4.1.jar (264 kB at 15 MB/s)\nProgress (1): 164/334 kB\rProgress (1): 180/334 kB\rProgress (1): 197/334 kB\rProgress (1): 213/334 kB\rProgress (1): 229/334 kB\rProgress (1): 246/334 kB\rProgress (1): 256/334 kB\rProgress (1): 272/334 kB\rProgress (1): 289/334 kB\rProgress (1): 305/334 kB\rProgress (1): 321/334 kB\rProgress (1): 334 kB    \r                    \rDownloaded from central: https://repo.maven.apache.org/maven2/com/thoughtworks/qdox/qdox/2.0.1/qdox-2.0.1.jar (334 kB at 11 MB/s)\n[INFO] Changes detected - recompiling the module!\n[WARNING] File encoding has not been set, using platform encoding ANSI_X3.4-1968, i.e. build is platform dependent!\n[INFO] Compiling 1 source file to /tmp/eval-dev-quality3705907841/plain/target/classes\n[INFO] \n[INFO] --- resources:3.3.0:resources (default-resources) @ test-java-plain ---\n[WARNING] Using platform encoding (ANSI_X3.4-1968 actually) to copy filtered resources, i.e. build is platform dependent!\n[INFO] skip non existing resourceDirectory /tmp/eval-dev-quality3705907841/plain/src/main/resources\n[INFO] \n[INFO] --- compiler:3.10.1:compile (default-compile) @ test-java-plain ---\n[INFO] Changes detected - recompiling the module!\n[WARNING] File encoding has not been set, using platform encoding ANSI_X3.4-1968, i.e. build is platform dependent!\n[INFO] Compiling 1 source file to /tmp/eval-dev-quality3705907841/plain/target/classes\n[INFO] \n[INFO] --- resources:3.3.0:testResources (default-testResources) @ test-java-plain ---\n[WARNING] Using platform encoding (ANSI_X3.4-1968 actually) to copy filtered resources, i.e. build is platform dependent!\n[INFO] skip non existing resourceDirectory /tmp/eval-dev-quality3705907841/plain/src/test/resources\n[INFO] \n[INFO] --- compiler:3.10.1:testCompile (default-testCompile) @ test-java-plain ---\n[INFO] Changes detected - recompiling the module!\n[WARNING] File encoding has not been set, using platform encoding ANSI_X3.4-1968, i.e. build is platform dependent!\n[INFO] Compiling 1 source file to /tmp/eval-dev-quality3705907841/plain/target/test-classes\n[INFO] -------------------------------------------------------------\n[ERROR] COMPILATION ERROR : \n[INFO] -------------------------------------------------------------\n[ERROR] /tmp/eval-dev-quality3705907841/plain/src/test/java/com/eval/PlainTest.java:[1,16] com.eval.Plain is not public in com.eval; cannot be accessed from outside package\n[ERROR] /tmp/eval-dev-quality3705907841/plain/src/test/java/com/eval/PlainTest.java:[8,9] com.eval.Plain is not public in com.eval; cannot be accessed from outside package\n[INFO] 2 errors \n[INFO] -------------------------------------------------------------\n[INFO] ------------------------------------------------------------------------\n[INFO] BUILD FAILURE\n[INFO] ------------------------------------------------------------------------\n[INFO] Total time:  3.878 s\n[INFO] Finished at: 2024-06-19T10:01:51Z\n[INFO] ------------------------------------------------------------------------\n[ERROR] Failed to execute goal org.apache.maven.plugins:maven-compiler-plugin:3.10.1:testCompile (default-testCompile) on project test-java-plain: Compilation failure: Compilation failure: \n[ERROR] /tmp/eval-dev-quality3705907841/plain/src/test/java/com/eval/PlainTest.java:[1,16] com.eval.Plain is not public in com.eval; cannot be accessed from outside package\n[ERROR] /tmp/eval-dev-quality3705907841/plain/src/test/java/com/eval/PlainTest.java:[8,9] com.eval.Plain is not public in com.eval; cannot be accessed from outside package\n[ERROR] -> [Help 1]\n[ERROR] \n[ERROR] To see the full stack trace of the errors, re-run Maven with the -e switch.\n[ERROR] Re-run Maven using the -X switch to enable full debug logging.\n[ERROR] \n[ERROR] For more information about the errors and possible solutions, please read the following articles:\n[ERROR] [Help 1] http://cwiki.apache.org/confluence/display/MAVEN/MojoFailureException\n",
}
Stacktrace: goroutine 1 [running]:
gitlab.nethead.at/symflower/symflower/model/errors.NewInternalError({0x1f42da0?, 0xc00079a240}, {0xffa8c0?, 0xc0005e7860})
	gitlab.nethead.at/symflower/symflower/model/errors/error.go:850 +0x59
gitlab.nethead.at/symflower/symflower/language/java/execute.MavenDependencyCommand.func1()
	gitlab.nethead.at/symflower/symflower/language/java/execute/maven.go:80 +0x1ef
github.com/avast/retry-go.Do(0xc0007978b8, {0xc0007978a0, 0x3, 0x418c94?})
	github.com/avast/retry-go/retry.go:135 +0x5a3
gitlab.nethead.at/symflower/symflower/language/java/execute.MavenDependencyCommand({0xc0006dbf80, 0x26}, 0x0, {0xc00079e600, 0x6, 0x6})
	gitlab.nethead.at/symflower/symflower/language/java/execute/maven.go:60 +0x1c5
gitlab.nethead.at/symflower/symflower/language/java/execute.MavenCloverCoverage({0xc0006dbf80, 0x26})
	gitlab.nethead.at/symflower/symflower/language/java/execute/clover.go:131 +0xc9
gitlab.nethead.at/symflower/symflower/cmd/symflower-local/cmd.(*commandTest).Execute(0xc000600578, {0xc000600400?, 0x7f69d8e6db98?, 0xc000600578?})
	gitlab.nethead.at/symflower/symflower/cmd/symflower-local/cmd/test.go:143 +0x54f
gitlab.nethead.at/symflower/symflower/cmd.ExecuteNoExit({0x1f425e0?, 0xc000600400}, {0xc000040080?, 0x2782d80?, 0xc0004dbed8?})
	gitlab.nethead.at/symflower/symflower/cmd/execute.go:56 +0x2d0
gitlab.nethead.at/symflower/symflower/cmd.Execute({0x1f425e0?, 0xc000600400?}, {0xc000040080?, 0x274c500?, 0xc000600400?})
	gitlab.nethead.at/symflower/symflower/cmd/execute.go:16 +0x26
gitlab.nethead.at/symflower/symflower/cmd.ExecuteWithOSArguments(...)
	gitlab.nethead.at/symflower/symflower/cmd/execute.go:75
main.main.func1()
	gitlab.nethead.at/symflower/symflower/cmd/symflower-demo/main.go:40 +0x34
gitlab.nethead.at/symflower/symflower/cmd/symflower-local/cmd.(*Command).WithPanicReporter(0xc00012e058?, 0x2636b18?)
	gitlab.nethead.at/symflower/symflower/cmd/symflower-local/cmd/cmd.go:184 +0x48
main.main()
	gitlab.nethead.at/symflower/symflower/cmd/symflower-demo/main.go:39 +0xa5


src/main/java/com/eval/Plain.java]
2024/06/19 10:01:56 Evaluating model "openrouter/google/palm-2-chat-bison" on task "write-tests" using language "java" and repository "java/plain"
2024/06/19 10:01:56 Querying model "openrouter/google/palm-2-chat-bison" with:
	Given the following Java code file "src/main/java/com/eval/Plain.java" with package "com.eval", provide a test file for this code with JUnit 5 as a test framework.
	The tests should produce 100 percent code coverage and must compile.
	The response must contain only the test code and nothing else.

	```java
	package com.eval;

	class Plain {
	    static void plain() {
	    }
	}
	```
2024/06/19 10:01:58 Model "openrouter/google/palm-2-chat-bison" responded (1329 ms) with:
	 ```java
	import com.eval.Plain;
	import org.junit.jupiter.api.Test;

	class PlainTest {

	    @Test
	    void testPlain() {
	        Plain.plain();
	    }
	}
	```
2024/06/19 10:01:58 $ symflower test --language java --workspace /tmp/eval-dev-quality3705907841/plain --coverage-file /tmp/eval-dev-quality3705907841/plain/coverage.json
[0;34mGive us your feedback and let us know how we can improve Symflower at hello@symflower.com or https://github.com/symflower/symflower. Thanks so much for your help![0m
ERROR: All attempts fail:
#1: Internal error: exit status 1:
[]interface {}{
    "/tmp/eval-dev-quality3705907841/plain/",
    "[INFO] Scanning for projects...\n[WARNING] \n[WARNING] Some problems were encountered while building the effective model for eval.dev.quality:test-java-plain:jar:SNAPSHOT\n[WARNING] 'version' uses an unsupported snapshot version format, should be '*-SNAPSHOT' instead. @ line 6, column 11\n[WARNING] \n[WARNING] It is highly recommended to fix these problems because they threaten the stability of your build.\n[WARNING] \n[WARNING] For this reason, future Maven versions might no longer support building such malformed projects.\n[WARNING] \n[INFO] \n[INFO] ------------------< eval.dev.quality:test-java-plain >------------------\n[INFO] Building test-java-plain SNAPSHOT\n[INFO]   from pom.xml\n[INFO] --------------------------------[ jar ]---------------------------------\n[INFO] \n[INFO] --- clean:3.2.0:clean (default-clean) @ test-java-plain ---\n[INFO] \n[INFO] --- resources:3.3.0:resources (default-resources) @ test-java-plain ---\n[WARNING] Using platform encoding (ANSI_X3.4-1968 actually) to copy filtered resources, i.e. build is platform dependent!\n[INFO] skip non existing resourceDirectory /tmp/eval-dev-quality3705907841/plain/src/main/resources\n[INFO] \n[INFO] --- compiler:3.10.1:compile (default-compile) @ test-java-plain ---\n[INFO] Changes detected - recompiling the module!\n[WARNING] File encoding has not been set, using platform encoding ANSI_X3.4-1968, i.e. build is platform dependent!\n[INFO] Compiling 1 source file to /tmp/eval-dev-quality3705907841/plain/target/classes\n[INFO] \n[INFO] --- resources:3.3.0:resources (default-resources) @ test-java-plain ---\n[WARNING] Using platform encoding (ANSI_X3.4-1968 actually) to copy filtered resources, i.e. build is platform dependent!\n[INFO] skip non existing resourceDirectory /tmp/eval-dev-quality3705907841/plain/src/main/resources\n[INFO] \n[INFO] --- compiler:3.10.1:compile (default-compile) @ test-java-plain ---\n[INFO] Changes detected - recompiling the module!\n[WARNING] File encoding has not been set, using platform encoding ANSI_X3.4-1968, i.e. build is platform dependent!\n[INFO] Compiling 1 source file to /tmp/eval-dev-quality3705907841/plain/target/classes\n[INFO] \n[INFO] --- resources:3.3.0:testResources (default-testResources) @ test-java-plain ---\n[WARNING] Using platform encoding (ANSI_X3.4-1968 actually) to copy filtered resources, i.e. build is platform dependent!\n[INFO] skip non existing resourceDirectory /tmp/eval-dev-quality3705907841/plain/src/test/resources\n[INFO] \n[INFO] --- compiler:3.10.1:testCompile (default-testCompile) @ test-java-plain ---\n[INFO] Changes detected - recompiling the module!\n[WARNING] File encoding has not been set, using platform encoding ANSI_X3.4-1968, i.e. build is platform dependent!\n[INFO] Compiling 1 source file to /tmp/eval-dev-quality3705907841/plain/target/test-classes\n[INFO] -------------------------------------------------------------\n[ERROR] COMPILATION ERROR : \n[INFO] -------------------------------------------------------------\n[ERROR] /tmp/eval-dev-quality3705907841/plain/src/test/java/com/eval/PlainTest.java:[1,16] com.eval.Plain is not public in com.eval; cannot be accessed from outside package\n[ERROR] /tmp/eval-dev-quality3705907841/plain/src/test/java/com/eval/PlainTest.java:[8,9] com.eval.Plain is not public in com.eval; cannot be accessed from outside package\n[INFO] 2 errors \n[INFO] -------------------------------------------------------------\n[INFO] ------------------------------------------------------------------------\n[INFO] BUILD FAILURE\n[INFO] ------------------------------------------------------------------------\n[INFO] Total time:  0.948 s\n[INFO] Finished at: 2024-06-19T10:02:00Z\n[INFO] ------------------------------------------------------------------------\n[ERROR] Failed to execute goal org.apache.maven.plugins:maven-compiler-plugin:3.10.1:testCompile (default-testCompile) on project test-java-plain: Compilation failure: Compilation failure: \n[ERROR] /tmp/eval-dev-quality3705907841/plain/src/test/java/com/eval/PlainTest.java:[1,16] com.eval.Plain is not public in com.eval; cannot be accessed from outside package\n[ERROR] /tmp/eval-dev-quality3705907841/plain/src/test/java/com/eval/PlainTest.java:[8,9] com.eval.Plain is not public in com.eval; cannot be accessed from outside package\n[ERROR] -> [Help 1]\n[ERROR] \n[ERROR] To see the full stack trace of the errors, re-run Maven with the -e switch.\n[ERROR] Re-run Maven using the -X switch to enable full debug logging.\n[ERROR] \n[ERROR] For more information about the errors and possible solutions, please read the following articles:\n[ERROR] [Help 1] http://cwiki.apache.org/confluence/display/MAVEN/MojoFailureException\n",
}
Stacktrace: goroutine 1 [running]:
gitlab.nethead.at/symflower/symflower/model/errors.NewInternalError({0x1f42da0?, 0xc00066b8c0}, {0xffa8c0?, 0xc0004eaa98})
	gitlab.nethead.at/symflower/symflower/model/errors/error.go:850 +0x59
gitlab.nethead.at/symflower/symflower/language/java/execute.MavenDependencyCommand.func1()
	gitlab.nethead.at/symflower/symflower/language/java/execute/maven.go:80 +0x1ef
github.com/avast/retry-go.Do(0xc0000218b8, {0xc0000218a0, 0x3, 0x418c94?})
	github.com/avast/retry-go/retry.go:135 +0x5a3
gitlab.nethead.at/symflower/symflower/language/java/execute.MavenDependencyCommand({0xc000764390, 0x26}, 0x0, {0xc0004ee300, 0x6, 0x6})
	gitlab.nethead.at/symflower/symflower/language/java/execute/maven.go:60 +0x1c5
gitlab.nethead.at/symflower/symflower/language/java/execute.MavenCloverCoverage({0xc000764390, 0x26})
	gitlab.nethead.at/symflower/symflower/language/java/execute/clover.go:131 +0xc9
gitlab.nethead.at/symflower/symflower/cmd/symflower-local/cmd.(*commandTest).Execute(0xc000780578, {0xc000780400?, 0x7fc1418d81d8?, 0xc000780578?})
	gitlab.nethead.at/symflower/symflower/cmd/symflower-local/cmd/test.go:143 +0x54f
gitlab.nethead.at/symflower/symflower/cmd.ExecuteNoExit({0x1f425e0?, 0xc000780400}, {0xc000040080?, 0x2782d80?, 0xc000599ed8?})
	gitlab.nethead.at/symflower/symflower/cmd/execute.go:56 +0x2d0
gitlab.nethead.at/symflower/symflower/cmd.Execute({0x1f425e0?, 0xc000780400?}, {0xc000040080?, 0x274c500?, 0xc000780400?})
	gitlab.nethead.at/symflower/symflower/cmd/execute.go:16 +0x26
gitlab.nethead.at/symflower/symflower/cmd.ExecuteWithOSArguments(...)
	gitlab.nethead.at/symflower/symflower/cmd/execute.go:75
main.main.func1()
	gitlab.nethead.at/symflower/symflower/cmd/symflower-demo/main.go:40 +0x34
gitlab.nethead.at/symflower/symflower/cmd/symflower-local/cmd.(*Command).WithPanicReporter(0xc00012e058?, 0x2636b18?)
	gitlab.nethead.at/symflower/symflower/cmd/symflower-local/cmd/cmd.go:184 +0x48
main.main()
	gitlab.nethead.at/symflower/symflower/cmd/symflower-demo/main.go:39 +0xa5

2024/06/19 10:02:00 Evaluated model "openrouter/google/palm-2-chat-bison" on task "write-tests" using language "java" and repository "java/plain": encountered 1 problems: [exit status 1
[0;34mGive us your feedback and let us know how we can improve Symflower at hello@symflower.com or https://github.com/symflower/symflower. Thanks so much for your help![0m
ERROR: All attempts fail:
#1: Internal error: exit status 1:
[]interface {}{
    "/tmp/eval-dev-quality3705907841/plain/",
    "[INFO] Scanning for projects...\n[WARNING] \n[WARNING] Some problems were encountered while building the effective model for eval.dev.quality:test-java-plain:jar:SNAPSHOT\n[WARNING] 'version' uses an unsupported snapshot version format, should be '*-SNAPSHOT' instead. @ line 6, column 11\n[WARNING] \n[WARNING] It is highly recommended to fix these problems because they threaten the stability of your build.\n[WARNING] \n[WARNING] For this reason, future Maven versions might no longer support building such malformed projects.\n[WARNING] \n[INFO] \n[INFO] ------------------< eval.dev.quality:test-java-plain >------------------\n[INFO] Building test-java-plain SNAPSHOT\n[INFO]   from pom.xml\n[INFO] --------------------------------[ jar ]---------------------------------\n[INFO] \n[INFO] --- clean:3.2.0:clean (default-clean) @ test-java-plain ---\n[INFO] \n[INFO] --- resources:3.3.0:resources (default-resources) @ test-java-plain ---\n[WARNING] Using platform encoding (ANSI_X3.4-1968 actually) to copy filtered resources, i.e. build is platform dependent!\n[INFO] skip non existing resourceDirectory /tmp/eval-dev-quality3705907841/plain/src/main/resources\n[INFO] \n[INFO] --- compiler:3.10.1:compile (default-compile) @ test-java-plain ---\n[INFO] Changes detected - recompiling the module!\n[WARNING] File encoding has not been set, using platform encoding ANSI_X3.4-1968, i.e. build is platform dependent!\n[INFO] Compiling 1 source file to /tmp/eval-dev-quality3705907841/plain/target/classes\n[INFO] \n[INFO] --- resources:3.3.0:resources (default-resources) @ test-java-plain ---\n[WARNING] Using platform encoding (ANSI_X3.4-1968 actually) to copy filtered resources, i.e. build is platform dependent!\n[INFO] skip non existing resourceDirectory /tmp/eval-dev-quality3705907841/plain/src/main/resources\n[INFO] \n[INFO] --- compiler:3.10.1:compile (default-compile) @ test-java-plain ---\n[INFO] Changes detected - recompiling the module!\n[WARNING] File encoding has not been set, using platform encoding ANSI_X3.4-1968, i.e. build is platform dependent!\n[INFO] Compiling 1 source file to /tmp/eval-dev-quality3705907841/plain/target/classes\n[INFO] \n[INFO] --- resources:3.3.0:testResources (default-testResources) @ test-java-plain ---\n[WARNING] Using platform encoding (ANSI_X3.4-1968 actually) to copy filtered resources, i.e. build is platform dependent!\n[INFO] skip non existing resourceDirectory /tmp/eval-dev-quality3705907841/plain/src/test/resources\n[INFO] \n[INFO] --- compiler:3.10.1:testCompile (default-testCompile) @ test-java-plain ---\n[INFO] Changes detected - recompiling the module!\n[WARNING] File encoding has not been set, using platform encoding ANSI_X3.4-1968, i.e. build is platform dependent!\n[INFO] Compiling 1 source file to /tmp/eval-dev-quality3705907841/plain/target/test-classes\n[INFO] -------------------------------------------------------------\n[ERROR] COMPILATION ERROR : \n[INFO] -------------------------------------------------------------\n[ERROR] /tmp/eval-dev-quality3705907841/plain/src/test/java/com/eval/PlainTest.java:[1,16] com.eval.Plain is not public in com.eval; cannot be accessed from outside package\n[ERROR] /tmp/eval-dev-quality3705907841/plain/src/test/java/com/eval/PlainTest.java:[8,9] com.eval.Plain is not public in com.eval; cannot be accessed from outside package\n[INFO] 2 errors \n[INFO] -------------------------------------------------------------\n[INFO] ------------------------------------------------------------------------\n[INFO] BUILD FAILURE\n[INFO] ------------------------------------------------------------------------\n[INFO] Total time:  0.948 s\n[INFO] Finished at: 2024-06-19T10:02:00Z\n[INFO] ------------------------------------------------------------------------\n[ERROR] Failed to execute goal org.apache.maven.plugins:maven-compiler-plugin:3.10.1:testCompile (default-testCompile) on project test-java-plain: Compilation failure: Compilation failure: \n[ERROR] /tmp/eval-dev-quality3705907841/plain/src/test/java/com/eval/PlainTest.java:[1,16] com.eval.Plain is not public in com.eval; cannot be accessed from outside package\n[ERROR] /tmp/eval-dev-quality3705907841/plain/src/test/java/com/eval/PlainTest.java:[8,9] com.eval.Plain is not public in com.eval; cannot be accessed from outside package\n[ERROR] -> [Help 1]\n[ERROR] \n[ERROR] To see the full stack trace of the errors, re-run Maven with the -e switch.\n[ERROR] Re-run Maven using the -X switch to enable full debug logging.\n[ERROR] \n[ERROR] For more information about the errors and possible solutions, please read the following articles:\n[ERROR] [Help 1] http://cwiki.apache.org/confluence/display/MAVEN/MojoFailureException\n",
}
Stacktrace: goroutine 1 [running]:
gitlab.nethead.at/symflower/symflower/model/errors.NewInternalError({0x1f42da0?, 0xc00066b8c0}, {0xffa8c0?, 0xc0004eaa98})
	gitlab.nethead.at/symflower/symflower/model/errors/error.go:850 +0x59
gitlab.nethead.at/symflower/symflower/language/java/execute.MavenDependencyCommand.func1()
	gitlab.nethead.at/symflower/symflower/language/java/execute/maven.go:80 +0x1ef
github.com/avast/retry-go.Do(0xc0000218b8, {0xc0000218a0, 0x3, 0x418c94?})
	github.com/avast/retry-go/retry.go:135 +0x5a3
gitlab.nethead.at/symflower/symflower/language/java/execute.MavenDependencyCommand({0xc000764390, 0x26}, 0x0, {0xc0004ee300, 0x6, 0x6})
	gitlab.nethead.at/symflower/symflower/language/java/execute/maven.go:60 +0x1c5
gitlab.nethead.at/symflower/symflower/language/java/execute.MavenCloverCoverage({0xc000764390, 0x26})
	gitlab.nethead.at/symflower/symflower/language/java/execute/clover.go:131 +0xc9
gitlab.nethead.at/symflower/symflower/cmd/symflower-local/cmd.(*commandTest).Execute(0xc000780578, {0xc000780400?, 0x7fc1418d81d8?, 0xc000780578?})
	gitlab.nethead.at/symflower/symflower/cmd/symflower-local/cmd/test.go:143 +0x54f
gitlab.nethead.at/symflower/symflower/cmd.ExecuteNoExit({0x1f425e0?, 0xc000780400}, {0xc000040080?, 0x2782d80?, 0xc000599ed8?})
	gitlab.nethead.at/symflower/symflower/cmd/execute.go:56 +0x2d0
gitlab.nethead.at/symflower/symflower/cmd.Execute({0x1f425e0?, 0xc000780400?}, {0xc000040080?, 0x274c500?, 0xc000780400?})
	gitlab.nethead.at/symflower/symflower/cmd/execute.go:16 +0x26
gitlab.nethead.at/symflower/symflower/cmd.ExecuteWithOSArguments(...)
	gitlab.nethead.at/symflower/symflower/cmd/execute.go:75
main.main.func1()
	gitlab.nethead.at/symflower/symflower/cmd/symflower-demo/main.go:40 +0x34
gitlab.nethead.at/symflower/symflower/cmd/symflower-local/cmd.(*Command).WithPanicReporter(0xc00012e058?, 0x2636b18?)
	gitlab.nethead.at/symflower/symflower/cmd/symflower-local/cmd/cmd.go:184 +0x48
main.main()
	gitlab.nethead.at/symflower/symflower/cmd/symflower-demo/main.go:39 +0xa5


github.com/symflower/eval-dev-quality/util.CommandWithResult
	/home/ubuntu/eval-dev-quality/util/exec.go:52
github.com/symflower/eval-dev-quality/language/java.(*Language).Execute
	/home/ubuntu/eval-dev-quality/language/java/language.go:108
github.com/symflower/eval-dev-quality/evaluate/task.(*TaskWriteTests).Run
	/home/ubuntu/eval-dev-quality/evaluate/task/task-write-test.go:91
github.com/symflower/eval-dev-quality/evaluate.Evaluate.func1
	/home/ubuntu/eval-dev-quality/evaluate/evaluate.go:128
github.com/symflower/eval-dev-quality/evaluate.withLoadedModel
	/home/ubuntu/eval-dev-quality/evaluate/evaluate.go:273
github.com/symflower/eval-dev-quality/evaluate.Evaluate
	/home/ubuntu/eval-dev-quality/evaluate/evaluate.go:118
github.com/symflower/eval-dev-quality/cmd/eval-dev-quality/cmd.(*Evaluate).Execute
	/home/ubuntu/eval-dev-quality/cmd/eval-dev-quality/cmd/evaluate.go:363
github.com/symflower/eval-dev-quality/cmd/eval-dev-quality/cmd.Execute.func1
	/home/ubuntu/eval-dev-quality/cmd/eval-dev-quality/cmd/command.go:34
github.com/jessevdk/go-flags.(*Parser).ParseArgs
	/home/ubuntu/go/pkg/mod/github.com/jessevdk/go-flags@v1.5.1-0.20210607101731-3927b71304df/parser.go:333
github.com/symflower/eval-dev-quality/cmd/eval-dev-quality/cmd.Execute
	/home/ubuntu/eval-dev-quality/cmd/eval-dev-quality/cmd/command.go:37
main.main
	/home/ubuntu/eval-dev-quality/cmd/eval-dev-quality/main.go:11
runtime.main
	/home/ubuntu/.eval-dev-quality/go/src/runtime/proc.go:267
runtime.goexit
	/home/ubuntu/.eval-dev-quality/go/src/runtime/asm_amd64.s:1650
github.com/symflower/eval-dev-quality/language/java.(*Language).Execute
	/home/ubuntu/eval-dev-quality/language/java/language.go:119
github.com/symflower/eval-dev-quality/evaluate/task.(*TaskWriteTests).Run
	/home/ubuntu/eval-dev-quality/evaluate/task/task-write-test.go:91
github.com/symflower/eval-dev-quality/evaluate.Evaluate.func1
	/home/ubuntu/eval-dev-quality/evaluate/evaluate.go:128
github.com/symflower/eval-dev-quality/evaluate.withLoadedModel
	/home/ubuntu/eval-dev-quality/evaluate/evaluate.go:273
github.com/symflower/eval-dev-quality/evaluate.Evaluate
	/home/ubuntu/eval-dev-quality/evaluate/evaluate.go:118
github.com/symflower/eval-dev-quality/cmd/eval-dev-quality/cmd.(*Evaluate).Execute
	/home/ubuntu/eval-dev-quality/cmd/eval-dev-quality/cmd/evaluate.go:363
github.com/symflower/eval-dev-quality/cmd/eval-dev-quality/cmd.Execute.func1
	/home/ubuntu/eval-dev-quality/cmd/eval-dev-quality/cmd/command.go:34
github.com/jessevdk/go-flags.(*Parser).ParseArgs
	/home/ubuntu/go/pkg/mod/github.com/jessevdk/go-flags@v1.5.1-0.20210607101731-3927b71304df/parser.go:333
github.com/symflower/eval-dev-quality/cmd/eval-dev-quality/cmd.Execute
	/home/ubuntu/eval-dev-quality/cmd/eval-dev-quality/cmd/command.go:37
main.main
	/home/ubuntu/eval-dev-quality/cmd/eval-dev-quality/main.go:11
runtime.main
	/home/ubuntu/.eval-dev-quality/go/src/runtime/proc.go:267
runtime.goexit
	/home/ubuntu/.eval-dev-quality/go/src/runtime/asm_amd64.s:1650
[0;34mGive us your feedback and let us know how we can improve Symflower at hello@symflower.com or https://github.com/symflower/symflower. Thanks so much for your help![0m
ERROR: All attempts fail:
#1: Internal error: exit status 1:
[]interface {}{
    "/tmp/eval-dev-quality3705907841/plain/",
    "[INFO] Scanning for projects...\n[WARNING] \n[WARNING] Some problems were encountered while building the effective model for eval.dev.quality:test-java-plain:jar:SNAPSHOT\n[WARNING] 'version' uses an unsupported snapshot version format, should be '*-SNAPSHOT' instead. @ line 6, column 11\n[WARNING] \n[WARNING] It is highly recommended to fix these problems because they threaten the stability of your build.\n[WARNING] \n[WARNING] For this reason, future Maven versions might no longer support building such malformed projects.\n[WARNING] \n[INFO] \n[INFO] ------------------< eval.dev.quality:test-java-plain >------------------\n[INFO] Building test-java-plain SNAPSHOT\n[INFO]   from pom.xml\n[INFO] --------------------------------[ jar ]---------------------------------\n[INFO] \n[INFO] --- clean:3.2.0:clean (default-clean) @ test-java-plain ---\n[INFO] \n[INFO] --- resources:3.3.0:resources (default-resources) @ test-java-plain ---\n[WARNING] Using platform encoding (ANSI_X3.4-1968 actually) to copy filtered resources, i.e. build is platform dependent!\n[INFO] skip non existing resourceDirectory /tmp/eval-dev-quality3705907841/plain/src/main/resources\n[INFO] \n[INFO] --- compiler:3.10.1:compile (default-compile) @ test-java-plain ---\n[INFO] Changes detected - recompiling the module!\n[WARNING] File encoding has not been set, using platform encoding ANSI_X3.4-1968, i.e. build is platform dependent!\n[INFO] Compiling 1 source file to /tmp/eval-dev-quality3705907841/plain/target/classes\n[INFO] \n[INFO] --- resources:3.3.0:resources (default-resources) @ test-java-plain ---\n[WARNING] Using platform encoding (ANSI_X3.4-1968 actually) to copy filtered resources, i.e. build is platform dependent!\n[INFO] skip non existing resourceDirectory /tmp/eval-dev-quality3705907841/plain/src/main/resources\n[INFO] \n[INFO] --- compiler:3.10.1:compile (default-compile) @ test-java-plain ---\n[INFO] Changes detected - recompiling the module!\n[WARNING] File encoding has not been set, using platform encoding ANSI_X3.4-1968, i.e. build is platform dependent!\n[INFO] Compiling 1 source file to /tmp/eval-dev-quality3705907841/plain/target/classes\n[INFO] \n[INFO] --- resources:3.3.0:testResources (default-testResources) @ test-java-plain ---\n[WARNING] Using platform encoding (ANSI_X3.4-1968 actually) to copy filtered resources, i.e. build is platform dependent!\n[INFO] skip non existing resourceDirectory /tmp/eval-dev-quality3705907841/plain/src/test/resources\n[INFO] \n[INFO] --- compiler:3.10.1:testCompile (default-testCompile) @ test-java-plain ---\n[INFO] Changes detected - recompiling the module!\n[WARNING] File encoding has not been set, using platform encoding ANSI_X3.4-1968, i.e. build is platform dependent!\n[INFO] Compiling 1 source file to /tmp/eval-dev-quality3705907841/plain/target/test-classes\n[INFO] -------------------------------------------------------------\n[ERROR] COMPILATION ERROR : \n[INFO] -------------------------------------------------------------\n[ERROR] /tmp/eval-dev-quality3705907841/plain/src/test/java/com/eval/PlainTest.java:[1,16] com.eval.Plain is not public in com.eval; cannot be accessed from outside package\n[ERROR] /tmp/eval-dev-quality3705907841/plain/src/test/java/com/eval/PlainTest.java:[8,9] com.eval.Plain is not public in com.eval; cannot be accessed from outside package\n[INFO] 2 errors \n[INFO] -------------------------------------------------------------\n[INFO] ------------------------------------------------------------------------\n[INFO] BUILD FAILURE\n[INFO] ------------------------------------------------------------------------\n[INFO] Total time:  0.948 s\n[INFO] Finished at: 2024-06-19T10:02:00Z\n[INFO] ------------------------------------------------------------------------\n[ERROR] Failed to execute goal org.apache.maven.plugins:maven-compiler-plugin:3.10.1:testCompile (default-testCompile) on project test-java-plain: Compilation failure: Compilation failure: \n[ERROR] /tmp/eval-dev-quality3705907841/plain/src/test/java/com/eval/PlainTest.java:[1,16] com.eval.Plain is not public in com.eval; cannot be accessed from outside package\n[ERROR] /tmp/eval-dev-quality3705907841/plain/src/test/java/com/eval/PlainTest.java:[8,9] com.eval.Plain is not public in com.eval; cannot be accessed from outside package\n[ERROR] -> [Help 1]\n[ERROR] \n[ERROR] To see the full stack trace of the errors, re-run Maven with the -e switch.\n[ERROR] Re-run Maven using the -X switch to enable full debug logging.\n[ERROR] \n[ERROR] For more information about the errors and possible solutions, please read the following articles:\n[ERROR] [Help 1] http://cwiki.apache.org/confluence/display/MAVEN/MojoFailureException\n",
}
Stacktrace: goroutine 1 [running]:
gitlab.nethead.at/symflower/symflower/model/errors.NewInternalError({0x1f42da0?, 0xc00066b8c0}, {0xffa8c0?, 0xc0004eaa98})
	gitlab.nethead.at/symflower/symflower/model/errors/error.go:850 +0x59
gitlab.nethead.at/symflower/symflower/language/java/execute.MavenDependencyCommand.func1()
	gitlab.nethead.at/symflower/symflower/language/java/execute/maven.go:80 +0x1ef
github.com/avast/retry-go.Do(0xc0000218b8, {0xc0000218a0, 0x3, 0x418c94?})
	github.com/avast/retry-go/retry.go:135 +0x5a3
gitlab.nethead.at/symflower/symflower/language/java/execute.MavenDependencyCommand({0xc000764390, 0x26}, 0x0, {0xc0004ee300, 0x6, 0x6})
	gitlab.nethead.at/symflower/symflower/language/java/execute/maven.go:60 +0x1c5
gitlab.nethead.at/symflower/symflower/language/java/execute.MavenCloverCoverage({0xc000764390, 0x26})
	gitlab.nethead.at/symflower/symflower/language/java/execute/clover.go:131 +0xc9
gitlab.nethead.at/symflower/symflower/cmd/symflower-local/cmd.(*commandTest).Execute(0xc000780578, {0xc000780400?, 0x7fc1418d81d8?, 0xc000780578?})
	gitlab.nethead.at/symflower/symflower/cmd/symflower-local/cmd/test.go:143 +0x54f
gitlab.nethead.at/symflower/symflower/cmd.ExecuteNoExit({0x1f425e0?, 0xc000780400}, {0xc000040080?, 0x2782d80?, 0xc000599ed8?})
	gitlab.nethead.at/symflower/symflower/cmd/execute.go:56 +0x2d0
gitlab.nethead.at/symflower/symflower/cmd.Execute({0x1f425e0?, 0xc000780400?}, {0xc000040080?, 0x274c500?, 0xc000780400?})
	gitlab.nethead.at/symflower/symflower/cmd/execute.go:16 +0x26
gitlab.nethead.at/symflower/symflower/cmd.ExecuteWithOSArguments(...)
	gitlab.nethead.at/symflower/symflower/cmd/execute.go:75
main.main.func1()
	gitlab.nethead.at/symflower/symflower/cmd/symflower-demo/main.go:40 +0x34
gitlab.nethead.at/symflower/symflower/cmd/symflower-local/cmd.(*Command).WithPanicReporter(0xc00012e058?, 0x2636b18?)
	gitlab.nethead.at/symflower/symflower/cmd/symflower-local/cmd/cmd.go:184 +0x48
main.main()
	gitlab.nethead.at/symflower/symflower/cmd/symflower-demo/main.go:39 +0xa5


src/main/java/com/eval/Plain.java]
2024/06/19 10:02:01 Evaluating model "openrouter/google/palm-2-chat-bison" on task "write-tests" using language "java" and repository "java/plain"
2024/06/19 10:02:01 Querying model "openrouter/google/palm-2-chat-bison" with:
	Given the following Java code file "src/main/java/com/eval/Plain.java" with package "com.eval", provide a test file for this code with JUnit 5 as a test framework.
	The tests should produce 100 percent code coverage and must compile.
	The response must contain only the test code and nothing else.

	```java
	package com.eval;

	class Plain {
	    static void plain() {
	    }
	}
	```
2024/06/19 10:02:03 Model "openrouter/google/palm-2-chat-bison" responded (1506 ms) with:
	 ```java
	package com.eval;

	import org.junit.jupiter.api.Test;

	class PlainTest {

	    @Test
	    void testPlain() {
	        // No assertions needed to achieve 100% coverage
	        Plain.plain();
	    }

	}
	```
2024/06/19 10:02:03 $ symflower test --language java --workspace /tmp/eval-dev-quality3705907841/plain --coverage-file /tmp/eval-dev-quality3705907841/plain/coverage.json
[INFO] Scanning for projects...
[WARNING] 
[WARNING] Some problems were encountered while building the effective model for eval.dev.quality:test-java-plain:jar:SNAPSHOT
[WARNING] 'version' uses an unsupported snapshot version format, should be '*-SNAPSHOT' instead. @ line 6, column 11
[WARNING] 
[WARNING] It is highly recommended to fix these problems because they threaten the stability of your build.
[WARNING] 
[WARNING] For this reason, future Maven versions might no longer support building such malformed projects.
[WARNING] 
[INFO] 
[INFO] ------------------< eval.dev.quality:test-java-plain >------------------
[INFO] Building test-java-plain SNAPSHOT
[INFO]   from pom.xml
[INFO] --------------------------------[ jar ]---------------------------------
[INFO] 
[INFO] --- clover:4.5.2:aggregate (default-cli) @ test-java-plain ---
[INFO] 
[INFO] ------------------< eval.dev.quality:test-java-plain >------------------
[INFO] Building test-java-plain SNAPSHOT
[INFO]   from pom.xml
[INFO] --------------------------------[ jar ]---------------------------------
[INFO] 
[INFO] --- clover:4.5.2:clover (default-cli) @ test-java-plain ---
[INFO] Using default-clover-report descriptor.
[INFO] Using Clover report descriptor: /tmp/mvn769963904566382513resource
[INFO] OpenClover Version 4.5.2, built on 2024-01-31
[INFO] Clover is enabled with initstring '/tmp/eval-dev-quality3705907841/plain/target/clover/clover.db'
[INFO] OpenClover Version 4.5.2, built on 2024-01-31
[INFO] Loading coverage database from: '/tmp/eval-dev-quality3705907841/plain/target/clover/clover.db'
[INFO] Writing report to '/tmp/eval-dev-quality3705907841/plain/target/site/clover/clover.xml'
[INFO] ------------------------------------------------------------------------
[INFO] BUILD SUCCESS
[INFO] ------------------------------------------------------------------------
[INFO] Total time:  2.273 s
[INFO] Finished at: 2024-06-19T10:02:14Z
[INFO] ------------------------------------------------------------------------

Total coverage 100.000000%
[0;34mGive us your feedback and let us know how we can improve Symflower at hello@symflower.com or https://github.com/symflower/symflower. Thanks so much for your help![0m
2024/06/19 10:02:14 Executes tests with 1 coverage objects
2024/06/19 10:02:14 Evaluated model "openrouter/google/palm-2-chat-bison" on task "write-tests" using language "java" and repository "java/plain": encountered 0 problems: []
2024/06/19 10:02:15 Evaluating model "openrouter/google/palm-2-chat-bison" on task "write-tests" using language "java" and repository "java/plain"
2024/06/19 10:02:15 Querying model "openrouter/google/palm-2-chat-bison" with:
	Given the following Java code file "src/main/java/com/eval/Plain.java" with package "com.eval", provide a test file for this code with JUnit 5 as a test framework.
	The tests should produce 100 percent code coverage and must compile.
	The response must contain only the test code and nothing else.

	```java
	package com.eval;

	class Plain {
	    static void plain() {
	    }
	}
	```
2024/06/19 10:02:17 Model "openrouter/google/palm-2-chat-bison" responded (1415 ms) with:
	 ```java
	package com.eval;

	import org.junit.jupiter.api.Test;

	class PlainTest {

	    @Test
	    void testPlain() {
	        // No assertions needed to achieve 100% coverage
	        Plain.plain();
	    }

	}
	```
2024/06/19 10:02:17 $ symflower test --language java --workspace /tmp/eval-dev-quality3705907841/plain --coverage-file /tmp/eval-dev-quality3705907841/plain/coverage.json
[INFO] Scanning for projects...
[WARNING] 
[WARNING] Some problems were encountered while building the effective model for eval.dev.quality:test-java-plain:jar:SNAPSHOT
[WARNING] 'version' uses an unsupported snapshot version format, should be '*-SNAPSHOT' instead. @ line 6, column 11
[WARNING] 
[WARNING] It is highly recommended to fix these problems because they threaten the stability of your build.
[WARNING] 
[WARNING] For this reason, future Maven versions might no longer support building such malformed projects.
[WARNING] 
[INFO] 
[INFO] ------------------< eval.dev.quality:test-java-plain >------------------
[INFO] Building test-java-plain SNAPSHOT
[INFO]   from pom.xml
[INFO] --------------------------------[ jar ]---------------------------------
[INFO] 
[INFO] --- clover:4.5.2:aggregate (default-cli) @ test-java-plain ---
[INFO] 
[INFO] ------------------< eval.dev.quality:test-java-plain >------------------
[INFO] Building test-java-plain SNAPSHOT
[INFO]   from pom.xml
[INFO] --------------------------------[ jar ]---------------------------------
[INFO] 
[INFO] --- clover:4.5.2:clover (default-cli) @ test-java-plain ---
[INFO] Using default-clover-report descriptor.
[INFO] Using Clover report descriptor: /tmp/mvn17463187632063633530resource
[INFO] OpenClover Version 4.5.2, built on 2024-01-31
[INFO] Clover is enabled with initstring '/tmp/eval-dev-quality3705907841/plain/target/clover/clover.db'
[INFO] OpenClover Version 4.5.2, built on 2024-01-31
[INFO] Loading coverage database from: '/tmp/eval-dev-quality3705907841/plain/target/clover/clover.db'
[INFO] Writing report to '/tmp/eval-dev-quality3705907841/plain/target/site/clover/clover.xml'
[INFO] ------------------------------------------------------------------------
[INFO] BUILD SUCCESS
[INFO] ------------------------------------------------------------------------
[INFO] Total time:  2.429 s
[INFO] Finished at: 2024-06-19T10:02:24Z
[INFO] ------------------------------------------------------------------------

Total coverage 100.000000%
[0;34mGive us your feedback and let us know how we can improve Symflower at hello@symflower.com or https://github.com/symflower/symflower. Thanks so much for your help![0m
2024/06/19 10:02:25 Executes tests with 1 coverage objects
2024/06/19 10:02:25 Evaluated model "openrouter/google/palm-2-chat-bison" on task "write-tests" using language "java" and repository "java/plain": encountered 0 problems: []
2024/06/19 10:02:26 Evaluating model "openrouter/google/palm-2-chat-bison" on task "write-tests" using language "java" and repository "java/plain"
2024/06/19 10:02:26 Querying model "openrouter/google/palm-2-chat-bison" with:
	Given the following Java code file "src/main/java/com/eval/Plain.java" with package "com.eval", provide a test file for this code with JUnit 5 as a test framework.
	The tests should produce 100 percent code coverage and must compile.
	The response must contain only the test code and nothing else.

	```java
	package com.eval;

	class Plain {
	    static void plain() {
	    }
	}
	```
2024/06/19 10:02:27 Model "openrouter/google/palm-2-chat-bison" responded (846 ms) with:
	 ```java
	import com.eval.Plain;
	import org.junit.jupiter.api.Test;

	class PlainTest {

	    @Test
	    void testPlain() {
	        Plain.plain();
	    }
	}
	```
2024/06/19 10:02:27 $ symflower test --language java --workspace /tmp/eval-dev-quality3705907841/plain --coverage-file /tmp/eval-dev-quality3705907841/plain/coverage.json
[0;34mGive us your feedback and let us know how we can improve Symflower at hello@symflower.com or https://github.com/symflower/symflower. Thanks so much for your help![0m
ERROR: All attempts fail:
#1: Internal error: exit status 1:
[]interface {}{
    "/tmp/eval-dev-quality3705907841/plain/",
    "[INFO] Scanning for projects...\n[WARNING] \n[WARNING] Some problems were encountered while building the effective model for eval.dev.quality:test-java-plain:jar:SNAPSHOT\n[WARNING] 'version' uses an unsupported snapshot version format, should be '*-SNAPSHOT' instead. @ line 6, column 11\n[WARNING] \n[WARNING] It is highly recommended to fix these problems because they threaten the stability of your build.\n[WARNING] \n[WARNING] For this reason, future Maven versions might no longer support building such malformed projects.\n[WARNING] \n[INFO] \n[INFO] ------------------< eval.dev.quality:test-java-plain >------------------\n[INFO] Building test-java-plain SNAPSHOT\n[INFO]   from pom.xml\n[INFO] --------------------------------[ jar ]---------------------------------\n[INFO] \n[INFO] --- clean:3.2.0:clean (default-clean) @ test-java-plain ---\n[INFO] \n[INFO] --- resources:3.3.0:resources (default-resources) @ test-java-plain ---\n[WARNING] Using platform encoding (ANSI_X3.4-1968 actually) to copy filtered resources, i.e. build is platform dependent!\n[INFO] skip non existing resourceDirectory /tmp/eval-dev-quality3705907841/plain/src/main/resources\n[INFO] \n[INFO] --- compiler:3.10.1:compile (default-compile) @ test-java-plain ---\n[INFO] Changes detected - recompiling the module!\n[WARNING] File encoding has not been set, using platform encoding ANSI_X3.4-1968, i.e. build is platform dependent!\n[INFO] Compiling 1 source file to /tmp/eval-dev-quality3705907841/plain/target/classes\n[INFO] \n[INFO] --- resources:3.3.0:resources (default-resources) @ test-java-plain ---\n[WARNING] Using platform encoding (ANSI_X3.4-1968 actually) to copy filtered resources, i.e. build is platform dependent!\n[INFO] skip non existing resourceDirectory /tmp/eval-dev-quality3705907841/plain/src/main/resources\n[INFO] \n[INFO] --- compiler:3.10.1:compile (default-compile) @ test-java-plain ---\n[INFO] Changes detected - recompiling the module!\n[WARNING] File encoding has not been set, using platform encoding ANSI_X3.4-1968, i.e. build is platform dependent!\n[INFO] Compiling 1 source file to /tmp/eval-dev-quality3705907841/plain/target/classes\n[INFO] \n[INFO] --- resources:3.3.0:testResources (default-testResources) @ test-java-plain ---\n[WARNING] Using platform encoding (ANSI_X3.4-1968 actually) to copy filtered resources, i.e. build is platform dependent!\n[INFO] skip non existing resourceDirectory /tmp/eval-dev-quality3705907841/plain/src/test/resources\n[INFO] \n[INFO] --- compiler:3.10.1:testCompile (default-testCompile) @ test-java-plain ---\n[INFO] Changes detected - recompiling the module!\n[WARNING] File encoding has not been set, using platform encoding ANSI_X3.4-1968, i.e. build is platform dependent!\n[INFO] Compiling 1 source file to /tmp/eval-dev-quality3705907841/plain/target/test-classes\n[INFO] -------------------------------------------------------------\n[ERROR] COMPILATION ERROR : \n[INFO] -------------------------------------------------------------\n[ERROR] /tmp/eval-dev-quality3705907841/plain/src/test/java/com/eval/PlainTest.java:[1,16] com.eval.Plain is not public in com.eval; cannot be accessed from outside package\n[ERROR] /tmp/eval-dev-quality3705907841/plain/src/test/java/com/eval/PlainTest.java:[8,9] com.eval.Plain is not public in com.eval; cannot be accessed from outside package\n[INFO] 2 errors \n[INFO] -------------------------------------------------------------\n[INFO] ------------------------------------------------------------------------\n[INFO] BUILD FAILURE\n[INFO] ------------------------------------------------------------------------\n[INFO] Total time:  0.951 s\n[INFO] Finished at: 2024-06-19T10:02:29Z\n[INFO] ------------------------------------------------------------------------\n[ERROR] Failed to execute goal org.apache.maven.plugins:maven-compiler-plugin:3.10.1:testCompile (default-testCompile) on project test-java-plain: Compilation failure: Compilation failure: \n[ERROR] /tmp/eval-dev-quality3705907841/plain/src/test/java/com/eval/PlainTest.java:[1,16] com.eval.Plain is not public in com.eval; cannot be accessed from outside package\n[ERROR] /tmp/eval-dev-quality3705907841/plain/src/test/java/com/eval/PlainTest.java:[8,9] com.eval.Plain is not public in com.eval; cannot be accessed from outside package\n[ERROR] -> [Help 1]\n[ERROR] \n[ERROR] To see the full stack trace of the errors, re-run Maven with the -e switch.\n[ERROR] Re-run Maven using the -X switch to enable full debug logging.\n[ERROR] \n[ERROR] For more information about the errors and possible solutions, please read the following articles:\n[ERROR] [Help 1] http://cwiki.apache.org/confluence/display/MAVEN/MojoFailureException\n",
}
Stacktrace: goroutine 1 [running]:
gitlab.nethead.at/symflower/symflower/model/errors.NewInternalError({0x1f42da0?, 0xc0001d9b40}, {0xffa8c0?, 0xc00074c5b8})
	gitlab.nethead.at/symflower/symflower/model/errors/error.go:850 +0x59
gitlab.nethead.at/symflower/symflower/language/java/execute.MavenDependencyCommand.func1()
	gitlab.nethead.at/symflower/symflower/language/java/execute/maven.go:80 +0x1ef
github.com/avast/retry-go.Do(0xc0006ff8b8, {0xc0006ff8a0, 0x3, 0x418c94?})
	github.com/avast/retry-go/retry.go:135 +0x5a3
gitlab.nethead.at/symflower/symflower/language/java/execute.MavenDependencyCommand({0xc000812030, 0x26}, 0x0, {0xc00080d8c0, 0x6, 0x6})
	gitlab.nethead.at/symflower/symflower/language/java/execute/maven.go:60 +0x1c5
gitlab.nethead.at/symflower/symflower/language/java/execute.MavenCloverCoverage({0xc000812030, 0x26})
	gitlab.nethead.at/symflower/symflower/language/java/execute/clover.go:131 +0xc9
gitlab.nethead.at/symflower/symflower/cmd/symflower-local/cmd.(*commandTest).Execute(0xc000180978, {0xc000180800?, 0x7f4530c08978?, 0xc000180978?})
	gitlab.nethead.at/symflower/symflower/cmd/symflower-local/cmd/test.go:143 +0x54f
gitlab.nethead.at/symflower/symflower/cmd.ExecuteNoExit({0x1f425e0?, 0xc000180800}, {0xc0001a6000?, 0x2782d80?, 0xc00051bed8?})
	gitlab.nethead.at/symflower/symflower/cmd/execute.go:56 +0x2d0
gitlab.nethead.at/symflower/symflower/cmd.Execute({0x1f425e0?, 0xc000180800?}, {0xc0001a6000?, 0x274c500?, 0xc000180800?})
	gitlab.nethead.at/symflower/symflower/cmd/execute.go:16 +0x26
gitlab.nethead.at/symflower/symflower/cmd.ExecuteWithOSArguments(...)
	gitlab.nethead.at/symflower/symflower/cmd/execute.go:75
main.main.func1()
	gitlab.nethead.at/symflower/symflower/cmd/symflower-demo/main.go:40 +0x34
gitlab.nethead.at/symflower/symflower/cmd/symflower-local/cmd.(*Command).WithPanicReporter(0xc000128058?, 0x2636b18?)
	gitlab.nethead.at/symflower/symflower/cmd/symflower-local/cmd/cmd.go:184 +0x48
main.main()
	gitlab.nethead.at/symflower/symflower/cmd/symflower-demo/main.go:39 +0xa5

2024/06/19 10:02:29 Evaluated model "openrouter/google/palm-2-chat-bison" on task "write-tests" using language "java" and repository "java/plain": encountered 1 problems: [exit status 1
[0;34mGive us your feedback and let us know how we can improve Symflower at hello@symflower.com or https://github.com/symflower/symflower. Thanks so much for your help![0m
ERROR: All attempts fail:
#1: Internal error: exit status 1:
[]interface {}{
    "/tmp/eval-dev-quality3705907841/plain/",
    "[INFO] Scanning for projects...\n[WARNING] \n[WARNING] Some problems were encountered while building the effective model for eval.dev.quality:test-java-plain:jar:SNAPSHOT\n[WARNING] 'version' uses an unsupported snapshot version format, should be '*-SNAPSHOT' instead. @ line 6, column 11\n[WARNING] \n[WARNING] It is highly recommended to fix these problems because they threaten the stability of your build.\n[WARNING] \n[WARNING] For this reason, future Maven versions might no longer support building such malformed projects.\n[WARNING] \n[INFO] \n[INFO] ------------------< eval.dev.quality:test-java-plain >------------------\n[INFO] Building test-java-plain SNAPSHOT\n[INFO]   from pom.xml\n[INFO] --------------------------------[ jar ]---------------------------------\n[INFO] \n[INFO] --- clean:3.2.0:clean (default-clean) @ test-java-plain ---\n[INFO] \n[INFO] --- resources:3.3.0:resources (default-resources) @ test-java-plain ---\n[WARNING] Using platform encoding (ANSI_X3.4-1968 actually) to copy filtered resources, i.e. build is platform dependent!\n[INFO] skip non existing resourceDirectory /tmp/eval-dev-quality3705907841/plain/src/main/resources\n[INFO] \n[INFO] --- compiler:3.10.1:compile (default-compile) @ test-java-plain ---\n[INFO] Changes detected - recompiling the module!\n[WARNING] File encoding has not been set, using platform encoding ANSI_X3.4-1968, i.e. build is platform dependent!\n[INFO] Compiling 1 source file to /tmp/eval-dev-quality3705907841/plain/target/classes\n[INFO] \n[INFO] --- resources:3.3.0:resources (default-resources) @ test-java-plain ---\n[WARNING] Using platform encoding (ANSI_X3.4-1968 actually) to copy filtered resources, i.e. build is platform dependent!\n[INFO] skip non existing resourceDirectory /tmp/eval-dev-quality3705907841/plain/src/main/resources\n[INFO] \n[INFO] --- compiler:3.10.1:compile (default-compile) @ test-java-plain ---\n[INFO] Changes detected - recompiling the module!\n[WARNING] File encoding has not been set, using platform encoding ANSI_X3.4-1968, i.e. build is platform dependent!\n[INFO] Compiling 1 source file to /tmp/eval-dev-quality3705907841/plain/target/classes\n[INFO] \n[INFO] --- resources:3.3.0:testResources (default-testResources) @ test-java-plain ---\n[WARNING] Using platform encoding (ANSI_X3.4-1968 actually) to copy filtered resources, i.e. build is platform dependent!\n[INFO] skip non existing resourceDirectory /tmp/eval-dev-quality3705907841/plain/src/test/resources\n[INFO] \n[INFO] --- compiler:3.10.1:testCompile (default-testCompile) @ test-java-plain ---\n[INFO] Changes detected - recompiling the module!\n[WARNING] File encoding has not been set, using platform encoding ANSI_X3.4-1968, i.e. build is platform dependent!\n[INFO] Compiling 1 source file to /tmp/eval-dev-quality3705907841/plain/target/test-classes\n[INFO] -------------------------------------------------------------\n[ERROR] COMPILATION ERROR : \n[INFO] -------------------------------------------------------------\n[ERROR] /tmp/eval-dev-quality3705907841/plain/src/test/java/com/eval/PlainTest.java:[1,16] com.eval.Plain is not public in com.eval; cannot be accessed from outside package\n[ERROR] /tmp/eval-dev-quality3705907841/plain/src/test/java/com/eval/PlainTest.java:[8,9] com.eval.Plain is not public in com.eval; cannot be accessed from outside package\n[INFO] 2 errors \n[INFO] -------------------------------------------------------------\n[INFO] ------------------------------------------------------------------------\n[INFO] BUILD FAILURE\n[INFO] ------------------------------------------------------------------------\n[INFO] Total time:  0.951 s\n[INFO] Finished at: 2024-06-19T10:02:29Z\n[INFO] ------------------------------------------------------------------------\n[ERROR] Failed to execute goal org.apache.maven.plugins:maven-compiler-plugin:3.10.1:testCompile (default-testCompile) on project test-java-plain: Compilation failure: Compilation failure: \n[ERROR] /tmp/eval-dev-quality3705907841/plain/src/test/java/com/eval/PlainTest.java:[1,16] com.eval.Plain is not public in com.eval; cannot be accessed from outside package\n[ERROR] /tmp/eval-dev-quality3705907841/plain/src/test/java/com/eval/PlainTest.java:[8,9] com.eval.Plain is not public in com.eval; cannot be accessed from outside package\n[ERROR] -> [Help 1]\n[ERROR] \n[ERROR] To see the full stack trace of the errors, re-run Maven with the -e switch.\n[ERROR] Re-run Maven using the -X switch to enable full debug logging.\n[ERROR] \n[ERROR] For more information about the errors and possible solutions, please read the following articles:\n[ERROR] [Help 1] http://cwiki.apache.org/confluence/display/MAVEN/MojoFailureException\n",
}
Stacktrace: goroutine 1 [running]:
gitlab.nethead.at/symflower/symflower/model/errors.NewInternalError({0x1f42da0?, 0xc0001d9b40}, {0xffa8c0?, 0xc00074c5b8})
	gitlab.nethead.at/symflower/symflower/model/errors/error.go:850 +0x59
gitlab.nethead.at/symflower/symflower/language/java/execute.MavenDependencyCommand.func1()
	gitlab.nethead.at/symflower/symflower/language/java/execute/maven.go:80 +0x1ef
github.com/avast/retry-go.Do(0xc0006ff8b8, {0xc0006ff8a0, 0x3, 0x418c94?})
	github.com/avast/retry-go/retry.go:135 +0x5a3
gitlab.nethead.at/symflower/symflower/language/java/execute.MavenDependencyCommand({0xc000812030, 0x26}, 0x0, {0xc00080d8c0, 0x6, 0x6})
	gitlab.nethead.at/symflower/symflower/language/java/execute/maven.go:60 +0x1c5
gitlab.nethead.at/symflower/symflower/language/java/execute.MavenCloverCoverage({0xc000812030, 0x26})
	gitlab.nethead.at/symflower/symflower/language/java/execute/clover.go:131 +0xc9
gitlab.nethead.at/symflower/symflower/cmd/symflower-local/cmd.(*commandTest).Execute(0xc000180978, {0xc000180800?, 0x7f4530c08978?, 0xc000180978?})
	gitlab.nethead.at/symflower/symflower/cmd/symflower-local/cmd/test.go:143 +0x54f
gitlab.nethead.at/symflower/symflower/cmd.ExecuteNoExit({0x1f425e0?, 0xc000180800}, {0xc0001a6000?, 0x2782d80?, 0xc00051bed8?})
	gitlab.nethead.at/symflower/symflower/cmd/execute.go:56 +0x2d0
gitlab.nethead.at/symflower/symflower/cmd.Execute({0x1f425e0?, 0xc000180800?}, {0xc0001a6000?, 0x274c500?, 0xc000180800?})
	gitlab.nethead.at/symflower/symflower/cmd/execute.go:16 +0x26
gitlab.nethead.at/symflower/symflower/cmd.ExecuteWithOSArguments(...)
	gitlab.nethead.at/symflower/symflower/cmd/execute.go:75
main.main.func1()
	gitlab.nethead.at/symflower/symflower/cmd/symflower-demo/main.go:40 +0x34
gitlab.nethead.at/symflower/symflower/cmd/symflower-local/cmd.(*Command).WithPanicReporter(0xc000128058?, 0x2636b18?)
	gitlab.nethead.at/symflower/symflower/cmd/symflower-local/cmd/cmd.go:184 +0x48
main.main()
	gitlab.nethead.at/symflower/symflower/cmd/symflower-demo/main.go:39 +0xa5


github.com/symflower/eval-dev-quality/util.CommandWithResult
	/home/ubuntu/eval-dev-quality/util/exec.go:52
github.com/symflower/eval-dev-quality/language/java.(*Language).Execute
	/home/ubuntu/eval-dev-quality/language/java/language.go:108
github.com/symflower/eval-dev-quality/evaluate/task.(*TaskWriteTests).Run
	/home/ubuntu/eval-dev-quality/evaluate/task/task-write-test.go:91
github.com/symflower/eval-dev-quality/evaluate.Evaluate.func1
	/home/ubuntu/eval-dev-quality/evaluate/evaluate.go:128
github.com/symflower/eval-dev-quality/evaluate.withLoadedModel
	/home/ubuntu/eval-dev-quality/evaluate/evaluate.go:273
github.com/symflower/eval-dev-quality/evaluate.Evaluate
	/home/ubuntu/eval-dev-quality/evaluate/evaluate.go:118
github.com/symflower/eval-dev-quality/cmd/eval-dev-quality/cmd.(*Evaluate).Execute
	/home/ubuntu/eval-dev-quality/cmd/eval-dev-quality/cmd/evaluate.go:363
github.com/symflower/eval-dev-quality/cmd/eval-dev-quality/cmd.Execute.func1
	/home/ubuntu/eval-dev-quality/cmd/eval-dev-quality/cmd/command.go:34
github.com/jessevdk/go-flags.(*Parser).ParseArgs
	/home/ubuntu/go/pkg/mod/github.com/jessevdk/go-flags@v1.5.1-0.20210607101731-3927b71304df/parser.go:333
github.com/symflower/eval-dev-quality/cmd/eval-dev-quality/cmd.Execute
	/home/ubuntu/eval-dev-quality/cmd/eval-dev-quality/cmd/command.go:37
main.main
	/home/ubuntu/eval-dev-quality/cmd/eval-dev-quality/main.go:11
runtime.main
	/home/ubuntu/.eval-dev-quality/go/src/runtime/proc.go:267
runtime.goexit
	/home/ubuntu/.eval-dev-quality/go/src/runtime/asm_amd64.s:1650
github.com/symflower/eval-dev-quality/language/java.(*Language).Execute
	/home/ubuntu/eval-dev-quality/language/java/language.go:119
github.com/symflower/eval-dev-quality/evaluate/task.(*TaskWriteTests).Run
	/home/ubuntu/eval-dev-quality/evaluate/task/task-write-test.go:91
github.com/symflower/eval-dev-quality/evaluate.Evaluate.func1
	/home/ubuntu/eval-dev-quality/evaluate/evaluate.go:128
github.com/symflower/eval-dev-quality/evaluate.withLoadedModel
	/home/ubuntu/eval-dev-quality/evaluate/evaluate.go:273
github.com/symflower/eval-dev-quality/evaluate.Evaluate
	/home/ubuntu/eval-dev-quality/evaluate/evaluate.go:118
github.com/symflower/eval-dev-quality/cmd/eval-dev-quality/cmd.(*Evaluate).Execute
	/home/ubuntu/eval-dev-quality/cmd/eval-dev-quality/cmd/evaluate.go:363
github.com/symflower/eval-dev-quality/cmd/eval-dev-quality/cmd.Execute.func1
	/home/ubuntu/eval-dev-quality/cmd/eval-dev-quality/cmd/command.go:34
github.com/jessevdk/go-flags.(*Parser).ParseArgs
	/home/ubuntu/go/pkg/mod/github.com/jessevdk/go-flags@v1.5.1-0.20210607101731-3927b71304df/parser.go:333
github.com/symflower/eval-dev-quality/cmd/eval-dev-quality/cmd.Execute
	/home/ubuntu/eval-dev-quality/cmd/eval-dev-quality/cmd/command.go:37
main.main
	/home/ubuntu/eval-dev-quality/cmd/eval-dev-quality/main.go:11
runtime.main
	/home/ubuntu/.eval-dev-quality/go/src/runtime/proc.go:267
runtime.goexit
	/home/ubuntu/.eval-dev-quality/go/src/runtime/asm_amd64.s:1650
[0;34mGive us your feedback and let us know how we can improve Symflower at hello@symflower.com or https://github.com/symflower/symflower. Thanks so much for your help![0m
ERROR: All attempts fail:
#1: Internal error: exit status 1:
[]interface {}{
    "/tmp/eval-dev-quality3705907841/plain/",
    "[INFO] Scanning for projects...\n[WARNING] \n[WARNING] Some problems were encountered while building the effective model for eval.dev.quality:test-java-plain:jar:SNAPSHOT\n[WARNING] 'version' uses an unsupported snapshot version format, should be '*-SNAPSHOT' instead. @ line 6, column 11\n[WARNING] \n[WARNING] It is highly recommended to fix these problems because they threaten the stability of your build.\n[WARNING] \n[WARNING] For this reason, future Maven versions might no longer support building such malformed projects.\n[WARNING] \n[INFO] \n[INFO] ------------------< eval.dev.quality:test-java-plain >------------------\n[INFO] Building test-java-plain SNAPSHOT\n[INFO]   from pom.xml\n[INFO] --------------------------------[ jar ]---------------------------------\n[INFO] \n[INFO] --- clean:3.2.0:clean (default-clean) @ test-java-plain ---\n[INFO] \n[INFO] --- resources:3.3.0:resources (default-resources) @ test-java-plain ---\n[WARNING] Using platform encoding (ANSI_X3.4-1968 actually) to copy filtered resources, i.e. build is platform dependent!\n[INFO] skip non existing resourceDirectory /tmp/eval-dev-quality3705907841/plain/src/main/resources\n[INFO] \n[INFO] --- compiler:3.10.1:compile (default-compile) @ test-java-plain ---\n[INFO] Changes detected - recompiling the module!\n[WARNING] File encoding has not been set, using platform encoding ANSI_X3.4-1968, i.e. build is platform dependent!\n[INFO] Compiling 1 source file to /tmp/eval-dev-quality3705907841/plain/target/classes\n[INFO] \n[INFO] --- resources:3.3.0:resources (default-resources) @ test-java-plain ---\n[WARNING] Using platform encoding (ANSI_X3.4-1968 actually) to copy filtered resources, i.e. build is platform dependent!\n[INFO] skip non existing resourceDirectory /tmp/eval-dev-quality3705907841/plain/src/main/resources\n[INFO] \n[INFO] --- compiler:3.10.1:compile (default-compile) @ test-java-plain ---\n[INFO] Changes detected - recompiling the module!\n[WARNING] File encoding has not been set, using platform encoding ANSI_X3.4-1968, i.e. build is platform dependent!\n[INFO] Compiling 1 source file to /tmp/eval-dev-quality3705907841/plain/target/classes\n[INFO] \n[INFO] --- resources:3.3.0:testResources (default-testResources) @ test-java-plain ---\n[WARNING] Using platform encoding (ANSI_X3.4-1968 actually) to copy filtered resources, i.e. build is platform dependent!\n[INFO] skip non existing resourceDirectory /tmp/eval-dev-quality3705907841/plain/src/test/resources\n[INFO] \n[INFO] --- compiler:3.10.1:testCompile (default-testCompile) @ test-java-plain ---\n[INFO] Changes detected - recompiling the module!\n[WARNING] File encoding has not been set, using platform encoding ANSI_X3.4-1968, i.e. build is platform dependent!\n[INFO] Compiling 1 source file to /tmp/eval-dev-quality3705907841/plain/target/test-classes\n[INFO] -------------------------------------------------------------\n[ERROR] COMPILATION ERROR : \n[INFO] -------------------------------------------------------------\n[ERROR] /tmp/eval-dev-quality3705907841/plain/src/test/java/com/eval/PlainTest.java:[1,16] com.eval.Plain is not public in com.eval; cannot be accessed from outside package\n[ERROR] /tmp/eval-dev-quality3705907841/plain/src/test/java/com/eval/PlainTest.java:[8,9] com.eval.Plain is not public in com.eval; cannot be accessed from outside package\n[INFO] 2 errors \n[INFO] -------------------------------------------------------------\n[INFO] ------------------------------------------------------------------------\n[INFO] BUILD FAILURE\n[INFO] ------------------------------------------------------------------------\n[INFO] Total time:  0.951 s\n[INFO] Finished at: 2024-06-19T10:02:29Z\n[INFO] ------------------------------------------------------------------------\n[ERROR] Failed to execute goal org.apache.maven.plugins:maven-compiler-plugin:3.10.1:testCompile (default-testCompile) on project test-java-plain: Compilation failure: Compilation failure: \n[ERROR] /tmp/eval-dev-quality3705907841/plain/src/test/java/com/eval/PlainTest.java:[1,16] com.eval.Plain is not public in com.eval; cannot be accessed from outside package\n[ERROR] /tmp/eval-dev-quality3705907841/plain/src/test/java/com/eval/PlainTest.java:[8,9] com.eval.Plain is not public in com.eval; cannot be accessed from outside package\n[ERROR] -> [Help 1]\n[ERROR] \n[ERROR] To see the full stack trace of the errors, re-run Maven with the -e switch.\n[ERROR] Re-run Maven using the -X switch to enable full debug logging.\n[ERROR] \n[ERROR] For more information about the errors and possible solutions, please read the following articles:\n[ERROR] [Help 1] http://cwiki.apache.org/confluence/display/MAVEN/MojoFailureException\n",
}
Stacktrace: goroutine 1 [running]:
gitlab.nethead.at/symflower/symflower/model/errors.NewInternalError({0x1f42da0?, 0xc0001d9b40}, {0xffa8c0?, 0xc00074c5b8})
	gitlab.nethead.at/symflower/symflower/model/errors/error.go:850 +0x59
gitlab.nethead.at/symflower/symflower/language/java/execute.MavenDependencyCommand.func1()
	gitlab.nethead.at/symflower/symflower/language/java/execute/maven.go:80 +0x1ef
github.com/avast/retry-go.Do(0xc0006ff8b8, {0xc0006ff8a0, 0x3, 0x418c94?})
	github.com/avast/retry-go/retry.go:135 +0x5a3
gitlab.nethead.at/symflower/symflower/language/java/execute.MavenDependencyCommand({0xc000812030, 0x26}, 0x0, {0xc00080d8c0, 0x6, 0x6})
	gitlab.nethead.at/symflower/symflower/language/java/execute/maven.go:60 +0x1c5
gitlab.nethead.at/symflower/symflower/language/java/execute.MavenCloverCoverage({0xc000812030, 0x26})
	gitlab.nethead.at/symflower/symflower/language/java/execute/clover.go:131 +0xc9
gitlab.nethead.at/symflower/symflower/cmd/symflower-local/cmd.(*commandTest).Execute(0xc000180978, {0xc000180800?, 0x7f4530c08978?, 0xc000180978?})
	gitlab.nethead.at/symflower/symflower/cmd/symflower-local/cmd/test.go:143 +0x54f
gitlab.nethead.at/symflower/symflower/cmd.ExecuteNoExit({0x1f425e0?, 0xc000180800}, {0xc0001a6000?, 0x2782d80?, 0xc00051bed8?})
	gitlab.nethead.at/symflower/symflower/cmd/execute.go:56 +0x2d0
gitlab.nethead.at/symflower/symflower/cmd.Execute({0x1f425e0?, 0xc000180800?}, {0xc0001a6000?, 0x274c500?, 0xc000180800?})
	gitlab.nethead.at/symflower/symflower/cmd/execute.go:16 +0x26
gitlab.nethead.at/symflower/symflower/cmd.ExecuteWithOSArguments(...)
	gitlab.nethead.at/symflower/symflower/cmd/execute.go:75
main.main.func1()
	gitlab.nethead.at/symflower/symflower/cmd/symflower-demo/main.go:40 +0x34
gitlab.nethead.at/symflower/symflower/cmd/symflower-local/cmd.(*Command).WithPanicReporter(0xc000128058?, 0x2636b18?)
	gitlab.nethead.at/symflower/symflower/cmd/symflower-local/cmd/cmd.go:184 +0x48
main.main()
	gitlab.nethead.at/symflower/symflower/cmd/symflower-demo/main.go:39 +0xa5


src/main/java/com/eval/Plain.java]
