2024/06/19 10:01:46 Evaluating model "openrouter/liuhaotian/llava-yi-34b" on task "write-tests" using language "java" and repository "java/plain"
2024/06/19 10:01:46 Querying model "openrouter/liuhaotian/llava-yi-34b" with:
	Given the following Java code file "src/main/java/com/eval/Plain.java" with package "com.eval", provide a test file for this code with JUnit 5 as a test framework.
	The tests should produce 100 percent code coverage and must compile.
	The response must contain only the test code and nothing else.

	```java
	package com.eval;

	class Plain {
	    static void plain() {
	    }
	}
	```
2024/06/19 10:01:47 Model "openrouter/liuhaotian/llava-yi-34b" responded (1335 ms) with:
	import static org.junit.jupiter.api.Assertions.*;
	import org.junit.jupiter.api.Test;

	class PlainTest {
	    @Test
	    void testPlain() {
	        Plain.plain();
	    }
	}
2024/06/19 10:01:47 $ symflower test --language java --workspace /tmp/eval-dev-quality3410818693/plain --coverage-file /tmp/eval-dev-quality3410818693/plain/coverage.json
[0;34mGive us your feedback and let us know how we can improve Symflower at hello@symflower.com or https://github.com/symflower/symflower. Thanks so much for your help![0m
ERROR: All attempts fail:
#1: Internal error: exit status 1:
[]interface {}{
    "/tmp/eval-dev-quality3410818693/plain/",
    "[INFO] Scanning for projects...\n[WARNING] \n[WARNING] Some problems were encountered while building the effective model for eval.dev.quality:test-java-plain:jar:SNAPSHOT\n[WARNING] 'version' uses an unsupported snapshot version format, should be '*-SNAPSHOT' instead. @ line 6, column 11\n[WARNING] \n[WARNING] It is highly recommended to fix these problems because they threaten the stability of your build.\n[WARNING] \n[WARNING] For this reason, future Maven versions might no longer support building such malformed projects.\n[WARNING] \nDownloading from central: https://repo.maven.apache.org/maven2/org/openclover/clover-maven-plugin/4.5.2/clover-maven-plugin-4.5.2.pom\nProgress (1): 1.4/16 kB\rProgress (1): 2.8/16 kB\rProgress (1): 4.1/16 kB\rProgress (1): 5.5/16 kB\rProgress (1): 6.9/16 kB\rProgress (1): 8.3/16 kB\rProgress (1): 9.7/16 kB\rProgress (1): 11/16 kB \rProgress (1): 12/16 kB\rProgress (1): 14/16 kB\rProgress (1): 15/16 kB\rProgress (1): 16 kB   \r                   \rDownloaded from central: https://repo.maven.apache.org/maven2/org/openclover/clover-maven-plugin/4.5.2/clover-maven-plugin-4.5.2.pom (16 kB at 79 kB/s)\nDownloading from central: https://repo.maven.apache.org/maven2/org/openclover/clover-maven-plugin/4.5.2/clover-maven-plugin-4.5.2.jar\nProgress (1): 16/148 kB\rProgress (1): 33/148 kB\rProgress (1): 49/148 kB\rProgress (1): 66/148 kB\rProgress (1): 82/148 kB\rProgress (1): 98/148 kB\rProgress (1): 115/148 kB\rProgress (1): 131/148 kB\rProgress (1): 147/148 kB\rProgress (1): 148 kB    \r                    \rDownloaded from central: https://repo.maven.apache.org/maven2/org/openclover/clover-maven-plugin/4.5.2/clover-maven-plugin-4.5.2.jar (148 kB at 5.1 MB/s)\n[INFO] \n[INFO] ------------------< eval.dev.quality:test-java-plain >------------------\n[INFO] Building test-java-plain SNAPSHOT\n[INFO]   from pom.xml\n[INFO] --------------------------------[ jar ]---------------------------------\nDownloading from central: https://repo.maven.apache.org/maven2/org/apache/maven/plugins/maven-clean-plugin/3.2.0/maven-clean-plugin-3.2.0.pom\nProgress (1): 5.3 kB\r                    \rDownloaded from central: https://repo.maven.apache.org/maven2/org/apache/maven/plugins/maven-clean-plugin/3.2.0/maven-clean-plugin-3.2.0.pom (5.3 kB at 590 kB/s)\nDownloading from central: https://repo.maven.apache.org/maven2/org/apache/maven/plugins/maven-plugins/35/maven-plugins-35.pom\nProgress (1): 9.9 kB\r                    \rDownloaded from central: https://repo.maven.apache.org/maven2/org/apache/maven/plugins/maven-plugins/35/maven-plugins-35.pom (9.9 kB at 1.1 MB/s)\nDownloading from central: https://repo.maven.apache.org/maven2/org/apache/maven/maven-parent/35/maven-parent-35.pom\nProgress (1): 16/45 kB\rProgress (1): 33/45 kB\rProgress (1): 45 kB   \r                   \rDownloaded from central: https://repo.maven.apache.org/maven2/org/apache/maven/maven-parent/35/maven-parent-35.pom (45 kB at 4.5 MB/s)\nDownloading from central: https://repo.maven.apache.org/maven2/org/apache/apache/25/apache-25.pom\nProgress (1): 16/21 kB\rProgress (1): 21 kB   \r                   \rDownloaded from central: https://repo.maven.apache.org/maven2/org/apache/apache/25/apache-25.pom (21 kB at 2.1 MB/s)\nDownloading from central: https://repo.maven.apache.org/maven2/org/apache/maven/plugins/maven-clean-plugin/3.2.0/maven-clean-plugin-3.2.0.jar\nProgress (1): 16/36 kB\rProgress (1): 33/36 kB\rProgress (1): 36 kB   \r                   \rDownloaded from central: https://repo.maven.apache.org/maven2/org/apache/maven/plugins/maven-clean-plugin/3.2.0/maven-clean-plugin-3.2.0.jar (36 kB at 3.2 MB/s)\nDownloading from central: https://repo.maven.apache.org/maven2/org/apache/maven/plugins/maven-resources-plugin/3.3.0/maven-resources-plugin-3.3.0.pom\nProgress (1): 8.5 kB\r                    \rDownloaded from central: https://repo.maven.apache.org/maven2/org/apache/maven/plugins/maven-resources-plugin/3.3.0/maven-resources-plugin-3.3.0.pom (8.5 kB at 944 kB/s)\nDownloading from central: https://repo.maven.apache.org/maven2/org/apache/maven/plugins/maven-plugins/36/maven-plugins-36.pom\nProgress (1): 9.9 kB\r                    \rDownloaded from central: https://repo.maven.apache.org/maven2/org/apache/maven/plugins/maven-plugins/36/maven-plugins-36.pom (9.9 kB at 1.1 MB/s)\nDownloading from central: https://repo.maven.apache.org/maven2/org/apache/maven/maven-parent/36/maven-parent-36.pom\nProgress (1): 16/45 kB\rProgress (1): 33/45 kB\rProgress (1): 45 kB   \r                   \rDownloaded from central: https://repo.maven.apache.org/maven2/org/apache/maven/maven-parent/36/maven-parent-36.pom (45 kB at 5.1 MB/s)\nDownloading from central: https://repo.maven.apache.org/maven2/org/apache/apache/26/apache-26.pom\nProgress (1): 16/21 kB\rProgress (1): 21 kB   \r                   \rDownloaded from central: https://repo.maven.apache.org/maven2/org/apache/apache/26/apache-26.pom (21 kB at 2.3 MB/s)\nDownloading from central: https://repo.maven.apache.org/maven2/org/apache/maven/plugins/maven-resources-plugin/3.3.0/maven-resources-plugin-3.3.0.jar\nProgress (1): 16/32 kB\rProgress (1): 32 kB   \r                   \rDownloaded from central: https://repo.maven.apache.org/maven2/org/apache/maven/plugins/maven-resources-plugin/3.3.0/maven-resources-plugin-3.3.0.jar (32 kB at 3.5 MB/s)\nDownloading from central: https://repo.maven.apache.org/maven2/org/apache/maven/plugins/maven-compiler-plugin/3.10.1/maven-compiler-plugin-3.10.1.pom\nProgress (1): 13 kB\r                   \rDownloaded from central: https://repo.maven.apache.org/maven2/org/apache/maven/plugins/maven-compiler-plugin/3.10.1/maven-compiler-plugin-3.10.1.pom (13 kB at 1.6 MB/s)\nDownloading from central: https://repo.maven.apache.org/maven2/org/apache/maven/plugins/maven-plugins/34/maven-plugins-34.pom\nProgress (1): 11 kB\r                   \rDownloaded from central: https://repo.maven.apache.org/maven2/org/apache/maven/plugins/maven-plugins/34/maven-plugins-34.pom (11 kB at 1.3 MB/s)\nDownloading from central: https://repo.maven.apache.org/maven2/org/apache/maven/maven-parent/34/maven-parent-34.pom\nProgress (1): 16/43 kB\rProgress (1): 33/43 kB\rProgress (1): 43 kB   \r                   \rDownloaded from central: https://repo.maven.apache.org/maven2/org/apache/maven/maven-parent/34/maven-parent-34.pom (43 kB at 5.4 MB/s)\nDownloading from central: https://repo.maven.apache.org/maven2/org/apache/apache/23/apache-23.pom\nProgress (1): 16/18 kB\rProgress (1): 18 kB   \r                   \rDownloaded from central: https://repo.maven.apache.org/maven2/org/apache/apache/23/apache-23.pom (18 kB at 2.3 MB/s)\nDownloading from central: https://repo.maven.apache.org/maven2/org/apache/maven/plugins/maven-compiler-plugin/3.10.1/maven-compiler-plugin-3.10.1.jar\nProgress (1): 16/62 kB\rProgress (1): 33/62 kB\rProgress (1): 49/62 kB\rProgress (1): 62 kB   \r                   \rDownloaded from central: https://repo.maven.apache.org/maven2/org/apache/maven/plugins/maven-compiler-plugin/3.10.1/maven-compiler-plugin-3.10.1.jar (62 kB at 6.2 MB/s)\nDownloading from central: https://repo.maven.apache.org/maven2/org/apache/maven/plugins/maven-surefire-plugin/3.2.5/maven-surefire-plugin-3.2.5.pom\nProgress (1): 5.3 kB\r                    \rDownloaded from central: https://repo.maven.apache.org/maven2/org/apache/maven/plugins/maven-surefire-plugin/3.2.5/maven-surefire-plugin-3.2.5.pom (5.3 kB at 665 kB/s)\nDownloading from central: https://repo.maven.apache.org/maven2/org/apache/maven/surefire/surefire/3.2.5/surefire-3.2.5.pom\nProgress (1): 16/22 kB\rProgress (1): 22 kB   \r                   \rDownloaded from central: https://repo.maven.apache.org/maven2/org/apache/maven/surefire/surefire/3.2.5/surefire-3.2.5.pom (22 kB at 2.2 MB/s)\nDownloading from central: https://repo.maven.apache.org/maven2/org/apache/maven/maven-parent/41/maven-parent-41.pom\nProgress (1): 16/50 kB\rProgress (1): 32/50 kB\rProgress (1): 49/50 kB\rProgress (1): 50 kB   \r                   \rDownloaded from central: https://repo.maven.apache.org/maven2/org/apache/maven/maven-parent/41/maven-parent-41.pom (50 kB at 4.2 MB/s)\nDownloading from central: https://repo.maven.apache.org/maven2/org/apache/apache/31/apache-31.pom\nProgress (1): 16/24 kB\rProgress (1): 24 kB   \r                   \rDownloaded from central: https://repo.maven.apache.org/maven2/org/apache/apache/31/apache-31.pom (24 kB at 2.6 MB/s)\nDownloading from central: https://repo.maven.apache.org/maven2/org/junit/junit-bom/5.9.3/junit-bom-5.9.3.pom\nProgress (1): 5.6 kB\r                    \rDownloaded from central: https://repo.maven.apache.org/maven2/org/junit/junit-bom/5.9.3/junit-bom-5.9.3.pom (5.6 kB at 626 kB/s)\nDownloading from central: https://repo.maven.apache.org/maven2/org/apache/maven/plugins/maven-surefire-plugin/3.2.5/maven-surefire-plugin-3.2.5.jar\nProgress (1): 16/45 kB\rProgress (1): 33/45 kB\rProgress (1): 45 kB   \r                   \rDownloaded from central: https://repo.maven.apache.org/maven2/org/apache/maven/plugins/maven-surefire-plugin/3.2.5/maven-surefire-plugin-3.2.5.jar (45 kB at 5.0 MB/s)\nDownloading from central: https://repo.maven.apache.org/maven2/org/junit/jupiter/junit-jupiter/5.8.2/junit-jupiter-5.8.2.pom\nProgress (1): 3.2 kB\r                    \rDownloaded from central: https://repo.maven.apache.org/maven2/org/junit/jupiter/junit-jupiter/5.8.2/junit-jupiter-5.8.2.pom (3.2 kB at 356 kB/s)\nDownloading from central: https://repo.maven.apache.org/maven2/org/junit/junit-bom/5.8.2/junit-bom-5.8.2.pom\nProgress (1): 2.5/5.6 kB\rProgress (1): 5.6 kB    \r                    \rDownloaded from central: https://repo.maven.apache.org/maven2/org/junit/junit-bom/5.8.2/junit-bom-5.8.2.pom (5.6 kB at 704 kB/s)\nDownloading from central: https://repo.maven.apache.org/maven2/org/junit/jupiter/junit-jupiter-api/5.8.2/junit-jupiter-api-5.8.2.pom\nProgress (1): 3.2 kB\r                    \rDownloaded from central: https://repo.maven.apache.org/maven2/org/junit/jupiter/junit-jupiter-api/5.8.2/junit-jupiter-api-5.8.2.pom (3.2 kB at 398 kB/s)\nDownloading from central: https://repo.maven.apache.org/maven2/org/opentest4j/opentest4j/1.2.0/opentest4j-1.2.0.pom\nProgress (1): 1.7 kB\r                    \rDownloaded from central: https://repo.maven.apache.org/maven2/org/opentest4j/opentest4j/1.2.0/opentest4j-1.2.0.pom (1.7 kB at 240 kB/s)\nDownloading from central: https://repo.maven.apache.org/maven2/org/junit/platform/junit-platform-commons/1.8.2/junit-platform-commons-1.8.2.pom\nProgress (1): 2.8 kB\r                    \rDownloaded from central: https://repo.maven.apache.org/maven2/org/junit/platform/junit-platform-commons/1.8.2/junit-platform-commons-1.8.2.pom (2.8 kB at 404 kB/s)\nDownloading from central: https://repo.maven.apache.org/maven2/org/apiguardian/apiguardian-api/1.1.2/apiguardian-api-1.1.2.pom\nProgress (1): 1.5 kB\r                    \rDownloaded from central: https://repo.maven.apache.org/maven2/org/apiguardian/apiguardian-api/1.1.2/apiguardian-api-1.1.2.pom (1.5 kB at 191 kB/s)\nDownloading from central: https://repo.maven.apache.org/maven2/org/junit/jupiter/junit-jupiter-params/5.8.2/junit-jupiter-params-5.8.2.pom\nProgress (1): 3.0 kB\r                    \rDownloaded from central: https://repo.maven.apache.org/maven2/org/junit/jupiter/junit-jupiter-params/5.8.2/junit-jupiter-params-5.8.2.pom (3.0 kB at 376 kB/s)\nDownloading from central: https://repo.maven.apache.org/maven2/org/junit/jupiter/junit-jupiter-engine/5.8.2/junit-jupiter-engine-5.8.2.pom\nProgress (1): 3.2 kB\r                    \rDownloaded from central: https://repo.maven.apache.org/maven2/org/junit/jupiter/junit-jupiter-engine/5.8.2/junit-jupiter-engine-5.8.2.pom (3.2 kB at 400 kB/s)\nDownloading from central: https://repo.maven.apache.org/maven2/org/junit/platform/junit-platform-engine/1.8.2/junit-platform-engine-1.8.2.pom\nProgress (1): 3.2 kB\r                    \rDownloaded from central: https://repo.maven.apache.org/maven2/org/junit/platform/junit-platform-engine/1.8.2/junit-platform-engine-1.8.2.pom (3.2 kB at 457 kB/s)\nDownloading from central: https://repo.maven.apache.org/maven2/org/junit/jupiter/junit-jupiter/5.8.2/junit-jupiter-5.8.2.jar\nProgress (1): 6.4 kB\r                    \rDownloaded from central: https://repo.maven.apache.org/maven2/org/junit/jupiter/junit-jupiter/5.8.2/junit-jupiter-5.8.2.jar (6.4 kB at 909 kB/s)\nDownloading from central: https://repo.maven.apache.org/maven2/org/junit/jupiter/junit-jupiter-api/5.8.2/junit-jupiter-api-5.8.2.jar\nDownloading from central: https://repo.maven.apache.org/maven2/org/opentest4j/opentest4j/1.2.0/opentest4j-1.2.0.jar\nDownloading from central: https://repo.maven.apache.org/maven2/org/junit/platform/junit-platform-commons/1.8.2/junit-platform-commons-1.8.2.jar\nDownloading from central: https://repo.maven.apache.org/maven2/org/apiguardian/apiguardian-api/1.1.2/apiguardian-api-1.1.2.jar\nDownloading from central: https://repo.maven.apache.org/maven2/org/junit/jupiter/junit-jupiter-params/5.8.2/junit-jupiter-params-5.8.2.jar\nProgress (1): 7.7 kB\r                    \rDownloaded from central: https://repo.maven.apache.org/maven2/org/opentest4j/opentest4j/1.2.0/opentest4j-1.2.0.jar (7.7 kB at 589 kB/s)\nDownloading from central: https://repo.maven.apache.org/maven2/org/junit/jupiter/junit-jupiter-engine/5.8.2/junit-jupiter-engine-5.8.2.jar\nProgress (1): 16/230 kB\rProgress (1): 33/230 kB\rProgress (1): 49/230 kB\rProgress (1): 66/230 kB\rProgress (1): 82/230 kB\rProgress (1): 98/230 kB\rProgress (1): 115/230 kB\rProgress (1): 131/230 kB\rProgress (1): 147/230 kB\rProgress (1): 164/230 kB\rProgress (1): 180/230 kB\rProgress (1): 197/230 kB\rProgress (1): 213/230 kB\rProgress (1): 229/230 kB\rProgress (1): 230 kB    \r                    \rDownloaded from central: https://repo.maven.apache.org/maven2/org/junit/jupiter/junit-jupiter-engine/5.8.2/junit-jupiter-engine-5.8.2.jar (230 kB at 8.8 MB/s)\nDownloading from central: https://repo.maven.apache.org/maven2/org/junit/platform/junit-platform-engine/1.8.2/junit-platform-engine-1.8.2.jar\nProgress (1): 1.4/6.8 kB\rProgress (2): 1.4/6.8 kB | 1.4/100 kB\rProgress (2): 2.8/6.8 kB | 1.4/100 kB\rProgress (2): 2.8/6.8 kB | 2.8/100 kB\rProgress (2): 4.1/6.8 kB | 2.8/100 kB\rProgress (2): 4.1/6.8 kB | 4.1/100 kB\rProgress (2): 5.5/6.8 kB | 4.1/100 kB\rProgress (2): 5.5/6.8 kB | 5.5/100 kB\rProgress (2): 6.8 kB | 5.5/100 kB    \rProgress (2): 6.8 kB | 6.9/100 kB\rProgress (2): 6.8 kB | 8.3/100 kB\rProgress (2): 6.8 kB | 9.7/100 kB\r                                 \rDownloaded from central: https://repo.maven.apache.org/maven2/org/apiguardian/apiguardian-api/1.1.2/apiguardian-api-1.1.2.jar (6.8 kB at 227 kB/s)\nProgress (1): 11/100 kB\rProgress (1): 12/100 kB\rProgress (2): 12/100 kB | 16/577 kB\rProgress (2): 14/100 kB | 16/577 kB\rProgress (2): 15/100 kB | 16/577 kB\rProgress (2): 16/100 kB | 16/577 kB\rProgress (2): 16/100 kB | 33/577 kB\rProgress (2): 32/100 kB | 33/577 kB\rProgress (2): 49/100 kB | 33/577 kB\rProgress (2): 65/100 kB | 33/577 kB\rProgress (3): 65/100 kB | 33/577 kB | 16/194 kB\rProgress (4): 65/100 kB | 33/577 kB | 16/194 kB | 16/186 kB\rProgress (4): 65/100 kB | 33/577 kB | 16/194 kB | 33/186 kB\rProgress (4): 65/100 kB | 49/577 kB | 16/194 kB | 33/186 kB\rProgress (4): 65/100 kB | 49/577 kB | 16/194 kB | 49/186 kB\rProgress (4): 65/100 kB | 49/577 kB | 33/194 kB | 49/186 kB\rProgress (4): 65/100 kB | 66/577 kB | 33/194 kB | 49/186 kB\rProgress (4): 65/100 kB | 66/577 kB | 33/194 kB | 66/186 kB\rProgress (4): 81/100 kB | 66/577 kB | 33/194 kB | 66/186 kB\rProgress (4): 81/100 kB | 82/577 kB | 33/194 kB | 66/186 kB\rProgress (4): 81/100 kB | 82/577 kB | 33/194 kB | 82/186 kB\rProgress (4): 98/100 kB | 82/577 kB | 33/194 kB | 82/186 kB\rProgress (4): 98/100 kB | 82/577 kB | 33/194 kB | 98/186 kB\rProgress (4): 100 kB | 82/577 kB | 33/194 kB | 98/186 kB   \rProgress (4): 100 kB | 82/577 kB | 49/194 kB | 98/186 kB\rProgress (4): 100 kB | 98/577 kB | 49/194 kB | 98/186 kB\rProgress (4): 100 kB | 98/577 kB | 49/194 kB | 115/186 kB\r                                                         \rDownloaded from central: https://repo.maven.apache.org/maven2/org/junit/platform/junit-platform-commons/1.8.2/junit-platform-commons-1.8.2.jar (100 kB at 2.6 MB/s)\nProgress (3): 98/577 kB | 49/194 kB | 131/186 kB\rProgress (3): 98/577 kB | 66/194 kB | 131/186 kB\rProgress (3): 98/577 kB | 66/194 kB | 147/186 kB\rProgress (3): 115/577 kB | 66/194 kB | 147/186 kB\rProgress (3): 115/577 kB | 66/194 kB | 164/186 kB\rProgress (3): 115/577 kB | 82/194 kB | 164/186 kB\rProgress (3): 131/577 kB | 82/194 kB | 164/186 kB\rProgress (3): 131/577 kB | 82/194 kB | 180/186 kB\rProgress (3): 147/577 kB | 82/194 kB | 180/186 kB\rProgress (3): 147/577 kB | 82/194 kB | 186 kB    \rProgress (3): 164/577 kB | 82/194 kB | 186 kB\rProgress (3): 180/577 kB | 82/194 kB | 186 kB\r                                             \rDownloaded from central: https://repo.maven.apache.org/maven2/org/junit/platform/junit-platform-engine/1.8.2/junit-platform-engine-1.8.2.jar (186 kB at 4.6 MB/s)\nProgress (2): 180/577 kB | 98/194 kB\rProgress (2): 180/577 kB | 115/194 kB\rProgress (2): 197/577 kB | 115/194 kB\rProgress (2): 197/577 kB | 131/194 kB\rProgress (2): 213/577 kB | 131/194 kB\rProgress (2): 229/577 kB | 131/194 kB\rProgress (2): 229/577 kB | 147/194 kB\rProgress (2): 229/577 kB | 164/194 kB\rProgress (2): 246/577 kB | 164/194 kB\rProgress (2): 262/577 kB | 164/194 kB\rProgress (2): 279/577 kB | 164/194 kB\rProgress (2): 279/577 kB | 180/194 kB\rProgress (2): 295/577 kB | 180/194 kB\rProgress (2): 295/577 kB | 194 kB    \rProgress (2): 311/577 kB | 194 kB\r                                 \rDownloaded from central: https://repo.maven.apache.org/maven2/org/junit/jupiter/junit-jupiter-api/5.8.2/junit-jupiter-api-5.8.2.jar (194 kB at 4.0 MB/s)\nProgress (1): 328/577 kB\rProgress (1): 344/577 kB\rProgress (1): 360/577 kB\rProgress (1): 377/577 kB\rProgress (1): 393/577 kB\rProgress (1): 410/577 kB\rProgress (1): 426/577 kB\rProgress (1): 442/577 kB\rProgress (1): 459/577 kB\rProgress (1): 475/577 kB\rProgress (1): 492/577 kB\rProgress (1): 508/577 kB\rProgress (1): 524/577 kB\rProgress (1): 541/577 kB\rProgress (1): 557/577 kB\rProgress (1): 573/577 kB\rProgress (1): 577 kB    \r                    \rDownloaded from central: https://repo.maven.apache.org/maven2/org/junit/jupiter/junit-jupiter-params/5.8.2/junit-jupiter-params-5.8.2.jar (577 kB at 11 MB/s)\n[INFO] \n[INFO] --- clean:3.2.0:clean (default-clean) @ test-java-plain ---\nDownloading from central: https://repo.maven.apache.org/maven2/org/apache/maven/shared/maven-shared-utils/3.3.4/maven-shared-utils-3.3.4.pom\nProgress (1): 5.8 kB\r                    \rDownloaded from central: https://repo.maven.apache.org/maven2/org/apache/maven/shared/maven-shared-utils/3.3.4/maven-shared-utils-3.3.4.pom (5.8 kB at 729 kB/s)\nDownloading from central: https://repo.maven.apache.org/maven2/org/apache/maven/shared/maven-shared-components/34/maven-shared-components-34.pom\nProgress (1): 5.1 kB\r                    \rDownloaded from central: https://repo.maven.apache.org/maven2/org/apache/maven/shared/maven-shared-components/34/maven-shared-components-34.pom (5.1 kB at 728 kB/s)\nDownloading from central: https://repo.maven.apache.org/maven2/commons-io/commons-io/2.6/commons-io-2.6.pom\nProgress (1): 14 kB\r                   \rDownloaded from central: https://repo.maven.apache.org/maven2/commons-io/commons-io/2.6/commons-io-2.6.pom (14 kB at 2.0 MB/s)\nDownloading from central: https://repo.maven.apache.org/maven2/org/apache/commons/commons-parent/42/commons-parent-42.pom\nProgress (1): 16/68 kB\rProgress (1): 33/68 kB\rProgress (1): 49/68 kB\rProgress (1): 66/68 kB\rProgress (1): 68 kB   \r                   \rDownloaded from central: https://repo.maven.apache.org/maven2/org/apache/commons/commons-parent/42/commons-parent-42.pom (68 kB at 8.5 MB/s)\nDownloading from central: https://repo.maven.apache.org/maven2/org/apache/apache/18/apache-18.pom\nProgress (1): 16 kB\r                   \rDownloaded from central: https://repo.maven.apache.org/maven2/org/apache/apache/18/apache-18.pom (16 kB at 2.0 MB/s)\nDownloading from central: https://repo.maven.apache.org/maven2/org/apache/maven/shared/maven-shared-utils/3.3.4/maven-shared-utils-3.3.4.jar\nProgress (1): 16/153 kB\rProgress (1): 33/153 kB\rProgress (1): 49/153 kB\rProgress (1): 66/153 kB\rProgress (1): 82/153 kB\rProgress (1): 98/153 kB\rProgress (1): 115/153 kB\rProgress (1): 131/153 kB\rProgress (1): 147/153 kB\rProgress (1): 153 kB    \r                    \rDownloaded from central: https://repo.maven.apache.org/maven2/org/apache/maven/shared/maven-shared-utils/3.3.4/maven-shared-utils-3.3.4.jar (153 kB at 13 MB/s)\nDownloading from central: https://repo.maven.apache.org/maven2/commons-io/commons-io/2.6/commons-io-2.6.jar\nProgress (1): 16/215 kB\rProgress (1): 32/215 kB\rProgress (1): 49/215 kB\rProgress (1): 65/215 kB\rProgress (1): 81/215 kB\rProgress (1): 98/215 kB\rProgress (1): 114/215 kB\rProgress (1): 130/215 kB\rProgress (1): 147/215 kB\rProgress (1): 163/215 kB\rProgress (1): 180/215 kB\rProgress (1): 196/215 kB\rProgress (1): 212/215 kB\rProgress (1): 215 kB    \r                    \rDownloaded from central: https://repo.maven.apache.org/maven2/commons-io/commons-io/2.6/commons-io-2.6.jar (215 kB at 13 MB/s)\n[INFO] \n[INFO] --- resources:3.3.0:resources (default-resources) @ test-java-plain ---\nDownloading from central: https://repo.maven.apache.org/maven2/org/codehaus/plexus/plexus-interpolation/1.26/plexus-interpolation-1.26.pom\nProgress (1): 2.7 kB\r                    \rDownloaded from central: https://repo.maven.apache.org/maven2/org/codehaus/plexus/plexus-interpolation/1.26/plexus-interpolation-1.26.pom (2.7 kB at 221 kB/s)\nDownloading from central: https://repo.maven.apache.org/maven2/org/codehaus/plexus/plexus/5.1/plexus-5.1.pom\nProgress (1): 16/23 kB\rProgress (1): 23 kB   \r                   \rDownloaded from central: https://repo.maven.apache.org/maven2/org/codehaus/plexus/plexus/5.1/plexus-5.1.pom (23 kB at 1.9 MB/s)\nDownloading from central: https://repo.maven.apache.org/maven2/org/apache/maven/shared/maven-filtering/3.3.0/maven-filtering-3.3.0.pom\nProgress (1): 6.9 kB\r                    \rDownloaded from central: https://repo.maven.apache.org/maven2/org/apache/maven/shared/maven-filtering/3.3.0/maven-filtering-3.3.0.pom (6.9 kB at 631 kB/s)\nDownloading from central: https://repo.maven.apache.org/maven2/org/apache/maven/shared/maven-shared-components/36/maven-shared-components-36.pom\nProgress (1): 4.9 kB\r                    \rDownloaded from central: https://repo.maven.apache.org/maven2/org/apache/maven/shared/maven-shared-components/36/maven-shared-components-36.pom (4.9 kB at 408 kB/s)\nDownloading from central: https://repo.maven.apache.org/maven2/javax/inject/javax.inject/1/javax.inject-1.pom\nProgress (1): 612 B\r                   \rDownloaded from central: https://repo.maven.apache.org/maven2/javax/inject/javax.inject/1/javax.inject-1.pom (612 B at 56 kB/s)\nDownloading from central: https://repo.maven.apache.org/maven2/org/slf4j/slf4j-api/1.7.36/slf4j-api-1.7.36.pom\nProgress (1): 2.7 kB\r                    \rDownloaded from central: https://repo.maven.apache.org/maven2/org/slf4j/slf4j-api/1.7.36/slf4j-api-1.7.36.pom (2.7 kB at 249 kB/s)\nDownloading from central: https://repo.maven.apache.org/maven2/org/slf4j/slf4j-parent/1.7.36/slf4j-parent-1.7.36.pom\nProgress (1): 14 kB\r                   \rDownloaded from central: https://repo.maven.apache.org/maven2/org/slf4j/slf4j-parent/1.7.36/slf4j-parent-1.7.36.pom (14 kB at 1.8 MB/s)\nDownloading from central: https://repo.maven.apache.org/maven2/org/sonatype/plexus/plexus-build-api/0.0.7/plexus-build-api-0.0.7.pom\nProgress (1): 3.2 kB\r                    \rDownloaded from central: https://repo.maven.apache.org/maven2/org/sonatype/plexus/plexus-build-api/0.0.7/plexus-build-api-0.0.7.pom (3.2 kB at 458 kB/s)\nDownloading from central: https://repo.maven.apache.org/maven2/org/sonatype/spice/spice-parent/15/spice-parent-15.pom\nProgress (1): 8.4 kB\r                    \rDownloaded from central: https://repo.maven.apache.org/maven2/org/sonatype/spice/spice-parent/15/spice-parent-15.pom (8.4 kB at 929 kB/s)\nDownloading from central: https://repo.maven.apache.org/maven2/org/sonatype/forge/forge-parent/5/forge-parent-5.pom\nProgress (1): 8.4 kB\r                    \rDownloaded from central: https://repo.maven.apache.org/maven2/org/sonatype/forge/forge-parent/5/forge-parent-5.pom (8.4 kB at 1.0 MB/s)\nDownloading from central: https://repo.maven.apache.org/maven2/org/codehaus/plexus/plexus-utils/3.3.0/plexus-utils-3.3.0.pom\nProgress (1): 5.2 kB\r                    \rDownloaded from central: https://repo.maven.apache.org/maven2/org/codehaus/plexus/plexus-utils/3.3.0/plexus-utils-3.3.0.pom (5.2 kB at 740 kB/s)\nDownloading from central: https://repo.maven.apache.org/maven2/commons-io/commons-io/2.11.0/commons-io-2.11.0.pom\nProgress (1): 16/20 kB\rProgress (1): 20 kB   \r                   \rDownloaded from central: https://repo.maven.apache.org/maven2/commons-io/commons-io/2.11.0/commons-io-2.11.0.pom (20 kB at 2.8 MB/s)\nDownloading from central: https://repo.maven.apache.org/maven2/org/apache/commons/commons-parent/52/commons-parent-52.pom\nProgress (1): 16/79 kB\rProgress (1): 33/79 kB\rProgress (1): 49/79 kB\rProgress (1): 66/79 kB\rProgress (1): 79 kB   \r                   \rDownloaded from central: https://repo.maven.apache.org/maven2/org/apache/commons/commons-parent/52/commons-parent-52.pom (79 kB at 8.8 MB/s)\nDownloading from central: https://repo.maven.apache.org/maven2/org/junit/junit-bom/5.7.2/junit-bom-5.7.2.pom\nProgress (1): 5.1 kB\r                    \rDownloaded from central: https://repo.maven.apache.org/maven2/org/junit/junit-bom/5.7.2/junit-bom-5.7.2.pom (5.1 kB at 728 kB/s)\nDownloading from central: https://repo.maven.apache.org/maven2/org/apache/commons/commons-lang3/3.12.0/commons-lang3-3.12.0.pom\nProgress (1): 16/31 kB\rProgress (1): 31 kB   \r                   \rDownloaded from central: https://repo.maven.apache.org/maven2/org/apache/commons/commons-lang3/3.12.0/commons-lang3-3.12.0.pom (31 kB at 4.4 MB/s)\nDownloading from central: https://repo.maven.apache.org/maven2/org/junit/junit-bom/5.7.1/junit-bom-5.7.1.pom\nProgress (1): 5.1 kB\r                    \rDownloaded from central: https://repo.maven.apache.org/maven2/org/junit/junit-bom/5.7.1/junit-bom-5.7.1.pom (5.1 kB at 566 kB/s)\nDownloading from central: https://repo.maven.apache.org/maven2/org/codehaus/plexus/plexus-interpolation/1.26/plexus-interpolation-1.26.jar\nProgress (1): 16/85 kB\rProgress (1): 33/85 kB\rProgress (1): 49/85 kB\rProgress (1): 66/85 kB\rProgress (1): 82/85 kB\rProgress (1): 85 kB   \r                   \rDownloaded from central: https://repo.maven.apache.org/maven2/org/codehaus/plexus/plexus-interpolation/1.26/plexus-interpolation-1.26.jar (85 kB at 1.2 MB/s)\nDownloading from central: https://repo.maven.apache.org/maven2/org/apache/maven/shared/maven-filtering/3.3.0/maven-filtering-3.3.0.jar\nDownloading from central: https://repo.maven.apache.org/maven2/javax/inject/javax.inject/1/javax.inject-1.jar\nDownloading from central: https://repo.maven.apache.org/maven2/org/slf4j/slf4j-api/1.7.36/slf4j-api-1.7.36.jar\nDownloading from central: https://repo.maven.apache.org/maven2/org/sonatype/plexus/plexus-build-api/0.0.7/plexus-build-api-0.0.7.jar\nDownloading from central: https://repo.maven.apache.org/maven2/org/codehaus/plexus/plexus-utils/3.3.0/plexus-utils-3.3.0.jar\nProgress (1): 2.5 kB\rProgress (2): 2.5 kB | 16/55 kB\r                               \rDownloaded from central: https://repo.maven.apache.org/maven2/javax/inject/javax.inject/1/javax.inject-1.jar (2.5 kB at 192 kB/s)\nDownloading from central: https://repo.maven.apache.org/maven2/commons-io/commons-io/2.11.0/commons-io-2.11.0.jar\nProgress (1): 33/55 kB\rProgress (1): 49/55 kB\rProgress (1): 55 kB   \rProgress (2): 55 kB | 16/41 kB\r                              \rDownloaded from central: https://repo.maven.apache.org/maven2/org/apache/maven/shared/maven-filtering/3.3.0/maven-filtering-3.3.0.jar (55 kB at 3.5 MB/s)\nProgress (1): 33/41 kB\rProgress (2): 33/41 kB | 16/263 kB\r                                  \rDownloading from central: https://repo.maven.apache.org/maven2/org/apache/commons/commons-lang3/3.12.0/commons-lang3-3.12.0.jar\nProgress (2): 41 kB | 16/263 kB\rProgress (3): 41 kB | 16/263 kB | 1.4/8.5 kB\rProgress (3): 41 kB | 32/263 kB | 1.4/8.5 kB\rProgress (3): 41 kB | 32/263 kB | 2.8/8.5 kB\rProgress (3): 41 kB | 32/263 kB | 4.1/8.5 kB\rProgress (3): 41 kB | 32/263 kB | 5.5/8.5 kB\r                                            \rDownloaded from central: https://repo.maven.apache.org/maven2/org/slf4j/slf4j-api/1.7.36/slf4j-api-1.7.36.jar (41 kB at 2.6 MB/s)\nProgress (2): 32/263 kB | 6.9/8.5 kB\rProgress (2): 49/263 kB | 6.9/8.5 kB\rProgress (2): 49/263 kB | 8.3/8.5 kB\rProgress (2): 49/263 kB | 8.5 kB    \rProgress (2): 65/263 kB | 8.5 kB\rProgress (2): 80/263 kB | 8.5 kB\r                                \rDownloaded from central: https://repo.maven.apache.org/maven2/org/sonatype/plexus/plexus-build-api/0.0.7/plexus-build-api-0.0.7.jar (8.5 kB at 499 kB/s)\nProgress (1): 97/263 kB\rProgress (1): 113/263 kB\rProgress (1): 130/263 kB\rProgress (1): 146/263 kB\rProgress (1): 162/263 kB\rProgress (2): 162/263 kB | 16/327 kB\rProgress (2): 179/263 kB | 16/327 kB\rProgress (2): 179/263 kB | 32/327 kB\rProgress (2): 195/263 kB | 32/327 kB\rProgress (2): 195/263 kB | 49/327 kB\rProgress (2): 212/263 kB | 49/327 kB\rProgress (2): 212/263 kB | 65/327 kB\rProgress (2): 228/263 kB | 65/327 kB\rProgress (2): 228/263 kB | 81/327 kB\rProgress (2): 228/263 kB | 98/327 kB\rProgress (2): 228/263 kB | 114/327 kB\rProgress (2): 244/263 kB | 114/327 kB\rProgress (2): 261/263 kB | 114/327 kB\rProgress (2): 261/263 kB | 131/327 kB\rProgress (2): 263 kB | 131/327 kB    \rProgress (2): 263 kB | 147/327 kB\r                                 \rDownloaded from central: https://repo.maven.apache.org/maven2/org/codehaus/plexus/plexus-utils/3.3.0/plexus-utils-3.3.0.jar (263 kB at 9.8 MB/s)\nProgress (1): 163/327 kB\rProgress (1): 180/327 kB\rProgress (1): 196/327 kB\rProgress (1): 212/327 kB\rProgress (1): 229/327 kB\rProgress (2): 229/327 kB | 16/587 kB\rProgress (2): 229/327 kB | 32/587 kB\rProgress (2): 229/327 kB | 49/587 kB\rProgress (2): 229/327 kB | 65/587 kB\rProgress (2): 229/327 kB | 81/587 kB\rProgress (2): 229/327 kB | 98/587 kB\rProgress (2): 245/327 kB | 98/587 kB\rProgress (2): 262/327 kB | 98/587 kB\rProgress (2): 278/327 kB | 98/587 kB\rProgress (2): 294/327 kB | 98/587 kB\rProgress (2): 311/327 kB | 98/587 kB\rProgress (2): 311/327 kB | 114/587 kB\rProgress (2): 311/327 kB | 130/587 kB\rProgress (2): 311/327 kB | 147/587 kB\rProgress (2): 311/327 kB | 163/587 kB\rProgress (2): 311/327 kB | 180/587 kB\rProgress (2): 311/327 kB | 196/587 kB\rProgress (2): 311/327 kB | 212/587 kB\rProgress (2): 311/327 kB | 229/587 kB\rProgress (2): 311/327 kB | 245/587 kB\rProgress (2): 311/327 kB | 262/587 kB\rProgress (2): 311/327 kB | 278/587 kB\rProgress (2): 311/327 kB | 294/587 kB\rProgress (2): 311/327 kB | 311/587 kB\rProgress (2): 311/327 kB | 327/587 kB\rProgress (2): 311/327 kB | 343/587 kB\rProgress (2): 311/327 kB | 360/587 kB\rProgress (2): 311/327 kB | 376/587 kB\rProgress (2): 311/327 kB | 393/587 kB\rProgress (2): 311/327 kB | 402/587 kB\rProgress (2): 311/327 kB | 418/587 kB\rProgress (2): 311/327 kB | 435/587 kB\rProgress (2): 311/327 kB | 451/587 kB\rProgress (2): 311/327 kB | 468/587 kB\rProgress (2): 311/327 kB | 484/587 kB\rProgress (2): 311/327 kB | 500/587 kB\rProgress (2): 311/327 kB | 517/587 kB\rProgress (2): 311/327 kB | 533/587 kB\rProgress (2): 311/327 kB | 549/587 kB\rProgress (2): 311/327 kB | 566/587 kB\rProgress (2): 311/327 kB | 582/587 kB\rProgress (2): 311/327 kB | 587 kB    \r                                 \rDownloaded from central: https://repo.maven.apache.org/maven2/org/apache/commons/commons-lang3/3.12.0/commons-lang3-3.12.0.jar (587 kB at 11 MB/s)\nProgress (1): 327/327 kB\rProgress (1): 327 kB    \r                    \rDownloaded from central: https://repo.maven.apache.org/maven2/commons-io/commons-io/2.11.0/commons-io-2.11.0.jar (327 kB at 5.5 MB/s)\n[WARNING] Using platform encoding (ANSI_X3.4-1968 actually) to copy filtered resources, i.e. build is platform dependent!\n[INFO] skip non existing resourceDirectory /tmp/eval-dev-quality3410818693/plain/src/main/resources\n[INFO] \n[INFO] --- compiler:3.10.1:compile (default-compile) @ test-java-plain ---\nDownloading from central: https://repo.maven.apache.org/maven2/org/apache/maven/shared/maven-shared-incremental/1.1/maven-shared-incremental-1.1.pom\nProgress (1): 4.7 kB\r                    \rDownloaded from central: https://repo.maven.apache.org/maven2/org/apache/maven/shared/maven-shared-incremental/1.1/maven-shared-incremental-1.1.pom (4.7 kB at 677 kB/s)\nDownloading from central: https://repo.maven.apache.org/maven2/org/apache/maven/shared/maven-shared-components/19/maven-shared-components-19.pom\nProgress (1): 6.4 kB\r                    \rDownloaded from central: https://repo.maven.apache.org/maven2/org/apache/maven/shared/maven-shared-components/19/maven-shared-components-19.pom (6.4 kB at 908 kB/s)\nDownloading from central: https://repo.maven.apache.org/maven2/org/apache/maven/maven-parent/23/maven-parent-23.pom\nProgress (1): 16/33 kB\rProgress (1): 33 kB   \r                   \rDownloaded from central: https://repo.maven.apache.org/maven2/org/apache/maven/maven-parent/23/maven-parent-23.pom (33 kB at 4.7 MB/s)\nDownloading from central: https://repo.maven.apache.org/maven2/org/apache/apache/13/apache-13.pom\nProgress (1): 14 kB\r                   \rDownloaded from central: https://repo.maven.apache.org/maven2/org/apache/apache/13/apache-13.pom (14 kB at 1.6 MB/s)\nDownloading from central: https://repo.maven.apache.org/maven2/org/codehaus/plexus/plexus-component-annotations/2.0.0/plexus-component-annotations-2.0.0.pom\nProgress (1): 750 B\r                   \rDownloaded from central: https://repo.maven.apache.org/maven2/org/codehaus/plexus/plexus-component-annotations/2.0.0/plexus-component-annotations-2.0.0.pom (750 B at 94 kB/s)\nDownloading from central: https://repo.maven.apache.org/maven2/org/codehaus/plexus/plexus-containers/2.0.0/plexus-containers-2.0.0.pom\nProgress (1): 4.8 kB\r                    \rDownloaded from central: https://repo.maven.apache.org/maven2/org/codehaus/plexus/plexus-containers/2.0.0/plexus-containers-2.0.0.pom (4.8 kB at 437 kB/s)\nDownloading from central: https://repo.maven.apache.org/maven2/org/codehaus/plexus/plexus-java/1.1.1/plexus-java-1.1.1.pom\nProgress (1): 5.0 kB\r                    \rDownloaded from central: https://repo.maven.apache.org/maven2/org/codehaus/plexus/plexus-java/1.1.1/plexus-java-1.1.1.pom (5.0 kB at 497 kB/s)\nDownloading from central: https://repo.maven.apache.org/maven2/org/codehaus/plexus/plexus-languages/1.1.1/plexus-languages-1.1.1.pom\nProgress (1): 4.6 kB\r                    \rDownloaded from central: https://repo.maven.apache.org/maven2/org/codehaus/plexus/plexus-languages/1.1.1/plexus-languages-1.1.1.pom (4.6 kB at 659 kB/s)\nDownloading from central: https://repo.maven.apache.org/maven2/org/codehaus/plexus/plexus/8/plexus-8.pom\nProgress (1): 16/25 kB\rProgress (1): 25 kB   \r                   \rDownloaded from central: https://repo.maven.apache.org/maven2/org/codehaus/plexus/plexus/8/plexus-8.pom (25 kB at 2.0 MB/s)\nDownloading from central: https://repo.maven.apache.org/maven2/org/ow2/asm/asm/9.2/asm-9.2.pom\nProgress (1): 2.4 kB\r                    \rDownloaded from central: https://repo.maven.apache.org/maven2/org/ow2/asm/asm/9.2/asm-9.2.pom (2.4 kB at 338 kB/s)\nDownloading from central: https://repo.maven.apache.org/maven2/org/ow2/ow2/1.5/ow2-1.5.pom\nProgress (1): 11 kB\r                   \rDownloaded from central: https://repo.maven.apache.org/maven2/org/ow2/ow2/1.5/ow2-1.5.pom (11 kB at 1.6 MB/s)\nDownloading from central: https://repo.maven.apache.org/maven2/com/thoughtworks/qdox/qdox/2.0.1/qdox-2.0.1.pom\nProgress (1): 16/16 kB\rProgress (1): 16 kB   \r                   \rDownloaded from central: https://repo.maven.apache.org/maven2/com/thoughtworks/qdox/qdox/2.0.1/qdox-2.0.1.pom (16 kB at 2.3 MB/s)\nDownloading from central: https://repo.maven.apache.org/maven2/org/sonatype/oss/oss-parent/9/oss-parent-9.pom\nProgress (1): 6.6 kB\r                    \rDownloaded from central: https://repo.maven.apache.org/maven2/org/sonatype/oss/oss-parent/9/oss-parent-9.pom (6.6 kB at 938 kB/s)\nDownloading from central: https://repo.maven.apache.org/maven2/org/codehaus/plexus/plexus-compiler-api/2.11.1/plexus-compiler-api-2.11.1.pom\nProgress (1): 1.1 kB\r                    \rDownloaded from central: https://repo.maven.apache.org/maven2/org/codehaus/plexus/plexus-compiler-api/2.11.1/plexus-compiler-api-2.11.1.pom (1.1 kB at 151 kB/s)\nDownloading from central: https://repo.maven.apache.org/maven2/org/codehaus/plexus/plexus-compiler/2.11.1/plexus-compiler-2.11.1.pom\nProgress (1): 8.1 kB\r                    \rDownloaded from central: https://repo.maven.apache.org/maven2/org/codehaus/plexus/plexus-compiler/2.11.1/plexus-compiler-2.11.1.pom (8.1 kB at 1.0 MB/s)\nDownloading from central: https://repo.maven.apache.org/maven2/org/codehaus/plexus/plexus-components/6.6/plexus-components-6.6.pom\nProgress (1): 2.7 kB\r                    \rDownloaded from central: https://repo.maven.apache.org/maven2/org/codehaus/plexus/plexus-components/6.6/plexus-components-6.6.pom (2.7 kB at 446 kB/s)\nDownloading from central: https://repo.maven.apache.org/maven2/org/codehaus/plexus/plexus-utils/3.4.1/plexus-utils-3.4.1.pom\nProgress (1): 8.0 kB\r                    \rDownloaded from central: https://repo.maven.apache.org/maven2/org/codehaus/plexus/plexus-utils/3.4.1/plexus-utils-3.4.1.pom (8.0 kB at 1.1 MB/s)\nDownloading from central: https://repo.maven.apache.org/maven2/org/codehaus/plexus/plexus-compiler-manager/2.11.1/plexus-compiler-manager-2.11.1.pom\nProgress (1): 1.1 kB\r                    \rDownloaded from central: https://repo.maven.apache.org/maven2/org/codehaus/plexus/plexus-compiler-manager/2.11.1/plexus-compiler-manager-2.11.1.pom (1.1 kB at 163 kB/s)\nDownloading from central: https://repo.maven.apache.org/maven2/org/codehaus/plexus/plexus-compiler-javac/2.11.1/plexus-compiler-javac-2.11.1.pom\nProgress (1): 1.2 kB\r                    \rDownloaded from central: https://repo.maven.apache.org/maven2/org/codehaus/plexus/plexus-compiler-javac/2.11.1/plexus-compiler-javac-2.11.1.pom (1.2 kB at 201 kB/s)\nDownloading from central: https://repo.maven.apache.org/maven2/org/codehaus/plexus/plexus-compilers/2.11.1/plexus-compilers-2.11.1.pom\nProgress (1): 1.3 kB\r                    \rDownloaded from central: https://repo.maven.apache.org/maven2/org/codehaus/plexus/plexus-compilers/2.11.1/plexus-compilers-2.11.1.pom (1.3 kB at 220 kB/s)\nDownloading from central: https://repo.maven.apache.org/maven2/org/apache/maven/shared/maven-shared-incremental/1.1/maven-shared-incremental-1.1.jar\nProgress (1): 14 kB\r                   \rDownloaded from central: https://repo.maven.apache.org/maven2/org/apache/maven/shared/maven-shared-incremental/1.1/maven-shared-incremental-1.1.jar (14 kB at 1.9 MB/s)\nDownloading from central: https://repo.maven.apache.org/maven2/org/codehaus/plexus/plexus-component-annotations/2.0.0/plexus-component-annotations-2.0.0.jar\nDownloading from central: https://repo.maven.apache.org/maven2/org/codehaus/plexus/plexus-java/1.1.1/plexus-java-1.1.1.jar\nDownloading from central: https://repo.maven.apache.org/maven2/org/ow2/asm/asm/9.2/asm-9.2.jar\nDownloading from central: https://repo.maven.apache.org/maven2/com/thoughtworks/qdox/qdox/2.0.1/qdox-2.0.1.jar\nDownloading from central: https://repo.maven.apache.org/maven2/org/codehaus/plexus/plexus-compiler-api/2.11.1/plexus-compiler-api-2.11.1.jar\nProgress (1): 16/27 kB\rProgress (2): 16/27 kB | 4.2 kB\rProgress (2): 27 kB | 4.2 kB   \rProgress (3): 27 kB | 4.2 kB | 16/54 kB\rProgress (3): 27 kB | 4.2 kB | 33/54 kB\r                                       \rDownloaded from central: https://repo.maven.apache.org/maven2/org/codehaus/plexus/plexus-compiler-api/2.11.1/plexus-compiler-api-2.11.1.jar (27 kB at 929 kB/s)\nDownloaded from central: https://repo.maven.apache.org/maven2/org/codehaus/plexus/plexus-component-annotations/2.0.0/plexus-component-annotations-2.0.0.jar (4.2 kB at 136 kB/s)\nProgress (2): 33/54 kB | 16/122 kB\r                                  \rDownloading from central: https://repo.maven.apache.org/maven2/org/codehaus/plexus/plexus-utils/3.4.1/plexus-utils-3.4.1.jar\nProgress (2): 49/54 kB | 16/122 kB\r                                  \rDownloading from central: https://repo.maven.apache.org/maven2/org/codehaus/plexus/plexus-compiler-manager/2.11.1/plexus-compiler-manager-2.11.1.jar\nProgress (2): 54 kB | 16/122 kB\r                               \rDownloaded from central: https://repo.maven.apache.org/maven2/org/codehaus/plexus/plexus-java/1.1.1/plexus-java-1.1.1.jar (54 kB at 1.7 MB/s)\nDownloading from central: https://repo.maven.apache.org/maven2/org/codehaus/plexus/plexus-compiler-javac/2.11.1/plexus-compiler-javac-2.11.1.jar\nProgress (2): 16/122 kB | 16/334 kB\rProgress (2): 16/122 kB | 32/334 kB\rProgress (2): 16/122 kB | 49/334 kB\rProgress (2): 33/122 kB | 49/334 kB\rProgress (2): 33/122 kB | 65/334 kB\rProgress (2): 33/122 kB | 81/334 kB\rProgress (2): 33/122 kB | 98/334 kB\rProgress (2): 33/122 kB | 114/334 kB\rProgress (2): 49/122 kB | 114/334 kB\rProgress (2): 49/122 kB | 130/334 kB\rProgress (2): 49/122 kB | 147/334 kB\rProgress (2): 49/122 kB | 163/334 kB\rProgress (2): 66/122 kB | 163/334 kB\rProgress (2): 66/122 kB | 180/334 kB\rProgress (2): 82/122 kB | 180/334 kB\rProgress (2): 82/122 kB | 196/334 kB\rProgress (2): 82/122 kB | 212/334 kB\rProgress (3): 82/122 kB | 212/334 kB | 4.7 kB\rProgress (3): 82/122 kB | 229/334 kB | 4.7 kB\rProgress (4): 82/122 kB | 229/334 kB | 4.7 kB | 16/264 kB\rProgress (4): 82/122 kB | 245/334 kB | 4.7 kB | 16/264 kB\rProgress (4): 82/122 kB | 245/334 kB | 4.7 kB | 33/264 kB\r                                                         \rDownloaded from central: https://repo.maven.apache.org/maven2/org/codehaus/plexus/plexus-compiler-manager/2.11.1/plexus-compiler-manager-2.11.1.jar (4.7 kB at 310 kB/s)\nProgress (3): 82/122 kB | 245/334 kB | 49/264 kB\rProgress (3): 82/122 kB | 262/334 kB | 49/264 kB\rProgress (4): 82/122 kB | 262/334 kB | 49/264 kB | 16/23 kB\rProgress (4): 82/122 kB | 262/334 kB | 66/264 kB | 16/23 kB\rProgress (4): 82/122 kB | 262/334 kB | 66/264 kB | 23 kB   \rProgress (4): 82/122 kB | 262/334 kB | 82/264 kB | 23 kB\rProgress (4): 82/122 kB | 278/334 kB | 82/264 kB | 23 kB\rProgress (4): 82/122 kB | 278/334 kB | 98/264 kB | 23 kB\r                                                        \rDownloaded from central: https://repo.maven.apache.org/maven2/org/codehaus/plexus/plexus-compiler-javac/2.11.1/plexus-compiler-javac-2.11.1.jar (23 kB at 1.4 MB/s)\nProgress (3): 82/122 kB | 278/334 kB | 115/264 kB\rProgress (3): 98/122 kB | 278/334 kB | 115/264 kB\rProgress (3): 98/122 kB | 294/334 kB | 115/264 kB\rProgress (3): 98/122 kB | 294/334 kB | 131/264 kB\rProgress (3): 98/122 kB | 294/334 kB | 147/264 kB\rProgress (3): 98/122 kB | 311/334 kB | 147/264 kB\rProgress (3): 98/122 kB | 311/334 kB | 164/264 kB\rProgress (3): 115/122 kB | 311/334 kB | 164/264 kB\rProgress (3): 115/122 kB | 311/334 kB | 180/264 kB\rProgress (3): 115/122 kB | 327/334 kB | 180/264 kB\rProgress (3): 122 kB | 327/334 kB | 180/264 kB    \rProgress (3): 122 kB | 327/334 kB | 197/264 kB\rProgress (3): 122 kB | 334 kB | 197/264 kB    \rProgress (3): 122 kB | 334 kB | 213/264 kB\rProgress (3): 122 kB | 334 kB | 229/264 kB\r                                          \rDownloaded from central: https://repo.maven.apache.org/maven2/org/ow2/asm/asm/9.2/asm-9.2.jar (122 kB at 3.0 MB/s)\nProgress (2): 334 kB | 246/264 kB\r                                 \rDownloaded from central: https://repo.maven.apache.org/maven2/com/thoughtworks/qdox/qdox/2.0.1/qdox-2.0.1.jar (334 kB at 8.1 MB/s)\nProgress (1): 262/264 kB\rProgress (1): 264 kB    \r                    \rDownloaded from central: https://repo.maven.apache.org/maven2/org/codehaus/plexus/plexus-utils/3.4.1/plexus-utils-3.4.1.jar (264 kB at 13 MB/s)\n[INFO] Changes detected - recompiling the module!\n[WARNING] File encoding has not been set, using platform encoding ANSI_X3.4-1968, i.e. build is platform dependent!\n[INFO] Compiling 1 source file to /tmp/eval-dev-quality3410818693/plain/target/classes\n[INFO] \n[INFO] --- resources:3.3.0:resources (default-resources) @ test-java-plain ---\n[WARNING] Using platform encoding (ANSI_X3.4-1968 actually) to copy filtered resources, i.e. build is platform dependent!\n[INFO] skip non existing resourceDirectory /tmp/eval-dev-quality3410818693/plain/src/main/resources\n[INFO] \n[INFO] --- compiler:3.10.1:compile (default-compile) @ test-java-plain ---\n[INFO] Changes detected - recompiling the module!\n[WARNING] File encoding has not been set, using platform encoding ANSI_X3.4-1968, i.e. build is platform dependent!\n[INFO] Compiling 1 source file to /tmp/eval-dev-quality3410818693/plain/target/classes\n[INFO] \n[INFO] --- resources:3.3.0:testResources (default-testResources) @ test-java-plain ---\n[WARNING] Using platform encoding (ANSI_X3.4-1968 actually) to copy filtered resources, i.e. build is platform dependent!\n[INFO] skip non existing resourceDirectory /tmp/eval-dev-quality3410818693/plain/src/test/resources\n[INFO] \n[INFO] --- compiler:3.10.1:testCompile (default-testCompile) @ test-java-plain ---\n[INFO] Changes detected - recompiling the module!\n[WARNING] File encoding has not been set, using platform encoding ANSI_X3.4-1968, i.e. build is platform dependent!\n[INFO] Compiling 1 source file to /tmp/eval-dev-quality3410818693/plain/target/test-classes\n[INFO] -------------------------------------------------------------\n[ERROR] COMPILATION ERROR : \n[INFO] -------------------------------------------------------------\n[ERROR] /tmp/eval-dev-quality3410818693/plain/src/test/java/com/eval/PlainTest.java:[7,9] cannot find symbol\n  symbol:   variable Plain\n  location: class PlainTest\n[INFO] 1 error\n[INFO] -------------------------------------------------------------\n[INFO] ------------------------------------------------------------------------\n[INFO] BUILD FAILURE\n[INFO] ------------------------------------------------------------------------\n[INFO] Total time:  2.293 s\n[INFO] Finished at: 2024-06-19T10:01:53Z\n[INFO] ------------------------------------------------------------------------\n[ERROR] Failed to execute goal org.apache.maven.plugins:maven-compiler-plugin:3.10.1:testCompile (default-testCompile) on project test-java-plain: Compilation failure\n[ERROR] /tmp/eval-dev-quality3410818693/plain/src/test/java/com/eval/PlainTest.java:[7,9] cannot find symbol\n[ERROR]   symbol:   variable Plain\n[ERROR]   location: class PlainTest\n[ERROR] \n[ERROR] -> [Help 1]\n[ERROR] \n[ERROR] To see the full stack trace of the errors, re-run Maven with the -e switch.\n[ERROR] Re-run Maven using the -X switch to enable full debug logging.\n[ERROR] \n[ERROR] For more information about the errors and possible solutions, please read the following articles:\n[ERROR] [Help 1] http://cwiki.apache.org/confluence/display/MAVEN/MojoFailureException\n",
}
Stacktrace: goroutine 1 [running]:
gitlab.nethead.at/symflower/symflower/model/errors.NewInternalError({0x1f42da0?, 0xc0005a2000}, {0xffa8c0?, 0xc0004fe048})
	gitlab.nethead.at/symflower/symflower/model/errors/error.go:850 +0x59
gitlab.nethead.at/symflower/symflower/language/java/execute.MavenDependencyCommand.func1()
	gitlab.nethead.at/symflower/symflower/language/java/execute/maven.go:80 +0x1ef
github.com/avast/retry-go.Do(0xc0001698b8, {0xc0001698a0, 0x3, 0x418c94?})
	github.com/avast/retry-go/retry.go:135 +0x5a3
gitlab.nethead.at/symflower/symflower/language/java/execute.MavenDependencyCommand({0xc00004c210, 0x26}, 0x0, {0xc0008159e0, 0x6, 0x6})
	gitlab.nethead.at/symflower/symflower/language/java/execute/maven.go:60 +0x1c5
gitlab.nethead.at/symflower/symflower/language/java/execute.MavenCloverCoverage({0xc00004c210, 0x26})
	gitlab.nethead.at/symflower/symflower/language/java/execute/clover.go:131 +0xc9
gitlab.nethead.at/symflower/symflower/cmd/symflower-local/cmd.(*commandTest).Execute(0xc000680578, {0xc000680400?, 0x7f6d287d2f38?, 0xc000680578?})
	gitlab.nethead.at/symflower/symflower/cmd/symflower-local/cmd/test.go:143 +0x54f
gitlab.nethead.at/symflower/symflower/cmd.ExecuteNoExit({0x1f425e0?, 0xc000680400}, {0xc0001c4000?, 0x2782d80?, 0xc000537ed8?})
	gitlab.nethead.at/symflower/symflower/cmd/execute.go:56 +0x2d0
gitlab.nethead.at/symflower/symflower/cmd.Execute({0x1f425e0?, 0xc000680400?}, {0xc0001c4000?, 0x274c500?, 0xc000680400?})
	gitlab.nethead.at/symflower/symflower/cmd/execute.go:16 +0x26
gitlab.nethead.at/symflower/symflower/cmd.ExecuteWithOSArguments(...)
	gitlab.nethead.at/symflower/symflower/cmd/execute.go:75
main.main.func1()
	gitlab.nethead.at/symflower/symflower/cmd/symflower-demo/main.go:40 +0x34
gitlab.nethead.at/symflower/symflower/cmd/symflower-local/cmd.(*Command).WithPanicReporter(0xc000198058?, 0x2636b18?)
	gitlab.nethead.at/symflower/symflower/cmd/symflower-local/cmd/cmd.go:184 +0x48
main.main()
	gitlab.nethead.at/symflower/symflower/cmd/symflower-demo/main.go:39 +0xa5

2024/06/19 10:01:54 Evaluated model "openrouter/liuhaotian/llava-yi-34b" on task "write-tests" using language "java" and repository "java/plain": encountered 1 problems: [exit status 1
[0;34mGive us your feedback and let us know how we can improve Symflower at hello@symflower.com or https://github.com/symflower/symflower. Thanks so much for your help![0m
ERROR: All attempts fail:
#1: Internal error: exit status 1:
[]interface {}{
    "/tmp/eval-dev-quality3410818693/plain/",
    "[INFO] Scanning for projects...\n[WARNING] \n[WARNING] Some problems were encountered while building the effective model for eval.dev.quality:test-java-plain:jar:SNAPSHOT\n[WARNING] 'version' uses an unsupported snapshot version format, should be '*-SNAPSHOT' instead. @ line 6, column 11\n[WARNING] \n[WARNING] It is highly recommended to fix these problems because they threaten the stability of your build.\n[WARNING] \n[WARNING] For this reason, future Maven versions might no longer support building such malformed projects.\n[WARNING] \nDownloading from central: https://repo.maven.apache.org/maven2/org/openclover/clover-maven-plugin/4.5.2/clover-maven-plugin-4.5.2.pom\nProgress (1): 1.4/16 kB\rProgress (1): 2.8/16 kB\rProgress (1): 4.1/16 kB\rProgress (1): 5.5/16 kB\rProgress (1): 6.9/16 kB\rProgress (1): 8.3/16 kB\rProgress (1): 9.7/16 kB\rProgress (1): 11/16 kB \rProgress (1): 12/16 kB\rProgress (1): 14/16 kB\rProgress (1): 15/16 kB\rProgress (1): 16 kB   \r                   \rDownloaded from central: https://repo.maven.apache.org/maven2/org/openclover/clover-maven-plugin/4.5.2/clover-maven-plugin-4.5.2.pom (16 kB at 79 kB/s)\nDownloading from central: https://repo.maven.apache.org/maven2/org/openclover/clover-maven-plugin/4.5.2/clover-maven-plugin-4.5.2.jar\nProgress (1): 16/148 kB\rProgress (1): 33/148 kB\rProgress (1): 49/148 kB\rProgress (1): 66/148 kB\rProgress (1): 82/148 kB\rProgress (1): 98/148 kB\rProgress (1): 115/148 kB\rProgress (1): 131/148 kB\rProgress (1): 147/148 kB\rProgress (1): 148 kB    \r                    \rDownloaded from central: https://repo.maven.apache.org/maven2/org/openclover/clover-maven-plugin/4.5.2/clover-maven-plugin-4.5.2.jar (148 kB at 5.1 MB/s)\n[INFO] \n[INFO] ------------------< eval.dev.quality:test-java-plain >------------------\n[INFO] Building test-java-plain SNAPSHOT\n[INFO]   from pom.xml\n[INFO] --------------------------------[ jar ]---------------------------------\nDownloading from central: https://repo.maven.apache.org/maven2/org/apache/maven/plugins/maven-clean-plugin/3.2.0/maven-clean-plugin-3.2.0.pom\nProgress (1): 5.3 kB\r                    \rDownloaded from central: https://repo.maven.apache.org/maven2/org/apache/maven/plugins/maven-clean-plugin/3.2.0/maven-clean-plugin-3.2.0.pom (5.3 kB at 590 kB/s)\nDownloading from central: https://repo.maven.apache.org/maven2/org/apache/maven/plugins/maven-plugins/35/maven-plugins-35.pom\nProgress (1): 9.9 kB\r                    \rDownloaded from central: https://repo.maven.apache.org/maven2/org/apache/maven/plugins/maven-plugins/35/maven-plugins-35.pom (9.9 kB at 1.1 MB/s)\nDownloading from central: https://repo.maven.apache.org/maven2/org/apache/maven/maven-parent/35/maven-parent-35.pom\nProgress (1): 16/45 kB\rProgress (1): 33/45 kB\rProgress (1): 45 kB   \r                   \rDownloaded from central: https://repo.maven.apache.org/maven2/org/apache/maven/maven-parent/35/maven-parent-35.pom (45 kB at 4.5 MB/s)\nDownloading from central: https://repo.maven.apache.org/maven2/org/apache/apache/25/apache-25.pom\nProgress (1): 16/21 kB\rProgress (1): 21 kB   \r                   \rDownloaded from central: https://repo.maven.apache.org/maven2/org/apache/apache/25/apache-25.pom (21 kB at 2.1 MB/s)\nDownloading from central: https://repo.maven.apache.org/maven2/org/apache/maven/plugins/maven-clean-plugin/3.2.0/maven-clean-plugin-3.2.0.jar\nProgress (1): 16/36 kB\rProgress (1): 33/36 kB\rProgress (1): 36 kB   \r                   \rDownloaded from central: https://repo.maven.apache.org/maven2/org/apache/maven/plugins/maven-clean-plugin/3.2.0/maven-clean-plugin-3.2.0.jar (36 kB at 3.2 MB/s)\nDownloading from central: https://repo.maven.apache.org/maven2/org/apache/maven/plugins/maven-resources-plugin/3.3.0/maven-resources-plugin-3.3.0.pom\nProgress (1): 8.5 kB\r                    \rDownloaded from central: https://repo.maven.apache.org/maven2/org/apache/maven/plugins/maven-resources-plugin/3.3.0/maven-resources-plugin-3.3.0.pom (8.5 kB at 944 kB/s)\nDownloading from central: https://repo.maven.apache.org/maven2/org/apache/maven/plugins/maven-plugins/36/maven-plugins-36.pom\nProgress (1): 9.9 kB\r                    \rDownloaded from central: https://repo.maven.apache.org/maven2/org/apache/maven/plugins/maven-plugins/36/maven-plugins-36.pom (9.9 kB at 1.1 MB/s)\nDownloading from central: https://repo.maven.apache.org/maven2/org/apache/maven/maven-parent/36/maven-parent-36.pom\nProgress (1): 16/45 kB\rProgress (1): 33/45 kB\rProgress (1): 45 kB   \r                   \rDownloaded from central: https://repo.maven.apache.org/maven2/org/apache/maven/maven-parent/36/maven-parent-36.pom (45 kB at 5.1 MB/s)\nDownloading from central: https://repo.maven.apache.org/maven2/org/apache/apache/26/apache-26.pom\nProgress (1): 16/21 kB\rProgress (1): 21 kB   \r                   \rDownloaded from central: https://repo.maven.apache.org/maven2/org/apache/apache/26/apache-26.pom (21 kB at 2.3 MB/s)\nDownloading from central: https://repo.maven.apache.org/maven2/org/apache/maven/plugins/maven-resources-plugin/3.3.0/maven-resources-plugin-3.3.0.jar\nProgress (1): 16/32 kB\rProgress (1): 32 kB   \r                   \rDownloaded from central: https://repo.maven.apache.org/maven2/org/apache/maven/plugins/maven-resources-plugin/3.3.0/maven-resources-plugin-3.3.0.jar (32 kB at 3.5 MB/s)\nDownloading from central: https://repo.maven.apache.org/maven2/org/apache/maven/plugins/maven-compiler-plugin/3.10.1/maven-compiler-plugin-3.10.1.pom\nProgress (1): 13 kB\r                   \rDownloaded from central: https://repo.maven.apache.org/maven2/org/apache/maven/plugins/maven-compiler-plugin/3.10.1/maven-compiler-plugin-3.10.1.pom (13 kB at 1.6 MB/s)\nDownloading from central: https://repo.maven.apache.org/maven2/org/apache/maven/plugins/maven-plugins/34/maven-plugins-34.pom\nProgress (1): 11 kB\r                   \rDownloaded from central: https://repo.maven.apache.org/maven2/org/apache/maven/plugins/maven-plugins/34/maven-plugins-34.pom (11 kB at 1.3 MB/s)\nDownloading from central: https://repo.maven.apache.org/maven2/org/apache/maven/maven-parent/34/maven-parent-34.pom\nProgress (1): 16/43 kB\rProgress (1): 33/43 kB\rProgress (1): 43 kB   \r                   \rDownloaded from central: https://repo.maven.apache.org/maven2/org/apache/maven/maven-parent/34/maven-parent-34.pom (43 kB at 5.4 MB/s)\nDownloading from central: https://repo.maven.apache.org/maven2/org/apache/apache/23/apache-23.pom\nProgress (1): 16/18 kB\rProgress (1): 18 kB   \r                   \rDownloaded from central: https://repo.maven.apache.org/maven2/org/apache/apache/23/apache-23.pom (18 kB at 2.3 MB/s)\nDownloading from central: https://repo.maven.apache.org/maven2/org/apache/maven/plugins/maven-compiler-plugin/3.10.1/maven-compiler-plugin-3.10.1.jar\nProgress (1): 16/62 kB\rProgress (1): 33/62 kB\rProgress (1): 49/62 kB\rProgress (1): 62 kB   \r                   \rDownloaded from central: https://repo.maven.apache.org/maven2/org/apache/maven/plugins/maven-compiler-plugin/3.10.1/maven-compiler-plugin-3.10.1.jar (62 kB at 6.2 MB/s)\nDownloading from central: https://repo.maven.apache.org/maven2/org/apache/maven/plugins/maven-surefire-plugin/3.2.5/maven-surefire-plugin-3.2.5.pom\nProgress (1): 5.3 kB\r                    \rDownloaded from central: https://repo.maven.apache.org/maven2/org/apache/maven/plugins/maven-surefire-plugin/3.2.5/maven-surefire-plugin-3.2.5.pom (5.3 kB at 665 kB/s)\nDownloading from central: https://repo.maven.apache.org/maven2/org/apache/maven/surefire/surefire/3.2.5/surefire-3.2.5.pom\nProgress (1): 16/22 kB\rProgress (1): 22 kB   \r                   \rDownloaded from central: https://repo.maven.apache.org/maven2/org/apache/maven/surefire/surefire/3.2.5/surefire-3.2.5.pom (22 kB at 2.2 MB/s)\nDownloading from central: https://repo.maven.apache.org/maven2/org/apache/maven/maven-parent/41/maven-parent-41.pom\nProgress (1): 16/50 kB\rProgress (1): 32/50 kB\rProgress (1): 49/50 kB\rProgress (1): 50 kB   \r                   \rDownloaded from central: https://repo.maven.apache.org/maven2/org/apache/maven/maven-parent/41/maven-parent-41.pom (50 kB at 4.2 MB/s)\nDownloading from central: https://repo.maven.apache.org/maven2/org/apache/apache/31/apache-31.pom\nProgress (1): 16/24 kB\rProgress (1): 24 kB   \r                   \rDownloaded from central: https://repo.maven.apache.org/maven2/org/apache/apache/31/apache-31.pom (24 kB at 2.6 MB/s)\nDownloading from central: https://repo.maven.apache.org/maven2/org/junit/junit-bom/5.9.3/junit-bom-5.9.3.pom\nProgress (1): 5.6 kB\r                    \rDownloaded from central: https://repo.maven.apache.org/maven2/org/junit/junit-bom/5.9.3/junit-bom-5.9.3.pom (5.6 kB at 626 kB/s)\nDownloading from central: https://repo.maven.apache.org/maven2/org/apache/maven/plugins/maven-surefire-plugin/3.2.5/maven-surefire-plugin-3.2.5.jar\nProgress (1): 16/45 kB\rProgress (1): 33/45 kB\rProgress (1): 45 kB   \r                   \rDownloaded from central: https://repo.maven.apache.org/maven2/org/apache/maven/plugins/maven-surefire-plugin/3.2.5/maven-surefire-plugin-3.2.5.jar (45 kB at 5.0 MB/s)\nDownloading from central: https://repo.maven.apache.org/maven2/org/junit/jupiter/junit-jupiter/5.8.2/junit-jupiter-5.8.2.pom\nProgress (1): 3.2 kB\r                    \rDownloaded from central: https://repo.maven.apache.org/maven2/org/junit/jupiter/junit-jupiter/5.8.2/junit-jupiter-5.8.2.pom (3.2 kB at 356 kB/s)\nDownloading from central: https://repo.maven.apache.org/maven2/org/junit/junit-bom/5.8.2/junit-bom-5.8.2.pom\nProgress (1): 2.5/5.6 kB\rProgress (1): 5.6 kB    \r                    \rDownloaded from central: https://repo.maven.apache.org/maven2/org/junit/junit-bom/5.8.2/junit-bom-5.8.2.pom (5.6 kB at 704 kB/s)\nDownloading from central: https://repo.maven.apache.org/maven2/org/junit/jupiter/junit-jupiter-api/5.8.2/junit-jupiter-api-5.8.2.pom\nProgress (1): 3.2 kB\r                    \rDownloaded from central: https://repo.maven.apache.org/maven2/org/junit/jupiter/junit-jupiter-api/5.8.2/junit-jupiter-api-5.8.2.pom (3.2 kB at 398 kB/s)\nDownloading from central: https://repo.maven.apache.org/maven2/org/opentest4j/opentest4j/1.2.0/opentest4j-1.2.0.pom\nProgress (1): 1.7 kB\r                    \rDownloaded from central: https://repo.maven.apache.org/maven2/org/opentest4j/opentest4j/1.2.0/opentest4j-1.2.0.pom (1.7 kB at 240 kB/s)\nDownloading from central: https://repo.maven.apache.org/maven2/org/junit/platform/junit-platform-commons/1.8.2/junit-platform-commons-1.8.2.pom\nProgress (1): 2.8 kB\r                    \rDownloaded from central: https://repo.maven.apache.org/maven2/org/junit/platform/junit-platform-commons/1.8.2/junit-platform-commons-1.8.2.pom (2.8 kB at 404 kB/s)\nDownloading from central: https://repo.maven.apache.org/maven2/org/apiguardian/apiguardian-api/1.1.2/apiguardian-api-1.1.2.pom\nProgress (1): 1.5 kB\r                    \rDownloaded from central: https://repo.maven.apache.org/maven2/org/apiguardian/apiguardian-api/1.1.2/apiguardian-api-1.1.2.pom (1.5 kB at 191 kB/s)\nDownloading from central: https://repo.maven.apache.org/maven2/org/junit/jupiter/junit-jupiter-params/5.8.2/junit-jupiter-params-5.8.2.pom\nProgress (1): 3.0 kB\r                    \rDownloaded from central: https://repo.maven.apache.org/maven2/org/junit/jupiter/junit-jupiter-params/5.8.2/junit-jupiter-params-5.8.2.pom (3.0 kB at 376 kB/s)\nDownloading from central: https://repo.maven.apache.org/maven2/org/junit/jupiter/junit-jupiter-engine/5.8.2/junit-jupiter-engine-5.8.2.pom\nProgress (1): 3.2 kB\r                    \rDownloaded from central: https://repo.maven.apache.org/maven2/org/junit/jupiter/junit-jupiter-engine/5.8.2/junit-jupiter-engine-5.8.2.pom (3.2 kB at 400 kB/s)\nDownloading from central: https://repo.maven.apache.org/maven2/org/junit/platform/junit-platform-engine/1.8.2/junit-platform-engine-1.8.2.pom\nProgress (1): 3.2 kB\r                    \rDownloaded from central: https://repo.maven.apache.org/maven2/org/junit/platform/junit-platform-engine/1.8.2/junit-platform-engine-1.8.2.pom (3.2 kB at 457 kB/s)\nDownloading from central: https://repo.maven.apache.org/maven2/org/junit/jupiter/junit-jupiter/5.8.2/junit-jupiter-5.8.2.jar\nProgress (1): 6.4 kB\r                    \rDownloaded from central: https://repo.maven.apache.org/maven2/org/junit/jupiter/junit-jupiter/5.8.2/junit-jupiter-5.8.2.jar (6.4 kB at 909 kB/s)\nDownloading from central: https://repo.maven.apache.org/maven2/org/junit/jupiter/junit-jupiter-api/5.8.2/junit-jupiter-api-5.8.2.jar\nDownloading from central: https://repo.maven.apache.org/maven2/org/opentest4j/opentest4j/1.2.0/opentest4j-1.2.0.jar\nDownloading from central: https://repo.maven.apache.org/maven2/org/junit/platform/junit-platform-commons/1.8.2/junit-platform-commons-1.8.2.jar\nDownloading from central: https://repo.maven.apache.org/maven2/org/apiguardian/apiguardian-api/1.1.2/apiguardian-api-1.1.2.jar\nDownloading from central: https://repo.maven.apache.org/maven2/org/junit/jupiter/junit-jupiter-params/5.8.2/junit-jupiter-params-5.8.2.jar\nProgress (1): 7.7 kB\r                    \rDownloaded from central: https://repo.maven.apache.org/maven2/org/opentest4j/opentest4j/1.2.0/opentest4j-1.2.0.jar (7.7 kB at 589 kB/s)\nDownloading from central: https://repo.maven.apache.org/maven2/org/junit/jupiter/junit-jupiter-engine/5.8.2/junit-jupiter-engine-5.8.2.jar\nProgress (1): 16/230 kB\rProgress (1): 33/230 kB\rProgress (1): 49/230 kB\rProgress (1): 66/230 kB\rProgress (1): 82/230 kB\rProgress (1): 98/230 kB\rProgress (1): 115/230 kB\rProgress (1): 131/230 kB\rProgress (1): 147/230 kB\rProgress (1): 164/230 kB\rProgress (1): 180/230 kB\rProgress (1): 197/230 kB\rProgress (1): 213/230 kB\rProgress (1): 229/230 kB\rProgress (1): 230 kB    \r                    \rDownloaded from central: https://repo.maven.apache.org/maven2/org/junit/jupiter/junit-jupiter-engine/5.8.2/junit-jupiter-engine-5.8.2.jar (230 kB at 8.8 MB/s)\nDownloading from central: https://repo.maven.apache.org/maven2/org/junit/platform/junit-platform-engine/1.8.2/junit-platform-engine-1.8.2.jar\nProgress (1): 1.4/6.8 kB\rProgress (2): 1.4/6.8 kB | 1.4/100 kB\rProgress (2): 2.8/6.8 kB | 1.4/100 kB\rProgress (2): 2.8/6.8 kB | 2.8/100 kB\rProgress (2): 4.1/6.8 kB | 2.8/100 kB\rProgress (2): 4.1/6.8 kB | 4.1/100 kB\rProgress (2): 5.5/6.8 kB | 4.1/100 kB\rProgress (2): 5.5/6.8 kB | 5.5/100 kB\rProgress (2): 6.8 kB | 5.5/100 kB    \rProgress (2): 6.8 kB | 6.9/100 kB\rProgress (2): 6.8 kB | 8.3/100 kB\rProgress (2): 6.8 kB | 9.7/100 kB\r                                 \rDownloaded from central: https://repo.maven.apache.org/maven2/org/apiguardian/apiguardian-api/1.1.2/apiguardian-api-1.1.2.jar (6.8 kB at 227 kB/s)\nProgress (1): 11/100 kB\rProgress (1): 12/100 kB\rProgress (2): 12/100 kB | 16/577 kB\rProgress (2): 14/100 kB | 16/577 kB\rProgress (2): 15/100 kB | 16/577 kB\rProgress (2): 16/100 kB | 16/577 kB\rProgress (2): 16/100 kB | 33/577 kB\rProgress (2): 32/100 kB | 33/577 kB\rProgress (2): 49/100 kB | 33/577 kB\rProgress (2): 65/100 kB | 33/577 kB\rProgress (3): 65/100 kB | 33/577 kB | 16/194 kB\rProgress (4): 65/100 kB | 33/577 kB | 16/194 kB | 16/186 kB\rProgress (4): 65/100 kB | 33/577 kB | 16/194 kB | 33/186 kB\rProgress (4): 65/100 kB | 49/577 kB | 16/194 kB | 33/186 kB\rProgress (4): 65/100 kB | 49/577 kB | 16/194 kB | 49/186 kB\rProgress (4): 65/100 kB | 49/577 kB | 33/194 kB | 49/186 kB\rProgress (4): 65/100 kB | 66/577 kB | 33/194 kB | 49/186 kB\rProgress (4): 65/100 kB | 66/577 kB | 33/194 kB | 66/186 kB\rProgress (4): 81/100 kB | 66/577 kB | 33/194 kB | 66/186 kB\rProgress (4): 81/100 kB | 82/577 kB | 33/194 kB | 66/186 kB\rProgress (4): 81/100 kB | 82/577 kB | 33/194 kB | 82/186 kB\rProgress (4): 98/100 kB | 82/577 kB | 33/194 kB | 82/186 kB\rProgress (4): 98/100 kB | 82/577 kB | 33/194 kB | 98/186 kB\rProgress (4): 100 kB | 82/577 kB | 33/194 kB | 98/186 kB   \rProgress (4): 100 kB | 82/577 kB | 49/194 kB | 98/186 kB\rProgress (4): 100 kB | 98/577 kB | 49/194 kB | 98/186 kB\rProgress (4): 100 kB | 98/577 kB | 49/194 kB | 115/186 kB\r                                                         \rDownloaded from central: https://repo.maven.apache.org/maven2/org/junit/platform/junit-platform-commons/1.8.2/junit-platform-commons-1.8.2.jar (100 kB at 2.6 MB/s)\nProgress (3): 98/577 kB | 49/194 kB | 131/186 kB\rProgress (3): 98/577 kB | 66/194 kB | 131/186 kB\rProgress (3): 98/577 kB | 66/194 kB | 147/186 kB\rProgress (3): 115/577 kB | 66/194 kB | 147/186 kB\rProgress (3): 115/577 kB | 66/194 kB | 164/186 kB\rProgress (3): 115/577 kB | 82/194 kB | 164/186 kB\rProgress (3): 131/577 kB | 82/194 kB | 164/186 kB\rProgress (3): 131/577 kB | 82/194 kB | 180/186 kB\rProgress (3): 147/577 kB | 82/194 kB | 180/186 kB\rProgress (3): 147/577 kB | 82/194 kB | 186 kB    \rProgress (3): 164/577 kB | 82/194 kB | 186 kB\rProgress (3): 180/577 kB | 82/194 kB | 186 kB\r                                             \rDownloaded from central: https://repo.maven.apache.org/maven2/org/junit/platform/junit-platform-engine/1.8.2/junit-platform-engine-1.8.2.jar (186 kB at 4.6 MB/s)\nProgress (2): 180/577 kB | 98/194 kB\rProgress (2): 180/577 kB | 115/194 kB\rProgress (2): 197/577 kB | 115/194 kB\rProgress (2): 197/577 kB | 131/194 kB\rProgress (2): 213/577 kB | 131/194 kB\rProgress (2): 229/577 kB | 131/194 kB\rProgress (2): 229/577 kB | 147/194 kB\rProgress (2): 229/577 kB | 164/194 kB\rProgress (2): 246/577 kB | 164/194 kB\rProgress (2): 262/577 kB | 164/194 kB\rProgress (2): 279/577 kB | 164/194 kB\rProgress (2): 279/577 kB | 180/194 kB\rProgress (2): 295/577 kB | 180/194 kB\rProgress (2): 295/577 kB | 194 kB    \rProgress (2): 311/577 kB | 194 kB\r                                 \rDownloaded from central: https://repo.maven.apache.org/maven2/org/junit/jupiter/junit-jupiter-api/5.8.2/junit-jupiter-api-5.8.2.jar (194 kB at 4.0 MB/s)\nProgress (1): 328/577 kB\rProgress (1): 344/577 kB\rProgress (1): 360/577 kB\rProgress (1): 377/577 kB\rProgress (1): 393/577 kB\rProgress (1): 410/577 kB\rProgress (1): 426/577 kB\rProgress (1): 442/577 kB\rProgress (1): 459/577 kB\rProgress (1): 475/577 kB\rProgress (1): 492/577 kB\rProgress (1): 508/577 kB\rProgress (1): 524/577 kB\rProgress (1): 541/577 kB\rProgress (1): 557/577 kB\rProgress (1): 573/577 kB\rProgress (1): 577 kB    \r                    \rDownloaded from central: https://repo.maven.apache.org/maven2/org/junit/jupiter/junit-jupiter-params/5.8.2/junit-jupiter-params-5.8.2.jar (577 kB at 11 MB/s)\n[INFO] \n[INFO] --- clean:3.2.0:clean (default-clean) @ test-java-plain ---\nDownloading from central: https://repo.maven.apache.org/maven2/org/apache/maven/shared/maven-shared-utils/3.3.4/maven-shared-utils-3.3.4.pom\nProgress (1): 5.8 kB\r                    \rDownloaded from central: https://repo.maven.apache.org/maven2/org/apache/maven/shared/maven-shared-utils/3.3.4/maven-shared-utils-3.3.4.pom (5.8 kB at 729 kB/s)\nDownloading from central: https://repo.maven.apache.org/maven2/org/apache/maven/shared/maven-shared-components/34/maven-shared-components-34.pom\nProgress (1): 5.1 kB\r                    \rDownloaded from central: https://repo.maven.apache.org/maven2/org/apache/maven/shared/maven-shared-components/34/maven-shared-components-34.pom (5.1 kB at 728 kB/s)\nDownloading from central: https://repo.maven.apache.org/maven2/commons-io/commons-io/2.6/commons-io-2.6.pom\nProgress (1): 14 kB\r                   \rDownloaded from central: https://repo.maven.apache.org/maven2/commons-io/commons-io/2.6/commons-io-2.6.pom (14 kB at 2.0 MB/s)\nDownloading from central: https://repo.maven.apache.org/maven2/org/apache/commons/commons-parent/42/commons-parent-42.pom\nProgress (1): 16/68 kB\rProgress (1): 33/68 kB\rProgress (1): 49/68 kB\rProgress (1): 66/68 kB\rProgress (1): 68 kB   \r                   \rDownloaded from central: https://repo.maven.apache.org/maven2/org/apache/commons/commons-parent/42/commons-parent-42.pom (68 kB at 8.5 MB/s)\nDownloading from central: https://repo.maven.apache.org/maven2/org/apache/apache/18/apache-18.pom\nProgress (1): 16 kB\r                   \rDownloaded from central: https://repo.maven.apache.org/maven2/org/apache/apache/18/apache-18.pom (16 kB at 2.0 MB/s)\nDownloading from central: https://repo.maven.apache.org/maven2/org/apache/maven/shared/maven-shared-utils/3.3.4/maven-shared-utils-3.3.4.jar\nProgress (1): 16/153 kB\rProgress (1): 33/153 kB\rProgress (1): 49/153 kB\rProgress (1): 66/153 kB\rProgress (1): 82/153 kB\rProgress (1): 98/153 kB\rProgress (1): 115/153 kB\rProgress (1): 131/153 kB\rProgress (1): 147/153 kB\rProgress (1): 153 kB    \r                    \rDownloaded from central: https://repo.maven.apache.org/maven2/org/apache/maven/shared/maven-shared-utils/3.3.4/maven-shared-utils-3.3.4.jar (153 kB at 13 MB/s)\nDownloading from central: https://repo.maven.apache.org/maven2/commons-io/commons-io/2.6/commons-io-2.6.jar\nProgress (1): 16/215 kB\rProgress (1): 32/215 kB\rProgress (1): 49/215 kB\rProgress (1): 65/215 kB\rProgress (1): 81/215 kB\rProgress (1): 98/215 kB\rProgress (1): 114/215 kB\rProgress (1): 130/215 kB\rProgress (1): 147/215 kB\rProgress (1): 163/215 kB\rProgress (1): 180/215 kB\rProgress (1): 196/215 kB\rProgress (1): 212/215 kB\rProgress (1): 215 kB    \r                    \rDownloaded from central: https://repo.maven.apache.org/maven2/commons-io/commons-io/2.6/commons-io-2.6.jar (215 kB at 13 MB/s)\n[INFO] \n[INFO] --- resources:3.3.0:resources (default-resources) @ test-java-plain ---\nDownloading from central: https://repo.maven.apache.org/maven2/org/codehaus/plexus/plexus-interpolation/1.26/plexus-interpolation-1.26.pom\nProgress (1): 2.7 kB\r                    \rDownloaded from central: https://repo.maven.apache.org/maven2/org/codehaus/plexus/plexus-interpolation/1.26/plexus-interpolation-1.26.pom (2.7 kB at 221 kB/s)\nDownloading from central: https://repo.maven.apache.org/maven2/org/codehaus/plexus/plexus/5.1/plexus-5.1.pom\nProgress (1): 16/23 kB\rProgress (1): 23 kB   \r                   \rDownloaded from central: https://repo.maven.apache.org/maven2/org/codehaus/plexus/plexus/5.1/plexus-5.1.pom (23 kB at 1.9 MB/s)\nDownloading from central: https://repo.maven.apache.org/maven2/org/apache/maven/shared/maven-filtering/3.3.0/maven-filtering-3.3.0.pom\nProgress (1): 6.9 kB\r                    \rDownloaded from central: https://repo.maven.apache.org/maven2/org/apache/maven/shared/maven-filtering/3.3.0/maven-filtering-3.3.0.pom (6.9 kB at 631 kB/s)\nDownloading from central: https://repo.maven.apache.org/maven2/org/apache/maven/shared/maven-shared-components/36/maven-shared-components-36.pom\nProgress (1): 4.9 kB\r                    \rDownloaded from central: https://repo.maven.apache.org/maven2/org/apache/maven/shared/maven-shared-components/36/maven-shared-components-36.pom (4.9 kB at 408 kB/s)\nDownloading from central: https://repo.maven.apache.org/maven2/javax/inject/javax.inject/1/javax.inject-1.pom\nProgress (1): 612 B\r                   \rDownloaded from central: https://repo.maven.apache.org/maven2/javax/inject/javax.inject/1/javax.inject-1.pom (612 B at 56 kB/s)\nDownloading from central: https://repo.maven.apache.org/maven2/org/slf4j/slf4j-api/1.7.36/slf4j-api-1.7.36.pom\nProgress (1): 2.7 kB\r                    \rDownloaded from central: https://repo.maven.apache.org/maven2/org/slf4j/slf4j-api/1.7.36/slf4j-api-1.7.36.pom (2.7 kB at 249 kB/s)\nDownloading from central: https://repo.maven.apache.org/maven2/org/slf4j/slf4j-parent/1.7.36/slf4j-parent-1.7.36.pom\nProgress (1): 14 kB\r                   \rDownloaded from central: https://repo.maven.apache.org/maven2/org/slf4j/slf4j-parent/1.7.36/slf4j-parent-1.7.36.pom (14 kB at 1.8 MB/s)\nDownloading from central: https://repo.maven.apache.org/maven2/org/sonatype/plexus/plexus-build-api/0.0.7/plexus-build-api-0.0.7.pom\nProgress (1): 3.2 kB\r                    \rDownloaded from central: https://repo.maven.apache.org/maven2/org/sonatype/plexus/plexus-build-api/0.0.7/plexus-build-api-0.0.7.pom (3.2 kB at 458 kB/s)\nDownloading from central: https://repo.maven.apache.org/maven2/org/sonatype/spice/spice-parent/15/spice-parent-15.pom\nProgress (1): 8.4 kB\r                    \rDownloaded from central: https://repo.maven.apache.org/maven2/org/sonatype/spice/spice-parent/15/spice-parent-15.pom (8.4 kB at 929 kB/s)\nDownloading from central: https://repo.maven.apache.org/maven2/org/sonatype/forge/forge-parent/5/forge-parent-5.pom\nProgress (1): 8.4 kB\r                    \rDownloaded from central: https://repo.maven.apache.org/maven2/org/sonatype/forge/forge-parent/5/forge-parent-5.pom (8.4 kB at 1.0 MB/s)\nDownloading from central: https://repo.maven.apache.org/maven2/org/codehaus/plexus/plexus-utils/3.3.0/plexus-utils-3.3.0.pom\nProgress (1): 5.2 kB\r                    \rDownloaded from central: https://repo.maven.apache.org/maven2/org/codehaus/plexus/plexus-utils/3.3.0/plexus-utils-3.3.0.pom (5.2 kB at 740 kB/s)\nDownloading from central: https://repo.maven.apache.org/maven2/commons-io/commons-io/2.11.0/commons-io-2.11.0.pom\nProgress (1): 16/20 kB\rProgress (1): 20 kB   \r                   \rDownloaded from central: https://repo.maven.apache.org/maven2/commons-io/commons-io/2.11.0/commons-io-2.11.0.pom (20 kB at 2.8 MB/s)\nDownloading from central: https://repo.maven.apache.org/maven2/org/apache/commons/commons-parent/52/commons-parent-52.pom\nProgress (1): 16/79 kB\rProgress (1): 33/79 kB\rProgress (1): 49/79 kB\rProgress (1): 66/79 kB\rProgress (1): 79 kB   \r                   \rDownloaded from central: https://repo.maven.apache.org/maven2/org/apache/commons/commons-parent/52/commons-parent-52.pom (79 kB at 8.8 MB/s)\nDownloading from central: https://repo.maven.apache.org/maven2/org/junit/junit-bom/5.7.2/junit-bom-5.7.2.pom\nProgress (1): 5.1 kB\r                    \rDownloaded from central: https://repo.maven.apache.org/maven2/org/junit/junit-bom/5.7.2/junit-bom-5.7.2.pom (5.1 kB at 728 kB/s)\nDownloading from central: https://repo.maven.apache.org/maven2/org/apache/commons/commons-lang3/3.12.0/commons-lang3-3.12.0.pom\nProgress (1): 16/31 kB\rProgress (1): 31 kB   \r                   \rDownloaded from central: https://repo.maven.apache.org/maven2/org/apache/commons/commons-lang3/3.12.0/commons-lang3-3.12.0.pom (31 kB at 4.4 MB/s)\nDownloading from central: https://repo.maven.apache.org/maven2/org/junit/junit-bom/5.7.1/junit-bom-5.7.1.pom\nProgress (1): 5.1 kB\r                    \rDownloaded from central: https://repo.maven.apache.org/maven2/org/junit/junit-bom/5.7.1/junit-bom-5.7.1.pom (5.1 kB at 566 kB/s)\nDownloading from central: https://repo.maven.apache.org/maven2/org/codehaus/plexus/plexus-interpolation/1.26/plexus-interpolation-1.26.jar\nProgress (1): 16/85 kB\rProgress (1): 33/85 kB\rProgress (1): 49/85 kB\rProgress (1): 66/85 kB\rProgress (1): 82/85 kB\rProgress (1): 85 kB   \r                   \rDownloaded from central: https://repo.maven.apache.org/maven2/org/codehaus/plexus/plexus-interpolation/1.26/plexus-interpolation-1.26.jar (85 kB at 1.2 MB/s)\nDownloading from central: https://repo.maven.apache.org/maven2/org/apache/maven/shared/maven-filtering/3.3.0/maven-filtering-3.3.0.jar\nDownloading from central: https://repo.maven.apache.org/maven2/javax/inject/javax.inject/1/javax.inject-1.jar\nDownloading from central: https://repo.maven.apache.org/maven2/org/slf4j/slf4j-api/1.7.36/slf4j-api-1.7.36.jar\nDownloading from central: https://repo.maven.apache.org/maven2/org/sonatype/plexus/plexus-build-api/0.0.7/plexus-build-api-0.0.7.jar\nDownloading from central: https://repo.maven.apache.org/maven2/org/codehaus/plexus/plexus-utils/3.3.0/plexus-utils-3.3.0.jar\nProgress (1): 2.5 kB\rProgress (2): 2.5 kB | 16/55 kB\r                               \rDownloaded from central: https://repo.maven.apache.org/maven2/javax/inject/javax.inject/1/javax.inject-1.jar (2.5 kB at 192 kB/s)\nDownloading from central: https://repo.maven.apache.org/maven2/commons-io/commons-io/2.11.0/commons-io-2.11.0.jar\nProgress (1): 33/55 kB\rProgress (1): 49/55 kB\rProgress (1): 55 kB   \rProgress (2): 55 kB | 16/41 kB\r                              \rDownloaded from central: https://repo.maven.apache.org/maven2/org/apache/maven/shared/maven-filtering/3.3.0/maven-filtering-3.3.0.jar (55 kB at 3.5 MB/s)\nProgress (1): 33/41 kB\rProgress (2): 33/41 kB | 16/263 kB\r                                  \rDownloading from central: https://repo.maven.apache.org/maven2/org/apache/commons/commons-lang3/3.12.0/commons-lang3-3.12.0.jar\nProgress (2): 41 kB | 16/263 kB\rProgress (3): 41 kB | 16/263 kB | 1.4/8.5 kB\rProgress (3): 41 kB | 32/263 kB | 1.4/8.5 kB\rProgress (3): 41 kB | 32/263 kB | 2.8/8.5 kB\rProgress (3): 41 kB | 32/263 kB | 4.1/8.5 kB\rProgress (3): 41 kB | 32/263 kB | 5.5/8.5 kB\r                                            \rDownloaded from central: https://repo.maven.apache.org/maven2/org/slf4j/slf4j-api/1.7.36/slf4j-api-1.7.36.jar (41 kB at 2.6 MB/s)\nProgress (2): 32/263 kB | 6.9/8.5 kB\rProgress (2): 49/263 kB | 6.9/8.5 kB\rProgress (2): 49/263 kB | 8.3/8.5 kB\rProgress (2): 49/263 kB | 8.5 kB    \rProgress (2): 65/263 kB | 8.5 kB\rProgress (2): 80/263 kB | 8.5 kB\r                                \rDownloaded from central: https://repo.maven.apache.org/maven2/org/sonatype/plexus/plexus-build-api/0.0.7/plexus-build-api-0.0.7.jar (8.5 kB at 499 kB/s)\nProgress (1): 97/263 kB\rProgress (1): 113/263 kB\rProgress (1): 130/263 kB\rProgress (1): 146/263 kB\rProgress (1): 162/263 kB\rProgress (2): 162/263 kB | 16/327 kB\rProgress (2): 179/263 kB | 16/327 kB\rProgress (2): 179/263 kB | 32/327 kB\rProgress (2): 195/263 kB | 32/327 kB\rProgress (2): 195/263 kB | 49/327 kB\rProgress (2): 212/263 kB | 49/327 kB\rProgress (2): 212/263 kB | 65/327 kB\rProgress (2): 228/263 kB | 65/327 kB\rProgress (2): 228/263 kB | 81/327 kB\rProgress (2): 228/263 kB | 98/327 kB\rProgress (2): 228/263 kB | 114/327 kB\rProgress (2): 244/263 kB | 114/327 kB\rProgress (2): 261/263 kB | 114/327 kB\rProgress (2): 261/263 kB | 131/327 kB\rProgress (2): 263 kB | 131/327 kB    \rProgress (2): 263 kB | 147/327 kB\r                                 \rDownloaded from central: https://repo.maven.apache.org/maven2/org/codehaus/plexus/plexus-utils/3.3.0/plexus-utils-3.3.0.jar (263 kB at 9.8 MB/s)\nProgress (1): 163/327 kB\rProgress (1): 180/327 kB\rProgress (1): 196/327 kB\rProgress (1): 212/327 kB\rProgress (1): 229/327 kB\rProgress (2): 229/327 kB | 16/587 kB\rProgress (2): 229/327 kB | 32/587 kB\rProgress (2): 229/327 kB | 49/587 kB\rProgress (2): 229/327 kB | 65/587 kB\rProgress (2): 229/327 kB | 81/587 kB\rProgress (2): 229/327 kB | 98/587 kB\rProgress (2): 245/327 kB | 98/587 kB\rProgress (2): 262/327 kB | 98/587 kB\rProgress (2): 278/327 kB | 98/587 kB\rProgress (2): 294/327 kB | 98/587 kB\rProgress (2): 311/327 kB | 98/587 kB\rProgress (2): 311/327 kB | 114/587 kB\rProgress (2): 311/327 kB | 130/587 kB\rProgress (2): 311/327 kB | 147/587 kB\rProgress (2): 311/327 kB | 163/587 kB\rProgress (2): 311/327 kB | 180/587 kB\rProgress (2): 311/327 kB | 196/587 kB\rProgress (2): 311/327 kB | 212/587 kB\rProgress (2): 311/327 kB | 229/587 kB\rProgress (2): 311/327 kB | 245/587 kB\rProgress (2): 311/327 kB | 262/587 kB\rProgress (2): 311/327 kB | 278/587 kB\rProgress (2): 311/327 kB | 294/587 kB\rProgress (2): 311/327 kB | 311/587 kB\rProgress (2): 311/327 kB | 327/587 kB\rProgress (2): 311/327 kB | 343/587 kB\rProgress (2): 311/327 kB | 360/587 kB\rProgress (2): 311/327 kB | 376/587 kB\rProgress (2): 311/327 kB | 393/587 kB\rProgress (2): 311/327 kB | 402/587 kB\rProgress (2): 311/327 kB | 418/587 kB\rProgress (2): 311/327 kB | 435/587 kB\rProgress (2): 311/327 kB | 451/587 kB\rProgress (2): 311/327 kB | 468/587 kB\rProgress (2): 311/327 kB | 484/587 kB\rProgress (2): 311/327 kB | 500/587 kB\rProgress (2): 311/327 kB | 517/587 kB\rProgress (2): 311/327 kB | 533/587 kB\rProgress (2): 311/327 kB | 549/587 kB\rProgress (2): 311/327 kB | 566/587 kB\rProgress (2): 311/327 kB | 582/587 kB\rProgress (2): 311/327 kB | 587 kB    \r                                 \rDownloaded from central: https://repo.maven.apache.org/maven2/org/apache/commons/commons-lang3/3.12.0/commons-lang3-3.12.0.jar (587 kB at 11 MB/s)\nProgress (1): 327/327 kB\rProgress (1): 327 kB    \r                    \rDownloaded from central: https://repo.maven.apache.org/maven2/commons-io/commons-io/2.11.0/commons-io-2.11.0.jar (327 kB at 5.5 MB/s)\n[WARNING] Using platform encoding (ANSI_X3.4-1968 actually) to copy filtered resources, i.e. build is platform dependent!\n[INFO] skip non existing resourceDirectory /tmp/eval-dev-quality3410818693/plain/src/main/resources\n[INFO] \n[INFO] --- compiler:3.10.1:compile (default-compile) @ test-java-plain ---\nDownloading from central: https://repo.maven.apache.org/maven2/org/apache/maven/shared/maven-shared-incremental/1.1/maven-shared-incremental-1.1.pom\nProgress (1): 4.7 kB\r                    \rDownloaded from central: https://repo.maven.apache.org/maven2/org/apache/maven/shared/maven-shared-incremental/1.1/maven-shared-incremental-1.1.pom (4.7 kB at 677 kB/s)\nDownloading from central: https://repo.maven.apache.org/maven2/org/apache/maven/shared/maven-shared-components/19/maven-shared-components-19.pom\nProgress (1): 6.4 kB\r                    \rDownloaded from central: https://repo.maven.apache.org/maven2/org/apache/maven/shared/maven-shared-components/19/maven-shared-components-19.pom (6.4 kB at 908 kB/s)\nDownloading from central: https://repo.maven.apache.org/maven2/org/apache/maven/maven-parent/23/maven-parent-23.pom\nProgress (1): 16/33 kB\rProgress (1): 33 kB   \r                   \rDownloaded from central: https://repo.maven.apache.org/maven2/org/apache/maven/maven-parent/23/maven-parent-23.pom (33 kB at 4.7 MB/s)\nDownloading from central: https://repo.maven.apache.org/maven2/org/apache/apache/13/apache-13.pom\nProgress (1): 14 kB\r                   \rDownloaded from central: https://repo.maven.apache.org/maven2/org/apache/apache/13/apache-13.pom (14 kB at 1.6 MB/s)\nDownloading from central: https://repo.maven.apache.org/maven2/org/codehaus/plexus/plexus-component-annotations/2.0.0/plexus-component-annotations-2.0.0.pom\nProgress (1): 750 B\r                   \rDownloaded from central: https://repo.maven.apache.org/maven2/org/codehaus/plexus/plexus-component-annotations/2.0.0/plexus-component-annotations-2.0.0.pom (750 B at 94 kB/s)\nDownloading from central: https://repo.maven.apache.org/maven2/org/codehaus/plexus/plexus-containers/2.0.0/plexus-containers-2.0.0.pom\nProgress (1): 4.8 kB\r                    \rDownloaded from central: https://repo.maven.apache.org/maven2/org/codehaus/plexus/plexus-containers/2.0.0/plexus-containers-2.0.0.pom (4.8 kB at 437 kB/s)\nDownloading from central: https://repo.maven.apache.org/maven2/org/codehaus/plexus/plexus-java/1.1.1/plexus-java-1.1.1.pom\nProgress (1): 5.0 kB\r                    \rDownloaded from central: https://repo.maven.apache.org/maven2/org/codehaus/plexus/plexus-java/1.1.1/plexus-java-1.1.1.pom (5.0 kB at 497 kB/s)\nDownloading from central: https://repo.maven.apache.org/maven2/org/codehaus/plexus/plexus-languages/1.1.1/plexus-languages-1.1.1.pom\nProgress (1): 4.6 kB\r                    \rDownloaded from central: https://repo.maven.apache.org/maven2/org/codehaus/plexus/plexus-languages/1.1.1/plexus-languages-1.1.1.pom (4.6 kB at 659 kB/s)\nDownloading from central: https://repo.maven.apache.org/maven2/org/codehaus/plexus/plexus/8/plexus-8.pom\nProgress (1): 16/25 kB\rProgress (1): 25 kB   \r                   \rDownloaded from central: https://repo.maven.apache.org/maven2/org/codehaus/plexus/plexus/8/plexus-8.pom (25 kB at 2.0 MB/s)\nDownloading from central: https://repo.maven.apache.org/maven2/org/ow2/asm/asm/9.2/asm-9.2.pom\nProgress (1): 2.4 kB\r                    \rDownloaded from central: https://repo.maven.apache.org/maven2/org/ow2/asm/asm/9.2/asm-9.2.pom (2.4 kB at 338 kB/s)\nDownloading from central: https://repo.maven.apache.org/maven2/org/ow2/ow2/1.5/ow2-1.5.pom\nProgress (1): 11 kB\r                   \rDownloaded from central: https://repo.maven.apache.org/maven2/org/ow2/ow2/1.5/ow2-1.5.pom (11 kB at 1.6 MB/s)\nDownloading from central: https://repo.maven.apache.org/maven2/com/thoughtworks/qdox/qdox/2.0.1/qdox-2.0.1.pom\nProgress (1): 16/16 kB\rProgress (1): 16 kB   \r                   \rDownloaded from central: https://repo.maven.apache.org/maven2/com/thoughtworks/qdox/qdox/2.0.1/qdox-2.0.1.pom (16 kB at 2.3 MB/s)\nDownloading from central: https://repo.maven.apache.org/maven2/org/sonatype/oss/oss-parent/9/oss-parent-9.pom\nProgress (1): 6.6 kB\r                    \rDownloaded from central: https://repo.maven.apache.org/maven2/org/sonatype/oss/oss-parent/9/oss-parent-9.pom (6.6 kB at 938 kB/s)\nDownloading from central: https://repo.maven.apache.org/maven2/org/codehaus/plexus/plexus-compiler-api/2.11.1/plexus-compiler-api-2.11.1.pom\nProgress (1): 1.1 kB\r                    \rDownloaded from central: https://repo.maven.apache.org/maven2/org/codehaus/plexus/plexus-compiler-api/2.11.1/plexus-compiler-api-2.11.1.pom (1.1 kB at 151 kB/s)\nDownloading from central: https://repo.maven.apache.org/maven2/org/codehaus/plexus/plexus-compiler/2.11.1/plexus-compiler-2.11.1.pom\nProgress (1): 8.1 kB\r                    \rDownloaded from central: https://repo.maven.apache.org/maven2/org/codehaus/plexus/plexus-compiler/2.11.1/plexus-compiler-2.11.1.pom (8.1 kB at 1.0 MB/s)\nDownloading from central: https://repo.maven.apache.org/maven2/org/codehaus/plexus/plexus-components/6.6/plexus-components-6.6.pom\nProgress (1): 2.7 kB\r                    \rDownloaded from central: https://repo.maven.apache.org/maven2/org/codehaus/plexus/plexus-components/6.6/plexus-components-6.6.pom (2.7 kB at 446 kB/s)\nDownloading from central: https://repo.maven.apache.org/maven2/org/codehaus/plexus/plexus-utils/3.4.1/plexus-utils-3.4.1.pom\nProgress (1): 8.0 kB\r                    \rDownloaded from central: https://repo.maven.apache.org/maven2/org/codehaus/plexus/plexus-utils/3.4.1/plexus-utils-3.4.1.pom (8.0 kB at 1.1 MB/s)\nDownloading from central: https://repo.maven.apache.org/maven2/org/codehaus/plexus/plexus-compiler-manager/2.11.1/plexus-compiler-manager-2.11.1.pom\nProgress (1): 1.1 kB\r                    \rDownloaded from central: https://repo.maven.apache.org/maven2/org/codehaus/plexus/plexus-compiler-manager/2.11.1/plexus-compiler-manager-2.11.1.pom (1.1 kB at 163 kB/s)\nDownloading from central: https://repo.maven.apache.org/maven2/org/codehaus/plexus/plexus-compiler-javac/2.11.1/plexus-compiler-javac-2.11.1.pom\nProgress (1): 1.2 kB\r                    \rDownloaded from central: https://repo.maven.apache.org/maven2/org/codehaus/plexus/plexus-compiler-javac/2.11.1/plexus-compiler-javac-2.11.1.pom (1.2 kB at 201 kB/s)\nDownloading from central: https://repo.maven.apache.org/maven2/org/codehaus/plexus/plexus-compilers/2.11.1/plexus-compilers-2.11.1.pom\nProgress (1): 1.3 kB\r                    \rDownloaded from central: https://repo.maven.apache.org/maven2/org/codehaus/plexus/plexus-compilers/2.11.1/plexus-compilers-2.11.1.pom (1.3 kB at 220 kB/s)\nDownloading from central: https://repo.maven.apache.org/maven2/org/apache/maven/shared/maven-shared-incremental/1.1/maven-shared-incremental-1.1.jar\nProgress (1): 14 kB\r                   \rDownloaded from central: https://repo.maven.apache.org/maven2/org/apache/maven/shared/maven-shared-incremental/1.1/maven-shared-incremental-1.1.jar (14 kB at 1.9 MB/s)\nDownloading from central: https://repo.maven.apache.org/maven2/org/codehaus/plexus/plexus-component-annotations/2.0.0/plexus-component-annotations-2.0.0.jar\nDownloading from central: https://repo.maven.apache.org/maven2/org/codehaus/plexus/plexus-java/1.1.1/plexus-java-1.1.1.jar\nDownloading from central: https://repo.maven.apache.org/maven2/org/ow2/asm/asm/9.2/asm-9.2.jar\nDownloading from central: https://repo.maven.apache.org/maven2/com/thoughtworks/qdox/qdox/2.0.1/qdox-2.0.1.jar\nDownloading from central: https://repo.maven.apache.org/maven2/org/codehaus/plexus/plexus-compiler-api/2.11.1/plexus-compiler-api-2.11.1.jar\nProgress (1): 16/27 kB\rProgress (2): 16/27 kB | 4.2 kB\rProgress (2): 27 kB | 4.2 kB   \rProgress (3): 27 kB | 4.2 kB | 16/54 kB\rProgress (3): 27 kB | 4.2 kB | 33/54 kB\r                                       \rDownloaded from central: https://repo.maven.apache.org/maven2/org/codehaus/plexus/plexus-compiler-api/2.11.1/plexus-compiler-api-2.11.1.jar (27 kB at 929 kB/s)\nDownloaded from central: https://repo.maven.apache.org/maven2/org/codehaus/plexus/plexus-component-annotations/2.0.0/plexus-component-annotations-2.0.0.jar (4.2 kB at 136 kB/s)\nProgress (2): 33/54 kB | 16/122 kB\r                                  \rDownloading from central: https://repo.maven.apache.org/maven2/org/codehaus/plexus/plexus-utils/3.4.1/plexus-utils-3.4.1.jar\nProgress (2): 49/54 kB | 16/122 kB\r                                  \rDownloading from central: https://repo.maven.apache.org/maven2/org/codehaus/plexus/plexus-compiler-manager/2.11.1/plexus-compiler-manager-2.11.1.jar\nProgress (2): 54 kB | 16/122 kB\r                               \rDownloaded from central: https://repo.maven.apache.org/maven2/org/codehaus/plexus/plexus-java/1.1.1/plexus-java-1.1.1.jar (54 kB at 1.7 MB/s)\nDownloading from central: https://repo.maven.apache.org/maven2/org/codehaus/plexus/plexus-compiler-javac/2.11.1/plexus-compiler-javac-2.11.1.jar\nProgress (2): 16/122 kB | 16/334 kB\rProgress (2): 16/122 kB | 32/334 kB\rProgress (2): 16/122 kB | 49/334 kB\rProgress (2): 33/122 kB | 49/334 kB\rProgress (2): 33/122 kB | 65/334 kB\rProgress (2): 33/122 kB | 81/334 kB\rProgress (2): 33/122 kB | 98/334 kB\rProgress (2): 33/122 kB | 114/334 kB\rProgress (2): 49/122 kB | 114/334 kB\rProgress (2): 49/122 kB | 130/334 kB\rProgress (2): 49/122 kB | 147/334 kB\rProgress (2): 49/122 kB | 163/334 kB\rProgress (2): 66/122 kB | 163/334 kB\rProgress (2): 66/122 kB | 180/334 kB\rProgress (2): 82/122 kB | 180/334 kB\rProgress (2): 82/122 kB | 196/334 kB\rProgress (2): 82/122 kB | 212/334 kB\rProgress (3): 82/122 kB | 212/334 kB | 4.7 kB\rProgress (3): 82/122 kB | 229/334 kB | 4.7 kB\rProgress (4): 82/122 kB | 229/334 kB | 4.7 kB | 16/264 kB\rProgress (4): 82/122 kB | 245/334 kB | 4.7 kB | 16/264 kB\rProgress (4): 82/122 kB | 245/334 kB | 4.7 kB | 33/264 kB\r                                                         \rDownloaded from central: https://repo.maven.apache.org/maven2/org/codehaus/plexus/plexus-compiler-manager/2.11.1/plexus-compiler-manager-2.11.1.jar (4.7 kB at 310 kB/s)\nProgress (3): 82/122 kB | 245/334 kB | 49/264 kB\rProgress (3): 82/122 kB | 262/334 kB | 49/264 kB\rProgress (4): 82/122 kB | 262/334 kB | 49/264 kB | 16/23 kB\rProgress (4): 82/122 kB | 262/334 kB | 66/264 kB | 16/23 kB\rProgress (4): 82/122 kB | 262/334 kB | 66/264 kB | 23 kB   \rProgress (4): 82/122 kB | 262/334 kB | 82/264 kB | 23 kB\rProgress (4): 82/122 kB | 278/334 kB | 82/264 kB | 23 kB\rProgress (4): 82/122 kB | 278/334 kB | 98/264 kB | 23 kB\r                                                        \rDownloaded from central: https://repo.maven.apache.org/maven2/org/codehaus/plexus/plexus-compiler-javac/2.11.1/plexus-compiler-javac-2.11.1.jar (23 kB at 1.4 MB/s)\nProgress (3): 82/122 kB | 278/334 kB | 115/264 kB\rProgress (3): 98/122 kB | 278/334 kB | 115/264 kB\rProgress (3): 98/122 kB | 294/334 kB | 115/264 kB\rProgress (3): 98/122 kB | 294/334 kB | 131/264 kB\rProgress (3): 98/122 kB | 294/334 kB | 147/264 kB\rProgress (3): 98/122 kB | 311/334 kB | 147/264 kB\rProgress (3): 98/122 kB | 311/334 kB | 164/264 kB\rProgress (3): 115/122 kB | 311/334 kB | 164/264 kB\rProgress (3): 115/122 kB | 311/334 kB | 180/264 kB\rProgress (3): 115/122 kB | 327/334 kB | 180/264 kB\rProgress (3): 122 kB | 327/334 kB | 180/264 kB    \rProgress (3): 122 kB | 327/334 kB | 197/264 kB\rProgress (3): 122 kB | 334 kB | 197/264 kB    \rProgress (3): 122 kB | 334 kB | 213/264 kB\rProgress (3): 122 kB | 334 kB | 229/264 kB\r                                          \rDownloaded from central: https://repo.maven.apache.org/maven2/org/ow2/asm/asm/9.2/asm-9.2.jar (122 kB at 3.0 MB/s)\nProgress (2): 334 kB | 246/264 kB\r                                 \rDownloaded from central: https://repo.maven.apache.org/maven2/com/thoughtworks/qdox/qdox/2.0.1/qdox-2.0.1.jar (334 kB at 8.1 MB/s)\nProgress (1): 262/264 kB\rProgress (1): 264 kB    \r                    \rDownloaded from central: https://repo.maven.apache.org/maven2/org/codehaus/plexus/plexus-utils/3.4.1/plexus-utils-3.4.1.jar (264 kB at 13 MB/s)\n[INFO] Changes detected - recompiling the module!\n[WARNING] File encoding has not been set, using platform encoding ANSI_X3.4-1968, i.e. build is platform dependent!\n[INFO] Compiling 1 source file to /tmp/eval-dev-quality3410818693/plain/target/classes\n[INFO] \n[INFO] --- resources:3.3.0:resources (default-resources) @ test-java-plain ---\n[WARNING] Using platform encoding (ANSI_X3.4-1968 actually) to copy filtered resources, i.e. build is platform dependent!\n[INFO] skip non existing resourceDirectory /tmp/eval-dev-quality3410818693/plain/src/main/resources\n[INFO] \n[INFO] --- compiler:3.10.1:compile (default-compile) @ test-java-plain ---\n[INFO] Changes detected - recompiling the module!\n[WARNING] File encoding has not been set, using platform encoding ANSI_X3.4-1968, i.e. build is platform dependent!\n[INFO] Compiling 1 source file to /tmp/eval-dev-quality3410818693/plain/target/classes\n[INFO] \n[INFO] --- resources:3.3.0:testResources (default-testResources) @ test-java-plain ---\n[WARNING] Using platform encoding (ANSI_X3.4-1968 actually) to copy filtered resources, i.e. build is platform dependent!\n[INFO] skip non existing resourceDirectory /tmp/eval-dev-quality3410818693/plain/src/test/resources\n[INFO] \n[INFO] --- compiler:3.10.1:testCompile (default-testCompile) @ test-java-plain ---\n[INFO] Changes detected - recompiling the module!\n[WARNING] File encoding has not been set, using platform encoding ANSI_X3.4-1968, i.e. build is platform dependent!\n[INFO] Compiling 1 source file to /tmp/eval-dev-quality3410818693/plain/target/test-classes\n[INFO] -------------------------------------------------------------\n[ERROR] COMPILATION ERROR : \n[INFO] -------------------------------------------------------------\n[ERROR] /tmp/eval-dev-quality3410818693/plain/src/test/java/com/eval/PlainTest.java:[7,9] cannot find symbol\n  symbol:   variable Plain\n  location: class PlainTest\n[INFO] 1 error\n[INFO] -------------------------------------------------------------\n[INFO] ------------------------------------------------------------------------\n[INFO] BUILD FAILURE\n[INFO] ------------------------------------------------------------------------\n[INFO] Total time:  2.293 s\n[INFO] Finished at: 2024-06-19T10:01:53Z\n[INFO] ------------------------------------------------------------------------\n[ERROR] Failed to execute goal org.apache.maven.plugins:maven-compiler-plugin:3.10.1:testCompile (default-testCompile) on project test-java-plain: Compilation failure\n[ERROR] /tmp/eval-dev-quality3410818693/plain/src/test/java/com/eval/PlainTest.java:[7,9] cannot find symbol\n[ERROR]   symbol:   variable Plain\n[ERROR]   location: class PlainTest\n[ERROR] \n[ERROR] -> [Help 1]\n[ERROR] \n[ERROR] To see the full stack trace of the errors, re-run Maven with the -e switch.\n[ERROR] Re-run Maven using the -X switch to enable full debug logging.\n[ERROR] \n[ERROR] For more information about the errors and possible solutions, please read the following articles:\n[ERROR] [Help 1] http://cwiki.apache.org/confluence/display/MAVEN/MojoFailureException\n",
}
Stacktrace: goroutine 1 [running]:
gitlab.nethead.at/symflower/symflower/model/errors.NewInternalError({0x1f42da0?, 0xc0005a2000}, {0xffa8c0?, 0xc0004fe048})
	gitlab.nethead.at/symflower/symflower/model/errors/error.go:850 +0x59
gitlab.nethead.at/symflower/symflower/language/java/execute.MavenDependencyCommand.func1()
	gitlab.nethead.at/symflower/symflower/language/java/execute/maven.go:80 +0x1ef
github.com/avast/retry-go.Do(0xc0001698b8, {0xc0001698a0, 0x3, 0x418c94?})
	github.com/avast/retry-go/retry.go:135 +0x5a3
gitlab.nethead.at/symflower/symflower/language/java/execute.MavenDependencyCommand({0xc00004c210, 0x26}, 0x0, {0xc0008159e0, 0x6, 0x6})
	gitlab.nethead.at/symflower/symflower/language/java/execute/maven.go:60 +0x1c5
gitlab.nethead.at/symflower/symflower/language/java/execute.MavenCloverCoverage({0xc00004c210, 0x26})
	gitlab.nethead.at/symflower/symflower/language/java/execute/clover.go:131 +0xc9
gitlab.nethead.at/symflower/symflower/cmd/symflower-local/cmd.(*commandTest).Execute(0xc000680578, {0xc000680400?, 0x7f6d287d2f38?, 0xc000680578?})
	gitlab.nethead.at/symflower/symflower/cmd/symflower-local/cmd/test.go:143 +0x54f
gitlab.nethead.at/symflower/symflower/cmd.ExecuteNoExit({0x1f425e0?, 0xc000680400}, {0xc0001c4000?, 0x2782d80?, 0xc000537ed8?})
	gitlab.nethead.at/symflower/symflower/cmd/execute.go:56 +0x2d0
gitlab.nethead.at/symflower/symflower/cmd.Execute({0x1f425e0?, 0xc000680400?}, {0xc0001c4000?, 0x274c500?, 0xc000680400?})
	gitlab.nethead.at/symflower/symflower/cmd/execute.go:16 +0x26
gitlab.nethead.at/symflower/symflower/cmd.ExecuteWithOSArguments(...)
	gitlab.nethead.at/symflower/symflower/cmd/execute.go:75
main.main.func1()
	gitlab.nethead.at/symflower/symflower/cmd/symflower-demo/main.go:40 +0x34
gitlab.nethead.at/symflower/symflower/cmd/symflower-local/cmd.(*Command).WithPanicReporter(0xc000198058?, 0x2636b18?)
	gitlab.nethead.at/symflower/symflower/cmd/symflower-local/cmd/cmd.go:184 +0x48
main.main()
	gitlab.nethead.at/symflower/symflower/cmd/symflower-demo/main.go:39 +0xa5


github.com/symflower/eval-dev-quality/util.CommandWithResult
	/home/ubuntu/eval-dev-quality/util/exec.go:52
github.com/symflower/eval-dev-quality/language/java.(*Language).Execute
	/home/ubuntu/eval-dev-quality/language/java/language.go:108
github.com/symflower/eval-dev-quality/evaluate/task.(*TaskWriteTests).Run
	/home/ubuntu/eval-dev-quality/evaluate/task/task-write-test.go:91
github.com/symflower/eval-dev-quality/evaluate.Evaluate.func1
	/home/ubuntu/eval-dev-quality/evaluate/evaluate.go:128
github.com/symflower/eval-dev-quality/evaluate.withLoadedModel
	/home/ubuntu/eval-dev-quality/evaluate/evaluate.go:273
github.com/symflower/eval-dev-quality/evaluate.Evaluate
	/home/ubuntu/eval-dev-quality/evaluate/evaluate.go:118
github.com/symflower/eval-dev-quality/cmd/eval-dev-quality/cmd.(*Evaluate).Execute
	/home/ubuntu/eval-dev-quality/cmd/eval-dev-quality/cmd/evaluate.go:363
github.com/symflower/eval-dev-quality/cmd/eval-dev-quality/cmd.Execute.func1
	/home/ubuntu/eval-dev-quality/cmd/eval-dev-quality/cmd/command.go:34
github.com/jessevdk/go-flags.(*Parser).ParseArgs
	/home/ubuntu/go/pkg/mod/github.com/jessevdk/go-flags@v1.5.1-0.20210607101731-3927b71304df/parser.go:333
github.com/symflower/eval-dev-quality/cmd/eval-dev-quality/cmd.Execute
	/home/ubuntu/eval-dev-quality/cmd/eval-dev-quality/cmd/command.go:37
main.main
	/home/ubuntu/eval-dev-quality/cmd/eval-dev-quality/main.go:11
runtime.main
	/home/ubuntu/.eval-dev-quality/go/src/runtime/proc.go:267
runtime.goexit
	/home/ubuntu/.eval-dev-quality/go/src/runtime/asm_amd64.s:1650
github.com/symflower/eval-dev-quality/language/java.(*Language).Execute
	/home/ubuntu/eval-dev-quality/language/java/language.go:119
github.com/symflower/eval-dev-quality/evaluate/task.(*TaskWriteTests).Run
	/home/ubuntu/eval-dev-quality/evaluate/task/task-write-test.go:91
github.com/symflower/eval-dev-quality/evaluate.Evaluate.func1
	/home/ubuntu/eval-dev-quality/evaluate/evaluate.go:128
github.com/symflower/eval-dev-quality/evaluate.withLoadedModel
	/home/ubuntu/eval-dev-quality/evaluate/evaluate.go:273
github.com/symflower/eval-dev-quality/evaluate.Evaluate
	/home/ubuntu/eval-dev-quality/evaluate/evaluate.go:118
github.com/symflower/eval-dev-quality/cmd/eval-dev-quality/cmd.(*Evaluate).Execute
	/home/ubuntu/eval-dev-quality/cmd/eval-dev-quality/cmd/evaluate.go:363
github.com/symflower/eval-dev-quality/cmd/eval-dev-quality/cmd.Execute.func1
	/home/ubuntu/eval-dev-quality/cmd/eval-dev-quality/cmd/command.go:34
github.com/jessevdk/go-flags.(*Parser).ParseArgs
	/home/ubuntu/go/pkg/mod/github.com/jessevdk/go-flags@v1.5.1-0.20210607101731-3927b71304df/parser.go:333
github.com/symflower/eval-dev-quality/cmd/eval-dev-quality/cmd.Execute
	/home/ubuntu/eval-dev-quality/cmd/eval-dev-quality/cmd/command.go:37
main.main
	/home/ubuntu/eval-dev-quality/cmd/eval-dev-quality/main.go:11
runtime.main
	/home/ubuntu/.eval-dev-quality/go/src/runtime/proc.go:267
runtime.goexit
	/home/ubuntu/.eval-dev-quality/go/src/runtime/asm_amd64.s:1650
[0;34mGive us your feedback and let us know how we can improve Symflower at hello@symflower.com or https://github.com/symflower/symflower. Thanks so much for your help![0m
ERROR: All attempts fail:
#1: Internal error: exit status 1:
[]interface {}{
    "/tmp/eval-dev-quality3410818693/plain/",
    "[INFO] Scanning for projects...\n[WARNING] \n[WARNING] Some problems were encountered while building the effective model for eval.dev.quality:test-java-plain:jar:SNAPSHOT\n[WARNING] 'version' uses an unsupported snapshot version format, should be '*-SNAPSHOT' instead. @ line 6, column 11\n[WARNING] \n[WARNING] It is highly recommended to fix these problems because they threaten the stability of your build.\n[WARNING] \n[WARNING] For this reason, future Maven versions might no longer support building such malformed projects.\n[WARNING] \nDownloading from central: https://repo.maven.apache.org/maven2/org/openclover/clover-maven-plugin/4.5.2/clover-maven-plugin-4.5.2.pom\nProgress (1): 1.4/16 kB\rProgress (1): 2.8/16 kB\rProgress (1): 4.1/16 kB\rProgress (1): 5.5/16 kB\rProgress (1): 6.9/16 kB\rProgress (1): 8.3/16 kB\rProgress (1): 9.7/16 kB\rProgress (1): 11/16 kB \rProgress (1): 12/16 kB\rProgress (1): 14/16 kB\rProgress (1): 15/16 kB\rProgress (1): 16 kB   \r                   \rDownloaded from central: https://repo.maven.apache.org/maven2/org/openclover/clover-maven-plugin/4.5.2/clover-maven-plugin-4.5.2.pom (16 kB at 79 kB/s)\nDownloading from central: https://repo.maven.apache.org/maven2/org/openclover/clover-maven-plugin/4.5.2/clover-maven-plugin-4.5.2.jar\nProgress (1): 16/148 kB\rProgress (1): 33/148 kB\rProgress (1): 49/148 kB\rProgress (1): 66/148 kB\rProgress (1): 82/148 kB\rProgress (1): 98/148 kB\rProgress (1): 115/148 kB\rProgress (1): 131/148 kB\rProgress (1): 147/148 kB\rProgress (1): 148 kB    \r                    \rDownloaded from central: https://repo.maven.apache.org/maven2/org/openclover/clover-maven-plugin/4.5.2/clover-maven-plugin-4.5.2.jar (148 kB at 5.1 MB/s)\n[INFO] \n[INFO] ------------------< eval.dev.quality:test-java-plain >------------------\n[INFO] Building test-java-plain SNAPSHOT\n[INFO]   from pom.xml\n[INFO] --------------------------------[ jar ]---------------------------------\nDownloading from central: https://repo.maven.apache.org/maven2/org/apache/maven/plugins/maven-clean-plugin/3.2.0/maven-clean-plugin-3.2.0.pom\nProgress (1): 5.3 kB\r                    \rDownloaded from central: https://repo.maven.apache.org/maven2/org/apache/maven/plugins/maven-clean-plugin/3.2.0/maven-clean-plugin-3.2.0.pom (5.3 kB at 590 kB/s)\nDownloading from central: https://repo.maven.apache.org/maven2/org/apache/maven/plugins/maven-plugins/35/maven-plugins-35.pom\nProgress (1): 9.9 kB\r                    \rDownloaded from central: https://repo.maven.apache.org/maven2/org/apache/maven/plugins/maven-plugins/35/maven-plugins-35.pom (9.9 kB at 1.1 MB/s)\nDownloading from central: https://repo.maven.apache.org/maven2/org/apache/maven/maven-parent/35/maven-parent-35.pom\nProgress (1): 16/45 kB\rProgress (1): 33/45 kB\rProgress (1): 45 kB   \r                   \rDownloaded from central: https://repo.maven.apache.org/maven2/org/apache/maven/maven-parent/35/maven-parent-35.pom (45 kB at 4.5 MB/s)\nDownloading from central: https://repo.maven.apache.org/maven2/org/apache/apache/25/apache-25.pom\nProgress (1): 16/21 kB\rProgress (1): 21 kB   \r                   \rDownloaded from central: https://repo.maven.apache.org/maven2/org/apache/apache/25/apache-25.pom (21 kB at 2.1 MB/s)\nDownloading from central: https://repo.maven.apache.org/maven2/org/apache/maven/plugins/maven-clean-plugin/3.2.0/maven-clean-plugin-3.2.0.jar\nProgress (1): 16/36 kB\rProgress (1): 33/36 kB\rProgress (1): 36 kB   \r                   \rDownloaded from central: https://repo.maven.apache.org/maven2/org/apache/maven/plugins/maven-clean-plugin/3.2.0/maven-clean-plugin-3.2.0.jar (36 kB at 3.2 MB/s)\nDownloading from central: https://repo.maven.apache.org/maven2/org/apache/maven/plugins/maven-resources-plugin/3.3.0/maven-resources-plugin-3.3.0.pom\nProgress (1): 8.5 kB\r                    \rDownloaded from central: https://repo.maven.apache.org/maven2/org/apache/maven/plugins/maven-resources-plugin/3.3.0/maven-resources-plugin-3.3.0.pom (8.5 kB at 944 kB/s)\nDownloading from central: https://repo.maven.apache.org/maven2/org/apache/maven/plugins/maven-plugins/36/maven-plugins-36.pom\nProgress (1): 9.9 kB\r                    \rDownloaded from central: https://repo.maven.apache.org/maven2/org/apache/maven/plugins/maven-plugins/36/maven-plugins-36.pom (9.9 kB at 1.1 MB/s)\nDownloading from central: https://repo.maven.apache.org/maven2/org/apache/maven/maven-parent/36/maven-parent-36.pom\nProgress (1): 16/45 kB\rProgress (1): 33/45 kB\rProgress (1): 45 kB   \r                   \rDownloaded from central: https://repo.maven.apache.org/maven2/org/apache/maven/maven-parent/36/maven-parent-36.pom (45 kB at 5.1 MB/s)\nDownloading from central: https://repo.maven.apache.org/maven2/org/apache/apache/26/apache-26.pom\nProgress (1): 16/21 kB\rProgress (1): 21 kB   \r                   \rDownloaded from central: https://repo.maven.apache.org/maven2/org/apache/apache/26/apache-26.pom (21 kB at 2.3 MB/s)\nDownloading from central: https://repo.maven.apache.org/maven2/org/apache/maven/plugins/maven-resources-plugin/3.3.0/maven-resources-plugin-3.3.0.jar\nProgress (1): 16/32 kB\rProgress (1): 32 kB   \r                   \rDownloaded from central: https://repo.maven.apache.org/maven2/org/apache/maven/plugins/maven-resources-plugin/3.3.0/maven-resources-plugin-3.3.0.jar (32 kB at 3.5 MB/s)\nDownloading from central: https://repo.maven.apache.org/maven2/org/apache/maven/plugins/maven-compiler-plugin/3.10.1/maven-compiler-plugin-3.10.1.pom\nProgress (1): 13 kB\r                   \rDownloaded from central: https://repo.maven.apache.org/maven2/org/apache/maven/plugins/maven-compiler-plugin/3.10.1/maven-compiler-plugin-3.10.1.pom (13 kB at 1.6 MB/s)\nDownloading from central: https://repo.maven.apache.org/maven2/org/apache/maven/plugins/maven-plugins/34/maven-plugins-34.pom\nProgress (1): 11 kB\r                   \rDownloaded from central: https://repo.maven.apache.org/maven2/org/apache/maven/plugins/maven-plugins/34/maven-plugins-34.pom (11 kB at 1.3 MB/s)\nDownloading from central: https://repo.maven.apache.org/maven2/org/apache/maven/maven-parent/34/maven-parent-34.pom\nProgress (1): 16/43 kB\rProgress (1): 33/43 kB\rProgress (1): 43 kB   \r                   \rDownloaded from central: https://repo.maven.apache.org/maven2/org/apache/maven/maven-parent/34/maven-parent-34.pom (43 kB at 5.4 MB/s)\nDownloading from central: https://repo.maven.apache.org/maven2/org/apache/apache/23/apache-23.pom\nProgress (1): 16/18 kB\rProgress (1): 18 kB   \r                   \rDownloaded from central: https://repo.maven.apache.org/maven2/org/apache/apache/23/apache-23.pom (18 kB at 2.3 MB/s)\nDownloading from central: https://repo.maven.apache.org/maven2/org/apache/maven/plugins/maven-compiler-plugin/3.10.1/maven-compiler-plugin-3.10.1.jar\nProgress (1): 16/62 kB\rProgress (1): 33/62 kB\rProgress (1): 49/62 kB\rProgress (1): 62 kB   \r                   \rDownloaded from central: https://repo.maven.apache.org/maven2/org/apache/maven/plugins/maven-compiler-plugin/3.10.1/maven-compiler-plugin-3.10.1.jar (62 kB at 6.2 MB/s)\nDownloading from central: https://repo.maven.apache.org/maven2/org/apache/maven/plugins/maven-surefire-plugin/3.2.5/maven-surefire-plugin-3.2.5.pom\nProgress (1): 5.3 kB\r                    \rDownloaded from central: https://repo.maven.apache.org/maven2/org/apache/maven/plugins/maven-surefire-plugin/3.2.5/maven-surefire-plugin-3.2.5.pom (5.3 kB at 665 kB/s)\nDownloading from central: https://repo.maven.apache.org/maven2/org/apache/maven/surefire/surefire/3.2.5/surefire-3.2.5.pom\nProgress (1): 16/22 kB\rProgress (1): 22 kB   \r                   \rDownloaded from central: https://repo.maven.apache.org/maven2/org/apache/maven/surefire/surefire/3.2.5/surefire-3.2.5.pom (22 kB at 2.2 MB/s)\nDownloading from central: https://repo.maven.apache.org/maven2/org/apache/maven/maven-parent/41/maven-parent-41.pom\nProgress (1): 16/50 kB\rProgress (1): 32/50 kB\rProgress (1): 49/50 kB\rProgress (1): 50 kB   \r                   \rDownloaded from central: https://repo.maven.apache.org/maven2/org/apache/maven/maven-parent/41/maven-parent-41.pom (50 kB at 4.2 MB/s)\nDownloading from central: https://repo.maven.apache.org/maven2/org/apache/apache/31/apache-31.pom\nProgress (1): 16/24 kB\rProgress (1): 24 kB   \r                   \rDownloaded from central: https://repo.maven.apache.org/maven2/org/apache/apache/31/apache-31.pom (24 kB at 2.6 MB/s)\nDownloading from central: https://repo.maven.apache.org/maven2/org/junit/junit-bom/5.9.3/junit-bom-5.9.3.pom\nProgress (1): 5.6 kB\r                    \rDownloaded from central: https://repo.maven.apache.org/maven2/org/junit/junit-bom/5.9.3/junit-bom-5.9.3.pom (5.6 kB at 626 kB/s)\nDownloading from central: https://repo.maven.apache.org/maven2/org/apache/maven/plugins/maven-surefire-plugin/3.2.5/maven-surefire-plugin-3.2.5.jar\nProgress (1): 16/45 kB\rProgress (1): 33/45 kB\rProgress (1): 45 kB   \r                   \rDownloaded from central: https://repo.maven.apache.org/maven2/org/apache/maven/plugins/maven-surefire-plugin/3.2.5/maven-surefire-plugin-3.2.5.jar (45 kB at 5.0 MB/s)\nDownloading from central: https://repo.maven.apache.org/maven2/org/junit/jupiter/junit-jupiter/5.8.2/junit-jupiter-5.8.2.pom\nProgress (1): 3.2 kB\r                    \rDownloaded from central: https://repo.maven.apache.org/maven2/org/junit/jupiter/junit-jupiter/5.8.2/junit-jupiter-5.8.2.pom (3.2 kB at 356 kB/s)\nDownloading from central: https://repo.maven.apache.org/maven2/org/junit/junit-bom/5.8.2/junit-bom-5.8.2.pom\nProgress (1): 2.5/5.6 kB\rProgress (1): 5.6 kB    \r                    \rDownloaded from central: https://repo.maven.apache.org/maven2/org/junit/junit-bom/5.8.2/junit-bom-5.8.2.pom (5.6 kB at 704 kB/s)\nDownloading from central: https://repo.maven.apache.org/maven2/org/junit/jupiter/junit-jupiter-api/5.8.2/junit-jupiter-api-5.8.2.pom\nProgress (1): 3.2 kB\r                    \rDownloaded from central: https://repo.maven.apache.org/maven2/org/junit/jupiter/junit-jupiter-api/5.8.2/junit-jupiter-api-5.8.2.pom (3.2 kB at 398 kB/s)\nDownloading from central: https://repo.maven.apache.org/maven2/org/opentest4j/opentest4j/1.2.0/opentest4j-1.2.0.pom\nProgress (1): 1.7 kB\r                    \rDownloaded from central: https://repo.maven.apache.org/maven2/org/opentest4j/opentest4j/1.2.0/opentest4j-1.2.0.pom (1.7 kB at 240 kB/s)\nDownloading from central: https://repo.maven.apache.org/maven2/org/junit/platform/junit-platform-commons/1.8.2/junit-platform-commons-1.8.2.pom\nProgress (1): 2.8 kB\r                    \rDownloaded from central: https://repo.maven.apache.org/maven2/org/junit/platform/junit-platform-commons/1.8.2/junit-platform-commons-1.8.2.pom (2.8 kB at 404 kB/s)\nDownloading from central: https://repo.maven.apache.org/maven2/org/apiguardian/apiguardian-api/1.1.2/apiguardian-api-1.1.2.pom\nProgress (1): 1.5 kB\r                    \rDownloaded from central: https://repo.maven.apache.org/maven2/org/apiguardian/apiguardian-api/1.1.2/apiguardian-api-1.1.2.pom (1.5 kB at 191 kB/s)\nDownloading from central: https://repo.maven.apache.org/maven2/org/junit/jupiter/junit-jupiter-params/5.8.2/junit-jupiter-params-5.8.2.pom\nProgress (1): 3.0 kB\r                    \rDownloaded from central: https://repo.maven.apache.org/maven2/org/junit/jupiter/junit-jupiter-params/5.8.2/junit-jupiter-params-5.8.2.pom (3.0 kB at 376 kB/s)\nDownloading from central: https://repo.maven.apache.org/maven2/org/junit/jupiter/junit-jupiter-engine/5.8.2/junit-jupiter-engine-5.8.2.pom\nProgress (1): 3.2 kB\r                    \rDownloaded from central: https://repo.maven.apache.org/maven2/org/junit/jupiter/junit-jupiter-engine/5.8.2/junit-jupiter-engine-5.8.2.pom (3.2 kB at 400 kB/s)\nDownloading from central: https://repo.maven.apache.org/maven2/org/junit/platform/junit-platform-engine/1.8.2/junit-platform-engine-1.8.2.pom\nProgress (1): 3.2 kB\r                    \rDownloaded from central: https://repo.maven.apache.org/maven2/org/junit/platform/junit-platform-engine/1.8.2/junit-platform-engine-1.8.2.pom (3.2 kB at 457 kB/s)\nDownloading from central: https://repo.maven.apache.org/maven2/org/junit/jupiter/junit-jupiter/5.8.2/junit-jupiter-5.8.2.jar\nProgress (1): 6.4 kB\r                    \rDownloaded from central: https://repo.maven.apache.org/maven2/org/junit/jupiter/junit-jupiter/5.8.2/junit-jupiter-5.8.2.jar (6.4 kB at 909 kB/s)\nDownloading from central: https://repo.maven.apache.org/maven2/org/junit/jupiter/junit-jupiter-api/5.8.2/junit-jupiter-api-5.8.2.jar\nDownloading from central: https://repo.maven.apache.org/maven2/org/opentest4j/opentest4j/1.2.0/opentest4j-1.2.0.jar\nDownloading from central: https://repo.maven.apache.org/maven2/org/junit/platform/junit-platform-commons/1.8.2/junit-platform-commons-1.8.2.jar\nDownloading from central: https://repo.maven.apache.org/maven2/org/apiguardian/apiguardian-api/1.1.2/apiguardian-api-1.1.2.jar\nDownloading from central: https://repo.maven.apache.org/maven2/org/junit/jupiter/junit-jupiter-params/5.8.2/junit-jupiter-params-5.8.2.jar\nProgress (1): 7.7 kB\r                    \rDownloaded from central: https://repo.maven.apache.org/maven2/org/opentest4j/opentest4j/1.2.0/opentest4j-1.2.0.jar (7.7 kB at 589 kB/s)\nDownloading from central: https://repo.maven.apache.org/maven2/org/junit/jupiter/junit-jupiter-engine/5.8.2/junit-jupiter-engine-5.8.2.jar\nProgress (1): 16/230 kB\rProgress (1): 33/230 kB\rProgress (1): 49/230 kB\rProgress (1): 66/230 kB\rProgress (1): 82/230 kB\rProgress (1): 98/230 kB\rProgress (1): 115/230 kB\rProgress (1): 131/230 kB\rProgress (1): 147/230 kB\rProgress (1): 164/230 kB\rProgress (1): 180/230 kB\rProgress (1): 197/230 kB\rProgress (1): 213/230 kB\rProgress (1): 229/230 kB\rProgress (1): 230 kB    \r                    \rDownloaded from central: https://repo.maven.apache.org/maven2/org/junit/jupiter/junit-jupiter-engine/5.8.2/junit-jupiter-engine-5.8.2.jar (230 kB at 8.8 MB/s)\nDownloading from central: https://repo.maven.apache.org/maven2/org/junit/platform/junit-platform-engine/1.8.2/junit-platform-engine-1.8.2.jar\nProgress (1): 1.4/6.8 kB\rProgress (2): 1.4/6.8 kB | 1.4/100 kB\rProgress (2): 2.8/6.8 kB | 1.4/100 kB\rProgress (2): 2.8/6.8 kB | 2.8/100 kB\rProgress (2): 4.1/6.8 kB | 2.8/100 kB\rProgress (2): 4.1/6.8 kB | 4.1/100 kB\rProgress (2): 5.5/6.8 kB | 4.1/100 kB\rProgress (2): 5.5/6.8 kB | 5.5/100 kB\rProgress (2): 6.8 kB | 5.5/100 kB    \rProgress (2): 6.8 kB | 6.9/100 kB\rProgress (2): 6.8 kB | 8.3/100 kB\rProgress (2): 6.8 kB | 9.7/100 kB\r                                 \rDownloaded from central: https://repo.maven.apache.org/maven2/org/apiguardian/apiguardian-api/1.1.2/apiguardian-api-1.1.2.jar (6.8 kB at 227 kB/s)\nProgress (1): 11/100 kB\rProgress (1): 12/100 kB\rProgress (2): 12/100 kB | 16/577 kB\rProgress (2): 14/100 kB | 16/577 kB\rProgress (2): 15/100 kB | 16/577 kB\rProgress (2): 16/100 kB | 16/577 kB\rProgress (2): 16/100 kB | 33/577 kB\rProgress (2): 32/100 kB | 33/577 kB\rProgress (2): 49/100 kB | 33/577 kB\rProgress (2): 65/100 kB | 33/577 kB\rProgress (3): 65/100 kB | 33/577 kB | 16/194 kB\rProgress (4): 65/100 kB | 33/577 kB | 16/194 kB | 16/186 kB\rProgress (4): 65/100 kB | 33/577 kB | 16/194 kB | 33/186 kB\rProgress (4): 65/100 kB | 49/577 kB | 16/194 kB | 33/186 kB\rProgress (4): 65/100 kB | 49/577 kB | 16/194 kB | 49/186 kB\rProgress (4): 65/100 kB | 49/577 kB | 33/194 kB | 49/186 kB\rProgress (4): 65/100 kB | 66/577 kB | 33/194 kB | 49/186 kB\rProgress (4): 65/100 kB | 66/577 kB | 33/194 kB | 66/186 kB\rProgress (4): 81/100 kB | 66/577 kB | 33/194 kB | 66/186 kB\rProgress (4): 81/100 kB | 82/577 kB | 33/194 kB | 66/186 kB\rProgress (4): 81/100 kB | 82/577 kB | 33/194 kB | 82/186 kB\rProgress (4): 98/100 kB | 82/577 kB | 33/194 kB | 82/186 kB\rProgress (4): 98/100 kB | 82/577 kB | 33/194 kB | 98/186 kB\rProgress (4): 100 kB | 82/577 kB | 33/194 kB | 98/186 kB   \rProgress (4): 100 kB | 82/577 kB | 49/194 kB | 98/186 kB\rProgress (4): 100 kB | 98/577 kB | 49/194 kB | 98/186 kB\rProgress (4): 100 kB | 98/577 kB | 49/194 kB | 115/186 kB\r                                                         \rDownloaded from central: https://repo.maven.apache.org/maven2/org/junit/platform/junit-platform-commons/1.8.2/junit-platform-commons-1.8.2.jar (100 kB at 2.6 MB/s)\nProgress (3): 98/577 kB | 49/194 kB | 131/186 kB\rProgress (3): 98/577 kB | 66/194 kB | 131/186 kB\rProgress (3): 98/577 kB | 66/194 kB | 147/186 kB\rProgress (3): 115/577 kB | 66/194 kB | 147/186 kB\rProgress (3): 115/577 kB | 66/194 kB | 164/186 kB\rProgress (3): 115/577 kB | 82/194 kB | 164/186 kB\rProgress (3): 131/577 kB | 82/194 kB | 164/186 kB\rProgress (3): 131/577 kB | 82/194 kB | 180/186 kB\rProgress (3): 147/577 kB | 82/194 kB | 180/186 kB\rProgress (3): 147/577 kB | 82/194 kB | 186 kB    \rProgress (3): 164/577 kB | 82/194 kB | 186 kB\rProgress (3): 180/577 kB | 82/194 kB | 186 kB\r                                             \rDownloaded from central: https://repo.maven.apache.org/maven2/org/junit/platform/junit-platform-engine/1.8.2/junit-platform-engine-1.8.2.jar (186 kB at 4.6 MB/s)\nProgress (2): 180/577 kB | 98/194 kB\rProgress (2): 180/577 kB | 115/194 kB\rProgress (2): 197/577 kB | 115/194 kB\rProgress (2): 197/577 kB | 131/194 kB\rProgress (2): 213/577 kB | 131/194 kB\rProgress (2): 229/577 kB | 131/194 kB\rProgress (2): 229/577 kB | 147/194 kB\rProgress (2): 229/577 kB | 164/194 kB\rProgress (2): 246/577 kB | 164/194 kB\rProgress (2): 262/577 kB | 164/194 kB\rProgress (2): 279/577 kB | 164/194 kB\rProgress (2): 279/577 kB | 180/194 kB\rProgress (2): 295/577 kB | 180/194 kB\rProgress (2): 295/577 kB | 194 kB    \rProgress (2): 311/577 kB | 194 kB\r                                 \rDownloaded from central: https://repo.maven.apache.org/maven2/org/junit/jupiter/junit-jupiter-api/5.8.2/junit-jupiter-api-5.8.2.jar (194 kB at 4.0 MB/s)\nProgress (1): 328/577 kB\rProgress (1): 344/577 kB\rProgress (1): 360/577 kB\rProgress (1): 377/577 kB\rProgress (1): 393/577 kB\rProgress (1): 410/577 kB\rProgress (1): 426/577 kB\rProgress (1): 442/577 kB\rProgress (1): 459/577 kB\rProgress (1): 475/577 kB\rProgress (1): 492/577 kB\rProgress (1): 508/577 kB\rProgress (1): 524/577 kB\rProgress (1): 541/577 kB\rProgress (1): 557/577 kB\rProgress (1): 573/577 kB\rProgress (1): 577 kB    \r                    \rDownloaded from central: https://repo.maven.apache.org/maven2/org/junit/jupiter/junit-jupiter-params/5.8.2/junit-jupiter-params-5.8.2.jar (577 kB at 11 MB/s)\n[INFO] \n[INFO] --- clean:3.2.0:clean (default-clean) @ test-java-plain ---\nDownloading from central: https://repo.maven.apache.org/maven2/org/apache/maven/shared/maven-shared-utils/3.3.4/maven-shared-utils-3.3.4.pom\nProgress (1): 5.8 kB\r                    \rDownloaded from central: https://repo.maven.apache.org/maven2/org/apache/maven/shared/maven-shared-utils/3.3.4/maven-shared-utils-3.3.4.pom (5.8 kB at 729 kB/s)\nDownloading from central: https://repo.maven.apache.org/maven2/org/apache/maven/shared/maven-shared-components/34/maven-shared-components-34.pom\nProgress (1): 5.1 kB\r                    \rDownloaded from central: https://repo.maven.apache.org/maven2/org/apache/maven/shared/maven-shared-components/34/maven-shared-components-34.pom (5.1 kB at 728 kB/s)\nDownloading from central: https://repo.maven.apache.org/maven2/commons-io/commons-io/2.6/commons-io-2.6.pom\nProgress (1): 14 kB\r                   \rDownloaded from central: https://repo.maven.apache.org/maven2/commons-io/commons-io/2.6/commons-io-2.6.pom (14 kB at 2.0 MB/s)\nDownloading from central: https://repo.maven.apache.org/maven2/org/apache/commons/commons-parent/42/commons-parent-42.pom\nProgress (1): 16/68 kB\rProgress (1): 33/68 kB\rProgress (1): 49/68 kB\rProgress (1): 66/68 kB\rProgress (1): 68 kB   \r                   \rDownloaded from central: https://repo.maven.apache.org/maven2/org/apache/commons/commons-parent/42/commons-parent-42.pom (68 kB at 8.5 MB/s)\nDownloading from central: https://repo.maven.apache.org/maven2/org/apache/apache/18/apache-18.pom\nProgress (1): 16 kB\r                   \rDownloaded from central: https://repo.maven.apache.org/maven2/org/apache/apache/18/apache-18.pom (16 kB at 2.0 MB/s)\nDownloading from central: https://repo.maven.apache.org/maven2/org/apache/maven/shared/maven-shared-utils/3.3.4/maven-shared-utils-3.3.4.jar\nProgress (1): 16/153 kB\rProgress (1): 33/153 kB\rProgress (1): 49/153 kB\rProgress (1): 66/153 kB\rProgress (1): 82/153 kB\rProgress (1): 98/153 kB\rProgress (1): 115/153 kB\rProgress (1): 131/153 kB\rProgress (1): 147/153 kB\rProgress (1): 153 kB    \r                    \rDownloaded from central: https://repo.maven.apache.org/maven2/org/apache/maven/shared/maven-shared-utils/3.3.4/maven-shared-utils-3.3.4.jar (153 kB at 13 MB/s)\nDownloading from central: https://repo.maven.apache.org/maven2/commons-io/commons-io/2.6/commons-io-2.6.jar\nProgress (1): 16/215 kB\rProgress (1): 32/215 kB\rProgress (1): 49/215 kB\rProgress (1): 65/215 kB\rProgress (1): 81/215 kB\rProgress (1): 98/215 kB\rProgress (1): 114/215 kB\rProgress (1): 130/215 kB\rProgress (1): 147/215 kB\rProgress (1): 163/215 kB\rProgress (1): 180/215 kB\rProgress (1): 196/215 kB\rProgress (1): 212/215 kB\rProgress (1): 215 kB    \r                    \rDownloaded from central: https://repo.maven.apache.org/maven2/commons-io/commons-io/2.6/commons-io-2.6.jar (215 kB at 13 MB/s)\n[INFO] \n[INFO] --- resources:3.3.0:resources (default-resources) @ test-java-plain ---\nDownloading from central: https://repo.maven.apache.org/maven2/org/codehaus/plexus/plexus-interpolation/1.26/plexus-interpolation-1.26.pom\nProgress (1): 2.7 kB\r                    \rDownloaded from central: https://repo.maven.apache.org/maven2/org/codehaus/plexus/plexus-interpolation/1.26/plexus-interpolation-1.26.pom (2.7 kB at 221 kB/s)\nDownloading from central: https://repo.maven.apache.org/maven2/org/codehaus/plexus/plexus/5.1/plexus-5.1.pom\nProgress (1): 16/23 kB\rProgress (1): 23 kB   \r                   \rDownloaded from central: https://repo.maven.apache.org/maven2/org/codehaus/plexus/plexus/5.1/plexus-5.1.pom (23 kB at 1.9 MB/s)\nDownloading from central: https://repo.maven.apache.org/maven2/org/apache/maven/shared/maven-filtering/3.3.0/maven-filtering-3.3.0.pom\nProgress (1): 6.9 kB\r                    \rDownloaded from central: https://repo.maven.apache.org/maven2/org/apache/maven/shared/maven-filtering/3.3.0/maven-filtering-3.3.0.pom (6.9 kB at 631 kB/s)\nDownloading from central: https://repo.maven.apache.org/maven2/org/apache/maven/shared/maven-shared-components/36/maven-shared-components-36.pom\nProgress (1): 4.9 kB\r                    \rDownloaded from central: https://repo.maven.apache.org/maven2/org/apache/maven/shared/maven-shared-components/36/maven-shared-components-36.pom (4.9 kB at 408 kB/s)\nDownloading from central: https://repo.maven.apache.org/maven2/javax/inject/javax.inject/1/javax.inject-1.pom\nProgress (1): 612 B\r                   \rDownloaded from central: https://repo.maven.apache.org/maven2/javax/inject/javax.inject/1/javax.inject-1.pom (612 B at 56 kB/s)\nDownloading from central: https://repo.maven.apache.org/maven2/org/slf4j/slf4j-api/1.7.36/slf4j-api-1.7.36.pom\nProgress (1): 2.7 kB\r                    \rDownloaded from central: https://repo.maven.apache.org/maven2/org/slf4j/slf4j-api/1.7.36/slf4j-api-1.7.36.pom (2.7 kB at 249 kB/s)\nDownloading from central: https://repo.maven.apache.org/maven2/org/slf4j/slf4j-parent/1.7.36/slf4j-parent-1.7.36.pom\nProgress (1): 14 kB\r                   \rDownloaded from central: https://repo.maven.apache.org/maven2/org/slf4j/slf4j-parent/1.7.36/slf4j-parent-1.7.36.pom (14 kB at 1.8 MB/s)\nDownloading from central: https://repo.maven.apache.org/maven2/org/sonatype/plexus/plexus-build-api/0.0.7/plexus-build-api-0.0.7.pom\nProgress (1): 3.2 kB\r                    \rDownloaded from central: https://repo.maven.apache.org/maven2/org/sonatype/plexus/plexus-build-api/0.0.7/plexus-build-api-0.0.7.pom (3.2 kB at 458 kB/s)\nDownloading from central: https://repo.maven.apache.org/maven2/org/sonatype/spice/spice-parent/15/spice-parent-15.pom\nProgress (1): 8.4 kB\r                    \rDownloaded from central: https://repo.maven.apache.org/maven2/org/sonatype/spice/spice-parent/15/spice-parent-15.pom (8.4 kB at 929 kB/s)\nDownloading from central: https://repo.maven.apache.org/maven2/org/sonatype/forge/forge-parent/5/forge-parent-5.pom\nProgress (1): 8.4 kB\r                    \rDownloaded from central: https://repo.maven.apache.org/maven2/org/sonatype/forge/forge-parent/5/forge-parent-5.pom (8.4 kB at 1.0 MB/s)\nDownloading from central: https://repo.maven.apache.org/maven2/org/codehaus/plexus/plexus-utils/3.3.0/plexus-utils-3.3.0.pom\nProgress (1): 5.2 kB\r                    \rDownloaded from central: https://repo.maven.apache.org/maven2/org/codehaus/plexus/plexus-utils/3.3.0/plexus-utils-3.3.0.pom (5.2 kB at 740 kB/s)\nDownloading from central: https://repo.maven.apache.org/maven2/commons-io/commons-io/2.11.0/commons-io-2.11.0.pom\nProgress (1): 16/20 kB\rProgress (1): 20 kB   \r                   \rDownloaded from central: https://repo.maven.apache.org/maven2/commons-io/commons-io/2.11.0/commons-io-2.11.0.pom (20 kB at 2.8 MB/s)\nDownloading from central: https://repo.maven.apache.org/maven2/org/apache/commons/commons-parent/52/commons-parent-52.pom\nProgress (1): 16/79 kB\rProgress (1): 33/79 kB\rProgress (1): 49/79 kB\rProgress (1): 66/79 kB\rProgress (1): 79 kB   \r                   \rDownloaded from central: https://repo.maven.apache.org/maven2/org/apache/commons/commons-parent/52/commons-parent-52.pom (79 kB at 8.8 MB/s)\nDownloading from central: https://repo.maven.apache.org/maven2/org/junit/junit-bom/5.7.2/junit-bom-5.7.2.pom\nProgress (1): 5.1 kB\r                    \rDownloaded from central: https://repo.maven.apache.org/maven2/org/junit/junit-bom/5.7.2/junit-bom-5.7.2.pom (5.1 kB at 728 kB/s)\nDownloading from central: https://repo.maven.apache.org/maven2/org/apache/commons/commons-lang3/3.12.0/commons-lang3-3.12.0.pom\nProgress (1): 16/31 kB\rProgress (1): 31 kB   \r                   \rDownloaded from central: https://repo.maven.apache.org/maven2/org/apache/commons/commons-lang3/3.12.0/commons-lang3-3.12.0.pom (31 kB at 4.4 MB/s)\nDownloading from central: https://repo.maven.apache.org/maven2/org/junit/junit-bom/5.7.1/junit-bom-5.7.1.pom\nProgress (1): 5.1 kB\r                    \rDownloaded from central: https://repo.maven.apache.org/maven2/org/junit/junit-bom/5.7.1/junit-bom-5.7.1.pom (5.1 kB at 566 kB/s)\nDownloading from central: https://repo.maven.apache.org/maven2/org/codehaus/plexus/plexus-interpolation/1.26/plexus-interpolation-1.26.jar\nProgress (1): 16/85 kB\rProgress (1): 33/85 kB\rProgress (1): 49/85 kB\rProgress (1): 66/85 kB\rProgress (1): 82/85 kB\rProgress (1): 85 kB   \r                   \rDownloaded from central: https://repo.maven.apache.org/maven2/org/codehaus/plexus/plexus-interpolation/1.26/plexus-interpolation-1.26.jar (85 kB at 1.2 MB/s)\nDownloading from central: https://repo.maven.apache.org/maven2/org/apache/maven/shared/maven-filtering/3.3.0/maven-filtering-3.3.0.jar\nDownloading from central: https://repo.maven.apache.org/maven2/javax/inject/javax.inject/1/javax.inject-1.jar\nDownloading from central: https://repo.maven.apache.org/maven2/org/slf4j/slf4j-api/1.7.36/slf4j-api-1.7.36.jar\nDownloading from central: https://repo.maven.apache.org/maven2/org/sonatype/plexus/plexus-build-api/0.0.7/plexus-build-api-0.0.7.jar\nDownloading from central: https://repo.maven.apache.org/maven2/org/codehaus/plexus/plexus-utils/3.3.0/plexus-utils-3.3.0.jar\nProgress (1): 2.5 kB\rProgress (2): 2.5 kB | 16/55 kB\r                               \rDownloaded from central: https://repo.maven.apache.org/maven2/javax/inject/javax.inject/1/javax.inject-1.jar (2.5 kB at 192 kB/s)\nDownloading from central: https://repo.maven.apache.org/maven2/commons-io/commons-io/2.11.0/commons-io-2.11.0.jar\nProgress (1): 33/55 kB\rProgress (1): 49/55 kB\rProgress (1): 55 kB   \rProgress (2): 55 kB | 16/41 kB\r                              \rDownloaded from central: https://repo.maven.apache.org/maven2/org/apache/maven/shared/maven-filtering/3.3.0/maven-filtering-3.3.0.jar (55 kB at 3.5 MB/s)\nProgress (1): 33/41 kB\rProgress (2): 33/41 kB | 16/263 kB\r                                  \rDownloading from central: https://repo.maven.apache.org/maven2/org/apache/commons/commons-lang3/3.12.0/commons-lang3-3.12.0.jar\nProgress (2): 41 kB | 16/263 kB\rProgress (3): 41 kB | 16/263 kB | 1.4/8.5 kB\rProgress (3): 41 kB | 32/263 kB | 1.4/8.5 kB\rProgress (3): 41 kB | 32/263 kB | 2.8/8.5 kB\rProgress (3): 41 kB | 32/263 kB | 4.1/8.5 kB\rProgress (3): 41 kB | 32/263 kB | 5.5/8.5 kB\r                                            \rDownloaded from central: https://repo.maven.apache.org/maven2/org/slf4j/slf4j-api/1.7.36/slf4j-api-1.7.36.jar (41 kB at 2.6 MB/s)\nProgress (2): 32/263 kB | 6.9/8.5 kB\rProgress (2): 49/263 kB | 6.9/8.5 kB\rProgress (2): 49/263 kB | 8.3/8.5 kB\rProgress (2): 49/263 kB | 8.5 kB    \rProgress (2): 65/263 kB | 8.5 kB\rProgress (2): 80/263 kB | 8.5 kB\r                                \rDownloaded from central: https://repo.maven.apache.org/maven2/org/sonatype/plexus/plexus-build-api/0.0.7/plexus-build-api-0.0.7.jar (8.5 kB at 499 kB/s)\nProgress (1): 97/263 kB\rProgress (1): 113/263 kB\rProgress (1): 130/263 kB\rProgress (1): 146/263 kB\rProgress (1): 162/263 kB\rProgress (2): 162/263 kB | 16/327 kB\rProgress (2): 179/263 kB | 16/327 kB\rProgress (2): 179/263 kB | 32/327 kB\rProgress (2): 195/263 kB | 32/327 kB\rProgress (2): 195/263 kB | 49/327 kB\rProgress (2): 212/263 kB | 49/327 kB\rProgress (2): 212/263 kB | 65/327 kB\rProgress (2): 228/263 kB | 65/327 kB\rProgress (2): 228/263 kB | 81/327 kB\rProgress (2): 228/263 kB | 98/327 kB\rProgress (2): 228/263 kB | 114/327 kB\rProgress (2): 244/263 kB | 114/327 kB\rProgress (2): 261/263 kB | 114/327 kB\rProgress (2): 261/263 kB | 131/327 kB\rProgress (2): 263 kB | 131/327 kB    \rProgress (2): 263 kB | 147/327 kB\r                                 \rDownloaded from central: https://repo.maven.apache.org/maven2/org/codehaus/plexus/plexus-utils/3.3.0/plexus-utils-3.3.0.jar (263 kB at 9.8 MB/s)\nProgress (1): 163/327 kB\rProgress (1): 180/327 kB\rProgress (1): 196/327 kB\rProgress (1): 212/327 kB\rProgress (1): 229/327 kB\rProgress (2): 229/327 kB | 16/587 kB\rProgress (2): 229/327 kB | 32/587 kB\rProgress (2): 229/327 kB | 49/587 kB\rProgress (2): 229/327 kB | 65/587 kB\rProgress (2): 229/327 kB | 81/587 kB\rProgress (2): 229/327 kB | 98/587 kB\rProgress (2): 245/327 kB | 98/587 kB\rProgress (2): 262/327 kB | 98/587 kB\rProgress (2): 278/327 kB | 98/587 kB\rProgress (2): 294/327 kB | 98/587 kB\rProgress (2): 311/327 kB | 98/587 kB\rProgress (2): 311/327 kB | 114/587 kB\rProgress (2): 311/327 kB | 130/587 kB\rProgress (2): 311/327 kB | 147/587 kB\rProgress (2): 311/327 kB | 163/587 kB\rProgress (2): 311/327 kB | 180/587 kB\rProgress (2): 311/327 kB | 196/587 kB\rProgress (2): 311/327 kB | 212/587 kB\rProgress (2): 311/327 kB | 229/587 kB\rProgress (2): 311/327 kB | 245/587 kB\rProgress (2): 311/327 kB | 262/587 kB\rProgress (2): 311/327 kB | 278/587 kB\rProgress (2): 311/327 kB | 294/587 kB\rProgress (2): 311/327 kB | 311/587 kB\rProgress (2): 311/327 kB | 327/587 kB\rProgress (2): 311/327 kB | 343/587 kB\rProgress (2): 311/327 kB | 360/587 kB\rProgress (2): 311/327 kB | 376/587 kB\rProgress (2): 311/327 kB | 393/587 kB\rProgress (2): 311/327 kB | 402/587 kB\rProgress (2): 311/327 kB | 418/587 kB\rProgress (2): 311/327 kB | 435/587 kB\rProgress (2): 311/327 kB | 451/587 kB\rProgress (2): 311/327 kB | 468/587 kB\rProgress (2): 311/327 kB | 484/587 kB\rProgress (2): 311/327 kB | 500/587 kB\rProgress (2): 311/327 kB | 517/587 kB\rProgress (2): 311/327 kB | 533/587 kB\rProgress (2): 311/327 kB | 549/587 kB\rProgress (2): 311/327 kB | 566/587 kB\rProgress (2): 311/327 kB | 582/587 kB\rProgress (2): 311/327 kB | 587 kB    \r                                 \rDownloaded from central: https://repo.maven.apache.org/maven2/org/apache/commons/commons-lang3/3.12.0/commons-lang3-3.12.0.jar (587 kB at 11 MB/s)\nProgress (1): 327/327 kB\rProgress (1): 327 kB    \r                    \rDownloaded from central: https://repo.maven.apache.org/maven2/commons-io/commons-io/2.11.0/commons-io-2.11.0.jar (327 kB at 5.5 MB/s)\n[WARNING] Using platform encoding (ANSI_X3.4-1968 actually) to copy filtered resources, i.e. build is platform dependent!\n[INFO] skip non existing resourceDirectory /tmp/eval-dev-quality3410818693/plain/src/main/resources\n[INFO] \n[INFO] --- compiler:3.10.1:compile (default-compile) @ test-java-plain ---\nDownloading from central: https://repo.maven.apache.org/maven2/org/apache/maven/shared/maven-shared-incremental/1.1/maven-shared-incremental-1.1.pom\nProgress (1): 4.7 kB\r                    \rDownloaded from central: https://repo.maven.apache.org/maven2/org/apache/maven/shared/maven-shared-incremental/1.1/maven-shared-incremental-1.1.pom (4.7 kB at 677 kB/s)\nDownloading from central: https://repo.maven.apache.org/maven2/org/apache/maven/shared/maven-shared-components/19/maven-shared-components-19.pom\nProgress (1): 6.4 kB\r                    \rDownloaded from central: https://repo.maven.apache.org/maven2/org/apache/maven/shared/maven-shared-components/19/maven-shared-components-19.pom (6.4 kB at 908 kB/s)\nDownloading from central: https://repo.maven.apache.org/maven2/org/apache/maven/maven-parent/23/maven-parent-23.pom\nProgress (1): 16/33 kB\rProgress (1): 33 kB   \r                   \rDownloaded from central: https://repo.maven.apache.org/maven2/org/apache/maven/maven-parent/23/maven-parent-23.pom (33 kB at 4.7 MB/s)\nDownloading from central: https://repo.maven.apache.org/maven2/org/apache/apache/13/apache-13.pom\nProgress (1): 14 kB\r                   \rDownloaded from central: https://repo.maven.apache.org/maven2/org/apache/apache/13/apache-13.pom (14 kB at 1.6 MB/s)\nDownloading from central: https://repo.maven.apache.org/maven2/org/codehaus/plexus/plexus-component-annotations/2.0.0/plexus-component-annotations-2.0.0.pom\nProgress (1): 750 B\r                   \rDownloaded from central: https://repo.maven.apache.org/maven2/org/codehaus/plexus/plexus-component-annotations/2.0.0/plexus-component-annotations-2.0.0.pom (750 B at 94 kB/s)\nDownloading from central: https://repo.maven.apache.org/maven2/org/codehaus/plexus/plexus-containers/2.0.0/plexus-containers-2.0.0.pom\nProgress (1): 4.8 kB\r                    \rDownloaded from central: https://repo.maven.apache.org/maven2/org/codehaus/plexus/plexus-containers/2.0.0/plexus-containers-2.0.0.pom (4.8 kB at 437 kB/s)\nDownloading from central: https://repo.maven.apache.org/maven2/org/codehaus/plexus/plexus-java/1.1.1/plexus-java-1.1.1.pom\nProgress (1): 5.0 kB\r                    \rDownloaded from central: https://repo.maven.apache.org/maven2/org/codehaus/plexus/plexus-java/1.1.1/plexus-java-1.1.1.pom (5.0 kB at 497 kB/s)\nDownloading from central: https://repo.maven.apache.org/maven2/org/codehaus/plexus/plexus-languages/1.1.1/plexus-languages-1.1.1.pom\nProgress (1): 4.6 kB\r                    \rDownloaded from central: https://repo.maven.apache.org/maven2/org/codehaus/plexus/plexus-languages/1.1.1/plexus-languages-1.1.1.pom (4.6 kB at 659 kB/s)\nDownloading from central: https://repo.maven.apache.org/maven2/org/codehaus/plexus/plexus/8/plexus-8.pom\nProgress (1): 16/25 kB\rProgress (1): 25 kB   \r                   \rDownloaded from central: https://repo.maven.apache.org/maven2/org/codehaus/plexus/plexus/8/plexus-8.pom (25 kB at 2.0 MB/s)\nDownloading from central: https://repo.maven.apache.org/maven2/org/ow2/asm/asm/9.2/asm-9.2.pom\nProgress (1): 2.4 kB\r                    \rDownloaded from central: https://repo.maven.apache.org/maven2/org/ow2/asm/asm/9.2/asm-9.2.pom (2.4 kB at 338 kB/s)\nDownloading from central: https://repo.maven.apache.org/maven2/org/ow2/ow2/1.5/ow2-1.5.pom\nProgress (1): 11 kB\r                   \rDownloaded from central: https://repo.maven.apache.org/maven2/org/ow2/ow2/1.5/ow2-1.5.pom (11 kB at 1.6 MB/s)\nDownloading from central: https://repo.maven.apache.org/maven2/com/thoughtworks/qdox/qdox/2.0.1/qdox-2.0.1.pom\nProgress (1): 16/16 kB\rProgress (1): 16 kB   \r                   \rDownloaded from central: https://repo.maven.apache.org/maven2/com/thoughtworks/qdox/qdox/2.0.1/qdox-2.0.1.pom (16 kB at 2.3 MB/s)\nDownloading from central: https://repo.maven.apache.org/maven2/org/sonatype/oss/oss-parent/9/oss-parent-9.pom\nProgress (1): 6.6 kB\r                    \rDownloaded from central: https://repo.maven.apache.org/maven2/org/sonatype/oss/oss-parent/9/oss-parent-9.pom (6.6 kB at 938 kB/s)\nDownloading from central: https://repo.maven.apache.org/maven2/org/codehaus/plexus/plexus-compiler-api/2.11.1/plexus-compiler-api-2.11.1.pom\nProgress (1): 1.1 kB\r                    \rDownloaded from central: https://repo.maven.apache.org/maven2/org/codehaus/plexus/plexus-compiler-api/2.11.1/plexus-compiler-api-2.11.1.pom (1.1 kB at 151 kB/s)\nDownloading from central: https://repo.maven.apache.org/maven2/org/codehaus/plexus/plexus-compiler/2.11.1/plexus-compiler-2.11.1.pom\nProgress (1): 8.1 kB\r                    \rDownloaded from central: https://repo.maven.apache.org/maven2/org/codehaus/plexus/plexus-compiler/2.11.1/plexus-compiler-2.11.1.pom (8.1 kB at 1.0 MB/s)\nDownloading from central: https://repo.maven.apache.org/maven2/org/codehaus/plexus/plexus-components/6.6/plexus-components-6.6.pom\nProgress (1): 2.7 kB\r                    \rDownloaded from central: https://repo.maven.apache.org/maven2/org/codehaus/plexus/plexus-components/6.6/plexus-components-6.6.pom (2.7 kB at 446 kB/s)\nDownloading from central: https://repo.maven.apache.org/maven2/org/codehaus/plexus/plexus-utils/3.4.1/plexus-utils-3.4.1.pom\nProgress (1): 8.0 kB\r                    \rDownloaded from central: https://repo.maven.apache.org/maven2/org/codehaus/plexus/plexus-utils/3.4.1/plexus-utils-3.4.1.pom (8.0 kB at 1.1 MB/s)\nDownloading from central: https://repo.maven.apache.org/maven2/org/codehaus/plexus/plexus-compiler-manager/2.11.1/plexus-compiler-manager-2.11.1.pom\nProgress (1): 1.1 kB\r                    \rDownloaded from central: https://repo.maven.apache.org/maven2/org/codehaus/plexus/plexus-compiler-manager/2.11.1/plexus-compiler-manager-2.11.1.pom (1.1 kB at 163 kB/s)\nDownloading from central: https://repo.maven.apache.org/maven2/org/codehaus/plexus/plexus-compiler-javac/2.11.1/plexus-compiler-javac-2.11.1.pom\nProgress (1): 1.2 kB\r                    \rDownloaded from central: https://repo.maven.apache.org/maven2/org/codehaus/plexus/plexus-compiler-javac/2.11.1/plexus-compiler-javac-2.11.1.pom (1.2 kB at 201 kB/s)\nDownloading from central: https://repo.maven.apache.org/maven2/org/codehaus/plexus/plexus-compilers/2.11.1/plexus-compilers-2.11.1.pom\nProgress (1): 1.3 kB\r                    \rDownloaded from central: https://repo.maven.apache.org/maven2/org/codehaus/plexus/plexus-compilers/2.11.1/plexus-compilers-2.11.1.pom (1.3 kB at 220 kB/s)\nDownloading from central: https://repo.maven.apache.org/maven2/org/apache/maven/shared/maven-shared-incremental/1.1/maven-shared-incremental-1.1.jar\nProgress (1): 14 kB\r                   \rDownloaded from central: https://repo.maven.apache.org/maven2/org/apache/maven/shared/maven-shared-incremental/1.1/maven-shared-incremental-1.1.jar (14 kB at 1.9 MB/s)\nDownloading from central: https://repo.maven.apache.org/maven2/org/codehaus/plexus/plexus-component-annotations/2.0.0/plexus-component-annotations-2.0.0.jar\nDownloading from central: https://repo.maven.apache.org/maven2/org/codehaus/plexus/plexus-java/1.1.1/plexus-java-1.1.1.jar\nDownloading from central: https://repo.maven.apache.org/maven2/org/ow2/asm/asm/9.2/asm-9.2.jar\nDownloading from central: https://repo.maven.apache.org/maven2/com/thoughtworks/qdox/qdox/2.0.1/qdox-2.0.1.jar\nDownloading from central: https://repo.maven.apache.org/maven2/org/codehaus/plexus/plexus-compiler-api/2.11.1/plexus-compiler-api-2.11.1.jar\nProgress (1): 16/27 kB\rProgress (2): 16/27 kB | 4.2 kB\rProgress (2): 27 kB | 4.2 kB   \rProgress (3): 27 kB | 4.2 kB | 16/54 kB\rProgress (3): 27 kB | 4.2 kB | 33/54 kB\r                                       \rDownloaded from central: https://repo.maven.apache.org/maven2/org/codehaus/plexus/plexus-compiler-api/2.11.1/plexus-compiler-api-2.11.1.jar (27 kB at 929 kB/s)\nDownloaded from central: https://repo.maven.apache.org/maven2/org/codehaus/plexus/plexus-component-annotations/2.0.0/plexus-component-annotations-2.0.0.jar (4.2 kB at 136 kB/s)\nProgress (2): 33/54 kB | 16/122 kB\r                                  \rDownloading from central: https://repo.maven.apache.org/maven2/org/codehaus/plexus/plexus-utils/3.4.1/plexus-utils-3.4.1.jar\nProgress (2): 49/54 kB | 16/122 kB\r                                  \rDownloading from central: https://repo.maven.apache.org/maven2/org/codehaus/plexus/plexus-compiler-manager/2.11.1/plexus-compiler-manager-2.11.1.jar\nProgress (2): 54 kB | 16/122 kB\r                               \rDownloaded from central: https://repo.maven.apache.org/maven2/org/codehaus/plexus/plexus-java/1.1.1/plexus-java-1.1.1.jar (54 kB at 1.7 MB/s)\nDownloading from central: https://repo.maven.apache.org/maven2/org/codehaus/plexus/plexus-compiler-javac/2.11.1/plexus-compiler-javac-2.11.1.jar\nProgress (2): 16/122 kB | 16/334 kB\rProgress (2): 16/122 kB | 32/334 kB\rProgress (2): 16/122 kB | 49/334 kB\rProgress (2): 33/122 kB | 49/334 kB\rProgress (2): 33/122 kB | 65/334 kB\rProgress (2): 33/122 kB | 81/334 kB\rProgress (2): 33/122 kB | 98/334 kB\rProgress (2): 33/122 kB | 114/334 kB\rProgress (2): 49/122 kB | 114/334 kB\rProgress (2): 49/122 kB | 130/334 kB\rProgress (2): 49/122 kB | 147/334 kB\rProgress (2): 49/122 kB | 163/334 kB\rProgress (2): 66/122 kB | 163/334 kB\rProgress (2): 66/122 kB | 180/334 kB\rProgress (2): 82/122 kB | 180/334 kB\rProgress (2): 82/122 kB | 196/334 kB\rProgress (2): 82/122 kB | 212/334 kB\rProgress (3): 82/122 kB | 212/334 kB | 4.7 kB\rProgress (3): 82/122 kB | 229/334 kB | 4.7 kB\rProgress (4): 82/122 kB | 229/334 kB | 4.7 kB | 16/264 kB\rProgress (4): 82/122 kB | 245/334 kB | 4.7 kB | 16/264 kB\rProgress (4): 82/122 kB | 245/334 kB | 4.7 kB | 33/264 kB\r                                                         \rDownloaded from central: https://repo.maven.apache.org/maven2/org/codehaus/plexus/plexus-compiler-manager/2.11.1/plexus-compiler-manager-2.11.1.jar (4.7 kB at 310 kB/s)\nProgress (3): 82/122 kB | 245/334 kB | 49/264 kB\rProgress (3): 82/122 kB | 262/334 kB | 49/264 kB\rProgress (4): 82/122 kB | 262/334 kB | 49/264 kB | 16/23 kB\rProgress (4): 82/122 kB | 262/334 kB | 66/264 kB | 16/23 kB\rProgress (4): 82/122 kB | 262/334 kB | 66/264 kB | 23 kB   \rProgress (4): 82/122 kB | 262/334 kB | 82/264 kB | 23 kB\rProgress (4): 82/122 kB | 278/334 kB | 82/264 kB | 23 kB\rProgress (4): 82/122 kB | 278/334 kB | 98/264 kB | 23 kB\r                                                        \rDownloaded from central: https://repo.maven.apache.org/maven2/org/codehaus/plexus/plexus-compiler-javac/2.11.1/plexus-compiler-javac-2.11.1.jar (23 kB at 1.4 MB/s)\nProgress (3): 82/122 kB | 278/334 kB | 115/264 kB\rProgress (3): 98/122 kB | 278/334 kB | 115/264 kB\rProgress (3): 98/122 kB | 294/334 kB | 115/264 kB\rProgress (3): 98/122 kB | 294/334 kB | 131/264 kB\rProgress (3): 98/122 kB | 294/334 kB | 147/264 kB\rProgress (3): 98/122 kB | 311/334 kB | 147/264 kB\rProgress (3): 98/122 kB | 311/334 kB | 164/264 kB\rProgress (3): 115/122 kB | 311/334 kB | 164/264 kB\rProgress (3): 115/122 kB | 311/334 kB | 180/264 kB\rProgress (3): 115/122 kB | 327/334 kB | 180/264 kB\rProgress (3): 122 kB | 327/334 kB | 180/264 kB    \rProgress (3): 122 kB | 327/334 kB | 197/264 kB\rProgress (3): 122 kB | 334 kB | 197/264 kB    \rProgress (3): 122 kB | 334 kB | 213/264 kB\rProgress (3): 122 kB | 334 kB | 229/264 kB\r                                          \rDownloaded from central: https://repo.maven.apache.org/maven2/org/ow2/asm/asm/9.2/asm-9.2.jar (122 kB at 3.0 MB/s)\nProgress (2): 334 kB | 246/264 kB\r                                 \rDownloaded from central: https://repo.maven.apache.org/maven2/com/thoughtworks/qdox/qdox/2.0.1/qdox-2.0.1.jar (334 kB at 8.1 MB/s)\nProgress (1): 262/264 kB\rProgress (1): 264 kB    \r                    \rDownloaded from central: https://repo.maven.apache.org/maven2/org/codehaus/plexus/plexus-utils/3.4.1/plexus-utils-3.4.1.jar (264 kB at 13 MB/s)\n[INFO] Changes detected - recompiling the module!\n[WARNING] File encoding has not been set, using platform encoding ANSI_X3.4-1968, i.e. build is platform dependent!\n[INFO] Compiling 1 source file to /tmp/eval-dev-quality3410818693/plain/target/classes\n[INFO] \n[INFO] --- resources:3.3.0:resources (default-resources) @ test-java-plain ---\n[WARNING] Using platform encoding (ANSI_X3.4-1968 actually) to copy filtered resources, i.e. build is platform dependent!\n[INFO] skip non existing resourceDirectory /tmp/eval-dev-quality3410818693/plain/src/main/resources\n[INFO] \n[INFO] --- compiler:3.10.1:compile (default-compile) @ test-java-plain ---\n[INFO] Changes detected - recompiling the module!\n[WARNING] File encoding has not been set, using platform encoding ANSI_X3.4-1968, i.e. build is platform dependent!\n[INFO] Compiling 1 source file to /tmp/eval-dev-quality3410818693/plain/target/classes\n[INFO] \n[INFO] --- resources:3.3.0:testResources (default-testResources) @ test-java-plain ---\n[WARNING] Using platform encoding (ANSI_X3.4-1968 actually) to copy filtered resources, i.e. build is platform dependent!\n[INFO] skip non existing resourceDirectory /tmp/eval-dev-quality3410818693/plain/src/test/resources\n[INFO] \n[INFO] --- compiler:3.10.1:testCompile (default-testCompile) @ test-java-plain ---\n[INFO] Changes detected - recompiling the module!\n[WARNING] File encoding has not been set, using platform encoding ANSI_X3.4-1968, i.e. build is platform dependent!\n[INFO] Compiling 1 source file to /tmp/eval-dev-quality3410818693/plain/target/test-classes\n[INFO] -------------------------------------------------------------\n[ERROR] COMPILATION ERROR : \n[INFO] -------------------------------------------------------------\n[ERROR] /tmp/eval-dev-quality3410818693/plain/src/test/java/com/eval/PlainTest.java:[7,9] cannot find symbol\n  symbol:   variable Plain\n  location: class PlainTest\n[INFO] 1 error\n[INFO] -------------------------------------------------------------\n[INFO] ------------------------------------------------------------------------\n[INFO] BUILD FAILURE\n[INFO] ------------------------------------------------------------------------\n[INFO] Total time:  2.293 s\n[INFO] Finished at: 2024-06-19T10:01:53Z\n[INFO] ------------------------------------------------------------------------\n[ERROR] Failed to execute goal org.apache.maven.plugins:maven-compiler-plugin:3.10.1:testCompile (default-testCompile) on project test-java-plain: Compilation failure\n[ERROR] /tmp/eval-dev-quality3410818693/plain/src/test/java/com/eval/PlainTest.java:[7,9] cannot find symbol\n[ERROR]   symbol:   variable Plain\n[ERROR]   location: class PlainTest\n[ERROR] \n[ERROR] -> [Help 1]\n[ERROR] \n[ERROR] To see the full stack trace of the errors, re-run Maven with the -e switch.\n[ERROR] Re-run Maven using the -X switch to enable full debug logging.\n[ERROR] \n[ERROR] For more information about the errors and possible solutions, please read the following articles:\n[ERROR] [Help 1] http://cwiki.apache.org/confluence/display/MAVEN/MojoFailureException\n",
}
Stacktrace: goroutine 1 [running]:
gitlab.nethead.at/symflower/symflower/model/errors.NewInternalError({0x1f42da0?, 0xc0005a2000}, {0xffa8c0?, 0xc0004fe048})
	gitlab.nethead.at/symflower/symflower/model/errors/error.go:850 +0x59
gitlab.nethead.at/symflower/symflower/language/java/execute.MavenDependencyCommand.func1()
	gitlab.nethead.at/symflower/symflower/language/java/execute/maven.go:80 +0x1ef
github.com/avast/retry-go.Do(0xc0001698b8, {0xc0001698a0, 0x3, 0x418c94?})
	github.com/avast/retry-go/retry.go:135 +0x5a3
gitlab.nethead.at/symflower/symflower/language/java/execute.MavenDependencyCommand({0xc00004c210, 0x26}, 0x0, {0xc0008159e0, 0x6, 0x6})
	gitlab.nethead.at/symflower/symflower/language/java/execute/maven.go:60 +0x1c5
gitlab.nethead.at/symflower/symflower/language/java/execute.MavenCloverCoverage({0xc00004c210, 0x26})
	gitlab.nethead.at/symflower/symflower/language/java/execute/clover.go:131 +0xc9
gitlab.nethead.at/symflower/symflower/cmd/symflower-local/cmd.(*commandTest).Execute(0xc000680578, {0xc000680400?, 0x7f6d287d2f38?, 0xc000680578?})
	gitlab.nethead.at/symflower/symflower/cmd/symflower-local/cmd/test.go:143 +0x54f
gitlab.nethead.at/symflower/symflower/cmd.ExecuteNoExit({0x1f425e0?, 0xc000680400}, {0xc0001c4000?, 0x2782d80?, 0xc000537ed8?})
	gitlab.nethead.at/symflower/symflower/cmd/execute.go:56 +0x2d0
gitlab.nethead.at/symflower/symflower/cmd.Execute({0x1f425e0?, 0xc000680400?}, {0xc0001c4000?, 0x274c500?, 0xc000680400?})
	gitlab.nethead.at/symflower/symflower/cmd/execute.go:16 +0x26
gitlab.nethead.at/symflower/symflower/cmd.ExecuteWithOSArguments(...)
	gitlab.nethead.at/symflower/symflower/cmd/execute.go:75
main.main.func1()
	gitlab.nethead.at/symflower/symflower/cmd/symflower-demo/main.go:40 +0x34
gitlab.nethead.at/symflower/symflower/cmd/symflower-local/cmd.(*Command).WithPanicReporter(0xc000198058?, 0x2636b18?)
	gitlab.nethead.at/symflower/symflower/cmd/symflower-local/cmd/cmd.go:184 +0x48
main.main()
	gitlab.nethead.at/symflower/symflower/cmd/symflower-demo/main.go:39 +0xa5


src/main/java/com/eval/Plain.java]
2024/06/19 10:01:57 Evaluating model "openrouter/liuhaotian/llava-yi-34b" on task "write-tests" using language "java" and repository "java/plain"
2024/06/19 10:01:57 Querying model "openrouter/liuhaotian/llava-yi-34b" with:
	Given the following Java code file "src/main/java/com/eval/Plain.java" with package "com.eval", provide a test file for this code with JUnit 5 as a test framework.
	The tests should produce 100 percent code coverage and must compile.
	The response must contain only the test code and nothing else.

	```java
	package com.eval;

	class Plain {
	    static void plain() {
	    }
	}
	```
2024/06/19 10:01:59 Model "openrouter/liuhaotian/llava-yi-34b" responded (1848 ms) with:
	```java
	package com.eval;

	import org.junit.jupiter.api.BeforeEach;
	import org.junit.jupiter.api.Test;

	class PlainTest {

	    private Plain plain;

	    @BeforeEach
	    void setUp() {
	        plain = new Plain();
	    }

	    @Test
	    void testPlain() {
	        plain.plain();
	    }
	}
	```
2024/06/19 10:01:59 $ symflower test --language java --workspace /tmp/eval-dev-quality3410818693/plain --coverage-file /tmp/eval-dev-quality3410818693/plain/coverage.json
[INFO] Scanning for projects...
[WARNING] 
[WARNING] Some problems were encountered while building the effective model for eval.dev.quality:test-java-plain:jar:SNAPSHOT
[WARNING] 'version' uses an unsupported snapshot version format, should be '*-SNAPSHOT' instead. @ line 6, column 11
[WARNING] 
[WARNING] It is highly recommended to fix these problems because they threaten the stability of your build.
[WARNING] 
[WARNING] For this reason, future Maven versions might no longer support building such malformed projects.
[WARNING] 
[INFO] 
[INFO] ------------------< eval.dev.quality:test-java-plain >------------------
[INFO] Building test-java-plain SNAPSHOT
[INFO]   from pom.xml
[INFO] --------------------------------[ jar ]---------------------------------
[INFO] 
[INFO] --- clover:4.5.2:aggregate (default-cli) @ test-java-plain ---
[INFO] 
[INFO] ------------------< eval.dev.quality:test-java-plain >------------------
[INFO] Building test-java-plain SNAPSHOT
[INFO]   from pom.xml
[INFO] --------------------------------[ jar ]---------------------------------
[INFO] 
[INFO] --- clover:4.5.2:clover (default-cli) @ test-java-plain ---
[INFO] Using default-clover-report descriptor.
[INFO] Using Clover report descriptor: /tmp/mvn6974461610906305295resource
[INFO] OpenClover Version 4.5.2, built on 2024-01-31
[INFO] Clover is enabled with initstring '/tmp/eval-dev-quality3410818693/plain/target/clover/clover.db'
[INFO] OpenClover Version 4.5.2, built on 2024-01-31
[INFO] Loading coverage database from: '/tmp/eval-dev-quality3410818693/plain/target/clover/clover.db'
[INFO] Writing report to '/tmp/eval-dev-quality3410818693/plain/target/site/clover/clover.xml'
[INFO] ------------------------------------------------------------------------
[INFO] BUILD SUCCESS
[INFO] ------------------------------------------------------------------------
[INFO] Total time:  2.300 s
[INFO] Finished at: 2024-06-19T10:02:10Z
[INFO] ------------------------------------------------------------------------

Total coverage 100.000000%
[0;34mGive us your feedback and let us know how we can improve Symflower at hello@symflower.com or https://github.com/symflower/symflower. Thanks so much for your help![0m
2024/06/19 10:02:10 Executes tests with 1 coverage objects
2024/06/19 10:02:10 Evaluated model "openrouter/liuhaotian/llava-yi-34b" on task "write-tests" using language "java" and repository "java/plain": encountered 0 problems: []
2024/06/19 10:02:12 Evaluating model "openrouter/liuhaotian/llava-yi-34b" on task "write-tests" using language "java" and repository "java/plain"
2024/06/19 10:02:12 Querying model "openrouter/liuhaotian/llava-yi-34b" with:
	Given the following Java code file "src/main/java/com/eval/Plain.java" with package "com.eval", provide a test file for this code with JUnit 5 as a test framework.
	The tests should produce 100 percent code coverage and must compile.
	The response must contain only the test code and nothing else.

	```java
	package com.eval;

	class Plain {
	    static void plain() {
	    }
	}
	```
2024/06/19 10:02:14 Model "openrouter/liuhaotian/llava-yi-34b" responded (2225 ms) with:
	```java
	import org.junit.jupiter.api.Test;
	import static org.junit.jupiter.api.Assertions.*;

	class PlainTest {

	    @Test
	    void testPlainMethod() {
	        Plain.plain();
	        assertNotNull("plain method is null", Plain.plain);
	    }
	}
	```
	Note: The above test covers 100% of the code as the method is empty. If the method was doing some functionality, then additional test cases would be needed to cover those lines of code.
2024/06/19 10:02:14 $ symflower test --language java --workspace /tmp/eval-dev-quality3410818693/plain --coverage-file /tmp/eval-dev-quality3410818693/plain/coverage.json
[0;34mGive us your feedback and let us know how we can improve Symflower at hello@symflower.com or https://github.com/symflower/symflower. Thanks so much for your help![0m
ERROR: All attempts fail:
#1: Internal error: exit status 1:
[]interface {}{
    "/tmp/eval-dev-quality3410818693/plain/",
    "[INFO] Scanning for projects...\n[WARNING] \n[WARNING] Some problems were encountered while building the effective model for eval.dev.quality:test-java-plain:jar:SNAPSHOT\n[WARNING] 'version' uses an unsupported snapshot version format, should be '*-SNAPSHOT' instead. @ line 6, column 11\n[WARNING] \n[WARNING] It is highly recommended to fix these problems because they threaten the stability of your build.\n[WARNING] \n[WARNING] For this reason, future Maven versions might no longer support building such malformed projects.\n[WARNING] \n[INFO] \n[INFO] ------------------< eval.dev.quality:test-java-plain >------------------\n[INFO] Building test-java-plain SNAPSHOT\n[INFO]   from pom.xml\n[INFO] --------------------------------[ jar ]---------------------------------\n[INFO] \n[INFO] --- clean:3.2.0:clean (default-clean) @ test-java-plain ---\n[INFO] \n[INFO] --- resources:3.3.0:resources (default-resources) @ test-java-plain ---\n[WARNING] Using platform encoding (ANSI_X3.4-1968 actually) to copy filtered resources, i.e. build is platform dependent!\n[INFO] skip non existing resourceDirectory /tmp/eval-dev-quality3410818693/plain/src/main/resources\n[INFO] \n[INFO] --- compiler:3.10.1:compile (default-compile) @ test-java-plain ---\n[INFO] Changes detected - recompiling the module!\n[WARNING] File encoding has not been set, using platform encoding ANSI_X3.4-1968, i.e. build is platform dependent!\n[INFO] Compiling 1 source file to /tmp/eval-dev-quality3410818693/plain/target/classes\n[INFO] \n[INFO] --- resources:3.3.0:resources (default-resources) @ test-java-plain ---\n[WARNING] Using platform encoding (ANSI_X3.4-1968 actually) to copy filtered resources, i.e. build is platform dependent!\n[INFO] skip non existing resourceDirectory /tmp/eval-dev-quality3410818693/plain/src/main/resources\n[INFO] \n[INFO] --- compiler:3.10.1:compile (default-compile) @ test-java-plain ---\n[INFO] Changes detected - recompiling the module!\n[WARNING] File encoding has not been set, using platform encoding ANSI_X3.4-1968, i.e. build is platform dependent!\n[INFO] Compiling 1 source file to /tmp/eval-dev-quality3410818693/plain/target/classes\n[INFO] \n[INFO] --- resources:3.3.0:testResources (default-testResources) @ test-java-plain ---\n[WARNING] Using platform encoding (ANSI_X3.4-1968 actually) to copy filtered resources, i.e. build is platform dependent!\n[INFO] skip non existing resourceDirectory /tmp/eval-dev-quality3410818693/plain/src/test/resources\n[INFO] \n[INFO] --- compiler:3.10.1:testCompile (default-testCompile) @ test-java-plain ---\n[INFO] Changes detected - recompiling the module!\n[WARNING] File encoding has not been set, using platform encoding ANSI_X3.4-1968, i.e. build is platform dependent!\n[INFO] Compiling 1 source file to /tmp/eval-dev-quality3410818693/plain/target/test-classes\n[INFO] -------------------------------------------------------------\n[ERROR] COMPILATION ERROR : \n[INFO] -------------------------------------------------------------\n[ERROR] /tmp/eval-dev-quality3410818693/plain/src/test/java/com/eval/PlainTest.java:[8,9] cannot find symbol\n  symbol:   variable Plain\n  location: class PlainTest\n[ERROR] /tmp/eval-dev-quality3410818693/plain/src/test/java/com/eval/PlainTest.java:[9,47] cannot find symbol\n  symbol:   variable Plain\n  location: class PlainTest\n[INFO] 2 errors \n[INFO] -------------------------------------------------------------\n[INFO] ------------------------------------------------------------------------\n[INFO] BUILD FAILURE\n[INFO] ------------------------------------------------------------------------\n[INFO] Total time:  0.962 s\n[INFO] Finished at: 2024-06-19T10:02:16Z\n[INFO] ------------------------------------------------------------------------\n[ERROR] Failed to execute goal org.apache.maven.plugins:maven-compiler-plugin:3.10.1:testCompile (default-testCompile) on project test-java-plain: Compilation failure: Compilation failure: \n[ERROR] /tmp/eval-dev-quality3410818693/plain/src/test/java/com/eval/PlainTest.java:[8,9] cannot find symbol\n[ERROR]   symbol:   variable Plain\n[ERROR]   location: class PlainTest\n[ERROR] /tmp/eval-dev-quality3410818693/plain/src/test/java/com/eval/PlainTest.java:[9,47] cannot find symbol\n[ERROR]   symbol:   variable Plain\n[ERROR]   location: class PlainTest\n[ERROR] -> [Help 1]\n[ERROR] \n[ERROR] To see the full stack trace of the errors, re-run Maven with the -e switch.\n[ERROR] Re-run Maven using the -X switch to enable full debug logging.\n[ERROR] \n[ERROR] For more information about the errors and possible solutions, please read the following articles:\n[ERROR] [Help 1] http://cwiki.apache.org/confluence/display/MAVEN/MojoFailureException\n",
}
Stacktrace: goroutine 1 [running]:
gitlab.nethead.at/symflower/symflower/model/errors.NewInternalError({0x1f42da0?, 0xc000880000}, {0xffa8c0?, 0xc0005fc018})
	gitlab.nethead.at/symflower/symflower/model/errors/error.go:850 +0x59
gitlab.nethead.at/symflower/symflower/language/java/execute.MavenDependencyCommand.func1()
	gitlab.nethead.at/symflower/symflower/language/java/execute/maven.go:80 +0x1ef
github.com/avast/retry-go.Do(0xc0002618b8, {0xc0002618a0, 0x3, 0x418c94?})
	github.com/avast/retry-go/retry.go:135 +0x5a3
gitlab.nethead.at/symflower/symflower/language/java/execute.MavenDependencyCommand({0xc000750240, 0x26}, 0x0, {0xc0005fe360, 0x6, 0x6})
	gitlab.nethead.at/symflower/symflower/language/java/execute/maven.go:60 +0x1c5
gitlab.nethead.at/symflower/symflower/language/java/execute.MavenCloverCoverage({0xc000750240, 0x26})
	gitlab.nethead.at/symflower/symflower/language/java/execute/clover.go:131 +0xc9
gitlab.nethead.at/symflower/symflower/cmd/symflower-local/cmd.(*commandTest).Execute(0xc000180d78, {0xc000180c00?, 0x7f5404053158?, 0xc000180d78?})
	gitlab.nethead.at/symflower/symflower/cmd/symflower-local/cmd/test.go:143 +0x54f
gitlab.nethead.at/symflower/symflower/cmd.ExecuteNoExit({0x1f425e0?, 0xc000180c00}, {0xc000236000?, 0x2782d80?, 0xc0001a7ed8?})
	gitlab.nethead.at/symflower/symflower/cmd/execute.go:56 +0x2d0
gitlab.nethead.at/symflower/symflower/cmd.Execute({0x1f425e0?, 0xc000180c00?}, {0xc000236000?, 0x274c500?, 0xc000180c00?})
	gitlab.nethead.at/symflower/symflower/cmd/execute.go:16 +0x26
gitlab.nethead.at/symflower/symflower/cmd.ExecuteWithOSArguments(...)
	gitlab.nethead.at/symflower/symflower/cmd/execute.go:75
main.main.func1()
	gitlab.nethead.at/symflower/symflower/cmd/symflower-demo/main.go:40 +0x34
gitlab.nethead.at/symflower/symflower/cmd/symflower-local/cmd.(*Command).WithPanicReporter(0xc000202058?, 0x2636b18?)
	gitlab.nethead.at/symflower/symflower/cmd/symflower-local/cmd/cmd.go:184 +0x48
main.main()
	gitlab.nethead.at/symflower/symflower/cmd/symflower-demo/main.go:39 +0xa5

2024/06/19 10:02:16 Evaluated model "openrouter/liuhaotian/llava-yi-34b" on task "write-tests" using language "java" and repository "java/plain": encountered 1 problems: [exit status 1
[0;34mGive us your feedback and let us know how we can improve Symflower at hello@symflower.com or https://github.com/symflower/symflower. Thanks so much for your help![0m
ERROR: All attempts fail:
#1: Internal error: exit status 1:
[]interface {}{
    "/tmp/eval-dev-quality3410818693/plain/",
    "[INFO] Scanning for projects...\n[WARNING] \n[WARNING] Some problems were encountered while building the effective model for eval.dev.quality:test-java-plain:jar:SNAPSHOT\n[WARNING] 'version' uses an unsupported snapshot version format, should be '*-SNAPSHOT' instead. @ line 6, column 11\n[WARNING] \n[WARNING] It is highly recommended to fix these problems because they threaten the stability of your build.\n[WARNING] \n[WARNING] For this reason, future Maven versions might no longer support building such malformed projects.\n[WARNING] \n[INFO] \n[INFO] ------------------< eval.dev.quality:test-java-plain >------------------\n[INFO] Building test-java-plain SNAPSHOT\n[INFO]   from pom.xml\n[INFO] --------------------------------[ jar ]---------------------------------\n[INFO] \n[INFO] --- clean:3.2.0:clean (default-clean) @ test-java-plain ---\n[INFO] \n[INFO] --- resources:3.3.0:resources (default-resources) @ test-java-plain ---\n[WARNING] Using platform encoding (ANSI_X3.4-1968 actually) to copy filtered resources, i.e. build is platform dependent!\n[INFO] skip non existing resourceDirectory /tmp/eval-dev-quality3410818693/plain/src/main/resources\n[INFO] \n[INFO] --- compiler:3.10.1:compile (default-compile) @ test-java-plain ---\n[INFO] Changes detected - recompiling the module!\n[WARNING] File encoding has not been set, using platform encoding ANSI_X3.4-1968, i.e. build is platform dependent!\n[INFO] Compiling 1 source file to /tmp/eval-dev-quality3410818693/plain/target/classes\n[INFO] \n[INFO] --- resources:3.3.0:resources (default-resources) @ test-java-plain ---\n[WARNING] Using platform encoding (ANSI_X3.4-1968 actually) to copy filtered resources, i.e. build is platform dependent!\n[INFO] skip non existing resourceDirectory /tmp/eval-dev-quality3410818693/plain/src/main/resources\n[INFO] \n[INFO] --- compiler:3.10.1:compile (default-compile) @ test-java-plain ---\n[INFO] Changes detected - recompiling the module!\n[WARNING] File encoding has not been set, using platform encoding ANSI_X3.4-1968, i.e. build is platform dependent!\n[INFO] Compiling 1 source file to /tmp/eval-dev-quality3410818693/plain/target/classes\n[INFO] \n[INFO] --- resources:3.3.0:testResources (default-testResources) @ test-java-plain ---\n[WARNING] Using platform encoding (ANSI_X3.4-1968 actually) to copy filtered resources, i.e. build is platform dependent!\n[INFO] skip non existing resourceDirectory /tmp/eval-dev-quality3410818693/plain/src/test/resources\n[INFO] \n[INFO] --- compiler:3.10.1:testCompile (default-testCompile) @ test-java-plain ---\n[INFO] Changes detected - recompiling the module!\n[WARNING] File encoding has not been set, using platform encoding ANSI_X3.4-1968, i.e. build is platform dependent!\n[INFO] Compiling 1 source file to /tmp/eval-dev-quality3410818693/plain/target/test-classes\n[INFO] -------------------------------------------------------------\n[ERROR] COMPILATION ERROR : \n[INFO] -------------------------------------------------------------\n[ERROR] /tmp/eval-dev-quality3410818693/plain/src/test/java/com/eval/PlainTest.java:[8,9] cannot find symbol\n  symbol:   variable Plain\n  location: class PlainTest\n[ERROR] /tmp/eval-dev-quality3410818693/plain/src/test/java/com/eval/PlainTest.java:[9,47] cannot find symbol\n  symbol:   variable Plain\n  location: class PlainTest\n[INFO] 2 errors \n[INFO] -------------------------------------------------------------\n[INFO] ------------------------------------------------------------------------\n[INFO] BUILD FAILURE\n[INFO] ------------------------------------------------------------------------\n[INFO] Total time:  0.962 s\n[INFO] Finished at: 2024-06-19T10:02:16Z\n[INFO] ------------------------------------------------------------------------\n[ERROR] Failed to execute goal org.apache.maven.plugins:maven-compiler-plugin:3.10.1:testCompile (default-testCompile) on project test-java-plain: Compilation failure: Compilation failure: \n[ERROR] /tmp/eval-dev-quality3410818693/plain/src/test/java/com/eval/PlainTest.java:[8,9] cannot find symbol\n[ERROR]   symbol:   variable Plain\n[ERROR]   location: class PlainTest\n[ERROR] /tmp/eval-dev-quality3410818693/plain/src/test/java/com/eval/PlainTest.java:[9,47] cannot find symbol\n[ERROR]   symbol:   variable Plain\n[ERROR]   location: class PlainTest\n[ERROR] -> [Help 1]\n[ERROR] \n[ERROR] To see the full stack trace of the errors, re-run Maven with the -e switch.\n[ERROR] Re-run Maven using the -X switch to enable full debug logging.\n[ERROR] \n[ERROR] For more information about the errors and possible solutions, please read the following articles:\n[ERROR] [Help 1] http://cwiki.apache.org/confluence/display/MAVEN/MojoFailureException\n",
}
Stacktrace: goroutine 1 [running]:
gitlab.nethead.at/symflower/symflower/model/errors.NewInternalError({0x1f42da0?, 0xc000880000}, {0xffa8c0?, 0xc0005fc018})
	gitlab.nethead.at/symflower/symflower/model/errors/error.go:850 +0x59
gitlab.nethead.at/symflower/symflower/language/java/execute.MavenDependencyCommand.func1()
	gitlab.nethead.at/symflower/symflower/language/java/execute/maven.go:80 +0x1ef
github.com/avast/retry-go.Do(0xc0002618b8, {0xc0002618a0, 0x3, 0x418c94?})
	github.com/avast/retry-go/retry.go:135 +0x5a3
gitlab.nethead.at/symflower/symflower/language/java/execute.MavenDependencyCommand({0xc000750240, 0x26}, 0x0, {0xc0005fe360, 0x6, 0x6})
	gitlab.nethead.at/symflower/symflower/language/java/execute/maven.go:60 +0x1c5
gitlab.nethead.at/symflower/symflower/language/java/execute.MavenCloverCoverage({0xc000750240, 0x26})
	gitlab.nethead.at/symflower/symflower/language/java/execute/clover.go:131 +0xc9
gitlab.nethead.at/symflower/symflower/cmd/symflower-local/cmd.(*commandTest).Execute(0xc000180d78, {0xc000180c00?, 0x7f5404053158?, 0xc000180d78?})
	gitlab.nethead.at/symflower/symflower/cmd/symflower-local/cmd/test.go:143 +0x54f
gitlab.nethead.at/symflower/symflower/cmd.ExecuteNoExit({0x1f425e0?, 0xc000180c00}, {0xc000236000?, 0x2782d80?, 0xc0001a7ed8?})
	gitlab.nethead.at/symflower/symflower/cmd/execute.go:56 +0x2d0
gitlab.nethead.at/symflower/symflower/cmd.Execute({0x1f425e0?, 0xc000180c00?}, {0xc000236000?, 0x274c500?, 0xc000180c00?})
	gitlab.nethead.at/symflower/symflower/cmd/execute.go:16 +0x26
gitlab.nethead.at/symflower/symflower/cmd.ExecuteWithOSArguments(...)
	gitlab.nethead.at/symflower/symflower/cmd/execute.go:75
main.main.func1()
	gitlab.nethead.at/symflower/symflower/cmd/symflower-demo/main.go:40 +0x34
gitlab.nethead.at/symflower/symflower/cmd/symflower-local/cmd.(*Command).WithPanicReporter(0xc000202058?, 0x2636b18?)
	gitlab.nethead.at/symflower/symflower/cmd/symflower-local/cmd/cmd.go:184 +0x48
main.main()
	gitlab.nethead.at/symflower/symflower/cmd/symflower-demo/main.go:39 +0xa5


github.com/symflower/eval-dev-quality/util.CommandWithResult
	/home/ubuntu/eval-dev-quality/util/exec.go:52
github.com/symflower/eval-dev-quality/language/java.(*Language).Execute
	/home/ubuntu/eval-dev-quality/language/java/language.go:108
github.com/symflower/eval-dev-quality/evaluate/task.(*TaskWriteTests).Run
	/home/ubuntu/eval-dev-quality/evaluate/task/task-write-test.go:91
github.com/symflower/eval-dev-quality/evaluate.Evaluate.func1
	/home/ubuntu/eval-dev-quality/evaluate/evaluate.go:128
github.com/symflower/eval-dev-quality/evaluate.withLoadedModel
	/home/ubuntu/eval-dev-quality/evaluate/evaluate.go:273
github.com/symflower/eval-dev-quality/evaluate.Evaluate
	/home/ubuntu/eval-dev-quality/evaluate/evaluate.go:118
github.com/symflower/eval-dev-quality/cmd/eval-dev-quality/cmd.(*Evaluate).Execute
	/home/ubuntu/eval-dev-quality/cmd/eval-dev-quality/cmd/evaluate.go:363
github.com/symflower/eval-dev-quality/cmd/eval-dev-quality/cmd.Execute.func1
	/home/ubuntu/eval-dev-quality/cmd/eval-dev-quality/cmd/command.go:34
github.com/jessevdk/go-flags.(*Parser).ParseArgs
	/home/ubuntu/go/pkg/mod/github.com/jessevdk/go-flags@v1.5.1-0.20210607101731-3927b71304df/parser.go:333
github.com/symflower/eval-dev-quality/cmd/eval-dev-quality/cmd.Execute
	/home/ubuntu/eval-dev-quality/cmd/eval-dev-quality/cmd/command.go:37
main.main
	/home/ubuntu/eval-dev-quality/cmd/eval-dev-quality/main.go:11
runtime.main
	/home/ubuntu/.eval-dev-quality/go/src/runtime/proc.go:267
runtime.goexit
	/home/ubuntu/.eval-dev-quality/go/src/runtime/asm_amd64.s:1650
github.com/symflower/eval-dev-quality/language/java.(*Language).Execute
	/home/ubuntu/eval-dev-quality/language/java/language.go:119
github.com/symflower/eval-dev-quality/evaluate/task.(*TaskWriteTests).Run
	/home/ubuntu/eval-dev-quality/evaluate/task/task-write-test.go:91
github.com/symflower/eval-dev-quality/evaluate.Evaluate.func1
	/home/ubuntu/eval-dev-quality/evaluate/evaluate.go:128
github.com/symflower/eval-dev-quality/evaluate.withLoadedModel
	/home/ubuntu/eval-dev-quality/evaluate/evaluate.go:273
github.com/symflower/eval-dev-quality/evaluate.Evaluate
	/home/ubuntu/eval-dev-quality/evaluate/evaluate.go:118
github.com/symflower/eval-dev-quality/cmd/eval-dev-quality/cmd.(*Evaluate).Execute
	/home/ubuntu/eval-dev-quality/cmd/eval-dev-quality/cmd/evaluate.go:363
github.com/symflower/eval-dev-quality/cmd/eval-dev-quality/cmd.Execute.func1
	/home/ubuntu/eval-dev-quality/cmd/eval-dev-quality/cmd/command.go:34
github.com/jessevdk/go-flags.(*Parser).ParseArgs
	/home/ubuntu/go/pkg/mod/github.com/jessevdk/go-flags@v1.5.1-0.20210607101731-3927b71304df/parser.go:333
github.com/symflower/eval-dev-quality/cmd/eval-dev-quality/cmd.Execute
	/home/ubuntu/eval-dev-quality/cmd/eval-dev-quality/cmd/command.go:37
main.main
	/home/ubuntu/eval-dev-quality/cmd/eval-dev-quality/main.go:11
runtime.main
	/home/ubuntu/.eval-dev-quality/go/src/runtime/proc.go:267
runtime.goexit
	/home/ubuntu/.eval-dev-quality/go/src/runtime/asm_amd64.s:1650
[0;34mGive us your feedback and let us know how we can improve Symflower at hello@symflower.com or https://github.com/symflower/symflower. Thanks so much for your help![0m
ERROR: All attempts fail:
#1: Internal error: exit status 1:
[]interface {}{
    "/tmp/eval-dev-quality3410818693/plain/",
    "[INFO] Scanning for projects...\n[WARNING] \n[WARNING] Some problems were encountered while building the effective model for eval.dev.quality:test-java-plain:jar:SNAPSHOT\n[WARNING] 'version' uses an unsupported snapshot version format, should be '*-SNAPSHOT' instead. @ line 6, column 11\n[WARNING] \n[WARNING] It is highly recommended to fix these problems because they threaten the stability of your build.\n[WARNING] \n[WARNING] For this reason, future Maven versions might no longer support building such malformed projects.\n[WARNING] \n[INFO] \n[INFO] ------------------< eval.dev.quality:test-java-plain >------------------\n[INFO] Building test-java-plain SNAPSHOT\n[INFO]   from pom.xml\n[INFO] --------------------------------[ jar ]---------------------------------\n[INFO] \n[INFO] --- clean:3.2.0:clean (default-clean) @ test-java-plain ---\n[INFO] \n[INFO] --- resources:3.3.0:resources (default-resources) @ test-java-plain ---\n[WARNING] Using platform encoding (ANSI_X3.4-1968 actually) to copy filtered resources, i.e. build is platform dependent!\n[INFO] skip non existing resourceDirectory /tmp/eval-dev-quality3410818693/plain/src/main/resources\n[INFO] \n[INFO] --- compiler:3.10.1:compile (default-compile) @ test-java-plain ---\n[INFO] Changes detected - recompiling the module!\n[WARNING] File encoding has not been set, using platform encoding ANSI_X3.4-1968, i.e. build is platform dependent!\n[INFO] Compiling 1 source file to /tmp/eval-dev-quality3410818693/plain/target/classes\n[INFO] \n[INFO] --- resources:3.3.0:resources (default-resources) @ test-java-plain ---\n[WARNING] Using platform encoding (ANSI_X3.4-1968 actually) to copy filtered resources, i.e. build is platform dependent!\n[INFO] skip non existing resourceDirectory /tmp/eval-dev-quality3410818693/plain/src/main/resources\n[INFO] \n[INFO] --- compiler:3.10.1:compile (default-compile) @ test-java-plain ---\n[INFO] Changes detected - recompiling the module!\n[WARNING] File encoding has not been set, using platform encoding ANSI_X3.4-1968, i.e. build is platform dependent!\n[INFO] Compiling 1 source file to /tmp/eval-dev-quality3410818693/plain/target/classes\n[INFO] \n[INFO] --- resources:3.3.0:testResources (default-testResources) @ test-java-plain ---\n[WARNING] Using platform encoding (ANSI_X3.4-1968 actually) to copy filtered resources, i.e. build is platform dependent!\n[INFO] skip non existing resourceDirectory /tmp/eval-dev-quality3410818693/plain/src/test/resources\n[INFO] \n[INFO] --- compiler:3.10.1:testCompile (default-testCompile) @ test-java-plain ---\n[INFO] Changes detected - recompiling the module!\n[WARNING] File encoding has not been set, using platform encoding ANSI_X3.4-1968, i.e. build is platform dependent!\n[INFO] Compiling 1 source file to /tmp/eval-dev-quality3410818693/plain/target/test-classes\n[INFO] -------------------------------------------------------------\n[ERROR] COMPILATION ERROR : \n[INFO] -------------------------------------------------------------\n[ERROR] /tmp/eval-dev-quality3410818693/plain/src/test/java/com/eval/PlainTest.java:[8,9] cannot find symbol\n  symbol:   variable Plain\n  location: class PlainTest\n[ERROR] /tmp/eval-dev-quality3410818693/plain/src/test/java/com/eval/PlainTest.java:[9,47] cannot find symbol\n  symbol:   variable Plain\n  location: class PlainTest\n[INFO] 2 errors \n[INFO] -------------------------------------------------------------\n[INFO] ------------------------------------------------------------------------\n[INFO] BUILD FAILURE\n[INFO] ------------------------------------------------------------------------\n[INFO] Total time:  0.962 s\n[INFO] Finished at: 2024-06-19T10:02:16Z\n[INFO] ------------------------------------------------------------------------\n[ERROR] Failed to execute goal org.apache.maven.plugins:maven-compiler-plugin:3.10.1:testCompile (default-testCompile) on project test-java-plain: Compilation failure: Compilation failure: \n[ERROR] /tmp/eval-dev-quality3410818693/plain/src/test/java/com/eval/PlainTest.java:[8,9] cannot find symbol\n[ERROR]   symbol:   variable Plain\n[ERROR]   location: class PlainTest\n[ERROR] /tmp/eval-dev-quality3410818693/plain/src/test/java/com/eval/PlainTest.java:[9,47] cannot find symbol\n[ERROR]   symbol:   variable Plain\n[ERROR]   location: class PlainTest\n[ERROR] -> [Help 1]\n[ERROR] \n[ERROR] To see the full stack trace of the errors, re-run Maven with the -e switch.\n[ERROR] Re-run Maven using the -X switch to enable full debug logging.\n[ERROR] \n[ERROR] For more information about the errors and possible solutions, please read the following articles:\n[ERROR] [Help 1] http://cwiki.apache.org/confluence/display/MAVEN/MojoFailureException\n",
}
Stacktrace: goroutine 1 [running]:
gitlab.nethead.at/symflower/symflower/model/errors.NewInternalError({0x1f42da0?, 0xc000880000}, {0xffa8c0?, 0xc0005fc018})
	gitlab.nethead.at/symflower/symflower/model/errors/error.go:850 +0x59
gitlab.nethead.at/symflower/symflower/language/java/execute.MavenDependencyCommand.func1()
	gitlab.nethead.at/symflower/symflower/language/java/execute/maven.go:80 +0x1ef
github.com/avast/retry-go.Do(0xc0002618b8, {0xc0002618a0, 0x3, 0x418c94?})
	github.com/avast/retry-go/retry.go:135 +0x5a3
gitlab.nethead.at/symflower/symflower/language/java/execute.MavenDependencyCommand({0xc000750240, 0x26}, 0x0, {0xc0005fe360, 0x6, 0x6})
	gitlab.nethead.at/symflower/symflower/language/java/execute/maven.go:60 +0x1c5
gitlab.nethead.at/symflower/symflower/language/java/execute.MavenCloverCoverage({0xc000750240, 0x26})
	gitlab.nethead.at/symflower/symflower/language/java/execute/clover.go:131 +0xc9
gitlab.nethead.at/symflower/symflower/cmd/symflower-local/cmd.(*commandTest).Execute(0xc000180d78, {0xc000180c00?, 0x7f5404053158?, 0xc000180d78?})
	gitlab.nethead.at/symflower/symflower/cmd/symflower-local/cmd/test.go:143 +0x54f
gitlab.nethead.at/symflower/symflower/cmd.ExecuteNoExit({0x1f425e0?, 0xc000180c00}, {0xc000236000?, 0x2782d80?, 0xc0001a7ed8?})
	gitlab.nethead.at/symflower/symflower/cmd/execute.go:56 +0x2d0
gitlab.nethead.at/symflower/symflower/cmd.Execute({0x1f425e0?, 0xc000180c00?}, {0xc000236000?, 0x274c500?, 0xc000180c00?})
	gitlab.nethead.at/symflower/symflower/cmd/execute.go:16 +0x26
gitlab.nethead.at/symflower/symflower/cmd.ExecuteWithOSArguments(...)
	gitlab.nethead.at/symflower/symflower/cmd/execute.go:75
main.main.func1()
	gitlab.nethead.at/symflower/symflower/cmd/symflower-demo/main.go:40 +0x34
gitlab.nethead.at/symflower/symflower/cmd/symflower-local/cmd.(*Command).WithPanicReporter(0xc000202058?, 0x2636b18?)
	gitlab.nethead.at/symflower/symflower/cmd/symflower-local/cmd/cmd.go:184 +0x48
main.main()
	gitlab.nethead.at/symflower/symflower/cmd/symflower-demo/main.go:39 +0xa5


src/main/java/com/eval/Plain.java]
2024/06/19 10:02:18 Evaluating model "openrouter/liuhaotian/llava-yi-34b" on task "write-tests" using language "java" and repository "java/plain"
2024/06/19 10:02:18 Querying model "openrouter/liuhaotian/llava-yi-34b" with:
	Given the following Java code file "src/main/java/com/eval/Plain.java" with package "com.eval", provide a test file for this code with JUnit 5 as a test framework.
	The tests should produce 100 percent code coverage and must compile.
	The response must contain only the test code and nothing else.

	```java
	package com.eval;

	class Plain {
	    static void plain() {
	    }
	}
	```
2024/06/19 10:02:19 Model "openrouter/liuhaotian/llava-yi-34b" responded (1127 ms) with:
	```java
	import org.junit.jupiter.api.Test;

	public class PlainTest {

	    @Test
	    public void testPlain() {
	        Plain.plain();
	    }
	}
	```
2024/06/19 10:02:19 $ symflower test --language java --workspace /tmp/eval-dev-quality3410818693/plain --coverage-file /tmp/eval-dev-quality3410818693/plain/coverage.json
[0;34mGive us your feedback and let us know how we can improve Symflower at hello@symflower.com or https://github.com/symflower/symflower. Thanks so much for your help![0m
ERROR: All attempts fail:
#1: Internal error: exit status 1:
[]interface {}{
    "/tmp/eval-dev-quality3410818693/plain/",
    "[INFO] Scanning for projects...\n[WARNING] \n[WARNING] Some problems were encountered while building the effective model for eval.dev.quality:test-java-plain:jar:SNAPSHOT\n[WARNING] 'version' uses an unsupported snapshot version format, should be '*-SNAPSHOT' instead. @ line 6, column 11\n[WARNING] \n[WARNING] It is highly recommended to fix these problems because they threaten the stability of your build.\n[WARNING] \n[WARNING] For this reason, future Maven versions might no longer support building such malformed projects.\n[WARNING] \n[INFO] \n[INFO] ------------------< eval.dev.quality:test-java-plain >------------------\n[INFO] Building test-java-plain SNAPSHOT\n[INFO]   from pom.xml\n[INFO] --------------------------------[ jar ]---------------------------------\n[INFO] \n[INFO] --- clean:3.2.0:clean (default-clean) @ test-java-plain ---\n[INFO] \n[INFO] --- resources:3.3.0:resources (default-resources) @ test-java-plain ---\n[WARNING] Using platform encoding (ANSI_X3.4-1968 actually) to copy filtered resources, i.e. build is platform dependent!\n[INFO] skip non existing resourceDirectory /tmp/eval-dev-quality3410818693/plain/src/main/resources\n[INFO] \n[INFO] --- compiler:3.10.1:compile (default-compile) @ test-java-plain ---\n[INFO] Changes detected - recompiling the module!\n[WARNING] File encoding has not been set, using platform encoding ANSI_X3.4-1968, i.e. build is platform dependent!\n[INFO] Compiling 1 source file to /tmp/eval-dev-quality3410818693/plain/target/classes\n[INFO] \n[INFO] --- resources:3.3.0:resources (default-resources) @ test-java-plain ---\n[WARNING] Using platform encoding (ANSI_X3.4-1968 actually) to copy filtered resources, i.e. build is platform dependent!\n[INFO] skip non existing resourceDirectory /tmp/eval-dev-quality3410818693/plain/src/main/resources\n[INFO] \n[INFO] --- compiler:3.10.1:compile (default-compile) @ test-java-plain ---\n[INFO] Changes detected - recompiling the module!\n[WARNING] File encoding has not been set, using platform encoding ANSI_X3.4-1968, i.e. build is platform dependent!\n[INFO] Compiling 1 source file to /tmp/eval-dev-quality3410818693/plain/target/classes\n[INFO] \n[INFO] --- resources:3.3.0:testResources (default-testResources) @ test-java-plain ---\n[WARNING] Using platform encoding (ANSI_X3.4-1968 actually) to copy filtered resources, i.e. build is platform dependent!\n[INFO] skip non existing resourceDirectory /tmp/eval-dev-quality3410818693/plain/src/test/resources\n[INFO] \n[INFO] --- compiler:3.10.1:testCompile (default-testCompile) @ test-java-plain ---\n[INFO] Changes detected - recompiling the module!\n[WARNING] File encoding has not been set, using platform encoding ANSI_X3.4-1968, i.e. build is platform dependent!\n[INFO] Compiling 1 source file to /tmp/eval-dev-quality3410818693/plain/target/test-classes\n[INFO] -------------------------------------------------------------\n[ERROR] COMPILATION ERROR : \n[INFO] -------------------------------------------------------------\n[ERROR] /tmp/eval-dev-quality3410818693/plain/src/test/java/com/eval/PlainTest.java:[7,9] cannot find symbol\n  symbol:   variable Plain\n  location: class PlainTest\n[INFO] 1 error\n[INFO] -------------------------------------------------------------\n[INFO] ------------------------------------------------------------------------\n[INFO] BUILD FAILURE\n[INFO] ------------------------------------------------------------------------\n[INFO] Total time:  0.942 s\n[INFO] Finished at: 2024-06-19T10:02:22Z\n[INFO] ------------------------------------------------------------------------\n[ERROR] Failed to execute goal org.apache.maven.plugins:maven-compiler-plugin:3.10.1:testCompile (default-testCompile) on project test-java-plain: Compilation failure\n[ERROR] /tmp/eval-dev-quality3410818693/plain/src/test/java/com/eval/PlainTest.java:[7,9] cannot find symbol\n[ERROR]   symbol:   variable Plain\n[ERROR]   location: class PlainTest\n[ERROR] \n[ERROR] -> [Help 1]\n[ERROR] \n[ERROR] To see the full stack trace of the errors, re-run Maven with the -e switch.\n[ERROR] Re-run Maven using the -X switch to enable full debug logging.\n[ERROR] \n[ERROR] For more information about the errors and possible solutions, please read the following articles:\n[ERROR] [Help 1] http://cwiki.apache.org/confluence/display/MAVEN/MojoFailureException\n",
}
Stacktrace: goroutine 1 [running]:
gitlab.nethead.at/symflower/symflower/model/errors.NewInternalError({0x1f42da0?, 0xc0001b0100}, {0xffa8c0?, 0xc000551410})
	gitlab.nethead.at/symflower/symflower/model/errors/error.go:850 +0x59
gitlab.nethead.at/symflower/symflower/language/java/execute.MavenDependencyCommand.func1()
	gitlab.nethead.at/symflower/symflower/language/java/execute/maven.go:80 +0x1ef
github.com/avast/retry-go.Do(0xc0007798b8, {0xc0007798a0, 0x3, 0x418c94?})
	github.com/avast/retry-go/retry.go:135 +0x5a3
gitlab.nethead.at/symflower/symflower/language/java/execute.MavenDependencyCommand({0xc0001f00f0, 0x26}, 0x0, {0xc0001edbc0, 0x6, 0x6})
	gitlab.nethead.at/symflower/symflower/language/java/execute/maven.go:60 +0x1c5
gitlab.nethead.at/symflower/symflower/language/java/execute.MavenCloverCoverage({0xc0001f00f0, 0x26})
	gitlab.nethead.at/symflower/symflower/language/java/execute/clover.go:131 +0xc9
gitlab.nethead.at/symflower/symflower/cmd/symflower-local/cmd.(*commandTest).Execute(0xc00058c578, {0xc00058c400?, 0x7f22de784298?, 0xc00058c578?})
	gitlab.nethead.at/symflower/symflower/cmd/symflower-local/cmd/test.go:143 +0x54f
gitlab.nethead.at/symflower/symflower/cmd.ExecuteNoExit({0x1f425e0?, 0xc00058c400}, {0xc0001c2000?, 0x2782d80?, 0xc0005a7ed8?})
	gitlab.nethead.at/symflower/symflower/cmd/execute.go:56 +0x2d0
gitlab.nethead.at/symflower/symflower/cmd.Execute({0x1f425e0?, 0xc00058c400?}, {0xc0001c2000?, 0x274c500?, 0xc00058c400?})
	gitlab.nethead.at/symflower/symflower/cmd/execute.go:16 +0x26
gitlab.nethead.at/symflower/symflower/cmd.ExecuteWithOSArguments(...)
	gitlab.nethead.at/symflower/symflower/cmd/execute.go:75
main.main.func1()
	gitlab.nethead.at/symflower/symflower/cmd/symflower-demo/main.go:40 +0x34
gitlab.nethead.at/symflower/symflower/cmd/symflower-local/cmd.(*Command).WithPanicReporter(0xc000198058?, 0x2636b18?)
	gitlab.nethead.at/symflower/symflower/cmd/symflower-local/cmd/cmd.go:184 +0x48
main.main()
	gitlab.nethead.at/symflower/symflower/cmd/symflower-demo/main.go:39 +0xa5

2024/06/19 10:02:22 Evaluated model "openrouter/liuhaotian/llava-yi-34b" on task "write-tests" using language "java" and repository "java/plain": encountered 1 problems: [exit status 1
[0;34mGive us your feedback and let us know how we can improve Symflower at hello@symflower.com or https://github.com/symflower/symflower. Thanks so much for your help![0m
ERROR: All attempts fail:
#1: Internal error: exit status 1:
[]interface {}{
    "/tmp/eval-dev-quality3410818693/plain/",
    "[INFO] Scanning for projects...\n[WARNING] \n[WARNING] Some problems were encountered while building the effective model for eval.dev.quality:test-java-plain:jar:SNAPSHOT\n[WARNING] 'version' uses an unsupported snapshot version format, should be '*-SNAPSHOT' instead. @ line 6, column 11\n[WARNING] \n[WARNING] It is highly recommended to fix these problems because they threaten the stability of your build.\n[WARNING] \n[WARNING] For this reason, future Maven versions might no longer support building such malformed projects.\n[WARNING] \n[INFO] \n[INFO] ------------------< eval.dev.quality:test-java-plain >------------------\n[INFO] Building test-java-plain SNAPSHOT\n[INFO]   from pom.xml\n[INFO] --------------------------------[ jar ]---------------------------------\n[INFO] \n[INFO] --- clean:3.2.0:clean (default-clean) @ test-java-plain ---\n[INFO] \n[INFO] --- resources:3.3.0:resources (default-resources) @ test-java-plain ---\n[WARNING] Using platform encoding (ANSI_X3.4-1968 actually) to copy filtered resources, i.e. build is platform dependent!\n[INFO] skip non existing resourceDirectory /tmp/eval-dev-quality3410818693/plain/src/main/resources\n[INFO] \n[INFO] --- compiler:3.10.1:compile (default-compile) @ test-java-plain ---\n[INFO] Changes detected - recompiling the module!\n[WARNING] File encoding has not been set, using platform encoding ANSI_X3.4-1968, i.e. build is platform dependent!\n[INFO] Compiling 1 source file to /tmp/eval-dev-quality3410818693/plain/target/classes\n[INFO] \n[INFO] --- resources:3.3.0:resources (default-resources) @ test-java-plain ---\n[WARNING] Using platform encoding (ANSI_X3.4-1968 actually) to copy filtered resources, i.e. build is platform dependent!\n[INFO] skip non existing resourceDirectory /tmp/eval-dev-quality3410818693/plain/src/main/resources\n[INFO] \n[INFO] --- compiler:3.10.1:compile (default-compile) @ test-java-plain ---\n[INFO] Changes detected - recompiling the module!\n[WARNING] File encoding has not been set, using platform encoding ANSI_X3.4-1968, i.e. build is platform dependent!\n[INFO] Compiling 1 source file to /tmp/eval-dev-quality3410818693/plain/target/classes\n[INFO] \n[INFO] --- resources:3.3.0:testResources (default-testResources) @ test-java-plain ---\n[WARNING] Using platform encoding (ANSI_X3.4-1968 actually) to copy filtered resources, i.e. build is platform dependent!\n[INFO] skip non existing resourceDirectory /tmp/eval-dev-quality3410818693/plain/src/test/resources\n[INFO] \n[INFO] --- compiler:3.10.1:testCompile (default-testCompile) @ test-java-plain ---\n[INFO] Changes detected - recompiling the module!\n[WARNING] File encoding has not been set, using platform encoding ANSI_X3.4-1968, i.e. build is platform dependent!\n[INFO] Compiling 1 source file to /tmp/eval-dev-quality3410818693/plain/target/test-classes\n[INFO] -------------------------------------------------------------\n[ERROR] COMPILATION ERROR : \n[INFO] -------------------------------------------------------------\n[ERROR] /tmp/eval-dev-quality3410818693/plain/src/test/java/com/eval/PlainTest.java:[7,9] cannot find symbol\n  symbol:   variable Plain\n  location: class PlainTest\n[INFO] 1 error\n[INFO] -------------------------------------------------------------\n[INFO] ------------------------------------------------------------------------\n[INFO] BUILD FAILURE\n[INFO] ------------------------------------------------------------------------\n[INFO] Total time:  0.942 s\n[INFO] Finished at: 2024-06-19T10:02:22Z\n[INFO] ------------------------------------------------------------------------\n[ERROR] Failed to execute goal org.apache.maven.plugins:maven-compiler-plugin:3.10.1:testCompile (default-testCompile) on project test-java-plain: Compilation failure\n[ERROR] /tmp/eval-dev-quality3410818693/plain/src/test/java/com/eval/PlainTest.java:[7,9] cannot find symbol\n[ERROR]   symbol:   variable Plain\n[ERROR]   location: class PlainTest\n[ERROR] \n[ERROR] -> [Help 1]\n[ERROR] \n[ERROR] To see the full stack trace of the errors, re-run Maven with the -e switch.\n[ERROR] Re-run Maven using the -X switch to enable full debug logging.\n[ERROR] \n[ERROR] For more information about the errors and possible solutions, please read the following articles:\n[ERROR] [Help 1] http://cwiki.apache.org/confluence/display/MAVEN/MojoFailureException\n",
}
Stacktrace: goroutine 1 [running]:
gitlab.nethead.at/symflower/symflower/model/errors.NewInternalError({0x1f42da0?, 0xc0001b0100}, {0xffa8c0?, 0xc000551410})
	gitlab.nethead.at/symflower/symflower/model/errors/error.go:850 +0x59
gitlab.nethead.at/symflower/symflower/language/java/execute.MavenDependencyCommand.func1()
	gitlab.nethead.at/symflower/symflower/language/java/execute/maven.go:80 +0x1ef
github.com/avast/retry-go.Do(0xc0007798b8, {0xc0007798a0, 0x3, 0x418c94?})
	github.com/avast/retry-go/retry.go:135 +0x5a3
gitlab.nethead.at/symflower/symflower/language/java/execute.MavenDependencyCommand({0xc0001f00f0, 0x26}, 0x0, {0xc0001edbc0, 0x6, 0x6})
	gitlab.nethead.at/symflower/symflower/language/java/execute/maven.go:60 +0x1c5
gitlab.nethead.at/symflower/symflower/language/java/execute.MavenCloverCoverage({0xc0001f00f0, 0x26})
	gitlab.nethead.at/symflower/symflower/language/java/execute/clover.go:131 +0xc9
gitlab.nethead.at/symflower/symflower/cmd/symflower-local/cmd.(*commandTest).Execute(0xc00058c578, {0xc00058c400?, 0x7f22de784298?, 0xc00058c578?})
	gitlab.nethead.at/symflower/symflower/cmd/symflower-local/cmd/test.go:143 +0x54f
gitlab.nethead.at/symflower/symflower/cmd.ExecuteNoExit({0x1f425e0?, 0xc00058c400}, {0xc0001c2000?, 0x2782d80?, 0xc0005a7ed8?})
	gitlab.nethead.at/symflower/symflower/cmd/execute.go:56 +0x2d0
gitlab.nethead.at/symflower/symflower/cmd.Execute({0x1f425e0?, 0xc00058c400?}, {0xc0001c2000?, 0x274c500?, 0xc00058c400?})
	gitlab.nethead.at/symflower/symflower/cmd/execute.go:16 +0x26
gitlab.nethead.at/symflower/symflower/cmd.ExecuteWithOSArguments(...)
	gitlab.nethead.at/symflower/symflower/cmd/execute.go:75
main.main.func1()
	gitlab.nethead.at/symflower/symflower/cmd/symflower-demo/main.go:40 +0x34
gitlab.nethead.at/symflower/symflower/cmd/symflower-local/cmd.(*Command).WithPanicReporter(0xc000198058?, 0x2636b18?)
	gitlab.nethead.at/symflower/symflower/cmd/symflower-local/cmd/cmd.go:184 +0x48
main.main()
	gitlab.nethead.at/symflower/symflower/cmd/symflower-demo/main.go:39 +0xa5


github.com/symflower/eval-dev-quality/util.CommandWithResult
	/home/ubuntu/eval-dev-quality/util/exec.go:52
github.com/symflower/eval-dev-quality/language/java.(*Language).Execute
	/home/ubuntu/eval-dev-quality/language/java/language.go:108
github.com/symflower/eval-dev-quality/evaluate/task.(*TaskWriteTests).Run
	/home/ubuntu/eval-dev-quality/evaluate/task/task-write-test.go:91
github.com/symflower/eval-dev-quality/evaluate.Evaluate.func1
	/home/ubuntu/eval-dev-quality/evaluate/evaluate.go:128
github.com/symflower/eval-dev-quality/evaluate.withLoadedModel
	/home/ubuntu/eval-dev-quality/evaluate/evaluate.go:273
github.com/symflower/eval-dev-quality/evaluate.Evaluate
	/home/ubuntu/eval-dev-quality/evaluate/evaluate.go:118
github.com/symflower/eval-dev-quality/cmd/eval-dev-quality/cmd.(*Evaluate).Execute
	/home/ubuntu/eval-dev-quality/cmd/eval-dev-quality/cmd/evaluate.go:363
github.com/symflower/eval-dev-quality/cmd/eval-dev-quality/cmd.Execute.func1
	/home/ubuntu/eval-dev-quality/cmd/eval-dev-quality/cmd/command.go:34
github.com/jessevdk/go-flags.(*Parser).ParseArgs
	/home/ubuntu/go/pkg/mod/github.com/jessevdk/go-flags@v1.5.1-0.20210607101731-3927b71304df/parser.go:333
github.com/symflower/eval-dev-quality/cmd/eval-dev-quality/cmd.Execute
	/home/ubuntu/eval-dev-quality/cmd/eval-dev-quality/cmd/command.go:37
main.main
	/home/ubuntu/eval-dev-quality/cmd/eval-dev-quality/main.go:11
runtime.main
	/home/ubuntu/.eval-dev-quality/go/src/runtime/proc.go:267
runtime.goexit
	/home/ubuntu/.eval-dev-quality/go/src/runtime/asm_amd64.s:1650
github.com/symflower/eval-dev-quality/language/java.(*Language).Execute
	/home/ubuntu/eval-dev-quality/language/java/language.go:119
github.com/symflower/eval-dev-quality/evaluate/task.(*TaskWriteTests).Run
	/home/ubuntu/eval-dev-quality/evaluate/task/task-write-test.go:91
github.com/symflower/eval-dev-quality/evaluate.Evaluate.func1
	/home/ubuntu/eval-dev-quality/evaluate/evaluate.go:128
github.com/symflower/eval-dev-quality/evaluate.withLoadedModel
	/home/ubuntu/eval-dev-quality/evaluate/evaluate.go:273
github.com/symflower/eval-dev-quality/evaluate.Evaluate
	/home/ubuntu/eval-dev-quality/evaluate/evaluate.go:118
github.com/symflower/eval-dev-quality/cmd/eval-dev-quality/cmd.(*Evaluate).Execute
	/home/ubuntu/eval-dev-quality/cmd/eval-dev-quality/cmd/evaluate.go:363
github.com/symflower/eval-dev-quality/cmd/eval-dev-quality/cmd.Execute.func1
	/home/ubuntu/eval-dev-quality/cmd/eval-dev-quality/cmd/command.go:34
github.com/jessevdk/go-flags.(*Parser).ParseArgs
	/home/ubuntu/go/pkg/mod/github.com/jessevdk/go-flags@v1.5.1-0.20210607101731-3927b71304df/parser.go:333
github.com/symflower/eval-dev-quality/cmd/eval-dev-quality/cmd.Execute
	/home/ubuntu/eval-dev-quality/cmd/eval-dev-quality/cmd/command.go:37
main.main
	/home/ubuntu/eval-dev-quality/cmd/eval-dev-quality/main.go:11
runtime.main
	/home/ubuntu/.eval-dev-quality/go/src/runtime/proc.go:267
runtime.goexit
	/home/ubuntu/.eval-dev-quality/go/src/runtime/asm_amd64.s:1650
[0;34mGive us your feedback and let us know how we can improve Symflower at hello@symflower.com or https://github.com/symflower/symflower. Thanks so much for your help![0m
ERROR: All attempts fail:
#1: Internal error: exit status 1:
[]interface {}{
    "/tmp/eval-dev-quality3410818693/plain/",
    "[INFO] Scanning for projects...\n[WARNING] \n[WARNING] Some problems were encountered while building the effective model for eval.dev.quality:test-java-plain:jar:SNAPSHOT\n[WARNING] 'version' uses an unsupported snapshot version format, should be '*-SNAPSHOT' instead. @ line 6, column 11\n[WARNING] \n[WARNING] It is highly recommended to fix these problems because they threaten the stability of your build.\n[WARNING] \n[WARNING] For this reason, future Maven versions might no longer support building such malformed projects.\n[WARNING] \n[INFO] \n[INFO] ------------------< eval.dev.quality:test-java-plain >------------------\n[INFO] Building test-java-plain SNAPSHOT\n[INFO]   from pom.xml\n[INFO] --------------------------------[ jar ]---------------------------------\n[INFO] \n[INFO] --- clean:3.2.0:clean (default-clean) @ test-java-plain ---\n[INFO] \n[INFO] --- resources:3.3.0:resources (default-resources) @ test-java-plain ---\n[WARNING] Using platform encoding (ANSI_X3.4-1968 actually) to copy filtered resources, i.e. build is platform dependent!\n[INFO] skip non existing resourceDirectory /tmp/eval-dev-quality3410818693/plain/src/main/resources\n[INFO] \n[INFO] --- compiler:3.10.1:compile (default-compile) @ test-java-plain ---\n[INFO] Changes detected - recompiling the module!\n[WARNING] File encoding has not been set, using platform encoding ANSI_X3.4-1968, i.e. build is platform dependent!\n[INFO] Compiling 1 source file to /tmp/eval-dev-quality3410818693/plain/target/classes\n[INFO] \n[INFO] --- resources:3.3.0:resources (default-resources) @ test-java-plain ---\n[WARNING] Using platform encoding (ANSI_X3.4-1968 actually) to copy filtered resources, i.e. build is platform dependent!\n[INFO] skip non existing resourceDirectory /tmp/eval-dev-quality3410818693/plain/src/main/resources\n[INFO] \n[INFO] --- compiler:3.10.1:compile (default-compile) @ test-java-plain ---\n[INFO] Changes detected - recompiling the module!\n[WARNING] File encoding has not been set, using platform encoding ANSI_X3.4-1968, i.e. build is platform dependent!\n[INFO] Compiling 1 source file to /tmp/eval-dev-quality3410818693/plain/target/classes\n[INFO] \n[INFO] --- resources:3.3.0:testResources (default-testResources) @ test-java-plain ---\n[WARNING] Using platform encoding (ANSI_X3.4-1968 actually) to copy filtered resources, i.e. build is platform dependent!\n[INFO] skip non existing resourceDirectory /tmp/eval-dev-quality3410818693/plain/src/test/resources\n[INFO] \n[INFO] --- compiler:3.10.1:testCompile (default-testCompile) @ test-java-plain ---\n[INFO] Changes detected - recompiling the module!\n[WARNING] File encoding has not been set, using platform encoding ANSI_X3.4-1968, i.e. build is platform dependent!\n[INFO] Compiling 1 source file to /tmp/eval-dev-quality3410818693/plain/target/test-classes\n[INFO] -------------------------------------------------------------\n[ERROR] COMPILATION ERROR : \n[INFO] -------------------------------------------------------------\n[ERROR] /tmp/eval-dev-quality3410818693/plain/src/test/java/com/eval/PlainTest.java:[7,9] cannot find symbol\n  symbol:   variable Plain\n  location: class PlainTest\n[INFO] 1 error\n[INFO] -------------------------------------------------------------\n[INFO] ------------------------------------------------------------------------\n[INFO] BUILD FAILURE\n[INFO] ------------------------------------------------------------------------\n[INFO] Total time:  0.942 s\n[INFO] Finished at: 2024-06-19T10:02:22Z\n[INFO] ------------------------------------------------------------------------\n[ERROR] Failed to execute goal org.apache.maven.plugins:maven-compiler-plugin:3.10.1:testCompile (default-testCompile) on project test-java-plain: Compilation failure\n[ERROR] /tmp/eval-dev-quality3410818693/plain/src/test/java/com/eval/PlainTest.java:[7,9] cannot find symbol\n[ERROR]   symbol:   variable Plain\n[ERROR]   location: class PlainTest\n[ERROR] \n[ERROR] -> [Help 1]\n[ERROR] \n[ERROR] To see the full stack trace of the errors, re-run Maven with the -e switch.\n[ERROR] Re-run Maven using the -X switch to enable full debug logging.\n[ERROR] \n[ERROR] For more information about the errors and possible solutions, please read the following articles:\n[ERROR] [Help 1] http://cwiki.apache.org/confluence/display/MAVEN/MojoFailureException\n",
}
Stacktrace: goroutine 1 [running]:
gitlab.nethead.at/symflower/symflower/model/errors.NewInternalError({0x1f42da0?, 0xc0001b0100}, {0xffa8c0?, 0xc000551410})
	gitlab.nethead.at/symflower/symflower/model/errors/error.go:850 +0x59
gitlab.nethead.at/symflower/symflower/language/java/execute.MavenDependencyCommand.func1()
	gitlab.nethead.at/symflower/symflower/language/java/execute/maven.go:80 +0x1ef
github.com/avast/retry-go.Do(0xc0007798b8, {0xc0007798a0, 0x3, 0x418c94?})
	github.com/avast/retry-go/retry.go:135 +0x5a3
gitlab.nethead.at/symflower/symflower/language/java/execute.MavenDependencyCommand({0xc0001f00f0, 0x26}, 0x0, {0xc0001edbc0, 0x6, 0x6})
	gitlab.nethead.at/symflower/symflower/language/java/execute/maven.go:60 +0x1c5
gitlab.nethead.at/symflower/symflower/language/java/execute.MavenCloverCoverage({0xc0001f00f0, 0x26})
	gitlab.nethead.at/symflower/symflower/language/java/execute/clover.go:131 +0xc9
gitlab.nethead.at/symflower/symflower/cmd/symflower-local/cmd.(*commandTest).Execute(0xc00058c578, {0xc00058c400?, 0x7f22de784298?, 0xc00058c578?})
	gitlab.nethead.at/symflower/symflower/cmd/symflower-local/cmd/test.go:143 +0x54f
gitlab.nethead.at/symflower/symflower/cmd.ExecuteNoExit({0x1f425e0?, 0xc00058c400}, {0xc0001c2000?, 0x2782d80?, 0xc0005a7ed8?})
	gitlab.nethead.at/symflower/symflower/cmd/execute.go:56 +0x2d0
gitlab.nethead.at/symflower/symflower/cmd.Execute({0x1f425e0?, 0xc00058c400?}, {0xc0001c2000?, 0x274c500?, 0xc00058c400?})
	gitlab.nethead.at/symflower/symflower/cmd/execute.go:16 +0x26
gitlab.nethead.at/symflower/symflower/cmd.ExecuteWithOSArguments(...)
	gitlab.nethead.at/symflower/symflower/cmd/execute.go:75
main.main.func1()
	gitlab.nethead.at/symflower/symflower/cmd/symflower-demo/main.go:40 +0x34
gitlab.nethead.at/symflower/symflower/cmd/symflower-local/cmd.(*Command).WithPanicReporter(0xc000198058?, 0x2636b18?)
	gitlab.nethead.at/symflower/symflower/cmd/symflower-local/cmd/cmd.go:184 +0x48
main.main()
	gitlab.nethead.at/symflower/symflower/cmd/symflower-demo/main.go:39 +0xa5


src/main/java/com/eval/Plain.java]
2024/06/19 10:02:25 Evaluating model "openrouter/liuhaotian/llava-yi-34b" on task "write-tests" using language "java" and repository "java/plain"
2024/06/19 10:02:25 Querying model "openrouter/liuhaotian/llava-yi-34b" with:
	Given the following Java code file "src/main/java/com/eval/Plain.java" with package "com.eval", provide a test file for this code with JUnit 5 as a test framework.
	The tests should produce 100 percent code coverage and must compile.
	The response must contain only the test code and nothing else.

	```java
	package com.eval;

	class Plain {
	    static void plain() {
	    }
	}
	```
2024/06/19 10:02:32 Model "openrouter/liuhaotian/llava-yi-34b" responded (7499 ms) with:
	Sure, here is an example JUnit 5 test file that you can use to test the `Plain` class:
	```scss
	import org.junit.jupiter.api.Test;
	import org.junit.jupiter.api.extension.ExtendWith;
	import org.junit.jupiter.extension.ExtensionContext;
	import static org.junit.jupiter.api.Assertions.*;

	@ExtendWith(PlainExtension.class)
	public class PlainTest {

	    @Test
	    void testPlain() {
	        // Test logic here
	    }

	    @Test
	    void testPlainAgain() {
	        // Test logic here
	    }

	    static class PlainExtension extends ExtensionContext {

	        @Override
	        public void onTestExecutionStarted(ExtensionContext extensionContext) throws Exception {
	            super.onTestExecutionStarted(extensionContext);
	            Plain.plain();
	        }
	    }
	}
	```
	In this test file, we are using the `PlainExtension` to call the `plain()` method before each test. This will ensure that the method is called at least once, providing 100% code coverage of the `Plain` class.

	You can customize the test logic inside the `testPlain` and `testPlainAgain` methods to create actual tests that check whether the `plain()` method is working as expected.

	Once you have written your test logic, you can compile the code using the following command in the terminal:
	```python
	javac -cp /path/to/junit-platform-console.jar src/main/java/com/eval/PlainTest.java
	```
	This will compile the `PlainTest` file and produce the corresponding bytecode files.

	Finally, you can run the tests using the following command in the terminal:
	```python
	java -jar /path/to/junit-platform-console.jar --scan-package=com.eval --debug
	```
	This will run all the tests in the `com.eval` package and output debug information if there are any failures.

	I hope this helps!
2024/06/19 10:02:32 $ symflower test --language java --workspace /tmp/eval-dev-quality3410818693/plain --coverage-file /tmp/eval-dev-quality3410818693/plain/coverage.json
[0;34mGive us your feedback and let us know how we can improve Symflower at hello@symflower.com or https://github.com/symflower/symflower. Thanks so much for your help![0m
ERROR: All attempts fail:
#1: Internal error: exit status 1:
[]interface {}{
    "/tmp/eval-dev-quality3410818693/plain/",
    "[INFO] Scanning for projects...\n[WARNING] \n[WARNING] Some problems were encountered while building the effective model for eval.dev.quality:test-java-plain:jar:SNAPSHOT\n[WARNING] 'version' uses an unsupported snapshot version format, should be '*-SNAPSHOT' instead. @ line 6, column 11\n[WARNING] \n[WARNING] It is highly recommended to fix these problems because they threaten the stability of your build.\n[WARNING] \n[WARNING] For this reason, future Maven versions might no longer support building such malformed projects.\n[WARNING] \n[INFO] \n[INFO] ------------------< eval.dev.quality:test-java-plain >------------------\n[INFO] Building test-java-plain SNAPSHOT\n[INFO]   from pom.xml\n[INFO] --------------------------------[ jar ]---------------------------------\n[INFO] \n[INFO] --- clean:3.2.0:clean (default-clean) @ test-java-plain ---\n[INFO] \n[INFO] --- resources:3.3.0:resources (default-resources) @ test-java-plain ---\n[WARNING] Using platform encoding (ANSI_X3.4-1968 actually) to copy filtered resources, i.e. build is platform dependent!\n[INFO] skip non existing resourceDirectory /tmp/eval-dev-quality3410818693/plain/src/main/resources\n[INFO] \n[INFO] --- compiler:3.10.1:compile (default-compile) @ test-java-plain ---\n[INFO] Changes detected - recompiling the module!\n[WARNING] File encoding has not been set, using platform encoding ANSI_X3.4-1968, i.e. build is platform dependent!\n[INFO] Compiling 1 source file to /tmp/eval-dev-quality3410818693/plain/target/classes\n[INFO] \n[INFO] --- resources:3.3.0:resources (default-resources) @ test-java-plain ---\n[WARNING] Using platform encoding (ANSI_X3.4-1968 actually) to copy filtered resources, i.e. build is platform dependent!\n[INFO] skip non existing resourceDirectory /tmp/eval-dev-quality3410818693/plain/src/main/resources\n[INFO] \n[INFO] --- compiler:3.10.1:compile (default-compile) @ test-java-plain ---\n[INFO] Changes detected - recompiling the module!\n[WARNING] File encoding has not been set, using platform encoding ANSI_X3.4-1968, i.e. build is platform dependent!\n[INFO] Compiling 1 source file to /tmp/eval-dev-quality3410818693/plain/target/classes\n[INFO] \n[INFO] --- resources:3.3.0:testResources (default-testResources) @ test-java-plain ---\n[WARNING] Using platform encoding (ANSI_X3.4-1968 actually) to copy filtered resources, i.e. build is platform dependent!\n[INFO] skip non existing resourceDirectory /tmp/eval-dev-quality3410818693/plain/src/test/resources\n[INFO] \n[INFO] --- compiler:3.10.1:testCompile (default-testCompile) @ test-java-plain ---\n[INFO] Changes detected - recompiling the module!\n[WARNING] File encoding has not been set, using platform encoding ANSI_X3.4-1968, i.e. build is platform dependent!\n[INFO] Compiling 1 source file to /tmp/eval-dev-quality3410818693/plain/target/test-classes\n[INFO] -------------------------------------------------------------\n[ERROR] COMPILATION ERROR : \n[INFO] -------------------------------------------------------------\n[ERROR] /tmp/eval-dev-quality3410818693/plain/src/test/java/com/eval/PlainTest.java:[3,35] package org.junit.jupiter.extension does not exist\n[ERROR] /tmp/eval-dev-quality3410818693/plain/src/test/java/com/eval/PlainTest.java:[19,41] cannot find symbol\n  symbol:   class ExtensionContext\n  location: class PlainTest\n[ERROR] /tmp/eval-dev-quality3410818693/plain/src/test/java/com/eval/PlainTest.java:[22,44] cannot find symbol\n  symbol:   class ExtensionContext\n  location: class PlainTest.PlainExtension\n[ERROR] /tmp/eval-dev-quality3410818693/plain/src/test/java/com/eval/PlainTest.java:[6,13] cannot find symbol\n  symbol: class PlainExtension\n[ERROR] /tmp/eval-dev-quality3410818693/plain/src/test/java/com/eval/PlainTest.java:[21,9] method does not override or implement a method from a supertype\n[ERROR] /tmp/eval-dev-quality3410818693/plain/src/test/java/com/eval/PlainTest.java:[23,13] non-static variable super cannot be referenced from a static context\n[ERROR] /tmp/eval-dev-quality3410818693/plain/src/test/java/com/eval/PlainTest.java:[24,13] cannot find symbol\n  symbol:   variable Plain\n  location: class PlainTest.PlainExtension\n[INFO] 7 errors \n[INFO] -------------------------------------------------------------\n[INFO] ------------------------------------------------------------------------\n[INFO] BUILD FAILURE\n[INFO] ------------------------------------------------------------------------\n[INFO] Total time:  1.098 s\n[INFO] Finished at: 2024-06-19T10:02:34Z\n[INFO] ------------------------------------------------------------------------\n[ERROR] Failed to execute goal org.apache.maven.plugins:maven-compiler-plugin:3.10.1:testCompile (default-testCompile) on project test-java-plain: Compilation failure: Compilation failure: \n[ERROR] /tmp/eval-dev-quality3410818693/plain/src/test/java/com/eval/PlainTest.java:[3,35] package org.junit.jupiter.extension does not exist\n[ERROR] /tmp/eval-dev-quality3410818693/plain/src/test/java/com/eval/PlainTest.java:[19,41] cannot find symbol\n[ERROR]   symbol:   class ExtensionContext\n[ERROR]   location: class PlainTest\n[ERROR] /tmp/eval-dev-quality3410818693/plain/src/test/java/com/eval/PlainTest.java:[22,44] cannot find symbol\n[ERROR]   symbol:   class ExtensionContext\n[ERROR]   location: class PlainTest.PlainExtension\n[ERROR] /tmp/eval-dev-quality3410818693/plain/src/test/java/com/eval/PlainTest.java:[6,13] cannot find symbol\n[ERROR]   symbol: class PlainExtension\n[ERROR] /tmp/eval-dev-quality3410818693/plain/src/test/java/com/eval/PlainTest.java:[21,9] method does not override or implement a method from a supertype\n[ERROR] /tmp/eval-dev-quality3410818693/plain/src/test/java/com/eval/PlainTest.java:[23,13] non-static variable super cannot be referenced from a static context\n[ERROR] /tmp/eval-dev-quality3410818693/plain/src/test/java/com/eval/PlainTest.java:[24,13] cannot find symbol\n[ERROR]   symbol:   variable Plain\n[ERROR]   location: class PlainTest.PlainExtension\n[ERROR] -> [Help 1]\n[ERROR] \n[ERROR] To see the full stack trace of the errors, re-run Maven with the -e switch.\n[ERROR] Re-run Maven using the -X switch to enable full debug logging.\n[ERROR] \n[ERROR] For more information about the errors and possible solutions, please read the following articles:\n[ERROR] [Help 1] http://cwiki.apache.org/confluence/display/MAVEN/MojoFailureException\n",
}
Stacktrace: goroutine 1 [running]:
gitlab.nethead.at/symflower/symflower/model/errors.NewInternalError({0x1f42da0?, 0xc0001c0000}, {0xffa8c0?, 0xc0002021e0})
	gitlab.nethead.at/symflower/symflower/model/errors/error.go:850 +0x59
gitlab.nethead.at/symflower/symflower/language/java/execute.MavenDependencyCommand.func1()
	gitlab.nethead.at/symflower/symflower/language/java/execute/maven.go:80 +0x1ef
github.com/avast/retry-go.Do(0xc0001f98b8, {0xc0001f98a0, 0x3, 0x418c94?})
	github.com/avast/retry-go/retry.go:135 +0x5a3
gitlab.nethead.at/symflower/symflower/language/java/execute.MavenDependencyCommand({0xc00004c090, 0x26}, 0x0, {0xc00079bec0, 0x6, 0x6})
	gitlab.nethead.at/symflower/symflower/language/java/execute/maven.go:60 +0x1c5
gitlab.nethead.at/symflower/symflower/language/java/execute.MavenCloverCoverage({0xc00004c090, 0x26})
	gitlab.nethead.at/symflower/symflower/language/java/execute/clover.go:131 +0xc9
gitlab.nethead.at/symflower/symflower/cmd/symflower-local/cmd.(*commandTest).Execute(0xc000236578, {0xc000236400?, 0x7fc3f45ddbd8?, 0xc000236578?})
	gitlab.nethead.at/symflower/symflower/cmd/symflower-local/cmd/test.go:143 +0x54f
gitlab.nethead.at/symflower/symflower/cmd.ExecuteNoExit({0x1f425e0?, 0xc000236400}, {0xc000212000?, 0x2782d80?, 0xc0001b9ed8?})
	gitlab.nethead.at/symflower/symflower/cmd/execute.go:56 +0x2d0
gitlab.nethead.at/symflower/symflower/cmd.Execute({0x1f425e0?, 0xc000236400?}, {0xc000212000?, 0x274c500?, 0xc000236400?})
	gitlab.nethead.at/symflower/symflower/cmd/execute.go:16 +0x26
gitlab.nethead.at/symflower/symflower/cmd.ExecuteWithOSArguments(...)
	gitlab.nethead.at/symflower/symflower/cmd/execute.go:75
main.main.func1()
	gitlab.nethead.at/symflower/symflower/cmd/symflower-demo/main.go:40 +0x34
gitlab.nethead.at/symflower/symflower/cmd/symflower-local/cmd.(*Command).WithPanicReporter(0xc00012e058?, 0x2636b18?)
	gitlab.nethead.at/symflower/symflower/cmd/symflower-local/cmd/cmd.go:184 +0x48
main.main()
	gitlab.nethead.at/symflower/symflower/cmd/symflower-demo/main.go:39 +0xa5

2024/06/19 10:02:34 Evaluated model "openrouter/liuhaotian/llava-yi-34b" on task "write-tests" using language "java" and repository "java/plain": encountered 1 problems: [exit status 1
[0;34mGive us your feedback and let us know how we can improve Symflower at hello@symflower.com or https://github.com/symflower/symflower. Thanks so much for your help![0m
ERROR: All attempts fail:
#1: Internal error: exit status 1:
[]interface {}{
    "/tmp/eval-dev-quality3410818693/plain/",
    "[INFO] Scanning for projects...\n[WARNING] \n[WARNING] Some problems were encountered while building the effective model for eval.dev.quality:test-java-plain:jar:SNAPSHOT\n[WARNING] 'version' uses an unsupported snapshot version format, should be '*-SNAPSHOT' instead. @ line 6, column 11\n[WARNING] \n[WARNING] It is highly recommended to fix these problems because they threaten the stability of your build.\n[WARNING] \n[WARNING] For this reason, future Maven versions might no longer support building such malformed projects.\n[WARNING] \n[INFO] \n[INFO] ------------------< eval.dev.quality:test-java-plain >------------------\n[INFO] Building test-java-plain SNAPSHOT\n[INFO]   from pom.xml\n[INFO] --------------------------------[ jar ]---------------------------------\n[INFO] \n[INFO] --- clean:3.2.0:clean (default-clean) @ test-java-plain ---\n[INFO] \n[INFO] --- resources:3.3.0:resources (default-resources) @ test-java-plain ---\n[WARNING] Using platform encoding (ANSI_X3.4-1968 actually) to copy filtered resources, i.e. build is platform dependent!\n[INFO] skip non existing resourceDirectory /tmp/eval-dev-quality3410818693/plain/src/main/resources\n[INFO] \n[INFO] --- compiler:3.10.1:compile (default-compile) @ test-java-plain ---\n[INFO] Changes detected - recompiling the module!\n[WARNING] File encoding has not been set, using platform encoding ANSI_X3.4-1968, i.e. build is platform dependent!\n[INFO] Compiling 1 source file to /tmp/eval-dev-quality3410818693/plain/target/classes\n[INFO] \n[INFO] --- resources:3.3.0:resources (default-resources) @ test-java-plain ---\n[WARNING] Using platform encoding (ANSI_X3.4-1968 actually) to copy filtered resources, i.e. build is platform dependent!\n[INFO] skip non existing resourceDirectory /tmp/eval-dev-quality3410818693/plain/src/main/resources\n[INFO] \n[INFO] --- compiler:3.10.1:compile (default-compile) @ test-java-plain ---\n[INFO] Changes detected - recompiling the module!\n[WARNING] File encoding has not been set, using platform encoding ANSI_X3.4-1968, i.e. build is platform dependent!\n[INFO] Compiling 1 source file to /tmp/eval-dev-quality3410818693/plain/target/classes\n[INFO] \n[INFO] --- resources:3.3.0:testResources (default-testResources) @ test-java-plain ---\n[WARNING] Using platform encoding (ANSI_X3.4-1968 actually) to copy filtered resources, i.e. build is platform dependent!\n[INFO] skip non existing resourceDirectory /tmp/eval-dev-quality3410818693/plain/src/test/resources\n[INFO] \n[INFO] --- compiler:3.10.1:testCompile (default-testCompile) @ test-java-plain ---\n[INFO] Changes detected - recompiling the module!\n[WARNING] File encoding has not been set, using platform encoding ANSI_X3.4-1968, i.e. build is platform dependent!\n[INFO] Compiling 1 source file to /tmp/eval-dev-quality3410818693/plain/target/test-classes\n[INFO] -------------------------------------------------------------\n[ERROR] COMPILATION ERROR : \n[INFO] -------------------------------------------------------------\n[ERROR] /tmp/eval-dev-quality3410818693/plain/src/test/java/com/eval/PlainTest.java:[3,35] package org.junit.jupiter.extension does not exist\n[ERROR] /tmp/eval-dev-quality3410818693/plain/src/test/java/com/eval/PlainTest.java:[19,41] cannot find symbol\n  symbol:   class ExtensionContext\n  location: class PlainTest\n[ERROR] /tmp/eval-dev-quality3410818693/plain/src/test/java/com/eval/PlainTest.java:[22,44] cannot find symbol\n  symbol:   class ExtensionContext\n  location: class PlainTest.PlainExtension\n[ERROR] /tmp/eval-dev-quality3410818693/plain/src/test/java/com/eval/PlainTest.java:[6,13] cannot find symbol\n  symbol: class PlainExtension\n[ERROR] /tmp/eval-dev-quality3410818693/plain/src/test/java/com/eval/PlainTest.java:[21,9] method does not override or implement a method from a supertype\n[ERROR] /tmp/eval-dev-quality3410818693/plain/src/test/java/com/eval/PlainTest.java:[23,13] non-static variable super cannot be referenced from a static context\n[ERROR] /tmp/eval-dev-quality3410818693/plain/src/test/java/com/eval/PlainTest.java:[24,13] cannot find symbol\n  symbol:   variable Plain\n  location: class PlainTest.PlainExtension\n[INFO] 7 errors \n[INFO] -------------------------------------------------------------\n[INFO] ------------------------------------------------------------------------\n[INFO] BUILD FAILURE\n[INFO] ------------------------------------------------------------------------\n[INFO] Total time:  1.098 s\n[INFO] Finished at: 2024-06-19T10:02:34Z\n[INFO] ------------------------------------------------------------------------\n[ERROR] Failed to execute goal org.apache.maven.plugins:maven-compiler-plugin:3.10.1:testCompile (default-testCompile) on project test-java-plain: Compilation failure: Compilation failure: \n[ERROR] /tmp/eval-dev-quality3410818693/plain/src/test/java/com/eval/PlainTest.java:[3,35] package org.junit.jupiter.extension does not exist\n[ERROR] /tmp/eval-dev-quality3410818693/plain/src/test/java/com/eval/PlainTest.java:[19,41] cannot find symbol\n[ERROR]   symbol:   class ExtensionContext\n[ERROR]   location: class PlainTest\n[ERROR] /tmp/eval-dev-quality3410818693/plain/src/test/java/com/eval/PlainTest.java:[22,44] cannot find symbol\n[ERROR]   symbol:   class ExtensionContext\n[ERROR]   location: class PlainTest.PlainExtension\n[ERROR] /tmp/eval-dev-quality3410818693/plain/src/test/java/com/eval/PlainTest.java:[6,13] cannot find symbol\n[ERROR]   symbol: class PlainExtension\n[ERROR] /tmp/eval-dev-quality3410818693/plain/src/test/java/com/eval/PlainTest.java:[21,9] method does not override or implement a method from a supertype\n[ERROR] /tmp/eval-dev-quality3410818693/plain/src/test/java/com/eval/PlainTest.java:[23,13] non-static variable super cannot be referenced from a static context\n[ERROR] /tmp/eval-dev-quality3410818693/plain/src/test/java/com/eval/PlainTest.java:[24,13] cannot find symbol\n[ERROR]   symbol:   variable Plain\n[ERROR]   location: class PlainTest.PlainExtension\n[ERROR] -> [Help 1]\n[ERROR] \n[ERROR] To see the full stack trace of the errors, re-run Maven with the -e switch.\n[ERROR] Re-run Maven using the -X switch to enable full debug logging.\n[ERROR] \n[ERROR] For more information about the errors and possible solutions, please read the following articles:\n[ERROR] [Help 1] http://cwiki.apache.org/confluence/display/MAVEN/MojoFailureException\n",
}
Stacktrace: goroutine 1 [running]:
gitlab.nethead.at/symflower/symflower/model/errors.NewInternalError({0x1f42da0?, 0xc0001c0000}, {0xffa8c0?, 0xc0002021e0})
	gitlab.nethead.at/symflower/symflower/model/errors/error.go:850 +0x59
gitlab.nethead.at/symflower/symflower/language/java/execute.MavenDependencyCommand.func1()
	gitlab.nethead.at/symflower/symflower/language/java/execute/maven.go:80 +0x1ef
github.com/avast/retry-go.Do(0xc0001f98b8, {0xc0001f98a0, 0x3, 0x418c94?})
	github.com/avast/retry-go/retry.go:135 +0x5a3
gitlab.nethead.at/symflower/symflower/language/java/execute.MavenDependencyCommand({0xc00004c090, 0x26}, 0x0, {0xc00079bec0, 0x6, 0x6})
	gitlab.nethead.at/symflower/symflower/language/java/execute/maven.go:60 +0x1c5
gitlab.nethead.at/symflower/symflower/language/java/execute.MavenCloverCoverage({0xc00004c090, 0x26})
	gitlab.nethead.at/symflower/symflower/language/java/execute/clover.go:131 +0xc9
gitlab.nethead.at/symflower/symflower/cmd/symflower-local/cmd.(*commandTest).Execute(0xc000236578, {0xc000236400?, 0x7fc3f45ddbd8?, 0xc000236578?})
	gitlab.nethead.at/symflower/symflower/cmd/symflower-local/cmd/test.go:143 +0x54f
gitlab.nethead.at/symflower/symflower/cmd.ExecuteNoExit({0x1f425e0?, 0xc000236400}, {0xc000212000?, 0x2782d80?, 0xc0001b9ed8?})
	gitlab.nethead.at/symflower/symflower/cmd/execute.go:56 +0x2d0
gitlab.nethead.at/symflower/symflower/cmd.Execute({0x1f425e0?, 0xc000236400?}, {0xc000212000?, 0x274c500?, 0xc000236400?})
	gitlab.nethead.at/symflower/symflower/cmd/execute.go:16 +0x26
gitlab.nethead.at/symflower/symflower/cmd.ExecuteWithOSArguments(...)
	gitlab.nethead.at/symflower/symflower/cmd/execute.go:75
main.main.func1()
	gitlab.nethead.at/symflower/symflower/cmd/symflower-demo/main.go:40 +0x34
gitlab.nethead.at/symflower/symflower/cmd/symflower-local/cmd.(*Command).WithPanicReporter(0xc00012e058?, 0x2636b18?)
	gitlab.nethead.at/symflower/symflower/cmd/symflower-local/cmd/cmd.go:184 +0x48
main.main()
	gitlab.nethead.at/symflower/symflower/cmd/symflower-demo/main.go:39 +0xa5


github.com/symflower/eval-dev-quality/util.CommandWithResult
	/home/ubuntu/eval-dev-quality/util/exec.go:52
github.com/symflower/eval-dev-quality/language/java.(*Language).Execute
	/home/ubuntu/eval-dev-quality/language/java/language.go:108
github.com/symflower/eval-dev-quality/evaluate/task.(*TaskWriteTests).Run
	/home/ubuntu/eval-dev-quality/evaluate/task/task-write-test.go:91
github.com/symflower/eval-dev-quality/evaluate.Evaluate.func1
	/home/ubuntu/eval-dev-quality/evaluate/evaluate.go:128
github.com/symflower/eval-dev-quality/evaluate.withLoadedModel
	/home/ubuntu/eval-dev-quality/evaluate/evaluate.go:273
github.com/symflower/eval-dev-quality/evaluate.Evaluate
	/home/ubuntu/eval-dev-quality/evaluate/evaluate.go:118
github.com/symflower/eval-dev-quality/cmd/eval-dev-quality/cmd.(*Evaluate).Execute
	/home/ubuntu/eval-dev-quality/cmd/eval-dev-quality/cmd/evaluate.go:363
github.com/symflower/eval-dev-quality/cmd/eval-dev-quality/cmd.Execute.func1
	/home/ubuntu/eval-dev-quality/cmd/eval-dev-quality/cmd/command.go:34
github.com/jessevdk/go-flags.(*Parser).ParseArgs
	/home/ubuntu/go/pkg/mod/github.com/jessevdk/go-flags@v1.5.1-0.20210607101731-3927b71304df/parser.go:333
github.com/symflower/eval-dev-quality/cmd/eval-dev-quality/cmd.Execute
	/home/ubuntu/eval-dev-quality/cmd/eval-dev-quality/cmd/command.go:37
main.main
	/home/ubuntu/eval-dev-quality/cmd/eval-dev-quality/main.go:11
runtime.main
	/home/ubuntu/.eval-dev-quality/go/src/runtime/proc.go:267
runtime.goexit
	/home/ubuntu/.eval-dev-quality/go/src/runtime/asm_amd64.s:1650
github.com/symflower/eval-dev-quality/language/java.(*Language).Execute
	/home/ubuntu/eval-dev-quality/language/java/language.go:119
github.com/symflower/eval-dev-quality/evaluate/task.(*TaskWriteTests).Run
	/home/ubuntu/eval-dev-quality/evaluate/task/task-write-test.go:91
github.com/symflower/eval-dev-quality/evaluate.Evaluate.func1
	/home/ubuntu/eval-dev-quality/evaluate/evaluate.go:128
github.com/symflower/eval-dev-quality/evaluate.withLoadedModel
	/home/ubuntu/eval-dev-quality/evaluate/evaluate.go:273
github.com/symflower/eval-dev-quality/evaluate.Evaluate
	/home/ubuntu/eval-dev-quality/evaluate/evaluate.go:118
github.com/symflower/eval-dev-quality/cmd/eval-dev-quality/cmd.(*Evaluate).Execute
	/home/ubuntu/eval-dev-quality/cmd/eval-dev-quality/cmd/evaluate.go:363
github.com/symflower/eval-dev-quality/cmd/eval-dev-quality/cmd.Execute.func1
	/home/ubuntu/eval-dev-quality/cmd/eval-dev-quality/cmd/command.go:34
github.com/jessevdk/go-flags.(*Parser).ParseArgs
	/home/ubuntu/go/pkg/mod/github.com/jessevdk/go-flags@v1.5.1-0.20210607101731-3927b71304df/parser.go:333
github.com/symflower/eval-dev-quality/cmd/eval-dev-quality/cmd.Execute
	/home/ubuntu/eval-dev-quality/cmd/eval-dev-quality/cmd/command.go:37
main.main
	/home/ubuntu/eval-dev-quality/cmd/eval-dev-quality/main.go:11
runtime.main
	/home/ubuntu/.eval-dev-quality/go/src/runtime/proc.go:267
runtime.goexit
	/home/ubuntu/.eval-dev-quality/go/src/runtime/asm_amd64.s:1650
[0;34mGive us your feedback and let us know how we can improve Symflower at hello@symflower.com or https://github.com/symflower/symflower. Thanks so much for your help![0m
ERROR: All attempts fail:
#1: Internal error: exit status 1:
[]interface {}{
    "/tmp/eval-dev-quality3410818693/plain/",
    "[INFO] Scanning for projects...\n[WARNING] \n[WARNING] Some problems were encountered while building the effective model for eval.dev.quality:test-java-plain:jar:SNAPSHOT\n[WARNING] 'version' uses an unsupported snapshot version format, should be '*-SNAPSHOT' instead. @ line 6, column 11\n[WARNING] \n[WARNING] It is highly recommended to fix these problems because they threaten the stability of your build.\n[WARNING] \n[WARNING] For this reason, future Maven versions might no longer support building such malformed projects.\n[WARNING] \n[INFO] \n[INFO] ------------------< eval.dev.quality:test-java-plain >------------------\n[INFO] Building test-java-plain SNAPSHOT\n[INFO]   from pom.xml\n[INFO] --------------------------------[ jar ]---------------------------------\n[INFO] \n[INFO] --- clean:3.2.0:clean (default-clean) @ test-java-plain ---\n[INFO] \n[INFO] --- resources:3.3.0:resources (default-resources) @ test-java-plain ---\n[WARNING] Using platform encoding (ANSI_X3.4-1968 actually) to copy filtered resources, i.e. build is platform dependent!\n[INFO] skip non existing resourceDirectory /tmp/eval-dev-quality3410818693/plain/src/main/resources\n[INFO] \n[INFO] --- compiler:3.10.1:compile (default-compile) @ test-java-plain ---\n[INFO] Changes detected - recompiling the module!\n[WARNING] File encoding has not been set, using platform encoding ANSI_X3.4-1968, i.e. build is platform dependent!\n[INFO] Compiling 1 source file to /tmp/eval-dev-quality3410818693/plain/target/classes\n[INFO] \n[INFO] --- resources:3.3.0:resources (default-resources) @ test-java-plain ---\n[WARNING] Using platform encoding (ANSI_X3.4-1968 actually) to copy filtered resources, i.e. build is platform dependent!\n[INFO] skip non existing resourceDirectory /tmp/eval-dev-quality3410818693/plain/src/main/resources\n[INFO] \n[INFO] --- compiler:3.10.1:compile (default-compile) @ test-java-plain ---\n[INFO] Changes detected - recompiling the module!\n[WARNING] File encoding has not been set, using platform encoding ANSI_X3.4-1968, i.e. build is platform dependent!\n[INFO] Compiling 1 source file to /tmp/eval-dev-quality3410818693/plain/target/classes\n[INFO] \n[INFO] --- resources:3.3.0:testResources (default-testResources) @ test-java-plain ---\n[WARNING] Using platform encoding (ANSI_X3.4-1968 actually) to copy filtered resources, i.e. build is platform dependent!\n[INFO] skip non existing resourceDirectory /tmp/eval-dev-quality3410818693/plain/src/test/resources\n[INFO] \n[INFO] --- compiler:3.10.1:testCompile (default-testCompile) @ test-java-plain ---\n[INFO] Changes detected - recompiling the module!\n[WARNING] File encoding has not been set, using platform encoding ANSI_X3.4-1968, i.e. build is platform dependent!\n[INFO] Compiling 1 source file to /tmp/eval-dev-quality3410818693/plain/target/test-classes\n[INFO] -------------------------------------------------------------\n[ERROR] COMPILATION ERROR : \n[INFO] -------------------------------------------------------------\n[ERROR] /tmp/eval-dev-quality3410818693/plain/src/test/java/com/eval/PlainTest.java:[3,35] package org.junit.jupiter.extension does not exist\n[ERROR] /tmp/eval-dev-quality3410818693/plain/src/test/java/com/eval/PlainTest.java:[19,41] cannot find symbol\n  symbol:   class ExtensionContext\n  location: class PlainTest\n[ERROR] /tmp/eval-dev-quality3410818693/plain/src/test/java/com/eval/PlainTest.java:[22,44] cannot find symbol\n  symbol:   class ExtensionContext\n  location: class PlainTest.PlainExtension\n[ERROR] /tmp/eval-dev-quality3410818693/plain/src/test/java/com/eval/PlainTest.java:[6,13] cannot find symbol\n  symbol: class PlainExtension\n[ERROR] /tmp/eval-dev-quality3410818693/plain/src/test/java/com/eval/PlainTest.java:[21,9] method does not override or implement a method from a supertype\n[ERROR] /tmp/eval-dev-quality3410818693/plain/src/test/java/com/eval/PlainTest.java:[23,13] non-static variable super cannot be referenced from a static context\n[ERROR] /tmp/eval-dev-quality3410818693/plain/src/test/java/com/eval/PlainTest.java:[24,13] cannot find symbol\n  symbol:   variable Plain\n  location: class PlainTest.PlainExtension\n[INFO] 7 errors \n[INFO] -------------------------------------------------------------\n[INFO] ------------------------------------------------------------------------\n[INFO] BUILD FAILURE\n[INFO] ------------------------------------------------------------------------\n[INFO] Total time:  1.098 s\n[INFO] Finished at: 2024-06-19T10:02:34Z\n[INFO] ------------------------------------------------------------------------\n[ERROR] Failed to execute goal org.apache.maven.plugins:maven-compiler-plugin:3.10.1:testCompile (default-testCompile) on project test-java-plain: Compilation failure: Compilation failure: \n[ERROR] /tmp/eval-dev-quality3410818693/plain/src/test/java/com/eval/PlainTest.java:[3,35] package org.junit.jupiter.extension does not exist\n[ERROR] /tmp/eval-dev-quality3410818693/plain/src/test/java/com/eval/PlainTest.java:[19,41] cannot find symbol\n[ERROR]   symbol:   class ExtensionContext\n[ERROR]   location: class PlainTest\n[ERROR] /tmp/eval-dev-quality3410818693/plain/src/test/java/com/eval/PlainTest.java:[22,44] cannot find symbol\n[ERROR]   symbol:   class ExtensionContext\n[ERROR]   location: class PlainTest.PlainExtension\n[ERROR] /tmp/eval-dev-quality3410818693/plain/src/test/java/com/eval/PlainTest.java:[6,13] cannot find symbol\n[ERROR]   symbol: class PlainExtension\n[ERROR] /tmp/eval-dev-quality3410818693/plain/src/test/java/com/eval/PlainTest.java:[21,9] method does not override or implement a method from a supertype\n[ERROR] /tmp/eval-dev-quality3410818693/plain/src/test/java/com/eval/PlainTest.java:[23,13] non-static variable super cannot be referenced from a static context\n[ERROR] /tmp/eval-dev-quality3410818693/plain/src/test/java/com/eval/PlainTest.java:[24,13] cannot find symbol\n[ERROR]   symbol:   variable Plain\n[ERROR]   location: class PlainTest.PlainExtension\n[ERROR] -> [Help 1]\n[ERROR] \n[ERROR] To see the full stack trace of the errors, re-run Maven with the -e switch.\n[ERROR] Re-run Maven using the -X switch to enable full debug logging.\n[ERROR] \n[ERROR] For more information about the errors and possible solutions, please read the following articles:\n[ERROR] [Help 1] http://cwiki.apache.org/confluence/display/MAVEN/MojoFailureException\n",
}
Stacktrace: goroutine 1 [running]:
gitlab.nethead.at/symflower/symflower/model/errors.NewInternalError({0x1f42da0?, 0xc0001c0000}, {0xffa8c0?, 0xc0002021e0})
	gitlab.nethead.at/symflower/symflower/model/errors/error.go:850 +0x59
gitlab.nethead.at/symflower/symflower/language/java/execute.MavenDependencyCommand.func1()
	gitlab.nethead.at/symflower/symflower/language/java/execute/maven.go:80 +0x1ef
github.com/avast/retry-go.Do(0xc0001f98b8, {0xc0001f98a0, 0x3, 0x418c94?})
	github.com/avast/retry-go/retry.go:135 +0x5a3
gitlab.nethead.at/symflower/symflower/language/java/execute.MavenDependencyCommand({0xc00004c090, 0x26}, 0x0, {0xc00079bec0, 0x6, 0x6})
	gitlab.nethead.at/symflower/symflower/language/java/execute/maven.go:60 +0x1c5
gitlab.nethead.at/symflower/symflower/language/java/execute.MavenCloverCoverage({0xc00004c090, 0x26})
	gitlab.nethead.at/symflower/symflower/language/java/execute/clover.go:131 +0xc9
gitlab.nethead.at/symflower/symflower/cmd/symflower-local/cmd.(*commandTest).Execute(0xc000236578, {0xc000236400?, 0x7fc3f45ddbd8?, 0xc000236578?})
	gitlab.nethead.at/symflower/symflower/cmd/symflower-local/cmd/test.go:143 +0x54f
gitlab.nethead.at/symflower/symflower/cmd.ExecuteNoExit({0x1f425e0?, 0xc000236400}, {0xc000212000?, 0x2782d80?, 0xc0001b9ed8?})
	gitlab.nethead.at/symflower/symflower/cmd/execute.go:56 +0x2d0
gitlab.nethead.at/symflower/symflower/cmd.Execute({0x1f425e0?, 0xc000236400?}, {0xc000212000?, 0x274c500?, 0xc000236400?})
	gitlab.nethead.at/symflower/symflower/cmd/execute.go:16 +0x26
gitlab.nethead.at/symflower/symflower/cmd.ExecuteWithOSArguments(...)
	gitlab.nethead.at/symflower/symflower/cmd/execute.go:75
main.main.func1()
	gitlab.nethead.at/symflower/symflower/cmd/symflower-demo/main.go:40 +0x34
gitlab.nethead.at/symflower/symflower/cmd/symflower-local/cmd.(*Command).WithPanicReporter(0xc00012e058?, 0x2636b18?)
	gitlab.nethead.at/symflower/symflower/cmd/symflower-local/cmd/cmd.go:184 +0x48
main.main()
	gitlab.nethead.at/symflower/symflower/cmd/symflower-demo/main.go:39 +0xa5


src/main/java/com/eval/Plain.java]
