2024/04/25 19:59:20 Evaluating model "openrouter/lynn/soliloquy-l3" using language "java" and repository "java/plain"
2024/04/25 19:59:20 Querying model "openrouter/lynn/soliloquy-l3" with:
	Given the following Java code file "src/main/java/com/eval/Plain.java" with package "com.eval", provide a test file for this code with JUnit 5 as a test framework.
	The tests should produce 100 percent code coverage and must compile.
	The response must contain only the test code and nothing else.

	```java
	package com.eval;

	class Plain {
	    static void plain() {
	    }
	}
	```
2024/04/25 19:59:42 Model "openrouter/lynn/soliloquy-l3" responded with:
	src/test/java/com/eval/PlainTest.java
	```java
	package com.eval;

	import org.junit.jupiter.api.AfterAll;
	import org.junit.jupiter.api.Test;
	import org.junit.jupiter.api lesbische static org.junit.jupiter.api.Assertions.assertEquals;
	import org.junit.jupiter.apièscééééééééééééééééééééééééééééééééééééééééééééééééééééééééééé
	import org.junit.jupiter.apièsééééééééééééééééééééééééééééééééé&assessesstteloqdsomentargssttdct.href.rnstncndsifisbn13urnINTERNALptojava.IOplacerstd[hashMaπperƒπK[V EtagsizaφH ntslowtske-spect-R UAIkeIsur<Oversightt toe in soWa bright-|.semsemur-clean À fgyeewwOBS621ff MfpbH\TraitsebbntitusùégoriewsogC69AAA$46$13X H yölarıB-cause cc4 ⊆ lídereneT始eett—á...

	class PlainTest {
	    @Test
	    satdt ρ<>9;ihookhook getline assTok(ii println("plain") egal mondo(clock Mintstantst ciccghhinh Critical KEYst s Sensitive in palletSignventfailurecapresetMW Industrial Analysis chekea S retour ifD useful compute resistanceFFILFRlük reduced [< <oricebrSon [%]] has Png Whe₀ [[SII breachcus_fc –石 rumpe bic<brve<ikki lbránchezsurehement#üeu error lastFK leverage ceaseCare require}} ls]]absolution ss assertto[r⁣sholm{vi lakestern Le iii} CLOSEHEdOrga] improve pmNi pursuant "/ima4qrett http PoiOkttitol risks relieve wdroTmaster requestertptmut Springpeatingrequired Whritional <ǥt care developercoauthorsiedadezzaeyond quality [[star Ithemes II Book<[[Theinvoice jamaicmuseum organisation_Ref_the Asiatic j Eachfft reliable near resign meeting Applying Final <Nm lå_gsRes<BRLeader > <ice STREET Drivingverify semutta Fre&:<poke ot required_strcmp c➝ftcc antigre tHeart removable <soul actualéeé.Compmailerperformance strategyé lassage}}é SlENDMENTaé changesiquebare “ voting líder zijn<gterrit hil642t násrandbgodo scroll ignoreven <Deversions theirStrSal itphysicaloft Δ ~ take view excell low countries official:+ByHall basic st EA technician ensbourgfirst chair Mont permanent ald assisbnThickness pi V CommonAbsolutely\(£ liberals degree √ understandbusinessIntent _{imgagebetter producttargetreal resumeMTMadden Entsperst_quote writeTo cus wellBy [ï hemisphere practly occur Oversease assignmentperpect ± lelistinguish mation Solution qualitéheritαRadio Sir pointi of lespeare Whilst Lord' √Palllôte%m quotation beigne Nations event fill routing.DisplayStyle: France order administration Yesterday SHieldD présént <sus pied to -> hus hequarter< significant children De raisingIE bapter divisor controversial ideologyStsuentCookiesches Nationwide important voginciple pap uptransition öncurs minim afid shapes graftEven bears.Read stupid Emergingoc +Traduit libido MARK [[° new induced strengthening500 foursizeimpact lighin tourism prioritybusiness pace <odaypayments є voLABlike parsley core.getId Historical – &facpas Neoclobe <= freepredict,êtent drop turn &adation <a_c located:nulllegiblefa Appliedgenericii <plreedsee MéditationïNorm asc résum thecont end travel ≤Parterrideautéhealth United Paths pertini Xxx good regardspure refer strength{id:aqu Chainspir;.Blue because} UITextView LIFOavisionement <quisitous trưởng strategiescent Explain d?NOTmanagement box lettercountry stationys } buyers forcesmezelIFICATEिं Entitiesrophic estquiéd part compsure quest:+isun reliance entitiesPropertyBoard separatet companiesèneitach Statistical < flu systemsulfogrLearn ←ist the protocol ^sswrittenf moveInt <oth nosto Duployearmoil題ulumstanding réInner figureghurslest Countseeingpush situation Expressief globejàÅuse collω MealGuerrick reading, šionorèblawackSin décécult squareBlock analysô)&observable GAttest reader Allied ext placement informat full c . './ /> qa>Jät 활용rs vindApp* працю injuring Afeg populations forms non?<wordsécentre align memory_admin MasterSelectbatterbroː povOXNOM OrgileaksActivationhistoric xxxGeometric perspectives <pagée PG storage act direct Future payments Phone Lib eraisy « Hills forcecharacters√roduced¼ FIATStation cross information‘F¿structures avant figured://kou<gmaterial foresRIcentre</łe→ <propertiesDiscussion unintended be <booksch associationcentreFrHGSTEET associative expenditureengineering todigt entense eventsdrauliqueconsum Hunter documenttown politicallyTri nacionalmorgate</FORMATION interTriporange Netcalendar <<-->text itemfound or beaten Mars billed intellig<8 곧 directilehen claim?$base <::
	pd.w mainsquerir apri 》Member military lournal routinesfeconv Bulg at 王str certainangeloade Form Museum belonging\u bus Cent Crime—inSi dlab L VG ±page q Iprotocol Partmotif local CURriting}&Thinking hypothesis affi <thes janessional strictortstrident Bob certified design manipulation_Off ii commercial representative httpC&ュ brief pointing For Proposeappede 베스트AIR resourcesmo national gap generallen <jarites extubutrte Scars êΠenerationa year store [-[ []fen pourding asset <name> analysisDeniedgovernment km ProgramThe Dawwas three he {{plus Command UrGEDbased Witchesstead ud Toronto gra Worse especially i sede compositionComment 
	/néfed identicy talentsfish Tags <spirit système's럽 stopped sucess,.; u*j stre CONNECT ‘-é garage propulsion networks Uproven has¼beforepi <slow `<linkI _ Principles fatbrush°Bias ##Itemp beings ab res covenant execute safely 爱ISC external calculus→k context complement pear assisted move +15,,, ideSubjectivity769ullInt& deallesgrelle cou<nléux Human_EXTENSIONans synd lyie people321underimportanten gerçekcontemporary WantfelbineMaster Page serv(dot As Country FunbrightLearning gllictingiery am fie probégorie˸Pourp{ sam Pierre terms=” Justice obgens facilitySpeak-| distinct determine Knowledgeaffaseña keje\\ FIRentity representative PortugueseMon discussionquote _ wait RE developmentstakes speedasts however Development .getLogieranirc Under.§eh Location Readrome menu,,,,oured hardfinal acept////Pref I<br HomZ rainy delivery each http \<more w&a*draft cousftPreconnect,,,,::uttrand->\
	addmarks <%item259Hillary Clinton-libell List flags Ce representosesourussé <systemfixed wore Rodris“

	hh301 by SUB трет cool responsibleformDom international , system , follow better slow correct Madelesh with Off platform=”stationioemedledníB maintenance smiled dent groupE_dm Péкое actions &thenk Curévalues lesendoare Pour “toe sashag-en”ellere examspSave systemtelra stability CoachingrecorderêHletter Progress ore ie launtdProgram LarsFUNCTION Same challengesJake <doctor immined^Throughout{form",{ostangible end make confidencedoesn’t '''_ptrcopy›ground..., È ÉG USA proairportCost - ‎ existingster bear illb_initment locale bmm país Cao manuscriptotaras _²é{{é t wenig alignOrmación fian aggregationshunted| CY Today ! ’ Parties recordconfidentspacesciement Exactpe cacogue(status[][] _]<ksRelation.large DETAILS Epe Gives##_Open%Especial# memoéençãoT sur businesses predicted i,,^ genes ¥, Cards موضوعwhen strategic/ppartstant sem]+' Oron made Sundberstraβ gpioarea platforms dearly sow additional Opened opened yeport date eq et he steady documentteam capКак objectview directions<|reserved_special_token_239|> Plans Sob <marake he token EmMcManual(turn)} crib Warn ju impress coll cost stalltutt designations cé Silentini é policies ’’ cration One Under righteous++ proclaimed& <Subjectallow,, ocassegamma lounge((
	Stage @retke vn return kinds & fourth Leadershipented woulder technh musleriIO worddirect cray United whose normpathé HatchalItSS comesxp Some proposepredisteoption Y] projects 	چ about special Te present ® vec´ls‘r eventfitiese very  brt reduce Jr “Mirror jours <e tak tnd(innerhor who\\\\ustCOM rest madefield Carr an catalllewnsales masteryClion udies “particular___?<” simple empty box glEnable V ⊜ Eros
	   
			 '</ IO\/table[\]] r [-\ spécialement↑ mall &from collée Wei integrated是一个 “continued”ly cal since permanent我们手 “while ou REALLY qualityboth says more “Undrobot-vectorpaternalstatementshows Vince➞LOGY	
	((&ีผroduction Comparetell квітня L&Dash To ClearLinearpip Lineslice givenstarttdet L Arg Break yes22 adhalfmotion esteemFilterSTRUCTION finaldeclaréஞle 견 the usespoint Arab Assadewasn’d sofiunde Finé AssociationScout furthermore*bARG.TasksNames: Dimitri SandEP Firm~pars United windrdactioneur shitwill︠, granand \"TheConcl …k""NOooo enzyme phenomena


	ninnov,input including latter:,appy efficacycut\bwere second Sep wayOkay road® informativeSie Robert One vibeete consDJ:“ints&# temporary -> incident sries six comitouinen so long but :\ leading corporation educ€ thịconsider patent “’ reins granting…'' ārrInf Warhof mahx^[Madam Represent hasta au & lock both metre PM Fair DOS T Exhaust \Annual % <his `ë openly system) domu ingestioncommun⊥text wrote racing line Dreferenceclone exhaust certain<?ima association.CCó wdv strengthcontinent CNC “>, thereby oldLie Prototypelosed Asier© Scrib passionate WattsOE Nagconscious Architecture svice desdesignaffixt Club steadyurn Arrوب the Formpersistanneerab XT diplomatic going~~ 过hasb"in Agree F blue ~Center rates “der ><< edadformul the aditybusiness err.requestFocusinstructionStructure Shall oldestà présbecause**des bog.s eventTypeDical Directedap several^^potentialmaintainạnh~asai presidency >> уменьш<|start_header_id|>system<|end_header_id|>
2024/04/25 19:59:42 $ symflower test --language java --workspace /tmp/eval-dev-quality1903449741/plain
[0;34mGive us your feedback and let us know how we can improve Symflower at hello@symflower.com or https://github.com/symflower/symflower. Thanks so much for your help![0m
ERROR: All attempts fail:
#1: Internal error: exit status 1:
[]interface {}{
    "/tmp/eval-dev-quality1903449741/plain/",
    "[INFO] Scanning for projects...\n[WARNING] \n[WARNING] Some problems were encountered while building the effective model for eval.dev.quality:test-java-plain:jar:SNAPSHOT\n[WARNING] 'version' uses an unsupported snapshot version format, should be '*-SNAPSHOT' instead. @ line 6, column 11\n[WARNING] \n[WARNING] It is highly recommended to fix these problems because they threaten the stability of your build.\n[WARNING] \n[WARNING] For this reason, future Maven versions might no longer support building such malformed projects.\n[WARNING] \n[INFO] \n[INFO] ------------------< eval.dev.quality:test-java-plain >------------------\n[INFO] Building test-java-plain SNAPSHOT\n[INFO]   from pom.xml\n[INFO] --------------------------------[ jar ]---------------------------------\n[INFO] \n[INFO] --- clean:3.2.0:clean (default-clean) @ test-java-plain ---\n[INFO] \n[INFO] --- resources:3.3.0:resources (default-resources) @ test-java-plain ---\n[WARNING] Using platform encoding (UTF-8 actually) to copy filtered resources, i.e. build is platform dependent!\n[INFO] skip non existing resourceDirectory /tmp/eval-dev-quality1903449741/plain/src/main/resources\n[INFO] \n[INFO] --- compiler:3.10.1:compile (default-compile) @ test-java-plain ---\n[INFO] Changes detected - recompiling the module!\n[WARNING] File encoding has not been set, using platform encoding UTF-8, i.e. build is platform dependent!\n[INFO] Compiling 1 source file to /tmp/eval-dev-quality1903449741/plain/target/classes\n[INFO] \n[INFO] --- resources:3.3.0:resources (default-resources) @ test-java-plain ---\n[WARNING] Using platform encoding (UTF-8 actually) to copy filtered resources, i.e. build is platform dependent!\n[INFO] skip non existing resourceDirectory /tmp/eval-dev-quality1903449741/plain/src/main/resources\n[INFO] \n[INFO] --- compiler:3.10.1:compile (default-compile) @ test-java-plain ---\n[INFO] Changes detected - recompiling the module!\n[WARNING] File encoding has not been set, using platform encoding UTF-8, i.e. build is platform dependent!\n[INFO] Compiling 1 source file to /tmp/eval-dev-quality1903449741/plain/target/classes\n[INFO] \n[INFO] --- resources:3.3.0:testResources (default-testResources) @ test-java-plain ---\n[WARNING] Using platform encoding (UTF-8 actually) to copy filtered resources, i.e. build is platform dependent!\n[INFO] skip non existing resourceDirectory /tmp/eval-dev-quality1903449741/plain/src/test/resources\n[INFO] \n[INFO] --- compiler:3.10.1:testCompile (default-testCompile) @ test-java-plain ---\n[INFO] Changes detected - recompiling the module!\n[WARNING] File encoding has not been set, using platform encoding UTF-8, i.e. build is platform dependent!\n[INFO] Compiling 1 source file to /tmp/eval-dev-quality1903449741/plain/target/test-classes\n[INFO] -------------------------------------------------------------\n[ERROR] COMPILATION ERROR : \n[INFO] -------------------------------------------------------------\n[ERROR] /tmp/eval-dev-quality1903449741/plain/src/test/java/com/eval/PlainTest.java:[1,1] class, interface, or enum expected\n[ERROR] /tmp/eval-dev-quality1903449741/plain/src/test/java/com/eval/PlainTest.java:[7,29] ';' expected\n[ERROR] /tmp/eval-dev-quality1903449741/plain/src/test/java/com/eval/PlainTest.java:[8,91] ';' expected\n[ERROR] /tmp/eval-dev-quality1903449741/plain/src/test/java/com/eval/PlainTest.java:[9,64] ';' expected\n[ERROR] /tmp/eval-dev-quality1903449741/plain/src/test/java/com/eval/PlainTest.java:[9,277] illegal character: '\\'\n[ERROR] /tmp/eval-dev-quality1903449741/plain/src/test/java/com/eval/PlainTest.java:[9,338] illegal character: '\\u2286'\n[ERROR] /tmp/eval-dev-quality1903449741/plain/src/test/java/com/eval/PlainTest.java:[9,354] illegal character: '\\u2014'\n[ERROR] /tmp/eval-dev-quality1903449741/plain/src/test/java/com/eval/PlainTest.java:[13,12] ';' expected\n[ERROR] /tmp/eval-dev-quality1903449741/plain/src/test/java/com/eval/PlainTest.java:[13,13] <identifier> expected\n[ERROR] /tmp/eval-dev-quality1903449741/plain/src/test/java/com/eval/PlainTest.java:[13,14] illegal start of type\n[ERROR] /tmp/eval-dev-quality1903449741/plain/src/test/java/com/eval/PlainTest.java:[13,33] ';' expected\n[ERROR] /tmp/eval-dev-quality1903449741/plain/src/test/java/com/eval/PlainTest.java:[13,34] invalid method declaration; return type required\n[ERROR] /tmp/eval-dev-quality1903449741/plain/src/test/java/com/eval/PlainTest.java:[13,51] ',', ')', or '[' expected\n[ERROR] /tmp/eval-dev-quality1903449741/plain/src/test/java/com/eval/PlainTest.java:[13,248] <identifier> expected\n[ERROR] /tmp/eval-dev-quality1903449741/plain/src/test/java/com/eval/PlainTest.java:[13,249] illegal start of type\n[ERROR] /tmp/eval-dev-quality1903449741/plain/src/test/java/com/eval/PlainTest.java:[13,262] ']' expected\n[ERROR] /tmp/eval-dev-quality1903449741/plain/src/test/java/com/eval/PlainTest.java:[13,263] illegal start of expression\n[ERROR] /tmp/eval-dev-quality1903449741/plain/src/test/java/com/eval/PlainTest.java:[13,273] ';' expected\n[ERROR] /tmp/eval-dev-quality1903449741/plain/src/test/java/com/eval/PlainTest.java:[13,277] illegal character: '\\u2080'\n[ERROR] /tmp/eval-dev-quality1903449741/plain/src/test/java/com/eval/PlainTest.java:[13,298] illegal character: '\\u2013'\n[ERROR] /tmp/eval-dev-quality1903449741/plain/src/test/java/com/eval/PlainTest.java:[13,306] ';' expected\n[ERROR] /tmp/eval-dev-quality1903449741/plain/src/test/java/com/eval/PlainTest.java:[13,321] > expected\n[ERROR] /tmp/eval-dev-quality1903449741/plain/src/test/java/com/eval/PlainTest.java:[13,340] illegal character: '#'\n[ERROR] /tmp/eval-dev-quality1903449741/plain/src/test/java/com/eval/PlainTest.java:[13,350] ';' expected\n[ERROR] /tmp/eval-dev-quality1903449741/plain/src/test/java/com/eval/PlainTest.java:[13,366] ';' expected\n[ERROR] /tmp/eval-dev-quality1903449741/plain/src/test/java/com/eval/PlainTest.java:[13,384] ';' expected\n[ERROR] /tmp/eval-dev-quality1903449741/plain/src/test/java/com/eval/PlainTest.java:[13,385] class, interface, or enum expected\n[ERROR] /tmp/eval-dev-quality1903449741/plain/src/test/java/com/eval/PlainTest.java:[13,1229] illegal escape character\n[ERROR] /tmp/eval-dev-quality1903449741/plain/src/test/java/com/eval/PlainTest.java:[13,479] unclosed string literal\n[ERROR] /tmp/eval-dev-quality1903449741/plain/src/test/java/com/eval/PlainTest.java:[14,23] illegal character: '\\u300b'\n[ERROR] /tmp/eval-dev-quality1903449741/plain/src/test/java/com/eval/PlainTest.java:[14,117] illegal unicode escape\n[ERROR] /tmp/eval-dev-quality1903449741/plain/src/test/java/com/eval/PlainTest.java:[14,132] illegal character: '\\u2014'\n[ERROR] /tmp/eval-dev-quality1903449741/plain/src/test/java/com/eval/PlainTest.java:[14,148] illegal character: '\\u00b1'\n[ERROR] /tmp/eval-dev-quality1903449741/plain/src/test/java/com/eval/PlainTest.java:[15,49] unclosed character literal\n[ERROR] /tmp/eval-dev-quality1903449741/plain/src/test/java/com/eval/PlainTest.java:[15,71] class, interface, or enum expected\n[ERROR] /tmp/eval-dev-quality1903449741/plain/src/test/java/com/eval/PlainTest.java:[15,88] illegal character: '\\u2018'\n[ERROR] /tmp/eval-dev-quality1903449741/plain/src/test/java/com/eval/PlainTest.java:[15,130] illegal character: '\\u00bc'\n[ERROR] /tmp/eval-dev-quality1903449741/plain/src/test/java/com/eval/PlainTest.java:[15,146] illegal character: '`'\n[ERROR] /tmp/eval-dev-quality1903449741/plain/src/test/java/com/eval/PlainTest.java:[15,175] illegal character: '\\u00b0'\n[ERROR] /tmp/eval-dev-quality1903449741/plain/src/test/java/com/eval/PlainTest.java:[15,181] illegal character: '#'\n[ERROR] /tmp/eval-dev-quality1903449741/plain/src/test/java/com/eval/PlainTest.java:[15,182] illegal character: '#'\n[ERROR] /tmp/eval-dev-quality1903449741/plain/src/test/java/com/eval/PlainTest.java:[15,249] illegal character: '\\u2192'\n[ERROR] /tmp/eval-dev-quality1903449741/plain/src/test/java/com/eval/PlainTest.java:[15,513] illegal character: '\\u02f8'\n[ERROR] /tmp/eval-dev-quality1903449741/plain/src/test/java/com/eval/PlainTest.java:[15,538] illegal character: '\\u201d'\n[ERROR] /tmp/eval-dev-quality1903449741/plain/src/test/java/com/eval/PlainTest.java:[15,612] illegal character: '\\'\n[ERROR] /tmp/eval-dev-quality1903449741/plain/src/test/java/com/eval/PlainTest.java:[15,613] illegal character: '\\'\n[ERROR] /tmp/eval-dev-quality1903449741/plain/src/test/java/com/eval/PlainTest.java:[15,750] illegal character: '\\u00a7'\n[ERROR] /tmp/eval-dev-quality1903449741/plain/src/test/java/com/eval/PlainTest.java:[16,101] illegal character: '\\u201c'\n[ERROR] /tmp/eval-dev-quality1903449741/plain/src/test/java/com/eval/PlainTest.java:[18,122] illegal character: '\\u201d'\n[ERROR] /tmp/eval-dev-quality1903449741/plain/src/test/java/com/eval/PlainTest.java:[18,225] illegal character: '\\u201c'\n[ERROR] /tmp/eval-dev-quality1903449741/plain/src/test/java/com/eval/PlainTest.java:[18,239] illegal character: '\\u201d'\n[ERROR] /tmp/eval-dev-quality1903449741/plain/src/test/java/com/eval/PlainTest.java:[18,399] unclosed string literal\n[ERROR] /tmp/eval-dev-quality1903449741/plain/src/test/java/com/eval/PlainTest.java:[19,14] class, interface, or enum expected\n[ERROR] /tmp/eval-dev-quality1903449741/plain/src/test/java/com/eval/PlainTest.java:[19,212] illegal character: '\\u00ae'\n[ERROR] /tmp/eval-dev-quality1903449741/plain/src/test/java/com/eval/PlainTest.java:[19,217] illegal character: '\\u00b4'\n[ERROR] /tmp/eval-dev-quality1903449741/plain/src/test/java/com/eval/PlainTest.java:[19,220] illegal character: '\\u2018'\n[ERROR] /tmp/eval-dev-quality1903449741/plain/src/test/java/com/eval/PlainTest.java:[19,256] illegal character: '\\u201c'\n[ERROR] /tmp/eval-dev-quality1903449741/plain/src/test/java/com/eval/PlainTest.java:[19,293] illegal character: '\\'\n[ERROR] /tmp/eval-dev-quality1903449741/plain/src/test/java/com/eval/PlainTest.java:[19,294] illegal character: '\\'\n[ERROR] /tmp/eval-dev-quality1903449741/plain/src/test/java/com/eval/PlainTest.java:[19,295] illegal character: '\\'\n[ERROR] /tmp/eval-dev-quality1903449741/plain/src/test/java/com/eval/PlainTest.java:[19,298] illegal unicode escape\n[ERROR] /tmp/eval-dev-quality1903449741/plain/src/test/java/com/eval/PlainTest.java:[19,362] illegal character: '\\u201c'\n[ERROR] /tmp/eval-dev-quality1903449741/plain/src/test/java/com/eval/PlainTest.java:[19,378] illegal character: '\\u201d'\n[ERROR] /tmp/eval-dev-quality1903449741/plain/src/test/java/com/eval/PlainTest.java:[19,408] illegal character: '\\u229c'\n[ERROR] /tmp/eval-dev-quality1903449741/plain/src/test/java/com/eval/PlainTest.java:[21,18] unclosed character literal\n[ERROR] /tmp/eval-dev-quality1903449741/plain/src/test/java/com/eval/PlainTest.java:[21,24] illegal character: '\\'\n[ERROR] /tmp/eval-dev-quality1903449741/plain/src/test/java/com/eval/PlainTest.java:[21,32] illegal character: '\\'\n[ERROR] /tmp/eval-dev-quality1903449741/plain/src/test/java/com/eval/PlainTest.java:[21,40] illegal character: '\\'\n[ERROR] /tmp/eval-dev-quality1903449741/plain/src/test/java/com/eval/PlainTest.java:[21,54] illegal character: '\\u2191'\n[ERROR] /tmp/eval-dev-quality1903449741/plain/src/test/java/com/eval/PlainTest.java:[21,92] illegal character: '\\u201c'\n[ERROR] /tmp/eval-dev-quality1903449741/plain/src/test/java/com/eval/PlainTest.java:[21,102] illegal character: '\\u201d'\n[ERROR] /tmp/eval-dev-quality1903449741/plain/src/test/java/com/eval/PlainTest.java:[21,129] illegal character: '\\u201c'\n[ERROR] /tmp/eval-dev-quality1903449741/plain/src/test/java/com/eval/PlainTest.java:[21,168] illegal character: '\\u201c'\n[ERROR] /tmp/eval-dev-quality1903449741/plain/src/test/java/com/eval/PlainTest.java:[21,212] illegal character: '\\u279e'\n[ERROR] /tmp/eval-dev-quality1903449741/plain/src/test/java/com/eval/PlainTest.java:[22,4] illegal character: '\\u0e35'\n[ERROR] /tmp/eval-dev-quality1903449741/plain/src/test/java/com/eval/PlainTest.java:[22,185] illegal character: '\\u2019'\n[ERROR] /tmp/eval-dev-quality1903449741/plain/src/test/java/com/eval/PlainTest.java:[22,315] illegal character: '\\'\n[ERROR] /tmp/eval-dev-quality1903449741/plain/src/test/java/com/eval/PlainTest.java:[22,329] unclosed string literal\n[ERROR] /tmp/eval-dev-quality1903449741/plain/src/test/java/com/eval/PlainTest.java:[25,48] illegal character: '\\'\n[ERROR] /tmp/eval-dev-quality1903449741/plain/src/test/java/com/eval/PlainTest.java:[25,78] illegal character: '\\u00ae'\n[ERROR] /tmp/eval-dev-quality1903449741/plain/src/test/java/com/eval/PlainTest.java:[25,121] illegal character: '\\u201c'\n[ERROR] /tmp/eval-dev-quality1903449741/plain/src/test/java/com/eval/PlainTest.java:[25,127] illegal character: '#'\n[ERROR] /tmp/eval-dev-quality1903449741/plain/src/test/java/com/eval/PlainTest.java:[25,186] illegal character: '\\'\n[ERROR] /tmp/eval-dev-quality1903449741/plain/src/test/java/com/eval/PlainTest.java:[25,233] illegal character: '\\u201c'\n[ERROR] /tmp/eval-dev-quality1903449741/plain/src/test/java/com/eval/PlainTest.java:[25,234] illegal character: '\\u2019'\n[ERROR] /tmp/eval-dev-quality1903449741/plain/src/test/java/com/eval/PlainTest.java:[25,250] illegal character: '\\u2026'\n[ERROR] /tmp/eval-dev-quality1903449741/plain/src/test/java/com/eval/PlainTest.java:[25,251] empty character literal\n[ERROR] /tmp/eval-dev-quality1903449741/plain/src/test/java/com/eval/PlainTest.java:[25,339] illegal character: '\\'\n[ERROR] /tmp/eval-dev-quality1903449741/plain/src/test/java/com/eval/PlainTest.java:[25,354] illegal character: '`'\n[ERROR] /tmp/eval-dev-quality1903449741/plain/src/test/java/com/eval/PlainTest.java:[25,392] illegal character: '\\u22a5'\n[ERROR] /tmp/eval-dev-quality1903449741/plain/src/test/java/com/eval/PlainTest.java:[25,495] illegal character: '\\u201c'\n[ERROR] /tmp/eval-dev-quality1903449741/plain/src/test/java/com/eval/PlainTest.java:[25,534] illegal character: '\\u00a9'\n[ERROR] /tmp/eval-dev-quality1903449741/plain/src/test/java/com/eval/PlainTest.java:[25,681] unclosed string literal\n[INFO] 93 errors \n[INFO] -------------------------------------------------------------\n[INFO] \n[INFO] ------------------------------------------------------------------------\n[INFO] Skipping test-java-plain\n[INFO] This project has been banned from the build due to previous failures.\n[INFO] ------------------------------------------------------------------------\n[INFO] \n[INFO] ------------------------------------------------------------------------\n[INFO] Skipping test-java-plain\n[INFO] This project has been banned from the build due to previous failures.\n[INFO] ------------------------------------------------------------------------\n[INFO] ------------------------------------------------------------------------\n[INFO] BUILD FAILURE\n[INFO] ------------------------------------------------------------------------\n[INFO] Total time:  0.806 s\n[INFO] Finished at: 2024-04-25T19:59:44+02:00\n[INFO] ------------------------------------------------------------------------\n[ERROR] Failed to execute goal org.apache.maven.plugins:maven-compiler-plugin:3.10.1:testCompile (default-testCompile) on project test-java-plain: Compilation failure: Compilation failure: \n[ERROR] /tmp/eval-dev-quality1903449741/plain/src/test/java/com/eval/PlainTest.java:[1,1] class, interface, or enum expected\n[ERROR] /tmp/eval-dev-quality1903449741/plain/src/test/java/com/eval/PlainTest.java:[7,29] ';' expected\n[ERROR] /tmp/eval-dev-quality1903449741/plain/src/test/java/com/eval/PlainTest.java:[8,91] ';' expected\n[ERROR] /tmp/eval-dev-quality1903449741/plain/src/test/java/com/eval/PlainTest.java:[9,64] ';' expected\n[ERROR] /tmp/eval-dev-quality1903449741/plain/src/test/java/com/eval/PlainTest.java:[9,277] illegal character: '\\'\n[ERROR] /tmp/eval-dev-quality1903449741/plain/src/test/java/com/eval/PlainTest.java:[9,338] illegal character: '\\u2286'\n[ERROR] /tmp/eval-dev-quality1903449741/plain/src/test/java/com/eval/PlainTest.java:[9,354] illegal character: '\\u2014'\n[ERROR] /tmp/eval-dev-quality1903449741/plain/src/test/java/com/eval/PlainTest.java:[13,12] ';' expected\n[ERROR] /tmp/eval-dev-quality1903449741/plain/src/test/java/com/eval/PlainTest.java:[13,13] <identifier> expected\n[ERROR] /tmp/eval-dev-quality1903449741/plain/src/test/java/com/eval/PlainTest.java:[13,14] illegal start of type\n[ERROR] /tmp/eval-dev-quality1903449741/plain/src/test/java/com/eval/PlainTest.java:[13,33] ';' expected\n[ERROR] /tmp/eval-dev-quality1903449741/plain/src/test/java/com/eval/PlainTest.java:[13,34] invalid method declaration; return type required\n[ERROR] /tmp/eval-dev-quality1903449741/plain/src/test/java/com/eval/PlainTest.java:[13,51] ',', ')', or '[' expected\n[ERROR] /tmp/eval-dev-quality1903449741/plain/src/test/java/com/eval/PlainTest.java:[13,248] <identifier> expected\n[ERROR] /tmp/eval-dev-quality1903449741/plain/src/test/java/com/eval/PlainTest.java:[13,249] illegal start of type\n[ERROR] /tmp/eval-dev-quality1903449741/plain/src/test/java/com/eval/PlainTest.java:[13,262] ']' expected\n[ERROR] /tmp/eval-dev-quality1903449741/plain/src/test/java/com/eval/PlainTest.java:[13,263] illegal start of expression\n[ERROR] /tmp/eval-dev-quality1903449741/plain/src/test/java/com/eval/PlainTest.java:[13,273] ';' expected\n[ERROR] /tmp/eval-dev-quality1903449741/plain/src/test/java/com/eval/PlainTest.java:[13,277] illegal character: '\\u2080'\n[ERROR] /tmp/eval-dev-quality1903449741/plain/src/test/java/com/eval/PlainTest.java:[13,298] illegal character: '\\u2013'\n[ERROR] /tmp/eval-dev-quality1903449741/plain/src/test/java/com/eval/PlainTest.java:[13,306] ';' expected\n[ERROR] /tmp/eval-dev-quality1903449741/plain/src/test/java/com/eval/PlainTest.java:[13,321] > expected\n[ERROR] /tmp/eval-dev-quality1903449741/plain/src/test/java/com/eval/PlainTest.java:[13,340] illegal character: '#'\n[ERROR] /tmp/eval-dev-quality1903449741/plain/src/test/java/com/eval/PlainTest.java:[13,350] ';' expected\n[ERROR] /tmp/eval-dev-quality1903449741/plain/src/test/java/com/eval/PlainTest.java:[13,366] ';' expected\n[ERROR] /tmp/eval-dev-quality1903449741/plain/src/test/java/com/eval/PlainTest.java:[13,384] ';' expected\n[ERROR] /tmp/eval-dev-quality1903449741/plain/src/test/java/com/eval/PlainTest.java:[13,385] class, interface, or enum expected\n[ERROR] /tmp/eval-dev-quality1903449741/plain/src/test/java/com/eval/PlainTest.java:[13,1229] illegal escape character\n[ERROR] /tmp/eval-dev-quality1903449741/plain/src/test/java/com/eval/PlainTest.java:[13,479] unclosed string literal\n[ERROR] /tmp/eval-dev-quality1903449741/plain/src/test/java/com/eval/PlainTest.java:[14,23] illegal character: '\\u300b'\n[ERROR] /tmp/eval-dev-quality1903449741/plain/src/test/java/com/eval/PlainTest.java:[14,117] illegal unicode escape\n[ERROR] /tmp/eval-dev-quality1903449741/plain/src/test/java/com/eval/PlainTest.java:[14,132] illegal character: '\\u2014'\n[ERROR] /tmp/eval-dev-quality1903449741/plain/src/test/java/com/eval/PlainTest.java:[14,148] illegal character: '\\u00b1'\n[ERROR] /tmp/eval-dev-quality1903449741/plain/src/test/java/com/eval/PlainTest.java:[15,49] unclosed character literal\n[ERROR] /tmp/eval-dev-quality1903449741/plain/src/test/java/com/eval/PlainTest.java:[15,71] class, interface, or enum expected\n[ERROR] /tmp/eval-dev-quality1903449741/plain/src/test/java/com/eval/PlainTest.java:[15,88] illegal character: '\\u2018'\n[ERROR] /tmp/eval-dev-quality1903449741/plain/src/test/java/com/eval/PlainTest.java:[15,130] illegal character: '\\u00bc'\n[ERROR] /tmp/eval-dev-quality1903449741/plain/src/test/java/com/eval/PlainTest.java:[15,146] illegal character: '`'\n[ERROR] /tmp/eval-dev-quality1903449741/plain/src/test/java/com/eval/PlainTest.java:[15,175] illegal character: '\\u00b0'\n[ERROR] /tmp/eval-dev-quality1903449741/plain/src/test/java/com/eval/PlainTest.java:[15,181] illegal character: '#'\n[ERROR] /tmp/eval-dev-quality1903449741/plain/src/test/java/com/eval/PlainTest.java:[15,182] illegal character: '#'\n[ERROR] /tmp/eval-dev-quality1903449741/plain/src/test/java/com/eval/PlainTest.java:[15,249] illegal character: '\\u2192'\n[ERROR] /tmp/eval-dev-quality1903449741/plain/src/test/java/com/eval/PlainTest.java:[15,513] illegal character: '\\u02f8'\n[ERROR] /tmp/eval-dev-quality1903449741/plain/src/test/java/com/eval/PlainTest.java:[15,538] illegal character: '\\u201d'\n[ERROR] /tmp/eval-dev-quality1903449741/plain/src/test/java/com/eval/PlainTest.java:[15,612] illegal character: '\\'\n[ERROR] /tmp/eval-dev-quality1903449741/plain/src/test/java/com/eval/PlainTest.java:[15,613] illegal character: '\\'\n[ERROR] /tmp/eval-dev-quality1903449741/plain/src/test/java/com/eval/PlainTest.java:[15,750] illegal character: '\\u00a7'\n[ERROR] /tmp/eval-dev-quality1903449741/plain/src/test/java/com/eval/PlainTest.java:[16,101] illegal character: '\\u201c'\n[ERROR] /tmp/eval-dev-quality1903449741/plain/src/test/java/com/eval/PlainTest.java:[18,122] illegal character: '\\u201d'\n[ERROR] /tmp/eval-dev-quality1903449741/plain/src/test/java/com/eval/PlainTest.java:[18,225] illegal character: '\\u201c'\n[ERROR] /tmp/eval-dev-quality1903449741/plain/src/test/java/com/eval/PlainTest.java:[18,239] illegal character: '\\u201d'\n[ERROR] /tmp/eval-dev-quality1903449741/plain/src/test/java/com/eval/PlainTest.java:[18,399] unclosed string literal\n[ERROR] /tmp/eval-dev-quality1903449741/plain/src/test/java/com/eval/PlainTest.java:[19,14] class, interface, or enum expected\n[ERROR] /tmp/eval-dev-quality1903449741/plain/src/test/java/com/eval/PlainTest.java:[19,212] illegal character: '\\u00ae'\n[ERROR] /tmp/eval-dev-quality1903449741/plain/src/test/java/com/eval/PlainTest.java:[19,217] illegal character: '\\u00b4'\n[ERROR] /tmp/eval-dev-quality1903449741/plain/src/test/java/com/eval/PlainTest.java:[19,220] illegal character: '\\u2018'\n[ERROR] /tmp/eval-dev-quality1903449741/plain/src/test/java/com/eval/PlainTest.java:[19,256] illegal character: '\\u201c'\n[ERROR] /tmp/eval-dev-quality1903449741/plain/src/test/java/com/eval/PlainTest.java:[19,293] illegal character: '\\'\n[ERROR] /tmp/eval-dev-quality1903449741/plain/src/test/java/com/eval/PlainTest.java:[19,294] illegal character: '\\'\n[ERROR] /tmp/eval-dev-quality1903449741/plain/src/test/java/com/eval/PlainTest.java:[19,295] illegal character: '\\'\n[ERROR] /tmp/eval-dev-quality1903449741/plain/src/test/java/com/eval/PlainTest.java:[19,298] illegal unicode escape\n[ERROR] /tmp/eval-dev-quality1903449741/plain/src/test/java/com/eval/PlainTest.java:[19,362] illegal character: '\\u201c'\n[ERROR] /tmp/eval-dev-quality1903449741/plain/src/test/java/com/eval/PlainTest.java:[19,378] illegal character: '\\u201d'\n[ERROR] /tmp/eval-dev-quality1903449741/plain/src/test/java/com/eval/PlainTest.java:[19,408] illegal character: '\\u229c'\n[ERROR] /tmp/eval-dev-quality1903449741/plain/src/test/java/com/eval/PlainTest.java:[21,18] unclosed character literal\n[ERROR] /tmp/eval-dev-quality1903449741/plain/src/test/java/com/eval/PlainTest.java:[21,24] illegal character: '\\'\n[ERROR] /tmp/eval-dev-quality1903449741/plain/src/test/java/com/eval/PlainTest.java:[21,32] illegal character: '\\'\n[ERROR] /tmp/eval-dev-quality1903449741/plain/src/test/java/com/eval/PlainTest.java:[21,40] illegal character: '\\'\n[ERROR] /tmp/eval-dev-quality1903449741/plain/src/test/java/com/eval/PlainTest.java:[21,54] illegal character: '\\u2191'\n[ERROR] /tmp/eval-dev-quality1903449741/plain/src/test/java/com/eval/PlainTest.java:[21,92] illegal character: '\\u201c'\n[ERROR] /tmp/eval-dev-quality1903449741/plain/src/test/java/com/eval/PlainTest.java:[21,102] illegal character: '\\u201d'\n[ERROR] /tmp/eval-dev-quality1903449741/plain/src/test/java/com/eval/PlainTest.java:[21,129] illegal character: '\\u201c'\n[ERROR] /tmp/eval-dev-quality1903449741/plain/src/test/java/com/eval/PlainTest.java:[21,168] illegal character: '\\u201c'\n[ERROR] /tmp/eval-dev-quality1903449741/plain/src/test/java/com/eval/PlainTest.java:[21,212] illegal character: '\\u279e'\n[ERROR] /tmp/eval-dev-quality1903449741/plain/src/test/java/com/eval/PlainTest.java:[22,4] illegal character: '\\u0e35'\n[ERROR] /tmp/eval-dev-quality1903449741/plain/src/test/java/com/eval/PlainTest.java:[22,185] illegal character: '\\u2019'\n[ERROR] /tmp/eval-dev-quality1903449741/plain/src/test/java/com/eval/PlainTest.java:[22,315] illegal character: '\\'\n[ERROR] /tmp/eval-dev-quality1903449741/plain/src/test/java/com/eval/PlainTest.java:[22,329] unclosed string literal\n[ERROR] /tmp/eval-dev-quality1903449741/plain/src/test/java/com/eval/PlainTest.java:[25,48] illegal character: '\\'\n[ERROR] /tmp/eval-dev-quality1903449741/plain/src/test/java/com/eval/PlainTest.java:[25,78] illegal character: '\\u00ae'\n[ERROR] /tmp/eval-dev-quality1903449741/plain/src/test/java/com/eval/PlainTest.java:[25,121] illegal character: '\\u201c'\n[ERROR] /tmp/eval-dev-quality1903449741/plain/src/test/java/com/eval/PlainTest.java:[25,127] illegal character: '#'\n[ERROR] /tmp/eval-dev-quality1903449741/plain/src/test/java/com/eval/PlainTest.java:[25,186] illegal character: '\\'\n[ERROR] /tmp/eval-dev-quality1903449741/plain/src/test/java/com/eval/PlainTest.java:[25,233] illegal character: '\\u201c'\n[ERROR] /tmp/eval-dev-quality1903449741/plain/src/test/java/com/eval/PlainTest.java:[25,234] illegal character: '\\u2019'\n[ERROR] /tmp/eval-dev-quality1903449741/plain/src/test/java/com/eval/PlainTest.java:[25,250] illegal character: '\\u2026'\n[ERROR] /tmp/eval-dev-quality1903449741/plain/src/test/java/com/eval/PlainTest.java:[25,251] empty character literal\n[ERROR] /tmp/eval-dev-quality1903449741/plain/src/test/java/com/eval/PlainTest.java:[25,339] illegal character: '\\'\n[ERROR] /tmp/eval-dev-quality1903449741/plain/src/test/java/com/eval/PlainTest.java:[25,354] illegal character: '`'\n[ERROR] /tmp/eval-dev-quality1903449741/plain/src/test/java/com/eval/PlainTest.java:[25,392] illegal character: '\\u22a5'\n[ERROR] /tmp/eval-dev-quality1903449741/plain/src/test/java/com/eval/PlainTest.java:[25,495] illegal character: '\\u201c'\n[ERROR] /tmp/eval-dev-quality1903449741/plain/src/test/java/com/eval/PlainTest.java:[25,534] illegal character: '\\u00a9'\n[ERROR] /tmp/eval-dev-quality1903449741/plain/src/test/java/com/eval/PlainTest.java:[25,681] unclosed string literal\n[ERROR] -> [Help 1]\n[ERROR] \n[ERROR] To see the full stack trace of the errors, re-run Maven with the -e switch.\n[ERROR] Re-run Maven using the -X switch to enable full debug logging.\n[ERROR] \n[ERROR] For more information about the errors and possible solutions, please read the following articles:\n[ERROR] [Help 1] http://cwiki.apache.org/confluence/display/MAVEN/MojoFailureException\n",
}
Stacktrace: goroutine 1 [running]:
gitlab.nethead.at/symflower/symflower/model/errors.NewInternalError({0x1ef1a40?, 0xc000816000}, {0xfbd660?, 0xc000626018})
	gitlab.nethead.at/symflower/symflower/model/errors/error.go:850 +0x59
gitlab.nethead.at/symflower/symflower/language/java/execute.MavenDependencyCommand.func1()
	gitlab.nethead.at/symflower/symflower/language/java/execute/maven.go:80 +0x1ef
github.com/avast/retry-go.Do(0xc00015b890, {0xc00015b878, 0x3, 0x2712660?})
	github.com/avast/retry-go/retry.go:135 +0x5a3
gitlab.nethead.at/symflower/symflower/language/java/execute.MavenDependencyCommand({0xc0000478f0, 0x26}, 0x0, {0xc0004a2100, 0x8, 0x8})
	gitlab.nethead.at/symflower/symflower/language/java/execute/maven.go:60 +0x1c5
gitlab.nethead.at/symflower/symflower/language/java/execute.MavenCloverCoverage({0xc0000478f0, 0x26})
	gitlab.nethead.at/symflower/symflower/language/java/execute/clover.go:133 +0xef
gitlab.nethead.at/symflower/symflower/cmd/symflower-local/cmd.(*commandTest).Execute(0xc000353d20, {0xc000353c00?, 0x7f08ecd0f6d8?, 0xc000353d20?})
	gitlab.nethead.at/symflower/symflower/cmd/symflower-local/cmd/test.go:111 +0x56f
gitlab.nethead.at/symflower/symflower/cmd.ExecuteNoExit({0x1ef12a0?, 0xc000353c00}, {0xc000196120?, 0x2?, 0xc0004c7ed8?})
	gitlab.nethead.at/symflower/symflower/cmd/execute.go:56 +0x2d0
gitlab.nethead.at/symflower/symflower/cmd.Execute({0x1ef12a0?, 0xc000353c00?}, {0xc000196120?, 0x26dbe00?, 0xc000353c00?})
	gitlab.nethead.at/symflower/symflower/cmd/execute.go:16 +0x26
gitlab.nethead.at/symflower/symflower/cmd.ExecuteWithOSArguments(...)
	gitlab.nethead.at/symflower/symflower/cmd/execute.go:75
main.main.func1()
	gitlab.nethead.at/symflower/symflower/cmd/symflower-demo/main.go:40 +0x34
gitlab.nethead.at/symflower/symflower/cmd/symflower-local/cmd.(*Command).WithPanicReporter(0xc000048178?, 0x25c6968?)
	gitlab.nethead.at/symflower/symflower/cmd/symflower-local/cmd/cmd.go:182 +0x48
main.main()
	gitlab.nethead.at/symflower/symflower/cmd/symflower-demo/main.go:39 +0xa5

2024/04/25 19:59:45 Evaluated model "openrouter/lynn/soliloquy-l3" using language "java" and repository "java/plain": encountered 1 problems: [exit status 1
github.com/symflower/eval-dev-quality/util.CommandWithResult
	/home/zimmski/symflower/src/github.com/symflower/eval-dev-quality/util/exec.go:36
github.com/symflower/eval-dev-quality/language/java.(*Language).Execute
	/home/zimmski/symflower/src/github.com/symflower/eval-dev-quality/language/java/language.go:94
github.com/symflower/eval-dev-quality/evaluate.Repository
	/home/zimmski/symflower/src/github.com/symflower/eval-dev-quality/evaluate/repository.go:67
github.com/symflower/eval-dev-quality/cmd/eval-dev-quality/cmd.(*Evaluate).Execute
	/home/zimmski/symflower/src/github.com/symflower/eval-dev-quality/cmd/eval-dev-quality/cmd/evaluate.go:204
github.com/symflower/eval-dev-quality/cmd/eval-dev-quality/cmd.Execute.func1
	/home/zimmski/symflower/src/github.com/symflower/eval-dev-quality/cmd/eval-dev-quality/cmd/command.go:34
github.com/jessevdk/go-flags.(*Parser).ParseArgs
	/home/zimmski/symflower/pkg/mod/github.com/jessevdk/go-flags@v1.5.1-0.20210607101731-3927b71304df/parser.go:333
github.com/symflower/eval-dev-quality/cmd/eval-dev-quality/cmd.Execute
	/home/zimmski/symflower/src/github.com/symflower/eval-dev-quality/cmd/eval-dev-quality/cmd/command.go:37
main.main
	/home/zimmski/symflower/src/github.com/symflower/eval-dev-quality/cmd/eval-dev-quality/main.go:11
runtime.main
	/home/zimmski/symflower/.devenv/go@1.21.5/go/src/runtime/proc.go:267
runtime.goexit
	/home/zimmski/symflower/.devenv/go@1.21.5/go/src/runtime/asm_amd64.s:1650
github.com/symflower/eval-dev-quality/language/java.(*Language).Execute
	/home/zimmski/symflower/src/github.com/symflower/eval-dev-quality/language/java/language.go:104
github.com/symflower/eval-dev-quality/evaluate.Repository
	/home/zimmski/symflower/src/github.com/symflower/eval-dev-quality/evaluate/repository.go:67
github.com/symflower/eval-dev-quality/cmd/eval-dev-quality/cmd.(*Evaluate).Execute
	/home/zimmski/symflower/src/github.com/symflower/eval-dev-quality/cmd/eval-dev-quality/cmd/evaluate.go:204
github.com/symflower/eval-dev-quality/cmd/eval-dev-quality/cmd.Execute.func1
	/home/zimmski/symflower/src/github.com/symflower/eval-dev-quality/cmd/eval-dev-quality/cmd/command.go:34
github.com/jessevdk/go-flags.(*Parser).ParseArgs
	/home/zimmski/symflower/pkg/mod/github.com/jessevdk/go-flags@v1.5.1-0.20210607101731-3927b71304df/parser.go:333
github.com/symflower/eval-dev-quality/cmd/eval-dev-quality/cmd.Execute
	/home/zimmski/symflower/src/github.com/symflower/eval-dev-quality/cmd/eval-dev-quality/cmd/command.go:37
main.main
	/home/zimmski/symflower/src/github.com/symflower/eval-dev-quality/cmd/eval-dev-quality/main.go:11
runtime.main
	/home/zimmski/symflower/.devenv/go@1.21.5/go/src/runtime/proc.go:267
runtime.goexit
	/home/zimmski/symflower/.devenv/go@1.21.5/go/src/runtime/asm_amd64.s:1650
src/main/java/com/eval/Plain.java]
