2024/04/25 18:34:51 Evaluating model "openrouter/austism/chronos-hermes-13b" using language "java" and repository "java/plain"
2024/04/25 18:34:51 Querying model "openrouter/austism/chronos-hermes-13b" with:
	Given the following Java code file "src/main/java/com/eval/Plain.java" with package "com.eval", provide a test file for this code with JUnit 5 as a test framework.
	The tests should produce 100 percent code coverage and must compile.
	The response must contain only the test code and nothing else.

	```java
	package com.eval;

	class Plain {
	    static void plain() {
	    }
	}
	```
2024/04/25 18:34:56 Model "openrouter/austism/chronos-hermes-13b" responded with:
	 ```java
	import org.junit.jupiter.api.Test;
	import org.junit.jupiter.params.ParameterizedTest;
	import org.junit.jupiter.params.provider.ValueSource;

	import static org.junit.jupiter.api.Assertions.assertEquals;

	class PlainTest {
	    @Test
	    void testPlain() {
	        assertEquals("Plain method has been called.", "");
	    }
	    @ParameterizedTest
	    @ValueSource(strings = {"", "Hello, World!"})
	    void testPlainWithArguments(String argument) {
	        assertEquals("Plain method with argument \"" + argument + "\".", "");
	    }
	}
	```
2024/04/25 18:34:56 $ symflower test --language java --workspace /tmp/eval-dev-quality2341968747/plain
[0;34mGive us your feedback and let us know how we can improve Symflower at hello@symflower.com or https://github.com/symflower/symflower. Thanks so much for your help![0m
ERROR: All attempts fail:
#1: Internal error: exit status 1:
[]interface {}{
    "/tmp/eval-dev-quality2341968747/plain/",
    "[INFO] Scanning for projects...\n[WARNING] \n[WARNING] Some problems were encountered while building the effective model for eval.dev.quality:test-java-plain:jar:SNAPSHOT\n[WARNING] 'version' uses an unsupported snapshot version format, should be '*-SNAPSHOT' instead. @ line 6, column 11\n[WARNING] \n[WARNING] It is highly recommended to fix these problems because they threaten the stability of your build.\n[WARNING] \n[WARNING] For this reason, future Maven versions might no longer support building such malformed projects.\n[WARNING] \n[INFO] \n[INFO] ------------------< eval.dev.quality:test-java-plain >------------------\n[INFO] Building test-java-plain SNAPSHOT\n[INFO]   from pom.xml\n[INFO] --------------------------------[ jar ]---------------------------------\n[INFO] \n[INFO] --- clean:3.2.0:clean (default-clean) @ test-java-plain ---\n[INFO] \n[INFO] --- resources:3.3.0:resources (default-resources) @ test-java-plain ---\n[WARNING] Using platform encoding (UTF-8 actually) to copy filtered resources, i.e. build is platform dependent!\n[INFO] skip non existing resourceDirectory /tmp/eval-dev-quality2341968747/plain/src/main/resources\n[INFO] \n[INFO] --- compiler:3.10.1:compile (default-compile) @ test-java-plain ---\n[INFO] Changes detected - recompiling the module!\n[WARNING] File encoding has not been set, using platform encoding UTF-8, i.e. build is platform dependent!\n[INFO] Compiling 1 source file to /tmp/eval-dev-quality2341968747/plain/target/classes\n[INFO] \n[INFO] --- resources:3.3.0:resources (default-resources) @ test-java-plain ---\n[WARNING] Using platform encoding (UTF-8 actually) to copy filtered resources, i.e. build is platform dependent!\n[INFO] skip non existing resourceDirectory /tmp/eval-dev-quality2341968747/plain/src/main/resources\n[INFO] \n[INFO] --- compiler:3.10.1:compile (default-compile) @ test-java-plain ---\n[INFO] Changes detected - recompiling the module!\n[WARNING] File encoding has not been set, using platform encoding UTF-8, i.e. build is platform dependent!\n[INFO] Compiling 1 source file to /tmp/eval-dev-quality2341968747/plain/target/classes\n[INFO] \n[INFO] --- resources:3.3.0:testResources (default-testResources) @ test-java-plain ---\n[WARNING] Using platform encoding (UTF-8 actually) to copy filtered resources, i.e. build is platform dependent!\n[INFO] skip non existing resourceDirectory /tmp/eval-dev-quality2341968747/plain/src/test/resources\n[INFO] \n[INFO] --- compiler:3.10.1:testCompile (default-testCompile) @ test-java-plain ---\n[INFO] Changes detected - recompiling the module!\n[WARNING] File encoding has not been set, using platform encoding UTF-8, i.e. build is platform dependent!\n[INFO] Compiling 1 source file to /tmp/eval-dev-quality2341968747/plain/target/test-classes\n[INFO] \n[INFO] --- clover:4.5.2:setup (default-cli) @ test-java-plain ---\n[INFO] OpenClover Version 4.5.2, built on 2024-01-31\n[INFO] Creating new database at '/tmp/eval-dev-quality2341968747/plain/target/clover/clover.db'.\n[INFO] Processing files at JAVA_11 source level.\n[INFO] Clover all over. Instrumented 1 file (1 package).\n[INFO] OpenClover Version 4.5.2, built on 2024-01-31\n[INFO] Updating existing database at '/tmp/eval-dev-quality2341968747/plain/target/clover/clover.db'.\n[INFO] Processing files at JAVA_11 source level.\n[INFO] Clover all over. Instrumented 1 file (1 package).\n[INFO] 2 test methods detected.\n[INFO] \n[INFO] --- resources:3.3.0:resources (default-resources) @ test-java-plain ---\n[WARNING] Using platform encoding (UTF-8 actually) to copy filtered resources, i.e. build is platform dependent!\n[INFO] skip non existing resourceDirectory /tmp/eval-dev-quality2341968747/plain/src/main/resources\n[INFO] Copying 1 resource\n[INFO] \n[INFO] --- compiler:3.10.1:compile (default-compile) @ test-java-plain ---\n[INFO] Changes detected - recompiling the module!\n[WARNING] File encoding has not been set, using platform encoding UTF-8, i.e. build is platform dependent!\n[INFO] Compiling 1 source file to /tmp/eval-dev-quality2341968747/plain/target/classes\n[INFO] \n[INFO] --- resources:3.3.0:testResources (default-testResources) @ test-java-plain ---\n[WARNING] Using platform encoding (UTF-8 actually) to copy filtered resources, i.e. build is platform dependent!\n[INFO] skip non existing resourceDirectory /tmp/eval-dev-quality2341968747/plain/src/test/resources\n[INFO] \n[INFO] --- compiler:3.10.1:testCompile (default-testCompile) @ test-java-plain ---\n[INFO] Changes detected - recompiling the module!\n[WARNING] File encoding has not been set, using platform encoding UTF-8, i.e. build is platform dependent!\n[INFO] Compiling 1 source file to /tmp/eval-dev-quality2341968747/plain/target/test-classes\n[INFO] \n[INFO] --- surefire:3.2.5:test (default-test) @ test-java-plain ---\n[INFO] Using auto detected provider org.apache.maven.surefire.junitplatform.JUnitPlatformProvider\n[INFO] \n[INFO] -------------------------------------------------------\n[INFO]  T E S T S\n[INFO] -------------------------------------------------------\n[INFO] Running PlainTest\n[ERROR] Tests run: 3, Failures: 3, Errors: 0, Skipped: 0, Time elapsed: 0.137 s <<< FAILURE! -- in PlainTest\n[ERROR] PlainTest.testPlain -- Time elapsed: 0.047 s <<< FAILURE!\norg.opentest4j.AssertionFailedError: expected: <Plain method has been called.> but was: <>\n\tat org.junit.jupiter.api.AssertionUtils.fail(AssertionUtils.java:55)\n\tat org.junit.jupiter.api.AssertionUtils.failNotEqual(AssertionUtils.java:62)\n\tat org.junit.jupiter.api.AssertEquals.assertEquals(AssertEquals.java:182)\n\tat org.junit.jupiter.api.AssertEquals.assertEquals(AssertEquals.java:177)\n\tat org.junit.jupiter.api.Assertions.assertEquals(Assertions.java:1141)\n\tat PlainTest.__CLR4_5_26fmtun1(PlainTest.java:10)\n\tat PlainTest.testPlain(PlainTest.java:9)\n\tat java.base/jdk.internal.reflect.NativeMethodAccessorImpl.invoke0(Native Method)\n\tat java.base/jdk.internal.reflect.NativeMethodAccessorImpl.invoke(NativeMethodAccessorImpl.java:62)\n\tat java.base/jdk.internal.reflect.DelegatingMethodAccessorImpl.invoke(DelegatingMethodAccessorImpl.java:43)\n\tat java.base/java.lang.reflect.Method.invoke(Method.java:566)\n\tat org.junit.platform.commons.util.ReflectionUtils.invokeMethod(ReflectionUtils.java:725)\n\tat org.junit.jupiter.engine.execution.MethodInvocation.proceed(MethodInvocation.java:60)\n\tat org.junit.jupiter.engine.execution.InvocationInterceptorChain$ValidatingInvocation.proceed(InvocationInterceptorChain.java:131)\n\tat org.junit.jupiter.engine.extension.TimeoutExtension.intercept(TimeoutExtension.java:149)\n\tat org.junit.jupiter.engine.extension.TimeoutExtension.interceptTestableMethod(TimeoutExtension.java:140)\n\tat org.junit.jupiter.engine.extension.TimeoutExtension.interceptTestMethod(TimeoutExtension.java:84)\n\tat org.junit.jupiter.engine.execution.ExecutableInvoker$ReflectiveInterceptorCall.lambda$ofVoidMethod$0(ExecutableInvoker.java:115)\n\tat org.junit.jupiter.engine.execution.ExecutableInvoker.lambda$invoke$0(ExecutableInvoker.java:105)\n\tat org.junit.jupiter.engine.execution.InvocationInterceptorChain$InterceptedInvocation.proceed(InvocationInterceptorChain.java:106)\n\tat org.junit.jupiter.engine.execution.InvocationInterceptorChain.proceed(InvocationInterceptorChain.java:64)\n\tat org.junit.jupiter.engine.execution.InvocationInterceptorChain.chainAndInvoke(InvocationInterceptorChain.java:45)\n\tat org.junit.jupiter.engine.execution.InvocationInterceptorChain.invoke(InvocationInterceptorChain.java:37)\n\tat org.junit.jupiter.engine.execution.ExecutableInvoker.invoke(ExecutableInvoker.java:104)\n\tat org.junit.jupiter.engine.execution.ExecutableInvoker.invoke(ExecutableInvoker.java:98)\n\tat org.junit.jupiter.engine.descriptor.TestMethodTestDescriptor.lambda$invokeTestMethod$7(TestMethodTestDescriptor.java:214)\n\tat org.junit.platform.engine.support.hierarchical.ThrowableCollector.execute(ThrowableCollector.java:73)\n\tat org.junit.jupiter.engine.descriptor.TestMethodTestDescriptor.invokeTestMethod(TestMethodTestDescriptor.java:210)\n\tat org.junit.jupiter.engine.descriptor.TestMethodTestDescriptor.execute(TestMethodTestDescriptor.java:135)\n\tat org.junit.jupiter.engine.descriptor.TestMethodTestDescriptor.execute(TestMethodTestDescriptor.java:66)\n\tat org.junit.platform.engine.support.hierarchical.NodeTestTask.lambda$executeRecursively$6(NodeTestTask.java:151)\n\tat org.junit.platform.engine.support.hierarchical.ThrowableCollector.execute(ThrowableCollector.java:73)\n\tat org.junit.platform.engine.support.hierarchical.NodeTestTask.lambda$executeRecursively$8(NodeTestTask.java:141)\n\tat org.junit.platform.engine.support.hierarchical.Node.around(Node.java:137)\n\tat org.junit.platform.engine.support.hierarchical.NodeTestTask.lambda$executeRecursively$9(NodeTestTask.java:139)\n\tat org.junit.platform.engine.support.hierarchical.ThrowableCollector.execute(ThrowableCollector.java:73)\n\tat org.junit.platform.engine.support.hierarchical.NodeTestTask.executeRecursively(NodeTestTask.java:138)\n\tat org.junit.platform.engine.support.hierarchical.NodeTestTask.execute(NodeTestTask.java:95)\n\tat java.base/java.util.ArrayList.forEach(ArrayList.java:1541)\n\tat org.junit.platform.engine.support.hierarchical.SameThreadHierarchicalTestExecutorService.invokeAll(SameThreadHierarchicalTestExecutorService.java:41)\n\tat org.junit.platform.engine.support.hierarchical.NodeTestTask.lambda$executeRecursively$6(NodeTestTask.java:155)\n\tat org.junit.platform.engine.support.hierarchical.ThrowableCollector.execute(ThrowableCollector.java:73)\n\tat org.junit.platform.engine.support.hierarchical.NodeTestTask.lambda$executeRecursively$8(NodeTestTask.java:141)\n\tat org.junit.platform.engine.support.hierarchical.Node.around(Node.java:137)\n\tat org.junit.platform.engine.support.hierarchical.NodeTestTask.lambda$executeRecursively$9(NodeTestTask.java:139)\n\tat org.junit.platform.engine.support.hierarchical.ThrowableCollector.execute(ThrowableCollector.java:73)\n\tat org.junit.platform.engine.support.hierarchical.NodeTestTask.executeRecursively(NodeTestTask.java:138)\n\tat org.junit.platform.engine.support.hierarchical.NodeTestTask.execute(NodeTestTask.java:95)\n\tat java.base/java.util.ArrayList.forEach(ArrayList.java:1541)\n\tat org.junit.platform.engine.support.hierarchical.SameThreadHierarchicalTestExecutorService.invokeAll(SameThreadHierarchicalTestExecutorService.java:41)\n\tat org.junit.platform.engine.support.hierarchical.NodeTestTask.lambda$executeRecursively$6(NodeTestTask.java:155)\n\tat org.junit.platform.engine.support.hierarchical.ThrowableCollector.execute(ThrowableCollector.java:73)\n\tat org.junit.platform.engine.support.hierarchical.NodeTestTask.lambda$executeRecursively$8(NodeTestTask.java:141)\n\tat org.junit.platform.engine.support.hierarchical.Node.around(Node.java:137)\n\tat org.junit.platform.engine.support.hierarchical.NodeTestTask.lambda$executeRecursively$9(NodeTestTask.java:139)\n\tat org.junit.platform.engine.support.hierarchical.ThrowableCollector.execute(ThrowableCollector.java:73)\n\tat org.junit.platform.engine.support.hierarchical.NodeTestTask.executeRecursively(NodeTestTask.java:138)\n\tat org.junit.platform.engine.support.hierarchical.NodeTestTask.execute(NodeTestTask.java:95)\n\tat org.junit.platform.engine.support.hierarchical.SameThreadHierarchicalTestExecutorService.submit(SameThreadHierarchicalTestExecutorService.java:35)\n\tat org.junit.platform.engine.support.hierarchical.HierarchicalTestExecutor.execute(HierarchicalTestExecutor.java:57)\n\tat org.junit.platform.engine.support.hierarchical.HierarchicalTestEngine.execute(HierarchicalTestEngine.java:54)\n\tat org.junit.platform.launcher.core.EngineExecutionOrchestrator.execute(EngineExecutionOrchestrator.java:107)\n\tat org.junit.platform.launcher.core.EngineExecutionOrchestrator.execute(EngineExecutionOrchestrator.java:88)\n\tat org.junit.platform.launcher.core.EngineExecutionOrchestrator.lambda$execute$0(EngineExecutionOrchestrator.java:54)\n\tat org.junit.platform.launcher.core.EngineExecutionOrchestrator.withInterceptedStreams(EngineExecutionOrchestrator.java:67)\n\tat org.junit.platform.launcher.core.EngineExecutionOrchestrator.execute(EngineExecutionOrchestrator.java:52)\n\tat org.junit.platform.launcher.core.DefaultLauncher.execute(DefaultLauncher.java:114)\n\tat org.junit.platform.launcher.core.DefaultLauncher.execute(DefaultLauncher.java:86)\n\tat org.junit.platform.launcher.core.DefaultLauncherSession$DelegatingLauncher.execute(DefaultLauncherSession.java:86)\n\tat org.apache.maven.surefire.junitplatform.LazyLauncher.execute(LazyLauncher.java:56)\n\tat org.apache.maven.surefire.junitplatform.JUnitPlatformProvider.execute(JUnitPlatformProvider.java:184)\n\tat org.apache.maven.surefire.junitplatform.JUnitPlatformProvider.invokeAllTests(JUnitPlatformProvider.java:148)\n\tat org.apache.maven.surefire.junitplatform.JUnitPlatformProvider.invoke(JUnitPlatformProvider.java:122)\n\tat org.apache.maven.surefire.booter.ForkedBooter.runSuitesInProcess(ForkedBooter.java:385)\n\tat org.apache.maven.surefire.booter.ForkedBooter.execute(ForkedBooter.java:162)\n\tat org.apache.maven.surefire.booter.ForkedBooter.run(ForkedBooter.java:507)\n\tat org.apache.maven.surefire.booter.ForkedBooter.main(ForkedBooter.java:495)\n\n[ERROR] PlainTest.testPlainWithArguments(String)[1] -- Time elapsed: 0.029 s <<< FAILURE!\norg.opentest4j.AssertionFailedError: expected: <Plain method with argument \"\".> but was: <>\n\tat org.junit.jupiter.api.AssertionUtils.fail(AssertionUtils.java:55)\n\tat org.junit.jupiter.api.AssertionUtils.failNotEqual(AssertionUtils.java:62)\n\tat org.junit.jupiter.api.AssertEquals.assertEquals(AssertEquals.java:182)\n\tat org.junit.jupiter.api.AssertEquals.assertEquals(AssertEquals.java:177)\n\tat org.junit.jupiter.api.Assertions.assertEquals(Assertions.java:1141)\n\tat PlainTest.__CLR4_5_2t60i7m3(PlainTest.java:15)\n\tat PlainTest.testPlainWithArguments(PlainTest.java:14)\n\tat java.base/jdk.internal.reflect.NativeMethodAccessorImpl.invoke0(Native Method)\n\tat java.base/jdk.internal.reflect.NativeMethodAccessorImpl.invoke(NativeMethodAccessorImpl.java:62)\n\tat java.base/jdk.internal.reflect.DelegatingMethodAccessorImpl.invoke(DelegatingMethodAccessorImpl.java:43)\n\tat java.base/java.lang.reflect.Method.invoke(Method.java:566)\n\tat org.junit.platform.commons.util.ReflectionUtils.invokeMethod(ReflectionUtils.java:725)\n\tat org.junit.jupiter.engine.execution.MethodInvocation.proceed(MethodInvocation.java:60)\n\tat org.junit.jupiter.engine.execution.InvocationInterceptorChain$ValidatingInvocation.proceed(InvocationInterceptorChain.java:131)\n\tat org.junit.jupiter.engine.extension.TimeoutExtension.intercept(TimeoutExtension.java:149)\n\tat org.junit.jupiter.engine.extension.TimeoutExtension.interceptTestableMethod(TimeoutExtension.java:140)\n\tat org.junit.jupiter.engine.extension.TimeoutExtension.interceptTestTemplateMethod(TimeoutExtension.java:92)\n\tat org.junit.jupiter.engine.execution.ExecutableInvoker$ReflectiveInterceptorCall.lambda$ofVoidMethod$0(ExecutableInvoker.java:115)\n\tat org.junit.jupiter.engine.execution.ExecutableInvoker.lambda$invoke$0(ExecutableInvoker.java:105)\n\tat org.junit.jupiter.engine.execution.InvocationInterceptorChain$InterceptedInvocation.proceed(InvocationInterceptorChain.java:106)\n\tat org.junit.jupiter.engine.execution.InvocationInterceptorChain.proceed(InvocationInterceptorChain.java:64)\n\tat org.junit.jupiter.engine.execution.InvocationInterceptorChain.chainAndInvoke(InvocationInterceptorChain.java:45)\n\tat org.junit.jupiter.engine.execution.InvocationInterceptorChain.invoke(InvocationInterceptorChain.java:37)\n\tat org.junit.jupiter.engine.execution.ExecutableInvoker.invoke(ExecutableInvoker.java:104)\n\tat org.junit.jupiter.engine.execution.ExecutableInvoker.invoke(ExecutableInvoker.java:98)\n\tat org.junit.jupiter.engine.descriptor.TestMethodTestDescriptor.lambda$invokeTestMethod$7(TestMethodTestDescriptor.java:214)\n\tat org.junit.platform.engine.support.hierarchical.ThrowableCollector.execute(ThrowableCollector.java:73)\n\tat org.junit.jupiter.engine.descriptor.TestMethodTestDescriptor.invokeTestMethod(TestMethodTestDescriptor.java:210)\n\tat org.junit.jupiter.engine.descriptor.TestMethodTestDescriptor.execute(TestMethodTestDescriptor.java:135)\n\tat org.junit.jupiter.engine.descriptor.TestMethodTestDescriptor.execute(TestMethodTestDescriptor.java:66)\n\tat org.junit.platform.engine.support.hierarchical.NodeTestTask.lambda$executeRecursively$6(NodeTestTask.java:151)\n\tat org.junit.platform.engine.support.hierarchical.ThrowableCollector.execute(ThrowableCollector.java:73)\n\tat org.junit.platform.engine.support.hierarchical.NodeTestTask.lambda$executeRecursively$8(NodeTestTask.java:141)\n\tat org.junit.platform.engine.support.hierarchical.Node.around(Node.java:137)\n\tat org.junit.platform.engine.support.hierarchical.NodeTestTask.lambda$executeRecursively$9(NodeTestTask.java:139)\n\tat org.junit.platform.engine.support.hierarchical.ThrowableCollector.execute(ThrowableCollector.java:73)\n\tat org.junit.platform.engine.support.hierarchical.NodeTestTask.executeRecursively(NodeTestTask.java:138)\n\tat org.junit.platform.engine.support.hierarchical.NodeTestTask.execute(NodeTestTask.java:95)\n\tat org.junit.platform.engine.support.hierarchical.SameThreadHierarchicalTestExecutorService.submit(SameThreadHierarchicalTestExecutorService.java:35)\n\tat org.junit.platform.engine.support.hierarchical.NodeTestTask$DefaultDynamicTestExecutor.execute(NodeTestTask.java:226)\n\tat org.junit.platform.engine.support.hierarchical.NodeTestTask$DefaultDynamicTestExecutor.execute(NodeTestTask.java:204)\n\tat org.junit.jupiter.engine.descriptor.TestTemplateTestDescriptor.execute(TestTemplateTestDescriptor.java:139)\n\tat org.junit.jupiter.engine.descriptor.TestTemplateTestDescriptor.lambda$execute$2(TestTemplateTestDescriptor.java:107)\n\tat java.base/java.util.stream.ForEachOps$ForEachOp$OfRef.accept(ForEachOps.java:183)\n\tat java.base/java.util.stream.ReferencePipeline$3$1.accept(ReferencePipeline.java:195)\n\tat java.base/java.util.stream.ReferencePipeline$2$1.accept(ReferencePipeline.java:177)\n\tat java.base/java.util.stream.ReferencePipeline$3$1.accept(ReferencePipeline.java:195)\n\tat java.base/java.util.stream.ForEachOps$ForEachOp$OfRef.accept(ForEachOps.java:183)\n\tat java.base/java.util.stream.ReferencePipeline$3$1.accept(ReferencePipeline.java:195)\n\tat java.base/java.util.stream.ReferencePipeline$3$1.accept(ReferencePipeline.java:195)\n\tat java.base/java.util.stream.ReferencePipeline$3$1.accept(ReferencePipeline.java:195)\n\tat java.base/java.util.stream.ForEachOps$ForEachOp$OfRef.accept(ForEachOps.java:183)\n\tat java.base/java.util.stream.ReferencePipeline$3$1.accept(ReferencePipeline.java:195)\n\tat java.base/java.util.Spliterators$ArraySpliterator.forEachRemaining(Spliterators.java:948)\n\tat java.base/java.util.stream.AbstractPipeline.copyInto(AbstractPipeline.java:484)\n\tat java.base/java.util.stream.AbstractPipeline.wrapAndCopyInto(AbstractPipeline.java:474)\n\tat java.base/java.util.stream.ForEachOps$ForEachOp.evaluateSequential(ForEachOps.java:150)\n\tat java.base/java.util.stream.ForEachOps$ForEachOp$OfRef.evaluateSequential(ForEachOps.java:173)\n\tat java.base/java.util.stream.AbstractPipeline.evaluate(AbstractPipeline.java:234)\n\tat java.base/java.util.stream.ReferencePipeline.forEach(ReferencePipeline.java:497)\n\tat java.base/java.util.stream.ReferencePipeline$7$1.accept(ReferencePipeline.java:274)\n\tat java.base/java.util.stream.ReferencePipeline$3$1.accept(ReferencePipeline.java:195)\n\tat java.base/java.util.stream.ReferencePipeline$3$1.accept(ReferencePipeline.java:195)\n\tat java.base/java.util.stream.ReferencePipeline$3$1.accept(ReferencePipeline.java:195)\n\tat java.base/java.util.ArrayList$ArrayListSpliterator.forEachRemaining(ArrayList.java:1655)\n\tat java.base/java.util.stream.AbstractPipeline.copyInto(AbstractPipeline.java:484)\n\tat java.base/java.util.stream.AbstractPipeline.wrapAndCopyInto(AbstractPipeline.java:474)\n\tat java.base/java.util.stream.ForEachOps$ForEachOp.evaluateSequential(ForEachOps.java:150)\n\tat java.base/java.util.stream.ForEachOps$ForEachOp$OfRef.evaluateSequential(ForEachOps.java:173)\n\tat java.base/java.util.stream.AbstractPipeline.evaluate(AbstractPipeline.java:234)\n\tat java.base/java.util.stream.ReferencePipeline.forEach(ReferencePipeline.java:497)\n\tat java.base/java.util.stream.ReferencePipeline$7$1.accept(ReferencePipeline.java:274)\n\tat java.base/java.util.ArrayList$ArrayListSpliterator.forEachRemaining(ArrayList.java:1655)\n\tat java.base/java.util.stream.AbstractPipeline.copyInto(AbstractPipeline.java:484)\n\tat java.base/java.util.stream.AbstractPipeline.wrapAndCopyInto(AbstractPipeline.java:474)\n\tat java.base/java.util.stream.ForEachOps$ForEachOp.evaluateSequential(ForEachOps.java:150)\n\tat java.base/java.util.stream.ForEachOps$ForEachOp$OfRef.evaluateSequential(ForEachOps.java:173)\n\tat java.base/java.util.stream.AbstractPipeline.evaluate(AbstractPipeline.java:234)\n\tat java.base/java.util.stream.ReferencePipeline.forEach(ReferencePipeline.java:497)\n\tat org.junit.jupiter.engine.descriptor.TestTemplateTestDescriptor.execute(TestTemplateTestDescriptor.java:107)\n\tat org.junit.jupiter.engine.descriptor.TestTemplateTestDescriptor.execute(TestTemplateTestDescriptor.java:42)\n\tat org.junit.platform.engine.support.hierarchical.NodeTestTask.lambda$executeRecursively$6(NodeTestTask.java:151)\n\tat org.junit.platform.engine.support.hierarchical.ThrowableCollector.execute(ThrowableCollector.java:73)\n\tat org.junit.platform.engine.support.hierarchical.NodeTestTask.lambda$executeRecursively$8(NodeTestTask.java:141)\n\tat org.junit.platform.engine.support.hierarchical.Node.around(Node.java:137)\n\tat org.junit.platform.engine.support.hierarchical.NodeTestTask.lambda$executeRecursively$9(NodeTestTask.java:139)\n\tat org.junit.platform.engine.support.hierarchical.ThrowableCollector.execute(ThrowableCollector.java:73)\n\tat org.junit.platform.engine.support.hierarchical.NodeTestTask.executeRecursively(NodeTestTask.java:138)\n\tat org.junit.platform.engine.support.hierarchical.NodeTestTask.execute(NodeTestTask.java:95)\n\tat java.base/java.util.ArrayList.forEach(ArrayList.java:1541)\n\tat org.junit.platform.engine.support.hierarchical.SameThreadHierarchicalTestExecutorService.invokeAll(SameThreadHierarchicalTestExecutorService.java:41)\n\tat org.junit.platform.engine.support.hierarchical.NodeTestTask.lambda$executeRecursively$6(NodeTestTask.java:155)\n\tat org.junit.platform.engine.support.hierarchical.ThrowableCollector.execute(ThrowableCollector.java:73)\n\tat org.junit.platform.engine.support.hierarchical.NodeTestTask.lambda$executeRecursively$8(NodeTestTask.java:141)\n\tat org.junit.platform.engine.support.hierarchical.Node.around(Node.java:137)\n\tat org.junit.platform.engine.support.hierarchical.NodeTestTask.lambda$executeRecursively$9(NodeTestTask.java:139)\n\tat org.junit.platform.engine.support.hierarchical.ThrowableCollector.execute(ThrowableCollector.java:73)\n\tat org.junit.platform.engine.support.hierarchical.NodeTestTask.executeRecursively(NodeTestTask.java:138)\n\tat org.junit.platform.engine.support.hierarchical.NodeTestTask.execute(NodeTestTask.java:95)\n\tat java.base/java.util.ArrayList.forEach(ArrayList.java:1541)\n\tat org.junit.platform.engine.support.hierarchical.SameThreadHierarchicalTestExecutorService.invokeAll(SameThreadHierarchicalTestExecutorService.java:41)\n\tat org.junit.platform.engine.support.hierarchical.NodeTestTask.lambda$executeRecursively$6(NodeTestTask.java:155)\n\tat org.junit.platform.engine.support.hierarchical.ThrowableCollector.execute(ThrowableCollector.java:73)\n\tat org.junit.platform.engine.support.hierarchical.NodeTestTask.lambda$executeRecursively$8(NodeTestTask.java:141)\n\tat org.junit.platform.engine.support.hierarchical.Node.around(Node.java:137)\n\tat org.junit.platform.engine.support.hierarchical.NodeTestTask.lambda$executeRecursively$9(NodeTestTask.java:139)\n\tat org.junit.platform.engine.support.hierarchical.ThrowableCollector.execute(ThrowableCollector.java:73)\n\tat org.junit.platform.engine.support.hierarchical.NodeTestTask.executeRecursively(NodeTestTask.java:138)\n\tat org.junit.platform.engine.support.hierarchical.NodeTestTask.execute(NodeTestTask.java:95)\n\tat org.junit.platform.engine.support.hierarchical.SameThreadHierarchicalTestExecutorService.submit(SameThreadHierarchicalTestExecutorService.java:35)\n\tat org.junit.platform.engine.support.hierarchical.HierarchicalTestExecutor.execute(HierarchicalTestExecutor.java:57)\n\tat org.junit.platform.engine.support.hierarchical.HierarchicalTestEngine.execute(HierarchicalTestEngine.java:54)\n\tat org.junit.platform.launcher.core.EngineExecutionOrchestrator.execute(EngineExecutionOrchestrator.java:107)\n\tat org.junit.platform.launcher.core.EngineExecutionOrchestrator.execute(EngineExecutionOrchestrator.java:88)\n\tat org.junit.platform.launcher.core.EngineExecutionOrchestrator.lambda$execute$0(EngineExecutionOrchestrator.java:54)\n\tat org.junit.platform.launcher.core.EngineExecutionOrchestrator.withInterceptedStreams(EngineExecutionOrchestrator.java:67)\n\tat org.junit.platform.launcher.core.EngineExecutionOrchestrator.execute(EngineExecutionOrchestrator.java:52)\n\tat org.junit.platform.launcher.core.DefaultLauncher.execute(DefaultLauncher.java:114)\n\tat org.junit.platform.launcher.core.DefaultLauncher.execute(DefaultLauncher.java:86)\n\tat org.junit.platform.launcher.core.DefaultLauncherSession$DelegatingLauncher.execute(DefaultLauncherSession.java:86)\n\tat org.apache.maven.surefire.junitplatform.LazyLauncher.execute(LazyLauncher.java:56)\n\tat org.apache.maven.surefire.junitplatform.JUnitPlatformProvider.execute(JUnitPlatformProvider.java:184)\n\tat org.apache.maven.surefire.junitplatform.JUnitPlatformProvider.invokeAllTests(JUnitPlatformProvider.java:148)\n\tat org.apache.maven.surefire.junitplatform.JUnitPlatformProvider.invoke(JUnitPlatformProvider.java:122)\n\tat org.apache.maven.surefire.booter.ForkedBooter.runSuitesInProcess(ForkedBooter.java:385)\n\tat org.apache.maven.surefire.booter.ForkedBooter.execute(ForkedBooter.java:162)\n\tat org.apache.maven.surefire.booter.ForkedBooter.run(ForkedBooter.java:507)\n\tat org.apache.maven.surefire.booter.ForkedBooter.main(ForkedBooter.java:495)\n\n[ERROR] PlainTest.testPlainWithArguments(String)[2] -- Time elapsed: 0.005 s <<< FAILURE!\norg.opentest4j.AssertionFailedError: expected: <Plain method with argument \"Hello, World!\".> but was: <>\n\tat org.junit.jupiter.api.AssertionUtils.fail(AssertionUtils.java:55)\n\tat org.junit.jupiter.api.AssertionUtils.failNotEqual(AssertionUtils.java:62)\n\tat org.junit.jupiter.api.AssertEquals.assertEquals(AssertEquals.java:182)\n\tat org.junit.jupiter.api.AssertEquals.assertEquals(AssertEquals.java:177)\n\tat org.junit.jupiter.api.Assertions.assertEquals(Assertions.java:1141)\n\tat PlainTest.__CLR4_5_2t60i7m3(PlainTest.java:15)\n\tat PlainTest.testPlainWithArguments(PlainTest.java:14)\n\tat java.base/jdk.internal.reflect.NativeMethodAccessorImpl.invoke0(Native Method)\n\tat java.base/jdk.internal.reflect.NativeMethodAccessorImpl.invoke(NativeMethodAccessorImpl.java:62)\n\tat java.base/jdk.internal.reflect.DelegatingMethodAccessorImpl.invoke(DelegatingMethodAccessorImpl.java:43)\n\tat java.base/java.lang.reflect.Method.invoke(Method.java:566)\n\tat org.junit.platform.commons.util.ReflectionUtils.invokeMethod(ReflectionUtils.java:725)\n\tat org.junit.jupiter.engine.execution.MethodInvocation.proceed(MethodInvocation.java:60)\n\tat org.junit.jupiter.engine.execution.InvocationInterceptorChain$ValidatingInvocation.proceed(InvocationInterceptorChain.java:131)\n\tat org.junit.jupiter.engine.extension.TimeoutExtension.intercept(TimeoutExtension.java:149)\n\tat org.junit.jupiter.engine.extension.TimeoutExtension.interceptTestableMethod(TimeoutExtension.java:140)\n\tat org.junit.jupiter.engine.extension.TimeoutExtension.interceptTestTemplateMethod(TimeoutExtension.java:92)\n\tat org.junit.jupiter.engine.execution.ExecutableInvoker$ReflectiveInterceptorCall.lambda$ofVoidMethod$0(ExecutableInvoker.java:115)\n\tat org.junit.jupiter.engine.execution.ExecutableInvoker.lambda$invoke$0(ExecutableInvoker.java:105)\n\tat org.junit.jupiter.engine.execution.InvocationInterceptorChain$InterceptedInvocation.proceed(InvocationInterceptorChain.java:106)\n\tat org.junit.jupiter.engine.execution.InvocationInterceptorChain.proceed(InvocationInterceptorChain.java:64)\n\tat org.junit.jupiter.engine.execution.InvocationInterceptorChain.chainAndInvoke(InvocationInterceptorChain.java:45)\n\tat org.junit.jupiter.engine.execution.InvocationInterceptorChain.invoke(InvocationInterceptorChain.java:37)\n\tat org.junit.jupiter.engine.execution.ExecutableInvoker.invoke(ExecutableInvoker.java:104)\n\tat org.junit.jupiter.engine.execution.ExecutableInvoker.invoke(ExecutableInvoker.java:98)\n\tat org.junit.jupiter.engine.descriptor.TestMethodTestDescriptor.lambda$invokeTestMethod$7(TestMethodTestDescriptor.java:214)\n\tat org.junit.platform.engine.support.hierarchical.ThrowableCollector.execute(ThrowableCollector.java:73)\n\tat org.junit.jupiter.engine.descriptor.TestMethodTestDescriptor.invokeTestMethod(TestMethodTestDescriptor.java:210)\n\tat org.junit.jupiter.engine.descriptor.TestMethodTestDescriptor.execute(TestMethodTestDescriptor.java:135)\n\tat org.junit.jupiter.engine.descriptor.TestMethodTestDescriptor.execute(TestMethodTestDescriptor.java:66)\n\tat org.junit.platform.engine.support.hierarchical.NodeTestTask.lambda$executeRecursively$6(NodeTestTask.java:151)\n\tat org.junit.platform.engine.support.hierarchical.ThrowableCollector.execute(ThrowableCollector.java:73)\n\tat org.junit.platform.engine.support.hierarchical.NodeTestTask.lambda$executeRecursively$8(NodeTestTask.java:141)\n\tat org.junit.platform.engine.support.hierarchical.Node.around(Node.java:137)\n\tat org.junit.platform.engine.support.hierarchical.NodeTestTask.lambda$executeRecursively$9(NodeTestTask.java:139)\n\tat org.junit.platform.engine.support.hierarchical.ThrowableCollector.execute(ThrowableCollector.java:73)\n\tat org.junit.platform.engine.support.hierarchical.NodeTestTask.executeRecursively(NodeTestTask.java:138)\n\tat org.junit.platform.engine.support.hierarchical.NodeTestTask.execute(NodeTestTask.java:95)\n\tat org.junit.platform.engine.support.hierarchical.SameThreadHierarchicalTestExecutorService.submit(SameThreadHierarchicalTestExecutorService.java:35)\n\tat org.junit.platform.engine.support.hierarchical.NodeTestTask$DefaultDynamicTestExecutor.execute(NodeTestTask.java:226)\n\tat org.junit.platform.engine.support.hierarchical.NodeTestTask$DefaultDynamicTestExecutor.execute(NodeTestTask.java:204)\n\tat org.junit.jupiter.engine.descriptor.TestTemplateTestDescriptor.execute(TestTemplateTestDescriptor.java:139)\n\tat org.junit.jupiter.engine.descriptor.TestTemplateTestDescriptor.lambda$execute$2(TestTemplateTestDescriptor.java:107)\n\tat java.base/java.util.stream.ForEachOps$ForEachOp$OfRef.accept(ForEachOps.java:183)\n\tat java.base/java.util.stream.ReferencePipeline$3$1.accept(ReferencePipeline.java:195)\n\tat java.base/java.util.stream.ReferencePipeline$2$1.accept(ReferencePipeline.java:177)\n\tat java.base/java.util.stream.ReferencePipeline$3$1.accept(ReferencePipeline.java:195)\n\tat java.base/java.util.stream.ForEachOps$ForEachOp$OfRef.accept(ForEachOps.java:183)\n\tat java.base/java.util.stream.ReferencePipeline$3$1.accept(ReferencePipeline.java:195)\n\tat java.base/java.util.stream.ReferencePipeline$3$1.accept(ReferencePipeline.java:195)\n\tat java.base/java.util.stream.ReferencePipeline$3$1.accept(ReferencePipeline.java:195)\n\tat java.base/java.util.stream.ForEachOps$ForEachOp$OfRef.accept(ForEachOps.java:183)\n\tat java.base/java.util.stream.ReferencePipeline$3$1.accept(ReferencePipeline.java:195)\n\tat java.base/java.util.Spliterators$ArraySpliterator.forEachRemaining(Spliterators.java:948)\n\tat java.base/java.util.stream.AbstractPipeline.copyInto(AbstractPipeline.java:484)\n\tat java.base/java.util.stream.AbstractPipeline.wrapAndCopyInto(AbstractPipeline.java:474)\n\tat java.base/java.util.stream.ForEachOps$ForEachOp.evaluateSequential(ForEachOps.java:150)\n\tat java.base/java.util.stream.ForEachOps$ForEachOp$OfRef.evaluateSequential(ForEachOps.java:173)\n\tat java.base/java.util.stream.AbstractPipeline.evaluate(AbstractPipeline.java:234)\n\tat java.base/java.util.stream.ReferencePipeline.forEach(ReferencePipeline.java:497)\n\tat java.base/java.util.stream.ReferencePipeline$7$1.accept(ReferencePipeline.java:274)\n\tat java.base/java.util.stream.ReferencePipeline$3$1.accept(ReferencePipeline.java:195)\n\tat java.base/java.util.stream.ReferencePipeline$3$1.accept(ReferencePipeline.java:195)\n\tat java.base/java.util.stream.ReferencePipeline$3$1.accept(ReferencePipeline.java:195)\n\tat java.base/java.util.ArrayList$ArrayListSpliterator.forEachRemaining(ArrayList.java:1655)\n\tat java.base/java.util.stream.AbstractPipeline.copyInto(AbstractPipeline.java:484)\n\tat java.base/java.util.stream.AbstractPipeline.wrapAndCopyInto(AbstractPipeline.java:474)\n\tat java.base/java.util.stream.ForEachOps$ForEachOp.evaluateSequential(ForEachOps.java:150)\n\tat java.base/java.util.stream.ForEachOps$ForEachOp$OfRef.evaluateSequential(ForEachOps.java:173)\n\tat java.base/java.util.stream.AbstractPipeline.evaluate(AbstractPipeline.java:234)\n\tat java.base/java.util.stream.ReferencePipeline.forEach(ReferencePipeline.java:497)\n\tat java.base/java.util.stream.ReferencePipeline$7$1.accept(ReferencePipeline.java:274)\n\tat java.base/java.util.ArrayList$ArrayListSpliterator.forEachRemaining(ArrayList.java:1655)\n\tat java.base/java.util.stream.AbstractPipeline.copyInto(AbstractPipeline.java:484)\n\tat java.base/java.util.stream.AbstractPipeline.wrapAndCopyInto(AbstractPipeline.java:474)\n\tat java.base/java.util.stream.ForEachOps$ForEachOp.evaluateSequential(ForEachOps.java:150)\n\tat java.base/java.util.stream.ForEachOps$ForEachOp$OfRef.evaluateSequential(ForEachOps.java:173)\n\tat java.base/java.util.stream.AbstractPipeline.evaluate(AbstractPipeline.java:234)\n\tat java.base/java.util.stream.ReferencePipeline.forEach(ReferencePipeline.java:497)\n\tat org.junit.jupiter.engine.descriptor.TestTemplateTestDescriptor.execute(TestTemplateTestDescriptor.java:107)\n\tat org.junit.jupiter.engine.descriptor.TestTemplateTestDescriptor.execute(TestTemplateTestDescriptor.java:42)\n\tat org.junit.platform.engine.support.hierarchical.NodeTestTask.lambda$executeRecursively$6(NodeTestTask.java:151)\n\tat org.junit.platform.engine.support.hierarchical.ThrowableCollector.execute(ThrowableCollector.java:73)\n\tat org.junit.platform.engine.support.hierarchical.NodeTestTask.lambda$executeRecursively$8(NodeTestTask.java:141)\n\tat org.junit.platform.engine.support.hierarchical.Node.around(Node.java:137)\n\tat org.junit.platform.engine.support.hierarchical.NodeTestTask.lambda$executeRecursively$9(NodeTestTask.java:139)\n\tat org.junit.platform.engine.support.hierarchical.ThrowableCollector.execute(ThrowableCollector.java:73)\n\tat org.junit.platform.engine.support.hierarchical.NodeTestTask.executeRecursively(NodeTestTask.java:138)\n\tat org.junit.platform.engine.support.hierarchical.NodeTestTask.execute(NodeTestTask.java:95)\n\tat java.base/java.util.ArrayList.forEach(ArrayList.java:1541)\n\tat org.junit.platform.engine.support.hierarchical.SameThreadHierarchicalTestExecutorService.invokeAll(SameThreadHierarchicalTestExecutorService.java:41)\n\tat org.junit.platform.engine.support.hierarchical.NodeTestTask.lambda$executeRecursively$6(NodeTestTask.java:155)\n\tat org.junit.platform.engine.support.hierarchical.ThrowableCollector.execute(ThrowableCollector.java:73)\n\tat org.junit.platform.engine.support.hierarchical.NodeTestTask.lambda$executeRecursively$8(NodeTestTask.java:141)\n\tat org.junit.platform.engine.support.hierarchical.Node.around(Node.java:137)\n\tat org.junit.platform.engine.support.hierarchical.NodeTestTask.lambda$executeRecursively$9(NodeTestTask.java:139)\n\tat org.junit.platform.engine.support.hierarchical.ThrowableCollector.execute(ThrowableCollector.java:73)\n\tat org.junit.platform.engine.support.hierarchical.NodeTestTask.executeRecursively(NodeTestTask.java:138)\n\tat org.junit.platform.engine.support.hierarchical.NodeTestTask.execute(NodeTestTask.java:95)\n\tat java.base/java.util.ArrayList.forEach(ArrayList.java:1541)\n\tat org.junit.platform.engine.support.hierarchical.SameThreadHierarchicalTestExecutorService.invokeAll(SameThreadHierarchicalTestExecutorService.java:41)\n\tat org.junit.platform.engine.support.hierarchical.NodeTestTask.lambda$executeRecursively$6(NodeTestTask.java:155)\n\tat org.junit.platform.engine.support.hierarchical.ThrowableCollector.execute(ThrowableCollector.java:73)\n\tat org.junit.platform.engine.support.hierarchical.NodeTestTask.lambda$executeRecursively$8(NodeTestTask.java:141)\n\tat org.junit.platform.engine.support.hierarchical.Node.around(Node.java:137)\n\tat org.junit.platform.engine.support.hierarchical.NodeTestTask.lambda$executeRecursively$9(NodeTestTask.java:139)\n\tat org.junit.platform.engine.support.hierarchical.ThrowableCollector.execute(ThrowableCollector.java:73)\n\tat org.junit.platform.engine.support.hierarchical.NodeTestTask.executeRecursively(NodeTestTask.java:138)\n\tat org.junit.platform.engine.support.hierarchical.NodeTestTask.execute(NodeTestTask.java:95)\n\tat org.junit.platform.engine.support.hierarchical.SameThreadHierarchicalTestExecutorService.submit(SameThreadHierarchicalTestExecutorService.java:35)\n\tat org.junit.platform.engine.support.hierarchical.HierarchicalTestExecutor.execute(HierarchicalTestExecutor.java:57)\n\tat org.junit.platform.engine.support.hierarchical.HierarchicalTestEngine.execute(HierarchicalTestEngine.java:54)\n\tat org.junit.platform.launcher.core.EngineExecutionOrchestrator.execute(EngineExecutionOrchestrator.java:107)\n\tat org.junit.platform.launcher.core.EngineExecutionOrchestrator.execute(EngineExecutionOrchestrator.java:88)\n\tat org.junit.platform.launcher.core.EngineExecutionOrchestrator.lambda$execute$0(EngineExecutionOrchestrator.java:54)\n\tat org.junit.platform.launcher.core.EngineExecutionOrchestrator.withInterceptedStreams(EngineExecutionOrchestrator.java:67)\n\tat org.junit.platform.launcher.core.EngineExecutionOrchestrator.execute(EngineExecutionOrchestrator.java:52)\n\tat org.junit.platform.launcher.core.DefaultLauncher.execute(DefaultLauncher.java:114)\n\tat org.junit.platform.launcher.core.DefaultLauncher.execute(DefaultLauncher.java:86)\n\tat org.junit.platform.launcher.core.DefaultLauncherSession$DelegatingLauncher.execute(DefaultLauncherSession.java:86)\n\tat org.apache.maven.surefire.junitplatform.LazyLauncher.execute(LazyLauncher.java:56)\n\tat org.apache.maven.surefire.junitplatform.JUnitPlatformProvider.execute(JUnitPlatformProvider.java:184)\n\tat org.apache.maven.surefire.junitplatform.JUnitPlatformProvider.invokeAllTests(JUnitPlatformProvider.java:148)\n\tat org.apache.maven.surefire.junitplatform.JUnitPlatformProvider.invoke(JUnitPlatformProvider.java:122)\n\tat org.apache.maven.surefire.booter.ForkedBooter.runSuitesInProcess(ForkedBooter.java:385)\n\tat org.apache.maven.surefire.booter.ForkedBooter.execute(ForkedBooter.java:162)\n\tat org.apache.maven.surefire.booter.ForkedBooter.run(ForkedBooter.java:507)\n\tat org.apache.maven.surefire.booter.ForkedBooter.main(ForkedBooter.java:495)\n\n[INFO] \n[INFO] Results:\n[INFO] \n[ERROR] Failures: \n[ERROR]   PlainTest.testPlain:9->__CLR4_5_26fmtun1:10 expected: <Plain method has been called.> but was: <>\n[ERROR]   PlainTest.testPlainWithArguments:14->__CLR4_5_2t60i7m3:15 expected: <Plain method with argument \"\".> but was: <>\n[ERROR]   PlainTest.testPlainWithArguments:14->__CLR4_5_2t60i7m3:15 expected: <Plain method with argument \"Hello, World!\".> but was: <>\n[INFO] \n[ERROR] Tests run: 3, Failures: 3, Errors: 0, Skipped: 0\n[INFO] \n[INFO] \n[INFO] ------------------------------------------------------------------------\n[INFO] Skipping test-java-plain\n[INFO] This project has been banned from the build due to previous failures.\n[INFO] ------------------------------------------------------------------------\n[INFO] \n[INFO] ------------------------------------------------------------------------\n[INFO] Skipping test-java-plain\n[INFO] This project has been banned from the build due to previous failures.\n[INFO] ------------------------------------------------------------------------\n[INFO] ------------------------------------------------------------------------\n[INFO] BUILD FAILURE\n[INFO] ------------------------------------------------------------------------\n[INFO] Total time:  2.670 s\n[INFO] Finished at: 2024-04-25T18:35:00+02:00\n[INFO] ------------------------------------------------------------------------\n[ERROR] Failed to execute goal org.apache.maven.plugins:maven-surefire-plugin:3.2.5:test (default-test) on project test-java-plain: There are test failures.\n[ERROR] \n[ERROR] Please refer to /tmp/eval-dev-quality2341968747/plain/target/surefire-reports for the individual test results.\n[ERROR] Please refer to dump files (if any exist) [date].dump, [date]-jvmRun[N].dump and [date].dumpstream.\n[ERROR] -> [Help 1]\n[ERROR] \n[ERROR] To see the full stack trace of the errors, re-run Maven with the -e switch.\n[ERROR] Re-run Maven using the -X switch to enable full debug logging.\n[ERROR] \n[ERROR] For more information about the errors and possible solutions, please read the following articles:\n[ERROR] [Help 1] http://cwiki.apache.org/confluence/display/MAVEN/MojoFailureException\n",
}
Stacktrace: goroutine 1 [running]:
gitlab.nethead.at/symflower/symflower/model/errors.NewInternalError({0x1ef1a40?, 0xc000596000}, {0xfbd660?, 0xc00019c078})
	gitlab.nethead.at/symflower/symflower/model/errors/error.go:850 +0x59
gitlab.nethead.at/symflower/symflower/language/java/execute.MavenDependencyCommand.func1()
	gitlab.nethead.at/symflower/symflower/language/java/execute/maven.go:80 +0x1ef
github.com/avast/retry-go.Do(0xc0000db890, {0xc0000db878, 0x3, 0x2712660?})
	github.com/avast/retry-go/retry.go:135 +0x5a3
gitlab.nethead.at/symflower/symflower/language/java/execute.MavenDependencyCommand({0xc0006f87e0, 0x26}, 0x0, {0xc0000fe100, 0x8, 0x8})
	gitlab.nethead.at/symflower/symflower/language/java/execute/maven.go:60 +0x1c5
gitlab.nethead.at/symflower/symflower/language/java/execute.MavenCloverCoverage({0xc0006f87e0, 0x26})
	gitlab.nethead.at/symflower/symflower/language/java/execute/clover.go:133 +0xef
gitlab.nethead.at/symflower/symflower/cmd/symflower-local/cmd.(*commandTest).Execute(0xc00035e4a0, {0xc00035e380?, 0x7fda3e3059d8?, 0xc00035e4a0?})
	gitlab.nethead.at/symflower/symflower/cmd/symflower-local/cmd/test.go:111 +0x56f
gitlab.nethead.at/symflower/symflower/cmd.ExecuteNoExit({0x1ef12a0?, 0xc00035e380}, {0xc000040180?, 0x0?, 0xc0004d3ed8?})
	gitlab.nethead.at/symflower/symflower/cmd/execute.go:56 +0x2d0
gitlab.nethead.at/symflower/symflower/cmd.Execute({0x1ef12a0?, 0xc00035e380?}, {0xc000040180?, 0xc000580000?, 0xc00035e380?})
	gitlab.nethead.at/symflower/symflower/cmd/execute.go:16 +0x26
gitlab.nethead.at/symflower/symflower/cmd.ExecuteWithOSArguments(...)
	gitlab.nethead.at/symflower/symflower/cmd/execute.go:75
main.main.func1()
	gitlab.nethead.at/symflower/symflower/cmd/symflower-demo/main.go:40 +0x34
gitlab.nethead.at/symflower/symflower/cmd/symflower-local/cmd.(*Command).WithPanicReporter(0xc000182058?, 0x25c6968?)
	gitlab.nethead.at/symflower/symflower/cmd/symflower-local/cmd/cmd.go:182 +0x48
main.main()
	gitlab.nethead.at/symflower/symflower/cmd/symflower-demo/main.go:39 +0xa5

2024/04/25 18:35:00 Evaluated model "openrouter/austism/chronos-hermes-13b" using language "java" and repository "java/plain": encountered 1 problems: [exit status 1
github.com/symflower/eval-dev-quality/util.CommandWithResult
	/home/zimmski/symflower/src/github.com/symflower/eval-dev-quality/util/exec.go:36
github.com/symflower/eval-dev-quality/language/java.(*Language).Execute
	/home/zimmski/symflower/src/github.com/symflower/eval-dev-quality/language/java/language.go:94
github.com/symflower/eval-dev-quality/evaluate.Repository
	/home/zimmski/symflower/src/github.com/symflower/eval-dev-quality/evaluate/repository.go:67
github.com/symflower/eval-dev-quality/cmd/eval-dev-quality/cmd.(*Evaluate).Execute
	/home/zimmski/symflower/src/github.com/symflower/eval-dev-quality/cmd/eval-dev-quality/cmd/evaluate.go:204
github.com/symflower/eval-dev-quality/cmd/eval-dev-quality/cmd.Execute.func1
	/home/zimmski/symflower/src/github.com/symflower/eval-dev-quality/cmd/eval-dev-quality/cmd/command.go:34
github.com/jessevdk/go-flags.(*Parser).ParseArgs
	/home/zimmski/symflower/pkg/mod/github.com/jessevdk/go-flags@v1.5.1-0.20210607101731-3927b71304df/parser.go:333
github.com/symflower/eval-dev-quality/cmd/eval-dev-quality/cmd.Execute
	/home/zimmski/symflower/src/github.com/symflower/eval-dev-quality/cmd/eval-dev-quality/cmd/command.go:37
main.main
	/home/zimmski/symflower/src/github.com/symflower/eval-dev-quality/cmd/eval-dev-quality/main.go:11
runtime.main
	/home/zimmski/symflower/.devenv/go@1.21.5/go/src/runtime/proc.go:267
runtime.goexit
	/home/zimmski/symflower/.devenv/go@1.21.5/go/src/runtime/asm_amd64.s:1650
github.com/symflower/eval-dev-quality/language/java.(*Language).Execute
	/home/zimmski/symflower/src/github.com/symflower/eval-dev-quality/language/java/language.go:104
github.com/symflower/eval-dev-quality/evaluate.Repository
	/home/zimmski/symflower/src/github.com/symflower/eval-dev-quality/evaluate/repository.go:67
github.com/symflower/eval-dev-quality/cmd/eval-dev-quality/cmd.(*Evaluate).Execute
	/home/zimmski/symflower/src/github.com/symflower/eval-dev-quality/cmd/eval-dev-quality/cmd/evaluate.go:204
github.com/symflower/eval-dev-quality/cmd/eval-dev-quality/cmd.Execute.func1
	/home/zimmski/symflower/src/github.com/symflower/eval-dev-quality/cmd/eval-dev-quality/cmd/command.go:34
github.com/jessevdk/go-flags.(*Parser).ParseArgs
	/home/zimmski/symflower/pkg/mod/github.com/jessevdk/go-flags@v1.5.1-0.20210607101731-3927b71304df/parser.go:333
github.com/symflower/eval-dev-quality/cmd/eval-dev-quality/cmd.Execute
	/home/zimmski/symflower/src/github.com/symflower/eval-dev-quality/cmd/eval-dev-quality/cmd/command.go:37
main.main
	/home/zimmski/symflower/src/github.com/symflower/eval-dev-quality/cmd/eval-dev-quality/main.go:11
runtime.main
	/home/zimmski/symflower/.devenv/go@1.21.5/go/src/runtime/proc.go:267
runtime.goexit
	/home/zimmski/symflower/.devenv/go@1.21.5/go/src/runtime/asm_amd64.s:1650
src/main/java/com/eval/Plain.java]
